5-21-2021 2: 2 (1719:24): ------------------------------------------------------------
5-21-2021 2: 2 (1719:24): InitGame: \version\JAmp: v1.0.1.0 linux-i386 Mar 14 2020\timelimit\45\sv_privateClients\0\sv_minRate\0\sv_minPing\0\sv_maxclients\32\sv_maxRate\0\sv_maxPing\999\sv_hostname\^7~^1~^7~ COMM SERVER ~^1~^7~\sv_fps\50\sv_floodProtectSlow\1\sv_floodProtect\1\sv_autoDemo\0\sv_allowDownload\0\serveruptime\45\protocol\26\mapname\t3_stamp\gamename\Lugormod\g_weaponDisable\0\g_stepSlideFix\0\g_siegeTeamSwitch\1\g_siegeTeam2\none\g_siegeTeam1\none\g_siegeRespawn\20\g_showDuelHealths\1\g_saberWallDamageScale\0.4\g_saberLocking\0\g_privateDuel\1535\g_noSpecMove\0\g_needpass\0\g_maxHolocronCarry\3\g_maxGameClients\0\g_maxForceRank\7\g_jediVmerc\0\g_gametype\0\g_gamemode\0\g_forceRegenTime\160\g_forcePowerDisable\0\g_forceBasedTeams\1\g_duelWeaponDisable\9\g_debugmelee\1\g_allowNPC\1\fs_game\lugormod\fraglimit\0\duel_fraglimit\10\dmflags\0\capturelimit\10\bot_minplayers\2\bg_fighterAltControl\0\Lugormod_Version\U#-0.0.0.91 Alpha
5-21-2021 2: 2 (1719:24): ClientConnect: 0
5-21-2021 2: 2 (1719:24): ClientUserinfoChanged handling info: 0 \team\0\skill\ 5.00\personality\botfiles/astupidbot.jkb\saber2\none\saber1\kyle\color2\4\color1\4\sex\male\model\jawa\snaps\20\rate\25000\name\astupidbot
5-21-2021 2: 2 (1719:24): ClientUserinfoChanged: 0 n\astupidbot\t\0\model\jawa\c1\4\c2\4\hc\0\w\0\l\0\skill\ 5.00\tt\0\tl\0\siegeclass\none\st\Kyle\st2\none\dt\0\sdt\0
5-21-2021 2: 2 (1719:24): ClientUserinfoChanged handling info: 0 \team\0\skill\ 5.00\personality\botfiles/astupidbot.jkb\saber2\none\saber1\kyle\color2\4\color1\4\sex\male\model\jawa\snaps\20\rate\25000\name\astupidbot
5-21-2021 2: 2 (1719:24): ClientUserinfoChanged: 0 n\astupidbot\t\0\model\jawa\c1\4\c2\4\hc\100\w\0\l\0\skill\ 5.00\tt\0\tl\0\siegeclass\none\st\Kyle\st2\none\dt\0\sdt\0
5-21-2021 2: 2 (1719:24): ClientBegin: 0
5-21-2021 2: 2 (1719:24): ClientConnect: 1
5-21-2021 2: 2 (1719:24): ClientUserinfoChanged handling info: 1 \team\0\skill\ 5.00\personality\botfiles/newkyle.jkb\saber2\none\saber1\kyle\color2\4\color1\1\sex\male\model\kyle\snaps\20\rate\25000\name\Kyle
5-21-2021 2: 2 (1719:24): ClientUserinfoChanged: 1 n\Kyle\t\0\model\kyle\c1\1\c2\4\hc\0\w\0\l\0\skill\ 5.00\tt\0\tl\0\siegeclass\none\st\Kyle\st2\none\dt\0\sdt\0
5-21-2021 2: 2 (1719:24): ClientUserinfoChanged handling info: 1 \team\0\skill\ 5.00\personality\botfiles/newkyle.jkb\saber2\none\saber1\kyle\color2\4\color1\1\sex\male\model\kyle\snaps\20\rate\25000\name\Kyle
5-21-2021 2: 2 (1719:24): ClientUserinfoChanged: 1 n\Kyle\t\0\model\kyle\c1\1\c2\4\hc\100\w\0\l\0\skill\ 5.00\tt\0\tl\0\siegeclass\none\st\Kyle\st2\none\dt\0\sdt\0
5-21-2021 2: 2 (1719:24): ClientBegin: 1
5-21-2021 2: 2 (1719:24): ClientConnect: 2
5-21-2021 2: 2 (1719:24): ClientUserinfoChanged handling info: 2 \ip\86.6.1.255:29070\name\TheimperialDougnut\rate\4000\snaps\20\model\jedi_kdm/head_c1|torso_c1|lower_d1\forcepowers\6-1-030330000000000333\color1\4\color2\4\handicap\100\sex\male\cg_predictItems\1\saber1\single_1\saber2\none\char_color_red\170\char_color_green\3\char_color_blue\30\teamtask\0\teamoverlay\1
5-21-2021 2: 2 (1719:24): ClientUserinfoChanged: 2 n\TheimperialDougnut\t\0\model\jedi_kdm/head_c1|torso_c1|lower_d1\c1\4\c2\4\hc\0\w\0\l\0\tt\0\tl\0\st\single_1\st2\none\dt\0
5-21-2021 2: 2 (1719:24): ClientUserinfoChanged handling info: 2 \ip\86.6.1.255:29070\name\TheimperialDougnut\rate\4000\snaps\20\model\jedi_kdm/head_c1|torso_c1|lower_d1\forcepowers\6-1-030330000000000333\color1\4\color2\4\handicap\100\sex\male\cg_predictItems\1\saber1\single_1\saber2\none\char_color_red\170\char_color_green\3\char_color_blue\30\teamtask\0\teamoverlay\1
5-21-2021 2: 2 (1719:24): ClientUserinfoChanged: 2 n\TheimperialDougnut\t\0\model\jedi_kdm/head_c1|torso_c1|lower_d1\c1\4\c2\4\hc\0\w\0\l\0\tt\0\tl\0\st\single_1\st2\none\dt\0
5-21-2021 2: 2 (1719:24): ClientUserinfoChanged handling info: 2 \ip\86.6.1.255:29070\name\TheimperialDougnut\rate\4000\snaps\20\model\jedi_kdm/head_c1|torso_c1|lower_d1\forcepowers\6-1-030330000000000333\color1\4\color2\4\handicap\100\sex\male\cg_predictItems\1\saber1\single_1\saber2\none\char_color_red\170\char_color_green\3\char_color_blue\30\teamtask\0\teamoverlay\1
5-21-2021 2: 2 (1719:24): ClientUserinfoChanged: 2 n\TheimperialDougnut\t\0\model\jedi_kdm/head_c1|torso_c1|lower_d1\c1\4\c2\4\hc\100\w\0\l\0\tt\0\tl\0\st\single_1\st2\none\dt\0
5-21-2021 2: 2 (1719:24): ClientBegin: 2
5-21-2021 2: 2 (1719:29): ClientDisconnect: 2
5-21-2021 9:55 (2192:52): ShutdownGame:
5-21-2021 9:55 (2192:52): ------------------------------------------------------------
5-21-2021 9:55 (0:00): ------------------------------------------------------------
5-21-2021 9:55 (0:00): InitGame: \version\JAmp: v1.0.1.0 linux-i386 Mar 14 2020\timelimit\45\sv_privateClients\0\sv_minRate\0\sv_minPing\0\sv_maxclients\32\sv_maxRate\0\sv_maxPing\999\sv_hostname\^7~^1~^7~ COMM SERVER ~^1~^7~\sv_fps\50\sv_floodProtectSlow\1\sv_floodProtect\1\sv_autoDemo\0\sv_allowDownload\0\serveruptime\45\protocol\26\mapname\t3_stamp\gamename\Lugormod\g_weaponDisable\0\g_stepSlideFix\0\g_siegeTeamSwitch\1\g_siegeTeam2\none\g_siegeTeam1\none\g_siegeRespawn\20\g_showDuelHealths\1\g_saberWallDamageScale\0.4\g_saberLocking\0\g_privateDuel\1535\g_noSpecMove\0\g_needpass\0\g_maxHolocronCarry\3\g_maxGameClients\0\g_maxForceRank\7\g_jediVmerc\0\g_gametype\0\g_gamemode\0\g_forceRegenTime\160\g_forcePowerDisable\0\g_forceBasedTeams\1\g_duelWeaponDisable\9\g_debugmelee\1\g_allowNPC\1\fs_game\lugormod\fraglimit\0\duel_fraglimit\10\dmflags\0\capturelimit\10\bot_minplayers\2\bg_fighterAltControl\0\Lugormod_Version\U#-0.0.0.91 Alpha
5-21-2021 9:56 (0:30): ClientConnect: 0
5-21-2021 9:56 (0:30): ClientUserinfoChanged handling info: 0 \team\0\skill\ 5.00\personality\botfiles/astupidbot.jkb\saber2\none\saber1\kyle\color2\4\color1\4\sex\male\model\jawa\snaps\20\rate\25000\name\astupidbot
5-21-2021 9:56 (0:30): ClientUserinfoChanged: 0 n\astupidbot\t\0\model\jawa\c1\4\c2\4\hc\0\w\0\l\0\skill\ 5.00\tt\0\tl\0\siegeclass\none\st\\st2\\dt\0\sdt\0
5-21-2021 9:56 (0:30): ClientUserinfoChanged handling info: 0 \name\astupidbot\team\0\skill\ 5.00\personality\botfiles/astupidbot.jkb\saber2\none\saber1\kyle\color2\4\color1\4\sex\male\model\jawa\snaps\20\rate\25000
5-21-2021 9:56 (0:30): ClientUserinfoChanged: 0 n\astupidbot\t\0\model\jawa\c1\4\c2\4\hc\0\w\0\l\0\skill\ 5.00\tt\0\tl\0\siegeclass\none\st\\st2\\dt\0\sdt\0
5-21-2021 9:56 (0:30): IP: localhost astupidbot
5-21-2021 9:56 (0:30): ClientUserinfoChanged handling info: 0 \name\astupidbot\team\0\skill\ 5.00\personality\botfiles/astupidbot.jkb\saber2\none\saber1\kyle\color2\4\color1\4\sex\male\model\jawa\snaps\20\rate\25000
5-21-2021 9:56 (0:30): ClientUserinfoChanged: 0 n\astupidbot\t\0\model\jawa\c1\4\c2\4\hc\0\w\0\l\0\skill\ 5.00\tt\0\tl\0\siegeclass\none\st\\st2\\dt\0\sdt\0
5-21-2021 9:56 (0:30): ClientUserinfoChanged handling info: 0 \name\astupidbot\team\0\skill\ 5.00\personality\botfiles/astupidbot.jkb\saber2\none\saber1\kyle\color2\4\color1\4\sex\male\model\jawa\snaps\20\rate\25000
5-21-2021 9:56 (0:30): ClientUserinfoChanged: 0 n\astupidbot\t\0\model\jawa\c1\4\c2\4\hc\100\w\0\l\0\skill\ 5.00\tt\0\tl\0\siegeclass\none\st\Kyle\st2\none\dt\0\sdt\0
5-21-2021 9:56 (0:30): ClientBegin: 0
5-21-2021 9:56 (0:40): ClientConnect: 1
5-21-2021 9:56 (0:40): ClientUserinfoChanged handling info: 1 \team\0\skill\ 5.00\personality\botfiles/newkyle.jkb\saber2\none\saber1\kyle\color2\4\color1\1\sex\male\model\kyle\snaps\20\rate\25000\name\Kyle
5-21-2021 9:56 (0:40): ClientUserinfoChanged: 1 n\Kyle\t\0\model\kyle\c1\1\c2\4\hc\0\w\0\l\0\skill\ 5.00\tt\0\tl\0\siegeclass\none\st\\st2\\dt\0\sdt\0
5-21-2021 9:56 (0:40): IP: localhost Kyle
5-21-2021 9:56 (0:40): ClientUserinfoChanged handling info: 1 \team\0\skill\ 5.00\personality\botfiles/newkyle.jkb\saber2\none\saber1\kyle\color2\4\color1\1\sex\male\model\kyle\snaps\20\rate\25000\name\Kyle
5-21-2021 9:56 (0:40): ClientUserinfoChanged: 1 n\Kyle\t\0\model\kyle\c1\1\c2\4\hc\100\w\0\l\0\skill\ 5.00\tt\0\tl\0\siegeclass\none\st\Kyle\st2\none\dt\0\sdt\0
5-21-2021 9:56 (0:40): ClientBegin: 1
5-21-2021 21: 3 (668:08): ClientConnect: 2
5-21-2021 21: 3 (668:08): ClientUserinfoChanged handling info: 2 \ip\46.165.5.160:29070\challenge\17164325\qport\37731\protocol\26\char_color_blue\255\char_color_green\255\char_color_red\255\saber2\none\saber1\dual_2\cg_predictItems\1\sex\male\handicap\100\color2\4\color1\0\forcepowers\7-1-032330000000001333\model\boba_fett/default\snaps\20\rate\4000\name\ABBADONS\teamtask\0
5-21-2021 21: 3 (668:08): ClientUserinfoChanged: 2 n\ABBADONS\t\0\model\boba_fett/default\c1\0\c2\4\hc\0\w\0\l\0\tt\0\tl\0\st\\st2\\dt\0
5-21-2021 21: 3 (668:08): IP: 46.165.5.160 ABBADONS
5-21-2021 21: 4 (668:22): ClientUserinfoChanged handling info: 2 \ip\46.165.5.160:29070\char_color_blue\255\char_color_green\255\char_color_red\255\saber2\none\saber1\dual_2\cg_predictItems\1\sex\male\handicap\100\color2\4\color1\0\forcepowers\7-1-032330000000001333\model\boba_fett/default\snaps\20\rate\4000\name\ABBADONS\teamtask\0\teamoverlay\1
5-21-2021 21: 4 (668:22): ClientUserinfoChanged: 2 n\ABBADONS\t\0\model\boba_fett/default\c1\0\c2\4\hc\0\w\0\l\0\tt\0\tl\0\st\dual_2\st2\none\dt\0
5-21-2021 21: 4 (668:22): ClientUserinfoChanged handling info: 2 \ip\46.165.5.160:29070\char_color_blue\255\char_color_green\255\char_color_red\255\saber2\none\saber1\dual_2\cg_predictItems\1\sex\male\handicap\100\color2\4\color1\0\forcepowers\7-1-032330000000001333\model\boba_fett/default\snaps\20\rate\4000\name\ABBADONS\teamtask\0\teamoverlay\1
5-21-2021 21: 4 (668:22): ClientUserinfoChanged: 2 n\ABBADONS\t\0\model\boba_fett/default\c1\0\c2\4\hc\100\w\0\l\0\tt\0\tl\0\st\dual_2\st2\none\dt\0
5-21-2021 21: 4 (668:22): ClientBegin: 2
5-21-2021 21: 4 (668:24): say: astupidbot: bye all
5-21-2021 21: 4 (668:24): ClientDisconnect: 0
5-21-2021 21: 5 (669:25): Kill: 2 1 3: ABBADONS killed Kyle by MOD_SABER
5-21-2021 21: 5 (669:25): Exit: Timelimit hit.
5-21-2021 21: 5 (669:25): score: 1  ping: 147  client: 2 ABBADONS
5-21-2021 21: 5 (669:25): score: 0  ping: 45  client: 1 Kyle
5-21-2021 21: 5 (669:26): ClientUserinfoChanged handling info: 1 \team\0\skill\ 5.00\personality\botfiles/newkyle.jkb\saber2\none\saber1\kyle\color2\4\color1\1\sex\male\model\kyle\snaps\20\rate\25000\name\Kyle
5-21-2021 21: 5 (669:26): ClientUserinfoChanged: 1 n\Kyle\t\0\model\kyle\c1\1\c2\4\hc\100\w\0\l\0\skill\ 5.00\tt\0\tl\0\siegeclass\none\st\Kyle\st2\none\dt\0\sdt\0
5-21-2021 21: 5 (669:27): say: Kyle: Good Fight
5-21-2021 21: 5 (669:31): ShutdownGame:
5-21-2021 21: 5 (669:31): ------------------------------------------------------------
5-21-2021 21: 5 (669:31): ------------------------------------------------------------
5-21-2021 21: 5 (669:31): InitGame: \version\JAmp: v1.0.1.0 linux-i386 Mar 14 2020\timelimit\45\sv_privateClients\0\sv_minRate\0\sv_minPing\0\sv_maxclients\32\sv_maxRate\0\sv_maxPing\999\sv_hostname\^7~^1~^7~ COMM SERVER ~^1~^7~\sv_fps\50\sv_floodProtectSlow\1\sv_floodProtect\1\sv_autoDemo\0\sv_allowDownload\0\serveruptime\45\protocol\26\mapname\t3_stamp\gamename\Lugormod\g_weaponDisable\0\g_stepSlideFix\0\g_siegeTeamSwitch\1\g_siegeTeam2\none\g_siegeTeam1\none\g_siegeRespawn\20\g_showDuelHealths\1\g_saberWallDamageScale\0.4\g_saberLocking\0\g_privateDuel\1535\g_noSpecMove\0\g_needpass\0\g_maxHolocronCarry\3\g_maxGameClients\0\g_maxForceRank\7\g_jediVmerc\0\g_gametype\0\g_gamemode\0\g_forceRegenTime\160\g_forcePowerDisable\0\g_forceBasedTeams\1\g_duelWeaponDisable\9\g_debugmelee\1\g_allowNPC\1\fs_game\lugormod\fraglimit\0\duel_fraglimit\10\dmflags\0\capturelimit\10\bot_minplayers\2\bg_fighterAltControl\0\Lugormod_Version\U#-0.0.0.91 Alpha
5-21-2021 21: 5 (669:32): ClientConnect: 1
5-21-2021 21: 5 (669:32): ClientUserinfoChanged handling info: 1 \team\0\skill\ 5.00\personality\botfiles/newkyle.jkb\saber2\none\saber1\kyle\color2\4\color1\1\sex\male\model\kyle\snaps\20\rate\25000\name\Kyle
5-21-2021 21: 5 (669:32): ClientUserinfoChanged: 1 n\Kyle\t\0\model\kyle\c1\1\c2\4\hc\0\w\0\l\0\skill\ 5.00\tt\0\tl\0\siegeclass\none\st\Kyle\st2\none\dt\0\sdt\0
5-21-2021 21: 5 (669:32): ClientUserinfoChanged handling info: 1 \team\0\skill\ 5.00\personality\botfiles/newkyle.jkb\saber2\none\saber1\kyle\color2\4\color1\1\sex\male\model\kyle\snaps\20\rate\25000\name\Kyle
5-21-2021 21: 5 (669:32): ClientUserinfoChanged: 1 n\Kyle\t\0\model\kyle\c1\1\c2\4\hc\100\w\0\l\0\skill\ 5.00\tt\0\tl\0\siegeclass\none\st\Kyle\st2\none\dt\0\sdt\0
5-21-2021 21: 5 (669:32): ClientBegin: 1
5-21-2021 21: 5 (669:32): ClientConnect: 2
5-21-2021 21: 5 (669:32): ClientUserinfoChanged handling info: 2 \ip\46.165.5.160:29070\char_color_blue\255\char_color_green\255\char_color_red\255\saber2\none\saber1\dual_2\cg_predictItems\1\sex\male\handicap\100\color2\4\color1\0\forcepowers\7-1-032330000000001333\model\boba_fett/default\snaps\20\rate\4000\name\ABBADONS\teamtask\0\teamoverlay\1
5-21-2021 21: 5 (669:32): ClientUserinfoChanged: 2 n\ABBADONS\t\0\model\boba_fett/default\c1\0\c2\4\hc\0\w\0\l\0\tt\0\tl\0\st\dual_2\st2\none\dt\0
5-21-2021 21: 5 (669:32): ClientUserinfoChanged handling info: 2 \ip\46.165.5.160:29070\char_color_blue\255\char_color_green\255\char_color_red\255\saber2\none\saber1\dual_2\cg_predictItems\1\sex\male\handicap\100\color2\4\color1\0\forcepowers\7-1-032330000000001333\model\boba_fett/default\snaps\20\rate\4000\name\ABBADONS\teamtask\0\teamoverlay\1
5-21-2021 21: 5 (669:32): ClientUserinfoChanged: 2 n\ABBADONS\t\0\model\boba_fett/default\c1\0\c2\4\hc\0\w\0\l\0\tt\0\tl\0\st\dual_2\st2\none\dt\0
5-21-2021 21: 5 (669:32): ClientUserinfoChanged handling info: 2 \ip\46.165.5.160:29070\char_color_blue\255\char_color_green\255\char_color_red\255\saber2\none\saber1\dual_2\cg_predictItems\1\sex\male\handicap\100\color2\4\color1\0\forcepowers\7-1-032330000000001333\model\boba_fett/default\snaps\20\rate\4000\name\ABBADONS\teamtask\0\teamoverlay\1
5-21-2021 21: 5 (669:32): ClientUserinfoChanged: 2 n\ABBADONS\t\0\model\boba_fett/default\c1\0\c2\4\hc\100\w\0\l\0\tt\0\tl\0\st\dual_2\st2\none\dt\0
5-21-2021 21: 5 (669:32): ClientBegin: 2
5-21-2021 21: 5 (669:36): sayclose: ABBADONS: S
5-21-2021 21: 5 (669:45): say: Kyle: Come on Abbadons
5-21-2021 21: 6 (670:19): Kill: 2 1 3: ABBADONS killed Kyle by MOD_SABER
5-21-2021 21: 6 (670:21): ClientUserinfoChanged handling info: 1 \team\0\skill\ 5.00\personality\botfiles/newkyle.jkb\saber2\none\saber1\kyle\color2\4\color1\1\sex\male\model\kyle\snaps\20\rate\25000\name\Kyle
5-21-2021 21: 6 (670:21): ClientUserinfoChanged: 1 n\Kyle\t\0\model\kyle\c1\1\c2\4\hc\100\w\0\l\0\skill\ 5.00\tt\0\tl\0\siegeclass\none\st\Kyle\st2\none\dt\0\sdt\0
5-21-2021 21: 6 (670:21): say: Kyle: dang
5-21-2021 21: 6 (670:34): sayclose: ABBADONS: YOU BOT?
5-21-2021 21: 6 (670:58): sayclose: ABBADONS: A
5-21-2021 21: 6 (671:07): say: Kyle: Come on Abbadons
5-21-2021 21: 7 (671:21): say: ABBADONS: YOU BOT?
5-21-2021 21: 8 (672:40): Kill: 1 2 3: Kyle killed ABBADONS by MOD_SABER
5-21-2021 21: 8 (672:45): ClientDisconnect: 2
5-21-2021 21: 8 (672:57): ClientConnect: 0
5-21-2021 21: 8 (672:57): ClientUserinfoChanged handling info: 0 \team\0\skill\ 5.00\personality\botfiles/astupidbot.jkb\saber2\none\saber1\kyle\color2\4\color1\4\sex\male\model\jawa\snaps\20\rate\25000\name\astupidbot
5-21-2021 21: 8 (672:57): ClientUserinfoChanged: 0 n\astupidbot\t\0\model\jawa\c1\4\c2\4\hc\0\w\0\l\0\skill\ 5.00\tt\0\tl\0\siegeclass\none\st\\st2\\dt\0\sdt\0
5-21-2021 21: 8 (672:57): IP: localhost astupidbot
5-21-2021 21: 8 (672:57): ClientUserinfoChanged handling info: 0 \team\0\skill\ 5.00\personality\botfiles/astupidbot.jkb\saber2\none\saber1\kyle\color2\4\color1\4\sex\male\model\jawa\snaps\20\rate\25000\name\astupidbot
5-21-2021 21: 8 (672:57): ClientUserinfoChanged: 0 n\astupidbot\t\0\model\jawa\c1\4\c2\4\hc\100\w\0\l\0\skill\ 5.00\tt\0\tl\0\siegeclass\none\st\Kyle\st2\none\dt\0\sdt\0
5-21-2021 21: 8 (672:57): ClientBegin: 0
5-21-2021 21:50 (714:31): Exit: Timelimit hit.
5-21-2021 21:50 (714:31): score: 1  ping: 55  client: 1 Kyle
5-21-2021 21:50 (714:31): score: 0  ping: 54  client: 0 astupidbot
5-22-2021 17:31 (1895:50): ClientConnect: 2
5-22-2021 17:31 (1895:50): ClientUserinfoChanged handling info: 2 \ip\80.108.65.207:29070\challenge\1333210264\qport\10850\protocol\26\cg_predictItems\1\char_color_blue\255\char_color_green\255\char_color_red\255\color1\5\color2\1\forcepowers\7-2-030000000000000330\handicap\100\model\jeditrainer/default\name\ \Password\esl\rate\30000\saber1\Kyle\saber2\none\sex\male\snaps\30\teamtask\0
5-22-2021 17:31 (1895:50): ClientUserinfoChanged: 2 n\Padawan\t\0\model\jeditrainer/default\c1\5\c2\1\hc\0\w\0\l\0\tt\0\tl\0\st\\st2\\dt\0
5-22-2021 17:31 (1895:50): IP: 80.108.65.207 Padawan
5-22-2021 17:31 (1896:02): ClientUserinfoChanged handling info: 2 \ip\80.108.65.207:29070\cg_predictItems\1\char_color_blue\255\char_color_green\255\char_color_red\255\color1\5\color2\1\forcepowers\7-2-030000000000000330\handicap\100\model\jeditrainer/default\name\ \Password\esl\rate\30000\saber1\Kyle\saber2\none\sex\male\snaps\30\teamtask\0\teamoverlay\1
5-22-2021 17:31 (1896:02): ClientUserinfoChanged: 2 n\Padawan\t\0\model\jeditrainer/default\c1\5\c2\1\hc\0\w\0\l\0\tt\0\tl\0\st\Kyle\st2\none\dt\0
5-22-2021 17:31 (1896:02): ClientUserinfoChanged handling info: 2 \ip\80.108.65.207:29070\cg_predictItems\1\char_color_blue\255\char_color_green\255\char_color_red\255\color1\5\color2\1\forcepowers\7-2-030000000000000330\handicap\100\model\jeditrainer/default\name\ \Password\esl\rate\30000\saber1\Kyle\saber2\none\sex\male\snaps\30\teamtask\0\teamoverlay\1
5-22-2021 17:31 (1896:02): ClientUserinfoChanged: 2 n\Padawan\t\0\model\jeditrainer/default\c1\5\c2\1\hc\100\w\0\l\0\tt\0\tl\0\st\Kyle\st2\none\dt\0
5-22-2021 17:31 (1896:02): ClientBegin: 2
5-22-2021 17:31 (1896:04): ShutdownGame:
5-22-2021 17:31 (1896:04): ------------------------------------------------------------
