1-23-2021 13:26 (0:00): ------------------------------------------------------------
1-23-2021 13:26 (0:00): InitGame: \version\JAmp: v1.0.1.0 linux-i386 Mar 14 2020\timelimit\45\sv_privateClients\0\sv_minRate\0\sv_minPing\0\sv_maxclients\32\sv_maxRate\0\sv_maxPing\999\sv_hostname\^7~^1~^7~ COMM SERVER ~^1~^7~\sv_fps\50\sv_floodProtectSlow\1\sv_floodProtect\1\sv_autoDemo\0\sv_allowDownload\0\serveruptime\39\protocol\26\mapname\mp/duel5\gamename\Lugormod\g_weaponDisable\0\g_stepSlideFix\0\g_siegeTeamSwitch\1\g_siegeTeam2\none\g_siegeTeam1\none\g_siegeRespawn\20\g_showDuelHealths\1\g_saberWallDamageScale\0.4\g_saberLocking\0\g_privateDuel\1535\g_noSpecMove\0\g_needpass\0\g_maxHolocronCarry\3\g_maxGameClients\0\g_maxForceRank\7\g_jediVmerc\0\g_gametype\0\g_gamemode\0\g_forceRegenTime\160\g_forcePowerDisable\0\g_forceBasedTeams\1\g_duelWeaponDisable\9\g_debugmelee\1\g_allowNPC\1\fs_game\lugormod\fraglimit\0\duel_fraglimit\10\dmflags\0\capturelimit\10\bot_minplayers\2\bg_fighterAltControl\0\Lugormod_Version\U#-0.0.0.91 Alpha
1-23-2021 13:26 (0:00): ClientConnect: 0
1-23-2021 13:26 (0:00): ClientUserinfoChanged handling info: 0 \team\0\skill\ 5.00\personality\botfiles/astupidbot.jkb\saber2\none\saber1\kyle\color2\4\color1\4\sex\male\model\jawa\snaps\20\rate\25000\name\astupidbot
1-23-2021 13:26 (0:00): ClientUserinfoChanged: 0 n\astupidbot\t\0\model\jawa\c1\4\c2\4\hc\0\w\0\l\0\skill\ 5.00\tt\0\tl\0\siegeclass\none\st\Kyle\st2\none\dt\0\sdt\0
1-23-2021 13:26 (0:00): ClientUserinfoChanged handling info: 0 \team\0\skill\ 5.00\personality\botfiles/astupidbot.jkb\saber2\none\saber1\kyle\color2\4\color1\4\sex\male\model\jawa\snaps\20\rate\25000\name\astupidbot
1-23-2021 13:26 (0:00): ClientUserinfoChanged: 0 n\astupidbot\t\0\model\jawa\c1\4\c2\4\hc\100\w\0\l\0\skill\ 5.00\tt\0\tl\0\siegeclass\none\st\Kyle\st2\none\dt\0\sdt\0
1-23-2021 13:26 (0:00): ClientBegin: 0
1-23-2021 13:26 (0:00): ClientConnect: 1
1-23-2021 13:26 (0:00): ClientUserinfoChanged handling info: 1 \team\0\skill\ 5.00\personality\botfiles/newkyle.jkb\saber2\none\saber1\kyle\color2\4\color1\1\sex\male\model\kyle\snaps\20\rate\25000\name\Kyle
1-23-2021 13:26 (0:00): ClientUserinfoChanged: 1 n\Kyle\t\0\model\kyle\c1\1\c2\4\hc\0\w\0\l\0\skill\ 5.00\tt\0\tl\0\siegeclass\none\st\Kyle\st2\none\dt\0\sdt\0
1-23-2021 13:26 (0:00): ClientUserinfoChanged handling info: 1 \team\0\skill\ 5.00\personality\botfiles/newkyle.jkb\saber2\none\saber1\kyle\color2\4\color1\1\sex\male\model\kyle\snaps\20\rate\25000\name\Kyle
1-23-2021 13:26 (0:00): ClientUserinfoChanged: 1 n\Kyle\t\0\model\kyle\c1\1\c2\4\hc\100\w\0\l\0\skill\ 5.00\tt\0\tl\0\siegeclass\none\st\Kyle\st2\none\dt\0\sdt\0
1-23-2021 13:26 (0:00): ClientBegin: 1
1-23-2021 13:26 (0:00): ClientConnect: 2
1-23-2021 13:26 (0:00): ClientUserinfoChanged handling info: 2 \ip\178.233.42.232:4442\name\Padawan\rate\4000\snaps\20\model\bespin_cop/default\forcepowers\6-1-030330000000000333\color1\4\color2\4\handicap\100\sex\male\cg_predictItems\1\saber1\single_1\saber2\none\char_color_red\255\char_color_green\255\char_color_blue\255\teamtask\0\teamoverlay\1
1-23-2021 13:26 (0:00): ClientUserinfoChanged: 2 n\Padawan\t\0\model\bespin_cop/default\c1\4\c2\4\hc\0\w\0\l\0\tt\0\tl\0\st\single_1\st2\none\dt\0
1-23-2021 13:26 (0:09): ClientUserinfoChanged handling info: 2 \ip\178.233.42.232:4442\name\Padawan\rate\4000\snaps\20\model\bespin_cop/default\forcepowers\6-1-030330000000000333\color1\4\color2\4\handicap\100\sex\male\cg_predictItems\1\saber1\single_1\saber2\none\char_color_red\255\char_color_green\255\char_color_blue\255\teamtask\0\teamoverlay\1
1-23-2021 13:26 (0:09): ClientUserinfoChanged: 2 n\Padawan\t\0\model\bespin_cop/default\c1\4\c2\4\hc\0\w\0\l\0\tt\0\tl\0\st\single_1\st2\none\dt\0
1-23-2021 13:26 (0:09): ClientUserinfoChanged handling info: 2 \ip\178.233.42.232:4442\name\Padawan\rate\4000\snaps\20\model\bespin_cop/default\forcepowers\6-1-030330000000000333\color1\4\color2\4\handicap\100\sex\male\cg_predictItems\1\saber1\single_1\saber2\none\char_color_red\255\char_color_green\255\char_color_blue\255\teamtask\0\teamoverlay\1
1-23-2021 13:26 (0:09): ClientUserinfoChanged: 2 n\Padawan\t\0\model\bespin_cop/default\c1\4\c2\4\hc\100\w\0\l\0\tt\0\tl\0\st\single_1\st2\none\dt\0
1-23-2021 13:26 (0:09): ClientBegin: 2
1-23-2021 13:26 (0:16): Kill: 2 0 3: Padawan killed astupidbot by MOD_SABER
1-23-2021 13:26 (0:17): ClientUserinfoChanged handling info: 0 \team\0\skill\ 5.00\personality\botfiles/astupidbot.jkb\saber2\none\saber1\kyle\color2\4\color1\4\sex\male\model\jawa\snaps\20\rate\25000\name\astupidbot
1-23-2021 13:26 (0:17): ClientUserinfoChanged: 0 n\astupidbot\t\0\model\jawa\c1\4\c2\4\hc\100\w\0\l\0\skill\ 5.00\tt\0\tl\0\siegeclass\none\st\Kyle\st2\none\dt\0\sdt\0
1-23-2021 13:26 (0:30): say: astupidbot: g2g
1-23-2021 13:26 (0:30): ClientDisconnect: 0
1-23-2021 13:26 (0:46): sayclose: Padawan: hello
1-23-2021 13:27 (1:07): say: Padawan: tt
1-23-2021 13:27 (1:10): say: Padawan: u
1-23-2021 13:27 (1:15): tell: Padawan to Kyle: adsja
1-23-2021 13:27 (1:27): tell: Padawan to Kyle: zz
1-23-2021 13:27 (1:55): Kill: 1 2 3: Kyle killed Padawan by MOD_SABER
1-23-2021 13:28 (1:57): ClientUserinfoChanged handling info: 2 \ip\178.233.42.232:4442\name\Padawan\rate\4000\snaps\20\model\bespin_cop/default\forcepowers\6-1-030330000000000333\color1\4\color2\4\handicap\100\sex\male\cg_predictItems\1\saber1\single_1\saber2\none\char_color_red\255\char_color_green\255\char_color_blue\255\teamtask\0\teamoverlay\1
1-23-2021 13:28 (1:57): ClientUserinfoChanged: 2 n\Padawan\t\0\model\bespin_cop/default\c1\4\c2\4\hc\100\w\0\l\0\tt\0\tl\0\st\single_1\st2\none\dt\0
1-23-2021 13:28 (2:08): Kill: 1022 1 41: <world> killed Kyle by MOD_TRIGGER_HURT
1-23-2021 13:28 (2:09): ClientUserinfoChanged handling info: 1 \team\0\skill\ 5.00\personality\botfiles/newkyle.jkb\saber2\none\saber1\kyle\color2\4\color1\1\sex\male\model\kyle\snaps\20\rate\25000\name\Kyle
1-23-2021 13:28 (2:09): ClientUserinfoChanged: 1 n\Kyle\t\0\model\kyle\c1\1\c2\4\hc\100\w\0\l\0\skill\ 5.00\tt\0\tl\0\siegeclass\none\st\Kyle\st2\none\dt\0\sdt\0
1-23-2021 13:29 (2:57): Kill: 1 2 3: Kyle killed Padawan by MOD_SABER
1-23-2021 13:29 (2:58): ClientUserinfoChanged handling info: 2 \ip\178.233.42.232:4442\name\Padawan\rate\4000\snaps\20\model\bespin_cop/default\forcepowers\6-1-030330000000000333\color1\4\color2\4\handicap\100\sex\male\cg_predictItems\1\saber1\single_1\saber2\none\char_color_red\255\char_color_green\255\char_color_blue\255\teamtask\0\teamoverlay\1
1-23-2021 13:29 (2:58): ClientUserinfoChanged: 2 n\Padawan\t\0\model\bespin_cop/default\c1\4\c2\4\hc\100\w\0\l\0\tt\0\tl\0\st\single_1\st2\none\dt\0
1-23-2021 13:29 (3:00): say: Kyle: ^1Good Fight ^7 Padawan
1-23-2021 13:29 (3:24): Kill: 1 2 3: Kyle killed Padawan by MOD_SABER
1-23-2021 13:29 (3:32): ClientDisconnect: 2
1-23-2021 13:29 (3:53): ClientConnect: 0
1-23-2021 13:29 (3:53): ClientUserinfoChanged handling info: 0 \team\0\skill\ 5.00\personality\botfiles/astupidbot.jkb\saber2\none\saber1\kyle\color2\4\color1\4\sex\male\model\jawa\snaps\20\rate\25000\name\astupidbot
1-23-2021 13:29 (3:53): ClientUserinfoChanged: 0 n\astupidbot\t\0\model\jawa\c1\4\c2\4\hc\0\w\0\l\0\skill\ 5.00\tt\0\tl\0\siegeclass\none\st\\st2\\dt\0\sdt\0
1-23-2021 13:29 (3:53): ClientUserinfoChanged handling info: 0 \name\astupidbot\team\0\skill\ 5.00\personality\botfiles/astupidbot.jkb\saber2\none\saber1\kyle\color2\4\color1\4\sex\male\model\jawa\snaps\20\rate\25000
1-23-2021 13:29 (3:53): ClientUserinfoChanged: 0 n\astupidbot\t\0\model\jawa\c1\4\c2\4\hc\0\w\0\l\0\skill\ 5.00\tt\0\tl\0\siegeclass\none\st\\st2\\dt\0\sdt\0
1-23-2021 13:29 (3:53): IP: localhost astupidbot
1-23-2021 13:29 (3:53): ClientUserinfoChanged handling info: 0 \name\astupidbot\team\0\skill\ 5.00\personality\botfiles/astupidbot.jkb\saber2\none\saber1\kyle\color2\4\color1\4\sex\male\model\jawa\snaps\20\rate\25000
1-23-2021 13:29 (3:53): ClientUserinfoChanged: 0 n\astupidbot\t\0\model\jawa\c1\4\c2\4\hc\0\w\0\l\0\skill\ 5.00\tt\0\tl\0\siegeclass\none\st\\st2\\dt\0\sdt\0
1-23-2021 13:29 (3:53): ClientUserinfoChanged handling info: 0 \name\astupidbot\team\0\skill\ 5.00\personality\botfiles/astupidbot.jkb\saber2\none\saber1\kyle\color2\4\color1\4\sex\male\model\jawa\snaps\20\rate\25000
1-23-2021 13:29 (3:53): ClientUserinfoChanged: 0 n\astupidbot\t\0\model\jawa\c1\4\c2\4\hc\100\w\0\l\0\skill\ 5.00\tt\0\tl\0\siegeclass\none\st\Kyle\st2\none\dt\0\sdt\0
1-23-2021 13:29 (3:53): ClientBegin: 0
1-23-2021 14:11 (45:00): Exit: Timelimit hit.
1-23-2021 14:11 (45:00): score: 2  ping: 48  client: 1 Kyle
1-23-2021 14:11 (45:00): score: 0  ping: 52  client: 0 astupidbot
1-23-2021 18: 9 (283:48): ClientConnect: 2
1-23-2021 18: 9 (283:48): ClientUserinfoChanged handling info: 2 \ip\46.53.248.37:16523\challenge\1207657210\qport\63291\protocol\26\cp_pluginDisable\0\char_color_blue\255\char_color_green\255\char_color_red\255\saber2\none\saber1\single_1\cg_predictItems\1\sex\male\handicap\100\color2\4\color1\4\forcepowers\7-1-032330000000001333\model\kyle/default\snaps\20\rate\4000\name\Padawan\teamtask\0
1-23-2021 18: 9 (283:48): ClientUserinfoChanged: 2 n\Padawan\t\0\model\kyle/default\c1\4\c2\4\hc\0\w\0\l\0\tt\0\tl\0\st\\st2\\dt\0
1-23-2021 18: 9 (283:48): IP: 46.53.248.37 Padawan
1-23-2021 18: 9 (283:50): say: Kyle: I am getting bored
1-23-2021 18: 9 (283:53): ClientUserinfoChanged handling info: 2 \ip\46.53.248.37:16523\cp_pluginDisable\0\char_color_blue\255\char_color_green\255\char_color_red\255\saber2\none\saber1\single_1\cg_predictItems\1\sex\male\handicap\100\color2\4\color1\4\forcepowers\7-1-032330000000001333\model\kyle/default\snaps\20\rate\4000\name\Padawan\teamtask\0\teamoverlay\1
1-23-2021 18: 9 (283:53): ClientUserinfoChanged: 2 n\Padawan\t\0\model\kyle/default\c1\4\c2\4\hc\0\w\0\l\0\tt\0\tl\0\st\single_1\st2\none\dt\0
1-23-2021 18: 9 (283:53): ClientUserinfoChanged handling info: 2 \ip\46.53.248.37:16523\cp_pluginDisable\0\char_color_blue\255\char_color_green\255\char_color_red\255\saber2\none\saber1\single_1\cg_predictItems\1\sex\male\handicap\100\color2\4\color1\4\forcepowers\7-1-032330000000001333\model\kyle/default\snaps\20\rate\4000\name\Padawan\teamtask\0\teamoverlay\1
1-23-2021 18: 9 (283:53): ClientUserinfoChanged: 2 n\Padawan\t\0\model\kyle/default\c1\4\c2\4\hc\100\w\0\l\0\tt\0\tl\0\st\single_1\st2\none\dt\0
1-23-2021 18: 9 (283:53): ClientBegin: 2
1-23-2021 18:10 (284:09): ClientUserinfoChanged handling info: 2 \ip\46.53.248.37:16523\cp_pluginDisable\0\char_color_blue\255\char_color_green\255\char_color_red\255\saber2\none\saber1\single_1\cg_predictItems\1\sex\male\handicap\100\color2\4\color1\4\forcepowers\7-1-032330000000001333\model\reborn_twin/default\snaps\20\rate\4000\name\DarkenRahl\teamtask\0\teamoverlay\1
1-23-2021 18:10 (284:09): ClientNamechange: Padawan is now DarkenRahl
1-23-2021 18:10 (284:09): ClientUserinfoChanged: 2 n\DarkenRahl\t\0\model\reborn_twin/default\c1\4\c2\4\hc\100\w\0\l\0\tt\0\tl\0\st\single_1\st2\none\dt\0
1-23-2021 18:10 (284:09): ShutdownGame:
1-23-2021 18:10 (284:09): ------------------------------------------------------------
1-23-2021 18:10 (0:00): ------------------------------------------------------------
1-23-2021 18:10 (0:00): InitGame: \version\JAmp: v1.0.1.0 linux-i386 Mar 14 2020\timelimit\45\sv_privateClients\0\sv_minRate\0\sv_minPing\0\sv_maxclients\32\sv_maxRate\0\sv_maxPing\999\sv_hostname\^7~^1~^7~ COMM SERVER ~^1~^7~\sv_fps\50\sv_floodProtectSlow\1\sv_floodProtect\1\sv_autoDemo\0\sv_allowDownload\0\serveruptime\39\protocol\26\mapname\mp/duel6\gamename\Lugormod\g_weaponDisable\0\g_stepSlideFix\0\g_siegeTeamSwitch\1\g_siegeTeam2\none\g_siegeTeam1\none\g_siegeRespawn\20\g_showDuelHealths\1\g_saberWallDamageScale\0.4\g_saberLocking\0\g_privateDuel\1535\g_noSpecMove\0\g_needpass\0\g_maxHolocronCarry\3\g_maxGameClients\0\g_maxForceRank\7\g_jediVmerc\0\g_gametype\0\g_gamemode\0\g_forceRegenTime\160\g_forcePowerDisable\0\g_forceBasedTeams\1\g_duelWeaponDisable\9\g_debugmelee\1\g_allowNPC\1\fs_game\lugormod\fraglimit\0\duel_fraglimit\10\dmflags\0\capturelimit\10\bot_minplayers\2\bg_fighterAltControl\0\Lugormod_Version\U#-0.0.0.91 Alpha
1-23-2021 18:10 (0:00): ClientConnect: 0
1-23-2021 18:10 (0:00): ClientUserinfoChanged handling info: 0 \name\astupidbot\team\0\skill\ 5.00\personality\botfiles/astupidbot.jkb\saber2\none\saber1\kyle\color2\4\color1\4\sex\male\model\jawa\snaps\20\rate\25000
1-23-2021 18:10 (0:00): ClientUserinfoChanged: 0 n\astupidbot\t\0\model\jawa\c1\4\c2\4\hc\0\w\0\l\0\skill\ 5.00\tt\0\tl\0\siegeclass\none\st\Kyle\st2\none\dt\0\sdt\0
1-23-2021 18:10 (0:00): ClientUserinfoChanged handling info: 0 \name\astupidbot\team\0\skill\ 5.00\personality\botfiles/astupidbot.jkb\saber2\none\saber1\kyle\color2\4\color1\4\sex\male\model\jawa\snaps\20\rate\25000
1-23-2021 18:10 (0:00): ClientUserinfoChanged: 0 n\astupidbot\t\0\model\jawa\c1\4\c2\4\hc\0\w\0\l\0\skill\ 5.00\tt\0\tl\0\siegeclass\none\st\Kyle\st2\none\dt\0\sdt\0
1-23-2021 18:10 (0:00): ClientUserinfoChanged handling info: 0 \name\astupidbot\team\0\skill\ 5.00\personality\botfiles/astupidbot.jkb\saber2\none\saber1\kyle\color2\4\color1\4\sex\male\model\jawa\snaps\20\rate\25000
1-23-2021 18:10 (0:00): ClientUserinfoChanged: 0 n\astupidbot\t\0\model\jawa\c1\4\c2\4\hc\100\w\0\l\0\skill\ 5.00\tt\0\tl\0\siegeclass\none\st\Kyle\st2\none\dt\0\sdt\0
1-23-2021 18:10 (0:00): ClientBegin: 0
1-23-2021 18:10 (0:00): ClientConnect: 1
1-23-2021 18:10 (0:00): ClientUserinfoChanged handling info: 1 \team\0\skill\ 5.00\personality\botfiles/newkyle.jkb\saber2\none\saber1\kyle\color2\4\color1\1\sex\male\model\kyle\snaps\20\rate\25000\name\Kyle
1-23-2021 18:10 (0:00): ClientUserinfoChanged: 1 n\Kyle\t\0\model\kyle\c1\1\c2\4\hc\0\w\0\l\0\skill\ 5.00\tt\0\tl\0\siegeclass\none\st\Kyle\st2\none\dt\0\sdt\0
1-23-2021 18:10 (0:00): ClientUserinfoChanged handling info: 1 \team\0\skill\ 5.00\personality\botfiles/newkyle.jkb\saber2\none\saber1\kyle\color2\4\color1\1\sex\male\model\kyle\snaps\20\rate\25000\name\Kyle
1-23-2021 18:10 (0:00): ClientUserinfoChanged: 1 n\Kyle\t\0\model\kyle\c1\1\c2\4\hc\100\w\0\l\0\skill\ 5.00\tt\0\tl\0\siegeclass\none\st\Kyle\st2\none\dt\0\sdt\0
1-23-2021 18:10 (0:00): ClientBegin: 1
1-23-2021 18:10 (0:00): ClientConnect: 2
1-23-2021 18:10 (0:00): ClientUserinfoChanged handling info: 2 \ip\46.53.248.37:16523\cp_pluginDisable\0\char_color_blue\255\char_color_green\255\char_color_red\255\saber2\none\saber1\single_1\cg_predictItems\1\sex\male\handicap\100\color2\4\color1\4\forcepowers\7-1-032330000000001333\model\reborn_twin/default\snaps\20\rate\4000\name\DarkenRahl\teamtask\0\teamoverlay\1
1-23-2021 18:10 (0:00): ClientUserinfoChanged: 2 n\DarkenRahl\t\0\model\reborn_twin/default\c1\4\c2\4\hc\0\w\0\l\0\tt\0\tl\0\st\single_1\st2\none\dt\0
1-23-2021 18:10 (0:04): ClientUserinfoChanged handling info: 2 \ip\46.53.248.37:16523\cp_pluginDisable\0\char_color_blue\255\char_color_green\255\char_color_red\255\saber2\none\saber1\single_1\cg_predictItems\1\sex\male\handicap\100\color2\4\color1\4\forcepowers\7-1-032330000000001333\model\reborn_twin/default\snaps\20\rate\4000\name\DarkenRahl\teamtask\0\teamoverlay\1
1-23-2021 18:10 (0:04): ClientUserinfoChanged: 2 n\DarkenRahl\t\0\model\reborn_twin/default\c1\4\c2\4\hc\0\w\0\l\0\tt\0\tl\0\st\single_1\st2\none\dt\0
1-23-2021 18:10 (0:04): ClientUserinfoChanged handling info: 2 \ip\46.53.248.37:16523\cp_pluginDisable\0\char_color_blue\255\char_color_green\255\char_color_red\255\saber2\none\saber1\single_1\cg_predictItems\1\sex\male\handicap\100\color2\4\color1\4\forcepowers\7-1-032330000000001333\model\reborn_twin/default\snaps\20\rate\4000\name\DarkenRahl\teamtask\0\teamoverlay\1
1-23-2021 18:10 (0:04): ClientUserinfoChanged: 2 n\DarkenRahl\t\0\model\reborn_twin/default\c1\4\c2\4\hc\100\w\0\l\0\tt\0\tl\0\st\single_1\st2\none\dt\0
1-23-2021 18:10 (0:04): ClientBegin: 2
1-23-2021 18:10 (0:30): say: astupidbot: cya
1-23-2021 18:10 (0:30): ClientDisconnect: 0
1-23-2021 18:10 (0:32): say: Kyle: bye bye Astupidbot
1-23-2021 18:11 (1:46): Kill: 1 2 3: Kyle killed DarkenRahl by MOD_SABER
1-23-2021 18:12 (1:58): ClientDisconnect: 2
1-23-2021 18:12 (2:00): ClientConnect: 0
1-23-2021 18:12 (2:00): ClientUserinfoChanged handling info: 0 \team\0\skill\ 5.00\personality\botfiles/astupidbot.jkb\saber2\none\saber1\kyle\color2\4\color1\4\sex\male\model\jawa\snaps\20\rate\25000\name\astupidbot
1-23-2021 18:12 (2:00): ClientUserinfoChanged: 0 n\astupidbot\t\0\model\jawa\c1\4\c2\4\hc\0\w\0\l\0\skill\ 5.00\tt\0\tl\0\siegeclass\none\st\\st2\\dt\0\sdt\0
1-23-2021 18:12 (2:00): IP: localhost astupidbot
1-23-2021 18:12 (2:00): ClientUserinfoChanged handling info: 0 \team\0\skill\ 5.00\personality\botfiles/astupidbot.jkb\saber2\none\saber1\kyle\color2\4\color1\4\sex\male\model\jawa\snaps\20\rate\25000\name\astupidbot
1-23-2021 18:12 (2:00): ClientUserinfoChanged: 0 n\astupidbot\t\0\model\jawa\c1\4\c2\4\hc\100\w\0\l\0\skill\ 5.00\tt\0\tl\0\siegeclass\none\st\Kyle\st2\none\dt\0\sdt\0
1-23-2021 18:12 (2:00): ClientBegin: 0
1-23-2021 18:55 (45:00): Exit: Timelimit hit.
1-23-2021 18:55 (45:00): score: 1  ping: 40  client: 1 Kyle
1-23-2021 18:55 (45:00): score: 0  ping: 59  client: 0 astupidbot
1-24-2021 17:45 (1415:41): ClientConnect: 2
1-24-2021 17:45 (1415:41): ClientUserinfoChanged handling info: 2 \ip\95.12.113.58:52426\challenge\-1990063592\qport\37283\protocol\26\name\efe\rate\4000\snaps\20\model\boba_fett/default\forcepowers\6-1-030330000000000333\color1\2\color2\4\handicap\100\sex\male\cg_predictItems\1\saber1\single_1\saber2\none\char_color_red\255\char_color_green\255\char_color_blue\255\teamtask\0
1-24-2021 17:45 (1415:41): ClientUserinfoChanged: 2 n\efe\t\0\model\boba_fett/default\c1\2\c2\4\hc\0\w\0\l\0\tt\0\tl\0\st\\st2\\dt\0
1-24-2021 17:45 (1415:41): IP: 95.12.113.58 efe
1-24-2021 17:45 (1415:41): say: astupidbot: Hi
1-24-2021 17:45 (1415:44): say: Kyle: nice to see you Astupidbot
1-24-2021 17:45 (1415:45): say: astupidbot: ok
1-24-2021 17:46 (1415:56): ClientUserinfoChanged handling info: 2 \ip\95.12.113.58:52426\name\efe\rate\4000\snaps\20\model\boba_fett/default\forcepowers\6-1-030330000000000333\color1\2\color2\4\handicap\100\sex\male\cg_predictItems\1\saber1\single_1\saber2\none\char_color_red\255\char_color_green\255\char_color_blue\255\teamtask\0\teamoverlay\1
1-24-2021 17:46 (1415:56): ClientUserinfoChanged: 2 n\efe\t\0\model\boba_fett/default\c1\2\c2\4\hc\0\w\0\l\0\tt\0\tl\0\st\single_1\st2\none\dt\0
1-24-2021 17:46 (1415:56): ClientUserinfoChanged handling info: 2 \ip\95.12.113.58:52426\name\efe\rate\4000\snaps\20\model\boba_fett/default\forcepowers\6-1-030330000000000333\color1\2\color2\4\handicap\100\sex\male\cg_predictItems\1\saber1\single_1\saber2\none\char_color_red\255\char_color_green\255\char_color_blue\255\teamtask\0\teamoverlay\1
1-24-2021 17:46 (1415:56): ClientUserinfoChanged: 2 n\efe\t\0\model\boba_fett/default\c1\2\c2\4\hc\100\w\0\l\0\tt\0\tl\0\st\single_1\st2\none\dt\0
1-24-2021 17:46 (1415:56): ClientBegin: 2
1-24-2021 17:46 (1416:00): ShutdownGame:
1-24-2021 17:46 (1416:00): ------------------------------------------------------------
