2-2-2021 10:24 (0:00): ------------------------------------------------------------
2-2-2021 10:24 (0:00): InitGame: \version\JAmp: v1.0.1.0 linux-i386 Mar 14 2020\timelimit\45\sv_privateClients\0\sv_minRate\0\sv_minPing\0\sv_maxclients\32\sv_maxRate\0\sv_maxPing\999\sv_hostname\^7~^1~^7~ COMM SERVER ~^1~^7~\sv_fps\50\sv_floodProtectSlow\1\sv_floodProtect\1\sv_autoDemo\0\sv_allowDownload\0\serveruptime\54\protocol\26\mapname\mp/duel6\gamename\Lugormod\g_weaponDisable\0\g_stepSlideFix\0\g_siegeTeamSwitch\1\g_siegeTeam2\none\g_siegeTeam1\none\g_siegeRespawn\20\g_showDuelHealths\1\g_saberWallDamageScale\0.4\g_saberLocking\0\g_privateDuel\1535\g_noSpecMove\0\g_needpass\0\g_maxHolocronCarry\3\g_maxGameClients\0\g_maxForceRank\7\g_jediVmerc\0\g_gametype\0\g_gamemode\0\g_forceRegenTime\160\g_forcePowerDisable\0\g_forceBasedTeams\1\g_duelWeaponDisable\9\g_debugmelee\1\g_allowNPC\1\fs_game\lugormod\fraglimit\0\duel_fraglimit\10\dmflags\0\capturelimit\10\bot_minplayers\2\bg_fighterAltControl\0\Lugormod_Version\U#-0.0.0.91 Alpha
2-2-2021 10:25 (0:30): ClientConnect: 0
2-2-2021 10:25 (0:30): ClientUserinfoChanged handling info: 0 \team\0\skill\ 5.00\personality\botfiles/astupidbot.jkb\saber2\none\saber1\kyle\color2\4\color1\4\sex\male\model\jawa\snaps\20\rate\25000\name\astupidbot
2-2-2021 10:25 (0:30): ClientUserinfoChanged: 0 n\astupidbot\t\0\model\jawa\c1\4\c2\4\hc\0\w\0\l\0\skill\ 5.00\tt\0\tl\0\siegeclass\none\st\\st2\\dt\0\sdt\0
2-2-2021 10:25 (0:30): IP: localhost astupidbot
2-2-2021 10:25 (0:30): ClientUserinfoChanged handling info: 0 \team\0\skill\ 5.00\personality\botfiles/astupidbot.jkb\saber2\none\saber1\kyle\color2\4\color1\4\sex\male\model\jawa\snaps\20\rate\25000\name\astupidbot
2-2-2021 10:25 (0:30): ClientUserinfoChanged: 0 n\astupidbot\t\0\model\jawa\c1\4\c2\4\hc\100\w\0\l\0\skill\ 5.00\tt\0\tl\0\siegeclass\none\st\Kyle\st2\none\dt\0\sdt\0
2-2-2021 10:25 (0:30): ClientBegin: 0
2-2-2021 10:25 (0:55): ClientConnect: 1
2-2-2021 10:25 (0:55): ClientUserinfoChanged handling info: 1 \team\0\skill\ 5.00\personality\botfiles/newkyle.jkb\saber2\none\saber1\kyle\color2\4\color1\1\sex\male\model\kyle\snaps\20\rate\25000\name\Kyle
2-2-2021 10:25 (0:55): ClientUserinfoChanged: 1 n\Kyle\t\0\model\kyle\c1\1\c2\4\hc\0\w\0\l\0\skill\ 5.00\tt\0\tl\0\siegeclass\none\st\\st2\\dt\0\sdt\0
2-2-2021 10:25 (0:55): IP: localhost Kyle
2-2-2021 10:25 (0:55): ClientUserinfoChanged handling info: 1 \team\0\skill\ 5.00\personality\botfiles/newkyle.jkb\saber2\none\saber1\kyle\color2\4\color1\1\sex\male\model\kyle\snaps\20\rate\25000\name\Kyle
2-2-2021 10:25 (0:55): ClientUserinfoChanged: 1 n\Kyle\t\0\model\kyle\c1\1\c2\4\hc\100\w\0\l\0\skill\ 5.00\tt\0\tl\0\siegeclass\none\st\Kyle\st2\none\dt\0\sdt\0
2-2-2021 10:25 (0:55): ClientBegin: 1
2-2-2021 20: 6 (581:56): ClientConnect: 2
2-2-2021 20: 6 (581:56): ClientUserinfoChanged handling info: 2 \ip\89.133.189.46:29070\challenge\-1047916501\qport\2940\protocol\26\name\^3K^8xtreme\rate\4000\snaps\20\model\tavion/default\forcepowers\7-1-030000000000000330\color1\4\color2\4\handicap\100\sex\male\cg_predictItems\1\saber1\Kyle\saber2\none\char_color_red\255\char_color_green\255\char_color_blue\255\cp_pluginDisable\0\teamtask\0\teamoverlay\1
2-2-2021 20: 6 (581:56): ClientUserinfoChanged: 2 n\^3K^8xtreme\t\0\model\tavion/default\c1\4\c2\4\hc\0\w\0\l\0\tt\0\tl\0\st\\st2\\dt\0
2-2-2021 20: 6 (581:56): IP: 89.133.189.46 ^3K^8xtreme
2-2-2021 20: 6 (582:05): ClientUserinfoChanged handling info: 2 \ip\89.133.189.46:29070\name\^3K^8xtreme\rate\4000\snaps\20\model\tavion/default\forcepowers\7-1-030000000000000330\color1\4\color2\4\handicap\100\sex\male\cg_predictItems\1\saber1\Kyle\saber2\none\char_color_red\255\char_color_green\255\char_color_blue\255\cp_pluginDisable\0\teamtask\0\teamoverlay\1
2-2-2021 20: 6 (582:05): ClientUserinfoChanged: 2 n\^3K^8xtreme\t\0\model\tavion/default\c1\4\c2\4\hc\0\w\0\l\0\tt\0\tl\0\st\Kyle\st2\none\dt\0
2-2-2021 20: 6 (582:05): ClientUserinfoChanged handling info: 2 \ip\89.133.189.46:29070\name\^3K^8xtreme\rate\4000\snaps\20\model\tavion/default\forcepowers\7-1-030000000000000330\color1\4\color2\4\handicap\100\sex\male\cg_predictItems\1\saber1\Kyle\saber2\none\char_color_red\255\char_color_green\255\char_color_blue\255\cp_pluginDisable\0\teamtask\0\teamoverlay\1
2-2-2021 20: 6 (582:05): ClientUserinfoChanged: 2 n\^3K^8xtreme\t\0\model\tavion/default\c1\4\c2\4\hc\100\w\0\l\0\tt\0\tl\0\st\Kyle\st2\none\dt\0
2-2-2021 20: 6 (582:05): ClientBegin: 2
2-2-2021 20: 6 (582:20): Kill: 1 0 3: Kyle killed astupidbot by MOD_SABER
2-2-2021 20: 6 (582:20): Exit: Timelimit hit.
2-2-2021 20: 6 (582:20): score: 1  ping: 52  client: 1 Kyle
2-2-2021 20: 6 (582:20): score: 0  ping: 54  client: 0 astupidbot
2-2-2021 20: 6 (582:20): score: 0  ping: 202  client: 2 ^3K^8xtreme
2-2-2021 20: 6 (582:20): duel: Kyle won a duel against astupidbot
2-2-2021 20: 6 (582:21): ClientUserinfoChanged handling info: 0 \team\0\skill\ 5.00\personality\botfiles/astupidbot.jkb\saber2\none\saber1\kyle\color2\4\color1\4\sex\male\model\jawa\snaps\20\rate\25000\name\astupidbot
2-2-2021 20: 6 (582:21): ClientUserinfoChanged: 0 n\astupidbot\t\0\model\jawa\c1\4\c2\4\hc\100\w\0\l\0\skill\ 5.00\tt\0\tl\0\siegeclass\none\st\Kyle\st2\none\dt\0\sdt\0
2-2-2021 20: 6 (582:21): say: astupidbot: ouch
2-2-2021 20: 6 (582:22): say: Kyle: Good Fight
2-2-2021 20: 7 (582:26): ShutdownGame:
2-2-2021 20: 7 (582:26): ------------------------------------------------------------
2-2-2021 20: 7 (582:26): ------------------------------------------------------------
2-2-2021 20: 7 (582:26): InitGame: \version\JAmp: v1.0.1.0 linux-i386 Mar 14 2020\timelimit\45\sv_privateClients\0\sv_minRate\0\sv_minPing\0\sv_maxclients\32\sv_maxRate\0\sv_maxPing\999\sv_hostname\^7~^1~^7~ COMM SERVER ~^1~^7~\sv_fps\50\sv_floodProtectSlow\1\sv_floodProtect\1\sv_autoDemo\0\sv_allowDownload\0\serveruptime\54\protocol\26\mapname\mp/duel6\gamename\Lugormod\g_weaponDisable\0\g_stepSlideFix\0\g_siegeTeamSwitch\1\g_siegeTeam2\none\g_siegeTeam1\none\g_siegeRespawn\20\g_showDuelHealths\1\g_saberWallDamageScale\0.4\g_saberLocking\0\g_privateDuel\1535\g_noSpecMove\0\g_needpass\0\g_maxHolocronCarry\3\g_maxGameClients\0\g_maxForceRank\7\g_jediVmerc\0\g_gametype\0\g_gamemode\0\g_forceRegenTime\160\g_forcePowerDisable\0\g_forceBasedTeams\1\g_duelWeaponDisable\9\g_debugmelee\1\g_allowNPC\1\fs_game\lugormod\fraglimit\0\duel_fraglimit\10\dmflags\0\capturelimit\10\bot_minplayers\2\bg_fighterAltControl\0\Lugormod_Version\U#-0.0.0.91 Alpha
2-2-2021 20: 7 (582:26): ClientConnect: 0
2-2-2021 20: 7 (582:26): ClientUserinfoChanged handling info: 0 \team\0\skill\ 5.00\personality\botfiles/astupidbot.jkb\saber2\none\saber1\kyle\color2\4\color1\4\sex\male\model\jawa\snaps\20\rate\25000\name\astupidbot
2-2-2021 20: 7 (582:26): ClientUserinfoChanged: 0 n\astupidbot\t\0\model\jawa\c1\4\c2\4\hc\0\w\0\l\0\skill\ 5.00\tt\0\tl\0\siegeclass\none\st\Kyle\st2\none\dt\0\sdt\0
2-2-2021 20: 7 (582:26): ClientUserinfoChanged handling info: 0 \team\0\skill\ 5.00\personality\botfiles/astupidbot.jkb\saber2\none\saber1\kyle\color2\4\color1\4\sex\male\model\jawa\snaps\20\rate\25000\name\astupidbot
2-2-2021 20: 7 (582:26): ClientUserinfoChanged: 0 n\astupidbot\t\0\model\jawa\c1\4\c2\4\hc\100\w\0\l\0\skill\ 5.00\tt\0\tl\0\siegeclass\none\st\Kyle\st2\none\dt\0\sdt\0
2-2-2021 20: 7 (582:26): ClientBegin: 0
2-2-2021 20: 7 (582:26): ClientConnect: 1
2-2-2021 20: 7 (582:26): ClientUserinfoChanged handling info: 1 \team\0\skill\ 5.00\personality\botfiles/newkyle.jkb\saber2\none\saber1\kyle\color2\4\color1\1\sex\male\model\kyle\snaps\20\rate\25000\name\Kyle
2-2-2021 20: 7 (582:26): ClientUserinfoChanged: 1 n\Kyle\t\0\model\kyle\c1\1\c2\4\hc\0\w\0\l\0\skill\ 5.00\tt\0\tl\0\siegeclass\none\st\Kyle\st2\none\dt\0\sdt\0
2-2-2021 20: 7 (582:26): ClientUserinfoChanged handling info: 1 \team\0\skill\ 5.00\personality\botfiles/newkyle.jkb\saber2\none\saber1\kyle\color2\4\color1\1\sex\male\model\kyle\snaps\20\rate\25000\name\Kyle
2-2-2021 20: 7 (582:26): ClientUserinfoChanged: 1 n\Kyle\t\0\model\kyle\c1\1\c2\4\hc\100\w\0\l\0\skill\ 5.00\tt\0\tl\0\siegeclass\none\st\Kyle\st2\none\dt\0\sdt\0
2-2-2021 20: 7 (582:26): ClientBegin: 1
2-2-2021 20: 7 (582:26): ClientConnect: 2
2-2-2021 20: 7 (582:26): ClientUserinfoChanged handling info: 2 \ip\89.133.189.46:29070\name\^3K^8xtreme\rate\4000\snaps\20\model\tavion/default\forcepowers\7-1-030000000000000330\color1\4\color2\4\handicap\100\sex\male\cg_predictItems\1\saber1\Kyle\saber2\none\char_color_red\255\char_color_green\255\char_color_blue\255\cp_pluginDisable\0\teamtask\0\teamoverlay\1
2-2-2021 20: 7 (582:26): ClientUserinfoChanged: 2 n\^3K^8xtreme\t\0\model\tavion/default\c1\4\c2\4\hc\0\w\0\l\0\tt\0\tl\0\st\Kyle\st2\none\dt\0
2-2-2021 20: 7 (582:26): ClientUserinfoChanged handling info: 2 \ip\89.133.189.46:29070\name\^3K^8xtreme\rate\4000\snaps\20\model\tavion/default\forcepowers\7-1-030000000000000330\color1\4\color2\4\handicap\100\sex\male\cg_predictItems\1\saber1\Kyle\saber2\none\char_color_red\255\char_color_green\255\char_color_blue\255\cp_pluginDisable\0\teamtask\0\teamoverlay\1
2-2-2021 20: 7 (582:26): ClientUserinfoChanged: 2 n\^3K^8xtreme\t\0\model\tavion/default\c1\4\c2\4\hc\0\w\0\l\0\tt\0\tl\0\st\Kyle\st2\none\dt\0
2-2-2021 20: 7 (582:26): ClientUserinfoChanged handling info: 2 \ip\89.133.189.46:29070\name\^3K^8xtreme\rate\4000\snaps\20\model\tavion/default\forcepowers\7-1-030000000000000330\color1\4\color2\4\handicap\100\sex\male\cg_predictItems\1\saber1\Kyle\saber2\none\char_color_red\255\char_color_green\255\char_color_blue\255\cp_pluginDisable\0\teamtask\0\teamoverlay\1
2-2-2021 20: 7 (582:26): ClientUserinfoChanged: 2 n\^3K^8xtreme\t\0\model\tavion/default\c1\4\c2\4\hc\100\w\0\l\0\tt\0\tl\0\st\Kyle\st2\none\dt\0
2-2-2021 20: 7 (582:26): ClientBegin: 2
2-2-2021 20: 7 (582:33): ClientDisconnect: 2
2-2-2021 20: 9 (585:23): ClientConnect: 2
2-2-2021 20: 9 (585:23): ClientUserinfoChanged handling info: 2 \ip\89.133.189.46:29070\challenge\-1701117285\qport\2940\protocol\26\name\^3Kolbász^8lóbáló\rate\4000\snaps\20\model\jedi_tf/head_a1|torso_e1|lower_b1\forcepowers\7-1-030000000000000330\color1\6\color2\6\handicap\100\sex\female\cg_predictItems\1\saber1\jpsg14\saber2\none\char_color_red\0.000000\char_color_green\0.000000\char_color_blue\255.000000\cp_pluginDisable\0\cp_sbRGB1\9611777\cp_sbRGB2\0\cp_login\NOT SET\cp_clanPwd\none\teamtask\0\teamoverlay\1\cp_holster\1\cjp_client\1.4B4
2-2-2021 20: 9 (585:23): ClientUserinfoChanged: 2 n\^3Kolbász^8lóbáló\t\0\model\jedi_tf/head_a1|torso_e1|lower_b1\c1\6\c2\6\hc\0\w\0\l\0\tt\0\tl\0\st\\st2\\dt\0
2-2-2021 20: 9 (585:23): IP: 89.133.189.46 ^3Kolbász^8lóbáló
2-2-2021 20:10 (585:27): ClientUserinfoChanged handling info: 2 \ip\89.133.189.46:29070\name\^3K^8xtreme\rate\4000\snaps\20\model\tavion/default\forcepowers\7-1-030000000000000330\color1\4\color2\4\handicap\100\sex\male\cg_predictItems\1\saber1\Kyle\saber2\none\char_color_red\255\char_color_green\255\char_color_blue\255\cp_pluginDisable\0\cp_sbRGB1\9611777\cp_sbRGB2\0\cp_login\NOT SET\cp_clanPwd\none\teamtask\0\teamoverlay\1\cp_holster\1\cjp_client\1.4B4
2-2-2021 20:10 (585:27): ClientNamechange: ^3Kolbász^8lóbáló is now ^3K^8xtreme
2-2-2021 20:10 (585:27): ClientUserinfoChanged: 2 n\^3K^8xtreme\t\0\model\tavion/default\c1\4\c2\4\hc\0\w\0\l\0\tt\0\tl\0\st\Kyle\st2\none\dt\0
2-2-2021 20:10 (585:27): ClientUserinfoChanged handling info: 2 \ip\89.133.189.46:29070\name\^3K^8xtreme\rate\4000\snaps\20\model\tavion/default\forcepowers\7-1-030000000000000330\color1\4\color2\4\handicap\100\sex\male\cg_predictItems\1\saber1\Kyle\saber2\none\char_color_red\255\char_color_green\255\char_color_blue\255\cp_pluginDisable\0\cp_sbRGB1\9611777\cp_sbRGB2\0\cp_login\NOT SET\cp_clanPwd\none\teamtask\0\teamoverlay\1\cp_holster\1\cjp_client\1.4B4
2-2-2021 20:10 (585:27): ClientUserinfoChanged: 2 n\^3K^8xtreme\t\0\model\tavion/default\c1\4\c2\4\hc\100\w\0\l\0\tt\0\tl\0\st\Kyle\st2\none\dt\0
2-2-2021 20:10 (585:27): ClientBegin: 2
2-2-2021 20:10 (585:32): say: astupidbot: bye all
2-2-2021 20:10 (585:32): ClientDisconnect: 0
2-2-2021 20:10 (585:40): ClientDisconnect: 2
2-2-2021 20:10 (585:43): ClientConnect: 0
2-2-2021 20:10 (585:43): ClientUserinfoChanged handling info: 0 \team\0\skill\ 5.00\personality\botfiles/astupidbot.jkb\saber2\none\saber1\kyle\color2\4\color1\4\sex\male\model\jawa\snaps\20\rate\25000\name\astupidbot
2-2-2021 20:10 (585:43): ClientUserinfoChanged: 0 n\astupidbot\t\0\model\jawa\c1\4\c2\4\hc\0\w\0\l\0\skill\ 5.00\tt\0\tl\0\siegeclass\none\st\\st2\\dt\0\sdt\0
2-2-2021 20:10 (585:43): IP: localhost astupidbot
2-2-2021 20:10 (585:43): ClientUserinfoChanged handling info: 0 \team\0\skill\ 5.00\personality\botfiles/astupidbot.jkb\saber2\none\saber1\kyle\color2\4\color1\4\sex\male\model\jawa\snaps\20\rate\25000\name\astupidbot
2-2-2021 20:10 (585:43): ClientUserinfoChanged: 0 n\astupidbot\t\0\model\jawa\c1\4\c2\4\hc\100\w\0\l\0\skill\ 5.00\tt\0\tl\0\siegeclass\none\st\Kyle\st2\none\dt\0\sdt\0
2-2-2021 20:10 (585:43): ClientBegin: 0
2-3-2021 13:31 (1626:26): ClientConnect: 2
2-3-2021 13:31 (1626:26): ClientUserinfoChanged handling info: 2 \ip\1.159.187.151:29070\challenge\1268288847\qport\57668\protocol\26\name\ConnieSC\rate\4000\snaps\20\model\cultist/default\forcepowers\6-1-030330000000000333\color1\4\color2\4\handicap\100\sex\male\cg_predictItems\1\saber1\single_1\saber2\none\char_color_red\255\char_color_green\255\char_color_blue\255\teamtask\0
2-3-2021 13:31 (1626:26): ClientUserinfoChanged: 2 n\ConnieSC\t\0\model\cultist/default\c1\4\c2\4\hc\0\w\0\l\0\tt\0\tl\0\st\\st2\\dt\0
2-3-2021 13:31 (1626:26): IP: 1.159.187.151 ConnieSC
2-3-2021 13:31 (1626:26): say: astupidbot: Hi
2-3-2021 13:31 (1626:33): ClientUserinfoChanged handling info: 2 \ip\1.159.187.151:29070\name\ConnieSC\rate\4000\snaps\20\model\cultist/default\forcepowers\6-1-030330000000000333\color1\4\color2\4\handicap\100\sex\male\cg_predictItems\1\saber1\single_1\saber2\none\char_color_red\255\char_color_green\255\char_color_blue\255\teamtask\0\teamoverlay\1
2-3-2021 13:31 (1626:33): ClientUserinfoChanged: 2 n\ConnieSC\t\0\model\cultist/default\c1\4\c2\4\hc\0\w\0\l\0\tt\0\tl\0\st\single_1\st2\none\dt\0
2-3-2021 13:31 (1626:33): ClientUserinfoChanged handling info: 2 \ip\1.159.187.151:29070\name\ConnieSC\rate\4000\snaps\20\model\cultist/default\forcepowers\6-1-030330000000000333\color1\4\color2\4\handicap\100\sex\male\cg_predictItems\1\saber1\single_1\saber2\none\char_color_red\255\char_color_green\255\char_color_blue\255\teamtask\0\teamoverlay\1
2-3-2021 13:31 (1626:33): ClientUserinfoChanged: 2 n\ConnieSC\t\0\model\cultist/default\c1\4\c2\4\hc\100\w\0\l\0\tt\0\tl\0\st\single_1\st2\none\dt\0
2-3-2021 13:31 (1626:33): ClientBegin: 2
2-3-2021 13:31 (1626:35): say: astupidbot: bye all
2-3-2021 13:31 (1626:35): ClientDisconnect: 0
2-3-2021 13:31 (1627:15): ClientDisconnect: 2
2-3-2021 13:31 (1627:15): Exit: Timelimit hit.
2-3-2021 13:31 (1627:15): score: 0  ping: 40  client: 1 Kyle
2-3-2021 18: 5 (1901:15): ShutdownGame:
2-3-2021 18: 5 (1901:15): ------------------------------------------------------------
