2-24-2021 1:33 (0:00): ------------------------------------------------------------
2-24-2021 1:33 (0:00): InitGame: \version\JAmp: v1.0.1.0 linux-i386 Mar 14 2020\timelimit\45\sv_privateClients\0\sv_minRate\0\sv_minPing\0\sv_maxclients\32\sv_maxRate\0\sv_maxPing\999\sv_hostname\^7~^1~^7~ COMM SERVER ~^1~^7~\sv_fps\50\sv_floodProtectSlow\1\sv_floodProtect\1\sv_autoDemo\0\sv_allowDownload\0\serveruptime\54\protocol\26\mapname\mp/duel6\gamename\Lugormod\g_weaponDisable\0\g_stepSlideFix\0\g_siegeTeamSwitch\1\g_siegeTeam2\none\g_siegeTeam1\none\g_siegeRespawn\20\g_showDuelHealths\1\g_saberWallDamageScale\0.4\g_saberLocking\0\g_privateDuel\1535\g_noSpecMove\0\g_needpass\0\g_maxHolocronCarry\3\g_maxGameClients\0\g_maxForceRank\7\g_jediVmerc\0\g_gametype\0\g_gamemode\0\g_forceRegenTime\160\g_forcePowerDisable\0\g_forceBasedTeams\1\g_duelWeaponDisable\9\g_debugmelee\1\g_allowNPC\1\fs_game\lugormod\fraglimit\0\duel_fraglimit\10\dmflags\0\capturelimit\10\bot_minplayers\2\bg_fighterAltControl\0\Lugormod_Version\U#-0.0.0.91 Alpha
2-24-2021 1:34 (0:30): ClientConnect: 0
2-24-2021 1:34 (0:30): ClientUserinfoChanged handling info: 0 \team\0\skill\ 5.00\personality\botfiles/astupidbot.jkb\saber2\none\saber1\kyle\color2\4\color1\4\sex\male\model\jawa\snaps\20\rate\25000\name\astupidbot
2-24-2021 1:34 (0:30): ClientUserinfoChanged: 0 n\astupidbot\t\0\model\jawa\c1\4\c2\4\hc\0\w\0\l\0\skill\ 5.00\tt\0\tl\0\siegeclass\none\st\\st2\\dt\0\sdt\0
2-24-2021 1:34 (0:30): ClientUserinfoChanged handling info: 0 \name\astupidbot\team\0\skill\ 5.00\personality\botfiles/astupidbot.jkb\saber2\none\saber1\kyle\color2\4\color1\4\sex\male\model\jawa\snaps\20\rate\25000
2-24-2021 1:34 (0:30): ClientUserinfoChanged: 0 n\astupidbot\t\0\model\jawa\c1\4\c2\4\hc\0\w\0\l\0\skill\ 5.00\tt\0\tl\0\siegeclass\none\st\\st2\\dt\0\sdt\0
2-24-2021 1:34 (0:30): IP: localhost astupidbot
2-24-2021 1:34 (0:30): ClientUserinfoChanged handling info: 0 \name\astupidbot\team\0\skill\ 5.00\personality\botfiles/astupidbot.jkb\saber2\none\saber1\kyle\color2\4\color1\4\sex\male\model\jawa\snaps\20\rate\25000
2-24-2021 1:34 (0:30): ClientUserinfoChanged: 0 n\astupidbot\t\0\model\jawa\c1\4\c2\4\hc\0\w\0\l\0\skill\ 5.00\tt\0\tl\0\siegeclass\none\st\\st2\\dt\0\sdt\0
2-24-2021 1:34 (0:30): ClientUserinfoChanged handling info: 0 \name\astupidbot\team\0\skill\ 5.00\personality\botfiles/astupidbot.jkb\saber2\none\saber1\kyle\color2\4\color1\4\sex\male\model\jawa\snaps\20\rate\25000
2-24-2021 1:34 (0:30): ClientUserinfoChanged: 0 n\astupidbot\t\0\model\jawa\c1\4\c2\4\hc\100\w\0\l\0\skill\ 5.00\tt\0\tl\0\siegeclass\none\st\Kyle\st2\none\dt\0\sdt\0
2-24-2021 1:34 (0:30): ClientBegin: 0
2-24-2021 1:34 (0:54): ClientConnect: 1
2-24-2021 1:34 (0:54): ClientUserinfoChanged handling info: 1 \team\0\skill\ 5.00\personality\botfiles/newkyle.jkb\saber2\none\saber1\kyle\color2\4\color1\1\sex\male\model\kyle\snaps\20\rate\25000\name\Kyle
2-24-2021 1:34 (0:54): ClientUserinfoChanged: 1 n\Kyle\t\0\model\kyle\c1\1\c2\4\hc\0\w\0\l\0\skill\ 5.00\tt\0\tl\0\siegeclass\none\st\\st2\\dt\0\sdt\0
2-24-2021 1:34 (0:54): ClientUserinfoChanged handling info: 1 \name\Kyle\team\0\skill\ 5.00\personality\botfiles/newkyle.jkb\saber2\none\saber1\kyle\color2\4\color1\1\sex\male\model\kyle\snaps\20\rate\25000
2-24-2021 1:34 (0:54): ClientUserinfoChanged: 1 n\Kyle\t\0\model\kyle\c1\1\c2\4\hc\0\w\0\l\0\skill\ 5.00\tt\0\tl\0\siegeclass\none\st\\st2\\dt\0\sdt\0
2-24-2021 1:34 (0:54): IP: localhost Kyle
2-24-2021 1:34 (0:54): ClientUserinfoChanged handling info: 1 \name\Kyle\team\0\skill\ 5.00\personality\botfiles/newkyle.jkb\saber2\none\saber1\kyle\color2\4\color1\1\sex\male\model\kyle\snaps\20\rate\25000
2-24-2021 1:34 (0:54): ClientUserinfoChanged: 1 n\Kyle\t\0\model\kyle\c1\1\c2\4\hc\0\w\0\l\0\skill\ 5.00\tt\0\tl\0\siegeclass\none\st\\st2\\dt\0\sdt\0
2-24-2021 1:34 (0:54): ClientUserinfoChanged handling info: 1 \name\Kyle\team\0\skill\ 5.00\personality\botfiles/newkyle.jkb\saber2\none\saber1\kyle\color2\4\color1\1\sex\male\model\kyle\snaps\20\rate\25000
2-24-2021 1:34 (0:54): ClientUserinfoChanged: 1 n\Kyle\t\0\model\kyle\c1\1\c2\4\hc\100\w\0\l\0\skill\ 5.00\tt\0\tl\0\siegeclass\none\st\Kyle\st2\none\dt\0\sdt\0
2-24-2021 1:34 (0:54): ClientBegin: 1
2-24-2021 14:38 (784:16): ClientConnect: 2
2-24-2021 14:38 (784:16): ClientUserinfoChanged handling info: 2 \ip\78.37.41.109:14895\challenge\2051731351\qport\14685\protocol\26\char_color_blue\255\char_color_green\255\char_color_red\255\saber2\none\saber1\single_5\cg_predictItems\1\sex\male\handicap\100\color2\4\color1\0\forcepowers\6-1-030330000000000333\model\jedi_kdm/head_a1|torso_b1|lower_d1\snaps\20\rate\4000\name\Padawan\teamtask\0
2-24-2021 14:38 (784:16): ClientUserinfoChanged: 2 n\Padawan\t\0\model\jedi_kdm/head_a1|torso_b1|lower_d1\c1\0\c2\4\hc\0\w\0\l\0\tt\0\tl\0\st\\st2\\dt\0
2-24-2021 14:38 (784:16): IP: 78.37.41.109 Padawan
2-24-2021 14:38 (784:16): say: Kyle: Hello
2-24-2021 14:38 (784:18): say: astupidbot: nice to see you Kyle
2-24-2021 14:38 (784:20): say: Kyle: no
2-24-2021 14:38 (784:27): ClientUserinfoChanged handling info: 2 \ip\78.37.41.109:14895\char_color_blue\255\char_color_green\255\char_color_red\255\saber2\none\saber1\single_5\cg_predictItems\1\sex\male\handicap\100\color2\4\color1\0\forcepowers\6-1-030330000000000333\model\jedi_kdm/head_a1|torso_b1|lower_d1\snaps\20\rate\4000\name\Padawan\teamtask\0\teamoverlay\1
2-24-2021 14:38 (784:27): ClientUserinfoChanged: 2 n\Padawan\t\0\model\jedi_kdm/head_a1|torso_b1|lower_d1\c1\0\c2\4\hc\0\w\0\l\0\tt\0\tl\0\st\single_5\st2\none\dt\0
2-24-2021 14:38 (784:27): ClientUserinfoChanged handling info: 2 \ip\78.37.41.109:14895\char_color_blue\255\char_color_green\255\char_color_red\255\saber2\none\saber1\single_5\cg_predictItems\1\sex\male\handicap\100\color2\4\color1\0\forcepowers\6-1-030330000000000333\model\jedi_kdm/head_a1|torso_b1|lower_d1\snaps\20\rate\4000\name\Padawan\teamtask\0\teamoverlay\1
2-24-2021 14:38 (784:27): ClientUserinfoChanged: 2 n\Padawan\t\0\model\jedi_kdm/head_a1|torso_b1|lower_d1\c1\0\c2\4\hc\100\w\0\l\0\tt\0\tl\0\st\single_5\st2\none\dt\0
2-24-2021 14:38 (784:27): ClientBegin: 2
2-24-2021 14:38 (784:32): say: astupidbot: cya
2-24-2021 14:38 (784:32): ClientDisconnect: 0
2-24-2021 14:38 (784:53): Kill: 2 1 3: Padawan killed Kyle by MOD_SABER
2-24-2021 14:38 (784:53): Exit: Timelimit hit.
2-24-2021 14:38 (784:53): score: 1  ping: 126  client: 2 Padawan
2-24-2021 14:38 (784:53): score: 0  ping: 50  client: 1 Kyle
2-24-2021 14:38 (784:54): ClientUserinfoChanged handling info: 1 \name\Kyle\team\0\skill\ 5.00\personality\botfiles/newkyle.jkb\saber2\none\saber1\kyle\color2\4\color1\1\sex\male\model\kyle\snaps\20\rate\25000
2-24-2021 14:38 (784:54): ClientUserinfoChanged: 1 n\Kyle\t\0\model\kyle\c1\1\c2\4\hc\100\w\0\l\0\skill\ 5.00\tt\0\tl\0\siegeclass\none\st\Kyle\st2\none\dt\0\sdt\0
2-24-2021 14:38 (785:02): ClientDisconnect: 2
2-25-2021 3:10 (1536:44): ClientConnect: 0
2-25-2021 3:10 (1536:44): ClientUserinfoChanged handling info: 0 \ip\204.237.88.242:40936\challenge\-88745525\qport\47778\protocol\26\name\Padawan\rate\4000\snaps\20\model\bespin_cop/default\forcepowers\6-1-030330000000000333\color1\4\color2\4\handicap\100\sex\male\cg_predictItems\1\saber1\single_1\saber2\none\char_color_red\255\char_color_green\255\char_color_blue\255\teamtask\0
2-25-2021 3:10 (1536:44): ClientUserinfoChanged: 0 n\Padawan\t\0\model\bespin_cop/default\c1\4\c2\4\hc\0\w\0\l\0\tt\0\tl\0\st\\st2\\dt\0
2-25-2021 3:10 (1536:44): IP: 204.237.88.242 Padawan
2-25-2021 3:10 (1536:57): ClientUserinfoChanged handling info: 0 \ip\204.237.88.242:40936\name\Padawan\rate\4000\snaps\20\model\bespin_cop/default\forcepowers\6-1-030330000000000333\color1\4\color2\4\handicap\100\sex\male\cg_predictItems\1\saber1\single_1\saber2\none\char_color_red\255\char_color_green\255\char_color_blue\255\teamtask\0\teamoverlay\1
2-25-2021 3:10 (1536:57): ClientUserinfoChanged: 0 n\Padawan\t\0\model\bespin_cop/default\c1\4\c2\4\hc\0\w\0\l\0\tt\0\tl\0\st\single_1\st2\none\dt\0
2-25-2021 3:10 (1536:57): ClientUserinfoChanged handling info: 0 \ip\204.237.88.242:40936\name\Padawan\rate\4000\snaps\20\model\bespin_cop/default\forcepowers\6-1-030330000000000333\color1\4\color2\4\handicap\100\sex\male\cg_predictItems\1\saber1\single_1\saber2\none\char_color_red\255\char_color_green\255\char_color_blue\255\teamtask\0\teamoverlay\1
2-25-2021 3:10 (1536:57): ClientUserinfoChanged: 0 n\Padawan\t\0\model\bespin_cop/default\c1\4\c2\4\hc\100\w\0\l\0\tt\0\tl\0\st\single_1\st2\none\dt\0
2-25-2021 3:10 (1536:57): ClientBegin: 0
2-25-2021 3:10 (1537:04): ShutdownGame:
2-25-2021 3:10 (1537:04): ------------------------------------------------------------
