5-32-2021 2:48 (0:00): ------------------------------------------------------------
5-32-2021 2:48 (0:00): InitGame: \version\JAmp: v1.0.1.0 linux-i386 Mar 14 2020\timelimit\45\sv_privateClients\0\sv_minRate\0\sv_minPing\0\sv_maxclients\32\sv_maxRate\0\sv_maxPing\999\sv_hostname\^7~^1~^7~ COMM SERVER ~^1~^7~\sv_fps\50\sv_floodProtectSlow\1\sv_floodProtect\1\sv_autoDemo\0\sv_allowDownload\0\serveruptime\45\protocol\26\mapname\t3_stamp\gamename\Lugormod\g_weaponDisable\0\g_stepSlideFix\0\g_siegeTeamSwitch\1\g_siegeTeam2\none\g_siegeTeam1\none\g_siegeRespawn\20\g_showDuelHealths\1\g_saberWallDamageScale\0.4\g_saberLocking\0\g_privateDuel\1535\g_noSpecMove\0\g_needpass\0\g_maxHolocronCarry\3\g_maxGameClients\0\g_maxForceRank\7\g_jediVmerc\0\g_gametype\0\g_gamemode\0\g_forceRegenTime\160\g_forcePowerDisable\0\g_forceBasedTeams\1\g_duelWeaponDisable\9\g_debugmelee\1\g_allowNPC\1\fs_game\lugormod\fraglimit\0\duel_fraglimit\10\dmflags\0\capturelimit\10\bot_minplayers\2\bg_fighterAltControl\0\Lugormod_Version\U#-0.0.0.91 Alpha
5-32-2021 2:49 (0:30): ClientConnect: 0
5-32-2021 2:49 (0:30): ClientUserinfoChanged handling info: 0 \team\0\skill\ 5.00\personality\botfiles/astupidbot.jkb\saber2\none\saber1\kyle\color2\4\color1\4\sex\male\model\jawa\snaps\20\rate\25000\name\astupidbot
5-32-2021 2:49 (0:30): ClientUserinfoChanged: 0 n\astupidbot\t\0\model\jawa\c1\4\c2\4\hc\0\w\0\l\0\skill\ 5.00\tt\0\tl\0\siegeclass\none\st\\st2\\dt\0\sdt\0
5-32-2021 2:49 (0:30): IP: localhost astupidbot
5-32-2021 2:49 (0:30): ClientUserinfoChanged handling info: 0 \team\0\skill\ 5.00\personality\botfiles/astupidbot.jkb\saber2\none\saber1\kyle\color2\4\color1\4\sex\male\model\jawa\snaps\20\rate\25000\name\astupidbot
5-32-2021 2:49 (0:30): ClientUserinfoChanged: 0 n\astupidbot\t\0\model\jawa\c1\4\c2\4\hc\100\w\0\l\0\skill\ 5.00\tt\0\tl\0\siegeclass\none\st\Kyle\st2\none\dt\0\sdt\0
5-32-2021 2:49 (0:30): ClientBegin: 0
5-32-2021 2:49 (0:51): ClientConnect: 1
5-32-2021 2:49 (0:51): ClientUserinfoChanged handling info: 1 \team\0\skill\ 5.00\personality\botfiles/newkyle.jkb\saber2\none\saber1\kyle\color2\4\color1\1\sex\male\model\kyle\snaps\20\rate\25000\name\Kyle
5-32-2021 2:49 (0:51): ClientUserinfoChanged: 1 n\Kyle\t\0\model\kyle\c1\1\c2\4\hc\0\w\0\l\0\skill\ 5.00\tt\0\tl\0\siegeclass\none\st\\st2\\dt\0\sdt\0
5-32-2021 2:49 (0:51): ClientUserinfoChanged handling info: 1 \name\Kyle\team\0\skill\ 5.00\personality\botfiles/newkyle.jkb\saber2\none\saber1\kyle\color2\4\color1\1\sex\male\model\kyle\snaps\20\rate\25000
5-32-2021 2:49 (0:51): ClientUserinfoChanged: 1 n\Kyle\t\0\model\kyle\c1\1\c2\4\hc\0\w\0\l\0\skill\ 5.00\tt\0\tl\0\siegeclass\none\st\\st2\\dt\0\sdt\0
5-32-2021 2:49 (0:51): IP: localhost Kyle
5-32-2021 2:49 (0:51): ClientUserinfoChanged handling info: 1 \name\Kyle\team\0\skill\ 5.00\personality\botfiles/newkyle.jkb\saber2\none\saber1\kyle\color2\4\color1\1\sex\male\monaps\2le\snaps\20\rate\25000
5-32-2021 2:49 (0:51): ClientUserinfoChanged: 1 n\Kyle\t\0\model\\c1\1\c2\4\hc\0\w\0\l\0\skill\ 5.00\tt\0\tl\0\siegeclass\none\st\\st2\\dt\0\sdt\0
5-32-2021 2:49 (0:51): ClientUserinfoChanged handling info: 1 \name\Kyle\team\0\skill\ 5.00\personality\botfiles/newkyle.jkb\saber2\none\saber1\kyle\color2\4\color1\1\sex\male\monaps\2le\snaps\20\rate\25000
5-32-2021 2:49 (0:51): ClientUserinfoChanged: 1 n\Kyle\t\0\model\\c1\1\c2\4\hc\100\w\0\l\0\skill\ 5.00\tt\0\tl\0\siegeclass\none\st\Kyle\st2\none\dt\0\sdt\0
5-32-2021 2:49 (0:51): ClientBegin: 1
6-2-2021 8:21 (1772:42): ClientConnect: 2
6-2-2021 8:21 (1772:42): ClientUserinfoChanged handling info: 2 \ip\174.21.29.233:29070\challenge\-1581228924\qport\35102\protocol\26\name\charles2000\rate\4000\snaps\20\model\chiss/default\forcepowers\7-1-030330000000000333\color1\0\color2\0\handicap\100\sex\male\cg_predictItems\1\saber1\single_1\saber2\single_1\char_color_red\255\char_color_green\255\char_color_blue\255\teamtask\0\password\nibba supreme\teamoverlay\1
6-2-2021 8:21 (1772:42): ClientUserinfoChanged: 2 n\charles2000\t\0\model\chiss/default\c1\0\c2\0\hc\0\w\0\l\0\tt\0\tl\0\st\\st2\\dt\0
6-2-2021 8:21 (1772:42): IP: 174.21.29.233 charles2000
6-2-2021 8:21 (1772:49): ClientUserinfoChanged handling info: 2 \ip\174.21.29.233:29070\name\charles2000\rate\4000\snaps\20\model\chiss/default\forcepowers\7-1-030330000000000333\color1\0\color2\0\handicap\100\sex\male\cg_predictItems\1\saber1\single_1\saber2\single_1\char_color_red\255\char_color_green\255\char_color_blue\255\teamtask\0\password\nibba supreme\teamoverlay\1
6-2-2021 8:21 (1772:49): ClientUserinfoChanged: 2 n\charles2000\t\0\model\chiss/default\c1\0\c2\0\hc\0\w\0\l\0\tt\0\tl\0\st\single_1\st2\single_1\dt\0
6-2-2021 8:21 (1772:49): ClientUserinfoChanged handling info: 2 \ip\174.21.29.233:29070\name\charles2000\rate\4000\snaps\20\model\chiss/default\forcepowers\7-1-030330000000000333\color1\0\color2\0\handicap\100\sex\male\cg_predictItems\1\saber1\single_1\saber2\single_1\char_color_red\255\char_color_green\255\char_color_blue\255\teamtask\0\password\nibba supreme\teamoverlay\1
6-2-2021 8:21 (1772:49): ClientUserinfoChanged: 2 n\charles2000\t\0\model\chiss/default\c1\0\c2\0\hc\100\w\0\l\0\tt\0\tl\0\st\single_1\st2\single_1\dt\0
6-2-2021 8:21 (1772:49): ClientBegin: 2
6-2-2021 8:21 (1773:06): say: astupidbot: cya
6-2-2021 8:21 (1773:06): ClientDisconnect: 0
6-2-2021 8:22 (1773:09): say: Kyle: bye bye Astupidbot
6-2-2021 8:22 (1773:12): ClientDisconnect: 2
6-2-2021 8:22 (1773:12): Exit: Timelimit hit.
6-2-2021 8:22 (1773:12): score: 0  ping: 43  client: 1 Kyle
6-2-2021 19: 2 (2413:14): ShutdownGame:
6-2-2021 19: 2 (2413:14): ------------------------------------------------------------
