4-20-2021 15:51 (1757:06): ------------------------------------------------------------
4-20-2021 15:51 (1757:06): InitGame: \version\JAmp: v1.0.1.0 linux-i386 Mar 14 2020\timelimit\45\sv_privateClients\0\sv_minRate\0\sv_minPing\0\sv_maxclients\32\sv_maxRate\0\sv_maxPing\999\sv_hostname\^7~^1~^7~ COMM SERVER ~^1~^7~\sv_fps\50\sv_floodProtectSlow\1\sv_floodProtect\1\sv_autoDemo\0\sv_allowDownload\0\serveruptime\33\protocol\26\mapname\t3_stamp\gamename\Lugormod\g_weaponDisable\0\g_stepSlideFix\0\g_siegeTeamSwitch\1\g_siegeTeam2\none\g_siegeTeam1\none\g_siegeRespawn\20\g_showDuelHealths\1\g_saberWallDamageScale\0.4\g_saberLocking\0\g_privateDuel\1535\g_noSpecMove\0\g_needpass\0\g_maxHolocronCarry\3\g_maxGameClients\0\g_maxForceRank\7\g_jediVmerc\0\g_gametype\0\g_gamemode\0\g_forceRegenTime\160\g_forcePowerDisable\0\g_forceBasedTeams\1\g_duelWeaponDisable\9\g_debugmelee\1\g_allowNPC\1\fs_game\lugormod\fraglimit\0\duel_fraglimit\10\dmflags\0\capturelimit\10\bot_minplayers\2\bg_fighterAltControl\0\Lugormod_Version\U#-0.0.0.91 Alpha
4-20-2021 15:51 (1757:06): ClientConnect: 1
4-20-2021 15:51 (1757:06): ClientUserinfoChanged handling info: 1 \saber1\default\name\Kyle\team\0\skill\ 5.00\personality\botfiles/newkyle.jkb\saber2\none\color1\1\sex\male\monaps\2le\snaps\2le\snaps\20\rate\25000
4-20-2021 15:51 (1757:06): ClientUserinfoChanged: 1 n\Kyle\t\0\model\\c1\1\c2\\hc\0\w\0\l\0\skill\ 5.00\tt\0\tl\0\siegeclass\none\st\default\st2\none\dt\0\sdt\0
4-20-2021 15:51 (1757:06): ClientUserinfoChanged handling info: 1 \name\Kyle\saber1\default\team\0\skill\ 5.00\personality\botfiles/newkyle.jkb\saber2\none\color1\1\sex\male\monaps\2le\snaps\2le\snaps\20\rate\25000
4-20-2021 15:51 (1757:06): ClientUserinfoChanged: 1 n\Kyle\t\0\model\\c1\1\c2\\hc\0\w\0\l\0\skill\ 5.00\tt\0\tl\0\siegeclass\none\st\default\st2\none\dt\0\sdt\0
4-20-2021 15:51 (1757:06): ClientUserinfoChanged handling info: 1 \name\Kyle\saber1\default\team\0\skill\ 5.00\personality\botfiles/newkyle.jkb\saber2\none\color1\1\sex\male\monaps\2le\snaps\2le\snaps\20\rate\25000
4-20-2021 15:51 (1757:06): ClientUserinfoChanged: 1 n\Kyle\t\0\model\\c1\1\c2\\hc\0\w\0\l\0\skill\ 5.00\tt\0\tl\0\siegeclass\none\st\default\st2\none\dt\0\sdt\0
4-20-2021 15:51 (1757:06): ClientUserinfoChanged handling info: 1 \name\Kyle\saber1\default\team\0\skill\ 5.00\personality\botfiles/newkyle.jkb\saber2\none\color1\1\sex\male\monaps\2le\snaps\2le\snaps\20\rate\25000
4-20-2021 15:51 (1757:06): ClientUserinfoChanged: 1 n\Kyle\t\0\model\\c1\1\c2\\hc\100\w\0\l\0\skill\ 5.00\tt\0\tl\0\siegeclass\none\st\default\st2\none\dt\0\sdt\0
4-20-2021 15:51 (1757:06): ClientBegin: 1
4-20-2021 15:51 (1757:06): ClientConnect: 2
4-20-2021 15:51 (1757:06): ClientUserinfoChanged handling info: 2 \ip\181.128.82.66:29070\name\Padawan\rate\4000\snaps\20\model\luke/default\forcepowers\6-1-030330000000000333\color1\0\color2\4\handicap\100\sex\male\cg_predictItems\1\saber1\single_1\saber2\none\char_color_red\255\char_color_green\255\char_color_blue\255\teamtask\0\teamoverlay\1
4-20-2021 15:51 (1757:06): ClientUserinfoChanged: 2 n\Padawan\t\0\model\luke/default\c1\0\c2\4\hc\0\w\0\l\0\tt\0\tl\0\st\single_1\st2\none\dt\0
4-20-2021 15:51 (1757:06): ClientUserinfoChanged handling info: 2 \ip\181.128.82.66:29070\name\Padawan\rate\4000\snaps\20\model\luke/default\forcepowers\6-1-030330000000000333\color1\0\color2\4\handicap\100\sex\male\cg_predictItems\1\saber1\single_1\saber2\none\char_color_red\255\char_color_green\255\char_color_blue\255\teamtask\0\teamoverlay\1
4-20-2021 15:51 (1757:06): ClientUserinfoChanged: 2 n\Padawan\t\0\model\luke/default\c1\0\c2\4\hc\0\w\0\l\0\tt\0\tl\0\st\single_1\st2\none\dt\0
4-20-2021 15:51 (1757:06): ClientUserinfoChanged handling info: 2 \ip\181.128.82.66:29070\name\Padawan\rate\4000\snaps\20\model\luke/default\forcepowers\6-1-030330000000000333\color1\0\color2\4\handicap\100\sex\male\cg_predictItems\1\saber1\single_1\saber2\none\char_color_red\255\char_color_green\255\char_color_blue\255\teamtask\0\teamoverlay\1
4-20-2021 15:51 (1757:06): ClientUserinfoChanged: 2 n\Padawan\t\0\model\luke/default\c1\0\c2\4\hc\100\w\0\l\0\tt\0\tl\0\st\single_1\st2\none\dt\0
4-20-2021 15:51 (1757:06): ClientBegin: 2
4-20-2021 15:51 (1757:37): Kill: 1 2 3: Kyle killed Padawan by MOD_SABER
4-20-2021 15:51 (1757:38): ClientUserinfoChanged handling info: 2 \ip\181.128.82.66:29070\name\Padawan\rate\4000\snaps\20\model\luke/default\forcepowers\6-1-030330000000000333\color1\0\color2\4\handicap\100\sex\male\cg_predictItems\1\saber1\single_1\saber2\none\char_color_red\255\char_color_green\255\char_color_blue\255\teamtask\0\teamoverlay\1
4-20-2021 15:51 (1757:38): ClientUserinfoChanged: 2 n\Padawan\t\0\model\luke/default\c1\0\c2\4\hc\100\w\0\l\0\tt\0\tl\0\st\single_1\st2\none\dt\0
4-20-2021 15:52 (1757:53): Kill: 1 2 3: Kyle killed Padawan by MOD_SABER
4-20-2021 15:52 (1757:57): ClientUserinfoChanged handling info: 2 \ip\181.128.82.66:29070\name\Padawan\rate\4000\snaps\20\model\luke/default\forcepowers\6-1-030330000000000333\color1\0\color2\4\handicap\100\sex\male\cg_predictItems\1\saber1\single_1\saber2\none\char_color_red\255\char_color_green\255\char_color_blue\255\teamtask\0\teamoverlay\1
4-20-2021 15:52 (1757:57): ClientUserinfoChanged: 2 n\Padawan\t\0\model\luke/default\c1\0\c2\4\hc\100\w\0\l\0\tt\0\tl\0\st\single_1\st2\none\dt\0
4-20-2021 15:52 (1758:09): Kill: 1 2 3: Kyle killed Padawan by MOD_SABER
4-20-2021 15:52 (1758:17): ClientUserinfoChanged handling info: 2 \ip\181.128.82.66:29070\name\Padawan\rate\4000\snaps\20\model\luke/default\forcepowers\6-1-030330000000000333\color1\0\color2\4\handicap\100\sex\male\cg_predictItems\1\saber1\single_1\saber2\none\char_color_red\255\char_color_green\255\char_color_blue\255\teamtask\0\teamoverlay\1
4-20-2021 15:52 (1758:17): ClientUserinfoChanged: 2 n\Padawan\t\0\model\luke/default\c1\0\c2\4\hc\100\w\0\l\0\tt\0\tl\0\st\single_1\st2\none\dt\0
4-20-2021 15:52 (1758:47): Kill: 2 1 1: Padawan killed Kyle by MOD_STUN_BATON
4-20-2021 15:52 (1758:49): ClientUserinfoChanged handling info: 1 \name\Kyle\saber1\default\team\0\skill\ 5.00\personality\botfiles/newkyle.jkb\saber2\none\color1\1\sex\male\monaps\2le\snaps\2le\snaps\20\rate\25000
4-20-2021 15:52 (1758:49): ClientUserinfoChanged: 1 n\Kyle\t\0\model\\c1\1\c2\\hc\100\w\0\l\0\skill\ 5.00\tt\0\tl\0\siegeclass\none\st\default\st2\none\dt\0\sdt\0
4-20-2021 15:52 (1758:49): say: Kyle: ouch
4-20-2021 15:53 (1759:19): Kill: 1 2 3: Kyle killed Padawan by MOD_SABER
4-20-2021 15:53 (1759:24): ClientUserinfoChanged handling info: 2 \ip\181.128.82.66:29070\name\Padawan\rate\4000\snaps\20\model\luke/default\forcepowers\6-1-030330000000000333\color1\0\color2\4\handicap\100\sex\male\cg_predictItems\1\saber1\single_1\saber2\none\char_color_red\255\char_color_green\255\char_color_blue\255\teamtask\0\teamoverlay\1
4-20-2021 15:53 (1759:24): ClientUserinfoChanged: 2 n\Padawan\t\0\model\luke/default\c1\0\c2\4\hc\100\w\0\l\0\tt\0\tl\0\st\single_1\st2\none\dt\0
4-20-2021 15:53 (1759:29): sayclose: Padawan: lol
4-20-2021 15:53 (1759:44): Kill: 1 2 3: Kyle killed Padawan by MOD_SABER
4-20-2021 15:53 (1759:49): ClientUserinfoChanged handling info: 2 \ip\181.128.82.66:29070\name\Padawan\rate\4000\snaps\20\model\luke/default\forcepowers\6-1-030330000000000333\color1\0\color2\4\handicap\100\sex\male\cg_predictItems\1\saber1\single_1\saber2\none\char_color_red\255\char_color_green\255\char_color_blue\255\teamtask\0\teamoverlay\1
4-20-2021 15:53 (1759:49): ClientUserinfoChanged: 2 n\Padawan\t\0\model\luke/default\c1\0\c2\4\hc\100\w\0\l\0\tt\0\tl\0\st\single_1\st2\none\dt\0
4-20-2021 15:54 (1760:07): Kill: 2 1 3: Padawan killed Kyle by MOD_SABER
4-20-2021 15:54 (1760:08): ClientUserinfoChanged handling info: 1 \name\Kyle\saber1\default\team\0\skill\ 5.00\personality\botfiles/newkyle.jkb\saber2\none\color1\1\sex\male\monaps\2le\snaps\2le\snaps\20\rate\25000
4-20-2021 15:54 (1760:08): ClientUserinfoChanged: 1 n\Kyle\t\0\model\\c1\1\c2\\hc\100\w\0\l\0\skill\ 5.00\tt\0\tl\0\siegeclass\none\st\default\st2\none\dt\0\sdt\0
4-20-2021 15:55 (1760:53): Kill: 1 2 3: Kyle killed Padawan by MOD_SABER
4-20-2021 15:55 (1760:55): ClientUserinfoChanged handling info: 2 \ip\181.128.82.66:29070\name\Padawan\rate\4000\snaps\20\model\luke/default\forcepowers\6-1-030330000000000333\color1\0\color2\4\handicap\100\sex\male\cg_predictItems\1\saber1\single_1\saber2\none\char_color_red\255\char_color_green\255\char_color_blue\255\teamtask\0\teamoverlay\1
4-20-2021 15:55 (1760:55): ClientUserinfoChanged: 2 n\Padawan\t\0\model\luke/default\c1\0\c2\4\hc\100\w\0\l\0\tt\0\tl\0\st\single_1\st2\none\dt\0
4-20-2021 15:55 (1761:04): Kill: 2 1 3: Padawan killed Kyle by MOD_SABER
4-20-2021 15:55 (1761:05): ClientUserinfoChanged handling info: 1 \name\Kyle\saber1\default\team\0\skill\ 5.00\personality\botfiles/newkyle.jkb\saber2\none\color1\1\sex\male\monaps\2le\snaps\2le\snaps\20\rate\25000
4-20-2021 15:55 (1761:05): ClientUserinfoChanged: 1 n\Kyle\t\0\model\\c1\1\c2\\hc\100\w\0\l\0\skill\ 5.00\tt\0\tl\0\siegeclass\none\st\default\st2\none\dt\0\sdt\0
4-20-2021 15:55 (1761:11): Kill: 1 2 3: Kyle killed Padawan by MOD_SABER
4-20-2021 15:55 (1761:13): ClientUserinfoChanged handling info: 2 \ip\181.128.82.66:29070\name\Padawan\rate\4000\snaps\20\model\luke/default\forcepowers\6-1-030330000000000333\color1\0\color2\4\handicap\100\sex\male\cg_predictItems\1\saber1\single_1\saber2\none\char_color_red\255\char_color_green\255\char_color_blue\255\teamtask\0\teamoverlay\1
4-20-2021 15:55 (1761:13): ClientUserinfoChanged: 2 n\Padawan\t\0\model\luke/default\c1\0\c2\4\hc\100\w\0\l\0\tt\0\tl\0\st\single_1\st2\none\dt\0
4-20-2021 15:56 (1762:28): Kill: 2 1 3: Padawan killed Kyle by MOD_SABER
4-20-2021 15:56 (1762:29): ClientUserinfoChanged handling info: 1 \name\Kyle\saber1\default\team\0\skill\ 5.00\personality\botfiles/newkyle.jkb\saber2\none\color1\1\sex\male\monaps\2le\snaps\2le\snaps\20\rate\25000
4-20-2021 15:56 (1762:29): ClientUserinfoChanged: 1 n\Kyle\t\0\model\\c1\1\c2\\hc\100\w\0\l\0\skill\ 5.00\tt\0\tl\0\siegeclass\none\st\default\st2\none\dt\0\sdt\0
4-20-2021 15:57 (1763:16): Kill: 1 2 3: Kyle killed Padawan by MOD_SABER
4-20-2021 15:57 (1763:24): ClientUserinfoChanged handling info: 2 \ip\181.128.82.66:29070\name\Padawan\rate\4000\snaps\20\model\luke/default\forcepowers\6-1-030330000000000333\color1\0\color2\4\handicap\100\sex\male\cg_predictItems\1\saber1\single_1\saber2\none\char_color_red\255\char_color_green\255\char_color_blue\255\teamtask\0\teamoverlay\1
4-20-2021 15:57 (1763:24): ClientUserinfoChanged: 2 n\Padawan\t\0\model\luke/default\c1\0\c2\4\hc\100\w\0\l\0\tt\0\tl\0\st\single_1\st2\none\dt\0
4-20-2021 15:57 (1763:32): Kill: 2 1 3: Padawan killed Kyle by MOD_SABER
4-20-2021 15:57 (1763:33): ClientUserinfoChanged handling info: 1 \name\Kyle\saber1\default\team\0\skill\ 5.00\personality\botfiles/newkyle.jkb\saber2\none\color1\1\sex\male\monaps\2le\snaps\2le\snaps\20\rate\25000
4-20-2021 15:57 (1763:33): ClientUserinfoChanged: 1 n\Kyle\t\0\model\\c1\1\c2\\hc\100\w\0\l\0\skill\ 5.00\tt\0\tl\0\siegeclass\none\st\default\st2\none\dt\0\sdt\0
4-20-2021 15:58 (1764:07): Kill: 2 1 3: Padawan killed Kyle by MOD_SABER
4-20-2021 15:58 (1764:08): ClientUserinfoChanged handling info: 1 \name\Kyle\saber1\default\team\0\skill\ 5.00\personality\botfiles/newkyle.jkb\saber2\none\color1\1\sex\male\monaps\2le\snaps\2le\snaps\20\rate\25000
4-20-2021 15:58 (1764:08): ClientUserinfoChanged: 1 n\Kyle\t\0\model\\c1\1\c2\\hc\100\w\0\l\0\skill\ 5.00\tt\0\tl\0\siegeclass\none\st\default\st2\none\dt\0\sdt\0
4-20-2021 15:58 (1764:33): Kill: 2 1 3: Padawan killed Kyle by MOD_SABER
4-20-2021 15:58 (1764:34): ClientUserinfoChanged handling info: 1 \name\Kyle\saber1\default\team\0\skill\ 5.00\personality\botfiles/newkyle.jkb\saber2\none\color1\1\sex\male\monaps\2le\snaps\2le\snaps\20\rate\25000
4-20-2021 15:58 (1764:34): ClientUserinfoChanged: 1 n\Kyle\t\0\model\\c1\1\c2\\hc\100\w\0\l\0\skill\ 5.00\tt\0\tl\0\siegeclass\none\st\default\st2\none\dt\0\sdt\0
4-20-2021 15:58 (1764:34): say: Kyle: dang
4-20-2021 15:58 (1764:44): Kill: 1 2 3: Kyle killed Padawan by MOD_SABER
4-20-2021 15:58 (1764:47): ClientUserinfoChanged handling info: 2 \ip\181.128.82.66:29070\name\Padawan\rate\4000\snaps\20\model\luke/default\forcepowers\6-1-030330000000000333\color1\0\color2\4\handicap\100\sex\male\cg_predictItems\1\saber1\single_1\saber2\none\char_color_red\255\char_color_green\255\char_color_blue\255\teamtask\0\teamoverlay\1
4-20-2021 15:58 (1764:47): ClientUserinfoChanged: 2 n\Padawan\t\0\model\luke/default\c1\0\c2\4\hc\100\w\0\l\0\tt\0\tl\0\st\single_1\st2\none\dt\0
4-20-2021 16: 0 (1766:08): Kill: 2 1 3: Padawan killed Kyle by MOD_SABER
4-20-2021 16: 0 (1766:10): ClientUserinfoChanged handling info: 1 \name\Kyle\saber1\default\team\0\skill\ 5.00\personality\botfiles/newkyle.jkb\saber2\none\color1\1\sex\male\monaps\2le\snaps\2le\snaps\20\rate\25000
4-20-2021 16: 0 (1766:10): ClientUserinfoChanged: 1 n\Kyle\t\0\model\\c1\1\c2\\hc\100\w\0\l\0\skill\ 5.00\tt\0\tl\0\siegeclass\none\st\default\st2\none\dt\0\sdt\0
4-20-2021 16: 0 (1766:10): say: Kyle: Good Fight
4-20-2021 16: 0 (1766:27): say: Padawan: :)
4-20-2021 16: 0 (1766:39): Kill: 1 2 3: Kyle killed Padawan by MOD_SABER
4-20-2021 16: 0 (1766:42): ClientUserinfoChanged handling info: 2 \ip\181.128.82.66:29070\name\Padawan\rate\4000\snaps\20\model\luke/default\forcepowers\6-1-030330000000000333\color1\0\color2\4\handicap\100\sex\male\cg_predictItems\1\saber1\single_1\saber2\none\char_color_red\255\char_color_green\255\char_color_blue\255\teamtask\0\teamoverlay\1
4-20-2021 16: 0 (1766:42): ClientUserinfoChanged: 2 n\Padawan\t\0\model\luke/default\c1\0\c2\4\hc\100\w\0\l\0\tt\0\tl\0\st\single_1\st2\none\dt\0
4-20-2021 16: 1 (1767:03): Kill: 2 1 3: Padawan killed Kyle by MOD_SABER
4-20-2021 16: 1 (1767:05): ClientUserinfoChanged handling info: 1 \name\Kyle\saber1\default\team\0\skill\ 5.00\personality\botfiles/newkyle.jkb\saber2\none\color1\1\sex\male\monaps\2le\snaps\2le\snaps\20\rate\25000
4-20-2021 16: 1 (1767:05): ClientUserinfoChanged: 1 n\Kyle\t\0\model\\c1\1\c2\\hc\100\w\0\l\0\skill\ 5.00\tt\0\tl\0\siegeclass\none\st\default\st2\none\dt\0\sdt\0
4-20-2021 16: 1 (1767:05): say: Kyle: Good Fight
4-20-2021 16: 1 (1767:42): Kill: 1 2 3: Kyle killed Padawan by MOD_SABER
4-20-2021 16: 1 (1767:43): ClientUserinfoChanged handling info: 2 \ip\181.128.82.66:29070\name\Padawan\rate\4000\snaps\20\model\luke/default\forcepowers\6-1-030330000000000333\color1\0\color2\4\handicap\100\sex\male\cg_predictItems\1\saber1\single_1\saber2\none\char_color_red\255\char_color_green\255\char_color_blue\255\teamtask\0\teamoverlay\1
4-20-2021 16: 1 (1767:43): ClientUserinfoChanged: 2 n\Padawan\t\0\model\luke/default\c1\0\c2\4\hc\100\w\0\l\0\tt\0\tl\0\st\single_1\st2\none\dt\0
4-20-2021 16: 1 (1767:44): say: Kyle: hehe!
4-20-2021 16: 2 (1767:53): Kill: 2 1 3: Padawan killed Kyle by MOD_SABER
4-20-2021 16: 2 (1767:55): ClientUserinfoChanged handling info: 1 \name\Kyle\saber1\default\team\0\skill\ 5.00\personality\botfiles/newkyle.jkb\saber2\none\color1\1\sex\male\monaps\2le\snaps\2le\snaps\20\rate\25000
4-20-2021 16: 2 (1767:55): ClientUserinfoChanged: 1 n\Kyle\t\0\model\\c1\1\c2\\hc\100\w\0\l\0\skill\ 5.00\tt\0\tl\0\siegeclass\none\st\default\st2\none\dt\0\sdt\0
4-20-2021 16: 2 (1767:55): say: Kyle: gf
4-20-2021 16: 2 (1768:30): Kill: 2 1 3: Padawan killed Kyle by MOD_SABER
4-20-2021 16: 2 (1768:31): ClientUserinfoChanged handling info: 1 \name\Kyle\saber1\default\team\0\skill\ 5.00\personality\botfiles/newkyle.jkb\saber2\none\color1\1\sex\male\monaps\2le\snaps\2le\snaps\20\rate\25000
4-20-2021 16: 2 (1768:31): ClientUserinfoChanged: 1 n\Kyle\t\0\model\\c1\1\c2\\hc\100\w\0\l\0\skill\ 5.00\tt\0\tl\0\siegeclass\none\st\default\st2\none\dt\0\sdt\0
4-20-2021 16: 2 (1768:46): Kill: 1 2 3: Kyle killed Padawan by MOD_SABER
4-20-2021 16: 2 (1768:48): ClientUserinfoChanged handling info: 2 \ip\181.128.82.66:29070\name\Padawan\rate\4000\snaps\20\model\luke/default\forcepowers\6-1-030330000000000333\color1\0\color2\4\handicap\100\sex\male\cg_predictItems\1\saber1\single_1\saber2\none\char_color_red\255\char_color_green\255\char_color_blue\255\teamtask\0\teamoverlay\1
4-20-2021 16: 2 (1768:48): ClientUserinfoChanged: 2 n\Padawan\t\0\model\luke/default\c1\0\c2\4\hc\100\w\0\l\0\tt\0\tl\0\st\single_1\st2\none\dt\0
4-20-2021 16: 2 (1768:48): say: Kyle: Good Fight
4-20-2021 16: 3 (1769:12): Kill: 2 1 3: Padawan killed Kyle by MOD_SABER
4-20-2021 16: 3 (1769:14): ClientUserinfoChanged handling info: 1 \name\Kyle\saber1\default\team\0\skill\ 5.00\personality\botfiles/newkyle.jkb\saber2\none\color1\1\sex\male\monaps\2le\snaps\2le\snaps\20\rate\25000
4-20-2021 16: 3 (1769:14): ClientUserinfoChanged: 1 n\Kyle\t\0\model\\c1\1\c2\\hc\100\w\0\l\0\skill\ 5.00\tt\0\tl\0\siegeclass\none\st\default\st2\none\dt\0\sdt\0
4-20-2021 16: 3 (1769:39): Kill: 1 2 3: Kyle killed Padawan by MOD_SABER
4-20-2021 16: 3 (1769:41): ClientUserinfoChanged handling info: 2 \ip\181.128.82.66:29070\name\Padawan\rate\4000\snaps\20\model\luke/default\forcepowers\6-1-030330000000000333\color1\0\color2\4\handicap\100\sex\male\cg_predictItems\1\saber1\single_1\saber2\none\char_color_red\255\char_color_green\255\char_color_blue\255\teamtask\0\teamoverlay\1
4-20-2021 16: 3 (1769:41): ClientUserinfoChanged: 2 n\Padawan\t\0\model\luke/default\c1\0\c2\4\hc\100\w\0\l\0\tt\0\tl\0\st\single_1\st2\none\dt\0
4-20-2021 16: 5 (1770:53): Kill: 1 2 3: Kyle killed Padawan by MOD_SABER
4-20-2021 16: 5 (1770:55): ClientUserinfoChanged handling info: 2 \ip\181.128.82.66:29070\name\Padawan\rate\4000\snaps\20\model\luke/default\forcepowers\6-1-030330000000000333\color1\0\color2\4\handicap\100\sex\male\cg_predictItems\1\saber1\single_1\saber2\none\char_color_red\255\char_color_green\255\char_color_blue\255\teamtask\0\teamoverlay\1
4-20-2021 16: 5 (1770:55): ClientUserinfoChanged: 2 n\Padawan\t\0\model\luke/default\c1\0\c2\4\hc\100\w\0\l\0\tt\0\tl\0\st\single_1\st2\none\dt\0
4-20-2021 16: 5 (1771:10): Kill: 2 1 3: Padawan killed Kyle by MOD_SABER
4-20-2021 16: 5 (1771:11): ClientUserinfoChanged handling info: 1 \name\Kyle\saber1\default\team\0\skill\ 5.00\personality\botfiles/newkyle.jkb\saber2\none\color1\1\sex\male\monaps\2le\snaps\2le\snaps\20\rate\25000
4-20-2021 16: 5 (1771:11): ClientUserinfoChanged: 1 n\Kyle\t\0\model\\c1\1\c2\\hc\100\w\0\l\0\skill\ 5.00\tt\0\tl\0\siegeclass\none\st\default\st2\none\dt\0\sdt\0
4-20-2021 16: 6 (1771:52): Kill: 1 2 3: Kyle killed Padawan by MOD_SABER
4-20-2021 16: 6 (1772:30): ClientUserinfoChanged handling info: 2 \ip\181.128.82.66:29070\name\Padawan\rate\4000\snaps\20\model\boba_fett/default\forcepowers\6-1-030330000000000333\color1\0\color2\4\handicap\100\sex\male\cg_predictItems\1\saber1\dual_5\saber2\none\char_color_red\255\char_color_green\255\char_color_blue\255\teamtask\0\teamoverlay\1
4-20-2021 16: 6 (1772:30): ClientUserinfoChanged: 2 n\Padawan\t\0\model\boba_fett/default\c1\0\c2\4\hc\100\w\0\l\0\tt\0\tl\0\st\single_1\st2\none\dt\0
4-20-2021 16: 6 (1772:31): ClientUserinfoChanged handling info: 2 \ip\181.128.82.66:29070\name\Padawan\rate\4000\snaps\20\model\boba_fett/default\forcepowers\6-1-030330000000000333\color1\0\color2\4\handicap\100\sex\male\cg_predictItems\1\saber1\dual_5\saber2\none\char_color_red\255\char_color_green\255\char_color_blue\255\teamtask\0\teamoverlay\1
4-20-2021 16: 6 (1772:31): ClientUserinfoChanged: 2 n\Padawan\t\0\model\boba_fett/default\c1\0\c2\4\hc\100\w\0\l\0\tt\0\tl\0\st\dual_5\st2\none\dt\0
4-20-2021 16: 6 (1772:31): ClientUserinfoChanged handling info: 2 \ip\181.128.82.66:29070\name\Padawan\rate\4000\snaps\20\model\boba_fett/default\forcepowers\6-1-030330000000000333\color1\0\color2\4\handicap\100\sex\male\cg_predictItems\1\saber1\dual_5\saber2\none\char_color_red\255\char_color_green\255\char_color_blue\255\teamtask\0\teamoverlay\1
4-20-2021 16: 6 (1772:31): ClientUserinfoChanged: 2 n\Padawan\t\0\model\boba_fett/default\c1\0\c2\4\hc\100\w\0\l\0\tt\0\tl\0\st\dual_5\st2\none\dt\0
4-20-2021 16: 7 (1773:24): Kill: 2 1 3: Padawan killed Kyle by MOD_SABER
4-20-2021 16: 7 (1773:25): ClientUserinfoChanged handling info: 1 \name\Kyle\saber1\default\team\0\skill\ 5.00\personality\botfiles/newkyle.jkb\saber2\none\color1\1\sex\male\monaps\2le\snaps\2le\snaps\20\rate\25000
4-20-2021 16: 7 (1773:25): ClientUserinfoChanged: 1 n\Kyle\t\0\model\\c1\1\c2\\hc\100\w\0\l\0\skill\ 5.00\tt\0\tl\0\siegeclass\none\st\default\st2\none\dt\0\sdt\0
4-20-2021 16: 8 (1773:52): Kill: 1 2 3: Kyle killed Padawan by MOD_SABER
4-20-2021 16: 8 (1773:54): ClientUserinfoChanged handling info: 2 \ip\181.128.82.66:29070\name\Padawan\rate\4000\snaps\20\model\boba_fett/default\forcepowers\6-1-030330000000000333\color1\0\color2\4\handicap\100\sex\male\cg_predictItems\1\saber1\dual_5\saber2\none\char_color_red\255\char_color_green\255\char_color_blue\255\teamtask\0\teamoverlay\1
4-20-2021 16: 8 (1773:54): ClientUserinfoChanged: 2 n\Padawan\t\0\model\boba_fett/default\c1\0\c2\4\hc\100\w\0\l\0\tt\0\tl\0\st\dual_5\st2\none\dt\0
4-20-2021 16: 8 (1773:55): say: Kyle: ^1Good Fight ^7 Padawan
4-20-2021 16: 8 (1774:50): Kill: 2 1 3: Padawan killed Kyle by MOD_SABER
4-20-2021 16: 9 (1774:51): ClientUserinfoChanged handling info: 1 \name\Kyle\saber1\default\team\0\skill\ 5.00\personality\botfiles/newkyle.jkb\saber2\none\color1\1\sex\male\monaps\2le\snaps\2le\snaps\20\rate\25000
4-20-2021 16: 9 (1774:51): ClientUserinfoChanged: 1 n\Kyle\t\0\model\\c1\1\c2\\hc\100\w\0\l\0\skill\ 5.00\tt\0\tl\0\siegeclass\none\st\default\st2\none\dt\0\sdt\0
4-20-2021 16: 9 (1775:17): ClientUserinfoChanged handling info: 2 \ip\181.128.82.66:29070\name\Padawan\rate\4000\snaps\20\model\chewbacca/default\forcepowers\6-1-030330000000000333\color1\3\color2\0\handicap\100\sex\male\cg_predictItems\1\saber1\single_5\saber2\Kyle\char_color_red\255\char_color_green\255\char_color_blue\255\teamtask\0\teamoverlay\1
4-20-2021 16: 9 (1775:17): ClientUserinfoChanged: 2 n\Padawan\t\0\model\chewbacca/default\c1\3\c2\0\hc\100\w\0\l\0\tt\0\tl\0\st\dual_5\st2\none\dt\0
4-20-2021 16:10 (1776:34): Kill: 1 2 3: Kyle killed Padawan by MOD_SABER
4-20-2021 16:10 (1776:35): ClientUserinfoChanged handling info: 2 \ip\181.128.82.66:29070\name\Padawan\rate\4000\snaps\20\model\chewbacca/default\forcepowers\6-1-030330000000000333\color1\3\color2\0\handicap\100\sex\male\cg_predictItems\1\saber1\single_5\saber2\Kyle\char_color_red\255\char_color_green\255\char_color_blue\255\teamtask\0\teamoverlay\1
4-20-2021 16:10 (1776:35): ClientUserinfoChanged: 2 n\Padawan\t\0\model\chewbacca/default\c1\3\c2\0\hc\100\w\0\l\0\tt\0\tl\0\st\single_5\st2\Kyle\dt\0
4-20-2021 16:10 (1776:35): ClientUserinfoChanged handling info: 2 \ip\181.128.82.66:29070\name\Padawan\rate\4000\snaps\20\model\chewbacca/default\forcepowers\6-1-030330000000000333\color1\3\color2\0\handicap\100\sex\male\cg_predictItems\1\saber1\single_5\saber2\Kyle\char_color_red\255\char_color_green\255\char_color_blue\255\teamtask\0\teamoverlay\1
4-20-2021 16:10 (1776:35): ClientUserinfoChanged: 2 n\Padawan\t\0\model\chewbacca/default\c1\3\c2\0\hc\100\w\0\l\0\tt\0\tl\0\st\single_5\st2\Kyle\dt\0
4-20-2021 16:11 (1777:13): ClientDisconnect: 2
4-20-2021 16:11 (1777:28): ClientConnect: 0
4-20-2021 16:11 (1777:28): ClientUserinfoChanged handling info: 0 \team\0\skill\ 5.00\personality\botfiles/astupidbot.jkb\saber2\none\saber1\kyle\color2\4\color1\4\sex\male\model\jawa\snaps\20\rate\25000\name\astupidbot
4-20-2021 16:11 (1777:28): ClientUserinfoChanged: 0 n\astupidbot\t\0\model\jawa\c1\4\c2\4\hc\0\w\0\l\0\skill\ 5.00\tt\0\tl\0\siegeclass\none\st\\st2\\dt\0\sdt\0
4-20-2021 16:11 (1777:28): IP: localhost astupidbot
4-20-2021 16:11 (1777:28): ClientUserinfoChanged handling info: 0 \team\0\skill\ 5.00\personality\botfiles/astupidbot.jkb\saber2\none\saber1\kyle\color2\4\color1\4\sex\male\model\jawa\snaps\20\rate\25000\name\astupidbot
4-20-2021 16:11 (1777:28): ClientUserinfoChanged: 0 n\astupidbot\t\0\model\jawa\c1\4\c2\4\hc\100\w\0\l\0\skill\ 5.00\tt\0\tl\0\siegeclass\none\st\Kyle\st2\none\dt\0\sdt\0
4-20-2021 16:11 (1777:28): ClientBegin: 0
4-20-2021 16:36 (1802:06): Exit: Timelimit hit.
4-20-2021 16:36 (1802:06): score: 17  ping: 41  client: 1 Kyle
4-20-2021 16:36 (1802:06): score: 0  ping: 45  client: 0 astupidbot
4-20-2021 16:40 (1805:58): ClientConnect: 2
4-20-2021 16:40 (1805:58): ClientUserinfoChanged handling info: 2 \ip\213.21.88.136:29070\challenge\-639387277\qport\6982\protocol\26\name\TMMETOTT\rate\5000\snaps\20\model\kyle/default\forcepowers\7-2-030300003000033220\color1\0\color2\0\handicap\100\sex\538075656\cg_predictItems\1\saber1\single_1\saber2\single_2\char_color_red\255\char_color_green\255\char_color_blue\255\teamtask\0\teamoverlay\1
4-20-2021 16:40 (1805:58): ClientUserinfoChanged: 2 n\TMMETOTT\t\0\model\kyle/default\c1\0\c2\0\hc\0\w\0\l\0\tt\0\tl\0\st\\st2\\dt\0
4-20-2021 16:40 (1805:58): IP: 213.21.88.136 TMMETOTT
4-20-2021 16:40 (1806:03): ClientUserinfoChanged handling info: 2 \ip\213.21.88.136:29070\name\TMMETOTT\rate\5000\snaps\20\model\kyle/default\forcepowers\7-2-030300003000033220\color1\0\color2\0\handicap\100\sex\538075656\cg_predictItems\1\saber1\single_1\saber2\single_2\char_color_red\255\char_color_green\255\char_color_blue\255\teamtask\0\teamoverlay\1
4-20-2021 16:40 (1806:03): ClientUserinfoChanged: 2 n\TMMETOTT\t\0\model\kyle/default\c1\0\c2\0\hc\0\w\0\l\0\tt\0\tl\0\st\single_1\st2\single_2\dt\0
4-20-2021 16:40 (1806:03): ClientUserinfoChanged handling info: 2 \ip\213.21.88.136:29070\name\TMMETOTT\rate\5000\snaps\20\model\kyle/default\forcepowers\7-2-030300003000033220\color1\0\color2\0\handicap\100\sex\538075656\cg_predictItems\1\saber1\single_1\saber2\single_2\char_color_red\255\char_color_green\255\char_color_blue\255\teamtask\0\teamoverlay\1
4-20-2021 16:40 (1806:03): ClientUserinfoChanged: 2 n\TMMETOTT\t\0\model\kyle/default\c1\0\c2\0\hc\100\w\0\l\0\tt\0\tl\0\st\single_1\st2\single_2\dt\0
4-20-2021 16:40 (1806:03): ClientBegin: 2
4-20-2021 16:40 (1806:12): ShutdownGame:
4-20-2021 16:40 (1806:12): ------------------------------------------------------------
4-20-2021 16:40 (1806:12): ------------------------------------------------------------
4-20-2021 16:40 (1806:12): InitGame: \version\JAmp: v1.0.1.0 linux-i386 Mar 14 2020\timelimit\45\sv_privateClients\0\sv_minRate\0\sv_minPing\0\sv_maxclients\32\sv_maxRate\0\sv_maxPing\999\sv_hostname\^7~^1~^7~ COMM SERVER ~^1~^7~\sv_fps\50\sv_floodProtectSlow\1\sv_floodProtect\1\sv_autoDemo\0\sv_allowDownload\0\serveruptime\33\protocol\26\mapname\t3_stamp\gamename\Lugormod\g_weaponDisable\0\g_stepSlideFix\0\g_siegeTeamSwitch\1\g_siegeTeam2\none\g_siegeTeam1\none\g_siegeRespawn\20\g_showDuelHealths\1\g_saberWallDamageScale\0.4\g_saberLocking\0\g_privateDuel\1535\g_noSpecMove\0\g_needpass\0\g_maxHolocronCarry\3\g_maxGameClients\0\g_maxForceRank\7\g_jediVmerc\0\g_gametype\0\g_gamemode\0\g_forceRegenTime\160\g_forcePowerDisable\0\g_forceBasedTeams\1\g_duelWeaponDisable\9\g_debugmelee\1\g_allowNPC\1\fs_game\lugormod\fraglimit\0\duel_fraglimit\10\dmflags\0\capturelimit\10\bot_minplayers\2\bg_fighterAltControl\0\Lugormod_Version\U#-0.0.0.91 Alpha
4-20-2021 16:40 (1806:12): ClientConnect: 0
4-20-2021 16:40 (1806:12): ClientUserinfoChanged handling info: 0 \team\0\skill\ 5.00\personality\botfiles/astupidbot.jkb\saber2\none\saber1\kyle\color2\4\color1\4\sex\male\model\jawa\snaps\20\rate\25000\name\astupidbot
4-20-2021 16:40 (1806:12): ClientUserinfoChanged: 0 n\astupidbot\t\0\model\jawa\c1\4\c2\4\hc\0\w\0\l\0\skill\ 5.00\tt\0\tl\0\siegeclass\none\st\Kyle\st2\none\dt\0\sdt\0
4-20-2021 16:40 (1806:12): ClientUserinfoChanged handling info: 0 \team\0\skill\ 5.00\personality\botfiles/astupidbot.jkb\saber2\none\saber1\kyle\color2\4\color1\4\sex\male\model\jawa\snaps\20\rate\25000\name\astupidbot
4-20-2021 16:40 (1806:12): ClientUserinfoChanged: 0 n\astupidbot\t\0\model\jawa\c1\4\c2\4\hc\100\w\0\l\0\skill\ 5.00\tt\0\tl\0\siegeclass\none\st\Kyle\st2\none\dt\0\sdt\0
4-20-2021 16:40 (1806:12): ClientBegin: 0
4-20-2021 16:40 (1806:12): ClientConnect: 1
4-20-2021 16:40 (1806:12): ClientUserinfoChanged handling info: 1 \name\Kyle\saber1\default\team\0\skill\ 5.00\personality\botfiles/newkyle.jkb\saber2\none\color1\1\sex\male\monaps\2le\snaps\2le\snaps\20\rate\25000
4-20-2021 16:40 (1806:12): ClientUserinfoChanged: 1 n\Kyle\t\0\model\\c1\1\c2\\hc\0\w\0\l\0\skill\ 5.00\tt\0\tl\0\siegeclass\none\st\default\st2\none\dt\0\sdt\0
4-20-2021 16:40 (1806:12): ClientUserinfoChanged handling info: 1 \name\Kyle\saber1\default\team\0\skill\ 5.00\personality\botfiles/newkyle.jkb\saber2r1\1\sex\male\monaps\2le\snaps\2le\snaps\2le\snaps\20\rate\25000
4-20-2021 16:40 (1806:12): ClientUserinfoChanged: 1 n\Kyle\t\0\model\\c1\\c2\\hc\0\w\0\l\0\skill\ 5.00\tt\0\tl\0\siegeclass\none\st\default\st2\none\dt\0\sdt\0
4-20-2021 16:40 (1806:12): ClientUserinfoChanged handling info: 1 \saber2\none\name\Kyle\saber1\default\team\0\skill\ 5.00\personality\botfiles/newkyle.jkb\saber2r1\1\sex\male\monaps\2le\snaps\2le\snaps\2le\snaps\20\rate\25000
4-20-2021 16:40 (1806:12): ClientUserinfoChanged: 1 n\Kyle\t\0\model\\c1\\c2\\hc\0\w\0\l\0\skill\ 5.00\tt\0\tl\0\siegeclass\none\st\default\st2\none\dt\0\sdt\0
4-20-2021 16:40 (1806:12): ClientUserinfoChanged handling info: 1 \saber2\none\name\Kyle\saber1\default\team\0\skill\ 5.00\personality\botfiles/newkyle.jkb\saber2r1\1\sex\male\monaps\2le\snaps\2le\snaps\2le\snaps\20\rate\25000
4-20-2021 16:40 (1806:12): ClientUserinfoChanged: 1 n\Kyle\t\0\model\\c1\\c2\\hc\100\w\0\l\0\skill\ 5.00\tt\0\tl\0\siegeclass\none\st\default\st2\none\dt\0\sdt\0
4-20-2021 16:40 (1806:12): ClientBegin: 1
4-20-2021 16:40 (1806:12): ClientConnect: 2
4-20-2021 16:40 (1806:12): ClientUserinfoChanged handling info: 2 \ip\213.21.88.136:29070\name\TMMETOTT\rate\5000\snaps\20\model\kyle/default\forcepowers\7-2-030300003000033220\color1\0\color2\0\handicap\100\sex\538075656\cg_predictItems\1\saber1\single_1\saber2\single_2\char_color_red\255\char_color_green\255\char_color_blue\255\teamtask\0\teamoverlay\1
4-20-2021 16:40 (1806:12): ClientUserinfoChanged: 2 n\TMMETOTT\t\0\model\kyle/default\c1\0\c2\0\hc\0\w\0\l\0\tt\0\tl\0\st\single_1\st2\single_2\dt\0
4-20-2021 16:40 (1806:12): ClientUserinfoChanged handling info: 2 \ip\213.21.88.136:29070\name\TMMETOTT\rate\5000\snaps\20\model\kyle/default\forcepowers\7-2-030300003000033220\color1\0\color2\0\handicap\100\sex\538075656\cg_predictItems\1\saber1\single_1\saber2\single_2\char_color_red\255\char_color_green\255\char_color_blue\255\teamtask\0\teamoverlay\1
4-20-2021 16:40 (1806:12): ClientUserinfoChanged: 2 n\TMMETOTT\t\0\model\kyle/default\c1\0\c2\0\hc\0\w\0\l\0\tt\0\tl\0\st\single_1\st2\single_2\dt\0
4-20-2021 16:40 (1806:12): ClientUserinfoChanged handling info: 2 \ip\213.21.88.136:29070\name\TMMETOTT\rate\5000\snaps\20\model\kyle/default\forcepowers\7-2-030300003000033220\color1\0\color2\0\handicap\100\sex\538075656\cg_predictItems\1\saber1\single_1\saber2\single_2\char_color_red\255\char_color_green\255\char_color_blue\255\teamtask\0\teamoverlay\1
4-20-2021 16:40 (1806:12): ClientUserinfoChanged: 2 n\TMMETOTT\t\0\model\kyle/default\c1\0\c2\0\hc\100\w\0\l\0\tt\0\tl\0\st\single_1\st2\single_2\dt\0
4-20-2021 16:40 (1806:12): ClientBegin: 2
4-20-2021 16:46 (1812:07): ClientDisconnect: 2
4-20-2021 18:46 (1932:43): ShutdownGame:
4-20-2021 18:46 (1932:43): ------------------------------------------------------------
4-20-2021 18:46 (0:00): ------------------------------------------------------------
4-20-2021 18:46 (0:00): InitGame: \version\JAmp: v1.0.1.0 linux-i386 Mar 14 2020\timelimit\45\sv_privateClients\0\sv_minRate\0\sv_minPing\0\sv_maxclients\32\sv_maxRate\0\sv_maxPing\999\sv_hostname\^7~^1~^7~ COMM SERVER ~^1~^7~\sv_fps\50\sv_floodProtectSlow\1\sv_floodProtect\1\sv_autoDemo\0\sv_allowDownload\0\serveruptime\33\protocol\26\mapname\t3_stamp\gamename\Lugormod\g_weaponDisable\0\g_stepSlideFix\0\g_siegeTeamSwitch\1\g_siegeTeam2\none\g_siegeTeam1\none\g_siegeRespawn\20\g_showDuelHealths\1\g_saberWallDamageScale\0.4\g_saberLocking\0\g_privateDuel\1535\g_noSpecMove\0\g_needpass\0\g_maxHolocronCarry\3\g_maxGameClients\0\g_maxForceRank\7\g_jediVmerc\0\g_gametype\0\g_gamemode\0\g_forceRegenTime\160\g_forcePowerDisable\0\g_forceBasedTeams\1\g_duelWeaponDisable\9\g_debugmelee\1\g_allowNPC\1\fs_game\lugormod\fraglimit\0\duel_fraglimit\10\dmflags\0\capturelimit\10\bot_minplayers\2\bg_fighterAltControl\0\Lugormod_Version\U#-0.0.0.91 Alpha
4-20-2021 18:47 (0:30): ClientConnect: 0
4-20-2021 18:47 (0:30): ClientUserinfoChanged handling info: 0 \team\0\skill\ 5.00\personality\botfiles/astupidbot.jkb\saber2\none\saber1\kyle\color2\4\color1\4\sex\male\model\jawa\snaps\20\rate\25000\name\astupidbot
4-20-2021 18:47 (0:30): ClientUserinfoChanged: 0 n\astupidbot\t\0\model\jawa\c1\4\c2\4\hc\0\w\0\l\0\skill\ 5.00\tt\0\tl\0\siegeclass\none\st\\st2\\dt\0\sdt\0
4-20-2021 18:47 (0:30): IP: localhost astupidbot
4-20-2021 18:47 (0:30): ClientUserinfoChanged handling info: 0 \team\0\skill\ 5.00\personality\botfiles/astupidbot.jkb\saber2\none\saber1\kyle\color2\4\color1\4\sex\male\model\jawa\snaps\20\rate\25000\name\astupidbot
4-20-2021 18:47 (0:30): ClientUserinfoChanged: 0 n\astupidbot\t\0\model\jawa\c1\4\c2\4\hc\100\w\0\l\0\skill\ 5.00\tt\0\tl\0\siegeclass\none\st\Kyle\st2\none\dt\0\sdt\0
4-20-2021 18:47 (0:30): ClientBegin: 0
4-20-2021 18:47 (0:40): ClientConnect: 1
4-20-2021 18:47 (0:40): ClientUserinfoChanged handling info: 1 \team\0\skill\ 5.00\personality\botfiles/newkyle.jkb\saber2\none\saber1\kyle\color2\4\color1\1\sex\male\model\kyle\snaps\20\rate\25000\name\Kyle
4-20-2021 18:47 (0:40): ClientUserinfoChanged: 1 n\Kyle\t\0\model\kyle\c1\1\c2\4\hc\0\w\0\l\0\skill\ 5.00\tt\0\tl\0\siegeclass\none\st\\st2\\dt\0\sdt\0
4-20-2021 18:47 (0:40): IP: localhost Kyle
4-20-2021 18:47 (0:40): ClientUserinfoChanged handling info: 1 \team\0\skill\ 5.00\personality\botfiles/newkyle.jkb\saber2\none\saber1\kyle\color2\4\color1\1\sex\male\model\kyle\snaps\20\rate\25000\name\Kyle
4-20-2021 18:47 (0:40): ClientUserinfoChanged: 1 n\Kyle\t\0\model\kyle\c1\1\c2\4\hc\100\w\0\l\0\skill\ 5.00\tt\0\tl\0\siegeclass\none\st\Kyle\st2\none\dt\0\sdt\0
4-20-2021 18:47 (0:40): ClientBegin: 1
4-20-2021 19:25 (38:39): ClientConnect: 2
4-20-2021 19:25 (38:39): ClientUserinfoChanged handling info: 2 \ip\37.170.189.28:32560\challenge\-768615003\qport\59291\protocol\26\char_color_blue\255\char_color_green\255\char_color_red\255\saber2\none\saber1\Kyle\cg_predictItems\1\sex\male\handicap\100\color2\4\color1\4\forcepowers\7-1-030000000000000330\model\jedi_hm/head_b1|torso_a1|lower_d1\snaps\20\rate\4000\name\Augustin \teamtask\0\teamoverlay\1
4-20-2021 19:25 (38:39): ClientUserinfoChanged: 2 n\Augustin \t\0\model\jedi_hm/head_b1|torso_a1|lower_d1\c1\4\c2\4\hc\0\w\0\l\0\tt\0\tl\0\st\\st2\\dt\0
4-20-2021 19:25 (38:39): IP: 37.170.189.28 Augustin 
4-20-2021 19:25 (38:46): ClientUserinfoChanged handling info: 2 \ip\37.170.189.28:32560\char_color_blue\255\char_color_green\255\char_color_red\255\saber2\single_8\saber1\single_1\cg_predictItems\1\sex\male\handicap\100\color2\4\color1\4\forcepowers\7-1-030000000000000330\model\galak/default\snaps\20\rate\4000\name\Augustin\teamtask\0\teamoverlay\1
4-20-2021 19:25 (38:46): ClientNamechange: Augustin  is now Augustin
4-20-2021 19:25 (38:46): ClientUserinfoChanged: 2 n\Augustin\t\0\model\galak/default\c1\4\c2\4\hc\0\w\0\l\0\tt\0\tl\0\st\single_1\st2\single_8\dt\0
4-20-2021 19:25 (38:46): ClientUserinfoChanged handling info: 2 \ip\37.170.189.28:32560\char_color_blue\255\char_color_green\255\char_color_red\255\saber2\single_8\saber1\single_1\cg_predictItems\1\sex\male\handicap\100\color2\4\color1\4\forcepowers\7-1-030000000000000330\model\galak/default\snaps\20\rate\4000\name\Augustin\teamtask\0\teamoverlay\1
4-20-2021 19:25 (38:46): ClientUserinfoChanged: 2 n\Augustin\t\0\model\galak/default\c1\4\c2\4\hc\100\w\0\l\0\tt\0\tl\0\st\single_1\st2\single_8\dt\0
4-20-2021 19:25 (38:46): ClientBegin: 2
4-20-2021 19:25 (38:57): say: astupidbot: cya
4-20-2021 19:25 (38:57): ClientDisconnect: 0
4-20-2021 19:25 (38:59): say: Kyle: bye
4-20-2021 19:26 (39:20): ClientUserinfoChanged handling info: 2 \ip\37.170.189.28:32560\char_color_blue\255\char_color_green\255\char_color_red\255\saber2\single_8\saber1\single_1\cg_predictItems\1\sex\male\handicap\100\color2\4\color1\5\forcepowers\7-1-030000000000000330\model\jedi_hm/head_b1|torso_a1|lower_b1\snaps\20\rate\4000\name\Augustin\teamtask\0\teamoverlay\1
4-20-2021 19:26 (39:20): ClientUserinfoChanged: 2 n\Augustin\t\0\model\jedi_hm/head_b1|torso_a1|lower_b1\c1\5\c2\4\hc\100\w\0\l\0\tt\0\tl\0\st\single_1\st2\single_8\dt\0
4-20-2021 19:26 (39:57): Kill: 2 1 3: Augustin killed Kyle by MOD_SABER
4-20-2021 19:26 (39:57): duel: Augustin won a duel against Kyle
4-20-2021 19:26 (39:58): ClientUserinfoChanged handling info: 1 \team\0\skill\ 5.00\personality\botfiles/newkyle.jkb\saber2\none\saber1\kyle\color2\4\color1\1\sex\male\model\kyle\snaps\20\rate\25000\name\Kyle
4-20-2021 19:26 (39:58): ClientUserinfoChanged: 1 n\Kyle\t\0\model\kyle\c1\1\c2\4\hc\100\w\0\l\0\skill\ 5.00\tt\0\tl\0\siegeclass\none\st\Kyle\st2\none\dt\0\sdt\0
4-20-2021 19:27 (40:09): ClientDisconnect: 2
4-20-2021 19:27 (40:21): ClientConnect: 0
4-20-2021 19:27 (40:21): ClientUserinfoChanged handling info: 0 \team\0\skill\ 5.00\personality\botfiles/astupidbot.jkb\saber2\none\saber1\kyle\color2\4\color1\4\sex\male\model\jawa\snaps\20\rate\25000\name\astupidbot
4-20-2021 19:27 (40:21): ClientUserinfoChanged: 0 n\astupidbot\t\0\model\jawa\c1\4\c2\4\hc\0\w\0\l\0\skill\ 5.00\tt\0\tl\0\siegeclass\none\st\\st2\\dt\0\sdt\0
4-20-2021 19:27 (40:21): IP: localhost astupidbot
4-20-2021 19:27 (40:21): ClientUserinfoChanged handling info: 0 \team\0\skill\ 5.00\personality\botfiles/astupidbot.jkb\saber2\none\saber1\kyle\color2\4\color1\4\sex\male\model\jawa\snaps\20\rate\25000\name\astupidbot
4-20-2021 19:27 (40:21): ClientUserinfoChanged: 0 n\astupidbot\t\0\model\jawa\c1\4\c2\4\hc\100\w\0\l\0\skill\ 5.00\tt\0\tl\0\siegeclass\none\st\Kyle\st2\none\dt\0\sdt\0
4-20-2021 19:27 (40:21): ClientBegin: 0
4-21-2021 14:54 (1207:14): ClientConnect: 2
4-21-2021 14:54 (1207:14): ClientUserinfoChanged handling info: 2 \ip\114.72.112.104:29070\challenge\-2042899395\qport\23325\protocol\26\teamoverlay\0\snaps\120\sex\male\saber2\none\saber1\Kyle\rate\48000\name\^1Bounty\model\reelo/default\ja_guid\0E50DAD4829E86176FF3EA5BB7331B6B\handicap\100\forcepowers\7-2-030000000000000310\cp_sbRGB2\0\cp_sbRGB1\0\cp_pluginDisable\1536\cp_cosmetics\0\cp_clanPwd\none\color2\4\color1\4\cjp_client\1.4JAPRO\char_color_red\255\char_color_green\255\char_color_blue\255\cg_predictItems\1\cg_displayNetSettings\125 0 125\cg_displayCameraPosition\1 80 16
4-21-2021 14:54 (1207:14): ClientUserinfoChanged: 2 n\^1Bounty\t\0\model\reelo/default\c1\4\c2\4\hc\0\w\0\l\0\tt\0\tl\0\st\\st2\\dt\0
4-21-2021 14:54 (1207:14): IP: 114.72.112.104 ^1Bounty
4-21-2021 14:54 (1207:14): say: astupidbot: Hello
4-21-2021 14:54 (1207:16): say: Kyle: Hello Astupidbot.
4-21-2021 14:54 (1207:18): say: astupidbot: Hi
4-21-2021 14:54 (1207:22): ClientUserinfoChanged handling info: 2 \ip\114.72.112.104:29070\teamoverlay\0\snaps\120\sex\male\saber2\none\saber1\Kyle\rate\48000\name\^1Bounty\model\reelo/default\ja_guid\0E50DAD4829E86176FF3EA5BB7331B6B\handicap\100\forcepowers\7-2-030000000000000310\cp_sbRGB2\0\cp_sbRGB1\0\cp_pluginDisable\1536\cp_cosmetics\0\cp_clanPwd\none\color2\4\color1\4\cjp_client\1.4JAPRO\char_color_red\255\char_color_green\255\char_color_blue\255\cg_predictItems\1\cg_displayNetSettings\125 0 125\cg_displayCameraPosition\1 80 16
4-21-2021 14:54 (1207:22): ClientUserinfoChanged: 2 n\^1Bounty\t\0\model\reelo/default\c1\4\c2\4\hc\0\w\0\l\0\tt\0\tl\0\st\Kyle\st2\none\dt\0
4-21-2021 14:54 (1207:22): ClientUserinfoChanged handling info: 2 \ip\114.72.112.104:29070\teamoverlay\0\snaps\120\sex\male\saber2\none\saber1\Kyle\rate\48000\name\^1Bounty\model\reelo/default\ja_guid\0E50DAD4829E86176FF3EA5BB7331B6B\handicap\100\forcepowers\7-2-030000000000000310\cp_sbRGB2\0\cp_sbRGB1\0\cp_pluginDisable\1536\cp_cosmetics\0\cp_clanPwd\none\color2\4\color1\4\cjp_client\1.4JAPRO\char_color_red\255\char_color_green\255\char_color_blue\255\cg_predictItems\1\cg_displayNetSettings\125 0 125\cg_displayCameraPosition\1 80 16
4-21-2021 14:54 (1207:22): ClientUserinfoChanged: 2 n\^1Bounty\t\0\model\reelo/default\c1\4\c2\4\hc\100\w\0\l\0\tt\0\tl\0\st\Kyle\st2\none\dt\0
4-21-2021 14:54 (1207:22): ClientBegin: 2
4-21-2021 14:54 (1207:25): say: astupidbot: bye all
4-21-2021 14:54 (1207:25): ClientDisconnect: 0
4-21-2021 14:54 (1207:53): ClientUserinfoChanged handling info: 2 \name\^1Bounty\ip\114.72.112.104:29070\teamoverlay\0\snaps\120\sex\male\saber2\none\saber1\Kyle\rate\48000\model\reelo/default\ja_guid\0E50DAD4829E86176FF3EA5BB7331B6B\handicap\100\forcepowers\7-200310\cp_sbRGB2\0\0\cp_sbRGB2\0\cp_sbRGB1\0\cp_pluginDisable\1536\cp_cosmetics\0\cp_clanPwd\none\color2\4\color1\4\cjp_client\1.4JAPRO\char_color_red\255\char_color_green\255\char_color_blue\255\cg_predictItems\1\cg_displayNetSettings\125 0 125\cg_displayCameraPosition\1 80 16
4-21-2021 14:54 (1207:53): ClientUserinfoChanged: 2 n\^1Bounty\t\0\model\reelo/default\c1\\c2\\hc\100\w\0\l\0\tt\0\tl\0\st\Kyle\st2\none\dt\0
4-21-2021 14:55 (1208:31): Kill: 2 2 39: ^1Bounty killed ^1Bounty by MOD_SUICIDE
4-21-2021 14:55 (1208:36): ClientUserinfoChanged handling info: 2 \ip\114.72.112.104:29070\teamoverlay\0\snaps\120\sex\male\saber2\none\saber1\dual_4\rate\48000\name\^1Bounty\model\reelo/default\ja_guid\0E50DAD4829E86176FF3EA5BB7331B6B\handicap\100\forcepowers\7-2-030000000000000310\cp_sbRGB2\0\cp_sbRGB1\0\cp_pluginDisable\1536\cp_cosmetics\0\cp_clanPwd\none\color2\4\color1\4\cjp_client\1.4JAPRO\char_color_red\255\char_color_green\255\char_color_blue\255\cg_predictItems\1\cg_displayNetSettings\125 0 125\cg_displayCameraPosition\1 80 16
4-21-2021 14:55 (1208:36): ClientUserinfoChanged: 2 n\^1Bounty\t\0\model\reelo/default\c1\4\c2\4\hc\100\w\0\l\0\tt\0\tl\0\st\dual_4\st2\none\dt\0
4-21-2021 14:55 (1208:36): ClientUserinfoChanged handling info: 2 \ip\114.72.112.104:29070\teamoverlay\0\snaps\120\sex\male\saber2\none\saber1\dual_4\rate\48000\name\^1Bounty\model\reelo/default\ja_guid\0E50DAD4829E86176FF3EA5BB7331B6B\handicap\100\forcepowers\7-2-030000000000000310\cp_sbRGB2\0\cp_sbRGB1\0\cp_pluginDisable\1536\cp_cosmetics\0\cp_clanPwd\none\color2\4\color1\4\cjp_client\1.4JAPRO\char_color_red\255\char_color_green\255\char_color_blue\255\cg_predictItems\1\cg_displayNetSettings\125 0 125\cg_displayCameraPosition\1 80 16
4-21-2021 14:55 (1208:36): ClientUserinfoChanged: 2 n\^1Bounty\t\0\model\reelo/default\c1\4\c2\4\hc\100\w\0\l\0\tt\0\tl\0\st\dual_4\st2\none\dt\0
4-21-2021 14:55 (1208:37): ClientUserinfoChanged handling info: 2 \ip\114.72.112.104:29070\teamoverlay\0\snaps\120\sex\male\saber2\none\saber1\dual_4\rate\48000\name\^1Bounty\model\reelo/default\ja_guid\0E50DAD4829E86176FF3EA5BB7331B6B\handicap\100\forcepowers\1-2-010000000000000100\cp_sbRGB2\0\cp_sbRGB1\0\cp_pluginDisable\1536\cp_cosmetics\0\cp_clanPwd\none\color2\4\color1\4\cjp_client\1.4JAPRO\char_color_red\255\char_color_green\255\char_color_blue\255\cg_predictItems\1\cg_displayNetSettings\125 0 125\cg_displayCameraPosition\1 80 16
4-21-2021 14:55 (1208:37): ClientUserinfoChanged: 2 n\^1Bounty\t\0\model\reelo/default\c1\4\c2\4\hc\100\w\0\l\0\tt\0\tl\0\st\dual_4\st2\none\dt\0
4-21-2021 14:58 (1211:41): say: Kyle: Quit laming Bounty!
4-21-2021 15: 0 (1213:42): Kill: 2 1 3: ^1Bounty killed Kyle by MOD_SABER
4-21-2021 15: 0 (1213:42): Exit: Timelimit hit.
4-21-2021 15: 0 (1213:42): score: 1  ping: 240  client: 2 ^1Bounty
4-21-2021 15: 0 (1213:42): score: 0  ping: 51  client: 1 Kyle
4-21-2021 15: 0 (1213:43): ClientUserinfoChanged handling info: 1 \team\0\skill\ 5.00\personality\botfiles/newkyle.jkb\saber2\none\saber1\kyle\color2\4\color1\1\sex\male\model\kyle\snaps\20\rate\25000\name\Kyle
4-21-2021 15: 0 (1213:43): ClientUserinfoChanged: 1 n\Kyle\t\0\model\kyle\c1\1\c2\4\hc\100\w\0\l\0\skill\ 5.00\tt\0\tl\0\siegeclass\none\st\Kyle\st2\none\dt\0\sdt\0
4-21-2021 15: 0 (1213:44): say: Kyle: You suck Bounty.
4-21-2021 15: 0 (1214:01): ShutdownGame:
4-21-2021 15: 0 (1214:01): ------------------------------------------------------------
