4-25-2021 3:19 (0:00): ------------------------------------------------------------
4-25-2021 3:19 (0:00): InitGame: \version\JAmp: v1.0.1.0 linux-i386 Mar 14 2020\timelimit\45\sv_privateClients\0\sv_minRate\0\sv_minPing\0\sv_maxclients\32\sv_maxRate\0\sv_maxPing\999\sv_hostname\^7~^1~^7~ COMM SERVER ~^1~^7~\sv_fps\50\sv_floodProtectSlow\1\sv_floodProtect\1\sv_autoDemo\0\sv_allowDownload\0\serveruptime\36\protocol\26\mapname\t3_stamp\gamename\Lugormod\g_weaponDisable\0\g_stepSlideFix\0\g_siegeTeamSwitch\1\g_siegeTeam2\none\g_siegeTeam1\none\g_siegeRespawn\20\g_showDuelHealths\1\g_saberWallDamageScale\0.4\g_saberLocking\0\g_privateDuel\1535\g_noSpecMove\0\g_needpass\0\g_maxHolocronCarry\3\g_maxGameClients\0\g_maxForceRank\7\g_jediVmerc\0\g_gametype\0\g_gamemode\0\g_forceRegenTime\160\g_forcePowerDisable\0\g_forceBasedTeams\1\g_duelWeaponDisable\9\g_debugmelee\1\g_allowNPC\1\fs_game\lugormod\fraglimit\0\duel_fraglimit\10\dmflags\0\capturelimit\10\bot_minplayers\2\bg_fighterAltControl\0\Lugormod_Version\U#-0.0.0.91 Alpha
4-25-2021 3:20 (0:30): ClientConnect: 0
4-25-2021 3:20 (0:30): ClientUserinfoChanged handling info: 0 \team\0\skill\ 5.00\personality\botfiles/astupidbot.jkb\saber2\none\saber1\kyle\color2\4\color1\4\sex\male\model\jawa\snaps\20\rate\25000\name\astupidbot
4-25-2021 3:20 (0:30): ClientUserinfoChanged: 0 n\astupidbot\t\0\model\jawa\c1\4\c2\4\hc\0\w\0\l\0\skill\ 5.00\tt\0\tl\0\siegeclass\none\st\\st2\\dt\0\sdt\0
4-25-2021 3:20 (0:30): ClientUserinfoChanged handling info: 0 \name\astupidbot\team\0\skill\ 5.00\personality\botfiles/astupidbot.jkb\saber2\none\saber1\kyle\color2\4\color1\4\sex\male\model\jawa\snaps\20\rate\25000
4-25-2021 3:20 (0:30): ClientUserinfoChanged: 0 n\astupidbot\t\0\model\jawa\c1\4\c2\4\hc\0\w\0\l\0\skill\ 5.00\tt\0\tl\0\siegeclass\none\st\\st2\\dt\0\sdt\0
4-25-2021 3:20 (0:30): IP: localhost astupidbot
4-25-2021 3:20 (0:30): ClientUserinfoChanged handling info: 0 \name\astupidbot\team\0\skill\ 5.00\personality\botfiles/astupidbot.jkb\saber2\none\saber1\kyle\color2\4\color1\4\sex\male\model\jawa\snaps\20\rate\25000
4-25-2021 3:20 (0:30): ClientUserinfoChanged: 0 n\astupidbot\t\0\model\jawa\c1\4\c2\4\hc\0\w\0\l\0\skill\ 5.00\tt\0\tl\0\siegeclass\none\st\\st2\\dt\0\sdt\0
4-25-2021 3:20 (0:30): ClientUserinfoChanged handling info: 0 \name\astupidbot\team\0\skill\ 5.00\personality\botfiles/astupidbot.jkb\saber2\none\saber1\kyle\color2\4\color1\4\sex\male\model\jawa\snaps\20\rate\25000
4-25-2021 3:20 (0:30): ClientUserinfoChanged: 0 n\astupidbot\t\0\model\jawa\c1\4\c2\4\hc\100\w\0\l\0\skill\ 5.00\tt\0\tl\0\siegeclass\none\st\Kyle\st2\none\dt\0\sdt\0
4-25-2021 3:20 (0:30): ClientBegin: 0
4-25-2021 3:20 (0:40): ClientConnect: 1
4-25-2021 3:20 (0:40): ClientUserinfoChanged handling info: 1 \team\0\skill\ 5.00\personality\botfiles/newkyle.jkb\saber2\none\saber1\kyle\color2\4\color1\1\sex\male\model\kyle\snaps\20\rate\25000\name\Kyle
4-25-2021 3:20 (0:40): ClientUserinfoChanged: 1 n\Kyle\t\0\model\kyle\c1\1\c2\4\hc\0\w\0\l\0\skill\ 5.00\tt\0\tl\0\siegeclass\none\st\\st2\\dt\0\sdt\0
4-25-2021 3:20 (0:40): IP: localhost Kyle
4-25-2021 3:20 (0:40): ClientUserinfoChanged handling info: 1 \team\0\skill\ 5.00\personality\botfiles/newkyle.jkb\saber2\none\saber1\kyle\color2\4\color1\1\sex\male\model\kyle\snaps\20\rate\25000\name\Kyle
4-25-2021 3:20 (0:40): ClientUserinfoChanged: 1 n\Kyle\t\0\model\kyle\c1\1\c2\4\hc\100\w\0\l\0\skill\ 5.00\tt\0\tl\0\siegeclass\none\st\Kyle\st2\none\dt\0\sdt\0
4-25-2021 3:20 (0:40): ClientBegin: 1
4-25-2021 4:18 (59:19): ClientConnect: 2
4-25-2021 4:18 (59:19): ClientUserinfoChanged handling info: 2 \ip\181.231.130.119:29070\challenge\-1480858529\qport\43992\protocol\26\char_color_blue\255\char_color_green\160\char_color_red\216\saber2\none\saber1\dual_1\cg_predictItems\1\sex\male\handicap\100\color2\4\color1\5\forcepowers\6-1-030330000000000333\model\jedi_zf/head_c1|torso_a1|lower_a1\snaps\20\rate\4000\name\Bobete\teamtask\0\password\guille
4-25-2021 4:18 (59:19): ClientUserinfoChanged: 2 n\Bobete\t\0\model\jedi_zf/head_c1|torso_a1|lower_a1\c1\5\c2\4\hc\0\w\0\l\0\tt\0\tl\0\st\\st2\\dt\0
4-25-2021 4:18 (59:19): IP: 181.231.130.119 Bobete
4-25-2021 4:18 (59:23): Kill: 0 1 3: astupidbot killed Kyle by MOD_SABER
4-25-2021 4:18 (59:23): Exit: Timelimit hit.
4-25-2021 4:18 (59:23): score: 1  ping: 60  client: 0 astupidbot
4-25-2021 4:18 (59:23): score: 0  ping: 40  client: 1 Kyle
4-25-2021 4:18 (59:24): ClientUserinfoChanged handling info: 1 \team\0\skill\ 5.00\personality\botfiles/newkyle.jkb\saber2\none\saber1\kyle\color2\4\color1\1\sex\male\model\kyle\snaps\20\rate\25000\name\Kyle
4-25-2021 4:18 (59:24): ClientUserinfoChanged: 1 n\Kyle\t\0\model\kyle\c1\1\c2\4\hc\100\w\0\l\0\skill\ 5.00\tt\0\tl\0\siegeclass\none\st\Kyle\st2\none\dt\0\sdt\0
4-25-2021 4:18 (59:24): ClientUserinfoChanged handling info: 0 \name\astupidbot\team\0\skill\ 5.00\personality\botfiles/astupidbot.jkb\saber2\none\saber1\kyle\color2\4\color1\4\sex\male\model\jawa\snaps\20\rate\25000
4-25-2021 4:18 (59:24): ClientUserinfoChanged: 0 n\astupidbot\t\0\model\jawa\c1\4\c2\4\hc\100\w\0\l\0\skill\ 5.00\tt\0\tl\0\siegeclass\none\st\Kyle\st2\none\dt\0\sdt\0
4-25-2021 4:18 (59:24): ClientUserinfoChanged handling info: 2 \ip\181.231.130.119:29070\challenge\-1480858529\qport\43992\protocol\26\char_color_blue\255\char_color_green\160\char_color_red\216\saber2\none\saber1\dual_1\cg_predictItems\1\sex\male\handicap\100\color2\4\color1\5\forcepowers\6-1-030330000000000333\model\jedi_zf/head_c1|torso_a1|lower_a1\snaps\20\rate\4000\name\Bobete\teamtask\0\password\guille
4-25-2021 4:18 (59:24): ClientUserinfoChanged: 2 n\Bobete\t\0\model\jedi_zf/head_c1|torso_a1|lower_a1\c1\5\c2\4\hc\100\w\0\l\0\tt\0\tl\0\st\dual_1\st2\none\dt\0
4-25-2021 4:19 (59:32): ClientUserinfoChanged handling info: 2 \ip\181.231.130.119:29070\char_color_blue\255\char_color_green\160\char_color_red\216\saber2\none\saber1\dual_1\cg_predictItems\1\sex\male\handicap\100\color2\4\color1\5\forcepowers\6-1-030330000000000333\model\jedi_zf/head_c1|torso_a1|lower_a1\snaps\20\rate\4000\name\Bobete\teamtask\0\password\guille\teamoverlay\1
4-25-2021 4:19 (59:32): ClientUserinfoChanged: 2 n\Bobete\t\0\model\jedi_zf/head_c1|torso_a1|lower_a1\c1\5\c2\4\hc\100\w\0\l\0\tt\0\tl\0\st\dual_1\st2\none\dt\0
4-25-2021 4:19 (59:32): ClientBegin: 2
4-25-2021 4:19 (59:38): ShutdownGame:
4-25-2021 4:19 (59:38): ------------------------------------------------------------
4-25-2021 4:19 (59:38): ------------------------------------------------------------
4-25-2021 4:19 (59:38): InitGame: \version\JAmp: v1.0.1.0 linux-i386 Mar 14 2020\timelimit\45\sv_privateClients\0\sv_minRate\0\sv_minPing\0\sv_maxclients\32\sv_maxRate\0\sv_maxPing\999\sv_hostname\^7~^1~^7~ COMM SERVER ~^1~^7~\sv_fps\50\sv_floodProtectSlow\1\sv_floodProtect\1\sv_autoDemo\0\sv_allowDownload\0\serveruptime\36\protocol\26\mapname\t3_stamp\gamename\Lugormod\g_weaponDisable\0\g_stepSlideFix\0\g_siegeTeamSwitch\1\g_siegeTeam2\none\g_siegeTeam1\none\g_siegeRespawn\20\g_showDuelHealths\1\g_saberWallDamageScale\0.4\g_saberLocking\0\g_privateDuel\1535\g_noSpecMove\0\g_needpass\0\g_maxHolocronCarry\3\g_maxGameClients\0\g_maxForceRank\7\g_jediVmerc\0\g_gametype\0\g_gamemode\0\g_forceRegenTime\160\g_forcePowerDisable\0\g_forceBasedTeams\1\g_duelWeaponDisable\9\g_debugmelee\1\g_allowNPC\1\fs_game\lugormod\fraglimit\0\duel_fraglimit\10\dmflags\0\capturelimit\10\bot_minplayers\2\bg_fighterAltControl\0\Lugormod_Version\U#-0.0.0.91 Alpha
4-25-2021 4:19 (59:39): ClientConnect: 0
4-25-2021 4:19 (59:39): ClientUserinfoChanged handling info: 0 \name\astupidbot\team\0\skill\ 5.00\personality\botfiles/astupidbot.jkb\saber2\none\saber1\kyle\color2\4\color1\4\sex\male\model\jawa\snaps\20\rate\25000
4-25-2021 4:19 (59:39): ClientUserinfoChanged: 0 n\astupidbot\t\0\model\jawa\c1\4\c2\4\hc\0\w\0\l\0\skill\ 5.00\tt\0\tl\0\siegeclass\none\st\Kyle\st2\none\dt\0\sdt\0
4-25-2021 4:19 (59:39): ClientUserinfoChanged handling info: 0 \name\astupidbot\team\0\skill\ 5.00\personality\botfiles/astupidbot.jkb\saber2\none\r2\4\color1\4\sex\male\model\jawx\male\model\jawa\snaps\20\rate\25000
4-25-2021 4:19 (59:39): ClientUserinfoChanged: 0 n\astupidbot\t\0\model\jawx\c1\4\c2\\hc\0\w\0\l\0\skill\ 5.00\tt\0\tl\0\siegeclass\none\st\Kyle\st2\none\dt\0\sdt\0
4-25-2021 4:19 (59:39): ClientUserinfoChanged handling info: 0 \saber2\none\saber1\dual_1\name\astupidbot\team\0\skill\ 5.00\personality\botfiles/astupidbot.jkb\r2s4\color1\4\sex\male\model\jawx\male\model\jawa\snaps\20\rate\25000
4-25-2021 4:19 (59:39): ClientUserinfoChanged: 0 n\astupidbot\t\0\model\jawa\c1\\c2\\hc\0\w\0\l\0\skill\ 5.00\tt\0\tl\0\siegeclass\none\st\dual_1\st2\none\dt\0\sdt\0
4-25-2021 4:19 (59:39): ClientUserinfoChanged handling info: 0 \saber2\none\saber1\dual_1\name\astupidbot\team\0\skill\ 5.00\personality\botfiles/astupidbot.jkb\r2s4\color1\4\sex\male\model\jawx\male\model\jawa\snaps\20\rate\25000
4-25-2021 4:19 (59:39): ClientUserinfoChanged: 0 n\astupidbot\t\0\model\jawa\c1\\c2\\hc\100\w\0\l\0\skill\ 5.00\tt\0\tl\0\siegeclass\none\st\dual_1\st2\none\dt\0\sdt\0
4-25-2021 4:19 (59:39): ClientBegin: 0
4-25-2021 4:19 (59:39): ClientConnect: 1
4-25-2021 4:19 (59:39): ClientUserinfoChanged handling info: 1 \team\0\skill\ 5.00\personality\botfiles/newkyle.jkb\saber2\none\saber1\kyle\color2\4\color1\1\sex\male\model\kyle\snaps\20\rate\25000\name\Kyle
4-25-2021 4:19 (59:39): ClientUserinfoChanged: 1 n\Kyle\t\0\model\kyle\c1\1\c2\4\hc\0\w\0\l\0\skill\ 5.00\tt\0\tl\0\siegeclass\none\st\Kyle\st2\none\dt\0\sdt\0
4-25-2021 4:19 (59:39): ClientUserinfoChanged handling info: 1 \team\0\skill\ 5.00\personality\botfiles/newkyle.jkb\saber2\none\saber1\kyle\color2\4\color1\1\sex\male\model\kyle\snaps\20\rate\25000\name\Kyle
4-25-2021 4:19 (59:39): ClientUserinfoChanged: 1 n\Kyle\t\0\model\kyle\c1\1\c2\4\hc\100\w\0\l\0\skill\ 5.00\tt\0\tl\0\siegeclass\none\st\Kyle\st2\none\dt\0\sdt\0
4-25-2021 4:19 (59:39): ClientBegin: 1
4-25-2021 4:19 (59:39): ClientConnect: 2
4-25-2021 4:19 (59:39): ClientUserinfoChanged handling info: 2 \ip\181.231.130.119:29070\char_color_blue\255\char_color_green\160\char_color_red\216\saber2\none\saber1\dual_1\cg_predictItems\1\sex\male\handicap\100\color2\4\color1\5\forcepowers\6-1-030330000000000333\model\jedi_zf/head_c1|torso_a1|lower_a1\snaps\20\rate\4000\name\Bobete\teamtask\0\password\guille\teamoverlay\1
4-25-2021 4:19 (59:39): ClientUserinfoChanged: 2 n\Bobete\t\0\model\jedi_zf/head_c1|torso_a1|lower_a1\c1\5\c2\4\hc\0\w\0\l\0\tt\0\tl\0\st\dual_1\st2\none\dt\0
4-25-2021 4:19 (59:39): ClientUserinfoChanged handling info: 2 \ip\181.231.130.119:29070\char_color_blue\255\char_color_green\160\char_color_red\216\saber2\none\saber1\dual_1\cg_predictItems\1\sex\male\handicap\100\color2\4\color1\5\forcepowers\6-1-030330000000000333\model\jedi_zf/head_c1|torso_a1|lower_a1\snaps\20\rate\4000\name\Bobete\teamtask\0\password\guille\teamoverlay\1
4-25-2021 4:19 (59:39): ClientUserinfoChanged: 2 n\Bobete\t\0\model\jedi_zf/head_c1|torso_a1|lower_a1\c1\5\c2\4\hc\0\w\0\l\0\tt\0\tl\0\st\dual_1\st2\none\dt\0
4-25-2021 4:19 (59:39): ClientUserinfoChanged handling info: 2 \ip\181.231.130.119:29070\char_color_blue\255\char_color_green\160\char_color_red\216\saber2\none\saber1\dual_1\cg_predictItems\1\sex\male\handicap\100\color2\4\color1\5\forcepowers\6-1-030330000000000333\model\jedi_zf/head_c1|torso_a1|lower_a1\snaps\20\rate\4000\name\Bobete\teamtask\0\password\guille\teamoverlay\1
4-25-2021 4:19 (59:39): ClientUserinfoChanged: 2 n\Bobete\t\0\model\jedi_zf/head_c1|torso_a1|lower_a1\c1\5\c2\4\hc\100\w\0\l\0\tt\0\tl\0\st\dual_1\st2\none\dt\0
4-25-2021 4:19 (59:39): ClientBegin: 2
4-25-2021 4:19 (60:27): ClientDisconnect: 2
4-26-2021 10:48 (1889:07): ShutdownGame:
4-26-2021 10:48 (1889:07): ------------------------------------------------------------
