8-13-2021 1:39 (3136:33): ------------------------------------------------------------
8-13-2021 1:39 (3136:33): InitGame: \version\JAmp: v1.0.1.0 linux-i386 Mar 14 2020\timelimit\45\sv_privateClients\0\sv_minRate\0\sv_minPing\0\sv_maxclients\32\sv_maxRate\0\sv_maxPing\999\sv_hostname\^7~^1~^7~ COMM SERVER ~^1~^7~\sv_fps\50\sv_floodProtectSlow\1\sv_floodProtect\1\sv_autoDemo\0\sv_allowDownload\0\serveruptime\212\protocol\26\mapname\academy6\gamename\Lugormod\g_weaponDisable\0\g_stepSlideFix\0\g_siegeTeamSwitch\1\g_siegeTeam2\none\g_siegeTeam1\none\g_siegeRespawn\20\g_showDuelHealths\1\g_saberWallDamageScale\0.4\g_saberLocking\0\g_privateDuel\1535\g_noSpecMove\0\g_needpass\0\g_maxHolocronCarry\3\g_maxGameClients\0\g_maxForceRank\7\g_jediVmerc\0\g_gametype\0\g_gamemode\0\g_forceRegenTime\160\g_forcePowerDisable\0\g_forceBasedTeams\1\g_duelWeaponDisable\9\g_debugmelee\1\g_allowNPC\1\fs_game\lugormod\fraglimit\0\duel_fraglimit\10\dmflags\0\capturelimit\10\bot_minplayers\2\bg_fighterAltControl\0\Lugormod_Version\U#-0.0.0.91 Alpha
8-13-2021 1:39 (3136:33): ClientConnect: 0
8-13-2021 1:39 (3136:33): ClientUserinfoChanged handling info: 0 \ip\46.147.89.102:29070\char_color_blue\255\char_color_green\255\char_color_red\255\saber2\none\saber1\Kyle\cg_predictItems\1\sex\male\handicap\100\color2\4\color1\4\forcepowers\6-1-030330000000000333\model\alora2/default\snaps\20\rate\4000\name\Padawan\teamtask\0\teamoverlay\1
8-13-2021 1:39 (3136:33): ClientUserinfoChanged: 0 n\Padawan\t\0\model\alora2/default\c1\4\c2\4\hc\0\w\0\l\0\tt\0\tl\0\st\Kyle\st2\none\dt\0
8-13-2021 1:39 (3136:33): ClientUserinfoChanged handling info: 0 \ip\46.147.89.102:29070\char_color_blue\255\char_color_green\255\char_color_red\255\saber2\none\saber1\Kyle\cg_predictItems\1\sex\male\handicap\100\color2\4\color1\4\forcepowers\6-1-030330000000000333\model\alora2/default\snaps\20\rate\4000\name\Padawan\teamtask\0\teamoverlay\1
8-13-2021 1:39 (3136:33): ClientUserinfoChanged: 0 n\Padawan\t\0\model\alora2/default\c1\4\c2\4\hc\0\w\0\l\0\tt\0\tl\0\st\Kyle\st2\none\dt\0
8-13-2021 1:39 (3136:33): ClientUserinfoChanged handling info: 0 \ip\46.147.89.102:29070\char_color_blue\255\char_color_green\255\char_color_red\255\saber2\none\saber1\Kyle\cg_predictItems\1\sex\male\handicap\100\color2\4\color1\4\forcepowers\6-1-030330000000000333\model\alora2/default\snaps\20\rate\4000\name\Padawan\teamtask\0\teamoverlay\1
8-13-2021 1:39 (3136:33): ClientUserinfoChanged: 0 n\Padawan\t\0\model\alora2/default\c1\4\c2\4\hc\100\w\0\l\0\tt\0\tl\0\st\Kyle\st2\none\dt\0
8-13-2021 1:39 (3136:33): ClientBegin: 0
8-13-2021 1:39 (3136:33): ClientConnect: 1
8-13-2021 1:39 (3136:33): ClientUserinfoChanged handling info: 1 \name\Kyle\saber1\default\team\0\skill\ 5.00\personality\botfiles/newkyle.jkb\saber2\none\color1\1\sex\male\monaps\2le\snaps\2le\snaps\20\rate\25000
8-13-2021 1:39 (3136:33): ClientUserinfoChanged: 1 n\Kyle\t\0\model\\c1\1\c2\\hc\0\w\0\l\0\skill\ 5.00\tt\0\tl\0\siegeclass\none\st\default\st2\none\dt\0\sdt\0
8-13-2021 1:39 (3136:33): ClientUserinfoChanged handling info: 1 \name\Kyle\saber1\default\team\0\skill\ 5.00\personality\botfiles/newkyle.jkb\saber2r1\1\sex\male\monaps\2le\snaps\2le\snaps\2le\snaps\20\rate\25000
8-13-2021 1:39 (3136:33): ClientUserinfoChanged: 1 n\Kyle\t\0\model\\c1\\c2\\hc\0\w\0\l\0\skill\ 5.00\tt\0\tl\0\siegeclass\none\st\default\st2\none\dt\0\sdt\0
8-13-2021 1:39 (3136:33): ClientUserinfoChanged handling info: 1 \saber2\none\name\Kyle\saber1\default\team\0\skill\ 5.00\personality\botfiles/newkyle.jkb\saber2r1\1\sex\male\monaps\2le\snaps\2le\snaps\2le\snaps\20\rate\25000
8-13-2021 1:39 (3136:33): ClientUserinfoChanged: 1 n\Kyle\t\0\model\\c1\\c2\\hc\0\w\0\l\0\skill\ 5.00\tt\0\tl\0\siegeclass\none\st\default\st2\none\dt\0\sdt\0
8-13-2021 1:39 (3136:33): ClientUserinfoChanged handling info: 1 \saber2\none\name\Kyle\saber1\default\team\0\skill\ 5.00\personality\botfiles/newkyle.jkb\saber2r1\1\sex\male\monaps\2le\snaps\2le\snaps\2le\snaps\20\rate\25000
8-13-2021 1:39 (3136:33): ClientUserinfoChanged: 1 n\Kyle\t\0\model\\c1\\c2\\hc\100\w\0\l\0\skill\ 5.00\tt\0\tl\0\siegeclass\none\st\default\st2\none\dt\0\sdt\0
8-13-2021 1:39 (3136:33): ClientBegin: 1
8-13-2021 1:40 (3137:48): Kill: 0 1 3: Padawan killed Kyle by MOD_SABER
8-13-2021 1:40 (3137:48): duel: Padawan won a duel against Kyle
8-13-2021 1:40 (3137:50): ClientUserinfoChanged handling info: 1 \saber2\none\name\Kyle\saber1\default\team\0\skill\ 5.00\personality\botfiles/newkyle.jkb\saber2r1\1\sex\male\monaps\2le\snaps\2le\snaps\2le\snaps\20\rate\25000
8-13-2021 1:40 (3137:50): ClientUserinfoChanged: 1 n\Kyle\t\0\model\\c1\\c2\\hc\100\w\0\l\0\skill\ 5.00\tt\0\tl\0\siegeclass\none\st\default\st2\none\dt\0\sdt\0
8-13-2021 1:40 (3137:50): say: Kyle: ouch
8-13-2021 1:41 (3138:52): Kill: 0 1 3: Padawan killed Kyle by MOD_SABER
8-13-2021 1:41 (3138:52): duel: Padawan won a duel against Kyle
8-13-2021 1:41 (3138:53): ClientUserinfoChanged handling info: 1 \saber2\none\name\Kyle\saber1\default\team\0\skill\ 5.00\personality\botfiles/newkyle.jkb\saber2r1\1\sex\male\monaps\2le\snaps\2le\snaps\2le\snaps\20\rate\25000
8-13-2021 1:41 (3138:53): ClientUserinfoChanged: 1 n\Kyle\t\0\model\\c1\\c2\\hc\100\w\0\l\0\skill\ 5.00\tt\0\tl\0\siegeclass\none\st\default\st2\none\dt\0\sdt\0
8-13-2021 1:41 (3138:53): say: Kyle: ouch
8-13-2021 1:41 (3139:12): ClientDisconnect: 0
8-13-2021 1:41 (3139:13): ClientConnect: 2
8-13-2021 1:41 (3139:13): ClientUserinfoChanged handling info: 2 \team\0\skill\ 5.00\personality\botfiles/astupidbot.jkb\saber2\none\saber1\kyle\color2\4\color1\4\sex\male\model\jawa\snaps\20\rate\25000\name\astupidbot
8-13-2021 1:41 (3139:13): ClientUserinfoChanged: 2 n\astupidbot\t\0\model\jawa\c1\4\c2\4\hc\0\w\0\l\0\skill\ 5.00\tt\0\tl\0\siegeclass\none\st\\st2\\dt\0\sdt\0
8-13-2021 1:41 (3139:13): IP: localhost astupidbot
8-13-2021 1:41 (3139:13): ClientUserinfoChanged handling info: 2 \team\0\skill\ 5.00\personality\botfiles/astupidbot.jkb\saber2\none\saber1\kyle\color2\4\color1\4\sex\male\model\jawa\snaps\20\rate\25000\name\astupidbot
8-13-2021 1:41 (3139:13): ClientUserinfoChanged: 2 n\astupidbot\t\0\model\jawa\c1\4\c2\4\hc\100\w\0\l\0\skill\ 5.00\tt\0\tl\0\siegeclass\none\st\Kyle\st2\none\dt\0\sdt\0
8-13-2021 1:41 (3139:13): ClientBegin: 2
8-13-2021 2:32 (3190:07): ClientConnect: 0
8-13-2021 2:32 (3190:07): ClientUserinfoChanged handling info: 0 \ip\90.62.80.6:29070\challenge\653798705\qport\40662\protocol\26\name\Emma17100\rate\4000\snaps\20\model\swtorrevan/head_a1|torso_a1|lower_a1\forcepowers\7-2-031320330000030332\color1\0\color2\5\handicap\100\sex\male\cg_predictItems\1\saber1\single_1\saber2\single_1\char_color_red\255\char_color_green\255\char_color_blue\255\teamtask\0
8-13-2021 2:32 (3190:07): ClientUserinfoChanged: 0 n\Emma17100\t\0\model\kyl\c1\0\c2\5\hc\0\w\0\l\0\tt\0\tl\0\st\\st2\\dt\0
8-13-2021 2:32 (3190:07): IP: 90.62.80.6 Emma17100
8-13-2021 2:32 (3190:07): say: astupidbot: Hello
8-13-2021 2:32 (3190:24): ClientUserinfoChanged handling info: 0 \ip\90.62.80.6:29070\name\Emma17100\rate\4000\snaps\20\model\swtorrevan/head_a1|torso_a1|lower_a1\forcepowers\7-2-031320330000030332\color1\0\color2\5\handicap\100\sex\male\cg_predictItems\1\saber1\single_1\saber2\single_1\char_color_red\255\char_color_green\255\char_color_blue\255\teamtask\0\teamoverlay\1
8-13-2021 2:32 (3190:24): ClientUserinfoChanged: 0 n\Emma17100\t\0\model\kyl\c1\0\c2\5\hc\0\w\0\l\0\tt\0\tl\0\st\single_1\st2\single_1\dt\0
8-13-2021 2:32 (3190:24): ClientUserinfoChanged handling info: 0 \ip\90.62.80.6:29070\name\Emma17100\rate\4000\snaps\20\model\swtorrevan/head_a1|torso_a1|lower_a1\forcepowers\7-2-031320330000030332\color1\0\color2\5\handicap\100\sex\male\cg_predictItems\1\saber1\single_1\saber2\single_1\char_color_red\255\char_color_green\255\char_color_blue\255\teamtask\0\teamoverlay\1
8-13-2021 2:32 (3190:24): ClientUserinfoChanged: 0 n\Emma17100\t\0\model\kyl\c1\0\c2\5\hc\100\w\0\l\0\tt\0\tl\0\st\single_1\st2\single_1\dt\0
8-13-2021 2:32 (3190:24): ClientBegin: 0
8-13-2021 2:33 (3190:31): say: Kyle: cya
8-13-2021 2:33 (3190:31): ClientDisconnect: 1
8-13-2021 2:33 (3190:33): say: astupidbot: bye
8-13-2021 2:33 (3191:17): Kill: 0 2 3: Emma17100 killed astupidbot by MOD_SABER
8-13-2021 2:33 (3191:17): Exit: Timelimit hit.
8-13-2021 2:33 (3191:17): score: 1  ping: 87  client: 0 Emma17100
8-13-2021 2:33 (3191:17): score: 0  ping: 51  client: 2 astupidbot
8-13-2021 2:33 (3191:18): ClientUserinfoChanged handling info: 2 \team\0\skill\ 5.00\personality\botfiles/astupidbot.jkb\saber2\none\saber1\kyle\color2\4\color1\4\sex\male\model\jawa\snaps\20\rate\25000\name\astupidbot
8-13-2021 2:33 (3191:18): ClientUserinfoChanged: 2 n\astupidbot\t\0\model\jawa\c1\4\c2\4\hc\100\w\0\l\0\skill\ 5.00\tt\0\tl\0\siegeclass\none\st\Kyle\st2\none\dt\0\sdt\0
8-13-2021 2:33 (3191:25): ShutdownGame:
8-13-2021 2:33 (3191:25): ------------------------------------------------------------
8-13-2021 2:33 (3191:25): ------------------------------------------------------------
8-13-2021 2:33 (3191:25): InitGame: \version\JAmp: v1.0.1.0 linux-i386 Mar 14 2020\timelimit\45\sv_privateClients\0\sv_minRate\0\sv_minPing\0\sv_maxclients\32\sv_maxRate\0\sv_maxPing\999\sv_hostname\^7~^1~^7~ COMM SERVER ~^1~^7~\sv_fps\50\sv_floodProtectSlow\1\sv_floodProtect\1\sv_autoDemo\0\sv_allowDownload\0\serveruptime\212\protocol\26\mapname\academy6\gamename\Lugormod\g_weaponDisable\0\g_stepSlideFix\0\g_siegeTeamSwitch\1\g_siegeTeam2\none\g_siegeTeam1\none\g_siegeRespawn\20\g_showDuelHealths\1\g_saberWallDamageScale\0.4\g_saberLocking\0\g_privateDuel\1535\g_noSpecMove\0\g_needpass\0\g_maxHolocronCarry\3\g_maxGameClients\0\g_maxForceRank\7\g_jediVmerc\0\g_gametype\0\g_gamemode\0\g_forceRegenTime\160\g_forcePowerDisable\0\g_forceBasedTeams\1\g_duelWeaponDisable\9\g_debugmelee\1\g_allowNPC\1\fs_game\lugormod\fraglimit\0\duel_fraglimit\10\dmflags\0\capturelimit\10\bot_minplayers\2\bg_fighterAltControl\0\Lugormod_Version\U#-0.0.0.91 Alpha
8-13-2021 2:33 (3191:25): ClientConnect: 0
8-13-2021 2:33 (3191:25): ClientUserinfoChanged handling info: 0 \ip\90.62.80.6:29070\name\Emma17100\rate\4000\snaps\20\model\swtorrevan/head_a1|torso_a1|lower_a1\forcepowers\7-2-031320330000030332\color1\0\color2\5\handicap\100\sex\male\cg_predictItems\1\saber1\single_1\saber2\single_1\char_color_red\255\char_color_green\255\char_color_blue\255\teamtask\0\teamoverlay\1
8-13-2021 2:33 (3191:25): ClientUserinfoChanged: 0 n\Emma17100\t\0\model\kyl\c1\0\c2\5\hc\0\w\0\l\0\tt\0\tl\0\st\single_1\st2\single_1\dt\0
8-13-2021 2:33 (3191:25): ClientUserinfoChanged handling info: 0 \ip\90.62.80.6:29070\name\Emma17100\rate\4000\snaps\20\model\swtorrevan/head_a1|torso_a1|lower_a1\forcepowers\7-2-031320330000030332\color1\0\color2\5\handicap\100\sex\male\cg_predictItems\1\saber1\single_1\saber2\single_1\char_color_red\255\char_color_green\255\char_color_blue\255\teamtask\0\teamoverlay\1
8-13-2021 2:33 (3191:25): ClientUserinfoChanged: 0 n\Emma17100\t\0\model\kyl\c1\0\c2\5\hc\0\w\0\l\0\tt\0\tl\0\st\single_1\st2\single_1\dt\0
8-13-2021 2:33 (3191:25): ClientUserinfoChanged handling info: 0 \ip\90.62.80.6:29070\name\Emma17100\rate\4000\snaps\20\model\swtorrevan/head_a1|torso_a1|lower_a1\forcepowers\7-2-031320330000030332\color1\0\color2\5\handicap\100\sex\male\cg_predictItems\1\saber1\single_1\saber2\single_1\char_color_red\255\char_color_green\255\char_color_blue\255\teamtask\0\teamoverlay\1
8-13-2021 2:33 (3191:25): ClientUserinfoChanged: 0 n\Emma17100\t\0\model\kyl\c1\0\c2\5\hc\100\w\0\l\0\tt\0\tl\0\st\single_1\st2\single_1\dt\0
8-13-2021 2:33 (3191:25): ClientBegin: 0
8-13-2021 2:33 (3191:25): ClientConnect: 2
8-13-2021 2:33 (3191:25): ClientUserinfoChanged handling info: 2 \team\0\skill\ 5.00\personality\botfiles/astupidbot.jkb\saber2\none\saber1\kyle\color2\4\color1\4\sex\male\model\jawa\snaps\20\rate\25000\name\astupidbot
8-13-2021 2:33 (3191:25): ClientUserinfoChanged: 2 n\astupidbot\t\0\model\jawa\c1\4\c2\4\hc\0\w\0\l\0\skill\ 5.00\tt\0\tl\0\siegeclass\none\st\Kyle\st2\none\dt\0\sdt\0
8-13-2021 2:33 (3191:25): ClientUserinfoChanged handling info: 2 \team\0\skill\ 5.00\personality\botfiles/astupidbot.jkb\saber2\none\saber1\kyle\color2\4\color1\4\sex\male\model\jawa\snaps\20\rate\25000\name\astupidbot
8-13-2021 2:33 (3191:25): ClientUserinfoChanged: 2 n\astupidbot\t\0\model\jawa\c1\4\c2\4\hc\100\w\0\l\0\skill\ 5.00\tt\0\tl\0\siegeclass\none\st\Kyle\st2\none\dt\0\sdt\0
8-13-2021 2:33 (3191:25): ClientBegin: 2
8-13-2021 2:34 (3191:40): Kill: 0 2 3: Emma17100 killed astupidbot by MOD_SABER
8-13-2021 2:34 (3191:41): ClientUserinfoChanged handling info: 2 \team\0\skill\ 5.00\personality\botfiles/astupidbot.jkb\saber2\none\saber1\kyle\color2\4\color1\4\sex\male\model\jawa\snaps\20\rate\25000\name\astupidbot
8-13-2021 2:34 (3191:41): ClientUserinfoChanged: 2 n\astupidbot\t\0\model\jawa\c1\4\c2\4\hc\100\w\0\l\0\skill\ 5.00\tt\0\tl\0\siegeclass\none\st\Kyle\st2\none\dt\0\sdt\0
8-13-2021 2:35 (3193:20): Kill: 0 2 3: Emma17100 killed astupidbot by MOD_SABER
8-13-2021 2:35 (3193:20): duel: Emma17100 won a duel against astupidbot
8-13-2021 2:35 (3193:22): ClientUserinfoChanged handling info: 2 \team\0\skill\ 5.00\personality\botfiles/astupidbot.jkb\saber2\none\saber1\kyle\color2\4\color1\4\sex\male\model\jawa\snaps\20\rate\25000\name\astupidbot
8-13-2021 2:35 (3193:22): ClientUserinfoChanged: 2 n\astupidbot\t\0\model\jawa\c1\4\c2\4\hc\100\w\0\l\0\skill\ 5.00\tt\0\tl\0\siegeclass\none\st\Kyle\st2\none\dt\0\sdt\0
8-13-2021 2:35 (3193:22): say: astupidbot: ouch
8-13-2021 2:36 (3193:41): Kill: 0 2 5: Emma17100 killed astupidbot by MOD_BRYAR_PISTOL_ALT
8-13-2021 2:36 (3193:42): ClientUserinfoChanged handling info: 2 \team\0\skill\ 5.00\personality\botfiles/astupidbot.jkb\saber2\none\saber1\kyle\color2\4\color1\4\sex\male\model\jawa\snaps\20\rate\25000\name\astupidbot
8-13-2021 2:36 (3193:42): ClientUserinfoChanged: 2 n\astupidbot\t\0\model\jawa\c1\4\c2\4\hc\100\w\0\l\0\skill\ 5.00\tt\0\tl\0\siegeclass\none\st\Kyle\st2\none\dt\0\sdt\0
8-13-2021 2:36 (3194:20): Kill: 0 2 3: Emma17100 killed astupidbot by MOD_SABER
8-13-2021 2:36 (3194:21): ClientUserinfoChanged handling info: 2 \team\0\skill\ 5.00\personality\botfiles/astupidbot.jkb\saber2\none\saber1\kyle\color2\4\color1\4\sex\male\model\jawa\snaps\20\rate\25000\name\astupidbot
8-13-2021 2:36 (3194:21): ClientUserinfoChanged: 2 n\astupidbot\t\0\model\jawa\c1\4\c2\4\hc\100\w\0\l\0\skill\ 5.00\tt\0\tl\0\siegeclass\none\st\Kyle\st2\none\dt\0\sdt\0
8-13-2021 2:37 (3194:29): ClientDisconnect: 0
8-13-2021 2:37 (3194:37): ClientConnect: 0
8-13-2021 2:37 (3194:37): ClientUserinfoChanged handling info: 0 \team\0\skill\ 5.00\personality\botfiles/newkyle.jkb\saber2\none\saber1\kyle\color2\4\color1\1\sex\male\model\kyle\snaps\20\rate\25000\name\Kyle
8-13-2021 2:37 (3194:37): ClientUserinfoChanged: 0 n\Kyle\t\0\model\kyle\c1\1\c2\4\hc\0\w\0\l\0\skill\ 5.00\tt\0\tl\0\siegeclass\none\st\\st2\\dt\0\sdt\0
8-13-2021 2:37 (3194:37): IP: localhost Kyle
8-13-2021 2:37 (3194:37): ClientUserinfoChanged handling info: 0 \team\0\skill\ 5.00\personality\botfiles/newkyle.jkb\saber2\none\saber1\kyle\color2\4\color1\1\sex\male\model\kyle\snaps\20\rate\25000\name\Kyle
8-13-2021 2:37 (3194:37): ClientUserinfoChanged: 0 n\Kyle\t\0\model\kyle\c1\1\c2\4\hc\100\w\0\l\0\skill\ 5.00\tt\0\tl\0\siegeclass\none\st\Kyle\st2\none\dt\0\sdt\0
8-13-2021 2:37 (3194:37): ClientBegin: 0
8-13-2021 7:28 (3485:28): ClientConnect: 1
8-13-2021 7:28 (3485:28): ClientUserinfoChanged handling info: 1 \ip\181.31.252.113:29070\challenge\47333416\qport\54867\protocol\26\char_color_blue\255\char_color_green\255\char_color_red\255\saber2\none\saber1\dual_1\cg_predictItems\1\sex\male\handicap\100\color2\4\color1\0\forcepowers\7-1-030000000000000230\model\rax_joris/blue\snaps\20\rate\4000\name\STARRZFALL\teamtask\0
8-13-2021 7:28 (3485:28): ClientUserinfoChanged: 1 n\STARRZFALL\t\0\model\rax_joris/blue\c1\0\c2\4\hc\0\w\0\l\0\tt\0\tl\0\st\\st2\\dt\0
8-13-2021 7:28 (3485:28): IP: 181.31.252.113 STARRZFALL
8-13-2021 7:28 (3485:28): say: Kyle: Hi
8-13-2021 7:28 (3485:31): say: astupidbot: nice to see you Kyle
8-13-2021 7:28 (3485:32): say: Kyle: no
8-13-2021 7:28 (3485:40): ClientDisconnect: 1
8-13-2021 16: 9 (4007:03): ClientConnect: 1
8-13-2021 16: 9 (4007:03): ClientUserinfoChanged handling info: 1 \ip\185.217.232.8:46225\challenge\187095409\qport\37585\protocol\26\name\Padawan\rate\4000\snaps\20\model\bespin_cop/default\forcepowers\6-1-030330000000000333\color1\4\color2\4\handicap\100\sex\male\cg_predictItems\1\saber1\single_1\saber2\none\char_color_red\255\char_color_green\255\char_color_blue\255\teamtask\0\teamoverlay\1
8-13-2021 16: 9 (4007:03): ClientUserinfoChanged: 1 n\Padawan\t\0\model\bespin_cop/default\c1\4\c2\4\hc\0\w\0\l\0\tt\0\tl\0\st\\st2\\dt\0
8-13-2021 16: 9 (4007:03): IP: 185.217.232.8 Padawan
8-13-2021 16: 9 (4007:08): ClientUserinfoChanged handling info: 1 \ip\185.217.232.8:46225\name\Padawan\rate\4000\snaps\20\model\bespin_cop/default\forcepowers\6-1-030330000000000333\color1\4\color2\4\handicap\100\sex\male\cg_predictItems\1\saber1\single_1\saber2\none\char_color_red\255\char_color_green\255\char_color_blue\255\teamtask\0\teamoverlay\1
8-13-2021 16: 9 (4007:08): ClientUserinfoChanged: 1 n\Padawan\t\0\model\bespin_cop/default\c1\4\c2\4\hc\0\w\0\l\0\tt\0\tl\0\st\single_1\st2\none\dt\0
8-13-2021 16: 9 (4007:08): ClientUserinfoChanged handling info: 1 \ip\185.217.232.8:46225\name\Padawan\rate\4000\snaps\20\model\bespin_cop/default\forcepowers\6-1-030330000000000333\color1\4\color2\4\handicap\100\sex\male\cg_predictItems\1\saber1\single_1\saber2\none\char_color_red\255\char_color_green\255\char_color_blue\255\teamtask\0\teamoverlay\1
8-13-2021 16: 9 (4007:08): ClientUserinfoChanged: 1 n\Padawan\t\0\model\bespin_cop/default\c1\4\c2\4\hc\100\w\0\l\0\tt\0\tl\0\st\single_1\st2\none\dt\0
8-13-2021 16: 9 (4007:08): ClientBegin: 1
8-13-2021 16: 9 (4007:24): say: Kyle: cya
8-13-2021 16: 9 (4007:24): ClientDisconnect: 0
8-13-2021 16: 9 (4007:25): say: astupidbot: bye
8-13-2021 16:10 (4007:56): Kill: 2 1 3: astupidbot killed Padawan by MOD_SABER
8-13-2021 16:10 (4007:56): Exit: Timelimit hit.
8-13-2021 16:10 (4007:56): score: 1  ping: 51  client: 2 astupidbot
8-13-2021 16:10 (4007:56): score: 0  ping: 103  client: 1 Padawan
8-13-2021 16:10 (4007:57): ClientUserinfoChanged handling info: 1 \ip\185.217.232.8:46225\name\Padawan\rate\4000\snaps\20\model\bespin_cop/default\forcepowers\6-1-030330000000000333\color1\4\color2\4\handicap\100\sex\male\cg_predictItems\1\saber1\single_1\saber2\none\char_color_red\255\char_color_green\255\char_color_blue\255\teamtask\0\teamoverlay\1
8-13-2021 16:10 (4007:57): ClientUserinfoChanged: 1 n\Padawan\t\0\model\bespin_cop/default\c1\4\c2\4\hc\100\w\0\l\0\tt\0\tl\0\st\single_1\st2\none\dt\0
8-13-2021 16:10 (4008:03): ClientDisconnect: 1
8-14-2021 3:26 (4684:08): ClientConnect: 0
8-14-2021 3:26 (4684:08): ClientUserinfoChanged handling info: 0 \ip\136.49.101.98:29070\challenge\-2035598930\qport\12109\protocol\26\char_color_blue\255\char_color_green\255\char_color_red\255\saber2\none\saber1\single_1\cg_predictItems\1\sex\male\handicap\100\color2\4\color1\4\forcepowers\6-1-030330000000000333\model\bespin_cop/default\snaps\20\rate\4000\name\Padawan\teamtask\0
8-14-2021 3:26 (4684:08): ClientUserinfoChanged: 0 n\Padawan\t\0\model\bespin_cop/default\c1\4\c2\4\hc\0\w\0\l\0\tt\0\tl\0\st\\st2\\dt\0
8-14-2021 3:26 (4684:08): IP: 136.49.101.98 Padawan
8-14-2021 3:26 (4684:10): say: astupidbot: I am getting bored
8-14-2021 3:26 (4684:20): ClientUserinfoChanged handling info: 0 \ip\136.49.101.98:29070\char_color_blue\255\char_color_green\255\char_color_red\255\saber2\none\saber1\single_1\cg_predictItems\1\sex\male\handicap\100\color2\4\color1\4\forcepowers\1-1-010000000000000100\model\bespin_cop/default\snaps\20\rate\4000\name\Padawan\teamtask\0\teamoverlay\1
8-14-2021 3:26 (4684:20): ClientUserinfoChanged: 0 n\Padawan\t\0\model\bespin_cop/default\c1\4\c2\4\hc\0\w\0\l\0\tt\0\tl\0\st\single_1\st2\none\dt\0
8-14-2021 3:26 (4684:20): ClientUserinfoChanged handling info: 0 \ip\136.49.101.98:29070\char_color_blue\255\char_color_green\255\char_color_red\255\saber2\none\saber1\single_1\cg_predictItems\1\sex\male\handicap\100\color2\4\color1\4\forcepowers\1-1-010000000000000100\model\bespin_cop/default\snaps\20\rate\4000\name\Padawan\teamtask\0\teamoverlay\1
8-14-2021 3:26 (4684:20): ClientUserinfoChanged: 0 n\Padawan\t\0\model\bespin_cop/default\c1\4\c2\4\hc\100\w\0\l\0\tt\0\tl\0\st\single_1\st2\none\dt\0
8-14-2021 3:26 (4684:20): ClientBegin: 0
8-14-2021 3:26 (4684:22): ShutdownGame:
8-14-2021 3:26 (4684:22): ------------------------------------------------------------
