10-21-2021 21: 4 (12665:45): ------------------------------------------------------------
10-21-2021 21: 4 (12665:45): InitGame: \version\JAmp: v1.0.1.0 linux-i386 Mar 14 2020\timelimit\45\sv_privateClients\0\sv_minRate\0\sv_minPing\0\sv_maxclients\32\sv_maxRate\0\sv_maxPing\999\sv_hostname\^7~^1~^7~ COMM SERVER ~^1~^7~\sv_fps\50\sv_floodProtectSlow\1\sv_floodProtect\1\sv_autoDemo\0\sv_allowDownload\0\serveruptime\212\protocol\26\mapname\academy6\gamename\Lugormod\g_weaponDisable\0\g_stepSlideFix\0\g_siegeTeamSwitch\1\g_siegeTeam2\none\g_siegeTeam1\none\g_siegeRespawn\20\g_showDuelHealths\1\g_saberWallDamageScale\0.4\g_saberLocking\0\g_privateDuel\1535\g_noSpecMove\0\g_needpass\0\g_maxHolocronCarry\3\g_maxGameClients\0\g_maxForceRank\7\g_jediVmerc\0\g_gametype\0\g_gamemode\0\g_forceRegenTime\160\g_forcePowerDisable\0\g_forceBasedTeams\1\g_duelWeaponDisable\9\g_debugmelee\1\g_allowNPC\1\fs_game\lugormod\fraglimit\0\duel_fraglimit\10\dmflags\0\capturelimit\10\bot_minplayers\2\bg_fighterAltControl\0\Lugormod_Version\U#-0.0.0.91 Alpha
10-21-2021 21: 4 (12665:46): ClientConnect: 0
10-21-2021 21: 4 (12665:46): ClientUserinfoChanged handling info: 0 \ip\64.188.178.134:20068\teamoverlay\1\snaps\40\sex\male\saber2\none\saber1\Kyle\rate\4000\model\stormtrooper/default\ja_guid\13C42FC04F51213D2276F94FE911D709\handicap\100\forcepowers\7-1-030000000000000330\color2\4\color1\4\char_color_red\255\char_color_green\255\char_color_blue\255\cg_predictItems\1
10-21-2021 21: 4 (12665:46): ClientUserinfoChanged: 0 n\Padawan\t\0\model\stormtrooper/default\c1\4\c2\4\hc\0\w\0\l\0\tt\0\tl\0\st\Kyle\st2\none\dt\0
10-21-2021 21: 4 (12665:46): ClientUserinfoChanged handling info: 0 \ip\64.188.178.134:20068\teamoverlay\1\snaps\40\sex\male\saber2\none\saber1\Kyle\rate\4000\model\stormtrooper/default\ja_guid\13C42FC04F51213D2276F94FE911D709\handicap\100\forcepowers\7-1-030000000000000330\color2\4\color1\4\char_color_red\255\char_color_green\255\char_color_blue\255\cg_predictItems\1
10-21-2021 21: 4 (12665:46): ClientUserinfoChanged: 0 n\Padawan\t\0\model\stormtrooper/default\c1\4\c2\4\hc\0\w\0\l\0\tt\0\tl\0\st\Kyle\st2\none\dt\0
10-21-2021 21: 4 (12665:46): ClientUserinfoChanged handling info: 0 \ip\64.188.178.134:20068\teamoverlay\1\snaps\40\sex\male\saber2\none\saber1\Kyle\rate\4000\model\stormtrooper/default\ja_guid\13C42FC04F51213D2276F94FE911D709\handicap\100\forcepowers\7-1-030000000000000330\color2\4\color1\4\char_color_red\255\char_color_green\255\char_color_blue\255\cg_predictItems\1
10-21-2021 21: 4 (12665:46): ClientUserinfoChanged: 0 n\Padawan\t\0\model\stormtrooper/default\c1\4\c2\4\hc\100\w\0\l\0\tt\0\tl\0\st\Kyle\st2\none\dt\0
10-21-2021 21: 4 (12665:46): ClientBegin: 0
10-21-2021 21: 4 (12665:46): ClientConnect: 1
10-21-2021 21: 4 (12665:46): ClientUserinfoChanged handling info: 1 \team\0\skill\ 5.00\personality\botfiles/newkyle.jkb\saber2\none\saber1\kyle\color2\4\color1\1\sex\male\model\kyle\snaps\20\rate\25000\name\Kyle
10-21-2021 21: 4 (12665:46): ClientUserinfoChanged: 1 n\Kyle\t\0\model\kyle\c1\1\c2\4\hc\0\w\0\l\0\skill\ 5.00\tt\0\tl\0\siegeclass\none\st\Kyle\st2\none\dt\0\sdt\0
10-21-2021 21: 4 (12665:46): ClientUserinfoChanged handling info: 1 \team\0\skill\ 5.00\personality\botfiles/newkyle.jkb\saber2\none\saber1\kyle\color2\4\color1\1\sex\male\model\kyle\snaps\20\rate\25000\name\Kyle
10-21-2021 21: 4 (12665:46): ClientUserinfoChanged: 1 n\Kyle\t\0\model\kyle\c1\1\c2\4\hc\100\w\0\l\0\skill\ 5.00\tt\0\tl\0\siegeclass\none\st\Kyle\st2\none\dt\0\sdt\0
10-21-2021 21: 4 (12665:46): ClientBegin: 1
10-21-2021 21: 6 (12668:27): Kill: 1022 130 38: <world> killed  by MOD_FALLING
10-21-2021 21: 8 (12669:39): ClientDisconnect: 0
10-21-2021 21: 8 (12669:48): ClientConnect: 0
10-21-2021 21: 8 (12669:48): ClientUserinfoChanged handling info: 0 \team\0\skill\ 5.00\personality\botfiles/astupidbot.jkb\saber2\none\saber1\kyle\color2\4\color1\4\sex\male\model\jawa\snaps\20\rate\25000\name\astupidbot
10-21-2021 21: 8 (12669:48): ClientUserinfoChanged: 0 n\astupidbot\t\0\model\jawa\c1\4\c2\4\hc\0\w\0\l\0\skill\ 5.00\tt\0\tl\0\siegeclass\none\st\\st2\\dt\0\sdt\0
10-21-2021 21: 8 (12669:48): IP: localhost astupidbot
10-21-2021 21: 8 (12669:48): ClientUserinfoChanged handling info: 0 \team\0\skill\ 5.00\personality\botfiles/astupidbot.jkb\saber2\none\saber1\kyle\color2\4\color1\4\sex\male\model\jawa\snaps\20\rate\25000\name\astupidbot
10-21-2021 21: 8 (12669:48): ClientUserinfoChanged: 0 n\astupidbot\t\0\model\jawa\c1\4\c2\4\hc\100\w\0\l\0\skill\ 5.00\tt\0\tl\0\siegeclass\none\st\Kyle\st2\none\dt\0\sdt\0
10-21-2021 21: 8 (12669:48): ClientBegin: 0
10-22-2021 18:46 (13968:04): ShutdownGame:
10-22-2021 18:46 (13968:04): ------------------------------------------------------------
