9-29-2021 6: 0 (0:00): ------------------------------------------------------------
9-29-2021 6: 0 (0:00): InitGame: \version\JAmp: v1.0.1.0 linux-i386 Mar 14 2020\timelimit\45\sv_privateClients\0\sv_minRate\0\sv_minPing\0\sv_maxclients\32\sv_maxRate\0\sv_maxPing\999\sv_hostname\^7~^1~^7~ COMM SERVER ~^1~^7~\sv_fps\50\sv_floodProtectSlow\1\sv_floodProtect\1\sv_autoDemo\0\sv_allowDownload\0\serveruptime\212\protocol\26\mapname\academy6\gamename\Lugormod\g_weaponDisable\0\g_stepSlideFix\0\g_siegeTeamSwitch\1\g_siegeTeam2\none\g_siegeTeam1\none\g_siegeRespawn\20\g_showDuelHealths\1\g_saberWallDamageScale\0.4\g_saberLocking\0\g_privateDuel\1535\g_noSpecMove\0\g_needpass\0\g_maxHolocronCarry\3\g_maxGameClients\0\g_maxForceRank\7\g_jediVmerc\0\g_gametype\0\g_gamemode\0\g_forceRegenTime\160\g_forcePowerDisable\0\g_forceBasedTeams\1\g_duelWeaponDisable\9\g_debugmelee\1\g_allowNPC\1\fs_game\lugormod\fraglimit\0\duel_fraglimit\10\dmflags\0\capturelimit\10\bot_minplayers\2\bg_fighterAltControl\0\Lugormod_Version\U#-0.0.0.91 Alpha
9-29-2021 6: 0 (0:30): ClientConnect: 0
9-29-2021 6: 0 (0:30): ClientUserinfoChanged handling info: 0 \team\0\skill\ 5.00\personality\botfiles/astupidbot.jkb\saber2\none\saber1\kyle\color2\4\color1\4\sex\male\model\jawa\snaps\20\rate\25000\name\astupidbot
9-29-2021 6: 0 (0:30): ClientUserinfoChanged: 0 n\astupidbot\t\0\model\jawa\c1\4\c2\4\hc\0\w\0\l\0\skill\ 5.00\tt\0\tl\0\siegeclass\none\st\\st2\\dt\0\sdt\0
9-29-2021 6: 0 (0:30): IP: localhost astupidbot
9-29-2021 6: 0 (0:30): ClientUserinfoChanged handling info: 0 \team\0\skill\ 5.00\personality\botfiles/astupidbot.jkb\saber2\none\saber1\kyle\color2\4\color1\4\sex\male\model\jawa\snaps\20\rate\25000\name\astupidbot
9-29-2021 6: 0 (0:30): ClientUserinfoChanged: 0 n\astupidbot\t\0\model\jawa\c1\4\c2\4\hc\100\w\0\l\0\skill\ 5.00\tt\0\tl\0\siegeclass\none\st\Kyle\st2\none\dt\0\sdt\0
9-29-2021 6: 0 (0:30): ClientBegin: 0
9-29-2021 6: 1 (0:53): ClientConnect: 1
9-29-2021 6: 1 (0:53): ClientUserinfoChanged handling info: 1 \team\0\skill\ 5.00\personality\botfiles/newkyle.jkb\saber2\none\saber1\kyle\color2\4\color1\1\sex\male\model\kyle\snaps\20\rate\25000\name\Kyle
9-29-2021 6: 1 (0:53): ClientUserinfoChanged: 1 n\Kyle\t\0\model\kyle\c1\1\c2\4\hc\0\w\0\l\0\skill\ 5.00\tt\0\tl\0\siegeclass\none\st\\st2\\dt\0\sdt\0
9-29-2021 6: 1 (0:53): ClientUserinfoChanged handling info: 1 \name\Kyle\team\0\skill\ 5.00\personality\botfiles/newkyle.jkb\saber2\none\saber1\kyle\color2\4\color1\1\sex\male\model\kyle\snaps\20\rate\25000
9-29-2021 6: 1 (0:53): ClientUserinfoChanged: 1 n\Kyle\t\0\model\kyle\c1\1\c2\4\hc\0\w\0\l\0\skill\ 5.00\tt\0\tl\0\siegeclass\none\st\\st2\\dt\0\sdt\0
9-29-2021 6: 1 (0:53): IP: localhost Kyle
9-29-2021 6: 1 (0:53): ClientUserinfoChanged handling info: 1 \name\Kyle\team\0\skill\ 5.00\personality\botfiles/newkyle.jkb\saber2\none\saber1\kyle\color2\4\color1\1\sex\male\monaps\2le\snaps\20\rate\25000
9-29-2021 6: 1 (0:53): ClientUserinfoChanged: 1 n\Kyle\t\0\model\\c1\1\c2\4\hc\0\w\0\l\0\skill\ 5.00\tt\0\tl\0\siegeclass\none\st\\st2\\dt\0\sdt\0
9-29-2021 6: 1 (0:53): ClientUserinfoChanged handling info: 1 \name\Kyle\team\0\skill\ 5.00\personality\botfiles/newkyle.jkb\saber2\none\saber1\kyle\color2\4\color1\1\sex\male\monaps\2le\snaps\20\rate\25000
9-29-2021 6: 1 (0:53): ClientUserinfoChanged: 1 n\Kyle\t\0\model\\c1\1\c2\4\hc\100\w\0\l\0\skill\ 5.00\tt\0\tl\0\siegeclass\none\st\Kyle\st2\none\dt\0\sdt\0
9-29-2021 6: 1 (0:53): ClientBegin: 1
9-29-2021 15:29 (569:13): ClientConnect: 2
9-29-2021 15:29 (569:13): ClientUserinfoChanged handling info: 2 \ip\78.36.83.45:29070\challenge\2071482919\qport\2527\protocol\26\char_color_blue\255\char_color_green\255\char_color_red\255\saber2\single_1\saber1\single_1\cg_predictItems\1\sex\male\handicap\100\color2\0\color1\0\forcepowers\7-1-030000000000000333\model\reborn_new/default\snaps\20\rate\4000\name\Padawan\teamtask\0\teamoverlay\1
9-29-2021 15:29 (569:13): ClientUserinfoChanged: 2 n\Padawan\t\0\model\reborn_new/default\c1\0\c2\0\hc\0\w\0\l\0\tt\0\tl\0\st\\st2\\dt\0
9-29-2021 15:29 (569:13): IP: 78.36.83.45 Padawan
9-29-2021 15:29 (569:13): say: Kyle: Hi
9-29-2021 15:29 (569:17): ClientUserinfoChanged handling info: 2 \ip\78.36.83.45:29070\char_color_blue\255\char_color_green\255\char_color_red\255\saber2\none\saber1\single_1\cg_predictItems\1\sex\male\handicap\100\color2\4\color1\4\forcepowers\6-1-030330000000000333\model\bespin_cop/default\snaps\20\rate\4000\name\Padawan\teamtask\0\teamoverlay\1
9-29-2021 15:29 (569:17): ClientUserinfoChanged: 2 n\Padawan\t\0\model\bespin_cop/default\c1\4\c2\4\hc\0\w\0\l\0\tt\0\tl\0\st\single_1\st2\none\dt\0
9-29-2021 15:29 (569:17): ClientUserinfoChanged handling info: 2 \ip\78.36.83.45:29070\char_color_blue\255\char_color_green\255\char_color_red\255\saber2\none\saber1\single_1\cg_predictItems\1\sex\male\handicap\100\color2\4\color1\4\forcepowers\6-1-030330000000000333\model\bespin_cop/default\snaps\20\rate\4000\name\Padawan\teamtask\0\teamoverlay\1
9-29-2021 15:29 (569:17): ClientUserinfoChanged: 2 n\Padawan\t\0\model\bespin_cop/default\c1\4\c2\4\hc\100\w\0\l\0\tt\0\tl\0\st\single_1\st2\none\dt\0
9-29-2021 15:29 (569:17): ClientBegin: 2
9-29-2021 15:29 (569:30): say: astupidbot: bye all
9-29-2021 15:29 (569:30): ClientDisconnect: 0
9-29-2021 15:30 (569:39): Kill: 2 1 3: Padawan killed Kyle by MOD_SABER
9-29-2021 15:30 (569:39): Exit: Timelimit hit.
9-29-2021 15:30 (569:39): score: 1  ping: 136  client: 2 Padawan
9-29-2021 15:30 (569:39): score: 0  ping: 59  client: 1 Kyle
9-29-2021 15:30 (569:40): ClientUserinfoChanged handling info: 1 \name\Kyle\team\0\skill\ 5.00\personality\botfiles/newkyle.jkb\saber2\none\saber1\kyle\color2\4\color1\1\sex\male\monaps\2le\snaps\20\rate\25000
9-29-2021 15:30 (569:40): ClientUserinfoChanged: 1 n\Kyle\t\0\model\\c1\1\c2\4\hc\100\w\0\l\0\skill\ 5.00\tt\0\tl\0\siegeclass\none\st\Kyle\st2\none\dt\0\sdt\0
9-29-2021 15:30 (569:45): ShutdownGame:
9-29-2021 15:30 (569:45): ------------------------------------------------------------
9-29-2021 15:30 (569:45): ------------------------------------------------------------
9-29-2021 15:30 (569:45): InitGame: \version\JAmp: v1.0.1.0 linux-i386 Mar 14 2020\timelimit\45\sv_privateClients\0\sv_minRate\0\sv_minPing\0\sv_maxclients\32\sv_maxRate\0\sv_maxPing\999\sv_hostname\^7~^1~^7~ COMM SERVER ~^1~^7~\sv_fps\50\sv_floodProtectSlow\1\sv_floodProtect\1\sv_autoDemo\0\sv_allowDownload\0\serveruptime\212\protocol\26\mapname\academy6\gamename\Lugormod\g_weaponDisable\0\g_stepSlideFix\0\g_siegeTeamSwitch\1\g_siegeTeam2\none\g_siegeTeam1\none\g_siegeRespawn\20\g_showDuelHealths\1\g_saberWallDamageScale\0.4\g_saberLocking\0\g_privateDuel\1535\g_noSpecMove\0\g_needpass\0\g_maxHolocronCarry\3\g_maxGameClients\0\g_maxForceRank\7\g_jediVmerc\0\g_gametype\0\g_gamemode\0\g_forceRegenTime\160\g_forcePowerDisable\0\g_forceBasedTeams\1\g_duelWeaponDisable\9\g_debugmelee\1\g_allowNPC\1\fs_game\lugormod\fraglimit\0\duel_fraglimit\10\dmflags\0\capturelimit\10\bot_minplayers\2\bg_fighterAltControl\0\Lugormod_Version\U#-0.0.0.91 Alpha
9-29-2021 15:30 (569:45): ClientConnect: 1
9-29-2021 15:30 (569:45): ClientUserinfoChanged handling info: 1 \name\Kyle\team\0\skill\ 5.00\personality\botfiles/newkyle.jkb\saber2\none\saber1\kyle\color2\4\color1\1\sex\male\monaps\2le\snaps\20\rate\25000
9-29-2021 15:30 (569:45): ClientUserinfoChanged: 1 n\Kyle\t\0\model\\c1\1\c2\4\hc\0\w\0\l\0\skill\ 5.00\tt\0\tl\0\siegeclass\none\st\Kyle\st2\none\dt\0\sdt\0
9-29-2021 15:30 (569:45): ClientUserinfoChanged handling info: 1 \name\Kyle\team\0\skill\ 5.00\personality\botfiles/newkyle.jkb\saber2\none\saber1\ky4\color1\1\sex\male\monaps\2le\snaps\2le\snaps\20\rate\25000
9-29-2021 15:30 (569:45): ClientUserinfoChanged: 1 n\Kyle\t\0\model\\c1\1\c2\\hc\0\w\0\l\0\skill\ 5.00\tt\0\tl\0\siegeclass\none\st\Kyle\st2\none\dt\0\sdt\0
9-29-2021 15:30 (569:45): ClientUserinfoChanged handling info: 1 \name\Kyle\team\0\skill\ 5.00\personality\botfiles/newkyle.jkb\saber2\none\saber1\ky4\color1\1\sex\male\monaps\2le\snaps\2le\snaps\20\rate\25000
9-29-2021 15:30 (569:45): ClientUserinfoChanged: 1 n\Kyle\t\0\model\\c1\1\c2\\hc\0\w\0\l\0\skill\ 5.00\tt\0\tl\0\siegeclass\none\st\default\st2\none\dt\0\sdt\0
9-29-2021 15:30 (569:45): ClientUserinfoChanged handling info: 1 \saber1\default\name\Kyle\team\0\skill\ 5.00\personality\botfiles/newkyle.jkb\saber2\none\color1\1\sex\male\monaps\2le\snaps\2le\snaps\20\rate\25000
9-29-2021 15:30 (569:45): ClientUserinfoChanged: 1 n\Kyle\t\0\model\\c1\1\c2\\hc\100\w\0\l\0\skill\ 5.00\tt\0\tl\0\siegeclass\none\st\default\st2\none\dt\0\sdt\0
9-29-2021 15:30 (569:45): ClientBegin: 1
9-29-2021 15:30 (569:45): ClientConnect: 2
9-29-2021 15:30 (569:45): ClientUserinfoChanged handling info: 2 \ip\78.36.83.45:29070\char_color_blue\255\char_color_green\255\char_color_red\255\saber2\none\saber1\single_1\cg_predictItems\1\sex\male\handicap\100\color2\4\color1\4\forcepowers\6-1-030330000000000333\model\bespin_cop/default\snaps\20\rate\4000\name\Padawan\teamtask\0\teamoverlay\1
9-29-2021 15:30 (569:45): ClientUserinfoChanged: 2 n\Padawan\t\0\model\bespin_cop/default\c1\4\c2\4\hc\0\w\0\l\0\tt\0\tl\0\st\single_1\st2\none\dt\0
9-29-2021 15:30 (569:45): ClientUserinfoChanged handling info: 2 \ip\78.36.83.45:29070\char_color_blue\255\char_color_green\255\char_color_red\255\saber2\none\saber1\single_1\cg_predictItems\1\sex\male\handicap\100\color2\4\color1\4\forcepowers\6-1-030330000000000333\model\bespin_cop/default\snaps\20\rate\4000\name\Padawan\teamtask\0\teamoverlay\1
9-29-2021 15:30 (569:45): ClientUserinfoChanged: 2 n\Padawan\t\0\model\bespin_cop/default\c1\4\c2\4\hc\0\w\0\l\0\tt\0\tl\0\st\single_1\st2\none\dt\0
9-29-2021 15:30 (569:45): ClientUserinfoChanged handling info: 2 \ip\78.36.83.45:29070\char_color_blue\255\char_color_green\255\char_color_red\255\saber2\none\saber1\single_1\cg_predictItems\1\sex\male\handicap\100\color2\4\color1\4\forcepowers\6-1-030330000000000333\model\bespin_cop/default\snaps\20\rate\4000\name\Padawan\teamtask\0\teamoverlay\1
9-29-2021 15:30 (569:45): ClientUserinfoChanged: 2 n\Padawan\t\0\model\bespin_cop/default\c1\4\c2\4\hc\100\w\0\l\0\tt\0\tl\0\st\single_1\st2\none\dt\0
9-29-2021 15:30 (569:45): ClientBegin: 2
9-29-2021 15:31 (570:45): Kill: 1 2 3: Kyle killed Padawan by MOD_SABER
9-29-2021 15:31 (570:46): ClientUserinfoChanged handling info: 2 \ip\78.36.83.45:29070\char_color_blue\255\char_color_green\255\char_color_red\255\saber2\none\saber1\single_1\cg_predictItems\1\sex\male\handicap\100\color2\4\color1\4\forcepowers\6-1-030330000000000333\model\bespin_cop/default\snaps\20\rate\4000\name\Padawan\teamtask\0\teamoverlay\1
9-29-2021 15:31 (570:46): ClientUserinfoChanged: 2 n\Padawan\t\0\model\bespin_cop/default\c1\4\c2\4\hc\100\w\0\l\0\tt\0\tl\0\st\single_1\st2\none\dt\0
9-29-2021 15:31 (570:47): say: Kyle: ^1Good Fight ^7 Padawan
9-29-2021 15:31 (570:57): Kill: 2 1 3: Padawan killed Kyle by MOD_SABER
9-29-2021 15:31 (570:58): ClientUserinfoChanged handling info: 1 \saber1\default\name\Kyle\team\0\skill\ 5.00\personality\botfiles/newkyle.jkb\saber2\none\color1\1\sex\male\monaps\2le\snaps\2le\snaps\20\rate\25000
9-29-2021 15:31 (570:58): ClientUserinfoChanged: 1 n\Kyle\t\0\model\\c1\1\c2\\hc\100\w\0\l\0\skill\ 5.00\tt\0\tl\0\siegeclass\none\st\default\st2\none\dt\0\sdt\0
9-29-2021 15:31 (571:07): ClientUserinfoChanged handling info: 2 \ip\78.36.83.45:29070\char_color_blue\255\char_color_green\255\char_color_red\255\saber2\single_1\saber1\single_1\cg_predictItems\1\sex\male\handicap\100\color2\5\color1\5\forcepowers\6-1-030330000000000333\model\bespin_cop/default\snaps\20\rate\4000\name\Padawan\teamtask\0\teamoverlay\1
9-29-2021 15:31 (571:07): ClientUserinfoChanged: 2 n\Padawan\t\0\model\bespin_cop/default\c1\5\c2\5\hc\100\w\0\l\0\tt\0\tl\0\st\single_1\st2\none\dt\0
9-29-2021 15:32 (571:31): Kill: 2 1 3: Padawan killed Kyle by MOD_SABER
9-29-2021 15:32 (571:32): ClientUserinfoChanged handling info: 1 \saber1\default\name\Kyle\team\0\skill\ 5.00\personality\botfiles/newkyle.jkb\saber2\none\color1\1\sex\male\monaps\2le\snaps\2le\snaps\20\rate\25000
9-29-2021 15:32 (571:32): ClientUserinfoChanged: 1 n\Kyle\t\0\model\\c1\1\c2\\hc\100\w\0\l\0\skill\ 5.00\tt\0\tl\0\siegeclass\none\st\default\st2\none\dt\0\sdt\0
9-29-2021 15:32 (572:24): Kill: 1 2 3: Kyle killed Padawan by MOD_SABER
9-29-2021 15:32 (572:25): ClientUserinfoChanged handling info: 2 \ip\78.36.83.45:29070\char_color_blue\255\char_color_green\255\char_color_red\255\saber2\single_1\saber1\single_1\cg_predictItems\1\sex\male\handicap\100\color2\5\color1\5\forcepowers\6-1-030330000000000333\model\bespin_cop/default\snaps\20\rate\4000\name\Padawan\teamtask\0\teamoverlay\1
9-29-2021 15:32 (572:25): ClientUserinfoChanged: 2 n\Padawan\t\0\model\bespin_cop/default\c1\5\c2\5\hc\100\w\0\l\0\tt\0\tl\0\st\single_1\st2\single_1\dt\0
9-29-2021 15:32 (572:25): ClientUserinfoChanged handling info: 2 \ip\78.36.83.45:29070\char_color_blue\255\char_color_green\255\char_color_red\255\saber2\single_1\saber1\single_1\cg_predictItems\1\sex\male\handicap\100\color2\5\color1\5\forcepowers\6-1-030330000000000333\model\bespin_cop/default\snaps\20\rate\4000\name\Padawan\teamtask\0\teamoverlay\1
9-29-2021 15:32 (572:25): ClientUserinfoChanged: 2 n\Padawan\t\0\model\bespin_cop/default\c1\5\c2\5\hc\100\w\0\l\0\tt\0\tl\0\st\single_1\st2\single_1\dt\0
9-29-2021 15:33 (573:04): ClientDisconnect: 2
9-29-2021 15:33 (573:10): ClientConnect: 0
9-29-2021 15:33 (573:10): ClientUserinfoChanged handling info: 0 \team\0\skill\ 5.00\personality\botfiles/astupidbot.jkb\saber2\none\saber1\kyle\color2\4\color1\4\sex\male\model\jawa\snaps\20\rate\25000\name\astupidbot
9-29-2021 15:33 (573:10): ClientUserinfoChanged: 0 n\astupidbot\t\0\model\jawa\c1\4\c2\4\hc\0\w\0\l\0\skill\ 5.00\tt\0\tl\0\siegeclass\none\st\\st2\\dt\0\sdt\0
9-29-2021 15:33 (573:10): IP: localhost astupidbot
9-29-2021 15:33 (573:10): ClientUserinfoChanged handling info: 0 \team\0\skill\ 5.00\personality\botfiles/astupidbot.jkb\saber2\none\saber1\kyle\color2\4\color1\4\sex\male\model\jawa\snaps\20\rate\25000\name\astupidbot
9-29-2021 15:33 (573:10): ClientUserinfoChanged: 0 n\astupidbot\t\0\model\jawa\c1\4\c2\4\hc\100\w\0\l\0\skill\ 5.00\tt\0\tl\0\siegeclass\none\st\Kyle\st2\none\dt\0\sdt\0
9-29-2021 15:33 (573:10): ClientBegin: 0
9-29-2021 16:15 (614:45): Exit: Timelimit hit.
9-29-2021 16:15 (614:45): score: 2  ping: 47  client: 1 Kyle
9-29-2021 16:15 (614:45): score: 0  ping: 47  client: 0 astupidbot
9-31-2021 21:37 (3816:40): ClientConnect: 2
9-31-2021 21:37 (3816:40): ClientUserinfoChanged handling info: 2 \ip\109.252.73.178:3520\challenge\-582535620\qport\64652\protocol\26\name\Fenix\rate\4000\snaps\20\model\bespin_cop/default\forcepowers\7-1-030000000000000330\color1\1\color2\1\handicap\100\sex\male\cg_predictItems\1\saber1\Kyle\saber2\Kyle\char_color_red\255\char_color_green\255\char_color_blue\255\teamtask\0
9-31-2021 21:37 (3816:40): ClientUserinfoChanged: 2 n\Fenix\t\0\model\bespin_cop/default\c1\1\c2\1\hc\0\w\0\l\0\tt\0\tl\0\st\\st2\\dt\0
9-31-2021 21:37 (3816:40): IP: 109.252.73.178 Fenix
9-31-2021 21:37 (3816:49): ClientUserinfoChanged handling info: 2 \ip\109.252.73.178:3520\name\Fenix\rate\4000\snaps\20\model\bespin_cop/default\forcepowers\7-1-030000000000000330\color1\1\color2\1\handicap\100\sex\male\cg_predictItems\1\saber1\Kyle\saber2\Kyle\char_color_red\255\char_color_green\255\char_color_blue\255\teamtask\0\teamoverlay\1
9-31-2021 21:37 (3816:49): ClientUserinfoChanged: 2 n\Fenix\t\0\model\bespin_cop/default\c1\1\c2\1\hc\0\w\0\l\0\tt\0\tl\0\st\Kyle\st2\Kyle\dt\0
9-31-2021 21:37 (3816:49): ClientUserinfoChanged handling info: 2 \ip\109.252.73.178:3520\name\Fenix\rate\4000\snaps\20\model\bespin_cop/default\forcepowers\7-1-030000000000000330\color1\1\color2\1\handicap\100\sex\male\cg_predictItems\1\saber1\Kyle\saber2\Kyle\char_color_red\255\char_color_green\255\char_color_blue\255\teamtask\0\teamoverlay\1
9-31-2021 21:37 (3816:49): ClientUserinfoChanged: 2 n\Fenix\t\0\model\bespin_cop/default\c1\1\c2\1\hc\100\w\0\l\0\tt\0\tl\0\st\Kyle\st2\Kyle\dt\0
9-31-2021 21:37 (3816:49): ClientBegin: 2
9-31-2021 21:37 (3816:50): ShutdownGame:
9-31-2021 21:37 (3816:50): ------------------------------------------------------------
