5-10-2021 13:14 (0:00): ------------------------------------------------------------
5-10-2021 13:14 (0:00): InitGame: \version\JAmp: v1.0.1.0 linux-i386 Mar 14 2020\timelimit\45\sv_privateClients\0\sv_minRate\0\sv_minPing\0\sv_maxclients\32\sv_maxRate\0\sv_maxPing\999\sv_hostname\^7~^1~^7~ COMM SERVER ~^1~^7~\sv_fps\50\sv_floodProtectSlow\1\sv_floodProtect\1\sv_autoDemo\0\sv_allowDownload\0\serveruptime\44\protocol\26\mapname\t3_stamp\gamename\Lugormod\g_weaponDisable\0\g_stepSlideFix\0\g_siegeTeamSwitch\1\g_siegeTeam2\none\g_siegeTeam1\none\g_siegeRespawn\20\g_showDuelHealths\1\g_saberWallDamageScale\0.4\g_saberLocking\0\g_privateDuel\1535\g_noSpecMove\0\g_needpass\0\g_maxHolocronCarry\3\g_maxGameClients\0\g_maxForceRank\7\g_jediVmerc\0\g_gametype\0\g_gamemode\0\g_forceRegenTime\160\g_forcePowerDisable\0\g_forceBasedTeams\1\g_duelWeaponDisable\9\g_debugmelee\1\g_allowNPC\1\fs_game\lugormod\fraglimit\0\duel_fraglimit\10\dmflags\0\capturelimit\10\bot_minplayers\2\bg_fighterAltControl\0\Lugormod_Version\U#-0.0.0.91 Alpha
5-10-2021 13:14 (0:30): ClientConnect: 0
5-10-2021 13:14 (0:30): ClientUserinfoChanged handling info: 0 \team\0\skill\ 5.00\personality\botfiles/astupidbot.jkb\saber2\none\saber1\kyle\color2\4\color1\4\sex\male\model\jawa\snaps\20\rate\25000\name\astupidbot
5-10-2021 13:14 (0:30): ClientUserinfoChanged: 0 n\astupidbot\t\0\model\jawa\c1\4\c2\4\hc\0\w\0\l\0\skill\ 5.00\tt\0\tl\0\siegeclass\none\st\\st2\\dt\0\sdt\0
5-10-2021 13:14 (0:30): IP: localhost astupidbot
5-10-2021 13:14 (0:30): ClientUserinfoChanged handling info: 0 \team\0\skill\ 5.00\personality\botfiles/astupidbot.jkb\saber2\none\saber1\kyle\color2\4\color1\4\sex\male\model\jawa\snaps\20\rate\25000\name\astupidbot
5-10-2021 13:14 (0:30): ClientUserinfoChanged: 0 n\astupidbot\t\0\model\jawa\c1\4\c2\4\hc\100\w\0\l\0\skill\ 5.00\tt\0\tl\0\siegeclass\none\st\Kyle\st2\none\dt\0\sdt\0
5-10-2021 13:14 (0:30): ClientBegin: 0
5-10-2021 13:14 (0:50): ClientConnect: 1
5-10-2021 13:14 (0:50): ClientUserinfoChanged handling info: 1 \team\0\skill\ 5.00\personality\botfiles/newkyle.jkb\saber2\none\saber1\kyle\color2\4\color1\1\sex\male\model\kyle\snaps\20\rate\25000\name\Kyle
5-10-2021 13:14 (0:50): ClientUserinfoChanged: 1 n\Kyle\t\0\model\kyle\c1\1\c2\4\hc\0\w\0\l\0\skill\ 5.00\tt\0\tl\0\siegeclass\none\st\\st2\\dt\0\sdt\0
5-10-2021 13:14 (0:50): IP: localhost Kyle
5-10-2021 13:14 (0:50): ClientUserinfoChanged handling info: 1 \team\0\skill\ 5.00\personality\botfiles/newkyle.jkb\saber2\none\saber1\kyle\color2\4\color1\1\sex\male\model\kyle\snaps\20\rate\25000\name\Kyle
5-10-2021 13:14 (0:50): ClientUserinfoChanged: 1 n\Kyle\t\0\model\kyle\c1\1\c2\4\hc\100\w\0\l\0\skill\ 5.00\tt\0\tl\0\siegeclass\none\st\Kyle\st2\none\dt\0\sdt\0
5-10-2021 13:14 (0:50): ClientBegin: 1
5-11-2021 19:27 (1813:05): ClientConnect: 2
5-11-2021 19:27 (1813:05): ClientUserinfoChanged handling info: 2 \ip\201.208.252.69:29070\challenge\-1883548530\qport\18920\protocol\26\name\Fabiolinni\rate\4000\snaps\20\model\jedi_hf/head_c1|torso_d1|lower_a1\forcepowers\6-1-031330000000000332\color1\0\color2\4\handicap\100\sex\male\cg_predictItems\1\saber1\Kyle\saber2\Kyle\char_color_red\255\char_color_green\255\char_color_blue\255\teamtask\0
5-11-2021 19:27 (1813:05): ClientUserinfoChanged: 2 n\Fabiolinni\t\0\model\jedi_hf/head_c1|torso_d1|lower_a1\c1\0\c2\4\hc\0\w\0\l\0\tt\0\tl\0\st\\st2\\dt\0
5-11-2021 19:27 (1813:05): IP: 201.208.252.69 Fabiolinni
5-11-2021 19:27 (1813:19): Kill: 1 0 3: Kyle killed astupidbot by MOD_SABER
5-11-2021 19:27 (1813:19): Exit: Timelimit hit.
5-11-2021 19:27 (1813:19): score: 1  ping: 48  client: 1 Kyle
5-11-2021 19:27 (1813:19): score: 0  ping: 46  client: 0 astupidbot
5-11-2021 19:27 (1813:20): ClientUserinfoChanged handling info: 0 \team\0\skill\ 5.00\personality\botfiles/astupidbot.jkb\saber2\none\saber1\kyle\color2\4\color1\4\sex\male\model\jawa\snaps\20\rate\25000\name\astupidbot
5-11-2021 19:27 (1813:20): ClientUserinfoChanged: 0 n\astupidbot\t\0\model\jawa\c1\4\c2\4\hc\100\w\0\l\0\skill\ 5.00\tt\0\tl\0\siegeclass\none\st\Kyle\st2\none\dt\0\sdt\0
5-11-2021 19:27 (1813:20): ClientUserinfoChanged handling info: 0 \team\0\skill\ 5.00\personality\botfiles/astupidbot.jkb\saber2\none\saber1\kyle\color2\4\color1\4\sex\male\model\jawa\snaps\20\rate\25000\name\astupidbot
5-11-2021 19:27 (1813:20): ClientUserinfoChanged: 0 n\astupidbot\t\0\model\jawa\c1\4\c2\4\hc\100\w\0\l\0\skill\ 5.00\tt\0\tl\0\siegeclass\none\st\Kyle\st2\none\dt\0\sdt\0
5-11-2021 19:27 (1813:20): ClientUserinfoChanged handling info: 2 \ip\201.208.252.69:29070\challenge\-1883548530\qport\18920\protocol\26\name\Fabiolinni\rate\4000\snaps\20\model\jedi_hf/head_c1|torso_d1|lower_a1\forcepowers\6-1-031330000000000332\color1\0\color2\4\handicap\100\sex\male\cg_predictItems\1\saber1\Kyle\saber2\Kyle\char_color_red\255\char_color_green\255\char_color_blue\255\teamtask\0
5-11-2021 19:27 (1813:20): ClientUserinfoChanged: 2 n\Fabiolinni\t\0\model\jedi_hf/head_c1|torso_d1|lower_a1\c1\0\c2\4\hc\100\w\0\l\0\tt\0\tl\0\st\Kyle\st2\Kyle\dt\0
5-11-2021 19:28 (1814:06): ClientUserinfoChanged handling info: 2 \ip\201.208.252.69:29070\name\Fabiolinni\rate\4000\snaps\20\model\jedi_hf/head_c1|torso_d1|lower_a1\forcepowers\6-1-031330000000000332\color1\0\color2\4\handicap\100\sex\male\cg_predictItems\1\saber1\Kyle\saber2\Kyle\char_color_red\255\char_color_green\255\char_color_blue\255\teamtask\0\teamoverlay\1
5-11-2021 19:28 (1814:06): ClientUserinfoChanged: 2 n\Fabiolinni\t\0\model\jedi_hf/head_c1|torso_d1|lower_a1\c1\0\c2\4\hc\100\w\0\l\0\tt\0\tl\0\st\Kyle\st2\Kyle\dt\0
5-11-2021 19:28 (1814:06): ClientBegin: 2
5-11-2021 19:28 (1814:10): ShutdownGame:
5-11-2021 19:28 (1814:10): ------------------------------------------------------------
