5-24-2021 7: 0 (0:00): ------------------------------------------------------------
5-24-2021 7: 0 (0:00): InitGame: \version\JAmp: v1.0.1.0 linux-i386 Mar 14 2020\timelimit\45\sv_privateClients\0\sv_minRate\0\sv_minPing\0\sv_maxclients\32\sv_maxRate\0\sv_maxPing\999\sv_hostname\^7~^1~^7~ COMM SERVER ~^1~^7~\sv_fps\50\sv_floodProtectSlow\1\sv_floodProtect\1\sv_autoDemo\0\sv_allowDownload\0\serveruptime\45\protocol\26\mapname\t3_stamp\gamename\Lugormod\g_weaponDisable\0\g_stepSlideFix\0\g_siegeTeamSwitch\1\g_siegeTeam2\none\g_siegeTeam1\none\g_siegeRespawn\20\g_showDuelHealths\1\g_saberWallDamageScale\0.4\g_saberLocking\0\g_privateDuel\1535\g_noSpecMove\0\g_needpass\0\g_maxHolocronCarry\3\g_maxGameClients\0\g_maxForceRank\7\g_jediVmerc\0\g_gametype\0\g_gamemode\0\g_forceRegenTime\160\g_forcePowerDisable\0\g_forceBasedTeams\1\g_duelWeaponDisable\9\g_debugmelee\1\g_allowNPC\1\fs_game\lugormod\fraglimit\0\duel_fraglimit\10\dmflags\0\capturelimit\10\bot_minplayers\2\bg_fighterAltControl\0\Lugormod_Version\U#-0.0.0.91 Alpha
5-24-2021 7: 0 (0:30): ClientConnect: 0
5-24-2021 7: 0 (0:30): ClientUserinfoChanged handling info: 0 \team\0\skill\ 5.00\personality\botfiles/astupidbot.jkb\saber2\none\saber1\kyle\color2\4\color1\4\sex\male\model\jawa\snaps\20\rate\25000\name\astupidbot
5-24-2021 7: 0 (0:30): ClientUserinfoChanged: 0 n\astupidbot\t\0\model\jawa\c1\4\c2\4\hc\0\w\0\l\0\skill\ 5.00\tt\0\tl\0\siegeclass\none\st\\st2\\dt\0\sdt\0
5-24-2021 7: 0 (0:30): IP: localhost astupidbot
5-24-2021 7: 0 (0:30): ClientUserinfoChanged handling info: 0 \team\0\skill\ 5.00\personality\botfiles/astupidbot.jkb\saber2\none\saber1\kyle\color2\4\color1\4\sex\male\model\jawa\snaps\20\rate\25000\name\astupidbot
5-24-2021 7: 0 (0:30): ClientUserinfoChanged: 0 n\astupidbot\t\0\model\jawa\c1\4\c2\4\hc\100\w\0\l\0\skill\ 5.00\tt\0\tl\0\siegeclass\none\st\Kyle\st2\none\dt\0\sdt\0
5-24-2021 7: 0 (0:30): ClientBegin: 0
5-24-2021 7: 1 (0:50): ClientConnect: 1
5-24-2021 7: 1 (0:50): ClientUserinfoChanged handling info: 1 \team\0\skill\ 5.00\personality\botfiles/newkyle.jkb\saber2\none\saber1\kyle\color2\4\color1\1\sex\male\model\kyle\snaps\20\rate\25000\name\Kyle
5-24-2021 7: 1 (0:50): ClientUserinfoChanged: 1 n\Kyle\t\0\model\kyle\c1\1\c2\4\hc\0\w\0\l\0\skill\ 5.00\tt\0\tl\0\siegeclass\none\st\\st2\\dt\0\sdt\0
5-24-2021 7: 1 (0:50): IP: localhost Kyle
5-24-2021 7: 1 (0:50): ClientUserinfoChanged handling info: 1 \team\0\skill\ 5.00\personality\botfiles/newkyle.jkb\saber2\none\saber1\kyle\color2\4\color1\1\sex\male\model\kyle\snaps\20\rate\25000\name\Kyle
5-24-2021 7: 1 (0:50): ClientUserinfoChanged: 1 n\Kyle\t\0\model\kyle\c1\1\c2\4\hc\100\w\0\l\0\skill\ 5.00\tt\0\tl\0\siegeclass\none\st\Kyle\st2\none\dt\0\sdt\0
5-24-2021 7: 1 (0:50): ClientBegin: 1
5-24-2021 22: 8 (908:22): ClientConnect: 2
5-24-2021 22: 8 (908:22): ClientUserinfoChanged handling info: 2 \ip\205.250.65.181:29070\challenge\895975792\qport\57728\protocol\26\char_color_blue\255\char_color_green\255\char_color_red\255\saber2\none\saber1\dual_3\cg_predictItems\1\sex\male\handicap\100\color2\5\color1\5\forcepowers\6-1-331322000200003322\model\desann/default\snaps\20\rate\4000\name\Binguooner\teamtask\0\teamoverlay\1
5-24-2021 22: 8 (908:22): ClientUserinfoChanged: 2 n\Binguooner\t\0\model\desann/default\c1\5\c2\5\hc\0\w\0\l\0\tt\0\tl\0\st\\st2\\dt\0
5-24-2021 22: 8 (908:22): IP: 205.250.65.181 Binguooner
5-24-2021 22: 8 (908:30): ClientUserinfoChanged handling info: 2 \ip\205.250.65.181:29070\char_color_blue\255\char_color_green\255\char_color_red\255\saber2\none\saber1\dual_3\cg_predictItems\1\sex\male\handicap\100\color2\5\color1\5\forcepowers\6-1-331322000200003322\model\desann/default\snaps\20\rate\4000\name\Binguooner\teamtask\0\teamoverlay\1
5-24-2021 22: 8 (908:30): ClientUserinfoChanged: 2 n\Binguooner\t\0\model\desann/default\c1\5\c2\5\hc\0\w\0\l\0\tt\0\tl\0\st\dual_3\st2\none\dt\0
5-24-2021 22: 8 (908:30): ClientUserinfoChanged handling info: 2 \ip\205.250.65.181:29070\char_color_blue\255\char_color_green\255\char_color_red\255\saber2\none\saber1\dual_3\cg_predictItems\1\sex\male\handicap\100\color2\5\color1\5\forcepowers\6-1-331322000200003322\model\desann/default\snaps\20\rate\4000\name\Binguooner\teamtask\0\teamoverlay\1
5-24-2021 22: 8 (908:30): ClientUserinfoChanged: 2 n\Binguooner\t\0\model\desann/default\c1\5\c2\5\hc\100\w\0\l\0\tt\0\tl\0\st\dual_3\st2\none\dt\0
5-24-2021 22: 8 (908:30): ClientBegin: 2
5-24-2021 22: 8 (908:41): say: astupidbot: g2g
5-24-2021 22: 8 (908:41): ClientDisconnect: 0
5-24-2021 22: 8 (908:47): Kill: 2 1 3: Binguooner killed Kyle by MOD_SABER
5-24-2021 22: 8 (908:47): Exit: Timelimit hit.
5-24-2021 22: 8 (908:47): score: 1  ping: 82  client: 2 Binguooner
5-24-2021 22: 8 (908:47): score: 0  ping: 51  client: 1 Kyle
5-24-2021 22: 8 (908:48): ClientUserinfoChanged handling info: 1 \team\0\skill\ 5.00\personality\botfiles/newkyle.jkb\saber2\none\saber1\kyle\color2\4\color1\1\sex\male\model\kyle\snaps\20\rate\25000\name\Kyle
5-24-2021 22: 8 (908:48): ClientUserinfoChanged: 1 n\Kyle\t\0\model\kyle\c1\1\c2\4\hc\100\w\0\l\0\skill\ 5.00\tt\0\tl\0\siegeclass\none\st\Kyle\st2\none\dt\0\sdt\0
5-24-2021 22: 9 (908:55): ShutdownGame:
5-24-2021 22: 9 (908:55): ------------------------------------------------------------
5-24-2021 22: 9 (908:55): ------------------------------------------------------------
5-24-2021 22: 9 (908:55): InitGame: \version\JAmp: v1.0.1.0 linux-i386 Mar 14 2020\timelimit\45\sv_privateClients\0\sv_minRate\0\sv_minPing\0\sv_maxclients\32\sv_maxRate\0\sv_maxPing\999\sv_hostname\^7~^1~^7~ COMM SERVER ~^1~^7~\sv_fps\50\sv_floodProtectSlow\1\sv_floodProtect\1\sv_autoDemo\0\sv_allowDownload\0\serveruptime\45\protocol\26\mapname\t3_stamp\gamename\Lugormod\g_weaponDisable\0\g_stepSlideFix\0\g_siegeTeamSwitch\1\g_siegeTeam2\none\g_siegeTeam1\none\g_siegeRespawn\20\g_showDuelHealths\1\g_saberWallDamageScale\0.4\g_saberLocking\0\g_privateDuel\1535\g_noSpecMove\0\g_needpass\0\g_maxHolocronCarry\3\g_maxGameClients\0\g_maxForceRank\7\g_jediVmerc\0\g_gametype\0\g_gamemode\0\g_forceRegenTime\160\g_forcePowerDisable\0\g_forceBasedTeams\1\g_duelWeaponDisable\9\g_debugmelee\1\g_allowNPC\1\fs_game\lugormod\fraglimit\0\duel_fraglimit\10\dmflags\0\capturelimit\10\bot_minplayers\2\bg_fighterAltControl\0\Lugormod_Version\U#-0.0.0.91 Alpha
5-24-2021 22: 9 (908:55): ClientConnect: 1
5-24-2021 22: 9 (908:55): ClientUserinfoChanged handling info: 1 \team\0\skill\ 5.00\personality\botfiles/newkyle.jkb\saber2\none\saber1\kyle\color2\4\color1\1\sex\male\model\kyle\snaps\20\rate\25000\name\Kyle
5-24-2021 22: 9 (908:55): ClientUserinfoChanged: 1 n\Kyle\t\0\model\kyle\c1\1\c2\4\hc\0\w\0\l\0\skill\ 5.00\tt\0\tl\0\siegeclass\none\st\Kyle\st2\none\dt\0\sdt\0
5-24-2021 22: 9 (908:55): ClientUserinfoChanged handling info: 1 \team\0\skill\ 5.00\personality\botfiles/newkyle.jkb\saber2\none\saber1\kyle\color2\4\color1\1\sex\male\model\kyle\snaps\20\rate\25000\name\Kyle
5-24-2021 22: 9 (908:55): ClientUserinfoChanged: 1 n\Kyle\t\0\model\kyle\c1\1\c2\4\hc\100\w\0\l\0\skill\ 5.00\tt\0\tl\0\siegeclass\none\st\Kyle\st2\none\dt\0\sdt\0
5-24-2021 22: 9 (908:55): ClientBegin: 1
5-24-2021 22: 9 (908:55): ClientConnect: 2
5-24-2021 22: 9 (908:55): ClientUserinfoChanged handling info: 2 \ip\205.250.65.181:29070\char_color_blue\255\char_color_green\255\char_color_red\255\saber2\none\saber1\dual_3\cg_predictItems\1\sex\male\handicap\100\color2\5\color1\5\forcepowers\6-1-331322000200003322\model\desann/default\snaps\20\rate\4000\name\Binguooner\teamtask\0\teamoverlay\1
5-24-2021 22: 9 (908:55): ClientUserinfoChanged: 2 n\Binguooner\t\0\model\desann/default\c1\5\c2\5\hc\0\w\0\l\0\tt\0\tl\0\st\dual_3\st2\none\dt\0
5-24-2021 22: 9 (908:55): ClientUserinfoChanged handling info: 2 \ip\205.250.65.181:29070\char_color_blue\255\char_color_green\255\char_color_red\255\saber2\none\saber1\dual_3\cg_predictItems\1\sex\male\handicap\100\color2\5\color1\5\forcepowers\6-1-331322000200003322\model\desann/default\snaps\20\rate\4000\name\Binguooner\teamtask\0\teamoverlay\1
5-24-2021 22: 9 (908:55): ClientUserinfoChanged: 2 n\Binguooner\t\0\model\desann/default\c1\5\c2\5\hc\0\w\0\l\0\tt\0\tl\0\st\dual_3\st2\none\dt\0
5-24-2021 22: 9 (908:55): ClientUserinfoChanged handling info: 2 \ip\205.250.65.181:29070\char_color_blue\255\char_color_green\255\char_color_red\255\saber2\none\saber1\dual_3\cg_predictItems\1\sex\male\handicap\100\color2\5\color1\5\forcepowers\6-1-331322000200003322\model\desann/default\snaps\20\rate\4000\name\Binguooner\teamtask\0\teamoverlay\1
5-24-2021 22: 9 (908:55): ClientUserinfoChanged: 2 n\Binguooner\t\0\model\desann/default\c1\5\c2\5\hc\100\w\0\l\0\tt\0\tl\0\st\dual_3\st2\none\dt\0
5-24-2021 22: 9 (908:55): ClientBegin: 2
5-24-2021 22: 9 (909:41): Kill: 1 2 3: Kyle killed Binguooner by MOD_SABER
5-24-2021 22: 9 (909:43): say: Kyle: Good Fight
5-24-2021 22: 9 (909:46): ClientUserinfoChanged handling info: 2 \ip\205.250.65.181:29070\char_color_blue\255\char_color_green\255\char_color_red\255\saber2\none\saber1\dual_3\cg_predictItems\1\sex\male\handicap\100\color2\5\color1\5\forcepowers\6-1-331322000200003322\model\desann/default\snaps\20\rate\4000\name\Binguooner\teamtask\0\teamoverlay\1
5-24-2021 22: 9 (909:46): ClientUserinfoChanged: 2 n\Binguooner\t\0\model\desann/default\c1\5\c2\5\hc\100\w\0\l\0\tt\0\tl\0\st\dual_3\st2\none\dt\0
5-24-2021 22:10 (910:11): Kill: 2 1 3: Binguooner killed Kyle by MOD_SABER
5-24-2021 22:10 (910:13): ClientUserinfoChanged handling info: 1 \team\0\skill\ 5.00\personality\botfiles/newkyle.jkb\saber2\none\saber1\kyle\color2\4\color1\1\sex\male\model\kyle\snaps\20\rate\25000\name\Kyle
5-24-2021 22:10 (910:13): ClientUserinfoChanged: 1 n\Kyle\t\0\model\kyle\c1\1\c2\4\hc\100\w\0\l\0\skill\ 5.00\tt\0\tl\0\siegeclass\none\st\Kyle\st2\none\dt\0\sdt\0
5-24-2021 22:10 (910:13): say: Kyle: Good Fight
5-24-2021 22:10 (910:42): Kill: 1 2 3: Kyle killed Binguooner by MOD_SABER
5-24-2021 22:10 (910:45): ClientUserinfoChanged handling info: 2 \ip\205.250.65.181:29070\char_color_blue\255\char_color_green\255\char_color_red\255\saber2\none\saber1\dual_3\cg_predictItems\1\sex\male\handicap\100\color2\5\color1\5\forcepowers\6-1-331322000200003322\model\desann/default\snaps\20\rate\4000\name\Binguooner\teamtask\0\teamoverlay\1
5-24-2021 22:10 (910:45): ClientUserinfoChanged: 2 n\Binguooner\t\0\model\desann/default\c1\5\c2\5\hc\100\w\0\l\0\tt\0\tl\0\st\dual_3\st2\none\dt\0
5-24-2021 22:11 (911:47): Kill: 1 2 3: Kyle killed Binguooner by MOD_SABER
5-24-2021 22:12 (912:05): ClientUserinfoChanged handling info: 2 \ip\205.250.65.181:29070\char_color_blue\255\char_color_green\255\char_color_red\255\saber2\single_2\saber1\single_1\cg_predictItems\1\sex\male\handicap\100\color2\3\color1\0\forcepowers\6-1-331322000200003322\model\desann/default\snaps\20\rate\4000\name\Binguooner\teamtask\0\teamoverlay\1
5-24-2021 22:12 (912:05): ClientUserinfoChanged: 2 n\Binguooner\t\0\model\desann/default\c1\0\c2\3\hc\100\w\0\l\0\tt\0\tl\0\st\single_1\st2\single_2\dt\0
5-24-2021 22:12 (912:05): ClientUserinfoChanged handling info: 2 \ip\205.250.65.181:29070\char_color_blue\255\char_color_green\255\char_color_red\255\saber2\single_2\saber1\single_1\cg_predictItems\1\sex\male\handicap\100\color2\3\color1\0\forcepowers\6-1-331322000200003322\model\desann/default\snaps\20\rate\4000\name\Binguooner\teamtask\0\teamoverlay\1
5-24-2021 22:12 (912:05): ClientUserinfoChanged: 2 n\Binguooner\t\0\model\desann/default\c1\0\c2\3\hc\100\w\0\l\0\tt\0\tl\0\st\single_1\st2\single_2\dt\0
5-24-2021 22:12 (912:13): Kill: 2 1 3: Binguooner killed Kyle by MOD_SABER
5-24-2021 22:12 (912:14): ClientUserinfoChanged handling info: 1 \team\0\skill\ 5.00\personality\botfiles/newkyle.jkb\saber2\none\saber1\kyle\color2\4\color1\1\sex\male\model\kyle\snaps\20\rate\25000\name\Kyle
5-24-2021 22:12 (912:14): ClientUserinfoChanged: 1 n\Kyle\t\0\model\kyle\c1\1\c2\4\hc\100\w\0\l\0\skill\ 5.00\tt\0\tl\0\siegeclass\none\st\Kyle\st2\none\dt\0\sdt\0
5-24-2021 22:13 (912:53): Kill: 1 2 3: Kyle killed Binguooner by MOD_SABER
5-24-2021 22:13 (912:56): ClientUserinfoChanged handling info: 2 \ip\205.250.65.181:29070\char_color_blue\255\char_color_green\255\char_color_red\255\saber2\single_2\saber1\single_1\cg_predictItems\1\sex\male\handicap\100\color2\3\color1\0\forcepowers\6-1-331322000200003322\model\desann/default\snaps\20\rate\4000\name\Binguooner\teamtask\0\teamoverlay\1
5-24-2021 22:13 (912:56): ClientUserinfoChanged: 2 n\Binguooner\t\0\model\desann/default\c1\0\c2\3\hc\100\w\0\l\0\tt\0\tl\0\st\single_1\st2\single_2\dt\0
5-24-2021 22:13 (913:03): Kill: 2 1 3: Binguooner killed Kyle by MOD_SABER
5-24-2021 22:13 (913:04): ClientUserinfoChanged handling info: 1 \team\0\skill\ 5.00\personality\botfiles/newkyle.jkb\saber2\none\saber1\kyle\color2\4\color1\1\sex\male\model\kyle\snaps\20\rate\25000\name\Kyle
5-24-2021 22:13 (913:04): ClientUserinfoChanged: 1 n\Kyle\t\0\model\kyle\c1\1\c2\4\hc\100\w\0\l\0\skill\ 5.00\tt\0\tl\0\siegeclass\none\st\Kyle\st2\none\dt\0\sdt\0
5-24-2021 22:13 (913:04): say: Kyle: gf
5-24-2021 22:13 (913:14): say: Binguooner: ;]
5-24-2021 22:15 (915:00): Kill: 2 1 3: Binguooner killed Kyle by MOD_SABER
5-24-2021 22:15 (915:01): ClientUserinfoChanged handling info: 1 \team\0\skill\ 5.00\personality\botfiles/newkyle.jkb\saber2\none\saber1\kyle\color2\4\color1\1\sex\male\model\kyle\snaps\20\rate\25000\name\Kyle
5-24-2021 22:15 (915:01): ClientUserinfoChanged: 1 n\Kyle\t\0\model\kyle\c1\1\c2\4\hc\100\w\0\l\0\skill\ 5.00\tt\0\tl\0\siegeclass\none\st\Kyle\st2\none\dt\0\sdt\0
5-24-2021 22:17 (916:51): ClientDisconnect: 2
5-24-2021 22:17 (917:03): ClientConnect: 0
5-24-2021 22:17 (917:03): ClientUserinfoChanged handling info: 0 \team\0\skill\ 5.00\personality\botfiles/astupidbot.jkb\saber2\none\saber1\kyle\color2\4\color1\4\sex\male\model\jawa\snaps\20\rate\25000\name\astupidbot
5-24-2021 22:17 (917:03): ClientUserinfoChanged: 0 n\astupidbot\t\0\model\jawa\c1\4\c2\4\hc\0\w\0\l\0\skill\ 5.00\tt\0\tl\0\siegeclass\none\st\\st2\\dt\0\sdt\0
5-24-2021 22:17 (917:03): IP: localhost astupidbot
5-24-2021 22:17 (917:03): ClientUserinfoChanged handling info: 0 \team\0\skill\ 5.00\personality\botfiles/astupidbot.jkb\saber2\none\saber1\kyle\color2\4\color1\4\sex\male\model\jawa\snaps\20\rate\25000\name\astupidbot
5-24-2021 22:17 (917:03): ClientUserinfoChanged: 0 n\astupidbot\t\0\model\jawa\c1\4\c2\4\hc\100\w\0\l\0\skill\ 5.00\tt\0\tl\0\siegeclass\none\st\Kyle\st2\none\dt\0\sdt\0
5-24-2021 22:17 (917:03): ClientBegin: 0
5-24-2021 22:54 (953:55): Exit: Timelimit hit.
5-24-2021 22:54 (953:55): score: 4  ping: 54  client: 1 Kyle
5-24-2021 22:54 (953:55): score: 0  ping: 42  client: 0 astupidbot
5-25-2021 0:36 (1056:26): ClientConnect: 2
5-25-2021 0:36 (1056:26): ClientUserinfoChanged handling info: 2 \ip\108.209.185.27:29070\challenge\1299515222\qport\15731\protocol\26\name\Padawan\rate\4000\snaps\20\model\jedi_hm/head_c1|torso_a1|lower_a1\forcepowers\6-1-030330000000000333\color1\5\color2\4\handicap\100\sex\male\cg_predictItems\1\saber1\single_8\saber2\none\char_color_red\138\char_color_green\0\char_color_blue\0\teamtask\0
5-25-2021 0:36 (1056:26): ClientUserinfoChanged: 2 n\Padawan\t\0\model\jedi_hm/head_c1|torso_a1|lower_a1\c1\5\c2\4\hc\0\w\0\l\0\tt\0\tl\0\st\\st2\\dt\0
5-25-2021 0:36 (1056:26): IP: 108.209.185.27 Padawan
5-25-2021 0:36 (1056:39): ClientUserinfoChanged handling info: 2 \ip\108.209.185.27:29070\name\Padawan\rate\4000\snaps\20\model\jedi_hm/head_c1|torso_a1|lower_a1\forcepowers\6-1-030330000000000333\color1\5\color2\4\handicap\100\sex\male\cg_predictItems\1\saber1\single_8\saber2\none\char_color_red\138\char_color_green\0\char_color_blue\0\teamtask\0\teamoverlay\1
5-25-2021 0:36 (1056:39): ClientUserinfoChanged: 2 n\Padawan\t\0\model\jedi_hm/head_c1|torso_a1|lower_a1\c1\5\c2\4\hc\0\w\0\l\0\tt\0\tl\0\st\single_8\st2\none\dt\0
5-25-2021 0:36 (1056:39): ClientUserinfoChanged handling info: 2 \ip\108.209.185.27:29070\name\Padawan\rate\4000\snaps\20\model\jedi_hm/head_c1|torso_a1|lower_a1\forcepowers\6-1-030330000000000333\color1\5\color2\4\handicap\100\sex\male\cg_predictItems\1\saber1\single_8\saber2\none\char_color_red\138\char_color_green\0\char_color_blue\0\teamtask\0\teamoverlay\1
5-25-2021 0:36 (1056:39): ClientUserinfoChanged: 2 n\Padawan\t\0\model\jedi_hm/head_c1|torso_a1|lower_a1\c1\5\c2\4\hc\100\w\0\l\0\tt\0\tl\0\st\single_8\st2\none\dt\0
5-25-2021 0:36 (1056:39): ClientBegin: 2
5-25-2021 0:36 (1056:46): ShutdownGame:
5-25-2021 0:36 (1056:46): ------------------------------------------------------------
