1-28-2021 9:47 (0:00): ------------------------------------------------------------
1-28-2021 9:47 (0:00): InitGame: \version\JAmp: v1.0.1.0 linux-i386 Mar 14 2020\timelimit\45\sv_privateClients\0\sv_minRate\0\sv_minPing\0\sv_maxclients\32\sv_maxRate\0\sv_maxPing\999\sv_hostname\^7~^1~^7~ COMM SERVER ~^1~^7~\sv_fps\50\sv_floodProtectSlow\1\sv_floodProtect\1\sv_autoDemo\0\sv_allowDownload\0\serveruptime\39\protocol\26\mapname\mp/duel6\gamename\Lugormod\g_weaponDisable\0\g_stepSlideFix\0\g_siegeTeamSwitch\1\g_siegeTeam2\none\g_siegeTeam1\none\g_siegeRespawn\20\g_showDuelHealths\1\g_saberWallDamageScale\0.4\g_saberLocking\0\g_privateDuel\1535\g_noSpecMove\0\g_needpass\0\g_maxHolocronCarry\3\g_maxGameClients\0\g_maxForceRank\7\g_jediVmerc\0\g_gametype\0\g_gamemode\0\g_forceRegenTime\160\g_forcePowerDisable\0\g_forceBasedTeams\1\g_duelWeaponDisable\9\g_debugmelee\1\g_allowNPC\1\fs_game\lugormod\fraglimit\0\duel_fraglimit\10\dmflags\0\capturelimit\10\bot_minplayers\2\bg_fighterAltControl\0\Lugormod_Version\U#-0.0.0.91 Alpha
1-28-2021 9:48 (0:30): ClientConnect: 0
1-28-2021 9:48 (0:30): ClientUserinfoChanged handling info: 0 \team\0\skill\ 5.00\personality\botfiles/astupidbot.jkb\saber2\none\saber1\kyle\color2\4\color1\4\sex\male\model\jawa\snaps\20\rate\25000\name\astupidbot
1-28-2021 9:48 (0:30): ClientUserinfoChanged: 0 n\astupidbot\t\0\model\jawa\c1\4\c2\4\hc\0\w\0\l\0\skill\ 5.00\tt\0\tl\0\siegeclass\none\st\\st2\\dt\0\sdt\0
1-28-2021 9:48 (0:30): IP: localhost astupidbot
1-28-2021 9:48 (0:30): ClientUserinfoChanged handling info: 0 \team\0\skill\ 5.00\personality\botfiles/astupidbot.jkb\saber2\none\saber1\kyle\color2\4\color1\4\sex\male\model\jawa\snaps\20\rate\25000\name\astupidbot
1-28-2021 9:48 (0:30): ClientUserinfoChanged: 0 n\astupidbot\t\0\model\jawa\c1\4\c2\4\hc\100\w\0\l\0\skill\ 5.00\tt\0\tl\0\siegeclass\none\st\Kyle\st2\none\dt\0\sdt\0
1-28-2021 9:48 (0:30): ClientBegin: 0
1-28-2021 9:48 (0:55): ClientConnect: 1
1-28-2021 9:48 (0:55): ClientUserinfoChanged handling info: 1 \team\0\skill\ 5.00\personality\botfiles/newkyle.jkb\saber2\none\saber1\kyle\color2\4\color1\1\sex\male\model\kyle\snaps\20\rate\25000\name\Kyle
1-28-2021 9:48 (0:55): ClientUserinfoChanged: 1 n\Kyle\t\0\model\kyle\c1\1\c2\4\hc\0\w\0\l\0\skill\ 5.00\tt\0\tl\0\siegeclass\none\st\\st2\\dt\0\sdt\0
1-28-2021 9:48 (0:55): IP: localhost Kyle
1-28-2021 9:48 (0:55): ClientUserinfoChanged handling info: 1 \team\0\skill\ 5.00\personality\botfiles/newkyle.jkb\saber2\none\saber1\kyle\color2\4\color1\1\sex\male\model\kyle\snaps\20\rate\25000\name\Kyle
1-28-2021 9:48 (0:55): ClientUserinfoChanged: 1 n\Kyle\t\0\model\kyle\c1\1\c2\4\hc\100\w\0\l\0\skill\ 5.00\tt\0\tl\0\siegeclass\none\st\Kyle\st2\none\dt\0\sdt\0
1-28-2021 9:48 (0:55): ClientBegin: 1
1-28-2021 17:31 (463:56): ClientConnect: 2
1-28-2021 17:31 (463:56): ClientUserinfoChanged handling info: 2 \ip\109.12.241.51:29070\challenge\82891138\qport\21800\protocol\26\name\fauteuil\rate\4000\snaps\20\model\rebel/default\forcepowers\7-1-030000000000000330\color1\5\color2\3\handicap\100\sex\male\cg_predictItems\1\saber1\dual_3\saber2\none\char_color_red\255\char_color_green\255\char_color_blue\255\teamtask\0\teamoverlay\0
1-28-2021 17:31 (463:56): ClientUserinfoChanged: 2 n\fauteuil\t\0\model\rebel/default\c1\5\c2\3\hc\0\w\0\l\0\tt\0\tl\0\st\\st2\\dt\0
1-28-2021 17:31 (463:56): IP: 109.12.241.51 fauteuil
1-28-2021 17:32 (464:07): ClientUserinfoChanged handling info: 2 \ip\109.12.241.51:29070\name\fauteuil\rate\4000\snaps\20\model\rebel/default\forcepowers\7-1-030000000000000330\color1\5\color2\3\handicap\100\sex\male\cg_predictItems\1\saber1\dual_3\saber2\none\char_color_red\255\char_color_green\255\char_color_blue\255\teamtask\0\teamoverlay\1
1-28-2021 17:32 (464:07): ClientUserinfoChanged: 2 n\fauteuil\t\0\model\rebel/default\c1\5\c2\3\hc\0\w\0\l\0\tt\0\tl\0\st\dual_3\st2\none\dt\0
1-28-2021 17:32 (464:07): ClientUserinfoChanged handling info: 2 \ip\109.12.241.51:29070\name\fauteuil\rate\4000\snaps\20\model\rebel/default\forcepowers\7-1-030000000000000330\color1\5\color2\3\handicap\100\sex\male\cg_predictItems\1\saber1\dual_3\saber2\none\char_color_red\255\char_color_green\255\char_color_blue\255\teamtask\0\teamoverlay\1
1-28-2021 17:32 (464:07): ClientUserinfoChanged: 2 n\fauteuil\t\0\model\rebel/default\c1\5\c2\3\hc\100\w\0\l\0\tt\0\tl\0\st\dual_3\st2\none\dt\0
1-28-2021 17:32 (464:07): ClientBegin: 2
1-28-2021 17:32 (464:20): ClientUserinfoChanged handling info: 2 \ip\109.12.241.51:29070\name\fauteuil\rate\4000\snaps\20\model\rebel/default\forcepowers\7-1-030000000000000330\color1\5\color2\3\handicap\100\sex\male\cg_predictItems\1\saber1\single_1\saber2\none\char_color_red\255\char_color_green\255\char_color_blue\255\teamtask\0\teamoverlay\1
1-28-2021 17:32 (464:20): ClientUserinfoChanged: 2 n\fauteuil\t\0\model\rebel/default\c1\5\c2\3\hc\100\w\0\l\0\tt\0\tl\0\st\dual_3\st2\none\dt\0
1-28-2021 17:32 (464:23): Kill: 2 2 39: fauteuil killed fauteuil by MOD_SUICIDE
1-28-2021 17:32 (464:27): ClientUserinfoChanged handling info: 2 \ip\109.12.241.51:29070\name\fauteuil\rate\4000\snaps\20\model\rebel/default\forcepowers\7-1-030000000000000330\color1\5\color2\3\handicap\100\sex\male\cg_predictItems\1\saber1\single_1\saber2\none\char_color_red\255\char_color_green\255\char_color_blue\255\teamtask\0\teamoverlay\1
1-28-2021 17:32 (464:27): ClientUserinfoChanged: 2 n\fauteuil\t\0\model\rebel/default\c1\5\c2\3\hc\100\w\0\l\0\tt\0\tl\0\st\single_1\st2\none\dt\0
1-28-2021 17:32 (464:27): ClientUserinfoChanged handling info: 2 \ip\109.12.241.51:29070\name\fauteuil\rate\4000\snaps\20\model\rebel/default\forcepowers\7-1-030000000000000330\color1\5\color2\3\handicap\100\sex\male\cg_predictItems\1\saber1\single_1\saber2\none\char_color_red\255\char_color_green\255\char_color_blue\255\teamtask\0\teamoverlay\1
1-28-2021 17:32 (464:27): ClientUserinfoChanged: 2 n\fauteuil\t\0\model\rebel/default\c1\5\c2\3\hc\100\w\0\l\0\tt\0\tl\0\st\single_1\st2\none\dt\0
1-28-2021 17:32 (464:28): say: astupidbot: bye all
1-28-2021 17:32 (464:28): ClientDisconnect: 0
1-28-2021 17:32 (464:28): Exit: Timelimit hit.
1-28-2021 17:32 (464:28): score: 0  ping: 58  client: 1 Kyle
1-28-2021 17:32 (464:28): score: -1  ping: 90  client: 2 fauteuil
1-28-2021 17:32 (464:33): say: fauteuil: bb
1-28-2021 17:32 (464:40): ShutdownGame:
1-28-2021 17:32 (464:40): ------------------------------------------------------------
1-28-2021 17:32 (464:40): ------------------------------------------------------------
1-28-2021 17:32 (464:40): InitGame: \version\JAmp: v1.0.1.0 linux-i386 Mar 14 2020\timelimit\45\sv_privateClients\0\sv_minRate\0\sv_minPing\0\sv_maxclients\32\sv_maxRate\0\sv_maxPing\999\sv_hostname\^7~^1~^7~ COMM SERVER ~^1~^7~\sv_fps\50\sv_floodProtectSlow\1\sv_floodProtect\1\sv_autoDemo\0\sv_allowDownload\0\serveruptime\39\protocol\26\mapname\mp/duel6\gamename\Lugormod\g_weaponDisable\0\g_stepSlideFix\0\g_siegeTeamSwitch\1\g_siegeTeam2\none\g_siegeTeam1\none\g_siegeRespawn\20\g_showDuelHealths\1\g_saberWallDamageScale\0.4\g_saberLocking\0\g_privateDuel\1535\g_noSpecMove\0\g_needpass\0\g_maxHolocronCarry\3\g_maxGameClients\0\g_maxForceRank\7\g_jediVmerc\0\g_gametype\0\g_gamemode\0\g_forceRegenTime\160\g_forcePowerDisable\0\g_forceBasedTeams\1\g_duelWeaponDisable\9\g_debugmelee\1\g_allowNPC\1\fs_game\lugormod\fraglimit\0\duel_fraglimit\10\dmflags\0\capturelimit\10\bot_minplayers\2\bg_fighterAltControl\0\Lugormod_Version\U#-0.0.0.91 Alpha
1-28-2021 17:32 (464:40): ClientConnect: 1
1-28-2021 17:32 (464:40): ClientUserinfoChanged handling info: 1 \team\0\skill\ 5.00\personality\botfiles/newkyle.jkb\saber2\none\saber1\kyle\color2\4\color1\1\sex\male\model\kyle\snaps\20\rate\25000\name\Kyle
1-28-2021 17:32 (464:40): ClientUserinfoChanged: 1 n\Kyle\t\0\model\kyle\c1\1\c2\4\hc\0\w\0\l\0\skill\ 5.00\tt\0\tl\0\siegeclass\none\st\Kyle\st2\none\dt\0\sdt\0
1-28-2021 17:32 (464:40): ClientUserinfoChanged handling info: 1 \team\0\skill\ 5.00\personality\botfiles/newkyle.jkb\saber2\none\saber1\kyle\color2\4\color1\1\sex\male\model\kyle\snaps\20\rate\25000\name\Kyle
1-28-2021 17:32 (464:40): ClientUserinfoChanged: 1 n\Kyle\t\0\model\kyle\c1\1\c2\4\hc\100\w\0\l\0\skill\ 5.00\tt\0\tl\0\siegeclass\none\st\Kyle\st2\none\dt\0\sdt\0
1-28-2021 17:32 (464:40): ClientBegin: 1
1-28-2021 17:32 (464:40): ClientConnect: 2
1-28-2021 17:32 (464:40): ClientUserinfoChanged handling info: 2 \ip\109.12.241.51:29070\name\fauteuil\rate\4000\snaps\20\model\rebel/default\forcepowers\7-1-030000000000000330\color1\5\color2\3\handicap\100\sex\male\cg_predictItems\1\saber1\single_1\saber2\none\char_color_red\255\char_color_green\255\char_color_blue\255\teamtask\0\teamoverlay\1
1-28-2021 17:32 (464:40): ClientUserinfoChanged: 2 n\fauteuil\t\0\model\rebel/default\c1\5\c2\3\hc\0\w\0\l\0\tt\0\tl\0\st\single_1\st2\none\dt\0
1-28-2021 17:32 (464:40): ClientUserinfoChanged handling info: 2 \ip\109.12.241.51:29070\name\fauteuil\rate\4000\snaps\20\model\rebel/default\forcepowers\7-1-030000000000000330\color1\5\color2\3\handicap\100\sex\male\cg_predictItems\1\saber1\single_1\saber2\none\char_color_red\255\char_color_green\255\char_color_blue\255\teamtask\0\teamoverlay\1
1-28-2021 17:32 (464:40): ClientUserinfoChanged: 2 n\fauteuil\t\0\model\rebel/default\c1\5\c2\3\hc\0\w\0\l\0\tt\0\tl\0\st\single_1\st2\none\dt\0
1-28-2021 17:32 (464:40): ClientUserinfoChanged handling info: 2 \ip\109.12.241.51:29070\name\fauteuil\rate\4000\snaps\20\model\rebel/default\forcepowers\7-1-030000000000000330\color1\5\color2\3\handicap\100\sex\male\cg_predictItems\1\saber1\single_1\saber2\none\char_color_red\255\char_color_green\255\char_color_blue\255\teamtask\0\teamoverlay\1
1-28-2021 17:32 (464:40): ClientUserinfoChanged: 2 n\fauteuil\t\0\model\rebel/default\c1\5\c2\3\hc\100\w\0\l\0\tt\0\tl\0\st\single_1\st2\none\dt\0
1-28-2021 17:32 (464:40): ClientBegin: 2
1-28-2021 17:33 (465:39): say: fauteuil: ^7gg
1-28-2021 17:34 (467:03): Kill: 2 1 3: fauteuil killed Kyle by MOD_SABER
1-28-2021 17:34 (467:03): duel: fauteuil won a duel against Kyle
1-28-2021 17:34 (467:04): ClientUserinfoChanged handling info: 1 \team\0\skill\ 5.00\personality\botfiles/newkyle.jkb\saber2\none\saber1\kyle\color2\4\color1\1\sex\male\model\kyle\snaps\20\rate\25000\name\Kyle
1-28-2021 17:34 (467:04): ClientUserinfoChanged: 1 n\Kyle\t\0\model\kyle\c1\1\c2\4\hc\100\w\0\l\0\skill\ 5.00\tt\0\tl\0\siegeclass\none\st\Kyle\st2\none\dt\0\sdt\0
1-28-2021 17:34 (467:05): say: fauteuil: ^7gg
1-28-2021 17:35 (467:55): say: fauteuil: ^3^7:I
1-28-2021 17:38 (470:12): Kill: 2 1 3: fauteuil killed Kyle by MOD_SABER
1-28-2021 17:38 (470:13): ClientUserinfoChanged handling info: 1 \team\0\skill\ 5.00\personality\botfiles/newkyle.jkb\saber2\none\saber1\kyle\color2\4\color1\1\sex\male\model\kyle\snaps\20\rate\25000\name\Kyle
1-28-2021 17:38 (470:13): ClientUserinfoChanged: 1 n\Kyle\t\0\model\kyle\c1\1\c2\4\hc\100\w\0\l\0\skill\ 5.00\tt\0\tl\0\siegeclass\none\st\Kyle\st2\none\dt\0\sdt\0
1-28-2021 17:38 (470:15): say: fauteuil: ^7:)
1-28-2021 17:38 (470:24): say: fauteuil: bb
1-28-2021 17:38 (470:28): Kill: 2 2 39: fauteuil killed fauteuil by MOD_SUICIDE
1-28-2021 17:38 (470:28): setteam:  2 FREE SPECTATOR
1-28-2021 17:38 (470:28): ClientUserinfoChanged handling info: 2 \ip\109.12.241.51:29070\name\fauteuil\rate\4000\snaps\20\model\rebel/default\forcepowers\7-1-030000000000000330\color1\5\color2\3\handicap\100\sex\male\cg_predictItems\1\saber1\single_1\saber2\none\char_color_red\255\char_color_green\255\char_color_blue\255\teamtask\0\teamoverlay\1
1-28-2021 17:38 (470:28): ClientUserinfoChanged: 2 n\fauteuil\t\3\model\rebel/default\c1\5\c2\3\hc\100\w\0\l\0\tt\0\tl\0\st\single_1\st2\none\dt\0
1-28-2021 17:38 (470:28): ClientBegin: 2
1-28-2021 17:44 (476:35): say: fauteuil: afk
1-28-2021 17:44 (476:40): setteam:  2 SPECTATOR FREE
1-28-2021 17:44 (476:40): ClientUserinfoChanged handling info: 2 \ip\109.12.241.51:29070\name\fauteuil\rate\4000\snaps\20\model\rebel/default\forcepowers\7-1-030000000000000330\color1\5\color2\3\handicap\100\sex\male\cg_predictItems\1\saber1\single_1\saber2\none\char_color_red\255\char_color_green\255\char_color_blue\255\teamtask\0\teamoverlay\1
1-28-2021 17:44 (476:40): ClientUserinfoChanged: 2 n\fauteuil\t\0\model\rebel/default\c1\5\c2\3\hc\100\w\0\l\0\tt\0\tl\0\st\single_1\st2\none\dt\0
1-28-2021 17:44 (476:40): ClientBegin: 2
1-28-2021 17:48 (480:58): Kill: 1 2 3: Kyle killed fauteuil by MOD_SABER
1-28-2021 17:48 (481:00): ClientUserinfoChanged handling info: 2 \ip\109.12.241.51:29070\name\fauteuil\rate\4000\snaps\20\model\rebel/default\forcepowers\7-1-030000000000000330\color1\5\color2\3\handicap\100\sex\male\cg_predictItems\1\saber1\single_1\saber2\none\char_color_red\255\char_color_green\255\char_color_blue\255\teamtask\0\teamoverlay\1
1-28-2021 17:48 (481:00): ClientUserinfoChanged: 2 n\fauteuil\t\0\model\rebel/default\c1\5\c2\3\hc\100\w\0\l\0\tt\0\tl\0\st\single_1\st2\none\dt\0
1-28-2021 17:49 (481:13): Kill: 2 1 3: fauteuil killed Kyle by MOD_SABER
1-28-2021 17:49 (481:14): ClientUserinfoChanged handling info: 1 \team\0\skill\ 5.00\personality\botfiles/newkyle.jkb\saber2\none\saber1\kyle\color2\4\color1\1\sex\male\model\kyle\snaps\20\rate\25000\name\Kyle
1-28-2021 17:49 (481:14): ClientUserinfoChanged: 1 n\Kyle\t\0\model\kyle\c1\1\c2\4\hc\100\w\0\l\0\skill\ 5.00\tt\0\tl\0\siegeclass\none\st\Kyle\st2\none\dt\0\sdt\0
1-28-2021 17:49 (481:16): say: fauteuil: ^7:)
1-28-2021 17:53 (485:07): say: fauteuil: ^7gg
1-28-2021 18: 5 (497:07): Kill: 2 1 6: fauteuil killed Kyle by MOD_BLASTER
1-28-2021 18: 5 (497:09): ClientUserinfoChanged handling info: 1 \team\0\skill\ 5.00\personality\botfiles/newkyle.jkb\saber2\none\saber1\kyle\color2\4\color1\1\sex\male\model\kyle\snaps\20\rate\25000\name\Kyle
1-28-2021 18: 5 (497:09): ClientUserinfoChanged: 1 n\Kyle\t\0\model\kyle\c1\1\c2\4\hc\100\w\0\l\0\skill\ 5.00\tt\0\tl\0\siegeclass\none\st\Kyle\st2\none\dt\0\sdt\0
1-28-2021 18: 5 (497:42): Kill: 1 2 3: Kyle killed fauteuil by MOD_SABER
1-28-2021 18: 5 (497:44): say: Kyle: hehe!
1-28-2021 18: 5 (497:44): ClientUserinfoChanged handling info: 2 \ip\109.12.241.51:29070\name\fauteuil\rate\4000\snaps\20\model\rebel/default\forcepowers\7-1-030000000000000330\color1\5\color2\3\handicap\100\sex\male\cg_predictItems\1\saber1\single_1\saber2\none\char_color_red\255\char_color_green\255\char_color_blue\255\teamtask\0\teamoverlay\1
1-28-2021 18: 5 (497:44): ClientUserinfoChanged: 2 n\fauteuil\t\0\model\rebel/default\c1\5\c2\3\hc\100\w\0\l\0\tt\0\tl\0\st\single_1\st2\none\dt\0
1-28-2021 18: 6 (498:15): Kill: 1 2 3: Kyle killed fauteuil by MOD_SABER
1-28-2021 18: 6 (498:16): ClientUserinfoChanged handling info: 2 \ip\109.12.241.51:29070\name\fauteuil\rate\4000\snaps\20\model\rebel/default\forcepowers\7-1-030000000000000330\color1\5\color2\3\handicap\100\sex\male\cg_predictItems\1\saber1\single_1\saber2\none\char_color_red\255\char_color_green\255\char_color_blue\255\teamtask\0\teamoverlay\1
1-28-2021 18: 6 (498:16): ClientUserinfoChanged: 2 n\fauteuil\t\0\model\rebel/default\c1\5\c2\3\hc\100\w\0\l\0\tt\0\tl\0\st\single_1\st2\none\dt\0
1-28-2021 18: 6 (498:27): Kill: 1 2 8: Kyle killed fauteuil by MOD_DISRUPTOR
1-28-2021 18: 6 (498:30): ClientUserinfoChanged handling info: 2 \ip\109.12.241.51:29070\name\fauteuil\rate\4000\snaps\20\model\rebel/default\forcepowers\7-1-030000000000000330\color1\5\color2\3\handicap\100\sex\male\cg_predictItems\1\saber1\single_1\saber2\none\char_color_red\255\char_color_green\255\char_color_blue\255\teamtask\0\teamoverlay\1
1-28-2021 18: 6 (498:30): ClientUserinfoChanged: 2 n\fauteuil\t\0\model\rebel/default\c1\5\c2\3\hc\100\w\0\l\0\tt\0\tl\0\st\single_1\st2\none\dt\0
1-28-2021 18: 6 (498:55): Kill: 2 1 3: fauteuil killed Kyle by MOD_SABER
1-28-2021 18: 6 (498:56): ClientUserinfoChanged handling info: 1 \team\0\skill\ 5.00\personality\botfiles/newkyle.jkb\saber2\none\saber1\kyle\color2\4\color1\1\sex\male\model\kyle\snaps\20\rate\25000\name\Kyle
1-28-2021 18: 6 (498:56): ClientUserinfoChanged: 1 n\Kyle\t\0\model\kyle\c1\1\c2\4\hc\100\w\0\l\0\skill\ 5.00\tt\0\tl\0\siegeclass\none\st\Kyle\st2\none\dt\0\sdt\0
1-28-2021 18: 7 (500:00): Kill: 1 2 3: Kyle killed fauteuil by MOD_SABER
1-28-2021 18: 7 (500:02): ClientUserinfoChanged handling info: 2 \ip\109.12.241.51:29070\name\fauteuil\rate\4000\snaps\20\model\rebel/default\forcepowers\7-1-030000000000000330\color1\5\color2\3\handicap\100\sex\male\cg_predictItems\1\saber1\single_1\saber2\none\char_color_red\255\char_color_green\255\char_color_blue\255\teamtask\0\teamoverlay\1
1-28-2021 18: 7 (500:02): ClientUserinfoChanged: 2 n\fauteuil\t\0\model\rebel/default\c1\5\c2\3\hc\100\w\0\l\0\tt\0\tl\0\st\single_1\st2\none\dt\0
1-28-2021 18: 7 (500:02): say: Kyle: Good Fight
1-28-2021 18: 8 (500:56): Kill: 1 2 3: Kyle killed fauteuil by MOD_SABER
1-28-2021 18: 8 (500:57): ClientUserinfoChanged handling info: 2 \ip\109.12.241.51:29070\name\fauteuil\rate\4000\snaps\20\model\rebel/default\forcepowers\7-1-030000000000000330\color1\5\color2\3\handicap\100\sex\male\cg_predictItems\1\saber1\single_1\saber2\none\char_color_red\255\char_color_green\255\char_color_blue\255\teamtask\0\teamoverlay\1
1-28-2021 18: 8 (500:57): ClientUserinfoChanged: 2 n\fauteuil\t\0\model\rebel/default\c1\5\c2\3\hc\100\w\0\l\0\tt\0\tl\0\st\single_1\st2\none\dt\0
1-28-2021 18:10 (502:26): Kill: 2 1 3: fauteuil killed Kyle by MOD_SABER
1-28-2021 18:10 (502:27): ClientUserinfoChanged handling info: 1 \team\0\skill\ 5.00\personality\botfiles/newkyle.jkb\saber2\none\saber1\kyle\color2\4\color1\1\sex\male\model\kyle\snaps\20\rate\25000\name\Kyle
1-28-2021 18:10 (502:27): ClientUserinfoChanged: 1 n\Kyle\t\0\model\kyle\c1\1\c2\4\hc\100\w\0\l\0\skill\ 5.00\tt\0\tl\0\siegeclass\none\st\Kyle\st2\none\dt\0\sdt\0
1-28-2021 18:10 (502:39): say: fauteuil: kjill
1-28-2021 18:10 (502:41): Kill: 2 2 39: fauteuil killed fauteuil by MOD_SUICIDE
1-28-2021 18:10 (502:44): ClientUserinfoChanged handling info: 2 \ip\109.12.241.51:29070\name\fauteuil\rate\4000\snaps\20\model\rebel/default\forcepowers\7-1-030000000000000330\color1\5\color2\3\handicap\100\sex\male\cg_predictItems\1\saber1\single_1\saber2\none\char_color_red\255\char_color_green\255\char_color_blue\255\teamtask\0\teamoverlay\1
1-28-2021 18:10 (502:44): ClientUserinfoChanged: 2 n\fauteuil\t\0\model\rebel/default\c1\5\c2\3\hc\100\w\0\l\0\tt\0\tl\0\st\single_1\st2\none\dt\0
1-28-2021 18:10 (502:50): ClientDisconnect: 2
1-28-2021 18:10 (503:06): ClientConnect: 0
1-28-2021 18:10 (503:06): ClientUserinfoChanged handling info: 0 \team\0\skill\ 5.00\personality\botfiles/astupidbot.jkb\saber2\none\saber1\kyle\color2\4\color1\4\sex\male\model\jawa\snaps\20\rate\25000\name\astupidbot
1-28-2021 18:10 (503:06): ClientUserinfoChanged: 0 n\astupidbot\t\0\model\jawa\c1\4\c2\4\hc\0\w\0\l\0\skill\ 5.00\tt\0\tl\0\siegeclass\none\st\\st2\\dt\0\sdt\0
1-28-2021 18:10 (503:06): IP: localhost astupidbot
1-28-2021 18:10 (503:06): ClientUserinfoChanged handling info: 0 \team\0\skill\ 5.00\personality\botfiles/astupidbot.jkb\saber2\none\saber1\kyle\color2\4\color1\4\sex\male\model\jawa\snaps\20\rate\25000\name\astupidbot
1-28-2021 18:10 (503:06): ClientUserinfoChanged: 0 n\astupidbot\t\0\model\jawa\c1\4\c2\4\hc\100\w\0\l\0\skill\ 5.00\tt\0\tl\0\siegeclass\none\st\Kyle\st2\none\dt\0\sdt\0
1-28-2021 18:10 (503:06): ClientBegin: 0
1-28-2021 18:17 (509:40): Exit: Timelimit hit.
1-28-2021 18:17 (509:40): score: 6  ping: 54  client: 1 Kyle
1-28-2021 18:17 (509:40): score: 0  ping: 40  client: 0 astupidbot
1-29-2021 15: 5 (1757:20): ShutdownGame:
1-29-2021 15: 5 (1757:20): ------------------------------------------------------------
