6-13-2021 21: 9 (0:00): ------------------------------------------------------------
6-13-2021 21: 9 (0:00): InitGame: \version\JAmp: v1.0.1.0 linux-i386 Mar 14 2020\timelimit\45\sv_privateClients\0\sv_minRate\0\sv_minPing\0\sv_maxclients\32\sv_maxRate\0\sv_maxPing\999\sv_hostname\^7~^1~^7~ COMM SERVER ~^1~^7~\sv_fps\50\sv_floodProtectSlow\1\sv_floodProtect\1\sv_autoDemo\0\sv_allowDownload\0\serveruptime\189\protocol\26\mapname\academy6\gamename\Lugormod\g_weaponDisable\0\g_stepSlideFix\0\g_siegeTeamSwitch\1\g_siegeTeam2\none\g_siegeTeam1\none\g_siegeRespawn\20\g_showDuelHealths\1\g_saberWallDamageScale\0.4\g_saberLocking\0\g_privateDuel\1535\g_noSpecMove\0\g_needpass\0\g_maxHolocronCarry\3\g_maxGameClients\0\g_maxForceRank\7\g_jediVmerc\0\g_gametype\0\g_gamemode\0\g_forceRegenTime\160\g_forcePowerDisable\0\g_forceBasedTeams\1\g_duelWeaponDisable\9\g_debugmelee\1\g_allowNPC\1\fs_game\lugormod\fraglimit\0\duel_fraglimit\10\dmflags\0\capturelimit\10\bot_minplayers\2\bg_fighterAltControl\0\Lugormod_Version\U#-0.0.0.91 Alpha
6-13-2021 21:10 (0:30): ClientConnect: 0
6-13-2021 21:10 (0:30): ClientUserinfoChanged handling info: 0 \team\0\skill\ 5.00\personality\botfiles/astupidbot.jkb\saber2\none\saber1\kyle\color2\4\color1\4\sex\male\model\jawa\snaps\20\rate\25000\name\astupidbot
6-13-2021 21:10 (0:30): ClientUserinfoChanged: 0 n\astupidbot\t\0\model\jawa\c1\4\c2\4\hc\0\w\0\l\0\skill\ 5.00\tt\0\tl\0\siegeclass\none\st\\st2\\dt\0\sdt\0
6-13-2021 21:10 (0:30): IP: localhost astupidbot
6-13-2021 21:10 (0:30): ClientUserinfoChanged handling info: 0 \team\0\skill\ 5.00\personality\botfiles/astupidbot.jkb\saber2\none\saber1\kyle\color2\4\color1\4\sex\male\model\jawa\snaps\20\rate\25000\name\astupidbot
6-13-2021 21:10 (0:30): ClientUserinfoChanged: 0 n\astupidbot\t\0\model\jawa\c1\4\c2\4\hc\100\w\0\l\0\skill\ 5.00\tt\0\tl\0\siegeclass\none\st\Kyle\st2\none\dt\0\sdt\0
6-13-2021 21:10 (0:30): ClientBegin: 0
6-13-2021 21:10 (0:51): ClientConnect: 1
6-13-2021 21:10 (0:51): ClientUserinfoChanged handling info: 1 \team\0\skill\ 5.00\personality\botfiles/newkyle.jkb\saber2\none\saber1\kyle\color2\4\color1\1\sex\male\model\kyle\snaps\20\rate\25000\name\Kyle
6-13-2021 21:10 (0:51): ClientUserinfoChanged: 1 n\Kyle\t\0\model\kyle\c1\1\c2\4\hc\0\w\0\l\0\skill\ 5.00\tt\0\tl\0\siegeclass\none\st\\st2\\dt\0\sdt\0
6-13-2021 21:10 (0:51): IP: localhost Kyle
6-13-2021 21:10 (0:51): ClientUserinfoChanged handling info: 1 \team\0\skill\ 5.00\personality\botfiles/newkyle.jkb\saber2\none\saber1\kyle\color2\4\color1\1\sex\male\model\kyle\snaps\20\rate\25000\name\Kyle
6-13-2021 21:10 (0:51): ClientUserinfoChanged: 1 n\Kyle\t\0\model\kyle\c1\1\c2\4\hc\100\w\0\l\0\skill\ 5.00\tt\0\tl\0\siegeclass\none\st\Kyle\st2\none\dt\0\sdt\0
6-13-2021 21:10 (0:51): ClientBegin: 1
6-14-2021 7:43 (634:08): ClientConnect: 2
6-14-2021 7:43 (634:08): ClientUserinfoChanged handling info: 2 \ip\31.46.247.97:29070\challenge\219711340\qport\13230\protocol\26\name\Ákos\rate\4000\snaps\20\model\boba_fett/red\forcepowers\7-1-030000000000000330\color1\1\color2\3\handicap\100\sex\male\cg_predictItems\1\saber1\dual_5\saber2\none\char_color_red\255\char_color_green\255\char_color_blue\255\teamtask\0
6-14-2021 7:43 (634:08): ClientUserinfoChanged: 2 n\Ákos\t\0\model\boba_fett/red\c1\1\c2\3\hc\0\w\0\l\0\tt\0\tl\0\st\\st2\\dt\0
6-14-2021 7:43 (634:08): IP: 31.46.247.97 Ákos
6-14-2021 7:44 (634:39): Kill: 0 1 3: astupidbot killed Kyle by MOD_SABER
6-14-2021 7:44 (634:39): Exit: Timelimit hit.
6-14-2021 7:44 (634:39): score: 1  ping: 44  client: 0 astupidbot
6-14-2021 7:44 (634:39): score: 0  ping: 42  client: 1 Kyle
6-14-2021 7:44 (634:40): ClientUserinfoChanged handling info: 1 \team\0\skill\ 5.00\personality\botfiles/newkyle.jkb\saber2\none\saber1\kyle\color2\4\color1\1\sex\male\model\kyle\snaps\20\rate\25000\name\Kyle
6-14-2021 7:44 (634:40): ClientUserinfoChanged: 1 n\Kyle\t\0\model\kyle\c1\1\c2\4\hc\100\w\0\l\0\skill\ 5.00\tt\0\tl\0\siegeclass\none\st\Kyle\st2\none\dt\0\sdt\0
6-14-2021 7:44 (634:40): ClientUserinfoChanged handling info: 0 \team\0\skill\ 5.00\personality\botfiles/astupidbot.jkb\saber2\none\saber1\kyle\color2\4\color1\4\sex\male\model\jawa\snaps\20\rate\25000\name\astupidbot
6-14-2021 7:44 (634:40): ClientUserinfoChanged: 0 n\astupidbot\t\0\model\jawa\c1\4\c2\4\hc\100\w\0\l\0\skill\ 5.00\tt\0\tl\0\siegeclass\none\st\Kyle\st2\none\dt\0\sdt\0
6-14-2021 7:44 (634:40): ClientUserinfoChanged handling info: 2 \ip\31.46.247.97:29070\challenge\219711340\qport\13230\protocol\26\name\Ákos\rate\4000\snaps\20\model\boba_fett/red\forcepowers\7-1-030000000000000330\color1\1\color2\3\handicap\100\sex\male\cg_predictItems\1\saber1\dual_5\saber2\none\char_color_red\255\char_color_green\255\char_color_blue\255\teamtask\0
6-14-2021 7:44 (634:40): ClientUserinfoChanged: 2 n\Ákos\t\0\model\boba_fett/red\c1\1\c2\3\hc\100\w\0\l\0\tt\0\tl\0\st\dual_5\st2\none\dt\0
6-14-2021 7:44 (634:40): say: astupidbot: hehe!
6-14-2021 7:44 (635:24): ClientUserinfoChanged handling info: 2 \ip\31.46.247.97:29070\name\Ákos\rate\4000\snaps\20\model\boba_fett/blue\forcepowers\7-1-332300000330003230\color1\1\color2\4\handicap\100\sex\male\cg_predictItems\1\saber1\dual_1\saber2\none\char_color_red\255\char_color_green\255\char_color_blue\255\teamtask\0\teamoverlay\1
6-14-2021 7:44 (635:24): ClientUserinfoChanged: 2 n\Ákos\t\0\model\boba_fett/blue\c1\1\c2\4\hc\100\w\0\l\0\tt\0\tl\0\st\dual_1\st2\none\dt\0
6-14-2021 7:44 (635:24): ClientUserinfoChanged handling info: 2 \ip\31.46.247.97:29070\name\Ákos\rate\4000\snaps\20\model\boba_fett/blue\forcepowers\7-1-332300000330003230\color1\1\color2\4\handicap\100\sex\male\cg_predictItems\1\saber1\dual_1\saber2\none\char_color_red\255\char_color_green\255\char_color_blue\255\teamtask\0\teamoverlay\1
6-14-2021 7:44 (635:24): ClientUserinfoChanged: 2 n\Ákos\t\0\model\boba_fett/blue\c1\1\c2\4\hc\100\w\0\l\0\tt\0\tl\0\st\dual_1\st2\none\dt\0
6-14-2021 7:44 (635:24): ClientBegin: 2
6-14-2021 7:45 (635:26): ShutdownGame:
6-14-2021 7:45 (635:26): ------------------------------------------------------------
