5-20-2021 17:34 (1211:33): ------------------------------------------------------------
5-20-2021 17:34 (1211:33): InitGame: \version\JAmp: v1.0.1.0 linux-i386 Mar 14 2020\timelimit\45\sv_privateClients\0\sv_minRate\0\sv_minPing\0\sv_maxclients\32\sv_maxRate\0\sv_maxPing\999\sv_hostname\^7~^1~^7~ COMM SERVER ~^1~^7~\sv_fps\50\sv_floodProtectSlow\1\sv_floodProtect\1\sv_autoDemo\0\sv_allowDownload\0\serveruptime\45\protocol\26\mapname\t3_stamp\gamename\Lugormod\g_weaponDisable\0\g_stepSlideFix\0\g_siegeTeamSwitch\1\g_siegeTeam2\none\g_siegeTeam1\none\g_siegeRespawn\20\g_showDuelHealths\1\g_saberWallDamageScale\0.4\g_saberLocking\0\g_privateDuel\1535\g_noSpecMove\0\g_needpass\0\g_maxHolocronCarry\3\g_maxGameClients\0\g_maxForceRank\7\g_jediVmerc\0\g_gametype\0\g_gamemode\0\g_forceRegenTime\160\g_forcePowerDisable\0\g_forceBasedTeams\1\g_duelWeaponDisable\9\g_debugmelee\1\g_allowNPC\1\fs_game\lugormod\fraglimit\0\duel_fraglimit\10\dmflags\0\capturelimit\10\bot_minplayers\2\bg_fighterAltControl\0\Lugormod_Version\U#-0.0.0.91 Alpha
5-20-2021 17:34 (1211:33): ClientConnect: 0
5-20-2021 17:34 (1211:33): ClientUserinfoChanged handling info: 0 \ip\176.33.234.235:22140\name\Padawan\rate\4000\snaps\20\model\bespin_cop/default\forcepowers\6-1-030330000000000333\color1\4\color2\4\handicap\100\sex\male\cg_predictItems\1\saber1\single_1\saber2\none\char_color_red\255\char_color_green\255\char_color_blue\255\teamtask\0\teamoverlay\1
5-20-2021 17:34 (1211:33): ClientUserinfoChanged: 0 n\Padawan\t\0\model\bespin_cop/default\c1\4\c2\4\hc\0\w\0\l\0\tt\0\tl\0\st\single_1\st2\none\dt\0
5-20-2021 17:34 (1211:33): ClientUserinfoChanged handling info: 0 \ip\176.33.234.235:22140\name\Padawan\rate\4000\snaps\20\model\bespin_cop/default\forcepowers\6-1-030330000000000333\color1\4\color2\4\handicap\100\sex\male\cg_predictItems\1\saber1\single_1\saber2\none\char_color_red\255\char_color_green\255\char_color_blue\255\teamtask\0\teamoverlay\1
5-20-2021 17:34 (1211:33): ClientUserinfoChanged: 0 n\Padawan\t\0\model\bespin_cop/default\c1\4\c2\4\hc\0\w\0\l\0\tt\0\tl\0\st\single_1\st2\none\dt\0
5-20-2021 17:34 (1211:33): ClientUserinfoChanged handling info: 0 \ip\176.33.234.235:22140\name\Padawan\rate\4000\snaps\20\model\bespin_cop/default\forcepowers\6-1-030330000000000333\color1\4\color2\4\handicap\100\sex\male\cg_predictItems\1\saber1\single_1\saber2\none\char_color_red\255\char_color_green\255\char_color_blue\255\teamtask\0\teamoverlay\1
5-20-2021 17:34 (1211:33): ClientUserinfoChanged: 0 n\Padawan\t\0\model\bespin_cop/default\c1\4\c2\4\hc\100\w\0\l\0\tt\0\tl\0\st\single_1\st2\none\dt\0
5-20-2021 17:34 (1211:33): ClientBegin: 0
5-20-2021 17:34 (1211:33): ClientConnect: 1
5-20-2021 17:34 (1211:33): ClientUserinfoChanged handling info: 1 \team\0\skill\ 5.00\personality\botfiles/newkyle.jkb\saber2\none\saber1\kyle\color2\4\color1\1\sex\male\model\kyle\snaps\20\rate\25000\name\Kyle
5-20-2021 17:34 (1211:33): ClientUserinfoChanged: 1 n\Kyle\t\0\model\kyle\c1\1\c2\4\hc\0\w\0\l\0\skill\ 5.00\tt\0\tl\0\siegeclass\none\st\Kyle\st2\none\dt\0\sdt\0
5-20-2021 17:34 (1211:33): ClientUserinfoChanged handling info: 1 \team\0\skill\ 5.00\personality\botfiles/newkyle.jkb\saber2\none\saber1\kyle\color2\4\color1\1\sex\male\model\kyle\snaps\20\rate\25000\name\Kyle
5-20-2021 17:34 (1211:33): ClientUserinfoChanged: 1 n\Kyle\t\0\model\kyle\c1\1\c2\4\hc\100\w\0\l\0\skill\ 5.00\tt\0\tl\0\siegeclass\none\st\Kyle\st2\none\dt\0\sdt\0
5-20-2021 17:34 (1211:33): ClientBegin: 1
5-20-2021 17:34 (1211:59): say: Kyle: Hey!
5-20-2021 17:34 (1212:08): say: Padawan: hey
5-20-2021 17:35 (1213:10): Kill: 0 1 3: Padawan killed Kyle by MOD_SABER
5-20-2021 17:35 (1213:11): ClientUserinfoChanged handling info: 1 \team\0\skill\ 5.00\personality\botfiles/newkyle.jkb\saber2\none\saber1\kyle\color2\4\color1\1\sex\male\model\kyle\snaps\20\rate\25000\name\Kyle
5-20-2021 17:35 (1213:11): ClientUserinfoChanged: 1 n\Kyle\t\0\model\kyle\c1\1\c2\4\hc\100\w\0\l\0\skill\ 5.00\tt\0\tl\0\siegeclass\none\st\Kyle\st2\none\dt\0\sdt\0
5-20-2021 17:36 (1213:34): Kill: 1 0 3: Kyle killed Padawan by MOD_SABER
5-20-2021 17:36 (1213:38): ClientUserinfoChanged handling info: 0 \ip\176.33.234.235:22140\name\Padawan\rate\4000\snaps\20\model\bespin_cop/default\forcepowers\6-1-030330000000000333\color1\4\color2\4\handicap\100\sex\male\cg_predictItems\1\saber1\single_1\saber2\none\char_color_red\255\char_color_green\255\char_color_blue\255\teamtask\0\teamoverlay\1
5-20-2021 17:36 (1213:38): ClientUserinfoChanged: 0 n\Padawan\t\0\model\bespin_cop/default\c1\4\c2\4\hc\100\w\0\l\0\tt\0\tl\0\st\single_1\st2\none\dt\0
5-20-2021 17:37 (1214:44): Kill: 1 0 3: Kyle killed Padawan by MOD_SABER
5-20-2021 17:37 (1214:46): say: Kyle: Good Fight
5-20-2021 17:37 (1214:46): ClientUserinfoChanged handling info: 0 \ip\176.33.234.235:22140\name\Padawan\rate\4000\snaps\20\model\bespin_cop/default\forcepowers\6-1-030330000000000333\color1\4\color2\4\handicap\100\sex\male\cg_predictItems\1\saber1\single_1\saber2\none\char_color_red\255\char_color_green\255\char_color_blue\255\teamtask\0\teamoverlay\1
5-20-2021 17:37 (1214:46): ClientUserinfoChanged: 0 n\Padawan\t\0\model\bespin_cop/default\c1\4\c2\4\hc\100\w\0\l\0\tt\0\tl\0\st\single_1\st2\none\dt\0
5-20-2021 17:37 (1214:52): Kill: 0 1 3: Padawan killed Kyle by MOD_SABER
5-20-2021 17:37 (1214:53): ClientUserinfoChanged handling info: 1 \team\0\skill\ 5.00\personality\botfiles/newkyle.jkb\saber2\none\saber1\kyle\color2\4\color1\1\sex\male\model\kyle\snaps\20\rate\25000\name\Kyle
5-20-2021 17:37 (1214:53): ClientUserinfoChanged: 1 n\Kyle\t\0\model\kyle\c1\1\c2\4\hc\100\w\0\l\0\skill\ 5.00\tt\0\tl\0\siegeclass\none\st\Kyle\st2\none\dt\0\sdt\0
5-20-2021 17:38 (1215:51): Kill: 0 1 3: Padawan killed Kyle by MOD_SABER
5-20-2021 17:38 (1215:53): ClientUserinfoChanged handling info: 1 \team\0\skill\ 5.00\personality\botfiles/newkyle.jkb\saber2\none\saber1\kyle\color2\4\color1\1\sex\male\model\kyle\snaps\20\rate\25000\name\Kyle
5-20-2021 17:38 (1215:53): ClientUserinfoChanged: 1 n\Kyle\t\0\model\kyle\c1\1\c2\4\hc\100\w\0\l\0\skill\ 5.00\tt\0\tl\0\siegeclass\none\st\Kyle\st2\none\dt\0\sdt\0
5-20-2021 17:38 (1215:53): say: Kyle: gf
5-20-2021 17:38 (1215:58): ClientDisconnect: 0
5-20-2021 17:39 (1216:16): ClientConnect: 0
5-20-2021 17:39 (1216:16): ClientUserinfoChanged handling info: 0 \team\0\skill\ 5.00\personality\botfiles/astupidbot.jkb\saber2\none\saber1\kyle\color2\4\color1\4\sex\male\model\jawa\snaps\20\rate\25000\name\astupidbot
5-20-2021 17:39 (1216:16): ClientUserinfoChanged: 0 n\astupidbot\t\0\model\jawa\c1\4\c2\4\hc\0\w\0\l\0\skill\ 5.00\tt\0\tl\0\siegeclass\none\st\\st2\\dt\0\sdt\0
5-20-2021 17:39 (1216:16): IP: localhost astupidbot
5-20-2021 17:39 (1216:16): ClientUserinfoChanged handling info: 0 \team\0\skill\ 5.00\personality\botfiles/astupidbot.jkb\saber2\none\saber1\kyle\color2\4\color1\4\sex\male\model\jawa\snaps\20\rate\25000\name\astupidbot
5-20-2021 17:39 (1216:16): ClientUserinfoChanged: 0 n\astupidbot\t\0\model\jawa\c1\4\c2\4\hc\100\w\0\l\0\skill\ 5.00\tt\0\tl\0\siegeclass\none\st\Kyle\st2\none\dt\0\sdt\0
5-20-2021 17:39 (1216:16): ClientBegin: 0
5-20-2021 18:19 (1256:33): Exit: Timelimit hit.
5-20-2021 18:19 (1256:33): score: 2  ping: 55  client: 1 Kyle
5-20-2021 18:19 (1256:33): score: 0  ping: 59  client: 0 astupidbot
5-21-2021 2: 2 (1719:14): ClientConnect: 2
5-21-2021 2: 2 (1719:14): ClientUserinfoChanged handling info: 2 \ip\86.6.1.255:29070\challenge\77390133\qport\57821\protocol\26\name\TheimperialDougnut\rate\4000\snaps\20\model\jedi_kdm/head_c1|torso_c1|lower_d1\forcepowers\6-1-030330000000000333\color1\4\color2\4\handicap\100\sex\male\cg_predictItems\1\saber1\single_1\saber2\none\char_color_red\170\char_color_green\3\char_color_blue\30\teamtask\0
5-21-2021 2: 2 (1719:14): ClientUserinfoChanged: 2 n\TheimperialDougnut\t\0\model\jedi_kdm/head_c1|torso_c1|lower_d1\c1\4\c2\4\hc\0\w\0\l\0\tt\0\tl\0\st\\st2\\dt\0
5-21-2021 2: 2 (1719:14): IP: 86.6.1.255 TheimperialDougnut
5-21-2021 2: 2 (1719:23): ClientUserinfoChanged handling info: 2 \ip\86.6.1.255:29070\name\TheimperialDougnut\rate\4000\snaps\20\model\jedi_kdm/head_c1|torso_c1|lower_d1\forcepowers\6-1-030330000000000333\color1\4\color2\4\handicap\100\sex\male\cg_predictItems\1\saber1\single_1\saber2\none\char_color_red\170\char_color_green\3\char_color_blue\30\teamtask\0\teamoverlay\1
5-21-2021 2: 2 (1719:23): ClientUserinfoChanged: 2 n\TheimperialDougnut\t\0\model\jedi_kdm/head_c1|torso_c1|lower_d1\c1\4\c2\4\hc\0\w\0\l\0\tt\0\tl\0\st\single_1\st2\none\dt\0
5-21-2021 2: 2 (1719:23): ClientUserinfoChanged handling info: 2 \ip\86.6.1.255:29070\name\TheimperialDougnut\rate\4000\snaps\20\model\jedi_kdm/head_c1|torso_c1|lower_d1\forcepowers\6-1-030330000000000333\color1\4\color2\4\handicap\100\sex\male\cg_predictItems\1\saber1\single_1\saber2\none\char_color_red\170\char_color_green\3\char_color_blue\30\teamtask\0\teamoverlay\1
5-21-2021 2: 2 (1719:23): ClientUserinfoChanged: 2 n\TheimperialDougnut\t\0\model\jedi_kdm/head_c1|torso_c1|lower_d1\c1\4\c2\4\hc\100\w\0\l\0\tt\0\tl\0\st\single_1\st2\none\dt\0
5-21-2021 2: 2 (1719:23): ClientBegin: 2
5-21-2021 2: 2 (1719:24): ShutdownGame:
5-21-2021 2: 2 (1719:24): ------------------------------------------------------------
