4-28-2021 0:30 (0:00): ------------------------------------------------------------
4-28-2021 0:30 (0:00): InitGame: \version\JAmp: v1.0.1.0 linux-i386 Mar 14 2020\timelimit\45\sv_privateClients\0\sv_minRate\0\sv_minPing\0\sv_maxclients\32\sv_maxRate\0\sv_maxPing\999\sv_hostname\^7~^1~^7~ COMM SERVER ~^1~^7~\sv_fps\50\sv_floodProtectSlow\1\sv_floodProtect\1\sv_autoDemo\0\sv_allowDownload\0\serveruptime\37\protocol\26\mapname\t3_stamp\gamename\Lugormod\g_weaponDisable\0\g_stepSlideFix\0\g_siegeTeamSwitch\1\g_siegeTeam2\none\g_siegeTeam1\none\g_siegeRespawn\20\g_showDuelHealths\1\g_saberWallDamageScale\0.4\g_saberLocking\0\g_privateDuel\1535\g_noSpecMove\0\g_needpass\0\g_maxHolocronCarry\3\g_maxGameClients\0\g_maxForceRank\7\g_jediVmerc\0\g_gametype\0\g_gamemode\0\g_forceRegenTime\160\g_forcePowerDisable\0\g_forceBasedTeams\1\g_duelWeaponDisable\9\g_debugmelee\1\g_allowNPC\1\fs_game\lugormod\fraglimit\0\duel_fraglimit\10\dmflags\0\capturelimit\10\bot_minplayers\2\bg_fighterAltControl\0\Lugormod_Version\U#-0.0.0.91 Alpha
4-28-2021 0:31 (0:30): ClientConnect: 0
4-28-2021 0:31 (0:30): ClientUserinfoChanged handling info: 0 \team\0\skill\ 5.00\personality\botfiles/astupidbot.jkb\saber2\none\saber1\kyle\color2\4\color1\4\sex\male\model\jawa\snaps\20\rate\25000\name\astupidbot
4-28-2021 0:31 (0:30): ClientUserinfoChanged: 0 n\astupidbot\t\0\model\jawa\c1\4\c2\4\hc\0\w\0\l\0\skill\ 5.00\tt\0\tl\0\siegeclass\none\st\\st2\\dt\0\sdt\0
4-28-2021 0:31 (0:30): IP: localhost astupidbot
4-28-2021 0:31 (0:30): ClientUserinfoChanged handling info: 0 \team\0\skill\ 5.00\personality\botfiles/astupidbot.jkb\saber2\none\saber1\kyle\color2\4\color1\4\sex\male\model\jawa\snaps\20\rate\25000\name\astupidbot
4-28-2021 0:31 (0:30): ClientUserinfoChanged: 0 n\astupidbot\t\0\model\jawa\c1\4\c2\4\hc\100\w\0\l\0\skill\ 5.00\tt\0\tl\0\siegeclass\none\st\Kyle\st2\none\dt\0\sdt\0
4-28-2021 0:31 (0:30): ClientBegin: 0
4-28-2021 0:31 (0:57): ClientConnect: 1
4-28-2021 0:31 (0:57): ClientUserinfoChanged handling info: 1 \team\0\skill\ 5.00\personality\botfiles/newkyle.jkb\saber2\none\saber1\kyle\color2\4\color1\1\sex\male\model\kyle\snaps\20\rate\25000\name\Kyle
4-28-2021 0:31 (0:57): ClientUserinfoChanged: 1 n\Kyle\t\0\model\kyle\c1\1\c2\4\hc\0\w\0\l\0\skill\ 5.00\tt\0\tl\0\siegeclass\none\st\\st2\\dt\0\sdt\0
4-28-2021 0:31 (0:57): ClientUserinfoChanged handling info: 1 \name\Kyle\team\0\skill\ 5.00\personality\botfiles/newkyle.jkb\saber2\none\saber1\kyle\color2\4\color1\1\sex\male\model\kyle\snaps\20\rate\25000
4-28-2021 0:31 (0:57): ClientUserinfoChanged: 1 n\Kyle\t\0\model\kyle\c1\1\c2\4\hc\0\w\0\l\0\skill\ 5.00\tt\0\tl\0\siegeclass\none\st\\st2\\dt\0\sdt\0
4-28-2021 0:31 (0:57): IP: localhost Kyle
4-28-2021 0:31 (0:57): ClientUserinfoChanged handling info: 1 \name\Kyle\team\0\skill\ 5.00\personality\botfiles/newkyle.jkb\saber2\none\saber1\kyle\color2\4\color1\1\sex\male\monaps\2le\snaps\20\rate\25000
4-28-2021 0:31 (0:57): ClientUserinfoChanged: 1 n\Kyle\t\0\model\\c1\1\c2\4\hc\0\w\0\l\0\skill\ 5.00\tt\0\tl\0\siegeclass\none\st\\st2\\dt\0\sdt\0
4-28-2021 0:31 (0:57): ClientUserinfoChanged handling info: 1 \name\Kyle\team\0\skill\ 5.00\personality\botfiles/newkyle.jkb\saber2\none\saber1\kyle\color2\4\color1\1\sex\male\monaps\2le\snaps\20\rate\25000
4-28-2021 0:31 (0:57): ClientUserinfoChanged: 1 n\Kyle\t\0\model\\c1\1\c2\4\hc\100\w\0\l\0\skill\ 5.00\tt\0\tl\0\siegeclass\none\st\Kyle\st2\none\dt\0\sdt\0
4-28-2021 0:31 (0:57): ClientBegin: 1
4-28-2021 11:11 (640:43): ClientConnect: 2
4-28-2021 11:11 (640:43): ClientUserinfoChanged handling info: 2 \ip\188.230.223.194:29070\challenge\175265104\qport\49739\protocol\26\char_color_blue\255\char_color_green\255\char_color_red\255\saber2\single_1\saber1\single_1\cg_predictItems\1\sex\male\handicap\100\color2\4\color1\3\forcepowers\6-1-030330000000000333\model\luke/default\snaps\20\rate\4000\name\Padawan\teamtask\0
4-28-2021 11:11 (640:43): ClientUserinfoChanged: 2 n\Padawan\t\0\model\luke/default\c1\3\c2\4\hc\0\w\0\l\0\tt\0\tl\0\st\\st2\\dt\0
4-28-2021 11:11 (640:43): IP: 188.230.223.194 Padawan
4-28-2021 11:11 (641:03): ClientUserinfoChanged handling info: 2 \ip\188.230.223.194:29070\char_color_blue\255\char_color_green\255\char_color_red\255\saber2\single_1\saber1\single_1\cg_predictItems\1\sex\male\handicap\100\color2\4\color1\3\forcepowers\6-1-030330000000000333\model\luke/default\snaps\20\rate\4000\name\Padawan\teamtask\0\teamoverlay\1
4-28-2021 11:11 (641:03): ClientUserinfoChanged: 2 n\Padawan\t\0\model\luke/default\c1\3\c2\4\hc\0\w\0\l\0\tt\0\tl\0\st\single_1\st2\single_1\dt\0
4-28-2021 11:11 (641:03): ClientUserinfoChanged handling info: 2 \ip\188.230.223.194:29070\char_color_blue\255\char_color_green\255\char_color_red\255\saber2\single_1\saber1\single_1\cg_predictItems\1\sex\male\handicap\100\color2\4\color1\3\forcepowers\6-1-030330000000000333\model\luke/default\snaps\20\rate\4000\name\Padawan\teamtask\0\teamoverlay\1
4-28-2021 11:11 (641:03): ClientUserinfoChanged: 2 n\Padawan\t\0\model\luke/default\c1\3\c2\4\hc\100\w\0\l\0\tt\0\tl\0\st\single_1\st2\single_1\dt\0
4-28-2021 11:11 (641:03): ClientBegin: 2
4-28-2021 11:12 (641:24): say: astupidbot: bye all
4-28-2021 11:12 (641:24): ClientDisconnect: 0
4-28-2021 11:13 (642:19): Kill: 2 1 3: Padawan killed Kyle by MOD_SABER
4-28-2021 11:13 (642:19): Exit: Timelimit hit.
4-28-2021 11:13 (642:19): score: 1  ping: 132  client: 2 Padawan
4-28-2021 11:13 (642:19): score: 0  ping: 57  client: 1 Kyle
4-28-2021 11:13 (642:20): ClientUserinfoChanged handling info: 1 \name\Kyle\team\0\skill\ 5.00\personality\botfiles/newkyle.jkb\saber2\none\saber1\kyle\color2\4\color1\1\sex\male\monaps\2le\snaps\20\rate\25000
4-28-2021 11:13 (642:20): ClientUserinfoChanged: 1 n\Kyle\t\0\model\\c1\1\c2\4\hc\100\w\0\l\0\skill\ 5.00\tt\0\tl\0\siegeclass\none\st\Kyle\st2\none\dt\0\sdt\0
4-28-2021 11:13 (642:25): ShutdownGame:
4-28-2021 11:13 (642:25): ------------------------------------------------------------
4-28-2021 11:13 (642:25): ------------------------------------------------------------
4-28-2021 11:13 (642:25): InitGame: \version\JAmp: v1.0.1.0 linux-i386 Mar 14 2020\timelimit\45\sv_privateClients\0\sv_minRate\0\sv_minPing\0\sv_maxclients\32\sv_maxRate\0\sv_maxPing\999\sv_hostname\^7~^1~^7~ COMM SERVER ~^1~^7~\sv_fps\50\sv_floodProtectSlow\1\sv_floodProtect\1\sv_autoDemo\0\sv_allowDownload\0\serveruptime\37\protocol\26\mapname\t3_stamp\gamename\Lugormod\g_weaponDisable\0\g_stepSlideFix\0\g_siegeTeamSwitch\1\g_siegeTeam2\none\g_siegeTeam1\none\g_siegeRespawn\20\g_showDuelHealths\1\g_saberWallDamageScale\0.4\g_saberLocking\0\g_privateDuel\1535\g_noSpecMove\0\g_needpass\0\g_maxHolocronCarry\3\g_maxGameClients\0\g_maxForceRank\7\g_jediVmerc\0\g_gametype\0\g_gamemode\0\g_forceRegenTime\160\g_forcePowerDisable\0\g_forceBasedTeams\1\g_duelWeaponDisable\9\g_debugmelee\1\g_allowNPC\1\fs_game\lugormod\fraglimit\0\duel_fraglimit\10\dmflags\0\capturelimit\10\bot_minplayers\2\bg_fighterAltControl\0\Lugormod_Version\U#-0.0.0.91 Alpha
4-28-2021 11:13 (642:25): ClientConnect: 1
4-28-2021 11:13 (642:25): ClientUserinfoChanged handling info: 1 \name\Kyle\team\0\skill\ 5.00\personality\botfiles/newkyle.jkb\saber2\none\saber1\kyle\color2\4\color1\1\sex\male\monaps\2le\snaps\20\rate\25000
4-28-2021 11:13 (642:25): ClientUserinfoChanged: 1 n\Kyle\t\0\model\\c1\1\c2\4\hc\0\w\0\l\0\skill\ 5.00\tt\0\tl\0\siegeclass\none\st\Kyle\st2\none\dt\0\sdt\0
4-28-2021 11:13 (642:25): ClientUserinfoChanged handling info: 1 \name\Kyle\team\0\skill\ 5.00\personality\botfiles/newkyle.jkb\saber2\none\saber1\ky4\color1\1\sex\male\monaps\2le\snaps\2le\snaps\20\rate\25000
4-28-2021 11:13 (642:25): ClientUserinfoChanged: 1 n\Kyle\t\0\model\\c1\1\c2\\hc\0\w\0\l\0\skill\ 5.00\tt\0\tl\0\siegeclass\none\st\Kyle\st2\none\dt\0\sdt\0
4-28-2021 11:13 (642:25): ClientUserinfoChanged handling info: 1 \name\Kyle\team\0\skill\ 5.00\personality\botfiles/newkyle.jkb\saber2\none\saber1\ky4\color1\1\sex\male\monaps\2le\snaps\2le\snaps\20\rate\25000
4-28-2021 11:13 (642:25): ClientUserinfoChanged: 1 n\Kyle\t\0\model\\c1\1\c2\\hc\0\w\0\l\0\skill\ 5.00\tt\0\tl\0\siegeclass\none\st\default\st2\none\dt\0\sdt\0
4-28-2021 11:13 (642:25): ClientUserinfoChanged handling info: 1 \saber1\default\name\Kyle\team\0\skill\ 5.00\personality\botfiles/newkyle.jkb\saber2\none\color1\1\sex\male\monaps\2le\snaps\2le\snaps\20\rate\25000
4-28-2021 11:13 (642:25): ClientUserinfoChanged: 1 n\Kyle\t\0\model\\c1\1\c2\\hc\100\w\0\l\0\skill\ 5.00\tt\0\tl\0\siegeclass\none\st\default\st2\none\dt\0\sdt\0
4-28-2021 11:13 (642:25): ClientBegin: 1
4-28-2021 11:13 (642:25): ClientConnect: 2
4-28-2021 11:13 (642:25): ClientUserinfoChanged handling info: 2 \ip\188.230.223.194:29070\char_color_blue\255\char_color_green\255\char_color_red\255\saber2\single_1\saber1\single_1\cg_predictItems\1\sex\male\handicap\100\color2\4\color1\3\forcepowers\6-1-030330000000000333\model\luke/default\snaps\20\rate\4000\name\Padawan\teamtask\0\teamoverlay\1
4-28-2021 11:13 (642:25): ClientUserinfoChanged: 2 n\Padawan\t\0\model\luke/default\c1\3\c2\4\hc\0\w\0\l\0\tt\0\tl\0\st\single_1\st2\single_1\dt\0
4-28-2021 11:13 (642:25): ClientUserinfoChanged handling info: 2 \ip\188.230.223.194:29070\char_color_blue\255\char_color_green\255\char_color_red\255\saber2\single_1\saber1\single_1\cg_predictItems\1\sex\male\handicap\100\color2\4\color1\3\forcepowers\6-1-030330000000000333\model\luke/default\snaps\20\rate\4000\name\Padawan\teamtask\0\teamoverlay\1
4-28-2021 11:13 (642:25): ClientUserinfoChanged: 2 n\Padawan\t\0\model\luke/default\c1\3\c2\4\hc\0\w\0\l\0\tt\0\tl\0\st\single_1\st2\single_1\dt\0
4-28-2021 11:13 (642:25): ClientUserinfoChanged handling info: 2 \ip\188.230.223.194:29070\char_color_blue\255\char_color_green\255\char_color_red\255\saber2\single_1\saber1\single_1\cg_predictItems\1\sex\male\handicap\100\color2\4\color1\3\forcepowers\6-1-030330000000000333\model\luke/default\snaps\20\rate\4000\name\Padawan\teamtask\0\teamoverlay\1
4-28-2021 11:13 (642:25): ClientUserinfoChanged: 2 n\Padawan\t\0\model\luke/default\c1\3\c2\4\hc\100\w\0\l\0\tt\0\tl\0\st\single_1\st2\single_1\dt\0
4-28-2021 11:13 (642:25): ClientBegin: 2
4-28-2021 11:13 (642:55): Kill: 2 1 3: Padawan killed Kyle by MOD_SABER
4-28-2021 11:13 (642:56): ClientUserinfoChanged handling info: 1 \saber1\default\name\Kyle\team\0\skill\ 5.00\personality\botfiles/newkyle.jkb\saber2\none\color1\1\sex\male\monaps\2le\snaps\2le\snaps\20\rate\25000
4-28-2021 11:13 (642:56): ClientUserinfoChanged: 1 n\Kyle\t\0\model\\c1\1\c2\\hc\100\w\0\l\0\skill\ 5.00\tt\0\tl\0\siegeclass\none\st\default\st2\none\dt\0\sdt\0
4-28-2021 11:13 (642:56): say: Kyle: ouch
4-28-2021 11:13 (643:03): sayclose: Padawan: z
4-28-2021 11:13 (643:08): sayclose: Padawan: zsorry
4-28-2021 11:13 (643:12): say: Kyle: Come on Padawan
4-28-2021 11:14 (643:22): Kill: 1 2 3: Kyle killed Padawan by MOD_SABER
4-28-2021 11:14 (643:25): ClientUserinfoChanged handling info: 2 \ip\188.230.223.194:29070\char_color_blue\255\char_color_green\255\char_color_red\255\saber2\single_1\saber1\single_1\cg_predictItems\1\sex\male\handicap\100\color2\4\color1\3\forcepowers\6-1-030330000000000333\model\luke/default\snaps\20\rate\4000\name\Padawan\teamtask\0\teamoverlay\1
4-28-2021 11:14 (643:25): ClientUserinfoChanged: 2 n\Padawan\t\0\model\luke/default\c1\3\c2\4\hc\100\w\0\l\0\tt\0\tl\0\st\single_1\st2\single_1\dt\0
4-28-2021 11:14 (644:09): Kill: 2 1 3: Padawan killed Kyle by MOD_SABER
4-28-2021 11:14 (644:10): ClientUserinfoChanged handling info: 1 \saber1\default\name\Kyle\team\0\skill\ 5.00\personality\botfiles/newkyle.jkb\saber2\none\color1\1\sex\male\monaps\2le\snaps\2le\snaps\20\rate\25000
4-28-2021 11:14 (644:10): ClientUserinfoChanged: 1 n\Kyle\t\0\model\\c1\1\c2\\hc\100\w\0\l\0\skill\ 5.00\tt\0\tl\0\siegeclass\none\st\default\st2\none\dt\0\sdt\0
4-28-2021 11:15 (644:23): sayclose: Padawan: why do you jump every second
4-28-2021 11:15 (645:03): sayclose: Padawan: hey
4-28-2021 11:16 (645:19): sayclose: Padawan: why are you jumping
4-28-2021 11:16 (645:36): sayclose: Padawan: i will not hurt you
4-28-2021 11:16 (645:49): sayclose: Padawan: i am leaving bye
4-28-2021 11:16 (645:56): ClientDisconnect: 2
4-28-2021 11:17 (646:18): ClientConnect: 0
4-28-2021 11:17 (646:18): ClientUserinfoChanged handling info: 0 \team\0\skill\ 5.00\personality\botfiles/astupidbot.jkb\saber2\none\saber1\kyle\color2\4\color1\4\sex\male\model\jawa\snaps\20\rate\25000\name\astupidbot
4-28-2021 11:17 (646:18): ClientUserinfoChanged: 0 n\astupidbot\t\0\model\jawa\c1\4\c2\4\hc\0\w\0\l\0\skill\ 5.00\tt\0\tl\0\siegeclass\none\st\\st2\\dt\0\sdt\0
4-28-2021 11:17 (646:18): IP: localhost astupidbot
4-28-2021 11:17 (646:18): ClientUserinfoChanged handling info: 0 \team\0\skill\ 5.00\personality\botfiles/astupidbot.jkb\saber2\none\saber1\kyle\color2\4\color1\4\sex\male\model\jawa\snaps\20\rate\25000\name\astupidbot
4-28-2021 11:17 (646:18): ClientUserinfoChanged: 0 n\astupidbot\t\0\model\jawa\c1\4\c2\4\hc\100\w\0\l\0\skill\ 5.00\tt\0\tl\0\siegeclass\none\st\Kyle\st2\none\dt\0\sdt\0
4-28-2021 11:17 (646:18): ClientBegin: 0
4-28-2021 11:58 (687:25): Exit: Timelimit hit.
4-28-2021 11:58 (687:25): score: 1  ping: 57  client: 1 Kyle
4-28-2021 11:58 (687:25): score: 0  ping: 59  client: 0 astupidbot
4-28-2021 15: 6 (875:38): ClientConnect: 2
4-28-2021 15: 6 (875:38): ClientUserinfoChanged handling info: 2 \ip\176.27.56.173:29070\challenge\1100694527\qport\26177\protocol\26\name\Yesterday's Jawa\rate\4000\snaps\20\model\jedi_rm/head_c1|torso_c1|lower_c1\forcepowers\7-1-030000000000000330\color1\4\color2\4\handicap\100\sex\male\cg_predictItems\1\saber1\single_1\saber2\none\char_color_red\255\char_color_green\255\char_color_blue\255\teamtask\0\teamoverlay\1
4-28-2021 15: 6 (875:38): ClientUserinfoChanged: 2 n\Yesterday's Jawa\t\0\model\jedi_rm/head_c1|torso_c1|lower_c1\c1\4\c2\4\hc\0\w\0\l\0\tt\0\tl\0\st\\st2\\dt\0
4-28-2021 15: 6 (875:38): IP: 176.27.56.173 Yesterday's Jawa
4-28-2021 15: 6 (875:49): ClientUserinfoChanged handling info: 2 \ip\176.27.56.173:29070\name\Padawan\rate\4000\snaps\20\model\jedi_rm/head_c1|torso_c1|lower_c1\forcepowers\6-1-030330000000000333\color1\5\color2\3\handicap\100\sex\male\cg_predictItems\1\saber1\single_3\saber2\single_2\char_color_red\49\char_color_green\155\char_color_blue\131\teamtask\0\teamoverlay\1
4-28-2021 15: 6 (875:49): ClientNamechange: Yesterday's Jawa is now Padawan
4-28-2021 15: 6 (875:49): ClientUserinfoChanged: 2 n\Padawan\t\0\model\jedi_rm/head_c1|torso_c1|lower_c1\c1\5\c2\3\hc\0\w\0\l\0\tt\0\tl\0\st\single_3\st2\single_2\dt\0
4-28-2021 15: 6 (875:49): ClientUserinfoChanged handling info: 2 \ip\176.27.56.173:29070\name\Padawan\rate\4000\snaps\20\model\jedi_rm/head_c1|torso_c1|lower_c1\forcepowers\6-1-030330000000000333\color1\5\color2\3\handicap\100\sex\male\cg_predictItems\1\saber1\single_3\saber2\single_2\char_color_red\49\char_color_green\155\char_color_blue\131\teamtask\0\teamoverlay\1
4-28-2021 15: 6 (875:49): ClientUserinfoChanged: 2 n\Padawan\t\0\model\jedi_rm/head_c1|torso_c1|lower_c1\c1\5\c2\3\hc\100\w\0\l\0\tt\0\tl\0\st\single_3\st2\single_2\dt\0
4-28-2021 15: 6 (875:49): ClientBegin: 2
4-28-2021 15: 6 (875:51): ShutdownGame:
4-28-2021 15: 6 (875:51): ------------------------------------------------------------
4-28-2021 15: 6 (875:51): ------------------------------------------------------------
4-28-2021 15: 6 (875:51): InitGame: \version\JAmp: v1.0.1.0 linux-i386 Mar 14 2020\timelimit\45\sv_privateClients\0\sv_minRate\0\sv_minPing\0\sv_maxclients\32\sv_maxRate\0\sv_maxPing\999\sv_hostname\^7~^1~^7~ COMM SERVER ~^1~^7~\sv_fps\50\sv_floodProtectSlow\1\sv_floodProtect\1\sv_autoDemo\0\sv_allowDownload\0\serveruptime\37\protocol\26\mapname\t3_stamp\gamename\Lugormod\g_weaponDisable\0\g_stepSlideFix\0\g_siegeTeamSwitch\1\g_siegeTeam2\none\g_siegeTeam1\none\g_siegeRespawn\20\g_showDuelHealths\1\g_saberWallDamageScale\0.4\g_saberLocking\0\g_privateDuel\1535\g_noSpecMove\0\g_needpass\0\g_maxHolocronCarry\3\g_maxGameClients\0\g_maxForceRank\7\g_jediVmerc\0\g_gametype\0\g_gamemode\0\g_forceRegenTime\160\g_forcePowerDisable\0\g_forceBasedTeams\1\g_duelWeaponDisable\9\g_debugmelee\1\g_allowNPC\1\fs_game\lugormod\fraglimit\0\duel_fraglimit\10\dmflags\0\capturelimit\10\bot_minplayers\2\bg_fighterAltControl\0\Lugormod_Version\U#-0.0.0.91 Alpha
4-28-2021 15: 6 (875:51): ClientConnect: 0
4-28-2021 15: 6 (875:51): ClientUserinfoChanged handling info: 0 \team\0\skill\ 5.00\personality\botfiles/astupidbot.jkb\saber2\none\saber1\kyle\color2\4\color1\4\sex\male\model\jawa\snaps\20\rate\25000\name\astupidbot
4-28-2021 15: 6 (875:51): ClientUserinfoChanged: 0 n\astupidbot\t\0\model\jawa\c1\4\c2\4\hc\0\w\0\l\0\skill\ 5.00\tt\0\tl\0\siegeclass\none\st\Kyle\st2\none\dt\0\sdt\0
4-28-2021 15: 6 (875:51): ClientUserinfoChanged handling info: 0 \team\0\skill\ 5.00\personality\botfiles/astupidbot.jkb\saber2\none\saber1\kyle\color2\4\color1\4\sex\male\model\jawa\snaps\20\rate\25000\name\astupidbot
4-28-2021 15: 6 (875:51): ClientUserinfoChanged: 0 n\astupidbot\t\0\model\jawa\c1\4\c2\4\hc\100\w\0\l\0\skill\ 5.00\tt\0\tl\0\siegeclass\none\st\Kyle\st2\none\dt\0\sdt\0
4-28-2021 15: 6 (875:51): ClientBegin: 0
4-28-2021 15: 6 (875:51): ClientConnect: 1
4-28-2021 15: 6 (875:51): ClientUserinfoChanged handling info: 1 \saber1\default\name\Kyle\team\0\skill\ 5.00\personality\botfiles/newkyle.jkb\saber2\none\color1\1\sex\male\monaps\2le\snaps\2le\snaps\20\rate\25000
4-28-2021 15: 6 (875:51): ClientUserinfoChanged: 1 n\Kyle\t\0\model\\c1\1\c2\\hc\0\w\0\l\0\skill\ 5.00\tt\0\tl\0\siegeclass\none\st\default\st2\none\dt\0\sdt\0
4-28-2021 15: 6 (875:51): ClientUserinfoChanged handling info: 1 \name\Kyle\saber1\default\team\0\skill\ 5.00\personality\botfiles/newkyle.jkb\saber2\none\color1\1\sex\male\monaps\2le\snaps\2le\snaps\20\rate\25000
4-28-2021 15: 6 (875:51): ClientUserinfoChanged: 1 n\Kyle\t\0\model\\c1\1\c2\\hc\0\w\0\l\0\skill\ 5.00\tt\0\tl\0\siegeclass\none\st\default\st2\none\dt\0\sdt\0
4-28-2021 15: 6 (875:51): ClientUserinfoChanged handling info: 1 \name\Kyle\saber1\default\team\0\skill\ 5.00\personality\botfiles/newkyle.jkb\saber2\none\color1\1\sex\male\monaps\2le\snaps\2le\snaps\20\rate\25000
4-28-2021 15: 6 (875:51): ClientUserinfoChanged: 1 n\Kyle\t\0\model\\c1\1\c2\\hc\0\w\0\l\0\skill\ 5.00\tt\0\tl\0\siegeclass\none\st\default\st2\none\dt\0\sdt\0
4-28-2021 15: 6 (875:51): ClientUserinfoChanged handling info: 1 \name\Kyle\saber1\default\team\0\skill\ 5.00\personality\botfiles/newkyle.jkb\saber2\none\color1\1\sex\male\monaps\2le\snaps\2le\snaps\20\rate\25000
4-28-2021 15: 6 (875:51): ClientUserinfoChanged: 1 n\Kyle\t\0\model\\c1\1\c2\\hc\100\w\0\l\0\skill\ 5.00\tt\0\tl\0\siegeclass\none\st\default\st2\none\dt\0\sdt\0
4-28-2021 15: 6 (875:51): ClientBegin: 1
4-28-2021 15: 6 (875:51): ClientConnect: 2
4-28-2021 15: 6 (875:51): ClientUserinfoChanged handling info: 2 \ip\176.27.56.173:29070\name\Padawan\rate\4000\snaps\20\model\jedi_rm/head_c1|torso_c1|lower_c1\forcepowers\6-1-030330000000000333\color1\5\color2\3\handicap\100\sex\male\cg_predictItems\1\saber1\single_3\saber2\single_2\char_color_red\49\char_color_green\155\char_color_blue\131\teamtask\0\teamoverlay\1
4-28-2021 15: 6 (875:51): ClientUserinfoChanged: 2 n\Padawan\t\0\model\jedi_rm/head_c1|torso_c1|lower_c1\c1\5\c2\3\hc\0\w\0\l\0\tt\0\tl\0\st\single_3\st2\single_2\dt\0
4-28-2021 15: 6 (875:51): ClientUserinfoChanged handling info: 2 \ip\176.27.56.173:29070\name\Padawan\rate\4000\snaps\20\model\jedi_rm/head_c1|torso_c1|lower_c1\forcepowers\6-1-030330000000000333\color1\5\color2\3\handicap\100\sex\male\cg_predictItems\1\saber1\single_3\saber2\single_2\char_color_red\49\char_color_green\155\char_color_blue\131\teamtask\0\teamoverlay\1
4-28-2021 15: 6 (875:51): ClientUserinfoChanged: 2 n\Padawan\t\0\model\jedi_rm/head_c1|torso_c1|lower_c1\c1\5\c2\3\hc\0\w\0\l\0\tt\0\tl\0\st\single_3\st2\single_2\dt\0
4-28-2021 15: 6 (875:51): ClientUserinfoChanged handling info: 2 \ip\176.27.56.173:29070\name\Padawan\rate\4000\snaps\20\model\jedi_rm/head_c1|torso_c1|lower_c1\forcepowers\6-1-030330000000000333\color1\5\color2\3\handicap\100\sex\male\cg_predictItems\1\saber1\single_3\saber2\single_2\char_color_red\49\char_color_green\155\char_color_blue\131\teamtask\0\teamoverlay\1
4-28-2021 15: 6 (875:51): ClientUserinfoChanged: 2 n\Padawan\t\0\model\jedi_rm/head_c1|torso_c1|lower_c1\c1\5\c2\3\hc\100\w\0\l\0\tt\0\tl\0\st\single_3\st2\single_2\dt\0
4-28-2021 15: 6 (875:51): ClientBegin: 2
4-28-2021 15:12 (881:47): ClientDisconnect: 2
4-28-2021 23:38 (1388:00): ClientConnect: 2
4-28-2021 23:38 (1388:00): ClientUserinfoChanged handling info: 2 \ip\46.204.22.147:34599\challenge\-1254077577\qport\14634\protocol\26\name\Padawan\rate\4000\snaps\20\model\jedi_tf/head_a4|torso_f1|lower_a1\forcepowers\7-2-030330330000000333\color1\4\color2\4\handicap\100\sex\male\cg_predictItems\1\saber1\single_1\saber2\none\char_color_red\62\char_color_green\155\char_color_blue\255\teamtask\0\teamoverlay\1
4-28-2021 23:38 (1388:00): ClientUserinfoChanged: 2 n\Padawan\t\0\model\jedi_tf/head_a4|torso_f1|lower_a1\c1\4\c2\4\hc\0\w\0\l\0\tt\0\tl\0\st\\st2\\dt\0
4-28-2021 23:38 (1388:00): IP: 46.204.22.147 Padawan
4-28-2021 23:38 (1388:11): ClientUserinfoChanged handling info: 2 \ip\46.204.22.147:34599\name\Padawan\rate\4000\snaps\20\model\jedi_tf/head_a4|torso_f1|lower_a1\forcepowers\7-2-030330330000000333\color1\4\color2\4\handicap\100\sex\male\cg_predictItems\1\saber1\single_1\saber2\none\char_color_red\62\char_color_green\155\char_color_blue\255\teamtask\0\teamoverlay\1
4-28-2021 23:38 (1388:11): ClientUserinfoChanged: 2 n\Padawan\t\0\model\jedi_tf/head_a4|torso_f1|lower_a1\c1\4\c2\4\hc\0\w\0\l\0\tt\0\tl\0\st\single_1\st2\none\dt\0
4-28-2021 23:38 (1388:11): ClientUserinfoChanged handling info: 2 \ip\46.204.22.147:34599\name\Padawan\rate\4000\snaps\20\model\jedi_tf/head_a4|torso_f1|lower_a1\forcepowers\7-2-030330330000000333\color1\4\color2\4\handicap\100\sex\male\cg_predictItems\1\saber1\single_1\saber2\none\char_color_red\62\char_color_green\155\char_color_blue\255\teamtask\0\teamoverlay\1
4-28-2021 23:38 (1388:11): ClientUserinfoChanged: 2 n\Padawan\t\0\model\jedi_tf/head_a4|torso_f1|lower_a1\c1\4\c2\4\hc\100\w\0\l\0\tt\0\tl\0\st\single_1\st2\none\dt\0
4-28-2021 23:38 (1388:11): ClientBegin: 2
4-28-2021 23:40 (1389:31): ClientDisconnect: 2
4-29-2021 7:23 (1853:06): ClientConnect: 2
4-29-2021 7:23 (1853:06): ClientUserinfoChanged handling info: 2 \ip\75.172.97.35:29070\challenge\123903068\qport\14532\protocol\26\name\Padawan\rate\4000\snaps\20\model\shadowtrooper/default\forcepowers\6-1-030330000000000333\color1\0\color2\4\handicap\100\sex\male\cg_predictItems\1\saber1\dual_2\saber2\none\char_color_red\255\char_color_green\255\char_color_blue\255\teamtask\0
4-29-2021 7:23 (1853:06): ClientUserinfoChanged: 2 n\Padawan\t\0\model\shadowtrooper/default\c1\0\c2\4\hc\0\w\0\l\0\tt\0\tl\0\st\\st2\\dt\0
4-29-2021 7:23 (1853:06): IP: 75.172.97.35 Padawan
4-29-2021 7:23 (1853:14): ClientUserinfoChanged handling info: 2 \ip\75.172.97.35:29070\name\Padawan\rate\4000\snaps\20\model\shadowtrooper/default\forcepowers\6-1-030330000000000333\color1\0\color2\4\handicap\100\sex\male\cg_predictItems\1\saber1\dual_2\saber2\none\char_color_red\255\char_color_green\255\char_color_blue\255\teamtask\0\teamoverlay\1
4-29-2021 7:23 (1853:14): ClientUserinfoChanged: 2 n\Padawan\t\0\model\shadowtrooper/default\c1\0\c2\4\hc\0\w\0\l\0\tt\0\tl\0\st\dual_2\st2\none\dt\0
4-29-2021 7:23 (1853:14): ClientUserinfoChanged handling info: 2 \ip\75.172.97.35:29070\name\Padawan\rate\4000\snaps\20\model\shadowtrooper/default\forcepowers\6-1-030330000000000333\color1\0\color2\4\handicap\100\sex\male\cg_predictItems\1\saber1\dual_2\saber2\none\char_color_red\255\char_color_green\255\char_color_blue\255\teamtask\0\teamoverlay\1
4-29-2021 7:23 (1853:14): ClientUserinfoChanged: 2 n\Padawan\t\0\model\shadowtrooper/default\c1\0\c2\4\hc\100\w\0\l\0\tt\0\tl\0\st\dual_2\st2\none\dt\0
4-29-2021 7:23 (1853:14): ClientBegin: 2
4-29-2021 7:25 (1855:05): ClientDisconnect: 2
4-29-2021 12: 9 (2138:46): ShutdownGame:
4-29-2021 12: 9 (2138:46): ------------------------------------------------------------
