12-7-2020 0: 0 (0:00): ------------------------------------------------------------
12-7-2020 0: 0 (0:00): InitGame: \version\JAmp: v1.0.1.0 linux-i386 Mar 14 2020\timelimit\45\sv_privateClients\0\sv_minRate\0\sv_minPing\0\sv_maxclients\32\sv_maxRate\0\sv_maxPing\999\sv_hostname\^7~^1~^7~ COMM SERVER ~^1~^7~\sv_fps\50\sv_floodProtectSlow\1\sv_floodProtect\1\sv_autoDemo\0\sv_allowDownload\0\serveruptime\120\protocol\26\mapname\mp/duel5\gamename\Lugormod\g_weaponDisable\0\g_stepSlideFix\0\g_siegeTeamSwitch\1\g_siegeTeam2\none\g_siegeTeam1\none\g_siegeRespawn\20\g_showDuelHealths\1\g_saberWallDamageScale\0.4\g_saberLocking\0\g_privateDuel\4847\g_noSpecMove\0\g_needpass\0\g_maxHolocronCarry\3\g_maxGameClients\0\g_maxForceRank\7\g_jediVmerc\0\g_gametype\0\g_gamemode\0\g_forceRegenTime\130\g_forcePowerDisable\0\g_forceBasedTeams\1\g_duelWeaponDisable\9\g_debugmelee\1\g_allowNPC\1\fs_game\lugormod\fraglimit\100\duel_fraglimit\10\dmflags\0\capturelimit\10\bot_minplayers\2\bg_fighterAltControl\0\Lugormod_Version\U#-2.4.8.4
12-7-2020 0: 0 (0:00): ClientConnect: 0
12-7-2020 0: 0 (0:00): ClientUserinfoChanged handling info: 0 \team\0\skill\ 5.00\personality\botfiles/astupidbot.jkb\saber2\none\saber1\kyle\color2\4\color1\4\sex\male\model\jawa\snaps\20\rate\25000\name\astupidbot
12-7-2020 0: 0 (0:00): ClientUserinfoChanged: 0 n\astupidbot\t\0\model\jawa\c1\4\c2\4\hc\0\w\0\l\0\skill\ 5.00\tt\0\tl\0\siegeclass\none\st\Kyle\st2\none\dt\0\sdt\0
12-7-2020 0: 0 (0:00): ClientUserinfoChanged handling info: 0 \team\0\skill\ 5.00\personality\botfiles/astupidbot.jkb\saber2\none\saber1\kyle\color2\4\color1\4\sex\male\model\jawa\snaps\20\rate\25000\name\astupidbot
12-7-2020 0: 0 (0:00): ClientUserinfoChanged: 0 n\astupidbot\t\0\model\jawa\c1\4\c2\4\hc\100\w\0\l\0\skill\ 5.00\tt\0\tl\0\siegeclass\none\st\Kyle\st2\none\dt\0\sdt\0
12-7-2020 0: 0 (0:00): ClientBegin: 0
12-7-2020 0: 0 (0:00): ClientConnect: 1
12-7-2020 0: 0 (0:00): ClientUserinfoChanged handling info: 1 \team\0\skill\ 5.00\personality\botfiles/newkyle.jkb\saber2\none\saber1\kyle\color2\4\color1\1\sex\male\model\kyle\snaps\20\rate\25000\name\Kyle
12-7-2020 0: 0 (0:00): ClientUserinfoChanged: 1 n\Kyle\t\0\model\kyle\c1\1\c2\4\hc\0\w\0\l\0\skill\ 5.00\tt\0\tl\0\siegeclass\none\st\Kyle\st2\none\dt\0\sdt\0
12-7-2020 0: 0 (0:00): ClientUserinfoChanged handling info: 1 \team\0\skill\ 5.00\personality\botfiles/newkyle.jkb\saber2\none\saber1\kyle\color2\4\color1\1\sex\male\model\kyle\snaps\20\rate\25000\name\Kyle
12-7-2020 0: 0 (0:00): ClientUserinfoChanged: 1 n\Kyle\t\0\model\kyle\c1\1\c2\4\hc\100\w\0\l\0\skill\ 5.00\tt\0\tl\0\siegeclass\none\st\Kyle\st2\none\dt\0\sdt\0
12-7-2020 0: 0 (0:00): ClientBegin: 1
12-7-2020 0: 0 (0:00): ClientConnect: 2
12-7-2020 0: 0 (0:00): ClientUserinfoChanged handling info: 2 \name\^3chains\ip\136.49.101.98:29070\snaps\50\sex\male\saber2\none\saber1\Kyle\rate\25000\model\kyle/default\ja_gui3F719672E5ADAB3F37334025E53A689EA1\handicap\100\forcepowers\1-1-01000000000000010lorolor2\4\color1\4\char_color_red\255\char_color_green\255\char_color_blue\255\cg_predictItems\1\teamoverlay\0
12-7-2020 0: 0 (0:00): ClientUserinfoChanged: 2 n\Padawan\t\0\model\kyle/default\c1\4\c2\\hc\0\w\0\l\0\tt\0\tl\0\st\Kyle\st2\none\dt\0
12-7-2020 0: 0 (0:06): ClientUserinfoChanged handling info: 2 \ip\136.49.101.98:29070\teamoverlay\0\snaps\50\sex\male\saber2\none\saber1\Kyle\rate\25000\name\Padawan\model\kyle/default\ja_guid\719672E5ADAB3F37334025E53A689EA1\handicap\100\forcepowers\1-1-010000000000000100\color2\4\color1\4\char_color_red\255\char_color_green\255\char_color_blue\255\cg_predictItems\1
12-7-2020 0: 0 (0:06): ClientUserinfoChanged: 2 n\Padawan\t\0\model\kyle/default\c1\4\c2\4\hc\0\w\0\l\0\tt\0\tl\0\st\Kyle\st2\none\dt\0
12-7-2020 0: 0 (0:06): ClientUserinfoChanged handling info: 2 \ip\136.49.101.98:29070\teamoverlay\0\snaps\50\sex\male\saber2\none\saber1\Kyle\rate\25000\name\Padawan\model\kyle/default\ja_guid\719672E5ADAB3F37334025E53A689EA1\handicap\100\forcepowers\1-1-010000000000000100\color2\4\color1\4\char_color_red\255\char_color_green\255\char_color_blue\255\cg_predictItems\1
12-7-2020 0: 0 (0:06): ClientUserinfoChanged: 2 n\Padawan\t\0\model\kyle/default\c1\4\c2\4\hc\120\w\0\l\0\tt\0\tl\0\st\Kyle\st2\none\dt\0
12-7-2020 0: 0 (0:06): ClientUserinfoChanged handling info: 2 \name\^3chains\ip\136.49.101.98:29070\teamoverlay\0\snaps\50\sex\male\saber2\none\saber1\Kyle\rate\25000\model\kyle/default\ja_guid\719672E5ADAB3F37334025E53A689EA1\handicap\100\forcepowers\1-1-01000\color2\4\color1\or2\4\color1\4\char_color_red\255\char_color_green\255\char_color_blue\255\cg_predictItems\1
12-7-2020 0: 0 (0:06): ClientUserinfoChanged: 2 n\^3chains\t\0\model\kyle/default\c1\or2\c2\4\hc\120\w\0\l\0\tt\0\tl\0\st\Kyle\st2\none\dt\0
12-7-2020 0: 0 (0:06): ClientBegin: 2
12-7-2020 0: 0 (0:12): ShutdownGame:
12-7-2020 0: 0 (0:12): ------------------------------------------------------------
12-7-2020 0: 0 (0:00): ------------------------------------------------------------
12-7-2020 0: 0 (0:00): InitGame: \version\JAmp: v1.0.1.0 linux-i386 Mar 14 2020\timelimit\45\sv_privateClients\0\sv_minRate\0\sv_minPing\0\sv_maxclients\32\sv_maxRate\0\sv_maxPing\999\sv_hostname\^7~^1~^7~ COMM SERVER ~^1~^7~\sv_fps\50\sv_floodProtectSlow\1\sv_floodProtect\1\sv_autoDemo\0\sv_allowDownload\0\serveruptime\120\protocol\26\mapname\taspir1\gamename\Lugormod\g_weaponDisable\0\g_stepSlideFix\0\g_siegeTeamSwitch\1\g_siegeTeam2\none\g_siegeTeam1\none\g_siegeRespawn\20\g_showDuelHealths\1\g_saberWallDamageScale\0.4\g_saberLocking\0\g_privateDuel\4847\g_noSpecMove\0\g_needpass\0\g_maxHolocronCarry\3\g_maxGameClients\0\g_maxForceRank\7\g_jediVmerc\0\g_gametype\0\g_gamemode\0\g_forceRegenTime\130\g_forcePowerDisable\0\g_forceBasedTeams\1\g_duelWeaponDisable\9\g_debugmelee\1\g_allowNPC\1\fs_game\lugormod\fraglimit\100\duel_fraglimit\10\dmflags\0\capturelimit\10\bot_minplayers\2\bg_fighterAltControl\0\Lugormod_Version\U#-2.4.8.4
12-7-2020 0: 0 (0:00): ClientConnect: 0
12-7-2020 0: 0 (0:00): ClientUserinfoChanged handling info: 0 \team\0\skill\ 5.00\personality\botfiles/astupidbot.jkb\saber2\none\saber1\kyle\color2\4\color1\4\sex\male\model\jawa\snaps\20\rate\25000\name\astupidbot
12-7-2020 0: 0 (0:00): ClientUserinfoChanged: 0 n\astupidbot\t\0\model\jawa\c1\4\c2\4\hc\0\w\0\l\0\skill\ 5.00\tt\0\tl\0\siegeclass\none\st\Kyle\st2\none\dt\0\sdt\0
12-7-2020 0: 0 (0:00): ClientUserinfoChanged handling info: 0 \team\0\skill\ 5.00\personality\botfiles/astupidbot.jkb\saber2\none\saber1\kyle\color2\4\color1\4\sex\male\model\jawa\snaps\20\rate\25000\name\astupidbot
12-7-2020 0: 0 (0:00): ClientUserinfoChanged: 0 n\astupidbot\t\0\model\jawa\c1\4\c2\4\hc\100\w\0\l\0\skill\ 5.00\tt\0\tl\0\siegeclass\none\st\Kyle\st2\none\dt\0\sdt\0
12-7-2020 0: 0 (0:00): ClientBegin: 0
12-7-2020 0: 0 (0:00): ClientConnect: 1
12-7-2020 0: 0 (0:00): ClientUserinfoChanged handling info: 1 \team\0\skill\ 5.00\personality\botfiles/newkyle.jkb\saber2\none\saber1\kyle\color2\4\color1\1\sex\male\model\kyle\snaps\20\rate\25000\name\Kyle
12-7-2020 0: 0 (0:00): ClientUserinfoChanged: 1 n\Kyle\t\0\model\kyle\c1\1\c2\4\hc\0\w\0\l\0\skill\ 5.00\tt\0\tl\0\siegeclass\none\st\Kyle\st2\none\dt\0\sdt\0
12-7-2020 0: 0 (0:00): ClientUserinfoChanged handling info: 1 \team\0\skill\ 5.00\personality\botfiles/newkyle.jkb\saber2\none\saber1\kyle\color2\4\color1\1\sex\male\model\kyle\snaps\20\rate\25000\name\Kyle
12-7-2020 0: 0 (0:00): ClientUserinfoChanged: 1 n\Kyle\t\0\model\kyle\c1\1\c2\4\hc\100\w\0\l\0\skill\ 5.00\tt\0\tl\0\siegeclass\none\st\Kyle\st2\none\dt\0\sdt\0
12-7-2020 0: 0 (0:00): ClientBegin: 1
12-7-2020 0: 0 (0:00): ClientConnect: 2
12-7-2020 0: 0 (0:00): ClientUserinfoChanged handling info: 2 \name\^3chains\ip\136.49.101.98:29070\teamoverlay\0\snaps\50\sex\male\saber2\none\saber1\Kyle\rate\25000\model\kyle/default\ja_guid\719672E5ADAB3F37334025E53A689EA1\handicap\100\forcepowers\1-1-01000\color2\4\color1\or2\4\color1\4\char_color_red\255\char_color_green\255\char_color_blue\255\cg_predictItems\1
12-7-2020 0: 0 (0:00): ClientUserinfoChanged: 2 n\Padawan\t\0\model\kyle/default\c1\or2\c2\4\hc\0\w\0\l\0\tt\0\tl\0\st\Kyle\st2\none\dt\0
12-7-2020 0: 0 (0:08): ClientUserinfoChanged handling info: 2 \ip\136.49.101.98:29070\teamoverlay\0\snaps\50\sex\male\saber2\none\saber1\Kyle\rate\25000\name\Padawan\model\kyle/default\ja_guid\719672E5ADAB3F37334025E53A689EA1\handicap\100\forcepowers\1-1-010000000000000100\color2\4\color1\4\char_color_red\255\char_color_green\255\char_color_blue\255\cg_predictItems\1
12-7-2020 0: 0 (0:08): ClientUserinfoChanged: 2 n\Padawan\t\0\model\kyle/default\c1\4\c2\4\hc\0\w\0\l\0\tt\0\tl\0\st\Kyle\st2\none\dt\0
12-7-2020 0: 0 (0:08): ClientUserinfoChanged handling info: 2 \ip\136.49.101.98:29070\teamoverlay\0\snaps\50\sex\male\saber2\none\saber1\Kyle\rate\25000\name\Padawan\model\kyle/default\ja_guid\719672E5ADAB3F37334025E53A689EA1\handicap\100\forcepowers\1-1-010000000000000100\color2\4\color1\4\char_color_red\255\char_color_green\255\char_color_blue\255\cg_predictItems\1
12-7-2020 0: 0 (0:08): ClientUserinfoChanged: 2 n\Padawan\t\0\model\kyle/default\c1\4\c2\4\hc\120\w\0\l\0\tt\0\tl\0\st\Kyle\st2\none\dt\0
12-7-2020 0: 0 (0:08): ClientUserinfoChanged handling info: 2 \name\^3chains\ip\136.49.101.98:29070\teamoverlay\0\snaps\50\sex\male\saber2\none\saber1\Kyle\rate\25000\model\kyle/default\ja_guid\719672E5ADAB3F37334025E53A689EA1\handicap\100\forcepowers\1-1-01000\color2\4\color1\or2\4\color1\4\char_color_red\255\char_color_green\255\char_color_blue\255\cg_predictItems\1
12-7-2020 0: 0 (0:08): ClientUserinfoChanged: 2 n\^3chains\t\0\model\kyle/default\c1\or2\c2\4\hc\120\w\0\l\0\tt\0\tl\0\st\Kyle\st2\none\dt\0
12-7-2020 0: 0 (0:08): ClientBegin: 2
12-7-2020 0: 1 (0:48): ShutdownGame:
12-7-2020 0: 1 (0:48): ------------------------------------------------------------
12-7-2020 0: 1 (0:00): ------------------------------------------------------------
12-7-2020 0: 1 (0:00): InitGame: \version\JAmp: v1.0.1.0 linux-i386 Mar 14 2020\timelimit\45\sv_privateClients\0\sv_minRate\0\sv_minPing\0\sv_maxclients\32\sv_maxRate\0\sv_maxPing\999\sv_hostname\^7~^1~^7~ COMM SERVER ~^1~^7~\sv_fps\50\sv_floodProtectSlow\1\sv_floodProtect\1\sv_autoDemo\0\sv_allowDownload\0\serveruptime\120\protocol\26\mapname\t3_stamp\gamename\Lugormod\g_weaponDisable\0\g_stepSlideFix\0\g_siegeTeamSwitch\1\g_siegeTeam2\none\g_siegeTeam1\none\g_siegeRespawn\20\g_showDuelHealths\1\g_saberWallDamageScale\0.4\g_saberLocking\0\g_privateDuel\4847\g_noSpecMove\0\g_needpass\0\g_maxHolocronCarry\3\g_maxGameClients\0\g_maxForceRank\7\g_jediVmerc\0\g_gametype\0\g_gamemode\0\g_forceRegenTime\130\g_forcePowerDisable\0\g_forceBasedTeams\1\g_duelWeaponDisable\9\g_debugmelee\1\g_allowNPC\1\fs_game\lugormod\fraglimit\100\duel_fraglimit\10\dmflags\0\capturelimit\10\bot_minplayers\2\bg_fighterAltControl\0\Lugormod_Version\U#-2.4.8.4
12-7-2020 0: 1 (0:00): ClientConnect: 0
12-7-2020 0: 1 (0:00): ClientUserinfoChanged handling info: 0 \team\0\skill\ 5.00\personality\botfiles/astupidbot.jkb\saber2\none\saber1\kyle\color2\4\color1\4\sex\male\model\jawa\snaps\20\rate\25000\name\astupidbot
12-7-2020 0: 1 (0:00): ClientUserinfoChanged: 0 n\astupidbot\t\0\model\jawa\c1\4\c2\4\hc\0\w\0\l\0\skill\ 5.00\tt\0\tl\0\siegeclass\none\st\Kyle\st2\none\dt\0\sdt\0
12-7-2020 0: 1 (0:00): ClientUserinfoChanged handling info: 0 \team\0\skill\ 5.00\personality\botfiles/astupidbot.jkb\saber2\none\saber1\kyle\color2\4\color1\4\sex\male\model\jawa\snaps\20\rate\25000\name\astupidbot
12-7-2020 0: 1 (0:00): ClientUserinfoChanged: 0 n\astupidbot\t\0\model\jawa\c1\4\c2\4\hc\100\w\0\l\0\skill\ 5.00\tt\0\tl\0\siegeclass\none\st\Kyle\st2\none\dt\0\sdt\0
12-7-2020 0: 1 (0:00): ClientBegin: 0
12-7-2020 0: 1 (0:00): ClientConnect: 1
12-7-2020 0: 1 (0:00): ClientUserinfoChanged handling info: 1 \team\0\skill\ 5.00\personality\botfiles/newkyle.jkb\saber2\none\saber1\kyle\color2\4\color1\1\sex\male\model\kyle\snaps\20\rate\25000\name\Kyle
12-7-2020 0: 1 (0:00): ClientUserinfoChanged: 1 n\Kyle\t\0\model\kyle\c1\1\c2\4\hc\0\w\0\l\0\skill\ 5.00\tt\0\tl\0\siegeclass\none\st\Kyle\st2\none\dt\0\sdt\0
12-7-2020 0: 1 (0:00): ClientUserinfoChanged handling info: 1 \team\0\skill\ 5.00\personality\botfiles/newkyle.jkb\saber2\none\saber1\kyle\color2\4\color1\1\sex\male\model\kyle\snaps\20\rate\25000\name\Kyle
12-7-2020 0: 1 (0:00): ClientUserinfoChanged: 1 n\Kyle\t\0\model\kyle\c1\1\c2\4\hc\100\w\0\l\0\skill\ 5.00\tt\0\tl\0\siegeclass\none\st\Kyle\st2\none\dt\0\sdt\0
12-7-2020 0: 1 (0:00): ClientBegin: 1
12-7-2020 0: 1 (0:00): ClientConnect: 2
12-7-2020 0: 1 (0:00): ClientUserinfoChanged handling info: 2 \name\^3chains\ip\136.49.101.98:29070\teamoverlay\0\snaps\50\sex\male\saber2\none\saber1\Kyle\rate\25000\model\kyle/default\ja_guid\719672E5ADAB3F37334025E53A689EA1\handicap\100\forcepowers\1-1-01000\color2\4\color1\or2\4\color1\4\char_color_red\255\char_color_green\255\char_color_blue\255\cg_predictItems\1
12-7-2020 0: 1 (0:00): ClientUserinfoChanged: 2 n\Padawan\t\0\model\kyle/default\c1\or2\c2\4\hc\0\w\0\l\0\tt\0\tl\0\st\Kyle\st2\none\dt\0
12-7-2020 0: 1 (0:06): ClientUserinfoChanged handling info: 2 \ip\136.49.101.98:29070\teamoverlay\0\snaps\50\sex\male\saber2\none\saber1\Kyle\rate\25000\name\Padawan\model\kyle/default\ja_guid\719672E5ADAB3F37334025E53A689EA1\handicap\100\forcepowers\1-1-010000000000000100\color2\4\color1\4\char_color_red\255\char_color_green\255\char_color_blue\255\cg_predictItems\1
12-7-2020 0: 1 (0:06): ClientUserinfoChanged: 2 n\Padawan\t\0\model\kyle/default\c1\4\c2\4\hc\0\w\0\l\0\tt\0\tl\0\st\Kyle\st2\none\dt\0
12-7-2020 0: 1 (0:06): ClientUserinfoChanged handling info: 2 \ip\136.49.101.98:29070\teamoverlay\0\snaps\50\sex\male\saber2\none\saber1\Kyle\rate\25000\name\Padawan\model\kyle/default\ja_guid\719672E5ADAB3F37334025E53A689EA1\handicap\100\forcepowers\1-1-010000000000000100\color2\4\color1\4\char_color_red\255\char_color_green\255\char_color_blue\255\cg_predictItems\1
12-7-2020 0: 1 (0:06): ClientUserinfoChanged: 2 n\Padawan\t\0\model\kyle/default\c1\4\c2\4\hc\120\w\0\l\0\tt\0\tl\0\st\Kyle\st2\none\dt\0
12-7-2020 0: 1 (0:06): ClientUserinfoChanged handling info: 2 \name\^3chains\ip\136.49.101.98:29070\teamoverlay\0\snaps\50\sex\male\saber2\none\saber1\Kyle\rate\25000\model\kyle/default\ja_guid\719672E5ADAB3F37334025E53A689EA1\handicap\100\forcepowers\1-1-01000\color2\4\color1\or2\4\color1\4\char_color_red\255\char_color_green\255\char_color_blue\255\cg_predictItems\1
12-7-2020 0: 1 (0:06): ClientUserinfoChanged: 2 n\^3chains\t\0\model\kyle/default\c1\or2\c2\4\hc\120\w\0\l\0\tt\0\tl\0\st\Kyle\st2\none\dt\0
12-7-2020 0: 1 (0:06): ClientBegin: 2
12-7-2020 0: 1 (0:16): Kill: 0 0 39: astupidbot killed astupidbot by MOD_SUICIDE
12-7-2020 0: 1 (0:17): ClientUserinfoChanged handling info: 0 \team\0\skill\ 5.00\personality\botfiles/astupidbot.jkb\saber2\none\saber1\kyle\color2\4\color1\4\sex\male\model\jawa\snaps\20\rate\25000\name\astupidbot
12-7-2020 0: 1 (0:17): ClientUserinfoChanged: 0 n\astupidbot\t\0\model\jawa\c1\4\c2\4\hc\100\w\0\l\0\skill\ 5.00\tt\0\tl\0\siegeclass\none\st\Kyle\st2\none\dt\0\sdt\0
12-7-2020 0: 1 (0:30): ShutdownGame:
12-7-2020 0: 1 (0:30): ------------------------------------------------------------
12-7-2020 0: 1 (0:00): ------------------------------------------------------------
12-7-2020 0: 1 (0:00): InitGame: \version\JAmp: v1.0.1.0 linux-i386 Mar 14 2020\timelimit\1\sv_privateClients\0\sv_minRate\0\sv_minPing\0\sv_maxclients\32\sv_maxRate\0\sv_maxPing\999\sv_hostname\^7~^1~^7~ COMM SERVER ~^1~^7~\sv_fps\50\sv_floodProtectSlow\1\sv_floodProtect\1\sv_autoDemo\0\sv_allowDownload\0\serveruptime\120\protocol\26\mapname\mp/duel6\gamename\Lugormod\g_weaponDisable\0\g_stepSlideFix\0\g_siegeTeamSwitch\1\g_siegeTeam2\none\g_siegeTeam1\none\g_siegeRespawn\20\g_showDuelHealths\1\g_saberWallDamageScale\0.4\g_saberLocking\0\g_privateDuel\4847\g_noSpecMove\0\g_needpass\0\g_maxHolocronCarry\3\g_maxGameClients\0\g_maxForceRank\7\g_jediVmerc\0\g_gametype\0\g_gamemode\0\g_forceRegenTime\130\g_forcePowerDisable\0\g_forceBasedTeams\1\g_duelWeaponDisable\9\g_debugmelee\1\g_allowNPC\1\fs_game\lugormod\fraglimit\100\duel_fraglimit\10\dmflags\0\capturelimit\10\bot_minplayers\2\bg_fighterAltControl\0\Lugormod_Version\U#-2.4.8.4
12-7-2020 0: 1 (0:00): ClientConnect: 0
12-7-2020 0: 1 (0:00): ClientUserinfoChanged handling info: 0 \team\0\skill\ 5.00\personality\botfiles/astupidbot.jkb\saber2\none\saber1\kyle\color2\4\color1\4\sex\male\model\jawa\snaps\20\rate\25000\name\astupidbot
12-7-2020 0: 1 (0:00): ClientUserinfoChanged: 0 n\astupidbot\t\0\model\jawa\c1\4\c2\4\hc\0\w\0\l\0\skill\ 5.00\tt\0\tl\0\siegeclass\none\st\Kyle\st2\none\dt\0\sdt\0
12-7-2020 0: 1 (0:00): ClientUserinfoChanged handling info: 0 \team\0\skill\ 5.00\personality\botfiles/astupidbot.jkb\saber2\none\saber1\kyle\color2\4\color1\4\sex\male\model\jawa\snaps\20\rate\25000\name\astupidbot
12-7-2020 0: 1 (0:00): ClientUserinfoChanged: 0 n\astupidbot\t\0\model\jawa\c1\4\c2\4\hc\100\w\0\l\0\skill\ 5.00\tt\0\tl\0\siegeclass\none\st\Kyle\st2\none\dt\0\sdt\0
12-7-2020 0: 1 (0:00): ClientBegin: 0
12-7-2020 0: 1 (0:00): ClientConnect: 1
12-7-2020 0: 1 (0:00): ClientUserinfoChanged handling info: 1 \team\0\skill\ 5.00\personality\botfiles/newkyle.jkb\saber2\none\saber1\kyle\color2\4\color1\1\sex\male\model\kyle\snaps\20\rate\25000\name\Kyle
12-7-2020 0: 1 (0:00): ClientUserinfoChanged: 1 n\Kyle\t\0\model\kyle\c1\1\c2\4\hc\0\w\0\l\0\skill\ 5.00\tt\0\tl\0\siegeclass\none\st\Kyle\st2\none\dt\0\sdt\0
12-7-2020 0: 1 (0:00): ClientUserinfoChanged handling info: 1 \team\0\skill\ 5.00\personality\botfiles/newkyle.jkb\saber2\none\saber1\kyle\color2\4\color1\1\sex\male\model\kyle\snaps\20\rate\25000\name\Kyle
12-7-2020 0: 1 (0:00): ClientUserinfoChanged: 1 n\Kyle\t\0\model\kyle\c1\1\c2\4\hc\100\w\0\l\0\skill\ 5.00\tt\0\tl\0\siegeclass\none\st\Kyle\st2\none\dt\0\sdt\0
12-7-2020 0: 1 (0:00): ClientBegin: 1
12-7-2020 0: 1 (0:00): ClientConnect: 2
12-7-2020 0: 1 (0:00): ClientUserinfoChanged handling info: 2 \name\^3chains\ip\136.49.101.98:29070\teamoverlay\0\snaps\50\sex\male\saber2\none\saber1\Kyle\rate\25000\model\kyle/default\ja_guid\719672E5ADAB3F37334025E53A689EA1\handicap\100\forcepowers\1-1-01000\color2\4\color1\or2\4\color1\4\char_color_red\255\char_color_green\255\char_color_blue\255\cg_predictItems\1
12-7-2020 0: 1 (0:00): ClientUserinfoChanged: 2 n\Padawan\t\0\model\kyle/default\c1\or2\c2\4\hc\0\w\0\l\0\tt\0\tl\0\st\Kyle\st2\none\dt\0
12-7-2020 0: 1 (0:07): ClientUserinfoChanged handling info: 2 \ip\136.49.101.98:29070\teamoverlay\0\snaps\50\sex\male\saber2\none\saber1\Kyle\rate\25000\name\Padawan\model\kyle/default\ja_guid\719672E5ADAB3F37334025E53A689EA1\handicap\100\forcepowers\1-1-010000000000000100\color2\4\color1\4\char_color_red\255\char_color_green\255\char_color_blue\255\cg_predictItems\1
12-7-2020 0: 1 (0:07): ClientUserinfoChanged: 2 n\Padawan\t\0\model\kyle/default\c1\4\c2\4\hc\0\w\0\l\0\tt\0\tl\0\st\Kyle\st2\none\dt\0
12-7-2020 0: 1 (0:07): ClientUserinfoChanged handling info: 2 \ip\136.49.101.98:29070\teamoverlay\0\snaps\50\sex\male\saber2\none\saber1\Kyle\rate\25000\name\Padawan\model\kyle/default\ja_guid\719672E5ADAB3F37334025E53A689EA1\handicap\100\forcepowers\1-1-010000000000000100\color2\4\color1\4\char_color_red\255\char_color_green\255\char_color_blue\255\cg_predictItems\1
12-7-2020 0: 1 (0:07): ClientUserinfoChanged: 2 n\Padawan\t\0\model\kyle/default\c1\4\c2\4\hc\120\w\0\l\0\tt\0\tl\0\st\Kyle\st2\none\dt\0
12-7-2020 0: 1 (0:07): ClientUserinfoChanged handling info: 2 \name\^3chains\ip\136.49.101.98:29070\teamoverlay\0\snaps\50\sex\male\saber2\none\saber1\Kyle\rate\25000\model\kyle/default\ja_guid\719672E5ADAB3F37334025E53A689EA1\handicap\100\forcepowers\1-1-01000\color2\4\color1\or2\4\color1\4\char_color_red\255\char_color_green\255\char_color_blue\255\cg_predictItems\1
12-7-2020 0: 1 (0:07): ClientUserinfoChanged: 2 n\^3chains\t\0\model\kyle/default\c1\or2\c2\4\hc\120\w\0\l\0\tt\0\tl\0\st\Kyle\st2\none\dt\0
12-7-2020 0: 1 (0:07): ClientBegin: 2
12-7-2020 0: 2 (0:30): say: astupidbot: g2g
12-7-2020 0: 2 (0:30): ClientDisconnect: 0
12-7-2020 0: 2 (0:41): ClientConnect: 0
12-7-2020 0: 2 (0:41): ClientUserinfoChanged handling info: 0 \team\0\skill\ 5.00\personality\botfiles/astupidbot.jkb\saber2\none\saber1\kyle\color2\4\color1\4\sex\male\model\jawa\snaps\20\rate\25000\name\astupidbot
12-7-2020 0: 2 (0:41): ClientUserinfoChanged: 0 n\astupidbot\t\0\model\jawa\c1\4\c2\4\hc\0\w\0\l\0\skill\ 5.00\tt\0\tl\0\siegeclass\none\st\\st2\\dt\0\sdt\0
12-7-2020 0: 2 (0:41): IP: localhost astupidbot
12-7-2020 0: 2 (0:41): ClientUserinfoChanged handling info: 0 \team\0\skill\ 5.00\personality\botfiles/astupidbot.jkb\saber2\none\saber1\kyle\color2\4\color1\4\sex\male\model\jawa\snaps\20\rate\25000\name\astupidbot
12-7-2020 0: 2 (0:41): ClientUserinfoChanged: 0 n\astupidbot\t\0\model\jawa\c1\4\c2\4\hc\100\w\0\l\0\skill\ 5.00\tt\0\tl\0\siegeclass\none\st\Kyle\st2\none\dt\0\sdt\0
12-7-2020 0: 2 (0:41): ClientBegin: 0
12-7-2020 0: 3 (2:07): Kill: 0 2 3: astupidbot killed ^3chains by MOD_SABER
12-7-2020 0: 3 (2:07): Exit: Timelimit hit.
12-7-2020 0: 3 (2:07): score: 1  ping: 41  client: 0 astupidbot
12-7-2020 0: 3 (2:07): score: 0  ping: 56  client: 1 Kyle
12-7-2020 0: 3 (2:07): score: 0  ping: 36  client: 2 ^3chains
12-7-2020 0: 4 (2:08): ClientUserinfoChanged handling info: 2 \name\^3chains\ip\136.49.101.98:29070\teamoverlay\0\snaps\50\sex\male\saber2\none\saber1\Kyle\rate\25000\model\kyle/default\ja_guid\719672E5ADAB3F37334025E53A689EA1\handicap\100\forcepowers\1-1-01000\color2\4\color1\or2\4\color1\4\char_color_red\255\char_color_green\255\char_color_blue\255\cg_predictItems\1
12-7-2020 0: 4 (2:08): ClientUserinfoChanged: 2 n\^3chains\t\0\model\kyle/default\c1\or2\c2\4\hc\120\w\0\l\0\tt\0\tl\0\st\Kyle\st2\none\dt\0
12-7-2020 0: 4 (2:13): ShutdownGame:
12-7-2020 0: 4 (2:13): ------------------------------------------------------------
12-7-2020 0: 4 (0:00): ------------------------------------------------------------
12-7-2020 0: 4 (0:00): InitGame: \version\JAmp: v1.0.1.0 linux-i386 Mar 14 2020\timelimit\2\sv_privateClients\0\sv_minRate\0\sv_minPing\0\sv_maxclients\32\sv_maxRate\0\sv_maxPing\999\sv_hostname\^7~^1~^7~ COMM SERVER ~^1~^7~\sv_fps\50\sv_floodProtectSlow\1\sv_floodProtect\1\sv_autoDemo\0\sv_allowDownload\0\serveruptime\120\protocol\26\mapname\t3_stamp\gamename\Lugormod\g_weaponDisable\0\g_stepSlideFix\0\g_siegeTeamSwitch\1\g_siegeTeam2\none\g_siegeTeam1\none\g_siegeRespawn\20\g_showDuelHealths\1\g_saberWallDamageScale\0.4\g_saberLocking\0\g_privateDuel\4847\g_noSpecMove\0\g_needpass\0\g_maxHolocronCarry\3\g_maxGameClients\0\g_maxForceRank\7\g_jediVmerc\0\g_gametype\0\g_gamemode\0\g_forceRegenTime\130\g_forcePowerDisable\0\g_forceBasedTeams\1\g_duelWeaponDisable\9\g_debugmelee\1\g_allowNPC\1\fs_game\lugormod\fraglimit\100\duel_fraglimit\10\dmflags\0\capturelimit\10\bot_minplayers\3\bg_fighterAltControl\0\Lugormod_Version\U#-2.4.8.4
12-7-2020 0: 4 (0:00): ClientConnect: 0
12-7-2020 0: 4 (0:00): ClientUserinfoChanged handling info: 0 \team\0\skill\ 5.00\personality\botfiles/astupidbot.jkb\saber2\none\saber1\kyle\color2\4\color1\4\sex\male\model\jawa\snaps\20\rate\25000\name\astupidbot
12-7-2020 0: 4 (0:00): ClientUserinfoChanged: 0 n\astupidbot\t\0\model\jawa\c1\4\c2\4\hc\0\w\0\l\0\skill\ 5.00\tt\0\tl\0\siegeclass\none\st\Kyle\st2\none\dt\0\sdt\0
12-7-2020 0: 4 (0:00): ClientUserinfoChanged handling info: 0 \team\0\skill\ 5.00\personality\botfiles/astupidbot.jkb\saber2\none\saber1\kyle\color2\4\color1\4\sex\male\model\jawa\snaps\20\rate\25000\name\astupidbot
12-7-2020 0: 4 (0:00): ClientUserinfoChanged: 0 n\astupidbot\t\0\model\jawa\c1\4\c2\4\hc\100\w\0\l\0\skill\ 5.00\tt\0\tl\0\siegeclass\none\st\Kyle\st2\none\dt\0\sdt\0
12-7-2020 0: 4 (0:00): ClientBegin: 0
12-7-2020 0: 4 (0:00): ClientConnect: 1
12-7-2020 0: 4 (0:00): ClientUserinfoChanged handling info: 1 \team\0\skill\ 5.00\personality\botfiles/newkyle.jkb\saber2\none\saber1\kyle\color2\4\color1\1\sex\male\model\kyle\snaps\20\rate\25000\name\Kyle
12-7-2020 0: 4 (0:00): ClientUserinfoChanged: 1 n\Kyle\t\0\model\kyle\c1\1\c2\4\hc\0\w\0\l\0\skill\ 5.00\tt\0\tl\0\siegeclass\none\st\Kyle\st2\none\dt\0\sdt\0
12-7-2020 0: 4 (0:00): ClientUserinfoChanged handling info: 1 \team\0\skill\ 5.00\personality\botfiles/newkyle.jkb\saber2\none\saber1\kyle\color2\4\color1\1\sex\male\model\kyle\snaps\20\rate\25000\name\Kyle
12-7-2020 0: 4 (0:00): ClientUserinfoChanged: 1 n\Kyle\t\0\model\kyle\c1\1\c2\4\hc\100\w\0\l\0\skill\ 5.00\tt\0\tl\0\siegeclass\none\st\Kyle\st2\none\dt\0\sdt\0
12-7-2020 0: 4 (0:00): ClientBegin: 1
12-7-2020 0: 4 (0:00): ClientConnect: 2
12-7-2020 0: 4 (0:00): ClientUserinfoChanged handling info: 2 \name\^3chains\ip\136.49.101.98:29070\teamoverlay\0\snaps\50\sex\male\saber2\none\saber1\Kyle\rate\25000\model\kyle/default\ja_guid\719672E5ADAB3F37334025E53A689EA1\handicap\100\forcepowers\1-1-01000\color2\4\color1\or2\4\color1\4\char_color_red\255\char_color_green\255\char_color_blue\255\cg_predictItems\1
12-7-2020 0: 4 (0:00): ClientUserinfoChanged: 2 n\Padawan\t\0\model\kyle/default\c1\or2\c2\4\hc\0\w\0\l\0\tt\0\tl\0\st\Kyle\st2\none\dt\0
12-7-2020 0: 4 (0:05): ClientUserinfoChanged handling info: 2 \ip\136.49.101.98:29070\teamoverlay\0\snaps\50\sex\male\saber2\none\saber1\Kyle\rate\25000\name\Padawan\model\kyle/default\ja_guid\719672E5ADAB3F37334025E53A689EA1\handicap\100\forcepowers\1-1-010000000000000100\color2\4\color1\4\char_color_red\255\char_color_green\255\char_color_blue\255\cg_predictItems\1
12-7-2020 0: 4 (0:05): ClientUserinfoChanged: 2 n\Padawan\t\0\model\kyle/default\c1\4\c2\4\hc\0\w\0\l\0\tt\0\tl\0\st\Kyle\st2\none\dt\0
12-7-2020 0: 4 (0:05): ClientUserinfoChanged handling info: 2 \ip\136.49.101.98:29070\teamoverlay\0\snaps\50\sex\male\saber2\none\saber1\Kyle\rate\25000\name\Padawan\model\kyle/default\ja_guid\719672E5ADAB3F37334025E53A689EA1\handicap\100\forcepowers\1-1-010000000000000100\color2\4\color1\4\char_color_red\255\char_color_green\255\char_color_blue\255\cg_predictItems\1
12-7-2020 0: 4 (0:05): ClientUserinfoChanged: 2 n\Padawan\t\0\model\kyle/default\c1\4\c2\4\hc\120\w\0\l\0\tt\0\tl\0\st\Kyle\st2\none\dt\0
12-7-2020 0: 4 (0:05): ClientUserinfoChanged handling info: 2 \name\^3chains\ip\136.49.101.98:29070\teamoverlay\0\snaps\50\sex\male\saber2\none\saber1\Kyle\rate\25000\model\kyle/default\ja_guid\719672E5ADAB3F37334025E53A689EA1\handicap\100\forcepowers\1-1-01000\color2\4\color1\or2\4\color1\4\char_color_red\255\char_color_green\255\char_color_blue\255\cg_predictItems\1
12-7-2020 0: 4 (0:05): ClientUserinfoChanged: 2 n\^3chains\t\0\model\kyle/default\c1\or2\c2\4\hc\120\w\0\l\0\tt\0\tl\0\st\Kyle\st2\none\dt\0
12-7-2020 0: 4 (0:05): ClientBegin: 2
12-7-2020 0: 4 (0:24): Kill: 1 0 3: Kyle killed astupidbot by MOD_SABER
12-7-2020 0: 4 (0:25): ClientUserinfoChanged handling info: 0 \team\0\skill\ 5.00\personality\botfiles/astupidbot.jkb\saber2\none\saber1\kyle\color2\4\color1\4\sex\male\model\jawa\snaps\20\rate\25000\name\astupidbot
12-7-2020 0: 4 (0:25): ClientUserinfoChanged: 0 n\astupidbot\t\0\model\jawa\c1\4\c2\4\hc\100\w\0\l\0\skill\ 5.00\tt\0\tl\0\siegeclass\none\st\Kyle\st2\none\dt\0\sdt\0
12-7-2020 0: 4 (0:25): say: Kyle: hehe!
12-7-2020 0: 4 (0:32): Kill: 1 1 39: Kyle killed Kyle by MOD_SUICIDE
12-7-2020 0: 4 (0:34): ClientUserinfoChanged handling info: 1 \team\0\skill\ 5.00\personality\botfiles/newkyle.jkb\saber2\none\saber1\kyle\color2\4\color1\1\sex\male\model\kyle\snaps\20\rate\25000\name\Kyle
12-7-2020 0: 4 (0:34): ClientUserinfoChanged: 1 n\Kyle\t\0\model\kyle\c1\1\c2\4\hc\100\w\0\l\0\skill\ 5.00\tt\0\tl\0\siegeclass\none\st\Kyle\st2\none\dt\0\sdt\0
12-7-2020 0: 4 (0:34): say: Kyle: dang
12-7-2020 0: 5 (1:06): Kill: 0 0 39: astupidbot killed astupidbot by MOD_SUICIDE
12-7-2020 0: 5 (1:06): duel: Kyle won a duel against astupidbot
12-7-2020 0: 5 (1:07): ClientUserinfoChanged handling info: 0 \team\0\skill\ 5.00\personality\botfiles/astupidbot.jkb\saber2\none\saber1\kyle\color2\4\color1\4\sex\male\model\jawa\snaps\20\rate\25000\name\astupidbot
12-7-2020 0: 5 (1:07): ClientUserinfoChanged: 0 n\astupidbot\t\0\model\jawa\c1\4\c2\4\hc\100\w\0\l\0\skill\ 5.00\tt\0\tl\0\siegeclass\none\st\Kyle\st2\none\dt\0\sdt\0
12-7-2020 0: 5 (1:33): say: Kyle: Come on Astupidbot
12-7-2020 0: 5 (1:35): say: astupidbot: ok
12-7-2020 0: 6 (2:09): Kill: 0 0 39: astupidbot killed astupidbot by MOD_SUICIDE
12-7-2020 0: 6 (2:09): duel: Kyle won a duel against astupidbot
12-7-2020 0: 6 (2:10): ClientUserinfoChanged handling info: 0 \team\0\skill\ 5.00\personality\botfiles/astupidbot.jkb\saber2\none\saber1\kyle\color2\4\color1\4\sex\male\model\jawa\snaps\20\rate\25000\name\astupidbot
12-7-2020 0: 6 (2:10): ClientUserinfoChanged: 0 n\astupidbot\t\0\model\jawa\c1\4\c2\4\hc\100\w\0\l\0\skill\ 5.00\tt\0\tl\0\siegeclass\none\st\Kyle\st2\none\dt\0\sdt\0
12-7-2020 0: 6 (2:11): say: Kyle: Good Fight
12-7-2020 0: 6 (2:42): Kill: 1 2 3: Kyle killed ^3chains by MOD_SABER
12-7-2020 0: 6 (2:42): Exit: Timelimit hit.
12-7-2020 0: 6 (2:42): score: 1  ping: 45  client: 1 Kyle
12-7-2020 0: 6 (2:42): score: 0  ping: 36  client: 2 ^3chains
12-7-2020 0: 6 (2:42): score: -2  ping: 43  client: 0 astupidbot
12-7-2020 0: 6 (2:43): ClientUserinfoChanged handling info: 2 \name\^3chains\ip\136.49.101.98:29070\teamoverlay\0\snaps\50\sex\male\saber2\none\saber1\Kyle\rate\25000\model\kyle/default\ja_guid\719672E5ADAB3F37334025E53A689EA1\handicap\100\forcepowers\1-1-01000\color2\4\color1\or2\4\color1\4\char_color_red\255\char_color_green\255\char_color_blue\255\cg_predictItems\1
12-7-2020 0: 6 (2:43): ClientUserinfoChanged: 2 n\^3chains\t\0\model\kyle/default\c1\or2\c2\4\hc\120\w\0\l\0\tt\0\tl\0\st\Kyle\st2\none\dt\0
12-7-2020 0: 6 (2:44): say: Kyle: Good Fight
12-7-2020 0: 6 (2:48): ShutdownGame:
12-7-2020 0: 6 (2:48): ------------------------------------------------------------
12-7-2020 0: 6 (0:00): ------------------------------------------------------------
12-7-2020 0: 6 (0:00): InitGame: \version\JAmp: v1.0.1.0 linux-i386 Mar 14 2020\timelimit\2\sv_privateClients\0\sv_minRate\0\sv_minPing\0\sv_maxclients\32\sv_maxRate\0\sv_maxPing\999\sv_hostname\^7~^1~^7~ COMM SERVER ~^1~^7~\sv_fps\50\sv_floodProtectSlow\1\sv_floodProtect\1\sv_autoDemo\0\sv_allowDownload\0\serveruptime\120\protocol\26\mapname\taspir1\gamename\Lugormod\g_weaponDisable\0\g_stepSlideFix\0\g_siegeTeamSwitch\1\g_siegeTeam2\none\g_siegeTeam1\none\g_siegeRespawn\20\g_showDuelHealths\1\g_saberWallDamageScale\0.4\g_saberLocking\0\g_privateDuel\4847\g_noSpecMove\0\g_needpass\0\g_maxHolocronCarry\3\g_maxGameClients\0\g_maxForceRank\7\g_jediVmerc\0\g_gametype\0\g_gamemode\0\g_forceRegenTime\130\g_forcePowerDisable\0\g_forceBasedTeams\1\g_duelWeaponDisable\9\g_debugmelee\1\g_allowNPC\1\fs_game\lugormod\fraglimit\0\duel_fraglimit\10\dmflags\0\capturelimit\10\bot_minplayers\3\bg_fighterAltControl\0\Lugormod_Version\U#-2.4.8.4
12-7-2020 0: 6 (0:00): ClientConnect: 0
12-7-2020 0: 6 (0:00): ClientUserinfoChanged handling info: 0 \team\0\skill\ 5.00\personality\botfiles/astupidbot.jkb\saber2\none\saber1\kyle\color2\4\color1\4\sex\male\model\jawa\snaps\20\rate\25000\name\astupidbot
12-7-2020 0: 6 (0:00): ClientUserinfoChanged: 0 n\astupidbot\t\0\model\jawa\c1\4\c2\4\hc\0\w\0\l\0\skill\ 5.00\tt\0\tl\0\siegeclass\none\st\Kyle\st2\none\dt\0\sdt\0
12-7-2020 0: 6 (0:00): ClientUserinfoChanged handling info: 0 \team\0\skill\ 5.00\personality\botfiles/astupidbot.jkb\saber2\none\saber1\kyle\color2\4\color1\4\sex\male\model\jawa\snaps\20\rate\25000\name\astupidbot
12-7-2020 0: 6 (0:00): ClientUserinfoChanged: 0 n\astupidbot\t\0\model\jawa\c1\4\c2\4\hc\100\w\0\l\0\skill\ 5.00\tt\0\tl\0\siegeclass\none\st\Kyle\st2\none\dt\0\sdt\0
12-7-2020 0: 6 (0:00): ClientBegin: 0
12-7-2020 0: 6 (0:00): ClientConnect: 1
12-7-2020 0: 6 (0:00): ClientUserinfoChanged handling info: 1 \team\0\skill\ 5.00\personality\botfiles/newkyle.jkb\saber2\none\saber1\kyle\color2\4\color1\1\sex\male\model\kyle\snaps\20\rate\25000\name\Kyle
12-7-2020 0: 6 (0:00): ClientUserinfoChanged: 1 n\Kyle\t\0\model\kyle\c1\1\c2\4\hc\0\w\0\l\0\skill\ 5.00\tt\0\tl\0\siegeclass\none\st\Kyle\st2\none\dt\0\sdt\0
12-7-2020 0: 6 (0:00): ClientUserinfoChanged handling info: 1 \team\0\skill\ 5.00\personality\botfiles/newkyle.jkb\saber2\none\saber1\kyle\color2\4\color1\1\sex\male\model\kyle\snaps\20\rate\25000\name\Kyle
12-7-2020 0: 6 (0:00): ClientUserinfoChanged: 1 n\Kyle\t\0\model\kyle\c1\1\c2\4\hc\100\w\0\l\0\skill\ 5.00\tt\0\tl\0\siegeclass\none\st\Kyle\st2\none\dt\0\sdt\0
12-7-2020 0: 6 (0:00): ClientBegin: 1
12-7-2020 0: 6 (0:00): ClientConnect: 2
12-7-2020 0: 6 (0:00): ClientUserinfoChanged handling info: 2 \name\^3chains\ip\136.49.101.98:29070\teamoverlay\0\snaps\50\sex\male\saber2\none\saber1\Kyle\rate\25000\model\kyle/default\ja_guid\719672E5ADAB3F37334025E53A689EA1\handicap\100\forcepowers\1-1-01000\color2\4\color1\or2\4\color1\4\char_color_red\255\char_color_green\255\char_color_blue\255\cg_predictItems\1
12-7-2020 0: 6 (0:00): ClientUserinfoChanged: 2 n\Padawan\t\0\model\kyle/default\c1\or2\c2\4\hc\0\w\0\l\0\tt\0\tl\0\st\Kyle\st2\none\dt\0
12-7-2020 0: 6 (0:06): ClientUserinfoChanged handling info: 2 \ip\136.49.101.98:29070\teamoverlay\0\snaps\50\sex\male\saber2\none\saber1\Kyle\rate\25000\name\Padawan\model\kyle/default\ja_guid\719672E5ADAB3F37334025E53A689EA1\handicap\100\forcepowers\1-1-010000000000000100\color2\4\color1\4\char_color_red\255\char_color_green\255\char_color_blue\255\cg_predictItems\1
12-7-2020 0: 6 (0:06): ClientUserinfoChanged: 2 n\Padawan\t\0\model\kyle/default\c1\4\c2\4\hc\0\w\0\l\0\tt\0\tl\0\st\Kyle\st2\none\dt\0
12-7-2020 0: 6 (0:06): ClientUserinfoChanged handling info: 2 \ip\136.49.101.98:29070\teamoverlay\0\snaps\50\sex\male\saber2\none\saber1\Kyle\rate\25000\name\Padawan\model\kyle/default\ja_guid\719672E5ADAB3F37334025E53A689EA1\handicap\100\forcepowers\1-1-010000000000000100\color2\4\color1\4\char_color_red\255\char_color_green\255\char_color_blue\255\cg_predictItems\1
12-7-2020 0: 6 (0:06): ClientUserinfoChanged: 2 n\Padawan\t\0\model\kyle/default\c1\4\c2\4\hc\120\w\0\l\0\tt\0\tl\0\st\Kyle\st2\none\dt\0
12-7-2020 0: 6 (0:06): ClientUserinfoChanged handling info: 2 \name\^3chains\ip\136.49.101.98:29070\teamoverlay\0\snaps\50\sex\male\saber2\none\saber1\Kyle\rate\25000\model\kyle/default\ja_guid\719672E5ADAB3F37334025E53A689EA1\handicap\100\forcepowers\1-1-01000\color2\4\color1\or2\4\color1\4\char_color_red\255\char_color_green\255\char_color_blue\255\cg_predictItems\1
12-7-2020 0: 6 (0:06): ClientUserinfoChanged: 2 n\^3chains\t\0\model\kyle/default\c1\or2\c2\4\hc\120\w\0\l\0\tt\0\tl\0\st\Kyle\st2\none\dt\0
12-7-2020 0: 6 (0:06): ClientBegin: 2
12-7-2020 0: 7 (0:22): say: astupidbot: Hey!
12-7-2020 0: 7 (0:25): Kill: 0 0 39: astupidbot killed astupidbot by MOD_SUICIDE
12-7-2020 0: 7 (0:25): duel: Kyle won a duel against astupidbot
12-7-2020 0: 7 (0:26): ClientUserinfoChanged handling info: 0 \team\0\skill\ 5.00\personality\botfiles/astupidbot.jkb\saber2\none\saber1\kyle\color2\4\color1\4\sex\male\model\jawa\snaps\20\rate\25000\name\astupidbot
12-7-2020 0: 7 (0:26): ClientUserinfoChanged: 0 n\astupidbot\t\0\model\jawa\c1\4\c2\4\hc\100\w\0\l\0\skill\ 5.00\tt\0\tl\0\siegeclass\none\st\Kyle\st2\none\dt\0\sdt\0
12-7-2020 0: 8 (1:24): Kill: 0 2 3: astupidbot killed ^3chains by MOD_SABER
12-7-2020 0: 8 (1:25): ClientUserinfoChanged handling info: 2 \name\^3chains\ip\136.49.101.98:29070\teamoverlay\0\snaps\50\sex\male\saber2\none\saber1\Kyle\rate\25000\model\kyle/default\ja_guid\719672E5ADAB3F37334025E53A689EA1\handicap\100\forcepowers\1-1-01000\color2\4\color1\or2\4\color1\4\char_color_red\255\char_color_green\255\char_color_blue\255\cg_predictItems\1
12-7-2020 0: 8 (1:25): ClientUserinfoChanged: 2 n\^3chains\t\0\model\kyle/default\c1\or2\c2\4\hc\120\w\0\l\0\tt\0\tl\0\st\Kyle\st2\none\dt\0
12-7-2020 0: 8 (1:36): Kill: 0 1 3: astupidbot killed Kyle by MOD_SABER
12-7-2020 0: 8 (1:36): duel: astupidbot won a duel against Kyle
12-7-2020 0: 8 (1:37): ClientUserinfoChanged handling info: 1 \team\0\skill\ 5.00\personality\botfiles/newkyle.jkb\saber2\none\saber1\kyle\color2\4\color1\1\sex\male\model\kyle\snaps\20\rate\25000\name\Kyle
12-7-2020 0: 8 (1:37): ClientUserinfoChanged: 1 n\Kyle\t\0\model\kyle\c1\1\c2\4\hc\100\w\0\l\0\skill\ 5.00\tt\0\tl\0\siegeclass\none\st\Kyle\st2\none\dt\0\sdt\0
12-7-2020 0: 8 (1:38): say: astupidbot: hehe!
12-7-2020 0: 8 (1:43): Kill: 0 0 39: astupidbot killed astupidbot by MOD_SUICIDE
12-7-2020 0: 8 (1:44): ClientUserinfoChanged handling info: 0 \team\0\skill\ 5.00\personality\botfiles/astupidbot.jkb\saber2\none\saber1\kyle\color2\4\color1\4\sex\male\model\jawa\snaps\20\rate\25000\name\astupidbot
12-7-2020 0: 8 (1:44): ClientUserinfoChanged: 0 n\astupidbot\t\0\model\jawa\c1\4\c2\4\hc\100\w\0\l\0\skill\ 5.00\tt\0\tl\0\siegeclass\none\st\Kyle\st2\none\dt\0\sdt\0
12-7-2020 0: 9 (2:13): Kill: 1 2 3: Kyle killed ^3chains by MOD_SABER
12-7-2020 0: 9 (2:13): Exit: Timelimit hit.
12-7-2020 0: 9 (2:13): score: 1  ping: 47  client: 1 Kyle
12-7-2020 0: 9 (2:13): score: 0  ping: 54  client: 0 astupidbot
12-7-2020 0: 9 (2:13): score: 0  ping: 39  client: 2 ^3chains
12-7-2020 0: 9 (2:14): ClientUserinfoChanged handling info: 2 \name\^3chains\ip\136.49.101.98:29070\teamoverlay\0\snaps\50\sex\male\saber2\none\saber1\Kyle\rate\25000\model\kyle/default\ja_guid\719672E5ADAB3F37334025E53A689EA1\handicap\100\forcepowers\1-1-01000\color2\4\color1\or2\4\color1\4\char_color_red\255\char_color_green\255\char_color_blue\255\cg_predictItems\1
12-7-2020 0: 9 (2:14): ClientUserinfoChanged: 2 n\^3chains\t\0\model\kyle/default\c1\or2\c2\4\hc\120\w\0\l\0\tt\0\tl\0\st\Kyle\st2\none\dt\0
12-7-2020 0: 9 (2:15): say: Kyle: hehe!
12-7-2020 0: 9 (2:27): ClientConnect: 3
12-7-2020 0: 9 (2:27): ClientUserinfoChanged handling info: 3 \team\0\skill\ 5.00\personality\botfiles/astupidbot.jkb\saber2\none\saber1\kyle\color2\4\color1\4\sex\male\model\jawa\snaps\20\rate\25000\name\astupidbot
12-7-2020 0: 9 (2:27): ClientUserinfoChanged: 3 n\astupidbot\t\0\model\jawa\c1\4\c2\4\hc\0\w\0\l\0\skill\ 5.00\tt\0\tl\0\siegeclass\none\st\\st2\\dt\0\sdt\0
12-7-2020 0: 9 (2:27): IP: localhost astupidbot
12-7-2020 0: 9 (2:27): Exit: Timelimit hit.
12-7-2020 0: 9 (2:27): ClientUserinfoChanged handling info: 3 \team\0\skill\ 5.00\personality\botfiles/astupidbot.jkb\saber2\none\saber1\kyle\color2\4\color1\4\sex\male\model\jawa\snaps\20\rate\25000\name\astupidbot
12-7-2020 0: 9 (2:27): ClientUserinfoChanged: 3 n\astupidbot\t\0\model\jawa\c1\4\c2\4\hc\100\w\0\l\0\skill\ 5.00\tt\0\tl\0\siegeclass\none\st\Kyle\st2\none\dt\0\sdt\0
12-7-2020 0: 9 (2:27): ClientBegin: 3
12-7-2020 0: 9 (2:56): ClientDisconnect: 2
12-7-2020 0: 9 (2:56): ClientConnect: 2
12-7-2020 0: 9 (2:56): ClientUserinfoChanged handling info: 2 \ip\136.49.101.98:29070\challenge\2091362548\qport\58073\protocol\26\teamoverlay\0\snaps\50\sex\male\saber2\none\saber1\Kyle\rate\25000\name\Padawan\model\kyle/default\ja_guid\719672E5ADAB3F37334025E53A689EA1\handicap\100\forcepowers\1-1-010000000000000100\color2\4\color1\4\char_color_red\255\char_color_green\255\char_color_blue\255\cg_predictItems\1
12-7-2020 0: 9 (2:56): ClientUserinfoChanged: 2 n\Padawan\t\0\model\kyle/default\c1\4\c2\4\hc\0\w\0\l\0\tt\0\tl\0\st\\st2\\dt\0
12-7-2020 0: 9 (2:56): IP: 136.49.101.98 Padawan
12-7-2020 0: 9 (3:00): ClientUserinfoChanged handling info: 2 \ip\136.49.101.98:29070\teamoverlay\0\snaps\50\sex\male\saber2\none\saber1\Kyle\rate\25000\name\Padawan\model\kyle/default\ja_guid\719672E5ADAB3F37334025E53A689EA1\handicap\100\forcepowers\1-1-010000000000000100\color2\4\color1\4\char_color_red\255\char_color_green\255\char_color_blue\255\cg_predictItems\1
12-7-2020 0: 9 (3:00): ClientUserinfoChanged: 2 n\Padawan\t\0\model\kyle/default\c1\4\c2\4\hc\0\w\0\l\0\tt\0\tl\0\st\Kyle\st2\none\dt\0
12-7-2020 0: 9 (3:00): ClientUserinfoChanged handling info: 2 \ip\136.49.101.98:29070\teamoverlay\0\snaps\50\sex\male\saber2\none\saber1\Kyle\rate\25000\name\Padawan\model\kyle/default\ja_guid\719672E5ADAB3F37334025E53A689EA1\handicap\100\forcepowers\1-1-010000000000000100\color2\4\color1\4\char_color_red\255\char_color_green\255\char_color_blue\255\cg_predictItems\1
12-7-2020 0: 9 (3:00): ClientUserinfoChanged: 2 n\Padawan\t\0\model\kyle/default\c1\4\c2\4\hc\100\w\0\l\0\tt\0\tl\0\st\Kyle\st2\none\dt\0
12-7-2020 0: 9 (3:00): ClientBegin: 2
12-7-2020 0: 9 (3:02): ClientConnect: 4
12-7-2020 0: 9 (3:02): ClientUserinfoChanged handling info: 4 \team\0\skill\ 5.00\personality\botfiles/astupidbot.jkb\saber2\none\saber1\kyle\color2\4\color1\4\sex\male\model\jawa\snaps\20\rate\25000\name\astupidbot
12-7-2020 0: 9 (3:02): ClientUserinfoChanged: 4 n\astupidbot\t\0\model\jawa\c1\4\c2\4\hc\0\w\0\l\0\skill\ 5.00\tt\0\tl\0\siegeclass\none\st\\st2\\dt\0\sdt\0
12-7-2020 0: 9 (3:02): IP: localhost astupidbot
12-7-2020 0: 9 (3:02): Exit: Timelimit hit.
12-7-2020 0: 9 (3:02): ClientUserinfoChanged handling info: 4 \team\0\skill\ 5.00\personality\botfiles/astupidbot.jkb\saber2\none\saber1\kyle\color2\4\color1\4\sex\male\model\jawa\snaps\20\rate\25000\name\astupidbot
12-7-2020 0: 9 (3:02): ClientUserinfoChanged: 4 n\astupidbot\t\0\model\jawa\c1\4\c2\4\hc\100\w\0\l\0\skill\ 5.00\tt\0\tl\0\siegeclass\none\st\Kyle\st2\none\dt\0\sdt\0
12-7-2020 0: 9 (3:02): ClientBegin: 4
12-7-2020 0: 9 (3:05): ClientDisconnect: 2
12-7-2020 0: 9 (3:05): ClientConnect: 2
12-7-2020 0: 9 (3:05): ClientUserinfoChanged handling info: 2 \ip\136.49.101.98:29070\challenge\2091362548\qport\58073\protocol\26\teamoverlay\0\snaps\50\sex\male\saber2\none\saber1\Kyle\rate\25000\name\Padawan\model\kyle/default\ja_guid\719672E5ADAB3F37334025E53A689EA1\handicap\100\forcepowers\1-1-010000000000000100\color2\4\color1\4\char_color_red\255\char_color_green\255\char_color_blue\255\cg_predictItems\1
12-7-2020 0: 9 (3:05): ClientUserinfoChanged: 2 n\Padawan\t\0\model\kyle/default\c1\4\c2\4\hc\0\w\0\l\0\tt\0\tl\0\st\\st2\\dt\0
12-7-2020 0: 9 (3:05): IP: 136.49.101.98 Padawan
12-7-2020 0:10 (3:08): ClientUserinfoChanged handling info: 2 \ip\136.49.101.98:29070\teamoverlay\0\snaps\50\sex\male\saber2\none\saber1\Kyle\rate\25000\name\Padawan\model\kyle/default\ja_guid\719672E5ADAB3F37334025E53A689EA1\handicap\100\forcepowers\1-1-010000000000000100\color2\4\color1\4\char_color_red\255\char_color_green\255\char_color_blue\255\cg_predictItems\1
12-7-2020 0:10 (3:08): ClientUserinfoChanged: 2 n\Padawan\t\0\model\kyle/default\c1\4\c2\4\hc\0\w\0\l\0\tt\0\tl\0\st\Kyle\st2\none\dt\0
12-7-2020 0:10 (3:08): ClientUserinfoChanged handling info: 2 \ip\136.49.101.98:29070\teamoverlay\0\snaps\50\sex\male\saber2\none\saber1\Kyle\rate\25000\name\Padawan\model\kyle/default\ja_guid\719672E5ADAB3F37334025E53A689EA1\handicap\100\forcepowers\1-1-010000000000000100\color2\4\color1\4\char_color_red\255\char_color_green\255\char_color_blue\255\cg_predictItems\1
12-7-2020 0:10 (3:08): ClientUserinfoChanged: 2 n\Padawan\t\0\model\kyle/default\c1\4\c2\4\hc\100\w\0\l\0\tt\0\tl\0\st\Kyle\st2\none\dt\0
12-7-2020 0:10 (3:08): ClientBegin: 2
12-7-2020 0:10 (3:15): ClientConnect: 5
12-7-2020 0:10 (3:15): ClientUserinfoChanged handling info: 5 \team\0\skill\ 5.00\personality\botfiles/astupidbot.jkb\saber2\none\saber1\kyle\color2\4\color1\4\sex\male\model\jawa\snaps\20\rate\25000\name\astupidbot
12-7-2020 0:10 (3:15): ClientUserinfoChanged: 5 n\astupidbot\t\0\model\jawa\c1\4\c2\4\hc\0\w\0\l\0\skill\ 5.00\tt\0\tl\0\siegeclass\none\st\\st2\\dt\0\sdt\0
12-7-2020 0:10 (3:15): IP: localhost astupidbot
12-7-2020 0:10 (3:15): Exit: Timelimit hit.
12-7-2020 0:10 (3:15): ClientUserinfoChanged handling info: 5 \team\0\skill\ 5.00\personality\botfiles/astupidbot.jkb\saber2\none\saber1\kyle\color2\4\color1\4\sex\male\model\jawa\snaps\20\rate\25000\name\astupidbot
12-7-2020 0:10 (3:15): ClientUserinfoChanged: 5 n\astupidbot\t\0\model\jawa\c1\4\c2\4\hc\100\w\0\l\0\skill\ 5.00\tt\0\tl\0\siegeclass\none\st\Kyle\st2\none\dt\0\sdt\0
12-7-2020 0:10 (3:15): ClientBegin: 5
12-7-2020 0:12 (5:39): ClientDisconnect: 0
12-7-2020 0:12 (5:39): ClientDisconnect: 1
12-7-2020 0:13 (6:22): ClientDisconnect: 3
12-7-2020 0:13 (6:31): ClientDisconnect: 4
12-7-2020 0:18 (11:17): say: astupidbot: Where is everyone?
12-7-2020 0:28 (22:04): ShutdownGame:
12-7-2020 0:28 (22:04): ------------------------------------------------------------
12-7-2020 0:28 (0:00): ------------------------------------------------------------
12-7-2020 0:28 (0:00): InitGame: \version\JAmp: v1.0.1.0 linux-i386 Mar 14 2020\timelimit\45\sv_privateClients\0\sv_minRate\0\sv_minPing\0\sv_maxclients\32\sv_maxRate\0\sv_maxPing\999\sv_hostname\^7~^1~^7~ COMM SERVER ~^1~^7~\sv_fps\50\sv_floodProtectSlow\1\sv_floodProtect\1\sv_autoDemo\0\sv_allowDownload\0\serveruptime\120\protocol\26\mapname\mp/duel5\gamename\Lugormod\g_weaponDisable\0\g_stepSlideFix\0\g_siegeTeamSwitch\1\g_siegeTeam2\none\g_siegeTeam1\none\g_siegeRespawn\20\g_showDuelHealths\1\g_saberWallDamageScale\0.4\g_saberLocking\0\g_privateDuel\1535\g_noSpecMove\0\g_needpass\0\g_maxHolocronCarry\3\g_maxGameClients\0\g_maxForceRank\7\g_jediVmerc\0\g_gametype\0\g_gamemode\0\g_forceRegenTime\130\g_forcePowerDisable\0\g_forceBasedTeams\1\g_duelWeaponDisable\9\g_debugmelee\1\g_allowNPC\1\fs_game\lugormod\fraglimit\0\duel_fraglimit\10\dmflags\0\capturelimit\10\bot_minplayers\2\bg_fighterAltControl\0\Lugormod_Version\U#-2.4.8.4
12-7-2020 0:28 (0:00): ClientConnect: 2
12-7-2020 0:28 (0:00): ClientUserinfoChanged handling info: 2 \ip\136.49.101.98:29070\teamoverlay\0\snaps\50\sex\male\saber2\none\saber1\Kyle\rate\25000\name\Padawan\model\kyle/default\ja_guid\719672E5ADAB3F37334025E53A689EA1\handicap\100\forcepowers\1-1-010000000000000100\color2\4\color1\4\char_color_red\255\char_color_green\255\char_color_blue\255\cg_predictItems\1
12-7-2020 0:28 (0:00): ClientUserinfoChanged: 2 n\Padawan\t\0\model\kyle/default\c1\4\c2\4\hc\0\w\0\l\0\tt\0\tl\0\st\Kyle\st2\none\dt\0
12-7-2020 0:28 (0:00): ClientConnect: 5
12-7-2020 0:28 (0:00): ClientUserinfoChanged handling info: 5 \team\0\skill\ 5.00\personality\botfiles/astupidbot.jkb\saber2\none\saber1\kyle\color2\4\color1\4\sex\male\model\jawa\snaps\20\rate\25000\name\astupidbot
12-7-2020 0:28 (0:00): ClientUserinfoChanged: 5 n\astupidbot\t\0\model\jawa\c1\4\c2\4\hc\0\w\0\l\0\skill\ 5.00\tt\0\tl\0\siegeclass\none\st\Kyle\st2\none\dt\0\sdt\0
12-7-2020 0:28 (0:00): ClientUserinfoChanged handling info: 5 \team\0\skill\ 5.00\personality\botfiles/astupidbot.jkb\saber2\none\saber1\kyle\color2\4\color1\4\sex\male\model\jawa\snaps\20\rate\25000\name\astupidbot
12-7-2020 0:28 (0:00): ClientUserinfoChanged: 5 n\astupidbot\t\0\model\jawa\c1\4\c2\4\hc\100\w\0\l\0\skill\ 5.00\tt\0\tl\0\siegeclass\none\st\Kyle\st2\none\dt\0\sdt\0
12-7-2020 0:28 (0:00): ClientBegin: 5
12-7-2020 0:29 (0:04): ClientUserinfoChanged handling info: 2 \ip\136.49.101.98:29070\teamoverlay\0\snaps\50\sex\male\saber2\none\saber1\Kyle\rate\25000\name\Padawan\model\kyle/default\ja_guid\719672E5ADAB3F37334025E53A689EA1\handicap\100\forcepowers\1-1-010000000000000100\color2\4\color1\4\char_color_red\255\char_color_green\255\char_color_blue\255\cg_predictItems\1
12-7-2020 0:29 (0:04): ClientUserinfoChanged: 2 n\Padawan\t\0\model\kyle/default\c1\4\c2\4\hc\0\w\0\l\0\tt\0\tl\0\st\Kyle\st2\none\dt\0
12-7-2020 0:29 (0:04): ClientUserinfoChanged handling info: 2 \ip\136.49.101.98:29070\teamoverlay\0\snaps\50\sex\male\saber2\none\saber1\Kyle\rate\25000\name\Padawan\model\kyle/default\ja_guid\719672E5ADAB3F37334025E53A689EA1\handicap\100\forcepowers\1-1-010000000000000100\color2\4\color1\4\char_color_red\255\char_color_green\255\char_color_blue\255\cg_predictItems\1
12-7-2020 0:29 (0:04): ClientUserinfoChanged: 2 n\Padawan\t\0\model\kyle/default\c1\4\c2\4\hc\100\w\0\l\0\tt\0\tl\0\st\Kyle\st2\none\dt\0
12-7-2020 0:29 (0:04): ClientBegin: 2
12-7-2020 0:29 (0:27): Kill: 5 2 3: astupidbot killed Padawan by MOD_SABER
12-7-2020 0:29 (0:27): duel: astupidbot won a duel against Padawan
12-7-2020 0:29 (0:28): ClientUserinfoChanged handling info: 2 \ip\136.49.101.98:29070\teamoverlay\0\snaps\50\sex\male\saber2\none\saber1\Kyle\rate\25000\name\Padawan\model\kyle/default\ja_guid\719672E5ADAB3F37334025E53A689EA1\handicap\100\forcepowers\1-1-010000000000000100\color2\4\color1\4\char_color_red\255\char_color_green\255\char_color_blue\255\cg_predictItems\1
12-7-2020 0:29 (0:28): ClientUserinfoChanged: 2 n\Padawan\t\0\model\kyle/default\c1\4\c2\4\hc\100\w\0\l\0\tt\0\tl\0\st\Kyle\st2\none\dt\0
12-7-2020 0:29 (0:39): ClientUserinfoChanged handling info: 2 \ip\136.49.101.98:29070\teamoverlay\0\snaps\50\sex\male\saber2\none\saber1\Kyle\rate\25000\name\Padawan\model\kyle/default\ja_guid\719672E5ADAB3F37334025E53A689EA1\handicap\100\forcepowers\1-1-010000000000000100\color2\4\color1\4\char_color_red\255\char_color_green\255\char_color_blue\255\cg_predictItems\1
12-7-2020 0:29 (0:39): ClientUserinfoChanged: 2 n\Padawan\t\0\model\kyle/default\c1\4\c2\4\hc\120\w\0\l\0\tt\0\tl\0\st\Kyle\st2\none\dt\0
12-7-2020 0:29 (0:39): ClientUserinfoChanged handling info: 2 \name\^3chains\ip\136.49.101.98:29070\teamoverlay\0\snaps\50\sex\male\saber2\none\saber1\Kyle\rate\25000\model\kyle/default\ja_guid\719672E5ADAB3F37334025E53A689EA1\handicap\100\forcepowers\1-1-01000\color2\4\color1\or2\4\color1\4\char_color_red\255\char_color_green\255\char_color_blue\255\cg_predictItems\1
12-7-2020 0:29 (0:39): ClientUserinfoChanged: 2 n\^3chains\t\0\model\kyle/default\c1\or2\c2\4\hc\120\w\0\l\0\tt\0\tl\0\st\Kyle\st2\none\dt\0
12-7-2020 0:29 (0:44): Kill: 2 2 39: ^3chains killed ^3chains by MOD_SUICIDE
12-7-2020 0:29 (0:45): ClientUserinfoChanged handling info: 2 \name\^3chains\ip\136.49.101.98:29070\teamoverlay\0\snaps\50\sex\male\saber2\none\saber1\Kyle\rate\25000\model\kyle/default\ja_guid\719672E5ADAB3F37334025E53A689EA1\handicap\100\forcepowers\1-1-01000\color2\4\color1\or2\4\color1\4\char_color_red\255\char_color_green\255\char_color_blue\255\cg_predictItems\1
12-7-2020 0:29 (0:45): ClientUserinfoChanged: 2 n\^3chains\t\0\model\kyle/default\c1\or2\c2\4\hc\100\w\0\l\0\tt\0\tl\0\st\Kyle\st2\none\dt\0
12-7-2020 0:29 (0:59): say: astupidbot: Hey!
12-7-2020 0:30 (1:15): Kill: 5 2 3: astupidbot killed ^3chains by MOD_SABER
12-7-2020 0:30 (1:16): ClientUserinfoChanged handling info: 2 \name\^3chains\ip\136.49.101.98:29070\teamoverlay\0\snaps\50\sex\male\saber2\none\saber1\Kyle\rate\25000\model\kyle/default\ja_guid\719672E5ADAB3F37334025E53A689EA1\handicap\100\forcepowers\1-1-01000\color2\4\color1\or2\4\color1\4\char_color_red\255\char_color_green\255\char_color_blue\255\cg_predictItems\1
12-7-2020 0:30 (1:16): ClientUserinfoChanged: 2 n\^3chains\t\0\model\kyle/default\c1\or2\c2\4\hc\100\w\0\l\0\tt\0\tl\0\st\Kyle\st2\none\dt\0
12-7-2020 0:30 (1:17): say: astupidbot: You suck Chains!!
12-7-2020 0:30 (1:40): Kill: 1022 5 41: <world> killed astupidbot by MOD_TRIGGER_HURT
12-7-2020 0:30 (1:41): ClientUserinfoChanged handling info: 5 \team\0\skill\ 5.00\personality\botfiles/astupidbot.jkb\saber2\none\saber1\kyle\color2\4\color1\4\sex\male\model\jawa\snaps\20\rate\25000\name\astupidbot
12-7-2020 0:30 (1:41): ClientUserinfoChanged: 5 n\astupidbot\t\0\model\jawa\c1\4\c2\4\hc\100\w\0\l\0\skill\ 5.00\tt\0\tl\0\siegeclass\none\st\Kyle\st2\none\dt\0\sdt\0
12-7-2020 0:30 (1:41): say: astupidbot: ouch
12-7-2020 0:31 (2:23): Kill: 5 2 3: astupidbot killed ^3chains by MOD_SABER
12-7-2020 0:31 (2:23): duel: astupidbot won a duel against ^3chains
12-7-2020 0:31 (2:24): ClientUserinfoChanged handling info: 2 \name\^3chains\ip\136.49.101.98:29070\teamoverlay\0\snaps\50\sex\male\saber2\none\saber1\Kyle\rate\25000\model\kyle/default\ja_guid\719672E5ADAB3F37334025E53A689EA1\handicap\100\forcepowers\1-1-01000\color2\4\color1\or2\4\color1\4\char_color_red\255\char_color_green\255\char_color_blue\255\cg_predictItems\1
12-7-2020 0:31 (2:24): ClientUserinfoChanged: 2 n\^3chains\t\0\model\kyle/default\c1\or2\c2\4\hc\100\w\0\l\0\tt\0\tl\0\st\Kyle\st2\none\dt\0
12-7-2020 0:31 (2:25): say: astupidbot: hehe!
12-7-2020 0:31 (2:37): Kill: 5 2 3: astupidbot killed ^3chains by MOD_SABER
12-7-2020 0:31 (2:37): duel: astupidbot won a duel against ^3chains
12-7-2020 0:31 (2:39): ClientUserinfoChanged handling info: 2 \name\^3chains\ip\136.49.101.98:29070\teamoverlay\0\snaps\50\sex\male\saber2\none\saber1\Kyle\rate\25000\model\kyle/default\ja_guid\719672E5ADAB3F37334025E53A689EA1\handicap\100\forcepowers\1-1-01000\color2\4\color1\or2\4\color1\4\char_color_red\255\char_color_green\255\char_color_blue\255\cg_predictItems\1
12-7-2020 0:31 (2:39): ClientUserinfoChanged: 2 n\^3chains\t\0\model\kyle/default\c1\or2\c2\4\hc\100\w\0\l\0\tt\0\tl\0\st\Kyle\st2\none\dt\0
12-7-2020 0:31 (2:52): Kill: 2 5 3: ^3chains killed astupidbot by MOD_SABER
12-7-2020 0:31 (2:52): duel: ^3chains won a duel against astupidbot
12-7-2020 0:31 (2:54): ClientUserinfoChanged handling info: 5 \team\0\skill\ 5.00\personality\botfiles/astupidbot.jkb\saber2\none\saber1\kyle\color2\4\color1\4\sex\male\model\jawa\snaps\20\rate\25000\name\astupidbot
12-7-2020 0:31 (2:54): ClientUserinfoChanged: 5 n\astupidbot\t\0\model\jawa\c1\4\c2\4\hc\100\w\0\l\0\skill\ 5.00\tt\0\tl\0\siegeclass\none\st\Kyle\st2\none\dt\0\sdt\0
12-7-2020 0:31 (2:54): say: astupidbot: gf
12-7-2020 0:32 (3:13): Kill: 2 5 3: ^3chains killed astupidbot by MOD_SABER
12-7-2020 0:32 (3:15): ClientUserinfoChanged handling info: 5 \team\0\skill\ 5.00\personality\botfiles/astupidbot.jkb\saber2\none\saber1\kyle\color2\4\color1\4\sex\male\model\jawa\snaps\20\rate\25000\name\astupidbot
12-7-2020 0:32 (3:15): ClientUserinfoChanged: 5 n\astupidbot\t\0\model\jawa\c1\4\c2\4\hc\100\w\0\l\0\skill\ 5.00\tt\0\tl\0\siegeclass\none\st\Kyle\st2\none\dt\0\sdt\0
12-7-2020 0:32 (3:15): say: astupidbot: Good Fight
12-7-2020 0:33 (4:02): say: astupidbot: Come on Chains
12-7-2020 0:33 (4:26): say: astupidbot: Come on Chains
12-7-2020 0:33 (4:34): say: astupidbot: Fight me Chains
12-7-2020 0:33 (4:48): ShutdownGame:
12-7-2020 0:33 (4:48): ------------------------------------------------------------
12-7-2020 0:33 (0:00): ------------------------------------------------------------
12-7-2020 0:33 (0:00): InitGame: \version\JAmp: v1.0.1.0 linux-i386 Mar 14 2020\timelimit\45\sv_privateClients\0\sv_minRate\0\sv_minPing\0\sv_maxclients\32\sv_maxRate\0\sv_maxPing\999\sv_hostname\^7~^1~^7~ COMM SERVER ~^1~^7~\sv_fps\50\sv_floodProtectSlow\1\sv_floodProtect\1\sv_autoDemo\0\sv_allowDownload\0\serveruptime\120\protocol\26\mapname\mp/duel5\gamename\Lugormod\g_weaponDisable\0\g_stepSlideFix\0\g_siegeTeamSwitch\1\g_siegeTeam2\none\g_siegeTeam1\none\g_siegeRespawn\20\g_showDuelHealths\1\g_saberWallDamageScale\0.4\g_saberLocking\0\g_privateDuel\1535\g_noSpecMove\0\g_needpass\0\g_maxHolocronCarry\3\g_maxGameClients\0\g_maxForceRank\7\g_jediVmerc\0\g_gametype\0\g_gamemode\0\g_forceRegenTime\130\g_forcePowerDisable\0\g_forceBasedTeams\1\g_duelWeaponDisable\9\g_debugmelee\1\g_allowNPC\1\fs_game\lugormod\fraglimit\0\duel_fraglimit\10\dmflags\0\capturelimit\10\bot_minplayers\2\bg_fighterAltControl\0\Lugormod_Version\U#-2.4.8.4
12-7-2020 0:33 (0:00): ClientConnect: 2
12-7-2020 0:33 (0:00): ClientUserinfoChanged handling info: 2 \name\^3chains\ip\136.49.101.98:29070\teamoverlay\0\snaps\50\sex\male\saber2\none\saber1\Kyle\rate\25000\model\kyle/default\ja_guid\719672E5ADAB3F37334025E53A689EA1\handicap\100\forcepowers\1-1-01000\color2\4\color1\or2\4\color1\4\char_color_red\255\char_color_green\255\char_color_blue\255\cg_predictItems\1
12-7-2020 0:33 (0:00): ClientUserinfoChanged: 2 n\Padawan\t\0\model\kyle/default\c1\or2\c2\4\hc\0\w\0\l\0\tt\0\tl\0\st\Kyle\st2\none\dt\0
12-7-2020 0:33 (0:00): ClientConnect: 5
12-7-2020 0:33 (0:00): ClientUserinfoChanged handling info: 5 \team\0\skill\ 5.00\personality\botfiles/astupidbot.jkb\saber2\none\saber1\kyle\color2\4\color1\4\sex\male\model\jawa\snaps\20\rate\25000\name\astupidbot
12-7-2020 0:33 (0:00): ClientUserinfoChanged: 5 n\astupidbot\t\0\model\jawa\c1\4\c2\4\hc\0\w\0\l\0\skill\ 5.00\tt\0\tl\0\siegeclass\none\st\Kyle\st2\none\dt\0\sdt\0
12-7-2020 0:33 (0:00): ClientUserinfoChanged handling info: 5 \team\0\skill\ 5.00\personality\botfiles/astupidbot.jkb\saber2\none\saber1\kyle\color2\4\color1\4\sex\male\model\jawa\snaps\20\rate\25000\name\astupidbot
12-7-2020 0:33 (0:00): ClientUserinfoChanged: 5 n\astupidbot\t\0\model\jawa\c1\4\c2\4\hc\100\w\0\l\0\skill\ 5.00\tt\0\tl\0\siegeclass\none\st\Kyle\st2\none\dt\0\sdt\0
12-7-2020 0:33 (0:00): ClientBegin: 5
12-7-2020 0:33 (0:03): ClientUserinfoChanged handling info: 2 \ip\136.49.101.98:29070\teamoverlay\0\snaps\50\sex\male\saber2\none\saber1\Kyle\rate\25000\name\Padawan\model\kyle/default\ja_guid\719672E5ADAB3F37334025E53A689EA1\handicap\100\forcepowers\1-1-010000000000000100\color2\4\color1\4\char_color_red\255\char_color_green\255\char_color_blue\255\cg_predictItems\1
12-7-2020 0:33 (0:03): ClientUserinfoChanged: 2 n\Padawan\t\0\model\kyle/default\c1\4\c2\4\hc\0\w\0\l\0\tt\0\tl\0\st\Kyle\st2\none\dt\0
12-7-2020 0:33 (0:03): ClientUserinfoChanged handling info: 2 \ip\136.49.101.98:29070\teamoverlay\0\snaps\50\sex\male\saber2\none\saber1\Kyle\rate\25000\name\Padawan\model\kyle/default\ja_guid\719672E5ADAB3F37334025E53A689EA1\handicap\100\forcepowers\1-1-010000000000000100\color2\4\color1\4\char_color_red\255\char_color_green\255\char_color_blue\255\cg_predictItems\1
12-7-2020 0:33 (0:03): ClientUserinfoChanged: 2 n\Padawan\t\0\model\kyle/default\c1\4\c2\4\hc\100\w\0\l\0\tt\0\tl\0\st\Kyle\st2\none\dt\0
12-7-2020 0:33 (0:03): ClientUserinfoChanged handling info: 2 \name\^3chains\ip\136.49.101.98:29070\teamoverlay\0\snaps\50\sex\male\saber2\none\saber1\Kyle\rate\25000\model\kyle/default\ja_guid\719672E5ADAB3F37334025E53A689EA1\handicap\100\forcepowers\1-1-01000\color2\4\color1\or2\4\color1\4\char_color_red\255\char_color_green\255\char_color_blue\255\cg_predictItems\1
12-7-2020 0:33 (0:03): ClientUserinfoChanged: 2 n\^3chains\t\0\model\kyle/default\c1\or2\c2\4\hc\100\w\0\l\0\tt\0\tl\0\st\Kyle\st2\none\dt\0
12-7-2020 0:33 (0:03): ClientBegin: 2
12-7-2020 0:34 (0:17): ShutdownGame:
12-7-2020 0:34 (0:17): ------------------------------------------------------------
12-7-2020 0:35 (0:00): ------------------------------------------------------------
12-7-2020 0:35 (0:00): InitGame: \version\JAmp: v1.0.1.0 linux-i386 Mar 14 2020\timelimit\45\sv_privateClients\0\sv_minRate\0\sv_minPing\0\sv_maxclients\32\sv_maxRate\0\sv_maxPing\999\sv_hostname\^7~^1~^7~ COMM SERVER ~^1~^7~\sv_fps\50\sv_floodProtectSlow\1\sv_floodProtect\1\sv_autoDemo\0\sv_allowDownload\0\protocol\26\mapname\mp/duel5\g_weaponDisable\0\g_stepSlideFix\0\g_siegeTeamSwitch\1\g_siegeTeam2\none\g_siegeTeam1\none\g_siegeRespawn\20\g_showDuelHealths\1\g_saberLocking\0\g_privateDuel\1535\g_noSpecMove\0\g_needpass\0\g_maxHolocronCarry\3\g_maxGameClients\0\g_maxForceRank\7\g_jediVmerc\0\g_gametype\0\g_gamemode\0\g_forceRegenTime\130\g_forcePowerDisable\0\g_forceBasedTeams\1\g_duelWeaponDisable\9\g_debugmelee\1\g_allowNPC\1\fraglimit\0\duel_fraglimit\10\dmflags\0\capturelimit\10\gamename\Lugormod\Lugormod_Version\U#-2.4.8.4\serveruptime\0\g_saberWallDamageScale\0.4\bg_fighterAltControl\0
12-7-2020 0:35 (0:01): ClientConnect: 0
12-7-2020 0:35 (0:01): ClientUserinfoChanged handling info: 0 \ip\136.49.101.98:29070\challenge\1126011637\qport\58073\protocol\26\teamoverlay\0\snaps\50\sex\male\saber2\none\saber1\Kyle\rate\25000\name\Padawan\model\kyle/default\ja_guid\719672E5ADAB3F37334025E53A689EA1\handicap\100\forcepowers\1-1-010000000000000100\color2\4\color1\4\char_color_red\255\char_color_green\255\char_color_blue\255\cg_predictItems\1
12-7-2020 0:35 (0:01): ClientUserinfoChanged: 0 n\Padawan\t\0\model\kyle/default\c1\4\c2\4\hc\0\w\0\l\0\tt\0\tl\0\st\\st2\\dt\0
12-7-2020 0:35 (0:01): IP: 136.49.101.98 Padawan
12-7-2020 0:35 (0:04): ClientUserinfoChanged handling info: 0 \ip\136.49.101.98:29070\teamoverlay\0\snaps\50\sex\male\saber2\none\saber1\Kyle\rate\25000\name\Padawan\model\kyle/default\ja_guid\719672E5ADAB3F37334025E53A689EA1\handicap\100\forcepowers\1-1-010000000000000100\color2\4\color1\4\char_color_red\255\char_color_green\255\char_color_blue\255\cg_predictItems\1
12-7-2020 0:35 (0:04): ClientUserinfoChanged: 0 n\Padawan\t\0\model\kyle/default\c1\4\c2\4\hc\0\w\0\l\0\tt\0\tl\0\st\Kyle\st2\none\dt\0
12-7-2020 0:35 (0:04): ClientUserinfoChanged handling info: 0 \ip\136.49.101.98:29070\teamoverlay\0\snaps\50\sex\male\saber2\none\saber1\Kyle\rate\25000\name\Padawan\model\kyle/default\ja_guid\719672E5ADAB3F37334025E53A689EA1\handicap\100\forcepowers\1-1-010000000000000100\color2\4\color1\4\char_color_red\255\char_color_green\255\char_color_blue\255\cg_predictItems\1
12-7-2020 0:35 (0:04): ClientUserinfoChanged: 0 n\Padawan\t\0\model\kyle/default\c1\4\c2\4\hc\100\w\0\l\0\tt\0\tl\0\st\Kyle\st2\none\dt\0
12-7-2020 0:35 (0:04): ClientBegin: 0
12-7-2020 0:35 (0:19): ClientUserinfoChanged handling info: 0 \ip\136.49.101.98:29070\teamoverlay\0\snaps\50\sex\male\saber2\none\saber1\Kyle\rate\25000\name\Padawan\model\kyle/default\ja_guid\719672E5ADAB3F37334025E53A689EA1\handicap\100\forcepowers\1-1-010000000000000100\color2\4\color1\4\char_color_red\255\char_color_green\255\char_color_blue\255\cg_predictItems\1
12-7-2020 0:35 (0:19): ClientUserinfoChanged: 0 n\Padawan\t\0\model\kyle/default\c1\4\c2\4\hc\100\w\0\l\0\tt\0\tl\0\st\Kyle\st2\none\dt\0
12-7-2020 0:35 (0:20): ClientUserinfoChanged handling info: 0 \name\^3chains\ip\136.49.101.98:29070\teamoverlay\0\snaps\50\sex\male\saber2\none\saber1\Kyle\rate\25000\model\kyle/default\ja_guid\719672E5ADAB3F37334025E53A689EA1\handicap\100\for010000000000000100\color2\4\color1\or2\4\color1\4\char_color_red\255\char_color_green\255\char_color_blue\255\cg_predictItems\1
12-7-2020 0:35 (0:20): ClientUserinfoChanged: 0 n\^3chains\t\0\model\kyle/default\c1\4\c2\\hc\100\w\0\l\0\tt\0\tl\0\st\Kyle\st2\none\dt\0
12-7-2020 0:35 (0:30): ClientConnect: 1
12-7-2020 0:35 (0:30): ClientUserinfoChanged handling info: 1 \team\0\skill\ 5.00\personality\botfiles/astupidbot.jkb\saber2\none\saber1\kyle\color2\4\color1\4\sex\male\model\jawa\snaps\20\rate\25000\name\astupidbot
12-7-2020 0:35 (0:30): ClientUserinfoChanged: 1 n\astupidbot\t\0\model\jawa\c1\4\c2\4\hc\0\w\0\l\0\skill\ 5.00\tt\0\tl\0\siegeclass\none\st\\st2\\dt\0\sdt\0
12-7-2020 0:35 (0:30): IP: localhost astupidbot
12-7-2020 0:35 (0:30): ClientUserinfoChanged handling info: 1 \team\0\skill\ 5.00\personality\botfiles/astupidbot.jkb\saber2\none\saber1\kyle\color2\4\color1\4\sex\male\model\jawa\snaps\20\rate\25000\name\astupidbot
12-7-2020 0:35 (0:30): ClientUserinfoChanged: 1 n\astupidbot\t\0\model\jawa\c1\4\c2\4\hc\100\w\0\l\0\skill\ 5.00\tt\0\tl\0\siegeclass\none\st\Kyle\st2\none\dt\0\sdt\0
12-7-2020 0:35 (0:30): ClientBegin: 1
12-7-2020 0:35 (0:40): Kill: 1 1 39: astupidbot killed astupidbot by MOD_SUICIDE
12-7-2020 0:35 (0:41): ClientUserinfoChanged handling info: 1 \team\0\skill\ 5.00\personality\botfiles/astupidbot.jkb\saber2\none\saber1\kyle\color2\4\color1\4\sex\male\model\jawa\snaps\20\rate\25000\name\astupidbot
12-7-2020 0:35 (0:41): ClientUserinfoChanged: 1 n\astupidbot\t\0\model\jawa\c1\4\c2\4\hc\100\w\0\l\0\skill\ 5.00\tt\0\tl\0\siegeclass\none\st\Kyle\st2\none\dt\0\sdt\0
12-7-2020 0:36 (1:22): Kill: 1 1 39: astupidbot killed astupidbot by MOD_SUICIDE
12-7-2020 0:36 (1:23): ClientUserinfoChanged handling info: 1 \team\0\skill\ 5.00\personality\botfiles/astupidbot.jkb\saber2\none\saber1\kyle\color2\4\color1\4\sex\male\model\jawa\snaps\20\rate\25000\name\astupidbot
12-7-2020 0:36 (1:23): ClientUserinfoChanged: 1 n\astupidbot\t\0\model\jawa\c1\4\c2\4\hc\100\w\0\l\0\skill\ 5.00\tt\0\tl\0\siegeclass\none\st\Kyle\st2\none\dt\0\sdt\0
12-7-2020 0:41 (6:22): ClientDisconnect: 0
12-7-2020 0:41 (6:34): ClientConnect: 0
12-7-2020 0:41 (6:34): ClientUserinfoChanged handling info: 0 \team\0\skill\ 5.00\personality\botfiles/newkyle.jkb\saber2\none\saber1\kyle\color2\4\color1\1\sex\male\model\kyle\snaps\20\rate\25000\name\Kyle
12-7-2020 0:41 (6:34): ClientUserinfoChanged: 0 n\Kyle\t\0\model\kyle\c1\1\c2\4\hc\0\w\0\l\0\skill\ 5.00\tt\0\tl\0\siegeclass\none\st\\st2\\dt\0\sdt\0
12-7-2020 0:41 (6:34): IP: localhost Kyle
12-7-2020 0:41 (6:34): ClientUserinfoChanged handling info: 0 \team\0\skill\ 5.00\personality\botfiles/newkyle.jkb\saber2\none\saber1\kyle\color2\4\color1\1\sex\male\model\kyle\snaps\20\rate\25000\name\Kyle
12-7-2020 0:41 (6:34): ClientUserinfoChanged: 0 n\Kyle\t\0\model\kyle\c1\1\c2\4\hc\100\w\0\l\0\skill\ 5.00\tt\0\tl\0\siegeclass\none\st\Kyle\st2\none\dt\0\sdt\0
12-7-2020 0:41 (6:34): ClientBegin: 0
12-7-2020 1:20 (45:00): Exit: Timelimit hit.
12-7-2020 1:20 (45:00): score: 0  ping: 51  client: 0 Kyle
12-7-2020 1:20 (45:00): score: -2  ping: 47  client: 1 astupidbot
12-8-2020 0:10 (1415:12): ClientConnect: 2
12-8-2020 0:10 (1415:12): ClientUserinfoChanged handling info: 2 \ip\108.12.203.109:29070\challenge\1393196145\qport\36881\protocol\26\char_color_blue\255\char_color_green\255\char_color_red\255\saber2\none\saber1\dual_1\cg_predictItems\1\sex\male\handicap\100\color2\2\color1\2\forcepowers\6-2-032200230000001332\model\cultist/default\snaps\20\rate\4000\name\Colin\teamtask\0\teamoverlay\0
12-8-2020 0:10 (1415:12): ClientUserinfoChanged: 2 n\Colin\t\0\model\cultist/default\c1\2\c2\2\hc\0\w\0\l\0\tt\0\tl\0\st\\st2\\dt\0
12-8-2020 0:10 (1415:12): IP: 108.12.203.109 Colin
12-8-2020 0:10 (1415:20): ClientUserinfoChanged handling info: 2 \ip\108.12.203.109:29070\char_color_blue\0\char_color_green\0\char_color_red\138\saber2\none\saber1\Kyle\cg_predictItems\1\sex\male\handicap\100\color2\0\color1\0\forcepowers\7-2-033130320000003331\model\jedi_hm/head_c1|torso_d1|lower_a1\snaps\20\rate\4000\name\Colin\teamtask\0\teamoverlay\1
12-8-2020 0:10 (1415:20): ClientUserinfoChanged: 2 n\Colin\t\0\model\jedi_hm/head_c1|torso_d1|lower_a1\c1\0\c2\0\hc\0\w\0\l\0\tt\0\tl\0\st\Kyle\st2\none\dt\0
12-8-2020 0:10 (1415:20): ClientUserinfoChanged handling info: 2 \ip\108.12.203.109:29070\char_color_blue\0\char_color_green\0\char_color_red\138\saber2\none\saber1\Kyle\cg_predictItems\1\sex\male\handicap\100\color2\0\color1\0\forcepowers\7-2-033130320000003331\model\jedi_hm/head_c1|torso_d1|lower_a1\snaps\20\rate\4000\name\Colin\teamtask\0\teamoverlay\1
12-8-2020 0:10 (1415:20): ClientUserinfoChanged: 2 n\Colin\t\0\model\jedi_hm/head_c1|torso_d1|lower_a1\c1\0\c2\0\hc\100\w\0\l\0\tt\0\tl\0\st\Kyle\st2\none\dt\0
12-8-2020 0:10 (1415:20): ClientBegin: 2
12-8-2020 0:10 (1415:25): ShutdownGame:
12-8-2020 0:10 (1415:25): ------------------------------------------------------------
