3-23-2021 14: 0 (0:00): ------------------------------------------------------------
3-23-2021 14: 0 (0:00): InitGame: \version\JAmp: v1.0.1.0 linux-i386 Mar 14 2020\timelimit\45\sv_privateClients\0\sv_minRate\0\sv_minPing\0\sv_maxclients\32\sv_maxRate\0\sv_maxPing\999\sv_hostname\^7~^1~^7~ COMM SERVER ~^1~^7~\sv_fps\50\sv_floodProtectSlow\1\sv_floodProtect\1\sv_autoDemo\0\sv_allowDownload\0\serveruptime\134\protocol\26\mapname\taspir1\gamename\Lugormod\g_weaponDisable\0\g_stepSlideFix\0\g_siegeTeamSwitch\1\g_siegeTeam2\none\g_siegeTeam1\none\g_siegeRespawn\20\g_showDuelHealths\1\g_saberWallDamageScale\0.4\g_saberLocking\0\g_privateDuel\1535\g_noSpecMove\0\g_needpass\0\g_maxHolocronCarry\3\g_maxGameClients\0\g_maxForceRank\7\g_jediVmerc\0\g_gametype\0\g_gamemode\0\g_forceRegenTime\160\g_forcePowerDisable\0\g_forceBasedTeams\1\g_duelWeaponDisable\9\g_debugmelee\1\g_allowNPC\1\fs_game\lugormod\fraglimit\0\duel_fraglimit\10\dmflags\0\capturelimit\10\bot_minplayers\2\bg_fighterAltControl\0\Lugormod_Version\U#-0.0.0.91 Alpha
3-23-2021 14: 0 (0:00): ClientConnect: 0
3-23-2021 14: 0 (0:00): ClientUserinfoChanged handling info: 0 \team\0\skill\ 5.00\personality\botfiles/astupidbot.jkb\saber2\none\saber1\kyle\color2\4\color1\4\sex\male\model\jawa\snaps\20\rate\25000\name\astupidbot
3-23-2021 14: 0 (0:00): ClientUserinfoChanged: 0 n\astupidbot\t\0\model\jawa\c1\4\c2\4\hc\0\w\0\l\0\skill\ 5.00\tt\0\tl\0\siegeclass\none\st\Kyle\st2\none\dt\0\sdt\0
3-23-2021 14: 0 (0:00): ClientUserinfoChanged handling info: 0 \team\0\skill\ 5.00\personality\botfiles/astupidbot.jkb\saber2\none\saber1\kyle\color2\4\color1\4\sex\male\model\jawa\snaps\20\rate\25000\name\astupidbot
3-23-2021 14: 0 (0:00): ClientUserinfoChanged: 0 n\astupidbot\t\0\model\jawa\c1\4\c2\4\hc\100\w\0\l\0\skill\ 5.00\tt\0\tl\0\siegeclass\none\st\Kyle\st2\none\dt\0\sdt\0
3-23-2021 14: 0 (0:00): ClientBegin: 0
3-23-2021 14: 0 (0:00): ClientConnect: 1
3-23-2021 14: 0 (0:00): ClientUserinfoChanged handling info: 1 \team\0\skill\ 5.00\personality\botfiles/newkyle.jkb\saber2\none\saber1\kyle\color2\4\color1\1\sex\male\model\kyle\snaps\20\rate\25000\name\Kyle
3-23-2021 14: 0 (0:00): ClientUserinfoChanged: 1 n\Kyle\t\0\model\kyle\c1\1\c2\4\hc\0\w\0\l\0\skill\ 5.00\tt\0\tl\0\siegeclass\none\st\Kyle\st2\none\dt\0\sdt\0
3-23-2021 14: 0 (0:00): ClientUserinfoChanged handling info: 1 \team\0\skill\ 5.00\personality\botfiles/newkyle.jkb\saber2\none\saber1\kyle\color2\4\color1\1\sex\male\model\kyle\snaps\20\rate\25000\name\Kyle
3-23-2021 14: 0 (0:00): ClientUserinfoChanged: 1 n\Kyle\t\0\model\kyle\c1\1\c2\4\hc\100\w\0\l\0\skill\ 5.00\tt\0\tl\0\siegeclass\none\st\Kyle\st2\none\dt\0\sdt\0
3-23-2021 14: 0 (0:00): ClientBegin: 1
3-23-2021 14: 0 (0:00): ClientConnect: 2
3-23-2021 14: 0 (0:00): ClientUserinfoChanged handling info: 2 \ip\91.230.25.106:29070\cg_predictItems\1\char_color_blue\255\char_color_green\255\char_color_red\255\color1\4\color2\4\forcepowers\6-2-010020300000030333\handicap\100\model\imperial/default\name\kosh\rate\5000\saber1\Kyle\saber2\none\sex\390423470\snaps\20\teamtask\0\teamoverlay\1
3-23-2021 14: 0 (0:00): ClientUserinfoChanged: 2 n\kosh\t\0\model\imperial/default\c1\4\c2\4\hc\0\w\0\l\0\tt\0\tl\0\st\Kyle\st2\none\dt\0
3-23-2021 14: 0 (0:20): ClientUserinfoChanged handling info: 2 \ip\91.230.25.106:29070\cg_predictItems\1\char_color_blue\255\char_color_green\255\char_color_red\255\color1\4\color2\4\forcepowers\6-2-010020300000030333\handicap\100\model\imperial/default\name\kosh\rate\5000\saber1\Kyle\saber2\none\sex\390423470\snaps\20\teamtask\0\teamoverlay\1
3-23-2021 14: 0 (0:20): ClientUserinfoChanged: 2 n\kosh\t\0\model\imperial/default\c1\4\c2\4\hc\0\w\0\l\0\tt\0\tl\0\st\Kyle\st2\none\dt\0
3-23-2021 14: 0 (0:20): ClientUserinfoChanged handling info: 2 \ip\91.230.25.106:29070\cg_predictItems\1\char_color_blue\255\char_color_green\255\char_color_red\255\color1\4\color2\4\forcepowers\6-2-010020300000030333\handicap\100\model\imperial/default\name\kosh\rate\5000\saber1\Kyle\saber2\none\sex\390423470\snaps\20\teamtask\0\teamoverlay\1
3-23-2021 14: 0 (0:20): ClientUserinfoChanged: 2 n\kosh\t\0\model\imperial/default\c1\4\c2\4\hc\100\w\0\l\0\tt\0\tl\0\st\Kyle\st2\none\dt\0
3-23-2021 14: 0 (0:20): ClientBegin: 2
3-23-2021 14: 0 (0:30): say: astupidbot: bye all
3-23-2021 14: 0 (0:30): ClientDisconnect: 0
3-23-2021 14: 1 (1:19): Kill: 1022 2 39: <world> killed kosh by MOD_SUICIDE
3-23-2021 14: 1 (1:21): ClientUserinfoChanged handling info: 2 \ip\91.230.25.106:29070\cg_predictItems\1\char_color_blue\255\char_color_green\255\char_color_red\255\color1\4\color2\4\forcepowers\6-2-010020300000030333\handicap\100\model\imperial/default\name\kosh\rate\5000\saber1\Kyle\saber2\none\sex\390423470\snaps\20\teamtask\0\teamoverlay\1
3-23-2021 14: 1 (1:21): ClientUserinfoChanged: 2 n\kosh\t\0\model\imperial/default\c1\4\c2\4\hc\100\w\0\l\0\tt\0\tl\0\st\Kyle\st2\none\dt\0
3-23-2021 14: 1 (1:46): Kill: 1022 1 41: <world> killed Kyle by MOD_TRIGGER_HURT
3-23-2021 14: 1 (1:47): ClientUserinfoChanged handling info: 1 \team\0\skill\ 5.00\personality\botfiles/newkyle.jkb\saber2\none\saber1\kyle\color2\4\color1\1\sex\male\model\kyle\snaps\20\rate\25000\name\Kyle
3-23-2021 14: 1 (1:47): ClientUserinfoChanged: 1 n\Kyle\t\0\model\kyle\c1\1\c2\4\hc\100\w\0\l\0\skill\ 5.00\tt\0\tl\0\siegeclass\none\st\Kyle\st2\none\dt\0\sdt\0
3-23-2021 14: 1 (1:51): Kill: 1022 1 41: <world> killed Kyle by MOD_TRIGGER_HURT
3-23-2021 14: 1 (1:52): ClientUserinfoChanged handling info: 1 \team\0\skill\ 5.00\personality\botfiles/newkyle.jkb\saber2\none\saber1\kyle\color2\4\color1\1\sex\male\model\kyle\snaps\20\rate\25000\name\Kyle
3-23-2021 14: 1 (1:52): ClientUserinfoChanged: 1 n\Kyle\t\0\model\kyle\c1\1\c2\4\hc\100\w\0\l\0\skill\ 5.00\tt\0\tl\0\siegeclass\none\st\Kyle\st2\none\dt\0\sdt\0
3-23-2021 14: 1 (1:56): Kill: 1022 2 39: <world> killed kosh by MOD_SUICIDE
3-23-2021 14: 2 (2:00): ClientUserinfoChanged handling info: 2 \ip\91.230.25.106:29070\cg_predictItems\1\char_color_blue\255\char_color_green\255\char_color_red\255\color1\4\color2\4\forcepowers\6-2-010020300000030333\handicap\100\model\imperial/default\name\kosh\rate\5000\saber1\Kyle\saber2\none\sex\390423470\snaps\20\teamtask\0\teamoverlay\1
3-23-2021 14: 2 (2:00): ClientUserinfoChanged: 2 n\kosh\t\0\model\imperial/default\c1\4\c2\4\hc\100\w\0\l\0\tt\0\tl\0\st\Kyle\st2\none\dt\0
3-23-2021 14: 2 (2:02): Kill: 1022 1 41: <world> killed Kyle by MOD_TRIGGER_HURT
3-23-2021 14: 2 (2:03): ClientUserinfoChanged handling info: 1 \team\0\skill\ 5.00\personality\botfiles/newkyle.jkb\saber2\none\saber1\kyle\color2\4\color1\1\sex\male\model\kyle\snaps\20\rate\25000\name\Kyle
3-23-2021 14: 2 (2:03): ClientUserinfoChanged: 1 n\Kyle\t\0\model\kyle\c1\1\c2\4\hc\100\w\0\l\0\skill\ 5.00\tt\0\tl\0\siegeclass\none\st\Kyle\st2\none\dt\0\sdt\0
3-23-2021 14: 2 (2:23): Kill: 1 2 3: Kyle killed kosh by MOD_SABER
3-23-2021 14: 2 (2:24): ClientUserinfoChanged handling info: 2 \ip\91.230.25.106:29070\cg_predictItems\1\char_color_blue\255\char_color_green\255\char_color_red\255\color1\4\color2\4\forcepowers\6-2-010020300000030333\handicap\100\model\imperial/default\name\kosh\rate\5000\saber1\Kyle\saber2\none\sex\390423470\snaps\20\teamtask\0\teamoverlay\1
3-23-2021 14: 2 (2:24): ClientUserinfoChanged: 2 n\kosh\t\0\model\imperial/default\c1\4\c2\4\hc\100\w\0\l\0\tt\0\tl\0\st\Kyle\st2\none\dt\0
3-23-2021 14: 2 (2:34): Kill: 1022 1 41: <world> killed Kyle by MOD_TRIGGER_HURT
3-23-2021 14: 2 (2:35): ClientUserinfoChanged handling info: 1 \team\0\skill\ 5.00\personality\botfiles/newkyle.jkb\saber2\none\saber1\kyle\color2\4\color1\1\sex\male\model\kyle\snaps\20\rate\25000\name\Kyle
3-23-2021 14: 2 (2:35): ClientUserinfoChanged: 1 n\Kyle\t\0\model\kyle\c1\1\c2\4\hc\100\w\0\l\0\skill\ 5.00\tt\0\tl\0\siegeclass\none\st\Kyle\st2\none\dt\0\sdt\0
3-23-2021 14: 2 (2:58): ClientDisconnect: 2
3-23-2021 14: 2 (2:58): Kill: 1022 581 39: <world> killed  by MOD_SUICIDE
3-23-2021 14: 3 (3:07): ClientConnect: 0
3-23-2021 14: 3 (3:07): ClientUserinfoChanged handling info: 0 \team\0\skill\ 5.00\personality\botfiles/astupidbot.jkb\saber2\none\saber1\kyle\color2\4\color1\4\sex\male\model\jawa\snaps\20\rate\25000\name\astupidbot
3-23-2021 14: 3 (3:07): ClientUserinfoChanged: 0 n\astupidbot\t\0\model\jawa\c1\4\c2\4\hc\0\w\0\l\0\skill\ 5.00\tt\0\tl\0\siegeclass\none\st\\st2\\dt\0\sdt\0
3-23-2021 14: 3 (3:07): IP: localhost astupidbot
3-23-2021 14: 3 (3:07): ClientUserinfoChanged handling info: 0 \team\0\skill\ 5.00\personality\botfiles/astupidbot.jkb\saber2\none\saber1\kyle\color2\4\color1\4\sex\male\model\jawa\snaps\20\rate\25000\name\astupidbot
3-23-2021 14: 3 (3:07): ClientUserinfoChanged: 0 n\astupidbot\t\0\model\jawa\c1\4\c2\4\hc\100\w\0\l\0\skill\ 5.00\tt\0\tl\0\siegeclass\none\st\Kyle\st2\none\dt\0\sdt\0
3-23-2021 14: 3 (3:07): ClientBegin: 0
3-23-2021 14:45 (45:00): Exit: Timelimit hit.
3-23-2021 14:45 (45:00): score: 0  ping: 60  client: 0 astupidbot
3-23-2021 14:45 (45:00): score: -3  ping: 57  client: 1 Kyle
3-23-2021 15:41 (101:41): ClientConnect: 2
3-23-2021 15:41 (101:41): ClientUserinfoChanged handling info: 2 \ip\201.215.201.111:29070\challenge\-565762766\qport\5892\protocol\26\char_color_blue\255\char_color_green\255\char_color_red\255\saber2\none\saber1\single_6\cg_predictItems\1\sex\male\handicap\100\color2\2\color1\3\forcepowers\7-2-033330100000003333\model\jedi_hm/head_c1|torso_c1|lower_c1\snaps\20\rate\4000\name\mauritio\teamtask\0\teamoverlay\1
3-23-2021 15:41 (101:41): ClientUserinfoChanged: 2 n\mauritio\t\0\model\jedi_hm/head_c1|torso_c1|lower_c1\c1\3\c2\2\hc\0\w\0\l\0\tt\0\tl\0\st\\st2\\dt\0
3-23-2021 15:41 (101:41): IP: 201.215.201.111 mauritio
3-23-2021 15:41 (101:41): say: astupidbot: Hello
3-23-2021 15:41 (101:46): ClientConnect: 3
3-23-2021 15:41 (101:46): ClientUserinfoChanged handling info: 3 \ip\152.174.250.188:29070\challenge\-219828887\qport\38689\protocol\26\name\Padawan\rate\4000\snaps\20\model\swamptrooper/default\forcepowers\6-1-030330000000000333\color1\4\color2\4\handicap\100\sex\male\cg_predictItems\1\saber1\single_1\saber2\none\char_color_red\255\char_color_green\255\char_color_blue\255\teamtask\0\teamoverlay\1
3-23-2021 15:41 (101:46): ClientUserinfoChanged: 3 n\Padawan\t\0\model\swamptrooper/default\c1\4\c2\4\hc\0\w\0\l\0\tt\0\tl\0\st\\st2\\dt\0
3-23-2021 15:41 (101:46): IP: 152.174.250.188 Padawan
3-23-2021 15:41 (101:51): ClientUserinfoChanged handling info: 2 \ip\201.215.201.111:29070\char_color_blue\105\char_color_green\88\char_color_red\0\saber2\single_9\saber1\single_2\cg_predictItems\1\sex\male\handicap\100\color2\2\color1\0\forcepowers\7-1-032330000000001333\model\jedi_hm/head_c1|torso_c1|lower_c1\snaps\20\rate\4000\name\mauritio\teamtask\0\teamoverlay\1
3-23-2021 15:41 (101:51): ClientUserinfoChanged: 2 n\mauritio\t\0\model\jedi_hm/head_c1|torso_c1|lower_c1\c1\0\c2\2\hc\0\w\0\l\0\tt\0\tl\0\st\single_2\st2\single_9\dt\0
3-23-2021 15:41 (101:51): ClientUserinfoChanged handling info: 2 \ip\201.215.201.111:29070\char_color_blue\105\char_color_green\88\char_color_red\0\saber2\single_9\saber1\single_2\cg_predictItems\1\sex\male\handicap\100\color2\2\color1\0\forcepowers\7-1-032330000000001333\model\jedi_hm/head_c1|torso_c1|lower_c1\snaps\20\rate\4000\name\mauritio\teamtask\0\teamoverlay\1
3-23-2021 15:41 (101:51): ClientUserinfoChanged: 2 n\mauritio\t\0\model\jedi_hm/head_c1|torso_c1|lower_c1\c1\0\c2\2\hc\100\w\0\l\0\tt\0\tl\0\st\single_2\st2\single_9\dt\0
3-23-2021 15:41 (101:51): ClientBegin: 2
3-23-2021 15:41 (101:55): ClientUserinfoChanged handling info: 3 \ip\152.174.250.188:29070\name\Padawan\rate\4000\snaps\20\model\swamptrooper/default\forcepowers\6-1-030330000000000333\color1\4\color2\4\handicap\100\sex\male\cg_predictItems\1\saber1\single_1\saber2\none\char_color_red\255\char_color_green\255\char_color_blue\255\teamtask\0\teamoverlay\1
3-23-2021 15:41 (101:55): ClientUserinfoChanged: 3 n\Padawan\t\0\model\swamptrooper/default\c1\4\c2\4\hc\0\w\0\l\0\tt\0\tl\0\st\single_1\st2\none\dt\0
3-23-2021 15:41 (101:55): ClientUserinfoChanged handling info: 3 \ip\152.174.250.188:29070\name\Padawan\rate\4000\snaps\20\model\swamptrooper/default\forcepowers\6-1-030330000000000333\color1\4\color2\4\handicap\100\sex\male\cg_predictItems\1\saber1\single_1\saber2\none\char_color_red\255\char_color_green\255\char_color_blue\255\teamtask\0\teamoverlay\1
3-23-2021 15:41 (101:55): ClientUserinfoChanged: 3 n\Padawan\t\0\model\swamptrooper/default\c1\4\c2\4\hc\100\w\0\l\0\tt\0\tl\0\st\single_1\st2\none\dt\0
3-23-2021 15:41 (101:55): ClientBegin: 3
3-23-2021 15:42 (102:05): ClientDisconnect: 2
3-23-2021 15:42 (102:05): ShutdownGame:
3-23-2021 15:42 (102:05): ------------------------------------------------------------
3-23-2021 15:42 (0:00): ------------------------------------------------------------
3-23-2021 15:42 (0:00): InitGame: \version\JAmp: v1.0.1.0 linux-i386 Mar 14 2020\timelimit\45\sv_privateClients\0\sv_minRate\0\sv_minPing\0\sv_maxclients\32\sv_maxRate\0\sv_maxPing\999\sv_hostname\^7~^1~^7~ COMM SERVER ~^1~^7~\sv_fps\50\sv_floodProtectSlow\1\sv_floodProtect\1\sv_autoDemo\0\sv_allowDownload\0\serveruptime\134\protocol\26\mapname\mp/duel5\gamename\Lugormod\g_weaponDisable\0\g_stepSlideFix\0\g_siegeTeamSwitch\1\g_siegeTeam2\none\g_siegeTeam1\none\g_siegeRespawn\20\g_showDuelHealths\1\g_saberWallDamageScale\0.4\g_saberLocking\0\g_privateDuel\1535\g_noSpecMove\0\g_needpass\0\g_maxHolocronCarry\3\g_maxGameClients\0\g_maxForceRank\7\g_jediVmerc\0\g_gametype\0\g_gamemode\0\g_forceRegenTime\160\g_forcePowerDisable\0\g_forceBasedTeams\1\g_duelWeaponDisable\9\g_debugmelee\1\g_allowNPC\1\fs_game\lugormod\fraglimit\0\duel_fraglimit\10\dmflags\0\capturelimit\10\bot_minplayers\2\bg_fighterAltControl\0\Lugormod_Version\U#-0.0.0.91 Alpha
3-23-2021 15:42 (0:00): ClientConnect: 0
3-23-2021 15:42 (0:00): ClientUserinfoChanged handling info: 0 \team\0\skill\ 5.00\personality\botfiles/astupidbot.jkb\saber2\none\saber1\kyle\color2\4\color1\4\sex\male\model\jawa\snaps\20\rate\25000\name\astupidbot
3-23-2021 15:42 (0:00): ClientUserinfoChanged: 0 n\astupidbot\t\0\model\jawa\c1\4\c2\4\hc\0\w\0\l\0\skill\ 5.00\tt\0\tl\0\siegeclass\none\st\Kyle\st2\none\dt\0\sdt\0
3-23-2021 15:42 (0:00): ClientUserinfoChanged handling info: 0 \team\0\skill\ 5.00\personality\botfiles/astupidbot.jkb\saber2\none\saber1\kyle\color2\4\color1\4\sex\male\model\jawa\snaps\20\rate\25000\name\astupidbot
3-23-2021 15:42 (0:00): ClientUserinfoChanged: 0 n\astupidbot\t\0\model\jawa\c1\4\c2\4\hc\100\w\0\l\0\skill\ 5.00\tt\0\tl\0\siegeclass\none\st\Kyle\st2\none\dt\0\sdt\0
3-23-2021 15:42 (0:00): ClientBegin: 0
3-23-2021 15:42 (0:00): ClientConnect: 1
3-23-2021 15:42 (0:00): ClientUserinfoChanged handling info: 1 \team\0\skill\ 5.00\personality\botfiles/newkyle.jkb\saber2\none\saber1\kyle\color2\4\color1\1\sex\male\model\kyle\snaps\20\rate\25000\name\Kyle
3-23-2021 15:42 (0:00): ClientUserinfoChanged: 1 n\Kyle\t\0\model\kyle\c1\1\c2\4\hc\0\w\0\l\0\skill\ 5.00\tt\0\tl\0\siegeclass\none\st\Kyle\st2\none\dt\0\sdt\0
3-23-2021 15:42 (0:00): ClientUserinfoChanged handling info: 1 \team\0\skill\ 5.00\personality\botfiles/newkyle.jkb\saber2\none\saber1\kyle\color2\4\color1\1\sex\male\model\kyle\snaps\20\rate\25000\name\Kyle
3-23-2021 15:42 (0:00): ClientUserinfoChanged: 1 n\Kyle\t\0\model\kyle\c1\1\c2\4\hc\100\w\0\l\0\skill\ 5.00\tt\0\tl\0\siegeclass\none\st\Kyle\st2\none\dt\0\sdt\0
3-23-2021 15:42 (0:00): ClientBegin: 1
3-23-2021 15:42 (0:00): ClientConnect: 3
3-23-2021 15:42 (0:00): ClientUserinfoChanged handling info: 3 \ip\152.174.250.188:29070\name\Padawan\rate\4000\snaps\20\model\swamptrooper/default\forcepowers\6-1-030330000000000333\color1\4\color2\4\handicap\100\sex\male\cg_predictItems\1\saber1\single_1\saber2\none\char_color_red\255\char_color_green\255\char_color_blue\255\teamtask\0\teamoverlay\1
3-23-2021 15:42 (0:00): ClientUserinfoChanged: 3 n\Padawan\t\0\model\swamptrooper/default\c1\4\c2\4\hc\0\w\0\l\0\tt\0\tl\0\st\single_1\st2\none\dt\0
3-23-2021 15:42 (0:11): Kill: 1 0 3: Kyle killed astupidbot by MOD_SABER
3-23-2021 15:42 (0:12): ClientUserinfoChanged handling info: 0 \team\0\skill\ 5.00\personality\botfiles/astupidbot.jkb\saber2\none\saber1\kyle\color2\4\color1\4\sex\male\model\jawa\snaps\20\rate\25000\name\astupidbot
3-23-2021 15:42 (0:12): ClientUserinfoChanged: 0 n\astupidbot\t\0\model\jawa\c1\4\c2\4\hc\100\w\0\l\0\skill\ 5.00\tt\0\tl\0\siegeclass\none\st\Kyle\st2\none\dt\0\sdt\0
3-23-2021 15:42 (0:37): Kill: 1022 0 41: <world> killed astupidbot by MOD_TRIGGER_HURT
3-23-2021 15:42 (0:37): duel: Kyle won a duel against astupidbot
3-23-2021 15:42 (0:38): ClientUserinfoChanged handling info: 0 \team\0\skill\ 5.00\personality\botfiles/astupidbot.jkb\saber2\none\saber1\kyle\color2\4\color1\4\sex\male\model\jawa\snaps\20\rate\25000\name\astupidbot
3-23-2021 15:42 (0:38): ClientUserinfoChanged: 0 n\astupidbot\t\0\model\jawa\c1\4\c2\4\hc\100\w\0\l\0\skill\ 5.00\tt\0\tl\0\siegeclass\none\st\Kyle\st2\none\dt\0\sdt\0
3-23-2021 15:42 (0:40): Kill: 1022 1 41: <world> killed Kyle by MOD_TRIGGER_HURT
3-23-2021 15:42 (0:42): ClientUserinfoChanged handling info: 1 \team\0\skill\ 5.00\personality\botfiles/newkyle.jkb\saber2\none\saber1\kyle\color2\4\color1\1\sex\male\model\kyle\snaps\20\rate\25000\name\Kyle
3-23-2021 15:42 (0:42): ClientUserinfoChanged: 1 n\Kyle\t\0\model\kyle\c1\1\c2\4\hc\100\w\0\l\0\skill\ 5.00\tt\0\tl\0\siegeclass\none\st\Kyle\st2\none\dt\0\sdt\0
3-23-2021 15:42 (0:42): say: Kyle: dang
3-23-2021 15:43 (1:17): Kill: 0 1 3: astupidbot killed Kyle by MOD_SABER
3-23-2021 15:43 (1:17): duel: astupidbot won a duel against Kyle
3-23-2021 15:43 (1:18): ClientUserinfoChanged handling info: 1 \team\0\skill\ 5.00\personality\botfiles/newkyle.jkb\saber2\none\saber1\kyle\color2\4\color1\1\sex\male\model\kyle\snaps\20\rate\25000\name\Kyle
3-23-2021 15:43 (1:18): ClientUserinfoChanged: 1 n\Kyle\t\0\model\kyle\c1\1\c2\4\hc\100\w\0\l\0\skill\ 5.00\tt\0\tl\0\siegeclass\none\st\Kyle\st2\none\dt\0\sdt\0
3-23-2021 15:43 (1:40): Kill: 0 1 3: astupidbot killed Kyle by MOD_SABER
3-23-2021 15:43 (1:40): duel: astupidbot won a duel against Kyle
3-23-2021 15:43 (1:41): ClientUserinfoChanged handling info: 1 \team\0\skill\ 5.00\personality\botfiles/newkyle.jkb\saber2\none\saber1\kyle\color2\4\color1\1\sex\male\model\kyle\snaps\20\rate\25000\name\Kyle
3-23-2021 15:43 (1:41): ClientUserinfoChanged: 1 n\Kyle\t\0\model\kyle\c1\1\c2\4\hc\100\w\0\l\0\skill\ 5.00\tt\0\tl\0\siegeclass\none\st\Kyle\st2\none\dt\0\sdt\0
3-23-2021 15:44 (1:58): Kill: 1 0 3: Kyle killed astupidbot by MOD_SABER
3-23-2021 15:44 (1:58): duel: Kyle won a duel against astupidbot
3-23-2021 15:44 (1:59): ClientUserinfoChanged handling info: 0 \team\0\skill\ 5.00\personality\botfiles/astupidbot.jkb\saber2\none\saber1\kyle\color2\4\color1\4\sex\male\model\jawa\snaps\20\rate\25000\name\astupidbot
3-23-2021 15:44 (1:59): ClientUserinfoChanged: 0 n\astupidbot\t\0\model\jawa\c1\4\c2\4\hc\100\w\0\l\0\skill\ 5.00\tt\0\tl\0\siegeclass\none\st\Kyle\st2\none\dt\0\sdt\0
3-23-2021 15:44 (2:00): say: Kyle: Good Fight
3-23-2021 15:44 (2:42): Kill: 0 1 3: astupidbot killed Kyle by MOD_SABER
3-23-2021 15:44 (2:42): duel: astupidbot won a duel against Kyle
3-23-2021 15:44 (2:43): ClientUserinfoChanged handling info: 1 \team\0\skill\ 5.00\personality\botfiles/newkyle.jkb\saber2\none\saber1\kyle\color2\4\color1\1\sex\male\model\kyle\snaps\20\rate\25000\name\Kyle
3-23-2021 15:44 (2:43): ClientUserinfoChanged: 1 n\Kyle\t\0\model\kyle\c1\1\c2\4\hc\100\w\0\l\0\skill\ 5.00\tt\0\tl\0\siegeclass\none\st\Kyle\st2\none\dt\0\sdt\0
3-23-2021 15:45 (3:08): Kill: 1022 1 41: <world> killed Kyle by MOD_TRIGGER_HURT
3-23-2021 15:45 (3:10): say: astupidbot: hehe!
3-23-2021 15:45 (3:10): ClientUserinfoChanged handling info: 1 \team\0\skill\ 5.00\personality\botfiles/newkyle.jkb\saber2\none\saber1\kyle\color2\4\color1\1\sex\male\model\kyle\snaps\20\rate\25000\name\Kyle
3-23-2021 15:45 (3:10): ClientUserinfoChanged: 1 n\Kyle\t\0\model\kyle\c1\1\c2\4\hc\100\w\0\l\0\skill\ 5.00\tt\0\tl\0\siegeclass\none\st\Kyle\st2\none\dt\0\sdt\0
3-23-2021 15:45 (3:10): say: Kyle: Good Fight
3-23-2021 15:45 (3:11): Kill: 1022 0 41: <world> killed astupidbot by MOD_TRIGGER_HURT
3-23-2021 15:45 (3:12): ClientUserinfoChanged handling info: 0 \team\0\skill\ 5.00\personality\botfiles/astupidbot.jkb\saber2\none\saber1\kyle\color2\4\color1\4\sex\male\model\jawa\snaps\20\rate\25000\name\astupidbot
3-23-2021 15:45 (3:12): ClientUserinfoChanged: 0 n\astupidbot\t\0\model\jawa\c1\4\c2\4\hc\100\w\0\l\0\skill\ 5.00\tt\0\tl\0\siegeclass\none\st\Kyle\st2\none\dt\0\sdt\0
3-23-2021 15:45 (3:12): say: astupidbot: ouch
3-23-2021 15:45 (3:20): ClientDisconnect: 3
3-23-2021 16:27 (45:00): Exit: Timelimit hit.
3-23-2021 16:27 (45:00): score: 1  ping: 47  client: 0 astupidbot
3-23-2021 16:27 (45:00): score: 0  ping: 41  client: 1 Kyle
3-23-2021 18:45 (183:45): ClientConnect: 2
3-23-2021 18:45 (183:45): ClientUserinfoChanged handling info: 2 \ip\82.76.59.193:29070\challenge\-1787212712\qport\26465\protocol\26\name\Kweek\rate\4000\snaps\20\model\jeditrainer/default\forcepowers\7-2-020000000000000110\color1\3\color2\4\handicap\100\sex\male\cg_predictItems\1\saber1\dual_1\saber2\none\char_color_red\255\char_color_green\255\char_color_blue\255\teamtask\0
3-23-2021 18:45 (183:45): ClientUserinfoChanged: 2 n\Kweek\t\0\model\jeditrainer/default\c1\3\c2\4\hc\0\w\0\l\0\tt\0\tl\0\st\\st2\\dt\0
3-23-2021 18:45 (183:45): IP: 82.76.59.193 Kweek
3-23-2021 18:45 (183:51): ClientUserinfoChanged handling info: 2 \ip\82.76.59.193:29070\name\Kweek\rate\4000\snaps\20\model\jedi_rm/head_c1|torso_f1|lower_b1\forcepowers\7-2-030330330000032330\color1\3\color2\4\handicap\100\sex\male\cg_predictItems\1\saber1\dual_1\saber2\none\char_color_red\49\char_color_green\155\char_color_blue\131\teamtask\0\teamoverlay\1
3-23-2021 18:45 (183:51): ClientUserinfoChanged: 2 n\Kweek\t\0\model\jedi_rm/head_c1|torso_f1|lower_b1\c1\3\c2\4\hc\0\w\0\l\0\tt\0\tl\0\st\dual_1\st2\none\dt\0
3-23-2021 18:45 (183:51): ClientUserinfoChanged handling info: 2 \ip\82.76.59.193:29070\name\Kweek\rate\4000\snaps\20\model\jedi_rm/head_c1|torso_f1|lower_b1\forcepowers\7-2-030330330000032330\color1\3\color2\4\handicap\100\sex\male\cg_predictItems\1\saber1\dual_1\saber2\none\char_color_red\49\char_color_green\155\char_color_blue\131\teamtask\0\teamoverlay\1
3-23-2021 18:45 (183:51): ClientUserinfoChanged: 2 n\Kweek\t\0\model\jedi_rm/head_c1|torso_f1|lower_b1\c1\3\c2\4\hc\100\w\0\l\0\tt\0\tl\0\st\dual_1\st2\none\dt\0
3-23-2021 18:45 (183:51): ClientBegin: 2
3-23-2021 18:45 (183:52): ShutdownGame:
3-23-2021 18:45 (183:52): ------------------------------------------------------------
3-23-2021 18:45 (0:00): ------------------------------------------------------------
3-23-2021 18:45 (0:00): InitGame: \version\JAmp: v1.0.1.0 linux-i386 Mar 14 2020\timelimit\45\sv_privateClients\0\sv_minRate\0\sv_minPing\0\sv_maxclients\32\sv_maxRate\0\sv_maxPing\999\sv_hostname\^7~^1~^7~ COMM SERVER ~^1~^7~\sv_fps\50\sv_floodProtectSlow\1\sv_floodProtect\1\sv_autoDemo\0\sv_allowDownload\0\serveruptime\134\protocol\26\mapname\mp/duel6\gamename\Lugormod\g_weaponDisable\0\g_stepSlideFix\0\g_siegeTeamSwitch\1\g_siegeTeam2\none\g_siegeTeam1\none\g_siegeRespawn\20\g_showDuelHealths\1\g_saberWallDamageScale\0.4\g_saberLocking\0\g_privateDuel\1535\g_noSpecMove\0\g_needpass\0\g_maxHolocronCarry\3\g_maxGameClients\0\g_maxForceRank\7\g_jediVmerc\0\g_gametype\0\g_gamemode\0\g_forceRegenTime\160\g_forcePowerDisable\0\g_forceBasedTeams\1\g_duelWeaponDisable\9\g_debugmelee\1\g_allowNPC\1\fs_game\lugormod\fraglimit\0\duel_fraglimit\10\dmflags\0\capturelimit\10\bot_minplayers\2\bg_fighterAltControl\0\Lugormod_Version\U#-0.0.0.91 Alpha
3-23-2021 18:45 (0:00): ClientConnect: 0
3-23-2021 18:45 (0:00): ClientUserinfoChanged handling info: 0 \team\0\skill\ 5.00\personality\botfiles/astupidbot.jkb\saber2\none\saber1\kyle\color2\4\color1\4\sex\male\model\jawa\snaps\20\rate\25000\name\astupidbot
3-23-2021 18:45 (0:00): ClientUserinfoChanged: 0 n\astupidbot\t\0\model\jawa\c1\4\c2\4\hc\0\w\0\l\0\skill\ 5.00\tt\0\tl\0\siegeclass\none\st\Kyle\st2\none\dt\0\sdt\0
3-23-2021 18:45 (0:00): ClientUserinfoChanged handling info: 0 \team\0\skill\ 5.00\personality\botfiles/astupidbot.jkb\saber2\none\saber1\kyle\color2\4\color1\4\sex\male\model\jawa\snaps\20\rate\25000\name\astupidbot
3-23-2021 18:45 (0:00): ClientUserinfoChanged: 0 n\astupidbot\t\0\model\jawa\c1\4\c2\4\hc\100\w\0\l\0\skill\ 5.00\tt\0\tl\0\siegeclass\none\st\Kyle\st2\none\dt\0\sdt\0
3-23-2021 18:45 (0:00): ClientBegin: 0
3-23-2021 18:45 (0:00): ClientConnect: 1
3-23-2021 18:45 (0:00): ClientUserinfoChanged handling info: 1 \team\0\skill\ 5.00\personality\botfiles/newkyle.jkb\saber2\none\saber1\kyle\color2\4\color1\1\sex\male\model\kyle\snaps\20\rate\25000\name\Kyle
3-23-2021 18:45 (0:00): ClientUserinfoChanged: 1 n\Kyle\t\0\model\kyle\c1\1\c2\4\hc\0\w\0\l\0\skill\ 5.00\tt\0\tl\0\siegeclass\none\st\Kyle\st2\none\dt\0\sdt\0
3-23-2021 18:45 (0:00): ClientUserinfoChanged handling info: 1 \team\0\skill\ 5.00\personality\botfiles/newkyle.jkb\saber2\none\saber1\kyle\color2\4\color1\1\sex\male\model\kyle\snaps\20\rate\25000\name\Kyle
3-23-2021 18:45 (0:00): ClientUserinfoChanged: 1 n\Kyle\t\0\model\kyle\c1\1\c2\4\hc\100\w\0\l\0\skill\ 5.00\tt\0\tl\0\siegeclass\none\st\Kyle\st2\none\dt\0\sdt\0
3-23-2021 18:45 (0:00): ClientBegin: 1
3-23-2021 18:45 (0:00): ClientConnect: 2
3-23-2021 18:45 (0:00): ClientUserinfoChanged handling info: 2 \ip\82.76.59.193:29070\name\Kweek\rate\4000\snaps\20\model\jedi_rm/head_c1|torso_f1|lower_b1\forcepowers\7-2-030330330000032330\color1\3\color2\4\handicap\100\sex\male\cg_predictItems\1\saber1\dual_1\saber2\none\char_color_red\49\char_color_green\155\char_color_blue\131\teamtask\0\teamoverlay\1
3-23-2021 18:45 (0:00): ClientUserinfoChanged: 2 n\Kweek\t\0\model\jedi_rm/head_c1|torso_f1|lower_b1\c1\3\c2\4\hc\0\w\0\l\0\tt\0\tl\0\st\dual_1\st2\none\dt\0
3-23-2021 18:46 (0:05): ClientUserinfoChanged handling info: 2 \ip\82.76.59.193:29070\name\Kweek\rate\4000\snaps\20\model\jedi_rm/head_c1|torso_f1|lower_b1\forcepowers\7-2-030330330000032330\color1\3\color2\4\handicap\100\sex\male\cg_predictItems\1\saber1\dual_1\saber2\none\char_color_red\49\char_color_green\155\char_color_blue\131\teamtask\0\teamoverlay\1
3-23-2021 18:46 (0:05): ClientUserinfoChanged: 2 n\Kweek\t\0\model\jedi_rm/head_c1|torso_f1|lower_b1\c1\3\c2\4\hc\0\w\0\l\0\tt\0\tl\0\st\dual_1\st2\none\dt\0
3-23-2021 18:46 (0:05): ClientUserinfoChanged handling info: 2 \ip\82.76.59.193:29070\name\Kweek\rate\4000\snaps\20\model\jedi_rm/head_c1|torso_f1|lower_b1\forcepowers\7-2-030330330000032330\color1\3\color2\4\handicap\100\sex\male\cg_predictItems\1\saber1\dual_1\saber2\none\char_color_red\49\char_color_green\155\char_color_blue\131\teamtask\0\teamoverlay\1
3-23-2021 18:46 (0:05): ClientUserinfoChanged: 2 n\Kweek\t\0\model\jedi_rm/head_c1|torso_f1|lower_b1\c1\3\c2\4\hc\100\w\0\l\0\tt\0\tl\0\st\dual_1\st2\none\dt\0
3-23-2021 18:46 (0:05): ClientBegin: 2
3-23-2021 18:46 (0:30): say: astupidbot: cya
3-23-2021 18:46 (0:30): ClientDisconnect: 0
3-23-2021 18:47 (1:16): Kill: 1 2 3: Kyle killed Kweek by MOD_SABER
3-23-2021 18:47 (1:16): duel: Kyle won a duel against Kweek
3-23-2021 18:47 (1:17): ClientUserinfoChanged handling info: 2 \ip\82.76.59.193:29070\name\Kweek\rate\4000\snaps\20\model\jedi_rm/head_c1|torso_f1|lower_b1\forcepowers\7-2-030330330000032330\color1\3\color2\4\handicap\100\sex\male\cg_predictItems\1\saber1\dual_1\saber2\none\char_color_red\49\char_color_green\155\char_color_blue\131\teamtask\0\teamoverlay\1
3-23-2021 18:47 (1:17): ClientUserinfoChanged: 2 n\Kweek\t\0\model\jedi_rm/head_c1|torso_f1|lower_b1\c1\3\c2\4\hc\100\w\0\l\0\tt\0\tl\0\st\dual_1\st2\none\dt\0
3-23-2021 18:47 (1:18): say: Kyle: hehe!
3-23-2021 18:48 (2:49): Kill: 1 2 3: Kyle killed Kweek by MOD_SABER
3-23-2021 18:48 (2:49): duel: Kyle won a duel against Kweek
3-23-2021 18:48 (2:50): ClientUserinfoChanged handling info: 2 \ip\82.76.59.193:29070\name\Kweek\rate\4000\snaps\20\model\jedi_rm/head_c1|torso_f1|lower_b1\forcepowers\7-2-030330330000032330\color1\3\color2\4\handicap\100\sex\male\cg_predictItems\1\saber1\dual_1\saber2\none\char_color_red\49\char_color_green\155\char_color_blue\131\teamtask\0\teamoverlay\1
3-23-2021 18:48 (2:50): ClientUserinfoChanged: 2 n\Kweek\t\0\model\jedi_rm/head_c1|torso_f1|lower_b1\c1\3\c2\4\hc\100\w\0\l\0\tt\0\tl\0\st\dual_1\st2\none\dt\0
3-23-2021 18:49 (3:36): ClientDisconnect: 2
3-23-2021 18:49 (3:38): ClientConnect: 0
3-23-2021 18:49 (3:38): ClientUserinfoChanged handling info: 0 \team\0\skill\ 5.00\personality\botfiles/astupidbot.jkb\saber2\none\saber1\kyle\color2\4\color1\4\sex\male\model\jawa\snaps\20\rate\25000\name\astupidbot
3-23-2021 18:49 (3:38): ClientUserinfoChanged: 0 n\astupidbot\t\0\model\jawa\c1\4\c2\4\hc\0\w\0\l\0\skill\ 5.00\tt\0\tl\0\siegeclass\none\st\\st2\\dt\0\sdt\0
3-23-2021 18:49 (3:38): IP: localhost astupidbot
3-23-2021 18:49 (3:38): ClientUserinfoChanged handling info: 0 \team\0\skill\ 5.00\personality\botfiles/astupidbot.jkb\saber2\none\saber1\kyle\color2\4\color1\4\sex\male\model\jawa\snaps\20\rate\25000\name\astupidbot
3-23-2021 18:49 (3:38): ClientUserinfoChanged: 0 n\astupidbot\t\0\model\jawa\c1\4\c2\4\hc\100\w\0\l\0\skill\ 5.00\tt\0\tl\0\siegeclass\none\st\Kyle\st2\none\dt\0\sdt\0
3-23-2021 18:49 (3:38): ClientBegin: 0
3-23-2021 19:30 (45:00): Exit: Timelimit hit.
3-23-2021 19:30 (45:00): score: 2  ping: 42  client: 1 Kyle
3-23-2021 19:30 (45:00): score: 0  ping: 50  client: 0 astupidbot
3-24-2021 2:22 (456:02): ClientConnect: 2
3-24-2021 2:22 (456:02): ClientUserinfoChanged handling info: 2 \ip\24.201.24.132:29071\challenge\1133261192\qport\4149\protocol\26\snaps\40\sex\male\saber2\single_1\saber1\dual_1_single\rate\25000\name\^4C^7or\model\rodian/blue\handicap\100\forcepowers\7-1-030003000030003333\color2\4\color1\2\char_color_red\255\char_color_green\255\char_color_blue\255\cg_predictItems\1\teamtask\0
3-24-2021 2:22 (456:02): ClientUserinfoChanged: 2 n\^4C^7or\t\0\model\rodian/blue\c1\2\c2\4\hc\0\w\0\l\0\tt\0\tl\0\st\\st2\\dt\0
3-24-2021 2:22 (456:02): IP: 24.201.24.132 ^4C^7or
3-24-2021 2:22 (456:10): ClientUserinfoChanged handling info: 2 \ip\24.201.24.132:29071\snaps\40\sex\male\saber2\single_1\saber1\dual_1_single\rate\25000\name\^4C^7or\model\rodian/blue\handicap\100\forcepowers\7-1-030003000030003333\color2\4\color1\2\char_color_red\255\char_color_green\255\char_color_blue\255\cg_predictItems\1\teamtask\0\teamoverlay\1
3-24-2021 2:22 (456:10): ClientUserinfoChanged: 2 n\^4C^7or\t\0\model\rodian/blue\c1\2\c2\4\hc\0\w\0\l\0\tt\0\tl\0\st\default\st2\single_1\dt\0
3-24-2021 2:22 (456:10): ClientUserinfoChanged handling info: 2 \saber1\default\ip\24.201.24.132:29071\snaps\40\sex\male\saber2\single_1\rate\25000\name\^4C^7or\model\rodian/blue\handicap\100\forcepowers\7-color2\4\color1\2\char_colo\4\color1\2\char_color_red\255\char_color_green\255\char_color_blue\255\cg_predictItems\1\teamtask\0\teamoverlay\1
3-24-2021 2:22 (456:10): ClientUserinfoChanged: 2 n\^4C^7or\t\0\model\rodian/blue\c1\\c2\\hc\100\w\0\l\0\tt\0\tl\0\st\default\st2\single_1\dt\0
3-24-2021 2:22 (456:10): ClientBegin: 2
3-24-2021 2:22 (456:11): say: ^4C^7or: ^1Boba^0Fett's ^3Ultra Utility ^7v3 ^5Beta 17a ^7- ^5U^7ltra^7-^5U^7tility^5.^7com
3-24-2021 2:22 (456:11): ShutdownGame:
3-24-2021 2:22 (456:11): ------------------------------------------------------------
