1-22-2021 7:47 (0:00): ------------------------------------------------------------
1-22-2021 7:47 (0:00): InitGame: \version\JAmp: v1.0.1.0 linux-i386 Mar 14 2020\timelimit\45\sv_privateClients\0\sv_minRate\0\sv_minPing\0\sv_maxclients\32\sv_maxRate\0\sv_maxPing\999\sv_hostname\^7~^1~^7~ COMM SERVER ~^1~^7~\sv_fps\50\sv_floodProtectSlow\1\sv_floodProtect\1\sv_autoDemo\0\sv_allowDownload\0\serveruptime\39\protocol\26\mapname\taspir1\gamename\Lugormod\g_weaponDisable\0\g_stepSlideFix\0\g_siegeTeamSwitch\1\g_siegeTeam2\none\g_siegeTeam1\none\g_siegeRespawn\20\g_showDuelHealths\1\g_saberWallDamageScale\0.4\g_saberLocking\0\g_privateDuel\1535\g_noSpecMove\0\g_needpass\0\g_maxHolocronCarry\3\g_maxGameClients\0\g_maxForceRank\7\g_jediVmerc\0\g_gametype\0\g_gamemode\0\g_forceRegenTime\160\g_forcePowerDisable\0\g_forceBasedTeams\1\g_duelWeaponDisable\9\g_debugmelee\1\g_allowNPC\1\fs_game\lugormod\fraglimit\0\duel_fraglimit\10\dmflags\0\capturelimit\10\bot_minplayers\2\bg_fighterAltControl\0\Lugormod_Version\U#-0.0.0.91 Alpha
1-22-2021 7:47 (0:00): ClientConnect: 0
1-22-2021 7:47 (0:00): ClientUserinfoChanged handling info: 0 \ip\97.90.159.89:29070\char_color_blue\255\char_color_green\255\char_color_red\255\saber2\none\saber1\single_1\cg_predictItems\1\sex\male\handicap\100\color2\4\color1\4\forcepowers\7-1-030000000000000330\model\boba_fett/default\snaps\20\rate\4000\name\VRYLLION\teamtask\0\password\vino\g_password\vino\teamoverlay\1
1-22-2021 7:47 (0:00): ClientUserinfoChanged: 0 n\VRYLLION\t\0\model\boba_fett/default\c1\4\c2\4\hc\0\w\0\l\0\tt\0\tl\0\st\single_1\st2\none\dt\0
1-22-2021 7:47 (0:00): ClientConnect: 1
1-22-2021 7:47 (0:00): ClientUserinfoChanged handling info: 1 \team\0\skill\ 5.00\personality\botfiles/newkyle.jkb\saber2\none\saber1\kyle\color2\4\color1\1\sex\male\model\kyle\snaps\20\rate\25000\name\Kyle
1-22-2021 7:47 (0:00): ClientUserinfoChanged: 1 n\Kyle\t\0\model\kyle\c1\1\c2\4\hc\0\w\0\l\0\skill\ 5.00\tt\0\tl\0\siegeclass\none\st\Kyle\st2\none\dt\0\sdt\0
1-22-2021 7:47 (0:00): ClientUserinfoChanged handling info: 1 \team\0\skill\ 5.00\personality\botfiles/newkyle.jkb\saber2\none\saber1\kyle\color2\4\color1\1\sex\male\model\kyle\snaps\20\rate\25000\name\Kyle
1-22-2021 7:47 (0:00): ClientUserinfoChanged: 1 n\Kyle\t\0\model\kyle\c1\1\c2\4\hc\100\w\0\l\0\skill\ 5.00\tt\0\tl\0\siegeclass\none\st\Kyle\st2\none\dt\0\sdt\0
1-22-2021 7:47 (0:00): ClientBegin: 1
1-22-2021 7:48 (0:08): ClientUserinfoChanged handling info: 0 \ip\97.90.159.89:29070\char_color_blue\255\char_color_green\255\char_color_red\255\saber2\none\saber1\single_1\cg_predictItems\1\sex\male\handicap\100\color2\4\color1\4\forcepowers\7-1-030000000000000330\model\boba_fett/default\snaps\20\rate\4000\name\VRYLLION\teamtask\0\password\vino\g_password\vino\teamoverlay\1
1-22-2021 7:48 (0:08): ClientUserinfoChanged: 0 n\VRYLLION\t\0\model\boba_fett/default\c1\4\c2\4\hc\0\w\0\l\0\tt\0\tl\0\st\single_1\st2\none\dt\0
1-22-2021 7:48 (0:08): ClientUserinfoChanged handling info: 0 \ip\97.90.159.89:29070\char_color_blue\255\char_color_green\255\char_color_red\255\saber2\none\saber1\single_1\cg_predictItems\1\sex\male\handicap\100\color2\4\color1\4\forcepowers\7-1-030000000000000330\model\boba_fett/default\snaps\20\rate\4000\name\VRYLLION\teamtask\0\password\vino\g_password\vino\teamoverlay\1
1-22-2021 7:48 (0:08): ClientUserinfoChanged: 0 n\VRYLLION\t\0\model\boba_fett/default\c1\4\c2\4\hc\100\w\0\l\0\tt\0\tl\0\st\single_1\st2\none\dt\0
1-22-2021 7:48 (0:08): ClientBegin: 0
1-22-2021 7:48 (0:09): Kill: 1022 1 41: <world> killed Kyle by MOD_TRIGGER_HURT
1-22-2021 7:48 (0:11): ClientUserinfoChanged handling info: 1 \team\0\skill\ 5.00\personality\botfiles/newkyle.jkb\saber2\none\saber1\kyle\color2\4\color1\1\sex\male\model\kyle\snaps\20\rate\25000\name\Kyle
1-22-2021 7:48 (0:11): ClientUserinfoChanged: 1 n\Kyle\t\0\model\kyle\c1\1\c2\4\hc\100\w\0\l\0\skill\ 5.00\tt\0\tl\0\siegeclass\none\st\Kyle\st2\none\dt\0\sdt\0
1-22-2021 7:48 (0:22): ClientConnect: 2
1-22-2021 7:48 (0:22): ClientUserinfoChanged handling info: 2 \ip\71.62.93.223:29070\challenge\816498364\qport\44088\protocol\26\char_color_blue\255\char_color_green\255\char_color_red\255\saber2\none\saber1\single_1\cg_predictItems\1\sex\male\handicap\100\color2\4\color1\4\forcepowers\7-1-030000000000000330\model\luke/default\snaps\20\rate\4000\name\PAPI MO\teamtask\0\teamoverlay\1
1-22-2021 7:48 (0:22): ClientUserinfoChanged: 2 n\PAPI MO\t\0\model\luke/default\c1\4\c2\4\hc\0\w\0\l\0\tt\0\tl\0\st\\st2\\dt\0
1-22-2021 7:48 (0:22): IP: 71.62.93.223 PAPI MO
1-22-2021 7:48 (0:29): ClientUserinfoChanged handling info: 2 \ip\71.62.93.223:29070\char_color_blue\255\char_color_green\255\char_color_red\255\saber2\none\saber1\single_1\cg_predictItems\1\sex\male\handicap\100\color2\4\color1\4\forcepowers\7-1-030000000000000330\model\snowtrooper/default\snaps\20\rate\4000\name\PAPI MO\teamtask\0\teamoverlay\1
1-22-2021 7:48 (0:29): ClientUserinfoChanged: 2 n\PAPI MO\t\0\model\snowtrooper/default\c1\4\c2\4\hc\0\w\0\l\0\tt\0\tl\0\st\single_1\st2\none\dt\0
1-22-2021 7:48 (0:29): ClientUserinfoChanged handling info: 2 \ip\71.62.93.223:29070\char_color_blue\255\char_color_green\255\char_color_red\255\saber2\none\saber1\single_1\cg_predictItems\1\sex\male\handicap\100\color2\4\color1\4\forcepowers\7-1-030000000000000330\model\snowtrooper/default\snaps\20\rate\4000\name\PAPI MO\teamtask\0\teamoverlay\1
1-22-2021 7:48 (0:29): ClientUserinfoChanged: 2 n\PAPI MO\t\0\model\snowtrooper/default\c1\4\c2\4\hc\100\w\0\l\0\tt\0\tl\0\st\single_1\st2\none\dt\0
1-22-2021 7:48 (0:29): ClientBegin: 2
1-22-2021 7:48 (0:30): say: Kyle: cya
1-22-2021 7:48 (0:30): ClientDisconnect: 1
1-22-2021 7:48 (0:58): Kill: 2 0 3: PAPI MO killed VRYLLION by MOD_SABER
1-22-2021 7:48 (0:59): ClientUserinfoChanged handling info: 0 \ip\97.90.159.89:29070\char_color_blue\255\char_color_green\255\char_color_red\255\saber2\none\saber1\single_1\cg_predictItems\1\sex\male\handicap\100\color2\4\color1\4\forcepowers\7-1-030000000000000330\model\boba_fett/default\snaps\20\rate\4000\name\VRYLLION\teamtask\0\password\vino\g_password\vino\teamoverlay\1
1-22-2021 7:48 (0:59): ClientUserinfoChanged: 0 n\VRYLLION\t\0\model\boba_fett/default\c1\4\c2\4\hc\100\w\0\l\0\tt\0\tl\0\st\single_1\st2\none\dt\0
1-22-2021 7:49 (1:24): ClientDisconnect: 0
1-22-2021 7:49 (1:33): ClientConnect: 0
1-22-2021 7:49 (1:33): ClientUserinfoChanged handling info: 0 \team\0\skill\ 5.00\personality\botfiles/astupidbot.jkb\saber2\none\saber1\kyle\color2\4\color1\4\sex\male\model\jawa\snaps\20\rate\25000\name\astupidbot
1-22-2021 7:49 (1:33): ClientUserinfoChanged: 0 n\astupidbot\t\0\model\jawa\c1\4\c2\4\hc\0\w\0\l\0\skill\ 5.00\tt\0\tl\0\siegeclass\none\st\\st2\\dt\0\sdt\0
1-22-2021 7:49 (1:33): IP: localhost astupidbot
1-22-2021 7:49 (1:33): ClientUserinfoChanged handling info: 0 \team\0\skill\ 5.00\personality\botfiles/astupidbot.jkb\saber2\none\saber1\kyle\color2\4\color1\4\sex\male\model\jawa\snaps\20\rate\25000\name\astupidbot
1-22-2021 7:49 (1:33): ClientUserinfoChanged: 0 n\astupidbot\t\0\model\jawa\c1\4\c2\4\hc\100\w\0\l\0\skill\ 5.00\tt\0\tl\0\siegeclass\none\st\Kyle\st2\none\dt\0\sdt\0
1-22-2021 7:49 (1:33): ClientBegin: 0
1-22-2021 7:49 (1:33): ClientDisconnect: 2
1-22-2021 7:49 (2:03): ClientConnect: 1
1-22-2021 7:49 (2:03): ClientUserinfoChanged handling info: 1 \team\0\skill\ 5.00\personality\botfiles/newkyle.jkb\saber2\none\saber1\kyle\color2\4\color1\1\sex\male\model\kyle\snaps\20\rate\25000\name\Kyle
1-22-2021 7:49 (2:03): ClientUserinfoChanged: 1 n\Kyle\t\0\model\kyle\c1\1\c2\4\hc\0\w\0\l\0\skill\ 5.00\tt\0\tl\0\siegeclass\none\st\\st2\\dt\0\sdt\0
1-22-2021 7:49 (2:03): IP: localhost Kyle
1-22-2021 7:49 (2:03): ClientUserinfoChanged handling info: 1 \team\0\skill\ 5.00\personality\botfiles/newkyle.jkb\saber2\none\saber1\kyle\color2\4\color1\1\sex\male\model\kyle\snaps\20\rate\25000\name\Kyle
1-22-2021 7:49 (2:03): ClientUserinfoChanged: 1 n\Kyle\t\0\model\kyle\c1\1\c2\4\hc\100\w\0\l\0\skill\ 5.00\tt\0\tl\0\siegeclass\none\st\Kyle\st2\none\dt\0\sdt\0
1-22-2021 7:49 (2:03): ClientBegin: 1
1-22-2021 8:17 (29:06): ClientConnect: 2
1-22-2021 8:17 (29:06): ClientUserinfoChanged handling info: 2 \ip\65.35.234.231:29070\challenge\-1883782220\qport\9633\protocol\26\char_color_blue\255\char_color_green\255\char_color_red\255\saber2\none\saber1\dual_1\cg_predictItems\1\sex\male\handicap\100\color2\4\color1\0\forcepowers\1-1-010000000000000100\model\snowtrooper/default\snaps\20\rate\4000\name\^5C^7¥^5ber\teamtask\0\teamoverlay\1
1-22-2021 8:17 (29:06): ClientUserinfoChanged: 2 n\^5C^7¥^5ber\t\0\model\snowtrooper/default\c1\0\c2\4\hc\0\w\0\l\0\tt\0\tl\0\st\\st2\\dt\0
1-22-2021 8:17 (29:06): IP: 65.35.234.231 ^5C^7¥^5ber
1-22-2021 8:17 (29:14): ClientUserinfoChanged handling info: 2 \ip\65.35.234.231:29070\char_color_blue\255\char_color_green\255\char_color_red\255\saber2\none\saber1\dual_1\cg_predictItems\1\sex\male\handicap\100\color2\4\color1\0\forcepowers\1-1-010000000000000100\model\snowtrooper/default\snaps\20\rate\4000\name\^5C^7¥^5ber\teamtask\0\teamoverlay\1
1-22-2021 8:17 (29:14): ClientUserinfoChanged: 2 n\^5C^7¥^5ber\t\0\model\snowtrooper/default\c1\0\c2\4\hc\0\w\0\l\0\tt\0\tl\0\st\dual_1\st2\none\dt\0
1-22-2021 8:17 (29:14): ClientUserinfoChanged handling info: 2 \ip\65.35.234.231:29070\char_color_blue\255\char_color_green\255\char_color_red\255\saber2\none\saber1\dual_1\cg_predictItems\1\sex\male\handicap\100\color2\4\color1\0\forcepowers\1-1-010000000000000100\model\snowtrooper/default\snaps\20\rate\4000\name\^5C^7¥^5ber\teamtask\0\teamoverlay\1
1-22-2021 8:17 (29:14): ClientUserinfoChanged: 2 n\^5C^7¥^5ber\t\0\model\snowtrooper/default\c1\0\c2\4\hc\100\w\0\l\0\tt\0\tl\0\st\dual_1\st2\none\dt\0
1-22-2021 8:17 (29:14): ClientBegin: 2
1-22-2021 8:17 (29:23): say: astupidbot: cya
1-22-2021 8:17 (29:23): ClientDisconnect: 0
1-22-2021 8:17 (29:25): say: Kyle: bye
1-22-2021 8:17 (29:31): say: ^5C^7¥^5ber: lol
1-22-2021 8:17 (29:32): Kill: 1022 1 41: <world> killed Kyle by MOD_TRIGGER_HURT
1-22-2021 8:17 (29:33): ClientUserinfoChanged handling info: 1 \team\0\skill\ 5.00\personality\botfiles/newkyle.jkb\saber2\none\saber1\kyle\color2\4\color1\1\sex\male\model\kyle\snaps\20\rate\25000\name\Kyle
1-22-2021 8:17 (29:33): ClientUserinfoChanged: 1 n\Kyle\t\0\model\kyle\c1\1\c2\4\hc\100\w\0\l\0\skill\ 5.00\tt\0\tl\0\siegeclass\none\st\Kyle\st2\none\dt\0\sdt\0
1-22-2021 8:17 (29:42): Kill: 1022 1 41: <world> killed Kyle by MOD_TRIGGER_HURT
1-22-2021 8:17 (29:43): ClientUserinfoChanged handling info: 1 \team\0\skill\ 5.00\personality\botfiles/newkyle.jkb\saber2\none\saber1\kyle\color2\4\color1\1\sex\male\model\kyle\snaps\20\rate\25000\name\Kyle
1-22-2021 8:17 (29:43): ClientUserinfoChanged: 1 n\Kyle\t\0\model\kyle\c1\1\c2\4\hc\100\w\0\l\0\skill\ 5.00\tt\0\tl\0\siegeclass\none\st\Kyle\st2\none\dt\0\sdt\0
1-22-2021 8:17 (29:44): Kill: 1022 2 39: <world> killed ^5C^7¥^5ber by MOD_SUICIDE
1-22-2021 8:17 (29:46): ClientUserinfoChanged handling info: 2 \ip\65.35.234.231:29070\char_color_blue\255\char_color_green\255\char_color_red\255\saber2\none\saber1\dual_1\cg_predictItems\1\sex\male\handicap\100\color2\4\color1\0\forcepowers\1-1-010000000000000100\model\snowtrooper/default\snaps\20\rate\4000\name\^5C^7¥^5ber\teamtask\0\teamoverlay\1
1-22-2021 8:17 (29:46): ClientUserinfoChanged: 2 n\^5C^7¥^5ber\t\0\model\snowtrooper/default\c1\0\c2\4\hc\100\w\0\l\0\tt\0\tl\0\st\dual_1\st2\none\dt\0
1-22-2021 8:17 (29:52): Kill: 1022 1 41: <world> killed Kyle by MOD_TRIGGER_HURT
1-22-2021 8:17 (29:53): ClientUserinfoChanged handling info: 1 \team\0\skill\ 5.00\personality\botfiles/newkyle.jkb\saber2\none\saber1\kyle\color2\4\color1\1\sex\male\model\kyle\snaps\20\rate\25000\name\Kyle
1-22-2021 8:17 (29:53): ClientUserinfoChanged: 1 n\Kyle\t\0\model\kyle\c1\1\c2\4\hc\100\w\0\l\0\skill\ 5.00\tt\0\tl\0\siegeclass\none\st\Kyle\st2\none\dt\0\sdt\0
1-22-2021 8:17 (29:57): Kill: 1022 1 41: <world> killed Kyle by MOD_TRIGGER_HURT
1-22-2021 8:17 (29:58): ClientUserinfoChanged handling info: 1 \team\0\skill\ 5.00\personality\botfiles/newkyle.jkb\saber2\none\saber1\kyle\color2\4\color1\1\sex\male\model\kyle\snaps\20\rate\25000\name\Kyle
1-22-2021 8:17 (29:58): ClientUserinfoChanged: 1 n\Kyle\t\0\model\kyle\c1\1\c2\4\hc\100\w\0\l\0\skill\ 5.00\tt\0\tl\0\siegeclass\none\st\Kyle\st2\none\dt\0\sdt\0
1-22-2021 8:18 (30:58): Kill: 1022 2 41: <world> killed ^5C^7¥^5ber by MOD_TRIGGER_HURT
1-22-2021 8:18 (30:59): ClientUserinfoChanged handling info: 2 \ip\65.35.234.231:29070\char_color_blue\255\char_color_green\255\char_color_red\255\saber2\none\saber1\dual_1\cg_predictItems\1\sex\male\handicap\100\color2\4\color1\0\forcepowers\1-1-010000000000000100\model\snowtrooper/default\snaps\20\rate\4000\name\^5C^7¥^5ber\teamtask\0\teamoverlay\1
1-22-2021 8:18 (30:59): ClientUserinfoChanged: 2 n\^5C^7¥^5ber\t\0\model\snowtrooper/default\c1\0\c2\4\hc\100\w\0\l\0\tt\0\tl\0\st\dual_1\st2\none\dt\0
1-22-2021 8:19 (31:25): Kill: 2 1 3: ^5C^7¥^5ber killed Kyle by MOD_SABER
1-22-2021 8:19 (31:26): ClientUserinfoChanged handling info: 1 \team\0\skill\ 5.00\personality\botfiles/newkyle.jkb\saber2\none\saber1\kyle\color2\4\color1\1\sex\male\model\kyle\snaps\20\rate\25000\name\Kyle
1-22-2021 8:19 (31:26): ClientUserinfoChanged: 1 n\Kyle\t\0\model\kyle\c1\1\c2\4\hc\100\w\0\l\0\skill\ 5.00\tt\0\tl\0\siegeclass\none\st\Kyle\st2\none\dt\0\sdt\0
1-22-2021 8:20 (32:11): Kill: 1022 1 41: <world> killed Kyle by MOD_TRIGGER_HURT
1-22-2021 8:20 (32:12): ClientUserinfoChanged handling info: 1 \team\0\skill\ 5.00\personality\botfiles/newkyle.jkb\saber2\none\saber1\kyle\color2\4\color1\1\sex\male\model\kyle\snaps\20\rate\25000\name\Kyle
1-22-2021 8:20 (32:12): ClientUserinfoChanged: 1 n\Kyle\t\0\model\kyle\c1\1\c2\4\hc\100\w\0\l\0\skill\ 5.00\tt\0\tl\0\siegeclass\none\st\Kyle\st2\none\dt\0\sdt\0
1-22-2021 8:20 (32:18): Kill: 1022 1 41: <world> killed Kyle by MOD_TRIGGER_HURT
1-22-2021 8:20 (32:20): ClientUserinfoChanged handling info: 1 \team\0\skill\ 5.00\personality\botfiles/newkyle.jkb\saber2\none\saber1\kyle\color2\4\color1\1\sex\male\model\kyle\snaps\20\rate\25000\name\Kyle
1-22-2021 8:20 (32:20): ClientUserinfoChanged: 1 n\Kyle\t\0\model\kyle\c1\1\c2\4\hc\100\w\0\l\0\skill\ 5.00\tt\0\tl\0\siegeclass\none\st\Kyle\st2\none\dt\0\sdt\0
1-22-2021 8:20 (32:26): Kill: 1022 1 41: <world> killed Kyle by MOD_TRIGGER_HURT
1-22-2021 8:20 (32:28): ClientUserinfoChanged handling info: 1 \team\0\skill\ 5.00\personality\botfiles/newkyle.jkb\saber2\none\saber1\kyle\color2\4\color1\1\sex\male\model\kyle\snaps\20\rate\25000\name\Kyle
1-22-2021 8:20 (32:28): ClientUserinfoChanged: 1 n\Kyle\t\0\model\kyle\c1\1\c2\4\hc\100\w\0\l\0\skill\ 5.00\tt\0\tl\0\siegeclass\none\st\Kyle\st2\none\dt\0\sdt\0
1-22-2021 8:20 (32:28): say: Kyle: dang
1-22-2021 8:20 (32:36): ClientDisconnect: 2
1-22-2021 8:20 (32:50): ClientConnect: 0
1-22-2021 8:20 (32:50): ClientUserinfoChanged handling info: 0 \team\0\skill\ 5.00\personality\botfiles/astupidbot.jkb\saber2\none\saber1\kyle\color2\4\color1\4\sex\male\model\jawa\snaps\20\rate\25000\name\astupidbot
1-22-2021 8:20 (32:50): ClientUserinfoChanged: 0 n\astupidbot\t\0\model\jawa\c1\4\c2\4\hc\0\w\0\l\0\skill\ 5.00\tt\0\tl\0\siegeclass\none\st\\st2\\dt\0\sdt\0
1-22-2021 8:20 (32:50): IP: localhost astupidbot
1-22-2021 8:20 (32:50): ClientUserinfoChanged handling info: 0 \team\0\skill\ 5.00\personality\botfiles/astupidbot.jkb\saber2\none\saber1\kyle\color2\4\color1\4\sex\male\model\jawa\snaps\20\rate\25000\name\astupidbot
1-22-2021 8:20 (32:50): ClientUserinfoChanged: 0 n\astupidbot\t\0\model\jawa\c1\4\c2\4\hc\100\w\0\l\0\skill\ 5.00\tt\0\tl\0\siegeclass\none\st\Kyle\st2\none\dt\0\sdt\0
1-22-2021 8:20 (32:50): ClientBegin: 0
1-22-2021 8:32 (45:00): Exit: Timelimit hit.
1-22-2021 8:32 (45:00): score: 0  ping: 52  client: 0 astupidbot
1-22-2021 8:32 (45:00): score: -7  ping: 44  client: 1 Kyle
1-23-2021 13:25 (1777:41): ClientConnect: 2
1-23-2021 13:25 (1777:41): ClientUserinfoChanged handling info: 2 \ip\178.233.42.232:4442\challenge\-1447649807\qport\18471\protocol\26\name\Padawan\rate\4000\snaps\20\model\bespin_cop/default\forcepowers\6-1-030330000000000333\color1\4\color2\4\handicap\100\sex\male\cg_predictItems\1\saber1\single_1\saber2\none\char_color_red\255\char_color_green\255\char_color_blue\255\teamtask\0
1-23-2021 13:25 (1777:41): ClientUserinfoChanged: 2 n\Padawan\t\0\model\bespin_cop/default\c1\4\c2\4\hc\0\w\0\l\0\tt\0\tl\0\st\\st2\\dt\0
1-23-2021 13:25 (1777:41): IP: 178.233.42.232 Padawan
1-23-2021 13:25 (1777:41): say: astupidbot: Hello
1-23-2021 13:26 (1778:08): ClientUserinfoChanged handling info: 2 \ip\178.233.42.232:4442\name\Padawan\rate\4000\snaps\20\model\bespin_cop/default\forcepowers\6-1-030330000000000333\color1\4\color2\4\handicap\100\sex\male\cg_predictItems\1\saber1\single_1\saber2\none\char_color_red\255\char_color_green\255\char_color_blue\255\teamtask\0\teamoverlay\1
1-23-2021 13:26 (1778:08): ClientUserinfoChanged: 2 n\Padawan\t\0\model\bespin_cop/default\c1\4\c2\4\hc\0\w\0\l\0\tt\0\tl\0\st\single_1\st2\none\dt\0
1-23-2021 13:26 (1778:08): ClientUserinfoChanged handling info: 2 \ip\178.233.42.232:4442\name\Padawan\rate\4000\snaps\20\model\bespin_cop/default\forcepowers\6-1-030330000000000333\color1\4\color2\4\handicap\100\sex\male\cg_predictItems\1\saber1\single_1\saber2\none\char_color_red\255\char_color_green\255\char_color_blue\255\teamtask\0\teamoverlay\1
1-23-2021 13:26 (1778:08): ClientUserinfoChanged: 2 n\Padawan\t\0\model\bespin_cop/default\c1\4\c2\4\hc\100\w\0\l\0\tt\0\tl\0\st\single_1\st2\none\dt\0
1-23-2021 13:26 (1778:08): ClientBegin: 2
1-23-2021 13:26 (1778:10): ShutdownGame:
1-23-2021 13:26 (1778:10): ------------------------------------------------------------
