12-12-2020 4:33 (0:00): ------------------------------------------------------------
12-12-2020 4:33 (0:00): InitGame: \version\JAmp: v1.0.1.0 linux-i386 Mar 14 2020\timelimit\45\sv_privateClients\0\sv_minRate\0\sv_minPing\0\sv_maxclients\32\sv_maxRate\0\sv_maxPing\999\sv_hostname\^7~^1~^7~ COMM SERVER ~^1~^7~\sv_fps\50\sv_floodProtectSlow\1\sv_floodProtect\1\sv_autoDemo\0\sv_allowDownload\0\serveruptime\8\protocol\26\mapname\t3_stamp\gamename\Lugormod\g_weaponDisable\0\g_stepSlideFix\0\g_siegeTeamSwitch\1\g_siegeTeam2\none\g_siegeTeam1\none\g_siegeRespawn\20\g_showDuelHealths\1\g_saberWallDamageScale\0.4\g_saberLocking\0\g_privateDuel\1535\g_noSpecMove\0\g_needpass\0\g_maxHolocronCarry\3\g_maxGameClients\0\g_maxForceRank\7\g_jediVmerc\0\g_gametype\0\g_gamemode\0\g_forceRegenTime\130\g_forcePowerDisable\0\g_forceBasedTeams\1\g_duelWeaponDisable\9\g_debugmelee\1\g_allowNPC\1\fraglimit\0\duel_fraglimit\10\dmflags\0\capturelimit\10\bot_minplayers\2\bg_fighterAltControl\0\Lugormod_Version\U#-0.0.0.91 Alpha
12-12-2020 4:33 (0:00): ClientConnect: 0
12-12-2020 4:33 (0:00): ClientUserinfoChanged handling info: 0 \ip\136.49.101.98:29070\snaps\50\sex\male\saber2\none\saber1\Kyle\rate\25000\name\chains\model\kyle/default\ja_guid\719672E5ADAB3F37334025E53A689EA1\handicap\100\forcepowers\1-1-010000000000000100\color2\4\color1\4\char_color_red\255\char_color_green\255\char_color_blue\255\cg_predictItems\1\teamoverlay\1
12-12-2020 4:33 (0:00): ClientUserinfoChanged: 0 n\Padawan\t\0\model\kyle/default\c1\4\c2\4\hc\0\w\0\l\0\tt\0\tl\0\st\Kyle\st2\none\dt\0
12-12-2020 4:33 (0:00): ClientConnect: 2
12-12-2020 4:33 (0:00): ClientUserinfoChanged handling info: 2 \team\0\skill\ 5.00\personality\botfiles/newkyle.jkb\saber2\none\saber1\kyle\color2\4\color1\1\sex\male\model\kyle\snaps\20\rate\25000\name\Kyle
12-12-2020 4:33 (0:00): ClientUserinfoChanged: 2 n\Kyle\t\0\model\kyle\c1\1\c2\4\hc\0\w\0\l\0\skill\ 5.00\tt\0\tl\0\siegeclass\none\st\Kyle\st2\none\dt\0\sdt\0
12-12-2020 4:33 (0:00): ClientUserinfoChanged handling info: 2 \team\0\skill\ 5.00\personality\botfiles/newkyle.jkb\saber2\none\saber1\kyle\color2\4\color1\1\sex\male\model\kyle\snaps\20\rate\25000\name\Kyle
12-12-2020 4:33 (0:00): ClientUserinfoChanged: 2 n\Kyle\t\0\model\kyle\c1\1\c2\4\hc\100\w\0\l\0\skill\ 5.00\tt\0\tl\0\siegeclass\none\st\Kyle\st2\none\dt\0\sdt\0
12-12-2020 4:33 (0:00): ClientBegin: 2
12-12-2020 4:33 (0:11): ClientUserinfoChanged handling info: 0 \ip\136.49.101.98:29070\teamoverlay\1\snaps\50\sex\male\saber2\none\saber1\Kyle\rate\25000\name\chains\model\kyle/default\ja_guid\719672E5ADAB3F37334025E53A689EA1\handicap\100\forcepowers\1-1-010000000000000100\color2\4\color1\4\char_color_red\255\char_color_green\255\char_color_blue\255\cg_predictItems\1
12-12-2020 4:33 (0:11): ClientUserinfoChanged: 0 n\Padawan\t\0\model\kyle/default\c1\4\c2\4\hc\0\w\0\l\0\tt\0\tl\0\st\Kyle\st2\none\dt\0
12-12-2020 4:33 (0:11): ClientUserinfoChanged handling info: 0 \ip\136.49.101.98:29070\teamoverlay\1\snaps\50\sex\male\saber2\none\saber1\Kyle\rate\25000\name\chains\model\kyle/default\ja_guid\719672E5ADAB3F37334025E53A689EA1\handicap\100\forcepowers\1-1-010000000000000100\color2\4\color1\4\char_color_red\255\char_color_green\255\char_color_blue\255\cg_predictItems\1
12-12-2020 4:33 (0:11): ClientUserinfoChanged: 0 n\Padawan\t\0\model\kyle/default\c1\4\c2\4\hc\100\w\0\l\0\tt\0\tl\0\st\Kyle\st2\none\dt\0
12-12-2020 4:33 (0:11): ClientBegin: 0
12-12-2020 4:33 (0:15): ShutdownGame:
12-12-2020 4:33 (0:15): ------------------------------------------------------------
12-12-2020 4:33 (0:00): ------------------------------------------------------------
12-12-2020 4:33 (0:00): InitGame: \version\JAmp: v1.0.1.0 linux-i386 Mar 14 2020\timelimit\45\sv_privateClients\0\sv_minRate\0\sv_minPing\0\sv_maxclients\32\sv_maxRate\0\sv_maxPing\999\sv_hostname\^7~^1~^7~ COMM SERVER ~^1~^7~\sv_fps\50\sv_floodProtectSlow\1\sv_floodProtect\1\sv_autoDemo\0\sv_allowDownload\0\serveruptime\8\protocol\26\mapname\taspir1\gamename\Lugormod\g_weaponDisable\0\g_stepSlideFix\0\g_siegeTeamSwitch\1\g_siegeTeam2\none\g_siegeTeam1\none\g_siegeRespawn\20\g_showDuelHealths\1\g_saberWallDamageScale\0.4\g_saberLocking\0\g_privateDuel\1535\g_noSpecMove\0\g_needpass\0\g_maxHolocronCarry\3\g_maxGameClients\0\g_maxForceRank\7\g_jediVmerc\0\g_gametype\0\g_gamemode\0\g_forceRegenTime\130\g_forcePowerDisable\0\g_forceBasedTeams\1\g_duelWeaponDisable\9\g_debugmelee\1\g_allowNPC\1\fs_game\lugormod\fraglimit\0\duel_fraglimit\10\dmflags\0\capturelimit\10\bot_minplayers\2\bg_fighterAltControl\0\Lugormod_Version\U#-0.0.0.91 Alpha
12-12-2020 4:33 (0:00): ClientConnect: 0
12-12-2020 4:33 (0:00): ClientUserinfoChanged handling info: 0 \ip\136.49.101.98:29070\teamoverlay\1\snaps\50\sex\male\saber2\none\saber1\Kyle\rate\25000\name\chains\model\kyle/default\ja_guid\719672E5ADAB3F37334025E53A689EA1\handicap\100\forcepowers\1-1-010000000000000100\color2\4\color1\4\char_color_red\255\char_color_green\255\char_color_blue\255\cg_predictItems\1
12-12-2020 4:33 (0:00): ClientUserinfoChanged: 0 n\Padawan\t\0\model\kyle/default\c1\4\c2\4\hc\0\w\0\l\0\tt\0\tl\0\st\Kyle\st2\none\dt\0
12-12-2020 4:33 (0:00): ClientConnect: 2
12-12-2020 4:33 (0:00): ClientUserinfoChanged handling info: 2 \team\0\skill\ 5.00\personality\botfiles/newkyle.jkb\saber2\none\saber1\kyle\color2\4\color1\1\sex\male\model\kyle\snaps\20\rate\25000\name\Kyle
12-12-2020 4:33 (0:00): ClientUserinfoChanged: 2 n\Kyle\t\0\model\kyle\c1\1\c2\4\hc\0\w\0\l\0\skill\ 5.00\tt\0\tl\0\siegeclass\none\st\Kyle\st2\none\dt\0\sdt\0
12-12-2020 4:33 (0:00): ClientUserinfoChanged handling info: 2 \team\0\skill\ 5.00\personality\botfiles/newkyle.jkb\saber2\none\saber1\kyle\color2\4\color1\1\sex\male\model\kyle\snaps\20\rate\25000\name\Kyle
12-12-2020 4:33 (0:00): ClientUserinfoChanged: 2 n\Kyle\t\0\model\kyle\c1\1\c2\4\hc\100\w\0\l\0\skill\ 5.00\tt\0\tl\0\siegeclass\none\st\Kyle\st2\none\dt\0\sdt\0
12-12-2020 4:33 (0:00): ClientBegin: 2
12-12-2020 4:33 (0:09): Kill: 1022 2 41: <world> killed Kyle by MOD_TRIGGER_HURT
12-12-2020 4:33 (0:10): ClientUserinfoChanged handling info: 2 \team\0\skill\ 5.00\personality\botfiles/newkyle.jkb\saber2\none\saber1\kyle\color2\4\color1\1\sex\male\model\kyle\snaps\20\rate\25000\name\Kyle
12-12-2020 4:33 (0:10): ClientUserinfoChanged: 2 n\Kyle\t\0\model\kyle\c1\1\c2\4\hc\100\w\0\l\0\skill\ 5.00\tt\0\tl\0\siegeclass\none\st\Kyle\st2\none\dt\0\sdt\0
12-12-2020 4:33 (0:10): ClientUserinfoChanged handling info: 0 \ip\136.49.101.98:29070\teamoverlay\1\snaps\50\sex\male\saber2\none\saber1\Kyle\rate\25000\name\chains\model\kyle/default\ja_guid\719672E5ADAB3F37334025E53A689EA1\handicap\100\forcepowers\1-1-010000000000000100\color2\4\color1\4\char_color_red\255\char_color_green\255\char_color_blue\255\cg_predictItems\1
12-12-2020 4:33 (0:10): ClientUserinfoChanged: 0 n\Padawan\t\0\model\kyle/default\c1\4\c2\4\hc\0\w\0\l\0\tt\0\tl\0\st\Kyle\st2\none\dt\0
12-12-2020 4:33 (0:10): ClientUserinfoChanged handling info: 0 \ip\136.49.101.98:29070\teamoverlay\1\snaps\50\sex\male\saber2\none\saber1\Kyle\rate\25000\name\chains\model\kyle/default\ja_guid\719672E5ADAB3F37334025E53A689EA1\handicap\100\forcepowers\1-1-010000000000000100\color2\4\color1\4\char_color_red\255\char_color_green\255\char_color_blue\255\cg_predictItems\1
12-12-2020 4:33 (0:10): ClientUserinfoChanged: 0 n\Padawan\t\0\model\kyle/default\c1\4\c2\4\hc\100\w\0\l\0\tt\0\tl\0\st\Kyle\st2\none\dt\0
12-12-2020 4:33 (0:10): ClientBegin: 0
12-12-2020 4:33 (0:18): Kill: 1022 2 41: <world> killed Kyle by MOD_TRIGGER_HURT
12-12-2020 4:33 (0:19): ClientUserinfoChanged handling info: 2 \team\0\skill\ 5.00\personality\botfiles/newkyle.jkb\saber2\none\saber1\kyle\color2\4\color1\1\sex\male\model\kyle\snaps\20\rate\25000\name\Kyle
12-12-2020 4:33 (0:19): ClientUserinfoChanged: 2 n\Kyle\t\0\model\kyle\c1\1\c2\4\hc\100\w\0\l\0\skill\ 5.00\tt\0\tl\0\siegeclass\none\st\Kyle\st2\none\dt\0\sdt\0
12-12-2020 4:33 (0:23): Kill: 1022 2 41: <world> killed Kyle by MOD_TRIGGER_HURT
12-12-2020 4:33 (0:24): ClientUserinfoChanged handling info: 2 \team\0\skill\ 5.00\personality\botfiles/newkyle.jkb\saber2\none\saber1\kyle\color2\4\color1\1\sex\male\model\kyle\snaps\20\rate\25000\name\Kyle
12-12-2020 4:33 (0:24): ClientUserinfoChanged: 2 n\Kyle\t\0\model\kyle\c1\1\c2\4\hc\100\w\0\l\0\skill\ 5.00\tt\0\tl\0\siegeclass\none\st\Kyle\st2\none\dt\0\sdt\0
12-12-2020 4:33 (0:28): Kill: 1022 2 41: <world> killed Kyle by MOD_TRIGGER_HURT
12-12-2020 4:33 (0:29): ClientUserinfoChanged handling info: 2 \team\0\skill\ 5.00\personality\botfiles/newkyle.jkb\saber2\none\saber1\kyle\color2\4\color1\1\sex\male\model\kyle\snaps\20\rate\25000\name\Kyle
12-12-2020 4:33 (0:29): ClientUserinfoChanged: 2 n\Kyle\t\0\model\kyle\c1\1\c2\4\hc\100\w\0\l\0\skill\ 5.00\tt\0\tl\0\siegeclass\none\st\Kyle\st2\none\dt\0\sdt\0
12-12-2020 4:33 (0:34): Kill: 1022 2 41: <world> killed Kyle by MOD_TRIGGER_HURT
12-12-2020 4:33 (0:35): ClientUserinfoChanged handling info: 2 \team\0\skill\ 5.00\personality\botfiles/newkyle.jkb\saber2\none\saber1\kyle\color2\4\color1\1\sex\male\model\kyle\snaps\20\rate\25000\name\Kyle
12-12-2020 4:33 (0:35): ClientUserinfoChanged: 2 n\Kyle\t\0\model\kyle\c1\1\c2\4\hc\100\w\0\l\0\skill\ 5.00\tt\0\tl\0\siegeclass\none\st\Kyle\st2\none\dt\0\sdt\0
12-12-2020 4:33 (0:45): ClientUserinfoChanged handling info: 0 \ip\136.49.101.98:29070\teamoverlay\1\snaps\50\sex\male\saber2\none\saber1\Kyle\rate\25000\name\chains\model\kyle/default\ja_guid\719672E5ADAB3F37334025E53A689EA1\handicap\100\forcepowers\1-1-010000000000000100\color2\4\color1\4\char_color_red\255\char_color_green\255\char_color_blue\255\cg_predictItems\1
12-12-2020 4:33 (0:45): ClientUserinfoChanged: 0 n\Padawan\t\0\model\kyle/default\c1\4\c2\4\hc\100\w\0\l\0\tt\0\tl\0\st\Kyle\st2\none\dt\0
12-12-2020 4:34 (0:50): Kill: 1022 2 41: <world> killed Kyle by MOD_TRIGGER_HURT
12-12-2020 4:34 (0:51): ClientUserinfoChanged handling info: 2 \team\0\skill\ 5.00\personality\botfiles/newkyle.jkb\saber2\none\saber1\kyle\color2\4\color1\1\sex\male\model\kyle\snaps\20\rate\25000\name\Kyle
12-12-2020 4:34 (0:51): ClientUserinfoChanged: 2 n\Kyle\t\0\model\kyle\c1\1\c2\4\hc\100\w\0\l\0\skill\ 5.00\tt\0\tl\0\siegeclass\none\st\Kyle\st2\none\dt\0\sdt\0
12-12-2020 4:34 (1:01): Kill: 1022 2 41: <world> killed Kyle by MOD_TRIGGER_HURT
12-12-2020 4:34 (1:02): ClientUserinfoChanged handling info: 2 \team\0\skill\ 5.00\personality\botfiles/newkyle.jkb\saber2\none\saber1\kyle\color2\4\color1\1\sex\male\model\kyle\snaps\20\rate\25000\name\Kyle
12-12-2020 4:34 (1:02): ClientUserinfoChanged: 2 n\Kyle\t\0\model\kyle\c1\1\c2\4\hc\100\w\0\l\0\skill\ 5.00\tt\0\tl\0\siegeclass\none\st\Kyle\st2\none\dt\0\sdt\0
12-12-2020 4:34 (1:11): Kill: 1022 2 41: <world> killed Kyle by MOD_TRIGGER_HURT
12-12-2020 4:34 (1:12): ClientUserinfoChanged handling info: 2 \team\0\skill\ 5.00\personality\botfiles/newkyle.jkb\saber2\none\saber1\kyle\color2\4\color1\1\sex\male\model\kyle\snaps\20\rate\25000\name\Kyle
12-12-2020 4:34 (1:12): ClientUserinfoChanged: 2 n\Kyle\t\0\model\kyle\c1\1\c2\4\hc\100\w\0\l\0\skill\ 5.00\tt\0\tl\0\siegeclass\none\st\Kyle\st2\none\dt\0\sdt\0
12-12-2020 4:34 (1:22): Kill: 1022 2 41: <world> killed Kyle by MOD_TRIGGER_HURT
12-12-2020 4:34 (1:23): ClientUserinfoChanged handling info: 2 \team\0\skill\ 5.00\personality\botfiles/newkyle.jkb\saber2\none\saber1\kyle\color2\4\color1\1\sex\male\model\kyle\snaps\20\rate\25000\name\Kyle
12-12-2020 4:34 (1:23): ClientUserinfoChanged: 2 n\Kyle\t\0\model\kyle\c1\1\c2\4\hc\100\w\0\l\0\skill\ 5.00\tt\0\tl\0\siegeclass\none\st\Kyle\st2\none\dt\0\sdt\0
12-12-2020 4:34 (1:33): Kill: 1022 2 41: <world> killed Kyle by MOD_TRIGGER_HURT
12-12-2020 4:34 (1:34): ClientUserinfoChanged handling info: 2 \team\0\skill\ 5.00\personality\botfiles/newkyle.jkb\saber2\none\saber1\kyle\color2\4\color1\1\sex\male\model\kyle\snaps\20\rate\25000\name\Kyle
12-12-2020 4:34 (1:34): ClientUserinfoChanged: 2 n\Kyle\t\0\model\kyle\c1\1\c2\4\hc\100\w\0\l\0\skill\ 5.00\tt\0\tl\0\siegeclass\none\st\Kyle\st2\none\dt\0\sdt\0
12-12-2020 4:34 (1:43): Kill: 1022 2 41: <world> killed Kyle by MOD_TRIGGER_HURT
12-12-2020 4:34 (1:44): ClientUserinfoChanged handling info: 2 \team\0\skill\ 5.00\personality\botfiles/newkyle.jkb\saber2\none\saber1\kyle\color2\4\color1\1\sex\male\model\kyle\snaps\20\rate\25000\name\Kyle
12-12-2020 4:34 (1:44): ClientUserinfoChanged: 2 n\Kyle\t\0\model\kyle\c1\1\c2\4\hc\100\w\0\l\0\skill\ 5.00\tt\0\tl\0\siegeclass\none\st\Kyle\st2\none\dt\0\sdt\0
12-12-2020 4:35 (1:54): Kill: 1022 2 41: <world> killed Kyle by MOD_TRIGGER_HURT
12-12-2020 4:35 (1:55): ClientUserinfoChanged handling info: 2 \team\0\skill\ 5.00\personality\botfiles/newkyle.jkb\saber2\none\saber1\kyle\color2\4\color1\1\sex\male\model\kyle\snaps\20\rate\25000\name\Kyle
12-12-2020 4:35 (1:55): ClientUserinfoChanged: 2 n\Kyle\t\0\model\kyle\c1\1\c2\4\hc\100\w\0\l\0\skill\ 5.00\tt\0\tl\0\siegeclass\none\st\Kyle\st2\none\dt\0\sdt\0
12-12-2020 4:35 (2:05): Kill: 1022 2 41: <world> killed Kyle by MOD_TRIGGER_HURT
12-12-2020 4:35 (2:06): ClientUserinfoChanged handling info: 2 \team\0\skill\ 5.00\personality\botfiles/newkyle.jkb\saber2\none\saber1\kyle\color2\4\color1\1\sex\male\model\kyle\snaps\20\rate\25000\name\Kyle
12-12-2020 4:35 (2:06): ClientUserinfoChanged: 2 n\Kyle\t\0\model\kyle\c1\1\c2\4\hc\100\w\0\l\0\skill\ 5.00\tt\0\tl\0\siegeclass\none\st\Kyle\st2\none\dt\0\sdt\0
12-12-2020 4:35 (2:15): Kill: 1022 2 41: <world> killed Kyle by MOD_TRIGGER_HURT
12-12-2020 4:35 (2:16): ClientUserinfoChanged handling info: 2 \team\0\skill\ 5.00\personality\botfiles/newkyle.jkb\saber2\none\saber1\kyle\color2\4\color1\1\sex\male\model\kyle\snaps\20\rate\25000\name\Kyle
12-12-2020 4:35 (2:16): ClientUserinfoChanged: 2 n\Kyle\t\0\model\kyle\c1\1\c2\4\hc\100\w\0\l\0\skill\ 5.00\tt\0\tl\0\siegeclass\none\st\Kyle\st2\none\dt\0\sdt\0
12-12-2020 4:35 (2:26): Kill: 1022 2 41: <world> killed Kyle by MOD_TRIGGER_HURT
12-12-2020 4:35 (2:27): ClientUserinfoChanged handling info: 2 \team\0\skill\ 5.00\personality\botfiles/newkyle.jkb\saber2\none\saber1\kyle\color2\4\color1\1\sex\male\model\kyle\snaps\20\rate\25000\name\Kyle
12-12-2020 4:35 (2:27): ClientUserinfoChanged: 2 n\Kyle\t\0\model\kyle\c1\1\c2\4\hc\100\w\0\l\0\skill\ 5.00\tt\0\tl\0\siegeclass\none\st\Kyle\st2\none\dt\0\sdt\0
12-12-2020 4:35 (2:37): Kill: 1022 2 41: <world> killed Kyle by MOD_TRIGGER_HURT
12-12-2020 4:35 (2:38): ClientUserinfoChanged handling info: 2 \team\0\skill\ 5.00\personality\botfiles/newkyle.jkb\saber2\none\saber1\kyle\color2\4\color1\1\sex\male\model\kyle\snaps\20\rate\25000\name\Kyle
12-12-2020 4:35 (2:38): ClientUserinfoChanged: 2 n\Kyle\t\0\model\kyle\c1\1\c2\4\hc\100\w\0\l\0\skill\ 5.00\tt\0\tl\0\siegeclass\none\st\Kyle\st2\none\dt\0\sdt\0
12-12-2020 4:36 (2:47): Kill: 1022 2 41: <world> killed Kyle by MOD_TRIGGER_HURT
12-12-2020 4:36 (2:48): ClientUserinfoChanged handling info: 2 \team\0\skill\ 5.00\personality\botfiles/newkyle.jkb\saber2\none\saber1\kyle\color2\4\color1\1\sex\male\model\kyle\snaps\20\rate\25000\name\Kyle
12-12-2020 4:36 (2:48): ClientUserinfoChanged: 2 n\Kyle\t\0\model\kyle\c1\1\c2\4\hc\100\w\0\l\0\skill\ 5.00\tt\0\tl\0\siegeclass\none\st\Kyle\st2\none\dt\0\sdt\0
12-12-2020 4:36 (2:58): Kill: 1022 2 41: <world> killed Kyle by MOD_TRIGGER_HURT
12-12-2020 4:36 (2:59): ClientUserinfoChanged handling info: 2 \team\0\skill\ 5.00\personality\botfiles/newkyle.jkb\saber2\none\saber1\kyle\color2\4\color1\1\sex\male\model\kyle\snaps\20\rate\25000\name\Kyle
12-12-2020 4:36 (2:59): ClientUserinfoChanged: 2 n\Kyle\t\0\model\kyle\c1\1\c2\4\hc\100\w\0\l\0\skill\ 5.00\tt\0\tl\0\siegeclass\none\st\Kyle\st2\none\dt\0\sdt\0
12-12-2020 4:36 (3:09): Kill: 1022 2 41: <world> killed Kyle by MOD_TRIGGER_HURT
12-12-2020 4:36 (3:10): ClientUserinfoChanged handling info: 2 \team\0\skill\ 5.00\personality\botfiles/newkyle.jkb\saber2\none\saber1\kyle\color2\4\color1\1\sex\male\model\kyle\snaps\20\rate\25000\name\Kyle
12-12-2020 4:36 (3:10): ClientUserinfoChanged: 2 n\Kyle\t\0\model\kyle\c1\1\c2\4\hc\100\w\0\l\0\skill\ 5.00\tt\0\tl\0\siegeclass\none\st\Kyle\st2\none\dt\0\sdt\0
12-12-2020 4:36 (3:19): Kill: 1022 2 41: <world> killed Kyle by MOD_TRIGGER_HURT
12-12-2020 4:36 (3:20): ClientUserinfoChanged handling info: 2 \team\0\skill\ 5.00\personality\botfiles/newkyle.jkb\saber2\none\saber1\kyle\color2\4\color1\1\sex\male\model\kyle\snaps\20\rate\25000\name\Kyle
12-12-2020 4:36 (3:20): ClientUserinfoChanged: 2 n\Kyle\t\0\model\kyle\c1\1\c2\4\hc\100\w\0\l\0\skill\ 5.00\tt\0\tl\0\siegeclass\none\st\Kyle\st2\none\dt\0\sdt\0
12-12-2020 4:36 (3:30): Kill: 1022 2 41: <world> killed Kyle by MOD_TRIGGER_HURT
12-12-2020 4:36 (3:31): ClientUserinfoChanged handling info: 2 \team\0\skill\ 5.00\personality\botfiles/newkyle.jkb\saber2\none\saber1\kyle\color2\4\color1\1\sex\male\model\kyle\snaps\20\rate\25000\name\Kyle
12-12-2020 4:36 (3:31): ClientUserinfoChanged: 2 n\Kyle\t\0\model\kyle\c1\1\c2\4\hc\100\w\0\l\0\skill\ 5.00\tt\0\tl\0\siegeclass\none\st\Kyle\st2\none\dt\0\sdt\0
12-12-2020 4:36 (3:41): Kill: 1022 2 41: <world> killed Kyle by MOD_TRIGGER_HURT
12-12-2020 4:36 (3:42): ClientUserinfoChanged handling info: 2 \team\0\skill\ 5.00\personality\botfiles/newkyle.jkb\saber2\none\saber1\kyle\color2\4\color1\1\sex\male\model\kyle\snaps\20\rate\25000\name\Kyle
12-12-2020 4:36 (3:42): ClientUserinfoChanged: 2 n\Kyle\t\0\model\kyle\c1\1\c2\4\hc\100\w\0\l\0\skill\ 5.00\tt\0\tl\0\siegeclass\none\st\Kyle\st2\none\dt\0\sdt\0
12-12-2020 4:37 (3:51): Kill: 1022 2 41: <world> killed Kyle by MOD_TRIGGER_HURT
12-12-2020 4:37 (3:52): ClientUserinfoChanged handling info: 2 \team\0\skill\ 5.00\personality\botfiles/newkyle.jkb\saber2\none\saber1\kyle\color2\4\color1\1\sex\male\model\kyle\snaps\20\rate\25000\name\Kyle
12-12-2020 4:37 (3:52): ClientUserinfoChanged: 2 n\Kyle\t\0\model\kyle\c1\1\c2\4\hc\100\w\0\l\0\skill\ 5.00\tt\0\tl\0\siegeclass\none\st\Kyle\st2\none\dt\0\sdt\0
12-12-2020 4:37 (4:02): Kill: 1022 2 41: <world> killed Kyle by MOD_TRIGGER_HURT
12-12-2020 4:37 (4:03): ClientUserinfoChanged handling info: 2 \team\0\skill\ 5.00\personality\botfiles/newkyle.jkb\saber2\none\saber1\kyle\color2\4\color1\1\sex\male\model\kyle\snaps\20\rate\25000\name\Kyle
12-12-2020 4:37 (4:03): ClientUserinfoChanged: 2 n\Kyle\t\0\model\kyle\c1\1\c2\4\hc\100\w\0\l\0\skill\ 5.00\tt\0\tl\0\siegeclass\none\st\Kyle\st2\none\dt\0\sdt\0
12-12-2020 4:37 (4:13): Kill: 1022 2 41: <world> killed Kyle by MOD_TRIGGER_HURT
12-12-2020 4:37 (4:14): ClientUserinfoChanged handling info: 2 \team\0\skill\ 5.00\personality\botfiles/newkyle.jkb\saber2\none\saber1\kyle\color2\4\color1\1\sex\male\model\kyle\snaps\20\rate\25000\name\Kyle
12-12-2020 4:37 (4:14): ClientUserinfoChanged: 2 n\Kyle\t\0\model\kyle\c1\1\c2\4\hc\100\w\0\l\0\skill\ 5.00\tt\0\tl\0\siegeclass\none\st\Kyle\st2\none\dt\0\sdt\0
12-12-2020 4:37 (4:23): Kill: 1022 2 41: <world> killed Kyle by MOD_TRIGGER_HURT
12-12-2020 4:37 (4:24): ClientUserinfoChanged handling info: 2 \team\0\skill\ 5.00\personality\botfiles/newkyle.jkb\saber2\none\saber1\kyle\color2\4\color1\1\sex\male\model\kyle\snaps\20\rate\25000\name\Kyle
12-12-2020 4:37 (4:24): ClientUserinfoChanged: 2 n\Kyle\t\0\model\kyle\c1\1\c2\4\hc\100\w\0\l\0\skill\ 5.00\tt\0\tl\0\siegeclass\none\st\Kyle\st2\none\dt\0\sdt\0
12-12-2020 4:37 (4:34): Kill: 1022 2 41: <world> killed Kyle by MOD_TRIGGER_HURT
12-12-2020 4:37 (4:35): ClientUserinfoChanged handling info: 2 \team\0\skill\ 5.00\personality\botfiles/newkyle.jkb\saber2\none\saber1\kyle\color2\4\color1\1\sex\male\model\kyle\snaps\20\rate\25000\name\Kyle
12-12-2020 4:37 (4:35): ClientUserinfoChanged: 2 n\Kyle\t\0\model\kyle\c1\1\c2\4\hc\100\w\0\l\0\skill\ 5.00\tt\0\tl\0\siegeclass\none\st\Kyle\st2\none\dt\0\sdt\0
12-12-2020 4:37 (4:44): Kill: 1022 2 41: <world> killed Kyle by MOD_TRIGGER_HURT
12-12-2020 4:38 (4:46): ClientUserinfoChanged handling info: 2 \team\0\skill\ 5.00\personality\botfiles/newkyle.jkb\saber2\none\saber1\kyle\color2\4\color1\1\sex\male\model\kyle\snaps\20\rate\25000\name\Kyle
12-12-2020 4:38 (4:46): ClientUserinfoChanged: 2 n\Kyle\t\0\model\kyle\c1\1\c2\4\hc\100\w\0\l\0\skill\ 5.00\tt\0\tl\0\siegeclass\none\st\Kyle\st2\none\dt\0\sdt\0
12-12-2020 4:38 (4:55): Kill: 1022 2 41: <world> killed Kyle by MOD_TRIGGER_HURT
12-12-2020 4:38 (4:56): ClientUserinfoChanged handling info: 2 \team\0\skill\ 5.00\personality\botfiles/newkyle.jkb\saber2\none\saber1\kyle\color2\4\color1\1\sex\male\model\kyle\snaps\20\rate\25000\name\Kyle
12-12-2020 4:38 (4:56): ClientUserinfoChanged: 2 n\Kyle\t\0\model\kyle\c1\1\c2\4\hc\100\w\0\l\0\skill\ 5.00\tt\0\tl\0\siegeclass\none\st\Kyle\st2\none\dt\0\sdt\0
12-12-2020 4:38 (5:06): Kill: 1022 2 41: <world> killed Kyle by MOD_TRIGGER_HURT
12-12-2020 4:38 (5:07): ClientUserinfoChanged handling info: 2 \team\0\skill\ 5.00\personality\botfiles/newkyle.jkb\saber2\none\saber1\kyle\color2\4\color1\1\sex\male\model\kyle\snaps\20\rate\25000\name\Kyle
12-12-2020 4:38 (5:07): ClientUserinfoChanged: 2 n\Kyle\t\0\model\kyle\c1\1\c2\4\hc\100\w\0\l\0\skill\ 5.00\tt\0\tl\0\siegeclass\none\st\Kyle\st2\none\dt\0\sdt\0
12-12-2020 4:38 (5:17): Kill: 1022 2 41: <world> killed Kyle by MOD_TRIGGER_HURT
12-12-2020 4:38 (5:18): ClientUserinfoChanged handling info: 2 \team\0\skill\ 5.00\personality\botfiles/newkyle.jkb\saber2\none\saber1\kyle\color2\4\color1\1\sex\male\model\kyle\snaps\20\rate\25000\name\Kyle
12-12-2020 4:38 (5:18): ClientUserinfoChanged: 2 n\Kyle\t\0\model\kyle\c1\1\c2\4\hc\100\w\0\l\0\skill\ 5.00\tt\0\tl\0\siegeclass\none\st\Kyle\st2\none\dt\0\sdt\0
12-12-2020 4:38 (5:27): Kill: 1022 2 41: <world> killed Kyle by MOD_TRIGGER_HURT
12-12-2020 4:38 (5:28): ClientUserinfoChanged handling info: 2 \team\0\skill\ 5.00\personality\botfiles/newkyle.jkb\saber2\none\saber1\kyle\color2\4\color1\1\sex\male\model\kyle\snaps\20\rate\25000\name\Kyle
12-12-2020 4:38 (5:28): ClientUserinfoChanged: 2 n\Kyle\t\0\model\kyle\c1\1\c2\4\hc\100\w\0\l\0\skill\ 5.00\tt\0\tl\0\siegeclass\none\st\Kyle\st2\none\dt\0\sdt\0
12-12-2020 4:38 (5:38): Kill: 1022 2 41: <world> killed Kyle by MOD_TRIGGER_HURT
12-12-2020 4:38 (5:39): ClientUserinfoChanged handling info: 2 \team\0\skill\ 5.00\personality\botfiles/newkyle.jkb\saber2\none\saber1\kyle\color2\4\color1\1\sex\male\model\kyle\snaps\20\rate\25000\name\Kyle
12-12-2020 4:38 (5:39): ClientUserinfoChanged: 2 n\Kyle\t\0\model\kyle\c1\1\c2\4\hc\100\w\0\l\0\skill\ 5.00\tt\0\tl\0\siegeclass\none\st\Kyle\st2\none\dt\0\sdt\0
12-12-2020 4:39 (5:49): Kill: 1022 2 41: <world> killed Kyle by MOD_TRIGGER_HURT
12-12-2020 4:39 (5:50): ClientUserinfoChanged handling info: 2 \team\0\skill\ 5.00\personality\botfiles/newkyle.jkb\saber2\none\saber1\kyle\color2\4\color1\1\sex\male\model\kyle\snaps\20\rate\25000\name\Kyle
12-12-2020 4:39 (5:50): ClientUserinfoChanged: 2 n\Kyle\t\0\model\kyle\c1\1\c2\4\hc\100\w\0\l\0\skill\ 5.00\tt\0\tl\0\siegeclass\none\st\Kyle\st2\none\dt\0\sdt\0
12-12-2020 4:39 (5:59): Kill: 1022 2 41: <world> killed Kyle by MOD_TRIGGER_HURT
12-12-2020 4:39 (6:00): ClientUserinfoChanged handling info: 2 \team\0\skill\ 5.00\personality\botfiles/newkyle.jkb\saber2\none\saber1\kyle\color2\4\color1\1\sex\male\model\kyle\snaps\20\rate\25000\name\Kyle
12-12-2020 4:39 (6:00): ClientUserinfoChanged: 2 n\Kyle\t\0\model\kyle\c1\1\c2\4\hc\100\w\0\l\0\skill\ 5.00\tt\0\tl\0\siegeclass\none\st\Kyle\st2\none\dt\0\sdt\0
12-12-2020 4:39 (6:10): Kill: 1022 2 41: <world> killed Kyle by MOD_TRIGGER_HURT
12-12-2020 4:39 (6:11): ClientUserinfoChanged handling info: 2 \team\0\skill\ 5.00\personality\botfiles/newkyle.jkb\saber2\none\saber1\kyle\color2\4\color1\1\sex\male\model\kyle\snaps\20\rate\25000\name\Kyle
12-12-2020 4:39 (6:11): ClientUserinfoChanged: 2 n\Kyle\t\0\model\kyle\c1\1\c2\4\hc\100\w\0\l\0\skill\ 5.00\tt\0\tl\0\siegeclass\none\st\Kyle\st2\none\dt\0\sdt\0
12-12-2020 4:39 (6:21): Kill: 1022 2 41: <world> killed Kyle by MOD_TRIGGER_HURT
12-12-2020 4:39 (6:22): ClientUserinfoChanged handling info: 2 \team\0\skill\ 5.00\personality\botfiles/newkyle.jkb\saber2\none\saber1\kyle\color2\4\color1\1\sex\male\model\kyle\snaps\20\rate\25000\name\Kyle
12-12-2020 4:39 (6:22): ClientUserinfoChanged: 2 n\Kyle\t\0\model\kyle\c1\1\c2\4\hc\100\w\0\l\0\skill\ 5.00\tt\0\tl\0\siegeclass\none\st\Kyle\st2\none\dt\0\sdt\0
12-12-2020 4:39 (6:31): Kill: 1022 2 41: <world> killed Kyle by MOD_TRIGGER_HURT
12-12-2020 4:39 (6:32): ClientUserinfoChanged handling info: 2 \team\0\skill\ 5.00\personality\botfiles/newkyle.jkb\saber2\none\saber1\kyle\color2\4\color1\1\sex\male\model\kyle\snaps\20\rate\25000\name\Kyle
12-12-2020 4:39 (6:32): ClientUserinfoChanged: 2 n\Kyle\t\0\model\kyle\c1\1\c2\4\hc\100\w\0\l\0\skill\ 5.00\tt\0\tl\0\siegeclass\none\st\Kyle\st2\none\dt\0\sdt\0
12-12-2020 4:39 (6:42): Kill: 1022 2 41: <world> killed Kyle by MOD_TRIGGER_HURT
12-12-2020 4:39 (6:43): ClientUserinfoChanged handling info: 2 \team\0\skill\ 5.00\personality\botfiles/newkyle.jkb\saber2\none\saber1\kyle\color2\4\color1\1\sex\male\model\kyle\snaps\20\rate\25000\name\Kyle
12-12-2020 4:39 (6:43): ClientUserinfoChanged: 2 n\Kyle\t\0\model\kyle\c1\1\c2\4\hc\100\w\0\l\0\skill\ 5.00\tt\0\tl\0\siegeclass\none\st\Kyle\st2\none\dt\0\sdt\0
12-12-2020 4:40 (6:53): Kill: 1022 2 41: <world> killed Kyle by MOD_TRIGGER_HURT
12-12-2020 4:40 (6:54): ClientUserinfoChanged handling info: 2 \team\0\skill\ 5.00\personality\botfiles/newkyle.jkb\saber2\none\saber1\kyle\color2\4\color1\1\sex\male\model\kyle\snaps\20\rate\25000\name\Kyle
12-12-2020 4:40 (6:54): ClientUserinfoChanged: 2 n\Kyle\t\0\model\kyle\c1\1\c2\4\hc\100\w\0\l\0\skill\ 5.00\tt\0\tl\0\siegeclass\none\st\Kyle\st2\none\dt\0\sdt\0
12-12-2020 4:40 (7:03): Kill: 1022 2 41: <world> killed Kyle by MOD_TRIGGER_HURT
12-12-2020 4:40 (7:04): ClientUserinfoChanged handling info: 2 \team\0\skill\ 5.00\personality\botfiles/newkyle.jkb\saber2\none\saber1\kyle\color2\4\color1\1\sex\male\model\kyle\snaps\20\rate\25000\name\Kyle
12-12-2020 4:40 (7:04): ClientUserinfoChanged: 2 n\Kyle\t\0\model\kyle\c1\1\c2\4\hc\100\w\0\l\0\skill\ 5.00\tt\0\tl\0\siegeclass\none\st\Kyle\st2\none\dt\0\sdt\0
12-12-2020 4:40 (7:13): ClientUserinfoChanged handling info: 0 \ip\136.49.101.98:29070\teamoverlay\1\snaps\50\sex\male\saber2\none\saber1\Kyle\rate\25000\password\temppw\name\chains\model\kyle/default\ja_guid\719672E5ADAB3F37334025E53A689EA1\handicap\100\forcepowers\1-1-010000000000000100\color2\4\color1\4\char_color_red\255\char_color_green\255\char_color_blue\255\cg_predictItems\1
12-12-2020 4:40 (7:13): ClientUserinfoChanged: 0 n\Padawan\t\0\model\kyle/default\c1\4\c2\4\hc\100\w\0\l\0\tt\0\tl\0\st\Kyle\st2\none\dt\0
12-12-2020 4:40 (7:14): Kill: 1022 2 41: <world> killed Kyle by MOD_TRIGGER_HURT
12-12-2020 4:40 (7:15): ClientUserinfoChanged handling info: 2 \team\0\skill\ 5.00\personality\botfiles/newkyle.jkb\saber2\none\saber1\kyle\color2\4\color1\1\sex\male\model\kyle\snaps\20\rate\25000\name\Kyle
12-12-2020 4:40 (7:15): ClientUserinfoChanged: 2 n\Kyle\t\0\model\kyle\c1\1\c2\4\hc\100\w\0\l\0\skill\ 5.00\tt\0\tl\0\siegeclass\none\st\Kyle\st2\none\dt\0\sdt\0
12-12-2020 4:40 (7:22): Kill: 1022 2 41: <world> killed Kyle by MOD_TRIGGER_HURT
12-12-2020 4:40 (7:23): ClientUserinfoChanged handling info: 2 \team\0\skill\ 5.00\personality\botfiles/newkyle.jkb\saber2\none\saber1\kyle\color2\4\color1\1\sex\male\model\kyle\snaps\20\rate\25000\name\Kyle
12-12-2020 4:40 (7:23): ClientUserinfoChanged: 2 n\Kyle\t\0\model\kyle\c1\1\c2\4\hc\100\w\0\l\0\skill\ 5.00\tt\0\tl\0\siegeclass\none\st\Kyle\st2\none\dt\0\sdt\0
12-12-2020 4:40 (7:26): ClientUserinfoChanged handling info: 0 \ip\136.49.101.98:29070\teamoverlay\1\snaps\50\sex\male\saber2\none\saber1\Kyle\rate\25000\password\temppw\name\chains\model\kyle/default\ja_guid\719672E5ADAB3F37334025E53A689EA1\handicap\100\forcepowers\1-1-010000000000000100\color2\4\color1\4\char_color_red\255\char_color_green\255\char_color_blue\255\cg_predictItems\1
12-12-2020 4:40 (7:26): ClientNamechange: Padawan is now chains
12-12-2020 4:40 (7:26): ClientUserinfoChanged: 0 n\chains\t\0\model\kyle/default\c1\4\c2\4\hc\100\w\0\l\0\tt\0\tl\0\st\Kyle\st2\none\dt\0
12-12-2020 4:40 (7:27): ClientUserinfoChanged handling info: 0 \name\chains\ip\136.49.101.98:29070\teamoverlay\1\snaps\50\sex\male\saber2\none\saber1\Kyle\rate\25000\password\temppw\model\kyle/default\ja_guid\719672E5ADAB3F37334025E53A689EA1\handicap\100\forcepowers\1-1-010000000000000100\cr1\42\4\color1\4\char_color_red\255\char_color_green\255\char_color_blue\255\cg_predictItems\1
12-12-2020 4:40 (7:27): ClientUserinfoChanged: 0 n\chains\t\0\model\kyle/default\c1\\c2\\hc\100\w\0\l\0\tt\0\tl\0\st\Kyle\st2\none\dt\0
12-12-2020 4:40 (7:34): Kill: 1022 2 41: <world> killed Kyle by MOD_TRIGGER_HURT
12-12-2020 4:40 (7:35): ClientUserinfoChanged handling info: 2 \team\0\skill\ 5.00\personality\botfiles/newkyle.jkb\saber2\none\saber1\kyle\color2\4\color1\1\sex\male\model\kyle\snaps\20\rate\25000\name\Kyle
12-12-2020 4:40 (7:35): ClientUserinfoChanged: 2 n\Kyle\t\0\model\kyle\c1\1\c2\4\hc\100\w\0\l\0\skill\ 5.00\tt\0\tl\0\siegeclass\none\st\Kyle\st2\none\dt\0\sdt\0
12-12-2020 4:41 (8:14): Kill: 1022 2 41: <world> killed Kyle by MOD_TRIGGER_HURT
12-12-2020 4:41 (8:15): ClientUserinfoChanged handling info: 2 \team\0\skill\ 5.00\personality\botfiles/newkyle.jkb\saber2\none\saber1\kyle\color2\4\color1\1\sex\male\model\kyle\snaps\20\rate\25000\name\Kyle
12-12-2020 4:41 (8:15): ClientUserinfoChanged: 2 n\Kyle\t\0\model\kyle\c1\1\c2\4\hc\100\w\0\l\0\skill\ 5.00\tt\0\tl\0\siegeclass\none\st\Kyle\st2\none\dt\0\sdt\0
12-12-2020 4:42 (9:26): Kill: 0 0 39: chains killed chains by MOD_SUICIDE
12-12-2020 4:42 (9:26): setteam:  0 FREE SPECTATOR
12-12-2020 4:42 (9:26): ClientUserinfoChanged handling info: 0 \name\chains\ip\136.49.101.98:29070\teamoverlay\1\snaps\50\sex\male\saber2\none\saber1\Kyle\rate\25000\password\temppw\model\kyle/default\ja_guid\719672E5ADAB3F37334025E53A689EA1\handicap\100\forcepowers\1-1-010000000000000100\cr1\42\4\color1\4\char_color_red\255\char_color_green\255\char_color_blue\255\cg_predictItems\1
12-12-2020 4:42 (9:26): ClientUserinfoChanged: 0 n\chains\t\3\model\kyle/default\c1\\c2\\hc\100\w\0\l\0\tt\0\tl\0\st\Kyle\st2\none\dt\0
12-12-2020 4:42 (9:26): ClientBegin: 0
12-12-2020 4:42 (9:35): Kill: 1022 2 41: <world> killed Kyle by MOD_TRIGGER_HURT
12-12-2020 4:42 (9:36): ClientUserinfoChanged handling info: 2 \team\0\skill\ 5.00\personality\botfiles/newkyle.jkb\saber2\none\saber1\kyle\color2\4\color1\1\sex\male\model\kyle\snaps\20\rate\25000\name\Kyle
12-12-2020 4:42 (9:36): ClientUserinfoChanged: 2 n\Kyle\t\0\model\kyle\c1\1\c2\4\hc\100\w\0\l\0\skill\ 5.00\tt\0\tl\0\siegeclass\none\st\Kyle\st2\none\dt\0\sdt\0
12-12-2020 4:42 (9:40): Kill: 1022 2 41: <world> killed Kyle by MOD_TRIGGER_HURT
12-12-2020 4:42 (9:41): ClientUserinfoChanged handling info: 2 \team\0\skill\ 5.00\personality\botfiles/newkyle.jkb\saber2\none\saber1\kyle\color2\4\color1\1\sex\male\model\kyle\snaps\20\rate\25000\name\Kyle
12-12-2020 4:42 (9:41): ClientUserinfoChanged: 2 n\Kyle\t\0\model\kyle\c1\1\c2\4\hc\100\w\0\l\0\skill\ 5.00\tt\0\tl\0\siegeclass\none\st\Kyle\st2\none\dt\0\sdt\0
12-12-2020 4:43 (9:48): Kill: 1022 2 41: <world> killed Kyle by MOD_TRIGGER_HURT
12-12-2020 4:43 (9:49): ClientUserinfoChanged handling info: 2 \team\0\skill\ 5.00\personality\botfiles/newkyle.jkb\saber2\none\saber1\kyle\color2\4\color1\1\sex\male\model\kyle\snaps\20\rate\25000\name\Kyle
12-12-2020 4:43 (9:49): ClientUserinfoChanged: 2 n\Kyle\t\0\model\kyle\c1\1\c2\4\hc\100\w\0\l\0\skill\ 5.00\tt\0\tl\0\siegeclass\none\st\Kyle\st2\none\dt\0\sdt\0
12-12-2020 4:43 (9:56): Kill: 1022 2 41: <world> killed Kyle by MOD_TRIGGER_HURT
12-12-2020 4:43 (9:57): ClientUserinfoChanged handling info: 2 \team\0\skill\ 5.00\personality\botfiles/newkyle.jkb\saber2\none\saber1\kyle\color2\4\color1\1\sex\male\model\kyle\snaps\20\rate\25000\name\Kyle
12-12-2020 4:43 (9:57): ClientUserinfoChanged: 2 n\Kyle\t\0\model\kyle\c1\1\c2\4\hc\100\w\0\l\0\skill\ 5.00\tt\0\tl\0\siegeclass\none\st\Kyle\st2\none\dt\0\sdt\0
12-12-2020 4:43 (10:04): Kill: 1022 2 41: <world> killed Kyle by MOD_TRIGGER_HURT
12-12-2020 4:43 (10:05): ClientUserinfoChanged handling info: 2 \team\0\skill\ 5.00\personality\botfiles/newkyle.jkb\saber2\none\saber1\kyle\color2\4\color1\1\sex\male\model\kyle\snaps\20\rate\25000\name\Kyle
12-12-2020 4:43 (10:05): ClientUserinfoChanged: 2 n\Kyle\t\0\model\kyle\c1\1\c2\4\hc\100\w\0\l\0\skill\ 5.00\tt\0\tl\0\siegeclass\none\st\Kyle\st2\none\dt\0\sdt\0
12-12-2020 4:43 (10:12): Kill: 1022 2 41: <world> killed Kyle by MOD_TRIGGER_HURT
12-12-2020 4:43 (10:13): ClientUserinfoChanged handling info: 2 \team\0\skill\ 5.00\personality\botfiles/newkyle.jkb\saber2\none\saber1\kyle\color2\4\color1\1\sex\male\model\kyle\snaps\20\rate\25000\name\Kyle
12-12-2020 4:43 (10:13): ClientUserinfoChanged: 2 n\Kyle\t\0\model\kyle\c1\1\c2\4\hc\100\w\0\l\0\skill\ 5.00\tt\0\tl\0\siegeclass\none\st\Kyle\st2\none\dt\0\sdt\0
12-12-2020 4:43 (10:19): Kill: 1022 2 41: <world> killed Kyle by MOD_TRIGGER_HURT
12-12-2020 4:43 (10:20): ClientUserinfoChanged handling info: 2 \team\0\skill\ 5.00\personality\botfiles/newkyle.jkb\saber2\none\saber1\kyle\color2\4\color1\1\sex\male\model\kyle\snaps\20\rate\25000\name\Kyle
12-12-2020 4:43 (10:20): ClientUserinfoChanged: 2 n\Kyle\t\0\model\kyle\c1\1\c2\4\hc\100\w\0\l\0\skill\ 5.00\tt\0\tl\0\siegeclass\none\st\Kyle\st2\none\dt\0\sdt\0
12-12-2020 4:43 (10:27): Kill: 1022 2 41: <world> killed Kyle by MOD_TRIGGER_HURT
12-12-2020 4:43 (10:28): ClientUserinfoChanged handling info: 2 \team\0\skill\ 5.00\personality\botfiles/newkyle.jkb\saber2\none\saber1\kyle\color2\4\color1\1\sex\male\model\kyle\snaps\20\rate\25000\name\Kyle
12-12-2020 4:43 (10:28): ClientUserinfoChanged: 2 n\Kyle\t\0\model\kyle\c1\1\c2\4\hc\100\w\0\l\0\skill\ 5.00\tt\0\tl\0\siegeclass\none\st\Kyle\st2\none\dt\0\sdt\0
12-12-2020 4:43 (10:35): Kill: 1022 2 41: <world> killed Kyle by MOD_TRIGGER_HURT
12-12-2020 4:43 (10:36): ClientUserinfoChanged handling info: 2 \team\0\skill\ 5.00\personality\botfiles/newkyle.jkb\saber2\none\saber1\kyle\color2\4\color1\1\sex\male\model\kyle\snaps\20\rate\25000\name\Kyle
12-12-2020 4:43 (10:36): ClientUserinfoChanged: 2 n\Kyle\t\0\model\kyle\c1\1\c2\4\hc\100\w\0\l\0\skill\ 5.00\tt\0\tl\0\siegeclass\none\st\Kyle\st2\none\dt\0\sdt\0
12-12-2020 4:43 (10:43): Kill: 1022 2 41: <world> killed Kyle by MOD_TRIGGER_HURT
12-12-2020 4:43 (10:44): ClientUserinfoChanged handling info: 2 \team\0\skill\ 5.00\personality\botfiles/newkyle.jkb\saber2\none\saber1\kyle\color2\4\color1\1\sex\male\model\kyle\snaps\20\rate\25000\name\Kyle
12-12-2020 4:43 (10:44): ClientUserinfoChanged: 2 n\Kyle\t\0\model\kyle\c1\1\c2\4\hc\100\w\0\l\0\skill\ 5.00\tt\0\tl\0\siegeclass\none\st\Kyle\st2\none\dt\0\sdt\0
12-12-2020 4:44 (10:51): Kill: 1022 2 41: <world> killed Kyle by MOD_TRIGGER_HURT
12-12-2020 4:44 (10:52): ClientUserinfoChanged handling info: 2 \team\0\skill\ 5.00\personality\botfiles/newkyle.jkb\saber2\none\saber1\kyle\color2\4\color1\1\sex\male\model\kyle\snaps\20\rate\25000\name\Kyle
12-12-2020 4:44 (10:52): ClientUserinfoChanged: 2 n\Kyle\t\0\model\kyle\c1\1\c2\4\hc\100\w\0\l\0\skill\ 5.00\tt\0\tl\0\siegeclass\none\st\Kyle\st2\none\dt\0\sdt\0
12-12-2020 4:44 (10:59): Kill: 1022 2 41: <world> killed Kyle by MOD_TRIGGER_HURT
12-12-2020 4:44 (11:00): ClientUserinfoChanged handling info: 2 \team\0\skill\ 5.00\personality\botfiles/newkyle.jkb\saber2\none\saber1\kyle\color2\4\color1\1\sex\male\model\kyle\snaps\20\rate\25000\name\Kyle
12-12-2020 4:44 (11:00): ClientUserinfoChanged: 2 n\Kyle\t\0\model\kyle\c1\1\c2\4\hc\100\w\0\l\0\skill\ 5.00\tt\0\tl\0\siegeclass\none\st\Kyle\st2\none\dt\0\sdt\0
12-12-2020 4:44 (11:07): Kill: 1022 2 41: <world> killed Kyle by MOD_TRIGGER_HURT
12-12-2020 4:44 (11:08): ClientUserinfoChanged handling info: 2 \team\0\skill\ 5.00\personality\botfiles/newkyle.jkb\saber2\none\saber1\kyle\color2\4\color1\1\sex\male\model\kyle\snaps\20\rate\25000\name\Kyle
12-12-2020 4:44 (11:08): ClientUserinfoChanged: 2 n\Kyle\t\0\model\kyle\c1\1\c2\4\hc\100\w\0\l\0\skill\ 5.00\tt\0\tl\0\siegeclass\none\st\Kyle\st2\none\dt\0\sdt\0
12-12-2020 4:44 (11:14): Kill: 1022 2 41: <world> killed Kyle by MOD_TRIGGER_HURT
12-12-2020 4:44 (11:16): ClientUserinfoChanged handling info: 2 \team\0\skill\ 5.00\personality\botfiles/newkyle.jkb\saber2\none\saber1\kyle\color2\4\color1\1\sex\male\model\kyle\snaps\20\rate\25000\name\Kyle
12-12-2020 4:44 (11:16): ClientUserinfoChanged: 2 n\Kyle\t\0\model\kyle\c1\1\c2\4\hc\100\w\0\l\0\skill\ 5.00\tt\0\tl\0\siegeclass\none\st\Kyle\st2\none\dt\0\sdt\0
12-12-2020 4:44 (11:22): Kill: 1022 2 41: <world> killed Kyle by MOD_TRIGGER_HURT
12-12-2020 4:44 (11:23): ClientUserinfoChanged handling info: 2 \team\0\skill\ 5.00\personality\botfiles/newkyle.jkb\saber2\none\saber1\kyle\color2\4\color1\1\sex\male\model\kyle\snaps\20\rate\25000\name\Kyle
12-12-2020 4:44 (11:23): ClientUserinfoChanged: 2 n\Kyle\t\0\model\kyle\c1\1\c2\4\hc\100\w\0\l\0\skill\ 5.00\tt\0\tl\0\siegeclass\none\st\Kyle\st2\none\dt\0\sdt\0
12-12-2020 4:44 (11:30): Kill: 1022 2 41: <world> killed Kyle by MOD_TRIGGER_HURT
12-12-2020 4:44 (11:31): ClientUserinfoChanged handling info: 2 \team\0\skill\ 5.00\personality\botfiles/newkyle.jkb\saber2\none\saber1\kyle\color2\4\color1\1\sex\male\model\kyle\snaps\20\rate\25000\name\Kyle
12-12-2020 4:44 (11:31): ClientUserinfoChanged: 2 n\Kyle\t\0\model\kyle\c1\1\c2\4\hc\100\w\0\l\0\skill\ 5.00\tt\0\tl\0\siegeclass\none\st\Kyle\st2\none\dt\0\sdt\0
12-12-2020 4:44 (11:36): ClientDisconnect: 0
12-12-2020 4:44 (11:38): Kill: 1022 2 41: <world> killed Kyle by MOD_TRIGGER_HURT
12-12-2020 4:44 (11:39): ClientConnect: 0
12-12-2020 4:44 (11:39): ClientUserinfoChanged handling info: 0 \team\0\skill\ 5.00\personality\botfiles/astupidbot.jkb\saber2\none\saber1\kyle\color2\4\color1\4\sex\male\model\jawa\snaps\20\rate\25000\name\astupidbot
12-12-2020 4:44 (11:39): ClientUserinfoChanged: 0 n\astupidbot\t\0\model\jawa\c1\4\c2\4\hc\0\w\0\l\0\skill\ 5.00\tt\0\tl\0\siegeclass\none\st\\st2\\dt\0\sdt\0
12-12-2020 4:44 (11:39): ClientUserinfoChanged handling info: 0 \name\astupidbot\team\0\skill\ 5.00\personality\botfiles/astupidbot.jkb\saber2\none\saber1\kyle\color2\4\color1\4\sex\male\model\jawa\snaps\20\rate\25000
12-12-2020 4:44 (11:39): ClientUserinfoChanged: 0 n\astupidbot\t\0\model\jawa\c1\4\c2\4\hc\0\w\0\l\0\skill\ 5.00\tt\0\tl\0\siegeclass\none\st\\st2\\dt\0\sdt\0
12-12-2020 4:44 (11:39): IP: localhost astupidbot
12-12-2020 4:44 (11:39): ClientUserinfoChanged handling info: 0 \name\astupidbot\team\0\skill\ 5.00\personality\botfiles/astupidbot.jkb\saber2\none\saber1\kyle\colox\male\model\jawx\male\model\jawa\snaps\20\rate\25000
12-12-2020 4:44 (11:39): ClientUserinfoChanged: 0 n\astupidbot\t\0\model\jawx\c1\\c2\\hc\0\w\0\l\0\skill\ 5.00\tt\0\tl\0\siegeclass\none\st\\st2\\dt\0\sdt\0
12-12-2020 4:44 (11:39): ClientUserinfoChanged handling info: 0 \name\astupidbot\team\0\skill\ 5.00\personality\botfiles/astupidbot.jkb\saber2\none\saber1\kyle\colox\male\model\jawx\male\model\jawa\snaps\20\rate\25000
12-12-2020 4:44 (11:39): ClientUserinfoChanged: 0 n\astupidbot\t\0\model\jawx\c1\\c2\\hc\100\w\0\l\0\skill\ 5.00\tt\0\tl\0\siegeclass\none\st\Kyle\st2\none\dt\0\sdt\0
12-12-2020 4:44 (11:39): ClientBegin: 0
12-12-2020 4:45 (12:39): ClientUserinfoChanged handling info: 2 \team\0\skill\ 5.00\personality\botfiles/newkyle.jkb\saber2\none\saber1\kyle\color2\4\color1\1\sex\male\model\kyle\snaps\20\rate\25000\name\Kyle
12-12-2020 4:45 (12:39): ClientUserinfoChanged: 2 n\Kyle\t\0\model\kyle\c1\1\c2\4\hc\100\w\0\l\0\skill\ 5.00\tt\0\tl\0\siegeclass\none\st\Kyle\st2\none\dt\0\sdt\0
12-14-2020 2:15 (2742:29): ShutdownGame:
12-14-2020 2:15 (2742:29): ------------------------------------------------------------
