3-15-2021 9:20 (0:00): ------------------------------------------------------------
3-15-2021 9:20 (0:00): InitGame: \version\JAmp: v1.0.1.0 linux-i386 Mar 14 2020\timelimit\45\sv_privateClients\0\sv_minRate\0\sv_minPing\0\sv_maxclients\32\sv_maxRate\0\sv_maxPing\999\sv_hostname\^7~^1~^7~ COMM SERVER ~^1~^7~\sv_fps\50\sv_floodProtectSlow\1\sv_floodProtect\1\sv_autoDemo\0\sv_allowDownload\0\serveruptime\73\protocol\26\mapname\taspir1\gamename\Lugormod\g_weaponDisable\0\g_stepSlideFix\0\g_siegeTeamSwitch\1\g_siegeTeam2\none\g_siegeTeam1\none\g_siegeRespawn\20\g_showDuelHealths\1\g_saberWallDamageScale\0.4\g_saberLocking\0\g_privateDuel\1535\g_noSpecMove\0\g_needpass\0\g_maxHolocronCarry\3\g_maxGameClients\0\g_maxForceRank\7\g_jediVmerc\0\g_gametype\0\g_gamemode\0\g_forceRegenTime\160\g_forcePowerDisable\0\g_forceBasedTeams\1\g_duelWeaponDisable\9\g_debugmelee\1\g_allowNPC\1\fs_game\lugormod\fraglimit\0\duel_fraglimit\10\dmflags\0\capturelimit\10\bot_minplayers\2\bg_fighterAltControl\0\Lugormod_Version\U#-0.0.0.91 Alpha
3-15-2021 9:20 (0:00): ClientConnect: 0
3-15-2021 9:20 (0:00): ClientUserinfoChanged handling info: 0 \ip\108.16.231.136:29070\name\Padawan\rate\4000\snaps\20\model\midgarv3reno/default\forcepowers\6-1-030330000000000333\color1\0\color2\4\handicap\100\sex\male\cg_predictItems\1\saber1\single_1\saber2\none\char_color_red\255\char_color_green\255\char_color_blue\255\teamtask\0\teamoverlay\1
3-15-2021 9:20 (0:00): ClientUserinfoChanged: 0 n\Padawan\t\0\model\midgarv3reno/default\c1\0\c2\4\hc\0\w\0\l\0\tt\0\tl\0\st\single_1\st2\none\dt\0
3-15-2021 9:20 (0:00): ClientConnect: 1
3-15-2021 9:20 (0:00): ClientUserinfoChanged handling info: 1 \team\0\skill\ 5.00\personality\botfiles/newkyle.jkb\saber2\none\saber1\kyle\color2\4\color1\1\sex\male\model\kyle\snaps\20\rate\25000\name\Kyle
3-15-2021 9:20 (0:00): ClientUserinfoChanged: 1 n\Kyle\t\0\model\kyle\c1\1\c2\4\hc\0\w\0\l\0\skill\ 5.00\tt\0\tl\0\siegeclass\none\st\Kyle\st2\none\dt\0\sdt\0
3-15-2021 9:20 (0:00): ClientUserinfoChanged handling info: 1 \team\0\skill\ 5.00\personality\botfiles/newkyle.jkb\saber2\none\saber1\kyle\color2\4\color1\1\sex\male\model\kyle\snaps\20\rate\25000\name\Kyle
3-15-2021 9:20 (0:00): ClientUserinfoChanged: 1 n\Kyle\t\0\model\kyle\c1\1\c2\4\hc\100\w\0\l\0\skill\ 5.00\tt\0\tl\0\siegeclass\none\st\Kyle\st2\none\dt\0\sdt\0
3-15-2021 9:20 (0:00): ClientBegin: 1
3-15-2021 9:20 (0:07): ClientUserinfoChanged handling info: 0 \ip\108.16.231.136:29070\name\Padawan\rate\4000\snaps\20\model\midgarv3reno/default\forcepowers\6-1-030330000000000333\color1\0\color2\4\handicap\100\sex\male\cg_predictItems\1\saber1\single_1\saber2\none\char_color_red\255\char_color_green\255\char_color_blue\255\teamtask\0\teamoverlay\1
3-15-2021 9:20 (0:07): ClientUserinfoChanged: 0 n\Padawan\t\0\model\midgarv3reno/default\c1\0\c2\4\hc\0\w\0\l\0\tt\0\tl\0\st\single_1\st2\none\dt\0
3-15-2021 9:20 (0:07): ClientUserinfoChanged handling info: 0 \ip\108.16.231.136:29070\name\Padawan\rate\4000\snaps\20\model\midgarv3reno/default\forcepowers\6-1-030330000000000333\color1\0\color2\4\handicap\100\sex\male\cg_predictItems\1\saber1\single_1\saber2\none\char_color_red\255\char_color_green\255\char_color_blue\255\teamtask\0\teamoverlay\1
3-15-2021 9:20 (0:07): ClientUserinfoChanged: 0 n\Padawan\t\0\model\midgarv3reno/default\c1\0\c2\4\hc\100\w\0\l\0\tt\0\tl\0\st\single_1\st2\none\dt\0
3-15-2021 9:20 (0:07): ClientBegin: 0
3-15-2021 9:20 (0:09): Kill: 1022 1 41: <world> killed Kyle by MOD_TRIGGER_HURT
3-15-2021 9:20 (0:10): ClientUserinfoChanged handling info: 1 \team\0\skill\ 5.00\personality\botfiles/newkyle.jkb\saber2\none\saber1\kyle\color2\4\color1\1\sex\male\model\kyle\snaps\20\rate\25000\name\Kyle
3-15-2021 9:20 (0:10): ClientUserinfoChanged: 1 n\Kyle\t\0\model\kyle\c1\1\c2\4\hc\100\w\0\l\0\skill\ 5.00\tt\0\tl\0\siegeclass\none\st\Kyle\st2\none\dt\0\sdt\0
3-15-2021 9:21 (0:43): Kill: 0 1 3: Padawan killed Kyle by MOD_SABER
3-15-2021 9:21 (0:45): ClientUserinfoChanged handling info: 1 \team\0\skill\ 5.00\personality\botfiles/newkyle.jkb\saber2\none\saber1\kyle\color2\4\color1\1\sex\male\model\kyle\snaps\20\rate\25000\name\Kyle
3-15-2021 9:21 (0:45): ClientUserinfoChanged: 1 n\Kyle\t\0\model\kyle\c1\1\c2\4\hc\100\w\0\l\0\skill\ 5.00\tt\0\tl\0\siegeclass\none\st\Kyle\st2\none\dt\0\sdt\0
3-15-2021 9:21 (0:45): say: Kyle: Good Fight
3-15-2021 9:21 (1:10): Kill: 0 1 3: Padawan killed Kyle by MOD_SABER
3-15-2021 9:21 (1:11): ClientUserinfoChanged handling info: 1 \team\0\skill\ 5.00\personality\botfiles/newkyle.jkb\saber2\none\saber1\kyle\color2\4\color1\1\sex\male\model\kyle\snaps\20\rate\25000\name\Kyle
3-15-2021 9:21 (1:11): ClientUserinfoChanged: 1 n\Kyle\t\0\model\kyle\c1\1\c2\4\hc\100\w\0\l\0\skill\ 5.00\tt\0\tl\0\siegeclass\none\st\Kyle\st2\none\dt\0\sdt\0
3-15-2021 9:21 (1:11): say: Kyle: Good Fight
3-15-2021 9:22 (1:18): say: Padawan: thanks bot
3-15-2021 9:22 (1:32): Kill: 1 0 5: Kyle killed Padawan by MOD_BRYAR_PISTOL_ALT
3-15-2021 9:22 (1:34): ClientUserinfoChanged handling info: 0 \ip\108.16.231.136:29070\name\Padawan\rate\4000\snaps\20\model\midgarv3reno/default\forcepowers\6-1-030330000000000333\color1\0\color2\4\handicap\100\sex\male\cg_predictItems\1\saber1\single_1\saber2\none\char_color_red\255\char_color_green\255\char_color_blue\255\teamtask\0\teamoverlay\1
3-15-2021 9:22 (1:34): ClientUserinfoChanged: 0 n\Padawan\t\0\model\midgarv3reno/default\c1\0\c2\4\hc\100\w\0\l\0\tt\0\tl\0\st\single_1\st2\none\dt\0
3-15-2021 9:22 (1:50): Kill: 1 0 3: Kyle killed Padawan by MOD_SABER
3-15-2021 9:22 (1:52): ClientUserinfoChanged handling info: 0 \ip\108.16.231.136:29070\name\Padawan\rate\4000\snaps\20\model\midgarv3reno/default\forcepowers\6-1-030330000000000333\color1\0\color2\4\handicap\100\sex\male\cg_predictItems\1\saber1\single_1\saber2\none\char_color_red\255\char_color_green\255\char_color_blue\255\teamtask\0\teamoverlay\1
3-15-2021 9:22 (1:52): ClientUserinfoChanged: 0 n\Padawan\t\0\model\midgarv3reno/default\c1\0\c2\4\hc\100\w\0\l\0\tt\0\tl\0\st\single_1\st2\none\dt\0
3-15-2021 9:22 (2:02): Kill: 1022 1 41: <world> killed Kyle by MOD_TRIGGER_HURT
3-15-2021 9:22 (2:03): ClientUserinfoChanged handling info: 1 \team\0\skill\ 5.00\personality\botfiles/newkyle.jkb\saber2\none\saber1\kyle\color2\4\color1\1\sex\male\model\kyle\snaps\20\rate\25000\name\Kyle
3-15-2021 9:22 (2:03): ClientUserinfoChanged: 1 n\Kyle\t\0\model\kyle\c1\1\c2\4\hc\100\w\0\l\0\skill\ 5.00\tt\0\tl\0\siegeclass\none\st\Kyle\st2\none\dt\0\sdt\0
3-15-2021 9:22 (2:16): Kill: 1022 0 41: <world> killed Padawan by MOD_TRIGGER_HURT
3-15-2021 9:22 (2:17): ClientUserinfoChanged handling info: 0 \ip\108.16.231.136:29070\name\Padawan\rate\4000\snaps\20\model\midgarv3reno/default\forcepowers\6-1-030330000000000333\color1\0\color2\4\handicap\100\sex\male\cg_predictItems\1\saber1\single_1\saber2\none\char_color_red\255\char_color_green\255\char_color_blue\255\teamtask\0\teamoverlay\1
3-15-2021 9:22 (2:17): ClientUserinfoChanged: 0 n\Padawan\t\0\model\midgarv3reno/default\c1\0\c2\4\hc\100\w\0\l\0\tt\0\tl\0\st\single_1\st2\none\dt\0
3-15-2021 9:23 (2:29): Kill: 0 1 3: Padawan killed Kyle by MOD_SABER
3-15-2021 9:23 (2:30): ClientUserinfoChanged handling info: 1 \team\0\skill\ 5.00\personality\botfiles/newkyle.jkb\saber2\none\saber1\kyle\color2\4\color1\1\sex\male\model\kyle\snaps\20\rate\25000\name\Kyle
3-15-2021 9:23 (2:30): ClientUserinfoChanged: 1 n\Kyle\t\0\model\kyle\c1\1\c2\4\hc\100\w\0\l\0\skill\ 5.00\tt\0\tl\0\siegeclass\none\st\Kyle\st2\none\dt\0\sdt\0
3-15-2021 9:23 (2:45): Kill: 1022 1 41: <world> killed Kyle by MOD_TRIGGER_HURT
3-15-2021 9:23 (2:46): ClientUserinfoChanged handling info: 1 \team\0\skill\ 5.00\personality\botfiles/newkyle.jkb\saber2\none\saber1\kyle\color2\4\color1\1\sex\male\model\kyle\snaps\20\rate\25000\name\Kyle
3-15-2021 9:23 (2:46): ClientUserinfoChanged: 1 n\Kyle\t\0\model\kyle\c1\1\c2\4\hc\100\w\0\l\0\skill\ 5.00\tt\0\tl\0\siegeclass\none\st\Kyle\st2\none\dt\0\sdt\0
3-15-2021 9:23 (3:01): Kill: 1022 1 41: <world> killed Kyle by MOD_TRIGGER_HURT
3-15-2021 9:23 (3:02): ClientUserinfoChanged handling info: 1 \team\0\skill\ 5.00\personality\botfiles/newkyle.jkb\saber2\none\saber1\kyle\color2\4\color1\1\sex\male\model\kyle\snaps\20\rate\25000\name\Kyle
3-15-2021 9:23 (3:02): ClientUserinfoChanged: 1 n\Kyle\t\0\model\kyle\c1\1\c2\4\hc\100\w\0\l\0\skill\ 5.00\tt\0\tl\0\siegeclass\none\st\Kyle\st2\none\dt\0\sdt\0
3-15-2021 9:24 (3:39): Kill: 1022 579 41: <world> killed  by MOD_TRIGGER_HURT
3-15-2021 9:24 (3:39): Kill: 1022 0 41: <world> killed Padawan by MOD_TRIGGER_HURT
3-15-2021 9:24 (3:40): ClientUserinfoChanged handling info: 0 \ip\108.16.231.136:29070\name\Padawan\rate\4000\snaps\20\model\midgarv3reno/default\forcepowers\6-1-030330000000000333\color1\0\color2\4\handicap\100\sex\male\cg_predictItems\1\saber1\single_1\saber2\none\char_color_red\255\char_color_green\255\char_color_blue\255\teamtask\0\teamoverlay\1
3-15-2021 9:24 (3:40): ClientUserinfoChanged: 0 n\Padawan\t\0\model\midgarv3reno/default\c1\0\c2\4\hc\100\w\0\l\0\tt\0\tl\0\st\single_1\st2\none\dt\0
3-15-2021 9:24 (3:50): Kill: 1022 1 41: <world> killed Kyle by MOD_TRIGGER_HURT
3-15-2021 9:24 (3:51): ClientUserinfoChanged handling info: 1 \team\0\skill\ 5.00\personality\botfiles/newkyle.jkb\saber2\none\saber1\kyle\color2\4\color1\1\sex\male\model\kyle\snaps\20\rate\25000\name\Kyle
3-15-2021 9:24 (3:51): ClientUserinfoChanged: 1 n\Kyle\t\0\model\kyle\c1\1\c2\4\hc\100\w\0\l\0\skill\ 5.00\tt\0\tl\0\siegeclass\none\st\Kyle\st2\none\dt\0\sdt\0
3-15-2021 9:24 (4:16): Kill: 1022 1 41: <world> killed Kyle by MOD_TRIGGER_HURT
3-15-2021 9:24 (4:17): ClientUserinfoChanged handling info: 1 \team\0\skill\ 5.00\personality\botfiles/newkyle.jkb\saber2\none\saber1\kyle\color2\4\color1\1\sex\male\model\kyle\snaps\20\rate\25000\name\Kyle
3-15-2021 9:24 (4:17): ClientUserinfoChanged: 1 n\Kyle\t\0\model\kyle\c1\1\c2\4\hc\100\w\0\l\0\skill\ 5.00\tt\0\tl\0\siegeclass\none\st\Kyle\st2\none\dt\0\sdt\0
3-15-2021 9:25 (4:27): Kill: 1022 1 41: <world> killed Kyle by MOD_TRIGGER_HURT
3-15-2021 9:25 (4:29): ClientUserinfoChanged handling info: 1 \team\0\skill\ 5.00\personality\botfiles/newkyle.jkb\saber2\none\saber1\kyle\color2\4\color1\1\sex\male\model\kyle\snaps\20\rate\25000\name\Kyle
3-15-2021 9:25 (4:29): ClientUserinfoChanged: 1 n\Kyle\t\0\model\kyle\c1\1\c2\4\hc\100\w\0\l\0\skill\ 5.00\tt\0\tl\0\siegeclass\none\st\Kyle\st2\none\dt\0\sdt\0
3-15-2021 9:25 (4:29): say: Kyle: dang
3-15-2021 9:25 (4:40): Kill: 1022 1 41: <world> killed Kyle by MOD_TRIGGER_HURT
3-15-2021 9:25 (4:41): ClientUserinfoChanged handling info: 1 \team\0\skill\ 5.00\personality\botfiles/newkyle.jkb\saber2\none\saber1\kyle\color2\4\color1\1\sex\male\model\kyle\snaps\20\rate\25000\name\Kyle
3-15-2021 9:25 (4:41): ClientUserinfoChanged: 1 n\Kyle\t\0\model\kyle\c1\1\c2\4\hc\100\w\0\l\0\skill\ 5.00\tt\0\tl\0\siegeclass\none\st\Kyle\st2\none\dt\0\sdt\0
3-15-2021 9:25 (4:51): Kill: 1022 1 41: <world> killed Kyle by MOD_TRIGGER_HURT
3-15-2021 9:25 (4:52): ClientUserinfoChanged handling info: 1 \team\0\skill\ 5.00\personality\botfiles/newkyle.jkb\saber2\none\saber1\kyle\color2\4\color1\1\sex\male\model\kyle\snaps\20\rate\25000\name\Kyle
3-15-2021 9:25 (4:52): ClientUserinfoChanged: 1 n\Kyle\t\0\model\kyle\c1\1\c2\4\hc\100\w\0\l\0\skill\ 5.00\tt\0\tl\0\siegeclass\none\st\Kyle\st2\none\dt\0\sdt\0
3-15-2021 9:25 (5:03): Kill: 1022 1 41: <world> killed Kyle by MOD_TRIGGER_HURT
3-15-2021 9:25 (5:04): ClientUserinfoChanged handling info: 1 \team\0\skill\ 5.00\personality\botfiles/newkyle.jkb\saber2\none\saber1\kyle\color2\4\color1\1\sex\male\model\kyle\snaps\20\rate\25000\name\Kyle
3-15-2021 9:25 (5:04): ClientUserinfoChanged: 1 n\Kyle\t\0\model\kyle\c1\1\c2\4\hc\100\w\0\l\0\skill\ 5.00\tt\0\tl\0\siegeclass\none\st\Kyle\st2\none\dt\0\sdt\0
3-15-2021 9:25 (5:04): say: Kyle: dang
3-15-2021 9:26 (5:31): Kill: 1022 1 35: <world> killed Kyle by MOD_LAVA
3-15-2021 9:26 (5:33): ClientUserinfoChanged handling info: 1 \team\0\skill\ 5.00\personality\botfiles/newkyle.jkb\saber2\none\saber1\kyle\color2\4\color1\1\sex\male\model\kyle\snaps\20\rate\25000\name\Kyle
3-15-2021 9:26 (5:33): ClientUserinfoChanged: 1 n\Kyle\t\0\model\kyle\c1\1\c2\4\hc\100\w\0\l\0\skill\ 5.00\tt\0\tl\0\siegeclass\none\st\Kyle\st2\none\dt\0\sdt\0
3-15-2021 9:26 (5:33): say: Kyle: dang
3-15-2021 9:26 (5:38): say: Padawan: dang indeed
3-15-2021 9:26 (5:45): Kill: 1022 0 41: <world> killed Padawan by MOD_TRIGGER_HURT
3-15-2021 9:26 (5:46): ClientUserinfoChanged handling info: 0 \ip\108.16.231.136:29070\name\Padawan\rate\4000\snaps\20\model\midgarv3reno/default\forcepowers\6-1-030330000000000333\color1\0\color2\4\handicap\100\sex\male\cg_predictItems\1\saber1\single_1\saber2\none\char_color_red\255\char_color_green\255\char_color_blue\255\teamtask\0\teamoverlay\1
3-15-2021 9:26 (5:46): ClientUserinfoChanged: 0 n\Padawan\t\0\model\midgarv3reno/default\c1\0\c2\4\hc\100\w\0\l\0\tt\0\tl\0\st\single_1\st2\none\dt\0
3-15-2021 9:26 (5:47): Kill: 1022 1 41: <world> killed Kyle by MOD_TRIGGER_HURT
3-15-2021 9:26 (5:48): ClientUserinfoChanged handling info: 1 \team\0\skill\ 5.00\personality\botfiles/newkyle.jkb\saber2\none\saber1\kyle\color2\4\color1\1\sex\male\model\kyle\snaps\20\rate\25000\name\Kyle
3-15-2021 9:26 (5:48): ClientUserinfoChanged: 1 n\Kyle\t\0\model\kyle\c1\1\c2\4\hc\100\w\0\l\0\skill\ 5.00\tt\0\tl\0\siegeclass\none\st\Kyle\st2\none\dt\0\sdt\0
3-15-2021 9:27 (6:33): Kill: 1022 1 41: <world> killed Kyle by MOD_TRIGGER_HURT
3-15-2021 9:27 (6:34): ClientUserinfoChanged handling info: 1 \team\0\skill\ 5.00\personality\botfiles/newkyle.jkb\saber2\none\saber1\kyle\color2\4\color1\1\sex\male\model\kyle\snaps\20\rate\25000\name\Kyle
3-15-2021 9:27 (6:34): ClientUserinfoChanged: 1 n\Kyle\t\0\model\kyle\c1\1\c2\4\hc\100\w\0\l\0\skill\ 5.00\tt\0\tl\0\siegeclass\none\st\Kyle\st2\none\dt\0\sdt\0
3-15-2021 9:27 (6:38): Kill: 1022 0 41: <world> killed Padawan by MOD_TRIGGER_HURT
3-15-2021 9:27 (6:42): ClientDisconnect: 0
3-15-2021 9:27 (7:05): ClientConnect: 0
3-15-2021 9:27 (7:05): ClientUserinfoChanged handling info: 0 \team\0\skill\ 5.00\personality\botfiles/astupidbot.jkb\saber2\none\saber1\kyle\color2\4\color1\4\sex\male\model\jawa\snaps\20\rate\25000\name\astupidbot
3-15-2021 9:27 (7:05): ClientUserinfoChanged: 0 n\astupidbot\t\0\model\jawa\c1\4\c2\4\hc\0\w\0\l\0\skill\ 5.00\tt\0\tl\0\siegeclass\none\st\\st2\\dt\0\sdt\0
3-15-2021 9:27 (7:05): IP: localhost astupidbot
3-15-2021 9:27 (7:05): ClientUserinfoChanged handling info: 0 \team\0\skill\ 5.00\personality\botfiles/astupidbot.jkb\saber2\none\saber1\kyle\color2\4\color1\4\sex\male\model\jawa\snaps\20\rate\25000\name\astupidbot
3-15-2021 9:27 (7:05): ClientUserinfoChanged: 0 n\astupidbot\t\0\model\jawa\c1\4\c2\4\hc\100\w\0\l\0\skill\ 5.00\tt\0\tl\0\siegeclass\none\st\Kyle\st2\none\dt\0\sdt\0
3-15-2021 9:27 (7:05): ClientBegin: 0
3-15-2021 10: 5 (45:00): Exit: Timelimit hit.
3-15-2021 10: 5 (45:00): score: 0  ping: 50  client: 0 astupidbot
3-15-2021 10: 5 (45:00): score: -11  ping: 50  client: 1 Kyle
3-15-2021 19:59 (638:30): ClientConnect: 2
3-15-2021 19:59 (638:30): ClientUserinfoChanged handling info: 2 \ip\75.172.162.11:29070\challenge\1438528638\qport\38478\protocol\26\name\Padawan\rate\4000\snaps\20\model\tavion_new/default\forcepowers\6-1-030330000000000333\color1\4\color2\4\handicap\100\sex\male\cg_predictItems\1\saber1\single_1\saber2\none\char_color_red\255\char_color_green\255\char_color_blue\255\teamtask\0
3-15-2021 19:59 (638:30): ClientUserinfoChanged: 2 n\Padawan\t\0\model\tavion_new/default\c1\4\c2\4\hc\0\w\0\l\0\tt\0\tl\0\st\\st2\\dt\0
3-15-2021 19:59 (638:30): IP: 75.172.162.11 Padawan
3-15-2021 19:59 (638:30): say: astupidbot: Hello
3-15-2021 19:59 (638:32): say: Kyle: Hello Astupidbot.
3-15-2021 19:59 (638:34): say: astupidbot: Hi
3-15-2021 19:59 (638:40): ClientUserinfoChanged handling info: 2 \ip\75.172.162.11:29070\name\Padawan\rate\4000\snaps\20\model\tavion_new/default\forcepowers\6-1-030330000000000333\color1\4\color2\4\handicap\100\sex\male\cg_predictItems\1\saber1\single_1\saber2\none\char_color_red\255\char_color_green\255\char_color_blue\255\teamtask\0\teamoverlay\1
3-15-2021 19:59 (638:40): ClientUserinfoChanged: 2 n\Padawan\t\0\model\tavion_new/default\c1\4\c2\4\hc\0\w\0\l\0\tt\0\tl\0\st\single_1\st2\none\dt\0
3-15-2021 19:59 (638:40): ClientUserinfoChanged handling info: 2 \ip\75.172.162.11:29070\name\Padawan\rate\4000\snaps\20\model\tavion_new/default\forcepowers\6-1-030330000000000333\color1\4\color2\4\handicap\100\sex\male\cg_predictItems\1\saber1\single_1\saber2\none\char_color_red\255\char_color_green\255\char_color_blue\255\teamtask\0\teamoverlay\1
3-15-2021 19:59 (638:40): ClientUserinfoChanged: 2 n\Padawan\t\0\model\tavion_new/default\c1\4\c2\4\hc\100\w\0\l\0\tt\0\tl\0\st\single_1\st2\none\dt\0
3-15-2021 19:59 (638:40): ClientBegin: 2
3-15-2021 19:59 (638:45): ClientDisconnect: 2
3-15-2021 23: 2 (822:07): ClientConnect: 2
3-15-2021 23: 2 (822:07): ClientUserinfoChanged handling info: 2 \ip\68.57.189.141:29070\challenge\-1859890913\qport\60695\protocol\26\cp_login\NOT SET\cp_clanPwd\none\cp_sbRGB1\0\cp_sbRGB2\0\cp_pluginDisable\0\name\Alexander\rate\25000\snaps\20\model\cultist/brown\forcepowers\7-1-133003000330003230\color1\0\color2\3\handicap\100\sex\male\cg_predictItems\1\saber1\Kyle\saber2\none\char_color_red\255\char_color_green\255\char_color_blue\255\teamtask\0\teamoverlay\1\cp_holster\2\cjp_client\1.4B4
3-15-2021 23: 2 (822:07): ClientUserinfoChanged: 2 n\Alexander\t\0\model\cultist/brown\c1\0\c2\3\hc\0\w\0\l\0\tt\0\tl\0\st\\st2\\dt\0
3-15-2021 23: 2 (822:07): IP: 68.57.189.141 Alexander
3-15-2021 23: 2 (822:17): ClientUserinfoChanged handling info: 2 \ip\68.57.189.141:29070\cp_login\NOT SET\cp_clanPwd\none\cp_sbRGB1\0\cp_sbRGB2\0\cp_pluginDisable\0\name\Troy\rate\25000\snaps\20\model\general_kenobi_v2/default\forcepowers\6-1-230330000030000330\color1\4\color2\3\handicap\100\sex\male\cg_predictItems\1\saber1\Kyle\saber2\none\char_color_red\255\char_color_green\255\char_color_blue\255\teamtask\0\teamoverlay\1\cp_holster\2\cjp_client\1.4B4
3-15-2021 23: 2 (822:17): ClientNamechange: Alexander is now Troy
3-15-2021 23: 2 (822:17): ClientUserinfoChanged: 2 n\Troy\t\0\model\general_kenobi_v2/default\c1\4\c2\3\hc\0\w\0\l\0\tt\0\tl\0\st\Kyle\st2\none\dt\0
3-15-2021 23: 2 (822:17): ClientUserinfoChanged handling info: 2 \ip\68.57.189.141:29070\cp_login\NOT SET\cp_clanPwd\none\cp_sbRGB1\0\cp_sbRGB2\0\cp_pluginDisable\0\name\Troy\rate\25000\snaps\20\model\general_kenobi_v2/default\forcepowers\6-1-230330000030000330\color1\4\color2\3\handicap\100\sex\male\cg_predictItems\1\saber1\Kyle\saber2\none\char_color_red\255\char_color_green\255\char_color_blue\255\teamtask\0\teamoverlay\1\cp_holster\2\cjp_client\1.4B4
3-15-2021 23: 2 (822:17): ClientUserinfoChanged: 2 n\Troy\t\0\model\general_kenobi_v2/default\c1\4\c2\3\hc\100\w\0\l\0\tt\0\tl\0\st\Kyle\st2\none\dt\0
3-15-2021 23: 2 (822:17): ClientBegin: 2
3-15-2021 23: 3 (822:22): ShutdownGame:
3-15-2021 23: 3 (822:22): ------------------------------------------------------------
3-15-2021 23: 3 (0:00): ------------------------------------------------------------
3-15-2021 23: 3 (0:00): InitGame: \version\JAmp: v1.0.1.0 linux-i386 Mar 14 2020\timelimit\45\sv_privateClients\0\sv_minRate\0\sv_minPing\0\sv_maxclients\32\sv_maxRate\0\sv_maxPing\999\sv_hostname\^7~^1~^7~ COMM SERVER ~^1~^7~\sv_fps\50\sv_floodProtectSlow\1\sv_floodProtect\1\sv_autoDemo\0\sv_allowDownload\0\serveruptime\73\protocol\26\mapname\mp/duel5\gamename\Lugormod\g_weaponDisable\0\g_stepSlideFix\0\g_siegeTeamSwitch\1\g_siegeTeam2\none\g_siegeTeam1\none\g_siegeRespawn\20\g_showDuelHealths\1\g_saberWallDamageScale\0.4\g_saberLocking\0\g_privateDuel\1535\g_noSpecMove\0\g_needpass\0\g_maxHolocronCarry\3\g_maxGameClients\0\g_maxForceRank\7\g_jediVmerc\0\g_gametype\0\g_gamemode\0\g_forceRegenTime\160\g_forcePowerDisable\0\g_forceBasedTeams\1\g_duelWeaponDisable\9\g_debugmelee\1\g_allowNPC\1\fs_game\lugormod\fraglimit\0\duel_fraglimit\10\dmflags\0\capturelimit\10\bot_minplayers\2\bg_fighterAltControl\0\Lugormod_Version\U#-0.0.0.91 Alpha
3-15-2021 23: 3 (0:00): ClientConnect: 0
3-15-2021 23: 3 (0:00): ClientUserinfoChanged handling info: 0 \team\0\skill\ 5.00\personality\botfiles/astupidbot.jkb\saber2\none\saber1\kyle\color2\4\color1\4\sex\male\model\jawa\snaps\20\rate\25000\name\astupidbot
3-15-2021 23: 3 (0:00): ClientUserinfoChanged: 0 n\astupidbot\t\0\model\jawa\c1\4\c2\4\hc\0\w\0\l\0\skill\ 5.00\tt\0\tl\0\siegeclass\none\st\Kyle\st2\none\dt\0\sdt\0
3-15-2021 23: 3 (0:00): ClientUserinfoChanged handling info: 0 \team\0\skill\ 5.00\personality\botfiles/astupidbot.jkb\saber2\none\saber1\kyle\color2\4\color1\4\sex\male\model\jawa\snaps\20\rate\25000\name\astupidbot
3-15-2021 23: 3 (0:00): ClientUserinfoChanged: 0 n\astupidbot\t\0\model\jawa\c1\4\c2\4\hc\100\w\0\l\0\skill\ 5.00\tt\0\tl\0\siegeclass\none\st\Kyle\st2\none\dt\0\sdt\0
3-15-2021 23: 3 (0:00): ClientBegin: 0
3-15-2021 23: 3 (0:00): ClientConnect: 1
3-15-2021 23: 3 (0:00): ClientUserinfoChanged handling info: 1 \team\0\skill\ 5.00\personality\botfiles/newkyle.jkb\saber2\none\saber1\kyle\color2\4\color1\1\sex\male\model\kyle\snaps\20\rate\25000\name\Kyle
3-15-2021 23: 3 (0:00): ClientUserinfoChanged: 1 n\Kyle\t\0\model\kyle\c1\1\c2\4\hc\0\w\0\l\0\skill\ 5.00\tt\0\tl\0\siegeclass\none\st\Kyle\st2\none\dt\0\sdt\0
3-15-2021 23: 3 (0:00): ClientUserinfoChanged handling info: 1 \team\0\skill\ 5.00\personality\botfiles/newkyle.jkb\saber2\none\saber1\kyle\color2\4\color1\1\sex\male\model\kyle\snaps\20\rate\25000\name\Kyle
3-15-2021 23: 3 (0:00): ClientUserinfoChanged: 1 n\Kyle\t\0\model\kyle\c1\1\c2\4\hc\100\w\0\l\0\skill\ 5.00\tt\0\tl\0\siegeclass\none\st\Kyle\st2\none\dt\0\sdt\0
3-15-2021 23: 3 (0:00): ClientBegin: 1
3-15-2021 23: 3 (0:00): ClientConnect: 2
3-15-2021 23: 3 (0:00): ClientUserinfoChanged handling info: 2 \ip\68.57.189.141:29070\cp_login\NOT SET\cp_clanPwd\none\cp_sbRGB1\0\cp_sbRGB2\0\cp_pluginDisable\0\name\Troy\rate\25000\snaps\20\model\general_kenobi_v2/default\forcepowers\6-1-230330000030000330\color1\4\color2\3\handicap\100\sex\male\cg_predictItems\1\saber1\Kyle\saber2\none\char_color_red\255\char_color_green\255\char_color_blue\255\teamtask\0\teamoverlay\1\cp_holster\2\cjp_client\1.4B4
3-15-2021 23: 3 (0:00): ClientUserinfoChanged: 2 n\Troy\t\0\model\general_kenobi_v2/default\c1\4\c2\3\hc\0\w\0\l\0\tt\0\tl\0\st\Kyle\st2\none\dt\0
3-15-2021 23: 3 (0:04): ClientUserinfoChanged handling info: 2 \ip\68.57.189.141:29070\cp_login\NOT SET\cp_clanPwd\none\cp_sbRGB1\0\cp_sbRGB2\0\cp_pluginDisable\0\name\Troy\rate\25000\snaps\20\model\general_kenobi_v2/default\forcepowers\6-1-230330000030000330\color1\4\color2\3\handicap\100\sex\male\cg_predictItems\1\saber1\Kyle\saber2\none\char_color_red\255\char_color_green\255\char_color_blue\255\teamtask\0\teamoverlay\1\cp_holster\2\cjp_client\1.4B4
3-15-2021 23: 3 (0:04): ClientUserinfoChanged: 2 n\Troy\t\0\model\general_kenobi_v2/default\c1\4\c2\3\hc\0\w\0\l\0\tt\0\tl\0\st\Kyle\st2\none\dt\0
3-15-2021 23: 3 (0:04): ClientUserinfoChanged handling info: 2 \ip\68.57.189.141:29070\cp_login\NOT SET\cp_clanPwd\none\cp_sbRGB1\0\cp_sbRGB2\0\cp_pluginDisable\0\name\Troy\rate\25000\snaps\20\model\general_kenobi_v2/default\forcepowers\6-1-230330000030000330\color1\4\color2\3\handicap\100\sex\male\cg_predictItems\1\saber1\Kyle\saber2\none\char_color_red\255\char_color_green\255\char_color_blue\255\teamtask\0\teamoverlay\1\cp_holster\2\cjp_client\1.4B4
3-15-2021 23: 3 (0:04): ClientUserinfoChanged: 2 n\Troy\t\0\model\general_kenobi_v2/default\c1\4\c2\3\hc\100\w\0\l\0\tt\0\tl\0\st\Kyle\st2\none\dt\0
3-15-2021 23: 3 (0:04): ClientBegin: 2
3-15-2021 23: 3 (0:14): Kill: 0 1 3: astupidbot killed Kyle by MOD_SABER
3-15-2021 23: 3 (0:16): ClientUserinfoChanged handling info: 1 \team\0\skill\ 5.00\personality\botfiles/newkyle.jkb\saber2\none\saber1\kyle\color2\4\color1\1\sex\male\model\kyle\snaps\20\rate\25000\name\Kyle
3-15-2021 23: 3 (0:16): ClientUserinfoChanged: 1 n\Kyle\t\0\model\kyle\c1\1\c2\4\hc\100\w\0\l\0\skill\ 5.00\tt\0\tl\0\siegeclass\none\st\Kyle\st2\none\dt\0\sdt\0
3-15-2021 23: 3 (0:16): say: astupidbot: hehe!
3-15-2021 23: 3 (0:22): Kill: 1022 2 41: <world> killed Troy by MOD_TRIGGER_HURT
3-15-2021 23: 3 (0:27): ClientDisconnect: 2
3-15-2021 23:48 (45:00): Exit: Timelimit hit.
3-15-2021 23:48 (45:00): score: 1  ping: 55  client: 0 astupidbot
3-15-2021 23:48 (45:00): score: 0  ping: 45  client: 1 Kyle
3-18-2021 16:19 (3916:00): ClientConnect: 2
3-18-2021 16:19 (3916:00): ClientUserinfoChanged handling info: 2 \ip\24.201.24.132:29070\challenge\-1152986847\qport\49681\protocol\26\cg_predictItems\1\char_color_blue\255\char_color_green\255\char_color_red\255\color1\2\color2\4\forcepowers\6-1-030330000000000333\handicap\100\model\rodian/blue\name\^4C^7or\rate\25000\saber1\dual_4\saber2\none\sex\male\snaps\40\teamtask\0
3-18-2021 16:19 (3916:00): ClientUserinfoChanged: 2 n\Padawan\t\0\model\rodian/blue\c1\2\c2\4\hc\0\w\0\l\0\tt\0\tl\0\st\\st2\\dt\0
3-18-2021 16:19 (3916:00): IP: 24.201.24.132 Padawan
3-18-2021 16:19 (3916:07): ClientUserinfoChanged handling info: 2 \ip\24.201.24.132:29070\cg_predictItems\1\char_color_blue\255\char_color_green\255\char_color_red\255\color1\2\color2\4\forcepowers\6-1-030330000000000333\handicap\100\model\rodian/blue\name\^4C^7or\rate\25000\saber1\dual_4\saber2\none\sex\male\snaps\40\teamtask\0\teamoverlay\1
3-18-2021 16:19 (3916:07): ClientUserinfoChanged: 2 n\Padawan\t\0\model\rodian/blue\c1\2\c2\4\hc\0\w\0\l\0\tt\0\tl\0\st\dual_4\st2\none\dt\0
3-18-2021 16:19 (3916:07): ClientUserinfoChanged handling info: 2 \ip\24.201.24.132:29070\cg_predictItems\1\char_color_blue\255\char_color_green\255\char_color_red\255\color1\2\color2\4\forcepowers\6-1-030330000000000333\handicap\100\model\rodian/blue\name\^4C^7or\rate\25000\saber1\dual_4\saber2\none\sex\male\snaps\40\teamtask\0\teamoverlay\1
3-18-2021 16:19 (3916:07): ClientUserinfoChanged: 2 n\Padawan\t\0\model\rodian/blue\c1\2\c2\4\hc\100\w\0\l\0\tt\0\tl\0\st\dual_4\st2\none\dt\0
3-18-2021 16:19 (3916:07): ClientBegin: 2
3-18-2021 16:19 (3916:11): say: Padawan: ^3Servers ^2- ^7Server has been added
3-18-2021 16:20 (3917:09): ClientDisconnect: 2
3-21-2021 1:30 (7347:26): ClientConnect: 2
3-21-2021 1:30 (7347:26): ClientUserinfoChanged handling info: 2 \ip\151.226.222.43:29070\challenge\-208658087\qport\29983\protocol\26\name\Padawan\rate\4000\snaps\20\model\kyle/default\forcepowers\7-2-030330300000031333\color1\0\color2\4\handicap\100\sex\male\cg_predictItems\1\saber1\dual_5\saber2\none\char_color_red\255\char_color_green\255\char_color_blue\255\teamtask\0\password\hamza\g_password\hamza\teamoverlay\1
3-21-2021 1:30 (7347:26): ClientUserinfoChanged: 2 n\Padawan\t\0\model\kyle/default\c1\0\c2\4\hc\0\w\0\l\0\tt\0\tl\0\st\\st2\\dt\0
3-21-2021 1:30 (7347:26): IP: 151.226.222.43 Padawan
3-21-2021 1:30 (7347:32): ClientUserinfoChanged handling info: 2 \ip\151.226.222.43:29070\name\Padawan\rate\4000\snaps\20\model\kyle/default\forcepowers\7-2-030330300000031333\color1\0\color2\4\handicap\100\sex\male\cg_predictItems\1\saber1\dual_5\saber2\none\char_color_red\255\char_color_green\255\char_color_blue\255\teamtask\0\password\hamza\g_password\hamza\teamoverlay\1
3-21-2021 1:30 (7347:32): ClientUserinfoChanged: 2 n\Padawan\t\0\model\kyle/default\c1\0\c2\4\hc\0\w\0\l\0\tt\0\tl\0\st\dual_5\st2\none\dt\0
3-21-2021 1:30 (7347:32): ClientUserinfoChanged handling info: 2 \ip\151.226.222.43:29070\name\Padawan\rate\4000\snaps\20\model\kyle/default\forcepowers\7-2-030330300000031333\color1\0\color2\4\handicap\100\sex\male\cg_predictItems\1\saber1\dual_5\saber2\none\char_color_red\255\char_color_green\255\char_color_blue\255\teamtask\0\password\hamza\g_password\hamza\teamoverlay\1
3-21-2021 1:30 (7347:32): ClientUserinfoChanged: 2 n\Padawan\t\0\model\kyle/default\c1\0\c2\4\hc\100\w\0\l\0\tt\0\tl\0\st\dual_5\st2\none\dt\0
3-21-2021 1:30 (7347:32): ClientBegin: 2
3-21-2021 1:30 (7347:41): ClientDisconnect: 2
3-21-2021 13:44 (8080:58): ClientConnect: 2
3-21-2021 13:44 (8080:58): ClientUserinfoChanged handling info: 2 \ip\5.44.193.141:29070\challenge\-84408459\qport\45206\protocol\26\char_color_blue\255\char_color_green\255\char_color_red\255\saber2\none\saber1\dual_1\cg_predictItems\1\sex\male\handicap\100\color2\3\color1\5\forcepowers\6-2-030300003000033220\model\kyle/default\snaps\20\rate\5000\name\TMMETOTT\teamtask\0\teamoverlay\1
3-21-2021 13:44 (8080:58): ClientUserinfoChanged: 2 n\TMMETOTT\t\0\model\kyle/default\c1\5\c2\3\hc\0\w\0\l\0\tt\0\tl\0\st\\st2\\dt\0
3-21-2021 13:44 (8080:58): IP: 5.44.193.141 TMMETOTT
3-21-2021 13:44 (8081:01): ClientUserinfoChanged handling info: 2 \ip\5.44.193.141:29070\char_color_blue\255\char_color_green\255\char_color_red\255\saber2\none\saber1\dual_1\cg_predictItems\1\sex\538075656\handicap\100\color2\3\color1\0\forcepowers\7-2-030300003000033220\model\kyle/default\snaps\20\rate\5000\name\TMMETOTT\teamtask\0\teamoverlay\1
3-21-2021 13:44 (8081:01): ClientUserinfoChanged: 2 n\TMMETOTT\t\0\model\kyle/default\c1\0\c2\3\hc\0\w\0\l\0\tt\0\tl\0\st\dual_1\st2\none\dt\0
3-21-2021 13:44 (8081:01): ClientUserinfoChanged handling info: 2 \ip\5.44.193.141:29070\char_color_blue\255\char_color_green\255\char_color_red\255\saber2\none\saber1\dual_1\cg_predictItems\1\sex\538075656\handicap\100\color2\3\color1\0\forcepowers\7-2-030300003000033220\model\kyle/default\snaps\20\rate\5000\name\TMMETOTT\teamtask\0\teamoverlay\1
3-21-2021 13:44 (8081:01): ClientUserinfoChanged: 2 n\TMMETOTT\t\0\model\kyle/default\c1\0\c2\3\hc\100\w\0\l\0\tt\0\tl\0\st\dual_1\st2\none\dt\0
3-21-2021 13:44 (8081:01): ClientBegin: 2
3-21-2021 13:44 (8081:10): ShutdownGame:
3-21-2021 13:44 (8081:10): ------------------------------------------------------------
