3-29-2021 14:29 (0:00): ------------------------------------------------------------
3-29-2021 14:29 (0:00): InitGame: \version\JAmp: v1.0.1.0 linux-i386 Mar 14 2020\timelimit\0\sv_privateClients\0\sv_minRate\0\sv_minPing\0\sv_maxclients\32\sv_maxRate\0\sv_maxPing\999\sv_hostname\^7~^1~^7~ COMM SERVER ~^1~^7~\sv_fps\50\sv_floodProtectSlow\1\sv_floodProtect\1\sv_autoDemo\0\sv_allowDownload\0\serveruptime\54\protocol\26\mapname\taspir1\gamename\Lugormod\g_weaponDisable\0\g_stepSlideFix\0\g_siegeTeamSwitch\1\g_siegeTeam2\none\g_siegeTeam1\none\g_siegeRespawn\20\g_showDuelHealths\1\g_saberWallDamageScale\0.4\g_saberLocking\0\g_privateDuel\1535\g_noSpecMove\0\g_needpass\0\g_maxHolocronCarry\3\g_maxGameClients\0\g_maxForceRank\7\g_jediVmerc\0\g_gametype\0\g_gamemode\0\g_forceRegenTime\160\g_forcePowerDisable\0\g_forceBasedTeams\1\g_duelWeaponDisable\9\g_debugmelee\1\g_allowNPC\1\fs_game\lugormod\fraglimit\0\duel_fraglimit\10\dmflags\0\capturelimit\10\bot_minplayers\2\bg_fighterAltControl\0\Lugormod_Version\U#-0.0.0.91 Alpha
3-29-2021 14:29 (0:30): ClientConnect: 0
3-29-2021 14:29 (0:30): ClientUserinfoChanged handling info: 0 \team\0\skill\ 5.00\personality\botfiles/astupidbot.jkb\saber2\none\saber1\kyle\color2\4\color1\4\sex\male\model\jawa\snaps\20\rate\25000\name\astupidbot
3-29-2021 14:29 (0:30): ClientUserinfoChanged: 0 n\astupidbot\t\0\model\jawa\c1\4\c2\4\hc\0\w\0\l\0\skill\ 5.00\tt\0\tl\0\siegeclass\none\st\\st2\\dt\0\sdt\0
3-29-2021 14:29 (0:30): ClientUserinfoChanged handling info: 0 \name\astupidbot\team\0\skill\ 5.00\personality\botfiles/astupidbot.jkb\saber2\none\saber1\kyle\color2\4\color1\4\sex\male\model\jawa\snaps\20\rate\25000
3-29-2021 14:29 (0:30): ClientUserinfoChanged: 0 n\astupidbot\t\0\model\jawa\c1\4\c2\4\hc\0\w\0\l\0\skill\ 5.00\tt\0\tl\0\siegeclass\none\st\\st2\\dt\0\sdt\0
3-29-2021 14:29 (0:30): IP: localhost astupidbot
3-29-2021 14:29 (0:30): ClientUserinfoChanged handling info: 0 \name\astupidbot\team\0\skill\ 5.00\personality\botfiles/astupidbot.jkb\saber2\none\r2\4\color1\4\sex\male\model\jawx\male\model\jawa\snaps\20\rate\25000
3-29-2021 14:29 (0:30): ClientUserinfoChanged: 0 n\astupidbot\t\0\model\jawx\c1\4\c2\\hc\0\w\0\l\0\skill\ 5.00\tt\0\tl\0\siegeclass\none\st\\st2\\dt\0\sdt\0
3-29-2021 14:29 (0:30): ClientUserinfoChanged handling info: 0 \saber2\none\saber1\Katarn\name\astupidbot\team\0\skill\ 5.00\personality\botfiles/astupidbot.jkb\r2s4\color1\4\sex\male\model\jawx\male\model\jawa\snaps\20\rate\25000
3-29-2021 14:29 (0:30): ClientUserinfoChanged: 0 n\astupidbot\t\0\model\jawa\c1\\c2\\hc\0\w\0\l\0\skill\ 5.00\tt\0\tl\0\siegeclass\none\st\default\st2\none\dt\0\sdt\0
3-29-2021 14:29 (0:30): ClientUserinfoChanged handling info: 0 \saber1\default\saber2\none\name\astupidbot\team\0\skill\ 5.00\personality\botfiles/astupidbot.jkb\r2x\male\model\jawx\male\model\jawa\le\model\jawa\snaps\20\rate\25000
3-29-2021 14:29 (0:30): ClientUserinfoChanged: 0 n\astupidbot\t\0\model\jawx\c1\\c2\\hc\100\w\0\l\0\skill\ 5.00\tt\0\tl\0\siegeclass\none\st\default\st2\none\dt\0\sdt\0
3-29-2021 14:29 (0:30): ClientBegin: 0
3-29-2021 14:29 (0:43): ClientConnect: 1
3-29-2021 14:29 (0:43): ClientUserinfoChanged handling info: 1 \team\0\skill\ 5.00\personality\botfiles/newkyle.jkb\saber2\none\saber1\kyle\color2\4\color1\1\sex\male\model\kyle\snaps\20\rate\25000\name\Kyle
3-29-2021 14:29 (0:43): ClientUserinfoChanged: 1 n\Kyle\t\0\model\kyle\c1\1\c2\4\hc\0\w\0\l\0\skill\ 5.00\tt\0\tl\0\siegeclass\none\st\\st2\\dt\0\sdt\0
3-29-2021 14:29 (0:43): IP: localhost Kyle
3-29-2021 14:29 (0:43): ClientUserinfoChanged handling info: 1 \team\0\skill\ 5.00\personality\botfiles/newkyle.jkb\saber2\none\saber1\kyle\color2\4\color1\1\sex\male\model\kyle\snaps\20\rate\25000\name\Kyle
3-29-2021 14:29 (0:43): ClientUserinfoChanged: 1 n\Kyle\t\0\model\kyle\c1\1\c2\4\hc\100\w\0\l\0\skill\ 5.00\tt\0\tl\0\siegeclass\none\st\Kyle\st2\none\dt\0\sdt\0
3-29-2021 14:29 (0:43): ClientBegin: 1
3-30-2021 3:49 (800:44): ClientConnect: 2
3-30-2021 3:49 (800:44): ClientUserinfoChanged handling info: 2 \ip\186.92.85.178:29070\challenge\591850794\qport\31563\protocol\26\char_color_blue\255\char_color_green\255\char_color_red\255\saber2\single_1\saber1\single_1\cg_predictItems\1\sex\male\handicap\100\color2\0\color1\5\forcepowers\7-2-033310331000021331\model\stormtrooper/default\snaps\20\rate\4000\name\GrAsPiNetrO\teamtask\0\teamoverlay\1
3-30-2021 3:49 (800:44): ClientUserinfoChanged: 2 n\GrAsPiNetrO\t\0\model\stormtrooper/default\c1\5\c2\0\hc\0\w\0\l\0\tt\0\tl\0\st\\st2\\dt\0
3-30-2021 3:49 (800:44): IP: 186.92.85.178 GrAsPiNetrO
3-30-2021 3:49 (800:44): say: Kyle: Hello
3-30-2021 3:50 (801:02): Kill: 1022 1 35: <world> killed Kyle by MOD_LAVA
3-30-2021 3:50 (801:04): ClientUserinfoChanged handling info: 1 \team\0\skill\ 5.00\personality\botfiles/newkyle.jkb\saber2\none\saber1\kyle\color2\4\color1\1\sex\male\model\kyle\snaps\20\rate\25000\name\Kyle
3-30-2021 3:50 (801:04): ClientUserinfoChanged: 1 n\Kyle\t\0\model\kyle\c1\1\c2\4\hc\100\w\0\l\0\skill\ 5.00\tt\0\tl\0\siegeclass\none\st\Kyle\st2\none\dt\0\sdt\0
3-30-2021 3:50 (801:04): say: Kyle: Good Fight
3-30-2021 3:50 (801:05): ClientUserinfoChanged handling info: 2 \ip\186.92.85.178:29070\char_color_blue\255\char_color_green\255\char_color_red\255\saber2\none\saber1\single_1\cg_predictItems\1\sex\male\handicap\100\color2\0\color1\4\forcepowers\7-2-033310331000021331\model\cultist/default\snaps\20\rate\4000\name\GrAsPiNetrO\teamtask\0\teamoverlay\1
3-30-2021 3:50 (801:05): ClientUserinfoChanged: 2 n\GrAsPiNetrO\t\0\model\cultist/default\c1\4\c2\0\hc\0\w\0\l\0\tt\0\tl\0\st\single_1\st2\none\dt\0
3-30-2021 3:50 (801:05): ClientUserinfoChanged handling info: 2 \ip\186.92.85.178:29070\char_color_blue\255\char_color_green\255\char_color_red\255\saber2\none\saber1\single_1\cg_predictItems\1\sex\male\handicap\100\color2\0\color1\4\forcepowers\7-2-033310331000021331\model\cultist/default\snaps\20\rate\4000\name\GrAsPiNetrO\teamtask\0\teamoverlay\1
3-30-2021 3:50 (801:05): ClientUserinfoChanged: 2 n\GrAsPiNetrO\t\0\model\cultist/default\c1\4\c2\0\hc\100\w\0\l\0\tt\0\tl\0\st\single_1\st2\none\dt\0
3-30-2021 3:50 (801:05): ClientBegin: 2
3-30-2021 3:50 (801:08): Kill: 1022 0 41: <world> killed astupidbot by MOD_TRIGGER_HURT
3-30-2021 3:50 (801:09): ClientUserinfoChanged handling info: 0 \saber1\default\saber2\none\name\astupidbot\team\0\skill\ 5.00\personality\botfiles/astupidbot.jkb\r2x\male\model\jawx\male\model\jawa\le\model\jawa\snaps\20\rate\25000
3-30-2021 3:50 (801:09): ClientUserinfoChanged: 0 n\astupidbot\t\0\model\jawx\c1\\c2\\hc\100\w\0\l\0\skill\ 5.00\tt\0\tl\0\siegeclass\none\st\default\st2\none\dt\0\sdt\0
3-30-2021 3:50 (801:14): say: astupidbot: cya
3-30-2021 3:50 (801:14): ClientDisconnect: 0
3-30-2021 3:50 (801:16): say: Kyle: bye bye Astupidbot
3-30-2021 3:50 (801:40): ClientDisconnect: 2
3-30-2021 3:50 (801:43): ClientConnect: 0
3-30-2021 3:50 (801:43): ClientUserinfoChanged handling info: 0 \team\0\skill\ 5.00\personality\botfiles/astupidbot.jkb\saber2\none\saber1\kyle\color2\4\color1\4\sex\male\model\jawa\snaps\20\rate\25000\name\astupidbot
3-30-2021 3:50 (801:43): ClientUserinfoChanged: 0 n\astupidbot\t\0\model\jawa\c1\4\c2\4\hc\0\w\0\l\0\skill\ 5.00\tt\0\tl\0\siegeclass\none\st\\st2\\dt\0\sdt\0
3-30-2021 3:50 (801:43): IP: localhost astupidbot
3-30-2021 3:50 (801:43): ClientUserinfoChanged handling info: 0 \team\0\skill\ 5.00\personality\botfiles/astupidbot.jkb\saber2\none\saber1\kyle\color2\4\color1\4\sex\male\model\jawa\snaps\20\rate\25000\name\astupidbot
3-30-2021 3:50 (801:43): ClientUserinfoChanged: 0 n\astupidbot\t\0\model\jawa\c1\4\c2\4\hc\100\w\0\l\0\skill\ 5.00\tt\0\tl\0\siegeclass\none\st\Kyle\st2\none\dt\0\sdt\0
3-30-2021 3:50 (801:43): ClientBegin: 0
3-30-2021 3:51 (802:03): ClientConnect: 2
3-30-2021 3:51 (802:03): ClientUserinfoChanged handling info: 2 \ip\186.92.104.6:26818\challenge\-230903499\qport\48249\protocol\26\char_color_blue\255\char_color_green\255\char_color_red\255\saber2\single_1\saber1\single_1\cg_predictItems\1\sex\male\handicap\100\color2\4\color1\0\forcepowers\7-2-030000000000000330\model\cultist/default\snaps\20\rate\4000\name\si\teamtask\0\teamoverlay\1
3-30-2021 3:51 (802:03): ClientUserinfoChanged: 2 n\Padawan\t\0\model\cultist/default\c1\0\c2\4\hc\0\w\0\l\0\tt\0\tl\0\st\\st2\\dt\0
3-30-2021 3:51 (802:03): IP: 186.92.104.6 Padawan
3-30-2021 3:51 (802:10): ClientConnect: 3
3-30-2021 3:51 (802:10): ClientUserinfoChanged handling info: 3 \ip\186.92.85.178:29070\challenge\-524328454\qport\31563\protocol\26\char_color_blue\255\char_color_green\255\char_color_red\255\saber2\none\saber1\single_1\cg_predictItems\1\sex\male\handicap\100\color2\0\color1\4\forcepowers\7-2-033310331000021331\model\cultist/default\snaps\20\rate\4000\name\GrAsPiNetrO\teamtask\0\teamoverlay\1
3-30-2021 3:51 (802:10): ClientUserinfoChanged: 3 n\GrAsPiNetrO\t\0\model\cultist/default\c1\4\c2\0\hc\0\w\0\l\0\tt\0\tl\0\st\\st2\\dt\0
3-30-2021 3:51 (802:10): IP: 186.92.85.178 GrAsPiNetrO
3-30-2021 3:51 (802:19): ClientUserinfoChanged handling info: 3 \ip\186.92.85.178:29070\char_color_blue\255\char_color_green\255\char_color_red\255\saber2\none\saber1\single_1\cg_predictItems\1\sex\male\handicap\100\color2\0\color1\4\forcepowers\7-2-033310331000021331\model\cultist/default\snaps\20\rate\4000\name\GrAsPiNetrO\teamtask\0\teamoverlay\1
3-30-2021 3:51 (802:19): ClientUserinfoChanged: 3 n\GrAsPiNetrO\t\0\model\cultist/default\c1\4\c2\0\hc\0\w\0\l\0\tt\0\tl\0\st\single_1\st2\none\dt\0
3-30-2021 3:51 (802:19): ClientUserinfoChanged handling info: 3 \ip\186.92.85.178:29070\char_color_blue\255\char_color_green\255\char_color_red\255\saber2\none\saber1\single_1\cg_predictItems\1\sex\male\handicap\100\color2\0\color1\4\forcepowers\7-2-033310331000021331\model\cultist/default\snaps\20\rate\4000\name\GrAsPiNetrO\teamtask\0\teamoverlay\1
3-30-2021 3:51 (802:19): ClientUserinfoChanged: 3 n\GrAsPiNetrO\t\0\model\cultist/default\c1\4\c2\0\hc\100\w\0\l\0\tt\0\tl\0\st\single_1\st2\none\dt\0
3-30-2021 3:51 (802:19): ClientBegin: 3
3-30-2021 3:51 (802:24): ClientUserinfoChanged handling info: 2 \ip\186.92.104.6:26818\char_color_blue\255\char_color_green\255\char_color_red\255\saber2\none\saber1\dual_2\cg_predictItems\1\sex\male\handicap\100\color2\4\color1\1\forcepowers\6-1-031330000000000332\model\lando/default\snaps\20\rate\4000\name\si\teamtask\0\teamoverlay\1
3-30-2021 3:51 (802:24): ClientUserinfoChanged: 2 n\Padawan\t\0\model\lando/default\c1\1\c2\4\hc\0\w\0\l\0\tt\0\tl\0\st\dual_2\st2\none\dt\0
3-30-2021 3:51 (802:24): ClientUserinfoChanged handling info: 2 \ip\186.92.104.6:26818\char_color_blue\255\char_color_green\255\char_color_red\255\saber2\none\saber1\dual_2\cg_predictItems\1\sex\male\handicap\100\color2\4\color1\1\forcepowers\6-1-031330000000000332\model\lando/default\snaps\20\rate\4000\name\si\teamtask\0\teamoverlay\1
3-30-2021 3:51 (802:24): ClientUserinfoChanged: 2 n\Padawan\t\0\model\lando/default\c1\1\c2\4\hc\100\w\0\l\0\tt\0\tl\0\st\dual_2\st2\none\dt\0
3-30-2021 3:51 (802:24): ClientBegin: 2
3-30-2021 3:51 (802:34): say: Kyle: Hey!
3-30-2021 3:51 (802:40): say: GrAsPiNetrO: h
3-30-2021 3:51 (802:40): say: astupidbot: cya
3-30-2021 3:51 (802:40): ClientDisconnect: 0
3-30-2021 3:51 (802:40): Kill: 1022 1 41: <world> killed Kyle by MOD_TRIGGER_HURT
3-30-2021 3:51 (802:42): ClientUserinfoChanged handling info: 1 \team\0\skill\ 5.00\personality\botfiles/newkyle.jkb\saber2\none\saber1\kyle\color2\4\color1\1\sex\male\model\kyle\snaps\20\rate\25000\name\Kyle
3-30-2021 3:51 (802:42): ClientUserinfoChanged: 1 n\Kyle\t\0\model\kyle\c1\1\c2\4\hc\100\w\0\l\0\skill\ 5.00\tt\0\tl\0\siegeclass\none\st\Kyle\st2\none\dt\0\sdt\0
3-30-2021 3:51 (802:42): say: Kyle: bye
3-30-2021 3:51 (802:45): say: GrAsPiNetrO: heello
3-30-2021 3:52 (802:57): Kill: 1022 1 41: <world> killed Kyle by MOD_TRIGGER_HURT
3-30-2021 3:52 (802:59): ClientUserinfoChanged handling info: 1 \team\0\skill\ 5.00\personality\botfiles/newkyle.jkb\saber2\none\saber1\kyle\color2\4\color1\1\sex\male\model\kyle\snaps\20\rate\25000\name\Kyle
3-30-2021 3:52 (802:59): ClientUserinfoChanged: 1 n\Kyle\t\0\model\kyle\c1\1\c2\4\hc\100\w\0\l\0\skill\ 5.00\tt\0\tl\0\siegeclass\none\st\Kyle\st2\none\dt\0\sdt\0
3-30-2021 3:52 (802:59): say: Kyle: Lamer
3-30-2021 3:52 (803:06): ClientUserinfoChanged handling info: 2 \ip\186.92.104.6:26818\char_color_blue\255\char_color_green\255\char_color_red\255\saber2\none\saber1\dual_2\cg_predictItems\1\sex\male\handicap\100\color2\4\color1\1\forcepowers\7-2-032320330000030331\model\cultist/default\snaps\20\rate\4000\name\si\teamtask\0\teamoverlay\1
3-30-2021 3:52 (803:06): ClientUserinfoChanged: 2 n\Padawan\t\0\model\cultist/default\c1\1\c2\4\hc\100\w\0\l\0\tt\0\tl\0\st\dual_2\st2\none\dt\0
3-30-2021 3:52 (803:07): say: Kyle: g2g
3-30-2021 3:52 (803:07): ClientDisconnect: 1
3-30-2021 3:52 (803:45): Kill: 3 2 41: GrAsPiNetrO killed Padawan by MOD_TRIGGER_HURT
3-30-2021 3:52 (803:47): ClientUserinfoChanged handling info: 2 \ip\186.92.104.6:26818\char_color_blue\255\char_color_green\255\char_color_red\255\saber2\none\saber1\dual_2\cg_predictItems\1\sex\male\handicap\100\color2\4\color1\1\forcepowers\7-2-032320330000030331\model\cultist/default\snaps\20\rate\4000\name\si\teamtask\0\teamoverlay\1
3-30-2021 3:52 (803:47): ClientUserinfoChanged: 2 n\Padawan\t\0\model\cultist/default\c1\1\c2\4\hc\100\w\0\l\0\tt\0\tl\0\st\dual_2\st2\none\dt\0
3-30-2021 3:53 (803:59): ClientUserinfoChanged handling info: 3 \ip\186.92.85.178:29070\char_color_blue\255\char_color_green\255\char_color_red\255\saber2\none\saber1\single_1\cg_predictItems\1\sex\male\handicap\100\color2\0\color1\4\forcepowers\7-2-033310331000021331\model\cultist/blue\snaps\20\rate\4000\name\GrAsPiNetrO\teamtask\0\teamoverlay\1
3-30-2021 3:53 (803:59): ClientUserinfoChanged: 3 n\GrAsPiNetrO\t\0\model\cultist/blue\c1\4\c2\0\hc\100\w\0\l\0\tt\0\tl\0\st\single_1\st2\none\dt\0
3-30-2021 3:53 (804:11): Kill: 3 2 41: GrAsPiNetrO killed Padawan by MOD_TRIGGER_HURT
3-30-2021 3:53 (804:41): ClientUserinfoChanged handling info: 2 \ip\186.92.104.6:26818\char_color_blue\255\char_color_green\255\char_color_red\255\saber2\none\saber1\Kyle\cg_predictItems\1\sex\male\handicap\100\color2\4\color1\2\forcepowers\7-2-030330330000030331\model\cultist/default\snaps\20\rate\4000\name\Yes\teamtask\0\teamoverlay\1
3-30-2021 3:53 (804:41): ClientNamechange: Padawan is now Yes
3-30-2021 3:53 (804:41): ClientUserinfoChanged: 2 n\Yes\t\0\model\cultist/default\c1\2\c2\4\hc\100\w\0\l\0\tt\0\tl\0\st\Kyle\st2\none\dt\0
3-30-2021 3:53 (804:41): ClientUserinfoChanged handling info: 2 \ip\186.92.104.6:26818\char_color_blue\255\char_color_green\255\char_color_red\255\saber2\none\saber1\Kyle\cg_predictItems\1\sex\male\handicap\100\color2\4\color1\2\forcepowers\7-2-030330330000030331\model\cultist/default\snaps\20\rate\4000\name\Yes\teamtask\0\teamoverlay\1
3-30-2021 3:53 (804:41): ClientUserinfoChanged: 2 n\Yes\t\0\model\cultist/default\c1\2\c2\4\hc\100\w\0\l\0\tt\0\tl\0\st\Kyle\st2\none\dt\0
3-30-2021 3:54 (805:09): Kill: 3 2 41: GrAsPiNetrO killed Yes by MOD_TRIGGER_HURT
3-30-2021 3:54 (805:10): ClientUserinfoChanged handling info: 2 \ip\186.92.104.6:26818\char_color_blue\255\char_color_green\255\char_color_red\255\saber2\none\saber1\Kyle\cg_predictItems\1\sex\male\handicap\100\color2\4\color1\2\forcepowers\7-2-030330330000030331\model\cultist/default\snaps\20\rate\4000\name\Yes\teamtask\0\teamoverlay\1
3-30-2021 3:54 (805:10): ClientUserinfoChanged: 2 n\Yes\t\0\model\cultist/default\c1\2\c2\4\hc\100\w\0\l\0\tt\0\tl\0\st\Kyle\st2\none\dt\0
3-30-2021 3:54 (805:19): Kill: 2 3 31: Yes killed GrAsPiNetrO by MOD_FORCE_DARK
3-30-2021 3:54 (805:20): ClientUserinfoChanged handling info: 3 \ip\186.92.85.178:29070\char_color_blue\255\char_color_green\255\char_color_red\255\saber2\none\saber1\single_1\cg_predictItems\1\sex\male\handicap\100\color2\0\color1\4\forcepowers\7-2-033310331000021331\model\cultist/blue\snaps\20\rate\4000\name\GrAsPiNetrO\teamtask\0\teamoverlay\1
3-30-2021 3:54 (805:20): ClientUserinfoChanged: 3 n\GrAsPiNetrO\t\0\model\cultist/blue\c1\4\c2\0\hc\100\w\0\l\0\tt\0\tl\0\st\single_1\st2\none\dt\0
3-30-2021 3:54 (805:39): Kill: 3 2 31: GrAsPiNetrO killed Yes by MOD_FORCE_DARK
3-30-2021 3:54 (805:43): ClientUserinfoChanged handling info: 2 \ip\186.92.104.6:26818\char_color_blue\255\char_color_green\255\char_color_red\255\saber2\none\saber1\Kyle\cg_predictItems\1\sex\male\handicap\100\color2\4\color1\2\forcepowers\7-2-030330330000030331\model\cultist/default\snaps\20\rate\4000\name\Yes\teamtask\0\teamoverlay\1
3-30-2021 3:54 (805:43): ClientUserinfoChanged: 2 n\Yes\t\0\model\cultist/default\c1\2\c2\4\hc\100\w\0\l\0\tt\0\tl\0\st\Kyle\st2\none\dt\0
3-30-2021 3:55 (806:54): Kill: 1022 2 35: <world> killed Yes by MOD_LAVA
3-30-2021 3:56 (806:55): ClientUserinfoChanged handling info: 2 \ip\186.92.104.6:26818\char_color_blue\255\char_color_green\255\char_color_red\255\saber2\none\saber1\Kyle\cg_predictItems\1\sex\male\handicap\100\color2\4\color1\2\forcepowers\7-2-030330330000030331\model\cultist/default\snaps\20\rate\4000\name\Yes\teamtask\0\teamoverlay\1
3-30-2021 3:56 (806:55): ClientUserinfoChanged: 2 n\Yes\t\0\model\cultist/default\c1\2\c2\4\hc\100\w\0\l\0\tt\0\tl\0\st\Kyle\st2\none\dt\0
3-30-2021 3:56 (807:04): Kill: 2 3 41: Yes killed GrAsPiNetrO by MOD_TRIGGER_HURT
3-30-2021 3:56 (807:06): ClientUserinfoChanged handling info: 3 \ip\186.92.85.178:29070\char_color_blue\255\char_color_green\255\char_color_red\255\saber2\none\saber1\single_1\cg_predictItems\1\sex\male\handicap\100\color2\0\color1\4\forcepowers\7-2-033310331000021331\model\cultist/blue\snaps\20\rate\4000\name\GrAsPiNetrO\teamtask\0\teamoverlay\1
3-30-2021 3:56 (807:06): ClientUserinfoChanged: 3 n\GrAsPiNetrO\t\0\model\cultist/blue\c1\4\c2\0\hc\100\w\0\l\0\tt\0\tl\0\st\single_1\st2\none\dt\0
3-30-2021 3:56 (807:15): Kill: 3 2 41: GrAsPiNetrO killed Yes by MOD_TRIGGER_HURT
3-30-2021 3:56 (807:17): ClientUserinfoChanged handling info: 2 \ip\186.92.104.6:26818\char_color_blue\255\char_color_green\255\char_color_red\255\saber2\none\saber1\Kyle\cg_predictItems\1\sex\male\handicap\100\color2\4\color1\2\forcepowers\7-2-030330330000030331\model\cultist/default\snaps\20\rate\4000\name\Yes\teamtask\0\teamoverlay\1
3-30-2021 3:56 (807:17): ClientUserinfoChanged: 2 n\Yes\t\0\model\cultist/default\c1\2\c2\4\hc\100\w\0\l\0\tt\0\tl\0\st\Kyle\st2\none\dt\0
3-30-2021 3:58 (808:58): Kill: 3 2 3: GrAsPiNetrO killed Yes by MOD_SABER
3-30-2021 3:58 (808:58): duel: GrAsPiNetrO won a duel against Yes
3-30-2021 3:58 (808:59): ClientUserinfoChanged handling info: 2 \ip\186.92.104.6:26818\char_color_blue\255\char_color_green\255\char_color_red\255\saber2\none\saber1\Kyle\cg_predictItems\1\sex\male\handicap\100\color2\4\color1\2\forcepowers\7-2-030330330000030331\model\cultist/default\snaps\20\rate\4000\name\Yes\teamtask\0\teamoverlay\1
3-30-2021 3:58 (808:59): ClientUserinfoChanged: 2 n\Yes\t\0\model\cultist/default\c1\2\c2\4\hc\100\w\0\l\0\tt\0\tl\0\st\Kyle\st2\none\dt\0
3-30-2021 3:58 (809:29): Kill: 3 2 3: GrAsPiNetrO killed Yes by MOD_SABER
3-30-2021 3:58 (809:30): ClientUserinfoChanged handling info: 2 \ip\186.92.104.6:26818\char_color_blue\255\char_color_green\255\char_color_red\255\saber2\none\saber1\Kyle\cg_predictItems\1\sex\male\handicap\100\color2\4\color1\2\forcepowers\7-2-030330330000030331\model\cultist/default\snaps\20\rate\4000\name\Yes\teamtask\0\teamoverlay\1
3-30-2021 3:58 (809:30): ClientUserinfoChanged: 2 n\Yes\t\0\model\cultist/default\c1\2\c2\4\hc\100\w\0\l\0\tt\0\tl\0\st\Kyle\st2\none\dt\0
3-30-2021 3:58 (809:50): Kill: 3 2 3: GrAsPiNetrO killed Yes by MOD_SABER
3-30-2021 3:58 (809:51): ClientUserinfoChanged handling info: 2 \ip\186.92.104.6:26818\char_color_blue\255\char_color_green\255\char_color_red\255\saber2\none\saber1\Kyle\cg_predictItems\1\sex\male\handicap\100\color2\4\color1\2\forcepowers\7-2-030330330000030331\model\cultist/default\snaps\20\rate\4000\name\Yes\teamtask\0\teamoverlay\1
3-30-2021 3:58 (809:51): ClientUserinfoChanged: 2 n\Yes\t\0\model\cultist/default\c1\2\c2\4\hc\100\w\0\l\0\tt\0\tl\0\st\Kyle\st2\none\dt\0
3-30-2021 3:59 (810:01): Kill: 2 3 3: Yes killed GrAsPiNetrO by MOD_SABER
3-30-2021 3:59 (810:03): ClientUserinfoChanged handling info: 3 \ip\186.92.85.178:29070\char_color_blue\255\char_color_green\255\char_color_red\255\saber2\none\saber1\single_1\cg_predictItems\1\sex\male\handicap\100\color2\0\color1\4\forcepowers\7-2-033310331000021331\model\cultist/blue\snaps\20\rate\4000\name\GrAsPiNetrO\teamtask\0\teamoverlay\1
3-30-2021 3:59 (810:03): ClientUserinfoChanged: 3 n\GrAsPiNetrO\t\0\model\cultist/blue\c1\4\c2\0\hc\100\w\0\l\0\tt\0\tl\0\st\single_1\st2\none\dt\0
3-30-2021 3:59 (810:22): Kill: 2 614 3: Yes killed  by MOD_SABER
3-30-2021 3:59 (810:33): Kill: 2 612 3: Yes killed  by MOD_SABER
3-30-2021 4: 0 (810:55): Kill: 1022 2 3: <world> killed Yes by MOD_SABER
3-30-2021 4: 0 (810:56): ClientUserinfoChanged handling info: 2 \ip\186.92.104.6:26818\char_color_blue\255\char_color_green\255\char_color_red\255\saber2\none\saber1\Kyle\cg_predictItems\1\sex\male\handicap\100\color2\4\color1\2\forcepowers\7-2-030330330000030331\model\cultist/default\snaps\20\rate\4000\name\Yes\teamtask\0\teamoverlay\1
3-30-2021 4: 0 (810:56): ClientUserinfoChanged: 2 n\Yes\t\0\model\cultist/default\c1\2\c2\4\hc\100\w\0\l\0\tt\0\tl\0\st\Kyle\st2\none\dt\0
3-30-2021 4: 0 (810:58): Kill: 3 608 3: GrAsPiNetrO killed  by MOD_SABER
3-30-2021 4: 0 (811:18): Kill: 3 602 31: GrAsPiNetrO killed  by MOD_FORCE_DARK
3-30-2021 4: 0 (811:18): Kill: 3 610 31: GrAsPiNetrO killed  by MOD_FORCE_DARK
3-30-2021 4: 0 (811:25): Kill: 1022 606 3: <world> killed  by MOD_SABER
3-30-2021 4: 0 (811:50): Kill: 1022 604 37: <world> killed  by MOD_TELEFRAG
3-30-2021 4: 0 (811:51): Kill: 1022 615 37: <world> killed  by MOD_TELEFRAG
3-30-2021 4: 1 (811:58): Kill: 2 665 3: Yes killed  by MOD_SABER
3-30-2021 4: 1 (812:02): Kill: 1022 670 37: <world> killed  by MOD_TELEFRAG
3-30-2021 4: 1 (812:04): Kill: 3 614 41: GrAsPiNetrO killed  by MOD_TRIGGER_HURT
3-30-2021 4: 1 (812:08): Kill: 1022 624 37: <world> killed  by MOD_TELEFRAG
3-30-2021 4: 1 (812:10): Kill: 1022 2 35: <world> killed Yes by MOD_LAVA
3-30-2021 4: 1 (812:14): ClientUserinfoChanged handling info: 2 \ip\186.92.104.6:26818\char_color_blue\255\char_color_green\255\char_color_red\255\saber2\none\saber1\Kyle\cg_predictItems\1\sex\male\handicap\100\color2\4\color1\2\forcepowers\7-2-030330330000030331\model\cultist/default\snaps\20\rate\4000\name\Yes\teamtask\0\teamoverlay\1
3-30-2021 4: 1 (812:14): ClientUserinfoChanged: 2 n\Yes\t\0\model\cultist/default\c1\2\c2\4\hc\100\w\0\l\0\tt\0\tl\0\st\Kyle\st2\none\dt\0
3-30-2021 4: 1 (812:16): Kill: 3 606 3: GrAsPiNetrO killed  by MOD_SABER
3-30-2021 4: 1 (812:33): Kill: 1022 609 37: <world> killed  by MOD_TELEFRAG
3-30-2021 4: 1 (812:34): Kill: 1022 604 37: <world> killed  by MOD_TELEFRAG
3-30-2021 4: 1 (812:40): Kill: 1022 620 37: <world> killed  by MOD_TELEFRAG
3-30-2021 4: 1 (812:47): Kill: 1022 611 37: <world> killed  by MOD_TELEFRAG
3-30-2021 4: 2 (813:31): Kill: 2 646 3: Yes killed  by MOD_SABER
3-30-2021 4: 2 (813:34): Kill: 3 602 3: GrAsPiNetrO killed  by MOD_SABER
3-30-2021 4: 2 (813:35): Kill: 2 609 3: Yes killed  by MOD_SABER
3-30-2021 4: 2 (813:37): Kill: 2 610 3: Yes killed  by MOD_SABER
3-30-2021 4: 2 (813:40): Kill: 2 606 3: Yes killed  by MOD_SABER
3-30-2021 4: 2 (813:41): Kill: 2 611 3: Yes killed  by MOD_SABER
3-30-2021 4: 2 (813:54): Kill: 2 616 3: Yes killed  by MOD_SABER
3-30-2021 4: 3 (813:55): Kill: 1022 3 3: <world> killed GrAsPiNetrO by MOD_SABER
3-30-2021 4: 3 (813:56): ClientUserinfoChanged handling info: 3 \ip\186.92.85.178:29070\char_color_blue\255\char_color_green\255\char_color_red\255\saber2\none\saber1\single_1\cg_predictItems\1\sex\male\handicap\100\color2\0\color1\4\forcepowers\7-2-033310331000021331\model\cultist/blue\snaps\20\rate\4000\name\GrAsPiNetrO\teamtask\0\teamoverlay\1
3-30-2021 4: 3 (813:56): ClientUserinfoChanged: 3 n\GrAsPiNetrO\t\0\model\cultist/blue\c1\4\c2\0\hc\100\w\0\l\0\tt\0\tl\0\st\single_1\st2\none\dt\0
3-30-2021 4: 3 (814:13): Kill: 1022 607 37: <world> killed  by MOD_TELEFRAG
3-30-2021 4: 3 (814:15): Kill: 1022 613 37: <world> killed  by MOD_TELEFRAG
3-30-2021 4: 3 (814:18): Kill: 1022 621 37: <world> killed  by MOD_TELEFRAG
3-30-2021 4: 3 (814:19): Kill: 1022 603 37: <world> killed  by MOD_TELEFRAG
3-30-2021 4: 3 (814:20): Kill: 1022 612 37: <world> killed  by MOD_TELEFRAG
3-30-2021 4: 4 (815:16): Kill: 1022 3 35: <world> killed GrAsPiNetrO by MOD_LAVA
3-30-2021 4: 4 (815:18): ClientUserinfoChanged handling info: 3 \ip\186.92.85.178:29070\char_color_blue\255\char_color_green\255\char_color_red\255\saber2\none\saber1\single_1\cg_predictItems\1\sex\male\handicap\100\color2\0\color1\4\forcepowers\7-2-033310331000021331\model\cultist/blue\snaps\20\rate\4000\name\GrAsPiNetrO\teamtask\0\teamoverlay\1
3-30-2021 4: 4 (815:18): ClientUserinfoChanged: 3 n\GrAsPiNetrO\t\0\model\cultist/blue\c1\4\c2\0\hc\100\w\0\l\0\tt\0\tl\0\st\single_1\st2\none\dt\0
3-30-2021 4: 5 (816:02): say: GrAsPiNetrO: pay on this
3-30-2021 4: 5 (816:25): say: Yes: /pay 100
3-30-2021 4: 6 (816:58): Kill: 1022 3 41: <world> killed GrAsPiNetrO by MOD_TRIGGER_HURT
3-30-2021 4: 6 (816:58): Kill: 1022 2 41: <world> killed Yes by MOD_TRIGGER_HURT
3-30-2021 4: 6 (817:01): ClientUserinfoChanged handling info: 3 \ip\186.92.85.178:29070\char_color_blue\255\char_color_green\255\char_color_red\255\saber2\none\saber1\single_1\cg_predictItems\1\sex\male\handicap\100\color2\0\color1\4\forcepowers\7-2-033310331000021331\model\cultist/blue\snaps\20\rate\4000\name\GrAsPiNetrO\teamtask\0\teamoverlay\1
3-30-2021 4: 6 (817:01): ClientUserinfoChanged: 3 n\GrAsPiNetrO\t\0\model\cultist/blue\c1\4\c2\0\hc\100\w\0\l\0\tt\0\tl\0\st\single_1\st2\none\dt\0
3-30-2021 4: 6 (817:03): ClientUserinfoChanged handling info: 2 \ip\186.92.104.6:26818\char_color_blue\255\char_color_green\255\char_color_red\255\saber2\none\saber1\Kyle\cg_predictItems\1\sex\male\handicap\100\color2\4\color1\2\forcepowers\7-2-030330330000030331\model\cultist/default\snaps\20\rate\4000\name\Yes\teamtask\0\teamoverlay\1
3-30-2021 4: 6 (817:03): ClientUserinfoChanged: 2 n\Yes\t\0\model\cultist/default\c1\2\c2\4\hc\100\w\0\l\0\tt\0\tl\0\st\Kyle\st2\none\dt\0
3-30-2021 4: 6 (817:18): Kill: 1022 2 35: <world> killed Yes by MOD_LAVA
3-30-2021 4: 6 (817:19): ClientUserinfoChanged handling info: 2 \ip\186.92.104.6:26818\char_color_blue\255\char_color_green\255\char_color_red\255\saber2\none\saber1\Kyle\cg_predictItems\1\sex\male\handicap\100\color2\4\color1\2\forcepowers\7-2-030330330000030331\model\cultist/default\snaps\20\rate\4000\name\Yes\teamtask\0\teamoverlay\1
3-30-2021 4: 6 (817:19): ClientUserinfoChanged: 2 n\Yes\t\0\model\cultist/default\c1\2\c2\4\hc\100\w\0\l\0\tt\0\tl\0\st\Kyle\st2\none\dt\0
3-30-2021 4: 7 (818:29): Kill: 2 3 3: Yes killed GrAsPiNetrO by MOD_SABER
3-30-2021 4: 7 (818:29): duel: Yes won a duel against GrAsPiNetrO
3-30-2021 4: 7 (818:31): ClientUserinfoChanged handling info: 3 \ip\186.92.85.178:29070\char_color_blue\255\char_color_green\255\char_color_red\255\saber2\none\saber1\single_1\cg_predictItems\1\sex\male\handicap\100\color2\0\color1\4\forcepowers\7-2-033310331000021331\model\cultist/blue\snaps\20\rate\4000\name\GrAsPiNetrO\teamtask\0\teamoverlay\1
3-30-2021 4: 7 (818:31): ClientUserinfoChanged: 3 n\GrAsPiNetrO\t\0\model\cultist/blue\c1\4\c2\0\hc\100\w\0\l\0\tt\0\tl\0\st\single_1\st2\none\dt\0
3-30-2021 4: 8 (818:56): ClientUserinfoChanged handling info: 2 \ip\186.92.104.6:26818\char_color_blue\255\char_color_green\255\char_color_red\255\saber2\none\saber1\Kyle\cg_predictItems\1\sex\male\handicap\100\color2\4\color1\1\forcepowers\7-2-030330330000030331\model\cultist/default\snaps\20\rate\4000\name\Yes\teamtask\0\teamoverlay\1
3-30-2021 4: 8 (818:56): ClientUserinfoChanged: 2 n\Yes\t\0\model\cultist/default\c1\1\c2\4\hc\100\w\0\l\0\tt\0\tl\0\st\Kyle\st2\none\dt\0
3-30-2021 4: 8 (819:06): ClientUserinfoChanged handling info: 2 \ip\186.92.104.6:26818\char_color_blue\255\char_color_green\255\char_color_red\255\saber2\none\saber1\Kyle\cg_predictItems\1\sex\male\handicap\100\color2\4\color1\3\forcepowers\7-2-030330330000030331\model\cultist/default\snaps\20\rate\4000\name\Yes\teamtask\0\teamoverlay\1
3-30-2021 4: 8 (819:06): ClientUserinfoChanged: 2 n\Yes\t\0\model\cultist/default\c1\3\c2\4\hc\100\w\0\l\0\tt\0\tl\0\st\Kyle\st2\none\dt\0
3-30-2021 4: 8 (819:14): ClientUserinfoChanged handling info: 2 \ip\186.92.104.6:26818\char_color_blue\255\char_color_green\255\char_color_red\255\saber2\none\saber1\Kyle\cg_predictItems\1\sex\male\handicap\100\color2\4\color1\4\forcepowers\7-2-030330330000030331\model\cultist/default\snaps\20\rate\4000\name\Yes\teamtask\0\teamoverlay\1
3-30-2021 4: 8 (819:14): ClientUserinfoChanged: 2 n\Yes\t\0\model\cultist/default\c1\4\c2\4\hc\100\w\0\l\0\tt\0\tl\0\st\Kyle\st2\none\dt\0
3-30-2021 4: 8 (819:22): ClientUserinfoChanged handling info: 2 \ip\186.92.104.6:26818\char_color_blue\255\char_color_green\255\char_color_red\255\saber2\none\saber1\Kyle\cg_predictItems\1\sex\male\handicap\100\color2\4\color1\0\forcepowers\7-2-030330330000030331\model\cultist/default\snaps\20\rate\4000\name\Yes\teamtask\0\teamoverlay\1
3-30-2021 4: 8 (819:22): ClientUserinfoChanged: 2 n\Yes\t\0\model\cultist/default\c1\0\c2\4\hc\100\w\0\l\0\tt\0\tl\0\st\Kyle\st2\none\dt\0
3-30-2021 4:10 (821:13): Kill: 1022 2 41: <world> killed Yes by MOD_TRIGGER_HURT
3-30-2021 4:10 (821:15): ClientUserinfoChanged handling info: 2 \ip\186.92.104.6:26818\char_color_blue\255\char_color_green\255\char_color_red\255\saber2\none\saber1\Kyle\cg_predictItems\1\sex\male\handicap\100\color2\4\color1\0\forcepowers\7-2-030330330000030331\model\cultist/default\snaps\20\rate\4000\name\Yes\teamtask\0\teamoverlay\1
3-30-2021 4:10 (821:15): ClientUserinfoChanged: 2 n\Yes\t\0\model\cultist/default\c1\0\c2\4\hc\100\w\0\l\0\tt\0\tl\0\st\Kyle\st2\none\dt\0
3-30-2021 4:10 (821:39): Kill: 3 2 31: GrAsPiNetrO killed Yes by MOD_FORCE_DARK
3-30-2021 4:10 (821:40): ClientUserinfoChanged handling info: 2 \ip\186.92.104.6:26818\char_color_blue\255\char_color_green\255\char_color_red\255\saber2\none\saber1\Kyle\cg_predictItems\1\sex\male\handicap\100\color2\4\color1\0\forcepowers\7-2-030330330000030331\model\cultist/default\snaps\20\rate\4000\name\Yes\teamtask\0\teamoverlay\1
3-30-2021 4:10 (821:40): ClientUserinfoChanged: 2 n\Yes\t\0\model\cultist/default\c1\0\c2\4\hc\100\w\0\l\0\tt\0\tl\0\st\Kyle\st2\none\dt\0
3-30-2021 4:11 (822:38): Kill: 2 3 3: Yes killed GrAsPiNetrO by MOD_SABER
3-30-2021 4:11 (822:38): duel: Yes won a duel against GrAsPiNetrO
3-30-2021 4:11 (822:40): ClientUserinfoChanged handling info: 3 \ip\186.92.85.178:29070\char_color_blue\255\char_color_green\255\char_color_red\255\saber2\none\saber1\single_1\cg_predictItems\1\sex\male\handicap\100\color2\0\color1\4\forcepowers\7-2-033310331000021331\model\cultist/blue\snaps\20\rate\4000\name\GrAsPiNetrO\teamtask\0\teamoverlay\1
3-30-2021 4:11 (822:40): ClientUserinfoChanged: 3 n\GrAsPiNetrO\t\0\model\cultist/blue\c1\4\c2\0\hc\100\w\0\l\0\tt\0\tl\0\st\single_1\st2\none\dt\0
3-30-2021 4:12 (822:59): Kill: 3 2 3: GrAsPiNetrO killed Yes by MOD_SABER
3-30-2021 4:12 (822:59): duel: GrAsPiNetrO won a duel against Yes
3-30-2021 4:12 (823:08): ClientUserinfoChanged handling info: 2 \ip\186.92.104.6:26818\char_color_blue\255\char_color_green\255\char_color_red\255\saber2\none\saber1\Kyle\cg_predictItems\1\sex\male\handicap\100\color2\4\color1\0\forcepowers\7-2-030330330000030331\model\cultist/default\snaps\20\rate\4000\name\Yes\teamtask\0\teamoverlay\1
3-30-2021 4:12 (823:08): ClientUserinfoChanged: 2 n\Yes\t\0\model\cultist/default\c1\0\c2\4\hc\100\w\0\l\0\tt\0\tl\0\st\Kyle\st2\none\dt\0
3-30-2021 4:12 (823:30): say: Yes: se me apago el cel xd
3-30-2021 4:12 (823:43): say: GrAsPiNetrO: bueno, hasta las proxcsima
3-30-2021 4:13 (823:56): Kill: 2 3 3: Yes killed GrAsPiNetrO by MOD_SABER
3-30-2021 4:13 (824:04): say: GrAsPiNetrO: estaba full wtf+
3-30-2021 4:13 (824:05): ClientUserinfoChanged handling info: 3 \ip\186.92.85.178:29070\char_color_blue\255\char_color_green\255\char_color_red\255\saber2\none\saber1\single_1\cg_predictItems\1\sex\male\handicap\100\color2\0\color1\4\forcepowers\7-2-033310331000021331\model\cultist/blue\snaps\20\rate\4000\name\GrAsPiNetrO\teamtask\0\teamoverlay\1
3-30-2021 4:13 (824:05): ClientUserinfoChanged: 3 n\GrAsPiNetrO\t\0\model\cultist/blue\c1\4\c2\0\hc\100\w\0\l\0\tt\0\tl\0\st\single_1\st2\none\dt\0
3-30-2021 4:13 (824:10): say: GrAsPiNetrO: bueno pues adios
3-30-2021 4:13 (824:11): say: Yes: por eso xd
3-30-2021 4:13 (824:12): say: GrAsPiNetrO: bro
3-30-2021 4:13 (824:14): say: Yes: byee
3-30-2021 4:13 (824:22): sayclose: Yes: que pases buenas noches
3-30-2021 4:13 (824:29): say: GrAsPiNetrO: byebyebyebyebyebyebyebyebyebyebyebyebyebyebyebyebyebyebyebyebyebyebyebyebyebyebyeby
3-30-2021 4:13 (824:50): say: Yes: policia :0
3-30-2021 4:13 (824:53): Kill: 1022 2 35: <world> killed Yes by MOD_LAVA
3-30-2021 4:13 (824:54): ClientUserinfoChanged handling info: 2 \ip\186.92.104.6:26818\char_color_blue\255\char_color_green\255\char_color_red\255\saber2\none\saber1\Kyle\cg_predictItems\1\sex\male\handicap\100\color2\4\color1\0\forcepowers\7-2-030330330000030331\model\cultist/default\snaps\20\rate\4000\name\Yes\teamtask\0\teamoverlay\1
3-30-2021 4:13 (824:54): ClientUserinfoChanged: 2 n\Yes\t\0\model\cultist/default\c1\0\c2\4\hc\100\w\0\l\0\tt\0\tl\0\st\Kyle\st2\none\dt\0
3-30-2021 4:14 (824:55): ClientDisconnect: 3
3-30-2021 4:14 (825:02): ClientDisconnect: 2
3-30-2021 4:14 (825:18): ClientConnect: 0
3-30-2021 4:14 (825:18): ClientUserinfoChanged handling info: 0 \team\0\skill\ 5.00\personality\botfiles/astupidbot.jkb\saber2\none\saber1\kyle\color2\4\color1\4\sex\male\model\jawa\snaps\20\rate\25000\name\astupidbot
3-30-2021 4:14 (825:18): ClientUserinfoChanged: 0 n\astupidbot\t\0\model\jawa\c1\4\c2\4\hc\0\w\0\l\0\skill\ 5.00\tt\0\tl\0\siegeclass\none\st\\st2\\dt\0\sdt\0
3-30-2021 4:14 (825:18): IP: localhost astupidbot
3-30-2021 4:14 (825:18): ClientUserinfoChanged handling info: 0 \team\0\skill\ 5.00\personality\botfiles/astupidbot.jkb\saber2\none\saber1\kyle\color2\4\color1\4\sex\male\model\jawa\snaps\20\rate\25000\name\astupidbot
3-30-2021 4:14 (825:18): ClientUserinfoChanged: 0 n\astupidbot\t\0\model\jawa\c1\4\c2\4\hc\100\w\0\l\0\skill\ 5.00\tt\0\tl\0\siegeclass\none\st\Kyle\st2\none\dt\0\sdt\0
3-30-2021 4:14 (825:18): ClientBegin: 0
3-30-2021 4:14 (825:30): ClientConnect: 1
3-30-2021 4:14 (825:30): ClientUserinfoChanged handling info: 1 \team\0\skill\ 5.00\personality\botfiles/newkyle.jkb\saber2\none\saber1\kyle\color2\4\color1\1\sex\male\model\kyle\snaps\20\rate\25000\name\Kyle
3-30-2021 4:14 (825:30): ClientUserinfoChanged: 1 n\Kyle\t\0\model\kyle\c1\1\c2\4\hc\0\w\0\l\0\skill\ 5.00\tt\0\tl\0\siegeclass\none\st\\st2\\dt\0\sdt\0
3-30-2021 4:14 (825:30): IP: localhost Kyle
3-30-2021 4:14 (825:30): ClientUserinfoChanged handling info: 1 \team\0\skill\ 5.00\personality\botfiles/newkyle.jkb\saber2\none\saber1\kyle\color2\4\color1\1\sex\male\model\kyle\snaps\20\rate\25000\name\Kyle
3-30-2021 4:14 (825:30): ClientUserinfoChanged: 1 n\Kyle\t\0\model\kyle\c1\1\c2\4\hc\100\w\0\l\0\skill\ 5.00\tt\0\tl\0\siegeclass\none\st\Kyle\st2\none\dt\0\sdt\0
3-30-2021 4:14 (825:30): ClientBegin: 1
3-30-2021 20: 9 (1780:24): ClientConnect: 2
3-30-2021 20: 9 (1780:24): ClientUserinfoChanged handling info: 2 \ip\195.128.96.81:29070\challenge\1712767704\qport\33980\protocol\26\name\Fray_Fantasma\rate\4000\snaps\20\model\stormtrooper/default\forcepowers\7-1-030000000000000330\color1\11\color2\11\handicap\100\sex\male\cg_predictItems\1\saber1\jpsg8\saber2\none\char_color_red\255\char_color_green\255\char_color_blue\255\cp_pluginDisable\0\teamtask\0
3-30-2021 20: 9 (1780:24): ClientUserinfoChanged: 2 n\Fray_Fantasma\t\0\model\stormtrooper/default\c1\11\c2\11\hc\0\w\0\l\0\tt\0\tl\0\st\\st2\\dt\0
3-30-2021 20: 9 (1780:24): IP: 195.128.96.81 Fray_Fantasma
3-30-2021 20: 9 (1780:24): say: astupidbot: Hi
3-30-2021 20: 9 (1780:24): say: Kyle: Hello
3-30-2021 20: 9 (1780:53): ClientUserinfoChanged handling info: 2 \ip\195.128.96.81:29070\name\Padawan\rate\4000\snaps\20\model\stormtrooper/default\forcepowers\7-1-032330000000001333\color1\0\color2\0\handicap\100\sex\male\cg_predictItems\1\saber1\jpsg7\saber2\jpsg8\char_color_red\255\char_color_green\255\char_color_blue\255\cp_pluginDisable\0\teamtask\0\teamoverlay\1
3-30-2021 20: 9 (1780:53): ClientNamechange: Fray_Fantasma is now Padawan
3-30-2021 20: 9 (1780:53): ClientUserinfoChanged: 2 n\Padawan\t\0\model\stormtrooper/default\c1\0\c2\0\hc\0\w\0\l\0\tt\0\tl\0\st\default\st2\default\dt\0
3-30-2021 20: 9 (1780:53): ClientUserinfoChanged handling info: 2 \saber2\default\saber1\default\ip\195.128.96.81:29070\name\Padawan\rate\4000\snaps\20\model\stormtrooper/default\forcepowers\7-1-032330000000001333\color1\0\color2\0\handicap\100\sex\male\cg_predictItems\1\char_color_red\255\char_color_green\255\char_color_blue\255\cp_pluginDisable\0\teamtask\0\teamoverlay\1
3-30-2021 20: 9 (1780:53): ClientUserinfoChanged: 2 n\Padawan\t\0\model\stormtrooper/default\c1\0\c2\0\hc\100\w\0\l\0\tt\0\tl\0\st\default\st2\default\dt\0
3-30-2021 20: 9 (1780:53): ClientBegin: 2
3-30-2021 20: 9 (1780:54): say: astupidbot: bye all
3-30-2021 20: 9 (1780:54): ClientDisconnect: 0
3-30-2021 20:10 (1781:13): Kill: 1 2 3: Kyle killed Padawan by MOD_SABER
3-30-2021 20:10 (1781:14): ClientUserinfoChanged handling info: 2 \saber2\default\saber1\default\ip\195.128.96.81:29070\name\Padawan\rate\4000\snaps\20\model\stormtrooper/default\forcepowers\7-1-032330000000001333\color1\0\color2\0\handicap\100\sex\male\cg_predictItems\1\char_color_red\255\char_color_green\255\char_color_blue\255\cp_pluginDisable\0\teamtask\0\teamoverlay\1
3-30-2021 20:10 (1781:14): ClientUserinfoChanged: 2 n\Padawan\t\0\model\stormtrooper/default\c1\0\c2\0\hc\100\w\0\l\0\tt\0\tl\0\st\default\st2\default\dt\0
3-30-2021 20:10 (1781:53): Kill: 2 1 3: Padawan killed Kyle by MOD_SABER
3-30-2021 20:10 (1781:54): ClientUserinfoChanged handling info: 1 \team\0\skill\ 5.00\personality\botfiles/newkyle.jkb\saber2\none\saber1\kyle\color2\4\color1\1\sex\male\model\kyle\snaps\20\rate\25000\name\Kyle
3-30-2021 20:10 (1781:54): ClientUserinfoChanged: 1 n\Kyle\t\0\model\kyle\c1\1\c2\4\hc\100\w\0\l\0\skill\ 5.00\tt\0\tl\0\siegeclass\none\st\Kyle\st2\none\dt\0\sdt\0
3-30-2021 20:11 (1782:40): Kill: 2 1 3: Padawan killed Kyle by MOD_SABER
3-30-2021 20:11 (1782:41): ClientUserinfoChanged handling info: 1 \team\0\skill\ 5.00\personality\botfiles/newkyle.jkb\saber2\none\saber1\kyle\color2\4\color1\1\sex\male\model\kyle\snaps\20\rate\25000\name\Kyle
3-30-2021 20:11 (1782:41): ClientUserinfoChanged: 1 n\Kyle\t\0\model\kyle\c1\1\c2\4\hc\100\w\0\l\0\skill\ 5.00\tt\0\tl\0\siegeclass\none\st\Kyle\st2\none\dt\0\sdt\0
3-30-2021 20:12 (1783:24): ClientUserinfoChanged handling info: 2 \ip\195.128.96.81:29070\name\Padawan\rate\4000\snaps\20\model\reborn_new/default\forcepowers\7-1-030000000000000330\color1\0\color2\0\handicap\100\sex\male\cg_predictItems\1\saber1\jpsg7\saber2\jpsg8\char_color_red\255\char_color_green\255\char_color_blue\255\cp_pluginDisable\0\teamtask\0\teamoverlay\1
3-30-2021 20:12 (1783:24): ClientUserinfoChanged: 2 n\Padawan\t\0\model\reborn_new/default\c1\0\c2\0\hc\100\w\0\l\0\tt\0\tl\0\st\default\st2\default\dt\0
3-30-2021 20:12 (1783:54): ClientDisconnect: 2
3-30-2021 20:13 (1784:02): ClientConnect: 0
3-30-2021 20:13 (1784:02): ClientUserinfoChanged handling info: 0 \team\0\skill\ 5.00\personality\botfiles/astupidbot.jkb\saber2\none\saber1\kyle\color2\4\color1\4\sex\male\model\jawa\snaps\20\rate\25000\name\astupidbot
3-30-2021 20:13 (1784:02): ClientUserinfoChanged: 0 n\astupidbot\t\0\model\jawa\c1\4\c2\4\hc\0\w\0\l\0\skill\ 5.00\tt\0\tl\0\siegeclass\none\st\\st2\\dt\0\sdt\0
3-30-2021 20:13 (1784:02): IP: localhost astupidbot
3-30-2021 20:13 (1784:02): ClientUserinfoChanged handling info: 0 \team\0\skill\ 5.00\personality\botfiles/astupidbot.jkb\saber2\none\saber1\kyle\color2\4\color1\4\sex\male\model\jawa\snaps\20\rate\25000\name\astupidbot
3-30-2021 20:13 (1784:02): ClientUserinfoChanged: 0 n\astupidbot\t\0\model\jawa\c1\4\c2\4\hc\100\w\0\l\0\skill\ 5.00\tt\0\tl\0\siegeclass\none\st\Kyle\st2\none\dt\0\sdt\0
3-30-2021 20:13 (1784:02): ClientBegin: 0
3-30-2021 20:18 (1789:40): ClientConnect: 2
3-30-2021 20:18 (1789:40): ClientUserinfoChanged handling info: 2 \ip\5.173.192.102:64430\challenge\-102801085\qport\13295\protocol\26\name\Ryzun\rate\4000\snaps\20\model\tavion/default\forcepowers\6-1-030330000000000333\color1\5\color2\4\handicap\100\sex\male\cg_predictItems\1\saber1\dual_5\saber2\none\char_color_red\255\char_color_green\255\char_color_blue\255\teamtask\0
3-30-2021 20:18 (1789:40): ClientUserinfoChanged: 2 n\Ryzun\t\0\model\tavion/default\c1\5\c2\4\hc\0\w\0\l\0\tt\0\tl\0\st\\st2\\dt\0
3-30-2021 20:18 (1789:40): IP: 5.173.192.102 Ryzun
3-30-2021 20:18 (1789:54): ClientDisconnect: 2
3-31-2021 2:17 (2148:19): ShutdownGame:
3-31-2021 2:17 (2148:19): ------------------------------------------------------------
