9-15-2021 1:59 (0:00): ------------------------------------------------------------
9-15-2021 1:59 (0:00): InitGame: \version\JAmp: v1.0.1.0 linux-i386 Mar 14 2020\timelimit\45\sv_privateClients\0\sv_minRate\0\sv_minPing\0\sv_maxclients\32\sv_maxRate\0\sv_maxPing\999\sv_hostname\^7~^1~^7~ COMM SERVER ~^1~^7~\sv_fps\50\sv_floodProtectSlow\1\sv_floodProtect\1\sv_autoDemo\0\sv_allowDownload\0\serveruptime\212\protocol\26\mapname\academy6\gamename\Lugormod\g_weaponDisable\0\g_stepSlideFix\0\g_siegeTeamSwitch\1\g_siegeTeam2\none\g_siegeTeam1\none\g_siegeRespawn\20\g_showDuelHealths\1\g_saberWallDamageScale\0.4\g_saberLocking\0\g_privateDuel\1535\g_noSpecMove\0\g_needpass\0\g_maxHolocronCarry\3\g_maxGameClients\0\g_maxForceRank\7\g_jediVmerc\0\g_gametype\0\g_gamemode\0\g_forceRegenTime\160\g_forcePowerDisable\0\g_forceBasedTeams\1\g_duelWeaponDisable\9\g_debugmelee\1\g_allowNPC\1\fs_game\lugormod\fraglimit\0\duel_fraglimit\10\dmflags\0\capturelimit\10\bot_minplayers\2\bg_fighterAltControl\0\Lugormod_Version\U#-0.0.0.91 Alpha
9-15-2021 1:59 (0:30): ClientConnect: 0
9-15-2021 1:59 (0:30): ClientUserinfoChanged handling info: 0 \team\0\skill\ 5.00\personality\botfiles/astupidbot.jkb\saber2\none\saber1\kyle\color2\4\color1\4\sex\male\model\jawa\snaps\20\rate\25000\name\astupidbot
9-15-2021 1:59 (0:30): ClientUserinfoChanged: 0 n\astupidbot\t\0\model\jawa\c1\4\c2\4\hc\0\w\0\l\0\skill\ 5.00\tt\0\tl\0\siegeclass\none\st\\st2\\dt\0\sdt\0
9-15-2021 1:59 (0:30): ClientUserinfoChanged handling info: 0 \name\astupidbot\team\0\skill\ 5.00\personality\botfiles/astupidbot.jkb\saber2\none\saber1\kyle\color2\4\color1\4\sex\male\model\jawa\snaps\20\rate\25000
9-15-2021 1:59 (0:30): ClientUserinfoChanged: 0 n\astupidbot\t\0\model\jawa\c1\4\c2\4\hc\0\w\0\l\0\skill\ 5.00\tt\0\tl\0\siegeclass\none\st\\st2\\dt\0\sdt\0
9-15-2021 1:59 (0:30): IP: localhost astupidbot
9-15-2021 1:59 (0:30): ClientUserinfoChanged handling info: 0 \name\astupidbot\team\0\skill\ 5.00\personality\botfiles/astupidbot.jkb\saber2\none\saber1\kyle\color2\4\color1\4\sex\male\model\jawa\snaps\20\rate\25000
9-15-2021 1:59 (0:30): ClientUserinfoChanged: 0 n\astupidbot\t\0\model\jawa\c1\4\c2\4\hc\0\w\0\l\0\skill\ 5.00\tt\0\tl\0\siegeclass\none\st\\st2\\dt\0\sdt\0
9-15-2021 1:59 (0:30): ClientUserinfoChanged handling info: 0 \name\astupidbot\team\0\skill\ 5.00\personality\botfiles/astupidbot.jkb\saber2\none\saber1\kyle\color2\4\color1\4\sex\male\model\jawa\snaps\20\rate\25000
9-15-2021 1:59 (0:30): ClientUserinfoChanged: 0 n\astupidbot\t\0\model\jawa\c1\4\c2\4\hc\100\w\0\l\0\skill\ 5.00\tt\0\tl\0\siegeclass\none\st\Kyle\st2\none\dt\0\sdt\0
9-15-2021 1:59 (0:30): ClientBegin: 0
9-15-2021 1:59 (0:54): ClientConnect: 1
9-15-2021 1:59 (0:54): ClientUserinfoChanged handling info: 1 \team\0\skill\ 5.00\personality\botfiles/newkyle.jkb\saber2\none\saber1\kyle\color2\4\color1\1\sex\male\model\kyle\snaps\20\rate\25000\name\Kyle
9-15-2021 1:59 (0:54): ClientUserinfoChanged: 1 n\Kyle\t\0\model\kyle\c1\1\c2\4\hc\0\w\0\l\0\skill\ 5.00\tt\0\tl\0\siegeclass\none\st\\st2\\dt\0\sdt\0
9-15-2021 1:59 (0:54): ClientUserinfoChanged handling info: 1 \name\Kyle\team\0\skill\ 5.00\personality\botfiles/newkyle.jkb\saber2\none\saber1\kyle\color2\4\color1\1\sex\male\model\kyle\snaps\20\rate\25000
9-15-2021 1:59 (0:54): ClientUserinfoChanged: 1 n\Kyle\t\0\model\kyle\c1\1\c2\4\hc\0\w\0\l\0\skill\ 5.00\tt\0\tl\0\siegeclass\none\st\\st2\\dt\0\sdt\0
9-15-2021 1:59 (0:54): IP: localhost Kyle
9-15-2021 1:59 (0:54): ClientUserinfoChanged handling info: 1 \name\Kyle\team\0\skill\ 5.00\personality\botfiles/newkyle.jkb\saber2\none\saber1\kyle\color2\4\color1\1\sex\male\monaps\2le\snaps\20\rate\25000
9-15-2021 1:59 (0:54): ClientUserinfoChanged: 1 n\Kyle\t\0\model\\c1\1\c2\4\hc\0\w\0\l\0\skill\ 5.00\tt\0\tl\0\siegeclass\none\st\\st2\\dt\0\sdt\0
9-15-2021 1:59 (0:54): ClientUserinfoChanged handling info: 1 \name\Kyle\team\0\skill\ 5.00\personality\botfiles/newkyle.jkb\saber2\none\saber1\kyle\color2\4\color1\1\sex\male\monaps\2le\snaps\20\rate\25000
9-15-2021 1:59 (0:54): ClientUserinfoChanged: 1 n\Kyle\t\0\model\\c1\1\c2\4\hc\100\w\0\l\0\skill\ 5.00\tt\0\tl\0\siegeclass\none\st\Kyle\st2\none\dt\0\sdt\0
9-15-2021 1:59 (0:54): ClientBegin: 1
9-15-2021 4:19 (140:22): ClientConnect: 2
9-15-2021 4:19 (140:22): ClientUserinfoChanged handling info: 2 \ip\69.250.80.220:29070\challenge\288321008\qport\42691\protocol\26\name\Kellanved25\rate\4000\snaps\20\model\bespin_cop/default\forcepowers\6-1-030330000000000333\color1\4\color2\4\handicap\100\sex\male\cg_predictItems\1\saber1\single_1\saber2\none\char_color_red\255\char_color_green\255\char_color_blue\255\teamtask\0\teamoverlay\1
9-15-2021 4:19 (140:22): ClientUserinfoChanged: 2 n\Kellanved25\t\0\model\bespin_cop/default\c1\4\c2\4\hc\0\w\0\l\0\tt\0\tl\0\st\\st2\\dt\0
9-15-2021 4:19 (140:22): IP: 69.250.80.220 Kellanved25
9-15-2021 4:19 (140:22): say: astupidbot: Hi
9-15-2021 4:19 (140:24): say: Kyle: Hello Astupidbot.
9-15-2021 4:19 (140:25): ClientDisconnect: 2
9-15-2021 18:16 (977:35): ClientConnect: 2
9-15-2021 18:16 (977:35): ClientUserinfoChanged handling info: 2 \ip\45.186.203.130:29070\challenge\138328066\qport\25477\protocol\26\char_color_blue\30\char_color_green\3\char_color_red\170\saber2\single_5\saber1\single_5\cg_predictItems\1\sex\male\handicap\100\color2\1\color1\0\forcepowers\7-2-030000000000000330\model\jedi_kdm/head_a1|torso_c1|lower_c1\snaps\20\rate\4000\name\Descartes\teamtask\0
9-15-2021 18:16 (977:35): ClientUserinfoChanged: 2 n\Descartes\t\0\model\jedi_kdm/head_a1|torso_c1|lower_c1\c1\0\c2\1\hc\0\w\0\l\0\tt\0\tl\0\st\\st2\\dt\0
9-15-2021 18:16 (977:35): IP: 45.186.203.130 Descartes
9-15-2021 18:16 (977:35): say: astupidbot: Hi
9-15-2021 18:16 (977:58): ClientUserinfoChanged handling info: 2 \ip\45.186.203.130:29070\char_color_blue\30\char_color_green\3\char_color_red\170\saber2\single_5\saber1\single_5\cg_predictItems\1\sex\male\handicap\100\color2\1\color1\0\forcepowers\7-2-030000000000000330\model\jedi_kdm/head_a1|torso_c1|lower_c1\snaps\20\rate\4000\name\Descartes\teamtask\0\teamoverlay\1
9-15-2021 18:16 (977:58): ClientUserinfoChanged: 2 n\Descartes\t\0\model\jedi_kdm/head_a1|torso_c1|lower_c1\c1\0\c2\1\hc\0\w\0\l\0\tt\0\tl\0\st\single_5\st2\single_5\dt\0
9-15-2021 18:16 (977:58): ClientUserinfoChanged handling info: 2 \ip\45.186.203.130:29070\char_color_blue\30\char_color_green\3\char_color_red\170\saber2\single_5\saber1\single_5\cg_predictItems\1\sex\male\handicap\100\color2\1\color1\0\forcepowers\7-2-030000000000000330\model\jedi_kdm/head_a1|torso_c1|lower_c1\snaps\20\rate\4000\name\Descartes\teamtask\0\teamoverlay\1
9-15-2021 18:16 (977:58): ClientUserinfoChanged: 2 n\Descartes\t\0\model\jedi_kdm/head_a1|torso_c1|lower_c1\c1\0\c2\1\hc\100\w\0\l\0\tt\0\tl\0\st\single_5\st2\single_5\dt\0
9-15-2021 18:16 (977:58): ClientBegin: 2
9-15-2021 18:17 (978:03): say: astupidbot: cya
9-15-2021 18:17 (978:03): ClientDisconnect: 0
9-15-2021 18:17 (978:05): say: Kyle: bye bye Astupidbot
9-15-2021 18:18 (979:01): Kill: 2 1 3: Descartes killed Kyle by MOD_SABER
9-15-2021 18:18 (979:01): Exit: Timelimit hit.
9-15-2021 18:18 (979:01): score: 1  ping: 88  client: 2 Descartes
9-15-2021 18:18 (979:01): score: 0  ping: 52  client: 1 Kyle
9-15-2021 18:18 (979:01): duel: Descartes won a duel against Kyle
9-15-2021 18:18 (979:02): ClientUserinfoChanged handling info: 1 \name\Kyle\team\0\skill\ 5.00\personality\botfiles/newkyle.jkb\saber2\none\saber1\kyle\color2\4\color1\1\sex\male\monaps\2le\snaps\20\rate\25000
9-15-2021 18:18 (979:02): ClientUserinfoChanged: 1 n\Kyle\t\0\model\\c1\1\c2\4\hc\100\w\0\l\0\skill\ 5.00\tt\0\tl\0\siegeclass\none\st\Kyle\st2\none\dt\0\sdt\0
9-15-2021 18:18 (979:03): say: Kyle: gf
9-15-2021 18:18 (979:07): ShutdownGame:
9-15-2021 18:18 (979:07): ------------------------------------------------------------
9-15-2021 18:18 (979:07): ------------------------------------------------------------
9-15-2021 18:18 (979:07): InitGame: \version\JAmp: v1.0.1.0 linux-i386 Mar 14 2020\timelimit\45\sv_privateClients\0\sv_minRate\0\sv_minPing\0\sv_maxclients\32\sv_maxRate\0\sv_maxPing\999\sv_hostname\^7~^1~^7~ COMM SERVER ~^1~^7~\sv_fps\50\sv_floodProtectSlow\1\sv_floodProtect\1\sv_autoDemo\0\sv_allowDownload\0\serveruptime\212\protocol\26\mapname\academy6\gamename\Lugormod\g_weaponDisable\0\g_stepSlideFix\0\g_siegeTeamSwitch\1\g_siegeTeam2\none\g_siegeTeam1\none\g_siegeRespawn\20\g_showDuelHealths\1\g_saberWallDamageScale\0.4\g_saberLocking\0\g_privateDuel\1535\g_noSpecMove\0\g_needpass\0\g_maxHolocronCarry\3\g_maxGameClients\0\g_maxForceRank\7\g_jediVmerc\0\g_gametype\0\g_gamemode\0\g_forceRegenTime\160\g_forcePowerDisable\0\g_forceBasedTeams\1\g_duelWeaponDisable\9\g_debugmelee\1\g_allowNPC\1\fs_game\lugormod\fraglimit\0\duel_fraglimit\10\dmflags\0\capturelimit\10\bot_minplayers\2\bg_fighterAltControl\0\Lugormod_Version\U#-0.0.0.91 Alpha
9-15-2021 18:18 (979:08): ClientConnect: 1
9-15-2021 18:18 (979:08): ClientUserinfoChanged handling info: 1 \name\Kyle\team\0\skill\ 5.00\personality\botfiles/newkyle.jkb\saber2\none\saber1\kyle\color2\4\color1\1\sex\male\monaps\2le\snaps\20\rate\25000
9-15-2021 18:18 (979:08): ClientUserinfoChanged: 1 n\Kyle\t\0\model\\c1\1\c2\4\hc\0\w\0\l\0\skill\ 5.00\tt\0\tl\0\siegeclass\none\st\Kyle\st2\none\dt\0\sdt\0
9-15-2021 18:18 (979:08): ClientUserinfoChanged handling info: 1 \name\Kyle\team\0\skill\ 5.00\personality\botfiles/newkyle.jkb\saber2\none\saber1\ky4\color1\1\sex\male\monaps\2le\snaps\2le\snaps\20\rate\25000
9-15-2021 18:18 (979:08): ClientUserinfoChanged: 1 n\Kyle\t\0\model\\c1\1\c2\\hc\0\w\0\l\0\skill\ 5.00\tt\0\tl\0\siegeclass\none\st\Kyle\st2\none\dt\0\sdt\0
9-15-2021 18:18 (979:08): ClientUserinfoChanged handling info: 1 \name\Kyle\team\0\skill\ 5.00\personality\botfiles/newkyle.jkb\saber2\none\saber1\ky4\color1\1\sex\male\monaps\2le\snaps\2le\snaps\20\rate\25000
9-15-2021 18:18 (979:08): ClientUserinfoChanged: 1 n\Kyle\t\0\model\\c1\1\c2\\hc\0\w\0\l\0\skill\ 5.00\tt\0\tl\0\siegeclass\none\st\default\st2\none\dt\0\sdt\0
9-15-2021 18:18 (979:08): ClientUserinfoChanged handling info: 1 \saber1\default\name\Kyle\team\0\skill\ 5.00\personality\botfiles/newkyle.jkb\saber2\none\color1\1\sex\male\monaps\2le\snaps\2le\snaps\20\rate\25000
9-15-2021 18:18 (979:08): ClientUserinfoChanged: 1 n\Kyle\t\0\model\\c1\1\c2\\hc\100\w\0\l\0\skill\ 5.00\tt\0\tl\0\siegeclass\none\st\default\st2\none\dt\0\sdt\0
9-15-2021 18:18 (979:08): ClientBegin: 1
9-15-2021 18:18 (979:08): ClientConnect: 2
9-15-2021 18:18 (979:08): ClientUserinfoChanged handling info: 2 \ip\45.186.203.130:29070\char_color_blue\30\char_color_green\3\char_color_red\170\saber2\single_5\saber1\single_5\cg_predictItems\1\sex\male\handicap\100\color2\1\color1\0\forcepowers\7-2-030000000000000330\model\jedi_kdm/head_a1|torso_c1|lower_c1\snaps\20\rate\4000\name\Descartes\teamtask\0\teamoverlay\1
9-15-2021 18:18 (979:08): ClientUserinfoChanged: 2 n\Descartes\t\0\model\jedi_kdm/head_a1|torso_c1|lower_c1\c1\0\c2\1\hc\0\w\0\l\0\tt\0\tl\0\st\single_5\st2\single_5\dt\0
9-15-2021 18:18 (979:08): ClientUserinfoChanged handling info: 2 \ip\45.186.203.130:29070\char_color_blue\30\char_color_green\3\char_color_red\170\saber2\single_5\saber1\single_5\cg_predictItems\1\sex\male\handicap\100\color2\1\color1\0\forcepowers\7-2-030000000000000330\model\jedi_kdm/head_a1|torso_c1|lower_c1\snaps\20\rate\4000\name\Descartes\teamtask\0\teamoverlay\1
9-15-2021 18:18 (979:08): ClientUserinfoChanged: 2 n\Descartes\t\0\model\jedi_kdm/head_a1|torso_c1|lower_c1\c1\0\c2\1\hc\0\w\0\l\0\tt\0\tl\0\st\single_5\st2\single_5\dt\0
9-15-2021 18:18 (979:08): ClientUserinfoChanged handling info: 2 \ip\45.186.203.130:29070\char_color_blue\30\char_color_green\3\char_color_red\170\saber2\single_5\saber1\single_5\cg_predictItems\1\sex\male\handicap\100\color2\1\color1\0\forcepowers\7-2-030000000000000330\model\jedi_kdm/head_a1|torso_c1|lower_c1\snaps\20\rate\4000\name\Descartes\teamtask\0\teamoverlay\1
9-15-2021 18:18 (979:08): ClientUserinfoChanged: 2 n\Descartes\t\0\model\jedi_kdm/head_a1|torso_c1|lower_c1\c1\0\c2\1\hc\100\w\0\l\0\tt\0\tl\0\st\single_5\st2\single_5\dt\0
9-15-2021 18:18 (979:08): ClientBegin: 2
9-15-2021 18:18 (979:12): ClientDisconnect: 2
9-15-2021 18:18 (979:37): ClientConnect: 0
9-15-2021 18:18 (979:37): ClientUserinfoChanged handling info: 0 \team\0\skill\ 5.00\personality\botfiles/astupidbot.jkb\saber2\none\saber1\kyle\color2\4\color1\4\sex\male\model\jawa\snaps\20\rate\25000\name\astupidbot
9-15-2021 18:18 (979:37): ClientUserinfoChanged: 0 n\astupidbot\t\0\model\jawa\c1\4\c2\4\hc\0\w\0\l\0\skill\ 5.00\tt\0\tl\0\siegeclass\none\st\\st2\\dt\0\sdt\0
9-15-2021 18:18 (979:37): IP: localhost astupidbot
9-15-2021 18:18 (979:37): ClientUserinfoChanged handling info: 0 \team\0\skill\ 5.00\personality\botfiles/astupidbot.jkb\saber2\none\saber1\kyle\color2\4\color1\4\sex\male\model\jawa\snaps\20\rate\25000\name\astupidbot
9-15-2021 18:18 (979:37): ClientUserinfoChanged: 0 n\astupidbot\t\0\model\jawa\c1\4\c2\4\hc\100\w\0\l\0\skill\ 5.00\tt\0\tl\0\siegeclass\none\st\Kyle\st2\none\dt\0\sdt\0
9-15-2021 18:18 (979:37): ClientBegin: 0
9-16-2021 0:36 (1357:27): ClientConnect: 2
9-16-2021 0:36 (1357:27): ClientUserinfoChanged handling info: 2 \ip\63.246.54.43:29070\challenge\-508373713\qport\34257\protocol\26\char_color_blue\255\char_color_green\255\char_color_red\255\saber2\single_8\saber1\single_8\cg_predictItems\1\sex\male\handicap\100\color2\3\color1\3\forcepowers\7-2-033020330000301323\model\rebel/default\snaps\20\rate\4000\name\Rebel Scum\teamtask\0\teamoverlay\1
9-16-2021 0:36 (1357:27): ClientUserinfoChanged: 2 n\Rebel Scum\t\0\model\rebel/default\c1\3\c2\3\hc\0\w\0\l\0\tt\0\tl\0\st\\st2\\dt\0
9-16-2021 0:36 (1357:27): IP: 63.246.54.43 Rebel Scum
9-16-2021 0:36 (1357:33): ClientUserinfoChanged handling info: 2 \ip\63.246.54.43:29070\char_color_blue\255\char_color_green\255\char_color_red\255\saber2\Kyle\saber1\Kyle\cg_predictItems\1\sex\male\handicap\100\color2\1\color1\1\forcepowers\6-2-022300330000000303\model\desann/default\snaps\20\rate\4000\name\Rebel Scum\teamtask\0\teamoverlay\1
9-16-2021 0:36 (1357:33): ClientUserinfoChanged: 2 n\Rebel Scum\t\0\model\desann/default\c1\1\c2\1\hc\0\w\0\l\0\tt\0\tl\0\st\Kyle\st2\Kyle\dt\0
9-16-2021 0:36 (1357:33): ClientUserinfoChanged handling info: 2 \ip\63.246.54.43:29070\char_color_blue\255\char_color_green\255\char_color_red\255\saber2\Kyle\saber1\Kyle\cg_predictItems\1\sex\male\handicap\100\color2\1\color1\1\forcepowers\6-2-022300330000000303\model\desann/default\snaps\20\rate\4000\name\Rebel Scum\teamtask\0\teamoverlay\1
9-16-2021 0:36 (1357:33): ClientUserinfoChanged: 2 n\Rebel Scum\t\0\model\desann/default\c1\1\c2\1\hc\100\w\0\l\0\tt\0\tl\0\st\Kyle\st2\Kyle\dt\0
9-16-2021 0:36 (1357:33): ClientBegin: 2
9-16-2021 0:36 (1357:41): say: Rebel Scum: yall real?
9-16-2021 0:36 (1357:49): say: astupidbot: g2g
9-16-2021 0:36 (1357:49): ClientDisconnect: 0
9-16-2021 0:36 (1357:54): Kill: 1 2 3: Kyle killed Rebel Scum by MOD_SABER
9-16-2021 0:36 (1357:54): Exit: Timelimit hit.
9-16-2021 0:36 (1357:54): score: 1  ping: 57  client: 1 Kyle
9-16-2021 0:36 (1357:54): score: 0  ping: 44  client: 2 Rebel Scum
9-16-2021 0:36 (1357:55): ClientUserinfoChanged handling info: 2 \ip\63.246.54.43:29070\char_color_blue\255\char_color_green\255\char_color_red\255\saber2\Kyle\saber1\Kyle\cg_predictItems\1\sex\male\handicap\100\color2\1\color1\1\forcepowers\6-2-022300330000000303\model\desann/default\snaps\20\rate\4000\name\Rebel Scum\teamtask\0\teamoverlay\1
9-16-2021 0:36 (1357:55): ClientUserinfoChanged: 2 n\Rebel Scum\t\0\model\desann/default\c1\1\c2\1\hc\100\w\0\l\0\tt\0\tl\0\st\Kyle\st2\Kyle\dt\0
9-16-2021 0:37 (1358:00): ShutdownGame:
9-16-2021 0:37 (1358:00): ------------------------------------------------------------
