8-10-2021 21:22 (0:00): ------------------------------------------------------------
8-10-2021 21:22 (0:00): InitGame: \version\JAmp: v1.0.1.0 linux-i386 Mar 14 2020\timelimit\45\sv_privateClients\0\sv_minRate\0\sv_minPing\0\sv_maxclients\32\sv_maxRate\0\sv_maxPing\999\sv_hostname\^7~^1~^7~ COMM SERVER ~^1~^7~\sv_fps\50\sv_floodProtectSlow\1\sv_floodProtect\1\sv_autoDemo\0\sv_allowDownload\0\serveruptime\212\protocol\26\mapname\academy6\gamename\Lugormod\g_weaponDisable\0\g_stepSlideFix\0\g_siegeTeamSwitch\1\g_siegeTeam2\none\g_siegeTeam1\none\g_siegeRespawn\20\g_showDuelHealths\1\g_saberWallDamageScale\0.4\g_saberLocking\0\g_privateDuel\1535\g_noSpecMove\0\g_needpass\0\g_maxHolocronCarry\3\g_maxGameClients\0\g_maxForceRank\7\g_jediVmerc\0\g_gametype\0\g_gamemode\0\g_forceRegenTime\160\g_forcePowerDisable\0\g_forceBasedTeams\1\g_duelWeaponDisable\9\g_debugmelee\1\g_allowNPC\1\fs_game\lugormod\fraglimit\0\duel_fraglimit\10\dmflags\0\capturelimit\10\bot_minplayers\2\bg_fighterAltControl\0\Lugormod_Version\U#-0.0.0.91 Alpha
8-10-2021 21:23 (0:30): ClientConnect: 0
8-10-2021 21:23 (0:30): ClientUserinfoChanged handling info: 0 \team\0\skill\ 5.00\personality\botfiles/astupidbot.jkb\saber2\none\saber1\kyle\color2\4\color1\4\sex\male\model\jawa\snaps\20\rate\25000\name\astupidbot
8-10-2021 21:23 (0:30): ClientUserinfoChanged: 0 n\astupidbot\t\0\model\jawa\c1\4\c2\4\hc\0\w\0\l\0\skill\ 5.00\tt\0\tl\0\siegeclass\none\st\\st2\\dt\0\sdt\0
8-10-2021 21:23 (0:30): ClientUserinfoChanged handling info: 0 \name\astupidbot\team\0\skill\ 5.00\personality\botfiles/astupidbot.jkb\saber2\none\saber1\kyle\color2\4\color1\4\sex\male\model\jawa\snaps\20\rate\25000
8-10-2021 21:23 (0:30): ClientUserinfoChanged: 0 n\astupidbot\t\0\model\jawa\c1\4\c2\4\hc\0\w\0\l\0\skill\ 5.00\tt\0\tl\0\siegeclass\none\st\\st2\\dt\0\sdt\0
8-10-2021 21:23 (0:30): IP: localhost astupidbot
8-10-2021 21:23 (0:30): ClientUserinfoChanged handling info: 0 \name\astupidbot\team\0\skill\ 5.00\personality\botfiles/astupidbot.jkb\saber2\none\saber1\kyle\color2\4\color1\4\sex\male\model\jawa\snaps\20\rate\25000
8-10-2021 21:23 (0:30): ClientUserinfoChanged: 0 n\astupidbot\t\0\model\jawa\c1\4\c2\4\hc\0\w\0\l\0\skill\ 5.00\tt\0\tl\0\siegeclass\none\st\\st2\\dt\0\sdt\0
8-10-2021 21:23 (0:30): ClientUserinfoChanged handling info: 0 \name\astupidbot\team\0\skill\ 5.00\personality\botfiles/astupidbot.jkb\saber2\none\saber1\kyle\color2\4\color1\4\sex\male\model\jawa\snaps\20\rate\25000
8-10-2021 21:23 (0:30): ClientUserinfoChanged: 0 n\astupidbot\t\0\model\jawa\c1\4\c2\4\hc\100\w\0\l\0\skill\ 5.00\tt\0\tl\0\siegeclass\none\st\Kyle\st2\none\dt\0\sdt\0
8-10-2021 21:23 (0:30): ClientBegin: 0
8-10-2021 21:23 (0:41): ClientConnect: 1
8-10-2021 21:23 (0:41): ClientUserinfoChanged handling info: 1 \team\0\skill\ 5.00\personality\botfiles/newkyle.jkb\saber2\none\saber1\kyle\color2\4\color1\1\sex\male\model\kyle\snaps\20\rate\25000\name\Kyle
8-10-2021 21:23 (0:41): ClientUserinfoChanged: 1 n\Kyle\t\0\model\kyle\c1\1\c2\4\hc\0\w\0\l\0\skill\ 5.00\tt\0\tl\0\siegeclass\none\st\\st2\\dt\0\sdt\0
8-10-2021 21:23 (0:41): ClientUserinfoChanged handling info: 1 \name\Kyle\team\0\skill\ 5.00\personality\botfiles/newkyle.jkb\saber2\none\saber1\kyle\color2\4\color1\1\sex\male\model\kyle\snaps\20\rate\25000
8-10-2021 21:23 (0:41): ClientUserinfoChanged: 1 n\Kyle\t\0\model\kyle\c1\1\c2\4\hc\0\w\0\l\0\skill\ 5.00\tt\0\tl\0\siegeclass\none\st\\st2\\dt\0\sdt\0
8-10-2021 21:23 (0:41): IP: localhost Kyle
8-10-2021 21:23 (0:41): ClientUserinfoChanged handling info: 1 \name\Kyle\team\0\skill\ 5.00\personality\botfiles/newkyle.jkb\saber2\none\saber1\kyle\color2\4\color1\1\sex\male\monaps\2le\snaps\20\rate\25000
8-10-2021 21:23 (0:41): ClientUserinfoChanged: 1 n\Kyle\t\0\model\\c1\1\c2\4\hc\0\w\0\l\0\skill\ 5.00\tt\0\tl\0\siegeclass\none\st\\st2\\dt\0\sdt\0
8-10-2021 21:23 (0:41): ClientUserinfoChanged handling info: 1 \name\Kyle\team\0\skill\ 5.00\personality\botfiles/newkyle.jkb\saber2\none\saber1\kyle\color2\4\color1\1\sex\male\monaps\2le\snaps\20\rate\25000
8-10-2021 21:23 (0:41): ClientUserinfoChanged: 1 n\Kyle\t\0\model\\c1\1\c2\4\hc\100\w\0\l\0\skill\ 5.00\tt\0\tl\0\siegeclass\none\st\Kyle\st2\none\dt\0\sdt\0
8-10-2021 21:23 (0:41): ClientBegin: 1
8-11-2021 0:50 (207:36): ClientConnect: 2
8-11-2021 0:50 (207:36): ClientUserinfoChanged handling info: 2 \ip\190.164.50.32:29070\challenge\1294232520\qport\24484\protocol\26\teamoverlay\1\snaps\40\sex\male\saber2\none\saber1\single_2\rate\4000\name\Krittow\model\jedi_hm/head_c1|torso_c1|lower_b1\ja_guid\DF06C1BF2D623B5CEC8D3408802F9D88\handicap\100\forcepowers\7-1-030000000000000330\color2\4\color1\2\char_color_red\254\char_color_green\197\char_color_blue\73\cg_predictItems\1
8-11-2021 0:50 (207:36): ClientUserinfoChanged: 2 n\Krittow\t\0\model\jedi_hm/head_c1|torso_c1|lower_b1\c1\2\c2\4\hc\0\w\0\l\0\tt\0\tl\0\st\\st2\\dt\0
8-11-2021 0:50 (207:36): IP: 190.164.50.32 Krittow
8-11-2021 0:50 (207:36): say: Kyle: Hi
8-11-2021 0:50 (207:38): say: astupidbot: nice to see you Kyle
8-11-2021 0:50 (207:40): say: Kyle: yes
8-11-2021 0:50 (207:54): ClientUserinfoChanged handling info: 2 \ip\190.164.50.32:29070\teamoverlay\1\snaps\40\sex\male\saber2\none\saber1\single_8\rate\25000\name\Krittow\model\jedi_hm/head_c1|torso_c1|lower_b1\ja_guid\DF06C1BF2D623B5CEC8D3408802F9D88\handicap\100\forcepowers\7-1-030000000000000330\color2\4\color1\2\char_color_red\254\char_color_green\197\char_color_blue\73\cg_predictItems\1
8-11-2021 0:50 (207:54): ClientUserinfoChanged: 2 n\Krittow\t\0\model\jedi_hm/head_c1|torso_c1|lower_b1\c1\2\c2\4\hc\0\w\0\l\0\tt\0\tl\0\st\single_8\st2\none\dt\0
8-11-2021 0:50 (207:54): ClientUserinfoChanged handling info: 2 \ip\190.164.50.32:29070\teamoverlay\1\snaps\40\sex\male\saber2\none\saber1\single_8\rate\25000\name\Krittow\model\jedi_hm/head_c1|torso_c1|lower_b1\ja_guid\DF06C1BF2D623B5CEC8D3408802F9D88\handicap\100\forcepowers\7-1-030000000000000330\color2\4\color1\2\char_color_red\254\char_color_green\197\char_color_blue\73\cg_predictItems\1
8-11-2021 0:50 (207:54): ClientUserinfoChanged: 2 n\Krittow\t\0\model\jedi_hm/head_c1|torso_c1|lower_b1\c1\2\c2\4\hc\100\w\0\l\0\tt\0\tl\0\st\single_8\st2\none\dt\0
8-11-2021 0:50 (207:54): ClientBegin: 2
8-11-2021 0:50 (207:55): say: astupidbot: bye all
8-11-2021 0:50 (207:55): ClientDisconnect: 0
8-11-2021 0:50 (208:21): Kill: 1 2 3: Kyle killed Krittow by MOD_SABER
8-11-2021 0:50 (208:21): Exit: Timelimit hit.
8-11-2021 0:50 (208:21): score: 1  ping: 56  client: 1 Kyle
8-11-2021 0:50 (208:21): score: 0  ping: 152  client: 2 Krittow
8-11-2021 0:50 (208:22): ClientUserinfoChanged handling info: 2 \ip\190.164.50.32:29070\teamoverlay\1\snaps\40\sex\male\saber2\none\saber1\single_8\rate\25000\name\Krittow\model\jedi_hm/head_c1|torso_c1|lower_b1\ja_guid\DF06C1BF2D623B5CEC8D3408802F9D88\handicap\100\forcepowers\7-1-030000000000000330\color2\4\color1\2\char_color_red\254\char_color_green\197\char_color_blue\73\cg_predictItems\1
8-11-2021 0:50 (208:22): ClientUserinfoChanged: 2 n\Krittow\t\0\model\jedi_hm/head_c1|torso_c1|lower_b1\c1\2\c2\4\hc\100\w\0\l\0\tt\0\tl\0\st\single_8\st2\none\dt\0
8-11-2021 0:51 (208:27): ShutdownGame:
8-11-2021 0:51 (208:27): ------------------------------------------------------------
