4-9-2021 5:49 (0:00): ------------------------------------------------------------
4-9-2021 5:49 (0:00): InitGame: \version\JAmp: v1.0.1.0 linux-i386 Mar 14 2020\timelimit\45\sv_privateClients\0\sv_minRate\0\sv_minPing\0\sv_maxclients\32\sv_maxRate\0\sv_maxPing\999\sv_hostname\^7~^1~^7~ COMM SERVER ~^1~^7~\sv_fps\50\sv_floodProtectSlow\1\sv_floodProtect\1\sv_autoDemo\0\sv_allowDownload\0\serveruptime\27\protocol\26\mapname\mp/duel6\gamename\Lugormod\g_weaponDisable\0\g_stepSlideFix\0\g_siegeTeamSwitch\1\g_siegeTeam2\none\g_siegeTeam1\none\g_siegeRespawn\20\g_showDuelHealths\1\g_saberWallDamageScale\0.4\g_saberLocking\0\g_privateDuel\1535\g_noSpecMove\0\g_needpass\0\g_maxHolocronCarry\3\g_maxGameClients\0\g_maxForceRank\7\g_jediVmerc\0\g_gametype\0\g_gamemode\0\g_forceRegenTime\160\g_forcePowerDisable\0\g_forceBasedTeams\1\g_duelWeaponDisable\9\g_debugmelee\1\g_allowNPC\1\fs_game\lugormod\fraglimit\0\duel_fraglimit\10\dmflags\0\capturelimit\10\bot_minplayers\2\bg_fighterAltControl\0\Lugormod_Version\U#-0.0.0.91 Alpha
4-9-2021 5:49 (0:00): ClientConnect: 0
4-9-2021 5:49 (0:00): ClientUserinfoChanged handling info: 0 \team\0\skill\ 5.00\personality\botfiles/astupidbot.jkb\saber2\none\saber1\kyle\color2\4\color1\4\sex\male\model\jawa\snaps\20\rate\25000\name\astupidbot
4-9-2021 5:49 (0:00): ClientUserinfoChanged: 0 n\astupidbot\t\0\model\jawa\c1\4\c2\4\hc\0\w\0\l\0\skill\ 5.00\tt\0\tl\0\siegeclass\none\st\Kyle\st2\none\dt\0\sdt\0
4-9-2021 5:49 (0:00): ClientUserinfoChanged handling info: 0 \team\0\skill\ 5.00\personality\botfiles/astupidbot.jkb\saber2\none\saber1\kyle\color2\4\color1\4\sex\male\model\jawa\snaps\20\rate\25000\name\astupidbot
4-9-2021 5:49 (0:00): ClientUserinfoChanged: 0 n\astupidbot\t\0\model\jawa\c1\4\c2\4\hc\100\w\0\l\0\skill\ 5.00\tt\0\tl\0\siegeclass\none\st\Kyle\st2\none\dt\0\sdt\0
4-9-2021 5:49 (0:00): ClientBegin: 0
4-9-2021 5:49 (0:00): ClientConnect: 1
4-9-2021 5:49 (0:00): ClientUserinfoChanged handling info: 1 \team\0\skill\ 5.00\personality\botfiles/newkyle.jkb\saber2\none\saber1\kyle\color2\4\color1\1\sex\male\model\kyle\snaps\20\rate\25000\name\Kyle
4-9-2021 5:49 (0:00): ClientUserinfoChanged: 1 n\Kyle\t\0\model\kyle\c1\1\c2\4\hc\0\w\0\l\0\skill\ 5.00\tt\0\tl\0\siegeclass\none\st\Kyle\st2\none\dt\0\sdt\0
4-9-2021 5:49 (0:00): ClientUserinfoChanged handling info: 1 \team\0\skill\ 5.00\personality\botfiles/newkyle.jkb\saber2\none\saber1\kyle\color2\4\color1\1\sex\male\model\kyle\snaps\20\rate\25000\name\Kyle
4-9-2021 5:49 (0:00): ClientUserinfoChanged: 1 n\Kyle\t\0\model\kyle\c1\1\c2\4\hc\100\w\0\l\0\skill\ 5.00\tt\0\tl\0\siegeclass\none\st\Kyle\st2\none\dt\0\sdt\0
4-9-2021 5:49 (0:00): ClientBegin: 1
4-9-2021 5:49 (0:00): ClientConnect: 2
4-9-2021 5:49 (0:00): ClientUserinfoChanged handling info: 2 \ip\172.58.58.12:34200\name\Padawan\rate\4000\snaps\20\model\bespin_cop/default\forcepowers\6-1-030330000000000333\color1\4\color2\4\handicap\100\sex\male\cg_predictItems\1\saber1\single_1\saber2\none\char_color_red\255\char_color_green\255\char_color_blue\255\teamtask\0\teamoverlay\1
4-9-2021 5:49 (0:00): ClientUserinfoChanged: 2 n\Padawan\t\0\model\bespin_cop/default\c1\4\c2\4\hc\0\w\0\l\0\tt\0\tl\0\st\single_1\st2\none\dt\0
4-9-2021 5:50 (0:08): ClientUserinfoChanged handling info: 2 \ip\172.58.58.12:34200\name\Padawan\rate\4000\snaps\20\model\bespin_cop/default\forcepowers\6-1-030330000000000333\color1\4\color2\4\handicap\100\sex\male\cg_predictItems\1\saber1\single_1\saber2\none\char_color_red\255\char_color_green\255\char_color_blue\255\teamtask\0\teamoverlay\1
4-9-2021 5:50 (0:08): ClientUserinfoChanged: 2 n\Padawan\t\0\model\bespin_cop/default\c1\4\c2\4\hc\0\w\0\l\0\tt\0\tl\0\st\single_1\st2\none\dt\0
4-9-2021 5:50 (0:08): ClientUserinfoChanged handling info: 2 \ip\172.58.58.12:34200\name\Padawan\rate\4000\snaps\20\model\bespin_cop/default\forcepowers\6-1-030330000000000333\color1\4\color2\4\handicap\100\sex\male\cg_predictItems\1\saber1\single_1\saber2\none\char_color_red\255\char_color_green\255\char_color_blue\255\teamtask\0\teamoverlay\1
4-9-2021 5:50 (0:08): ClientUserinfoChanged: 2 n\Padawan\t\0\model\bespin_cop/default\c1\4\c2\4\hc\100\w\0\l\0\tt\0\tl\0\st\single_1\st2\none\dt\0
4-9-2021 5:50 (0:08): ClientBegin: 2
4-9-2021 5:50 (0:30): say: astupidbot: cya
4-9-2021 5:50 (0:30): ClientDisconnect: 0
4-9-2021 5:50 (0:32): say: Kyle: bye bye Astupidbot
4-9-2021 5:52 (2:07): Kill: 1 2 3: Kyle killed Padawan by MOD_SABER
4-9-2021 5:52 (2:15): ClientUserinfoChanged handling info: 2 \ip\172.58.58.12:34200\name\Padawan\rate\4000\snaps\20\model\bespin_cop/default\forcepowers\6-1-030330000000000333\color1\4\color2\4\handicap\100\sex\male\cg_predictItems\1\saber1\single_1\saber2\none\char_color_red\255\char_color_green\255\char_color_blue\255\teamtask\0\teamoverlay\1
4-9-2021 5:52 (2:15): ClientUserinfoChanged: 2 n\Padawan\t\0\model\bespin_cop/default\c1\4\c2\4\hc\100\w\0\l\0\tt\0\tl\0\st\single_1\st2\none\dt\0
4-9-2021 5:52 (2:53): ClientUserinfoChanged handling info: 2 \ip\172.58.58.12:34200\name\Padawan\rate\4000\snaps\20\model\lando/default\forcepowers\6-1-030330000000000333\color1\4\color2\4\handicap\100\sex\male\cg_predictItems\1\saber1\single_1\saber2\none\char_color_red\255\char_color_green\255\char_color_blue\255\teamtask\0\teamoverlay\1
4-9-2021 5:52 (2:53): ClientUserinfoChanged: 2 n\Padawan\t\0\model\lando/default\c1\4\c2\4\hc\100\w\0\l\0\tt\0\tl\0\st\single_1\st2\none\dt\0
4-9-2021 5:53 (3:33): ClientDisconnect: 2
4-9-2021 5:53 (3:40): ClientConnect: 0
4-9-2021 5:53 (3:40): ClientUserinfoChanged handling info: 0 \team\0\skill\ 5.00\personality\botfiles/astupidbot.jkb\saber2\none\saber1\kyle\color2\4\color1\4\sex\male\model\jawa\snaps\20\rate\25000\name\astupidbot
4-9-2021 5:53 (3:40): ClientUserinfoChanged: 0 n\astupidbot\t\0\model\jawa\c1\4\c2\4\hc\0\w\0\l\0\skill\ 5.00\tt\0\tl\0\siegeclass\none\st\\st2\\dt\0\sdt\0
4-9-2021 5:53 (3:40): IP: localhost astupidbot
4-9-2021 5:53 (3:40): ClientUserinfoChanged handling info: 0 \team\0\skill\ 5.00\personality\botfiles/astupidbot.jkb\saber2\none\saber1\kyle\color2\4\color1\4\sex\male\model\jawa\snaps\20\rate\25000\name\astupidbot
4-9-2021 5:53 (3:40): ClientUserinfoChanged: 0 n\astupidbot\t\0\model\jawa\c1\4\c2\4\hc\100\w\0\l\0\skill\ 5.00\tt\0\tl\0\siegeclass\none\st\Kyle\st2\none\dt\0\sdt\0
4-9-2021 5:53 (3:40): ClientBegin: 0
4-9-2021 6:34 (45:00): Exit: Timelimit hit.
4-9-2021 6:34 (45:00): score: 1  ping: 42  client: 1 Kyle
4-9-2021 6:34 (45:00): score: 0  ping: 57  client: 0 astupidbot
4-10-2021 11:48 (1798:40): ShutdownGame:
4-10-2021 11:48 (1798:40): ------------------------------------------------------------
