8-2-2021 0:50 (0:00): ------------------------------------------------------------
8-2-2021 0:50 (0:00): InitGame: \version\JAmp: v1.0.1.0 linux-i386 Mar 14 2020\timelimit\45\sv_privateClients\0\sv_minRate\0\sv_minPing\0\sv_maxclients\32\sv_maxRate\0\sv_maxPing\999\sv_hostname\^7~^1~^7~ COMM SERVER ~^1~^7~\sv_fps\50\sv_floodProtectSlow\1\sv_floodProtect\1\sv_autoDemo\0\sv_allowDownload\0\serveruptime\189\protocol\26\mapname\academy6\gamename\Lugormod\g_weaponDisable\0\g_stepSlideFix\0\g_siegeTeamSwitch\1\g_siegeTeam2\none\g_siegeTeam1\none\g_siegeRespawn\20\g_showDuelHealths\1\g_saberWallDamageScale\0.4\g_saberLocking\0\g_privateDuel\1535\g_noSpecMove\0\g_needpass\0\g_maxHolocronCarry\3\g_maxGameClients\0\g_maxForceRank\7\g_jediVmerc\0\g_gametype\0\g_gamemode\0\g_forceRegenTime\160\g_forcePowerDisable\0\g_forceBasedTeams\1\g_duelWeaponDisable\9\g_debugmelee\1\g_allowNPC\1\fs_game\lugormod\fraglimit\0\duel_fraglimit\10\dmflags\0\capturelimit\10\bot_minplayers\2\bg_fighterAltControl\0\Lugormod_Version\U#-0.0.0.91 Alpha
8-2-2021 0:50 (0:30): ClientConnect: 0
8-2-2021 0:50 (0:30): ClientUserinfoChanged handling info: 0 \team\0\skill\ 5.00\personality\botfiles/astupidbot.jkb\saber2\none\saber1\kyle\color2\4\color1\4\sex\male\model\jawa\snaps\20\rate\25000\name\astupidbot
8-2-2021 0:50 (0:30): ClientUserinfoChanged: 0 n\astupidbot\t\0\model\jawa\c1\4\c2\4\hc\0\w\0\l\0\skill\ 5.00\tt\0\tl\0\siegeclass\none\st\\st2\\dt\0\sdt\0
8-2-2021 0:50 (0:30): ClientUserinfoChanged handling info: 0 \name\astupidbot\team\0\skill\ 5.00\personality\botfiles/astupidbot.jkb\saber2\none\saber1\kyle\color2\4\color1\4\sex\male\model\jawa\snaps\20\rate\25000
8-2-2021 0:50 (0:30): ClientUserinfoChanged: 0 n\astupidbot\t\0\model\jawa\c1\4\c2\4\hc\0\w\0\l\0\skill\ 5.00\tt\0\tl\0\siegeclass\none\st\\st2\\dt\0\sdt\0
8-2-2021 0:50 (0:30): IP: localhost astupidbot
8-2-2021 0:50 (0:30): ClientUserinfoChanged handling info: 0 \name\astupidbot\team\0\skill\ 5.00\personality\botfiles/astupidbot.jkb\saber2\none\saber1\kyle\color2\4\color1\4\sex\male\model\jawa\snaps\20\rate\25000
8-2-2021 0:50 (0:30): ClientUserinfoChanged: 0 n\astupidbot\t\0\model\jawa\c1\4\c2\4\hc\0\w\0\l\0\skill\ 5.00\tt\0\tl\0\siegeclass\none\st\\st2\\dt\0\sdt\0
8-2-2021 0:50 (0:30): ClientUserinfoChanged handling info: 0 \name\astupidbot\team\0\skill\ 5.00\personality\botfiles/astupidbot.jkb\saber2\none\saber1\kyle\color2\4\color1\4\sex\male\model\jawa\snaps\20\rate\25000
8-2-2021 0:50 (0:30): ClientUserinfoChanged: 0 n\astupidbot\t\0\model\jawa\c1\4\c2\4\hc\100\w\0\l\0\skill\ 5.00\tt\0\tl\0\siegeclass\none\st\Kyle\st2\none\dt\0\sdt\0
8-2-2021 0:50 (0:30): ClientBegin: 0
8-2-2021 0:51 (0:43): ClientConnect: 1
8-2-2021 0:51 (0:43): ClientUserinfoChanged handling info: 1 \team\0\skill\ 5.00\personality\botfiles/newkyle.jkb\saber2\none\saber1\kyle\color2\4\color1\1\sex\male\model\kyle\snaps\20\rate\25000\name\Kyle
8-2-2021 0:51 (0:43): ClientUserinfoChanged: 1 n\Kyle\t\0\model\kyle\c1\1\c2\4\hc\0\w\0\l\0\skill\ 5.00\tt\0\tl\0\siegeclass\none\st\\st2\\dt\0\sdt\0
8-2-2021 0:51 (0:43): IP: localhost Kyle
8-2-2021 0:51 (0:43): ClientUserinfoChanged handling info: 1 \team\0\skill\ 5.00\personality\botfiles/newkyle.jkb\saber2\none\saber1\kyle\color2\4\color1\1\sex\male\model\kyle\snaps\20\rate\25000\name\Kyle
8-2-2021 0:51 (0:43): ClientUserinfoChanged: 1 n\Kyle\t\0\model\kyle\c1\1\c2\4\hc\100\w\0\l\0\skill\ 5.00\tt\0\tl\0\siegeclass\none\st\Kyle\st2\none\dt\0\sdt\0
8-2-2021 0:51 (0:43): ClientBegin: 1
8-3-2021 7:26 (1836:18): ClientConnect: 2
8-3-2021 7:26 (1836:18): ClientUserinfoChanged handling info: 2 \ip\176.33.235.25:15192\challenge\256133404\qport\46115\protocol\26\name\Carl_DeCarlo\rate\4000\snaps\20\model\luke/default\forcepowers\7-1-333330000100001332\color1\3\color2\4\handicap\100\sex\male\cg_predictItems\1\saber1\single_5\saber2\single_1\char_color_red\255\char_color_green\255\char_color_blue\255\teamtask\0\teamoverlay\1
8-3-2021 7:26 (1836:18): ClientUserinfoChanged: 2 n\Carl_DeCarlo\t\0\model\luke/default\c1\3\c2\4\hc\0\w\0\l\0\tt\0\tl\0\st\\st2\\dt\0
8-3-2021 7:26 (1836:18): IP: 176.33.235.25 Carl_DeCarlo
8-3-2021 7:26 (1836:25): ClientUserinfoChanged handling info: 2 \ip\176.33.235.25:15192\name\Carl_DeCarlo\rate\4000\snaps\20\model\luke/default\forcepowers\7-1-333330000100001332\color1\3\color2\4\handicap\100\sex\male\cg_predictItems\1\saber1\single_5\saber2\single_1\char_color_red\255\char_color_green\255\char_color_blue\255\teamtask\0\teamoverlay\1
8-3-2021 7:26 (1836:25): ClientUserinfoChanged: 2 n\Carl_DeCarlo\t\0\model\luke/default\c1\3\c2\4\hc\0\w\0\l\0\tt\0\tl\0\st\single_5\st2\single_1\dt\0
8-3-2021 7:26 (1836:25): ClientUserinfoChanged handling info: 2 \ip\176.33.235.25:15192\name\Carl_DeCarlo\rate\4000\snaps\20\model\luke/default\forcepowers\7-1-333330000100001332\color1\3\color2\4\handicap\100\sex\male\cg_predictItems\1\saber1\single_5\saber2\single_1\char_color_red\255\char_color_green\255\char_color_blue\255\teamtask\0\teamoverlay\1
8-3-2021 7:26 (1836:25): ClientUserinfoChanged: 2 n\Carl_DeCarlo\t\0\model\luke/default\c1\3\c2\4\hc\100\w\0\l\0\tt\0\tl\0\st\single_5\st2\single_1\dt\0
8-3-2021 7:26 (1836:25): ClientBegin: 2
8-3-2021 7:26 (1836:28): say: astupidbot: cya
8-3-2021 7:26 (1836:28): ClientDisconnect: 0
8-3-2021 7:26 (1836:29): say: Kyle: bye
8-3-2021 7:27 (1836:54): Kill: 2 1 3: Carl_DeCarlo killed Kyle by MOD_SABER
8-3-2021 7:27 (1836:54): Exit: Timelimit hit.
8-3-2021 7:27 (1836:54): score: 1  ping: 183  client: 2 Carl_DeCarlo
8-3-2021 7:27 (1836:54): score: 0  ping: 53  client: 1 Kyle
8-3-2021 7:27 (1836:55): ClientUserinfoChanged handling info: 1 \team\0\skill\ 5.00\personality\botfiles/newkyle.jkb\saber2\none\saber1\kyle\color2\4\color1\1\sex\male\model\kyle\snaps\20\rate\25000\name\Kyle
8-3-2021 7:27 (1836:55): ClientUserinfoChanged: 1 n\Kyle\t\0\model\kyle\c1\1\c2\4\hc\100\w\0\l\0\skill\ 5.00\tt\0\tl\0\siegeclass\none\st\Kyle\st2\none\dt\0\sdt\0
8-3-2021 7:27 (1837:00): ShutdownGame:
8-3-2021 7:27 (1837:00): ------------------------------------------------------------
