5-27-2021 2:20 (1941:16): ------------------------------------------------------------
5-27-2021 2:20 (1941:16): InitGame: \version\JAmp: v1.0.1.0 linux-i386 Mar 14 2020\timelimit\45\sv_privateClients\0\sv_minRate\0\sv_minPing\0\sv_maxclients\32\sv_maxRate\0\sv_maxPing\999\sv_hostname\^7~^1~^7~ COMM SERVER ~^1~^7~\sv_fps\50\sv_floodProtectSlow\1\sv_floodProtect\1\sv_autoDemo\0\sv_allowDownload\0\serveruptime\45\protocol\26\mapname\t3_stamp\gamename\Lugormod\g_weaponDisable\0\g_stepSlideFix\0\g_siegeTeamSwitch\1\g_siegeTeam2\none\g_siegeTeam1\none\g_siegeRespawn\20\g_showDuelHealths\1\g_saberWallDamageScale\0.4\g_saberLocking\0\g_privateDuel\1535\g_noSpecMove\0\g_needpass\0\g_maxHolocronCarry\3\g_maxGameClients\0\g_maxForceRank\7\g_jediVmerc\0\g_gametype\0\g_gamemode\0\g_forceRegenTime\160\g_forcePowerDisable\0\g_forceBasedTeams\1\g_duelWeaponDisable\9\g_debugmelee\1\g_allowNPC\1\fs_game\lugormod\fraglimit\0\duel_fraglimit\10\dmflags\0\capturelimit\10\bot_minplayers\2\bg_fighterAltControl\0\Lugormod_Version\U#-0.0.0.91 Alpha
5-27-2021 2:20 (1941:16): ClientConnect: 0
5-27-2021 2:20 (1941:16): ClientUserinfoChanged handling info: 0 \team\0\skill\ 5.00\personality\botfiles/astupidbot.jkb\saber2\none\saber1\kyle\color2\4\color1\4\sex\male\model\jawa\snaps\20\rate\25000\name\astupidbot
5-27-2021 2:20 (1941:16): ClientUserinfoChanged: 0 n\astupidbot\t\0\model\jawa\c1\4\c2\4\hc\0\w\0\l\0\skill\ 5.00\tt\0\tl\0\siegeclass\none\st\Kyle\st2\none\dt\0\sdt\0
5-27-2021 2:20 (1941:16): ClientUserinfoChanged handling info: 0 \team\0\skill\ 5.00\personality\botfiles/astupidbot.jkb\saber2\none\saber1\kyle\color2\4\color1\4\sex\male\model\jawa\snaps\20\rate\25000\name\astupidbot
5-27-2021 2:20 (1941:16): ClientUserinfoChanged: 0 n\astupidbot\t\0\model\jawa\c1\4\c2\4\hc\100\w\0\l\0\skill\ 5.00\tt\0\tl\0\siegeclass\none\st\Kyle\st2\none\dt\0\sdt\0
5-27-2021 2:20 (1941:16): ClientBegin: 0
5-27-2021 2:20 (1941:16): ClientConnect: 1
5-27-2021 2:20 (1941:16): ClientUserinfoChanged handling info: 1 \team\0\skill\ 5.00\personality\botfiles/newkyle.jkb\saber2\none\saber1\kyle\color2\4\color1\1\sex\male\model\kyle\snaps\20\rate\25000\name\Kyle
5-27-2021 2:20 (1941:16): ClientUserinfoChanged: 1 n\Kyle\t\0\model\kyle\c1\1\c2\4\hc\0\w\0\l\0\skill\ 5.00\tt\0\tl\0\siegeclass\none\st\Kyle\st2\none\dt\0\sdt\0
5-27-2021 2:20 (1941:16): ClientUserinfoChanged handling info: 1 \team\0\skill\ 5.00\personality\botfiles/newkyle.jkb\saber2\none\saber1\kyle\color2\4\color1\1\sex\male\model\kyle\snaps\20\rate\25000\name\Kyle
5-27-2021 2:20 (1941:16): ClientUserinfoChanged: 1 n\Kyle\t\0\model\kyle\c1\1\c2\4\hc\100\w\0\l\0\skill\ 5.00\tt\0\tl\0\siegeclass\none\st\Kyle\st2\none\dt\0\sdt\0
5-27-2021 2:20 (1941:16): ClientBegin: 1
5-27-2021 2:20 (1941:16): ClientConnect: 2
5-27-2021 2:20 (1941:16): ClientUserinfoChanged handling info: 2 \ip\174.60.165.173:29070\name\Duckmartins\rate\4000\snaps\20\model\bespin_cop/default\forcepowers\7-1-030330000000000333\color1\4\color2\4\handicap\100\sex\male\cg_predictItems\1\saber1\single_1\saber2\none\char_color_red\255\char_color_green\255\char_color_blue\255\teamtask\0\teamoverlay\1
5-27-2021 2:20 (1941:16): ClientUserinfoChanged: 2 n\Duckmartins\t\0\model\bespin_cop/default\c1\4\c2\4\hc\0\w\0\l\0\tt\0\tl\0\st\single_1\st2\none\dt\0
5-27-2021 2:20 (1941:16): ClientUserinfoChanged handling info: 2 \ip\174.60.165.173:29070\name\Duckmartins\rate\4000\snaps\20\model\bespin_cop/default\forcepowers\7-1-030330000000000333\color1\4\color2\4\handicap\100\sex\male\cg_predictItems\1\saber1\single_1\saber2\none\char_color_red\255\char_color_green\255\char_color_blue\255\teamtask\0\teamoverlay\1
5-27-2021 2:20 (1941:16): ClientUserinfoChanged: 2 n\Duckmartins\t\0\model\bespin_cop/default\c1\4\c2\4\hc\0\w\0\l\0\tt\0\tl\0\st\single_1\st2\none\dt\0
5-27-2021 2:20 (1941:16): ClientUserinfoChanged handling info: 2 \ip\174.60.165.173:29070\name\Duckmartins\rate\4000\snaps\20\model\bespin_cop/default\forcepowers\7-1-030330000000000333\color1\4\color2\4\handicap\100\sex\male\cg_predictItems\1\saber1\single_1\saber2\none\char_color_red\255\char_color_green\255\char_color_blue\255\teamtask\0\teamoverlay\1
5-27-2021 2:20 (1941:16): ClientUserinfoChanged: 2 n\Duckmartins\t\0\model\bespin_cop/default\c1\4\c2\4\hc\100\w\0\l\0\tt\0\tl\0\st\single_1\st2\none\dt\0
5-27-2021 2:20 (1941:16): ClientBegin: 2
5-27-2021 2:20 (1941:28): ClientDisconnect: 2
5-27-2021 5: 9 (2110:22): ShutdownGame:
5-27-2021 5: 9 (2110:22): ------------------------------------------------------------
5-27-2021 5: 9 (0:00): ------------------------------------------------------------
5-27-2021 5: 9 (0:00): InitGame: \version\JAmp: v1.0.1.0 linux-i386 Mar 14 2020\timelimit\45\sv_privateClients\0\sv_minRate\0\sv_minPing\0\sv_maxclients\32\sv_maxRate\0\sv_maxPing\999\sv_hostname\^7~^1~^7~ COMM SERVER ~^1~^7~\sv_fps\50\sv_floodProtectSlow\1\sv_floodProtect\1\sv_autoDemo\0\sv_allowDownload\0\serveruptime\45\protocol\26\mapname\t3_stamp\gamename\Lugormod\g_weaponDisable\0\g_stepSlideFix\0\g_siegeTeamSwitch\1\g_siegeTeam2\none\g_siegeTeam1\none\g_siegeRespawn\20\g_showDuelHealths\1\g_saberWallDamageScale\0.4\g_saberLocking\0\g_privateDuel\1535\g_noSpecMove\0\g_needpass\0\g_maxHolocronCarry\3\g_maxGameClients\0\g_maxForceRank\7\g_jediVmerc\0\g_gametype\0\g_gamemode\0\g_forceRegenTime\160\g_forcePowerDisable\0\g_forceBasedTeams\1\g_duelWeaponDisable\9\g_debugmelee\1\g_allowNPC\1\fs_game\lugormod\fraglimit\0\duel_fraglimit\10\dmflags\0\capturelimit\10\bot_minplayers\2\bg_fighterAltControl\0\Lugormod_Version\U#-0.0.0.91 Alpha
5-27-2021 5: 9 (0:30): ClientConnect: 0
5-27-2021 5: 9 (0:30): ClientUserinfoChanged handling info: 0 \team\0\skill\ 5.00\personality\botfiles/astupidbot.jkb\saber2\none\saber1\kyle\color2\4\color1\4\sex\male\model\jawa\snaps\20\rate\25000\name\astupidbot
5-27-2021 5: 9 (0:30): ClientUserinfoChanged: 0 n\astupidbot\t\0\model\jawa\c1\4\c2\4\hc\0\w\0\l\0\skill\ 5.00\tt\0\tl\0\siegeclass\none\st\\st2\\dt\0\sdt\0
5-27-2021 5: 9 (0:30): IP: localhost astupidbot
5-27-2021 5: 9 (0:30): ClientUserinfoChanged handling info: 0 \team\0\skill\ 5.00\personality\botfiles/astupidbot.jkb\saber2\none\saber1\kyle\color2\4\color1\4\sex\male\model\jawa\snaps\20\rate\25000\name\astupidbot
5-27-2021 5: 9 (0:30): ClientUserinfoChanged: 0 n\astupidbot\t\0\model\jawa\c1\4\c2\4\hc\100\w\0\l\0\skill\ 5.00\tt\0\tl\0\siegeclass\none\st\Kyle\st2\none\dt\0\sdt\0
5-27-2021 5: 9 (0:30): ClientBegin: 0
5-27-2021 5:10 (0:47): ClientConnect: 1
5-27-2021 5:10 (0:47): ClientUserinfoChanged handling info: 1 \team\0\skill\ 5.00\personality\botfiles/newkyle.jkb\saber2\none\saber1\kyle\color2\4\color1\1\sex\male\model\kyle\snaps\20\rate\25000\name\Kyle
5-27-2021 5:10 (0:47): ClientUserinfoChanged: 1 n\Kyle\t\0\model\kyle\c1\1\c2\4\hc\0\w\0\l\0\skill\ 5.00\tt\0\tl\0\siegeclass\none\st\\st2\\dt\0\sdt\0
5-27-2021 5:10 (0:47): IP: localhost Kyle
5-27-2021 5:10 (0:47): ClientUserinfoChanged handling info: 1 \team\0\skill\ 5.00\personality\botfiles/newkyle.jkb\saber2\none\saber1\kyle\color2\4\color1\1\sex\male\model\kyle\snaps\20\rate\25000\name\Kyle
5-27-2021 5:10 (0:47): ClientUserinfoChanged: 1 n\Kyle\t\0\model\kyle\c1\1\c2\4\hc\100\w\0\l\0\skill\ 5.00\tt\0\tl\0\siegeclass\none\st\Kyle\st2\none\dt\0\sdt\0
5-27-2021 5:10 (0:47): ClientBegin: 1
5-28-2021 0:38 (1169:10): ClientConnect: 2
5-28-2021 0:38 (1169:10): ClientUserinfoChanged handling info: 2 \ip\68.113.130.148:29070\challenge\-971176890\qport\25850\protocol\26\char_color_blue\255\char_color_green\255\char_color_red\255\saber2\single_9\saber1\single_9\cg_predictItems\1\sex\male\handicap\100\color2\3\color1\3\forcepowers\7-1-030000000000000320\model\luke/default\snaps\20\rate\25000\name\HGCknight\teamtask\0
5-28-2021 0:38 (1169:10): ClientUserinfoChanged: 2 n\HGCknight\t\0\model\luke/default\c1\3\c2\3\hc\0\w\0\l\0\tt\0\tl\0\st\\st2\\dt\0
5-28-2021 0:38 (1169:10): IP: 68.113.130.148 HGCknight
5-28-2021 0:38 (1169:10): say: astupidbot: Hi
5-28-2021 0:38 (1169:10): say: Kyle: Hi
5-28-2021 0:38 (1169:26): ClientUserinfoChanged handling info: 2 \ip\68.113.130.148:29070\char_color_blue\255\char_color_green\255\char_color_red\255\saber2\single_9\saber1\single_9\cg_predictItems\1\sex\male\handicap\100\color2\3\color1\3\forcepowers\7-1-032330000000001333\model\luke/default\snaps\20\rate\25000\name\HGCknight\teamtask\0\teamoverlay\1
5-28-2021 0:38 (1169:26): ClientUserinfoChanged: 2 n\HGCknight\t\0\model\luke/default\c1\3\c2\3\hc\0\w\0\l\0\tt\0\tl\0\st\single_9\st2\single_9\dt\0
5-28-2021 0:38 (1169:26): ClientUserinfoChanged handling info: 2 \ip\68.113.130.148:29070\char_color_blue\255\char_color_green\255\char_color_red\255\saber2\single_9\saber1\single_9\cg_predictItems\1\sex\male\handicap\100\color2\3\color1\3\forcepowers\7-1-032330000000001333\model\luke/default\snaps\20\rate\25000\name\HGCknight\teamtask\0\teamoverlay\1
5-28-2021 0:38 (1169:26): ClientUserinfoChanged: 2 n\HGCknight\t\0\model\luke/default\c1\3\c2\3\hc\100\w\0\l\0\tt\0\tl\0\st\single_9\st2\single_9\dt\0
5-28-2021 0:38 (1169:26): ClientBegin: 2
5-28-2021 0:39 (1169:38): say: astupidbot: cya
5-28-2021 0:39 (1169:38): ClientDisconnect: 0
5-28-2021 0:39 (1169:40): say: Kyle: bye
5-28-2021 0:39 (1169:40): Kill: 2 1 3: HGCknight killed Kyle by MOD_SABER
5-28-2021 0:39 (1169:40): Exit: Timelimit hit.
5-28-2021 0:39 (1169:40): score: 1  ping: 60  client: 2 HGCknight
5-28-2021 0:39 (1169:40): score: 0  ping: 49  client: 1 Kyle
5-28-2021 0:39 (1169:41): ClientUserinfoChanged handling info: 1 \team\0\skill\ 5.00\personality\botfiles/newkyle.jkb\saber2\none\saber1\kyle\color2\4\color1\1\sex\male\model\kyle\snaps\20\rate\25000\name\Kyle
5-28-2021 0:39 (1169:41): ClientUserinfoChanged: 1 n\Kyle\t\0\model\kyle\c1\1\c2\4\hc\100\w\0\l\0\skill\ 5.00\tt\0\tl\0\siegeclass\none\st\Kyle\st2\none\dt\0\sdt\0
5-28-2021 0:39 (1169:46): ShutdownGame:
5-28-2021 0:39 (1169:46): ------------------------------------------------------------
