12-15-2020 23:52 (0:00): ------------------------------------------------------------
12-15-2020 23:52 (0:00): InitGame: \version\JAmp: v1.0.1.0 linux-i386 Mar 14 2020\timelimit\0\sv_privateClients\0\sv_minRate\0\sv_minPing\0\sv_maxclients\32\sv_maxRate\0\sv_maxPing\999\sv_hostname\^7~^1~^7~ COMM SERVER ~^1~^7~\sv_fps\50\sv_floodProtectSlow\1\sv_floodProtect\0\sv_autoDemo\0\sv_allowDownload\0\serveruptime\45\protocol\26\mapname\taspir1\gamename\Lugormod\g_weaponDisable\0\g_stepSlideFix\0\g_siegeTeamSwitch\1\g_siegeTeam2\none\g_siegeTeam1\none\g_siegeRespawn\20\g_showDuelHealths\1\g_saberWallDamageScale\0.4\g_saberLocking\0\g_privateDuel\1535\g_noSpecMove\0\g_needpass\1\g_maxHolocronCarry\3\g_maxGameClients\0\g_maxForceRank\7\g_jediVmerc\0\g_gametype\0\g_gamemode\0\g_forceRegenTime\130\g_forcePowerDisable\0\g_forceBasedTeams\1\g_duelWeaponDisable\9\g_debugmelee\1\g_allowNPC\1\fs_game\lugormod\fraglimit\0\duel_fraglimit\10\dmflags\0\capturelimit\10\bot_minplayers\2\bg_fighterAltControl\0\Lugormod_Version\U#-0.0.0.91 Alpha
12-15-2020 23:52 (0:00): ClientConnect: 1
12-15-2020 23:52 (0:00): ClientUserinfoChanged handling info: 1 \name\Kyle\team\0\skill\ 5.00\personality\botfiles/newkyle.jkb\saber2\none\saber1\kyle\color2\4\coloale\model\kyle\snaps\2le\snaps\20\rate\25000
12-15-2020 23:52 (0:00): ClientUserinfoChanged: 1 n\Kyle\t\0\model\\c1\\c2\4\hc\0\w\0\l\0\skill\ 5.00\tt\0\tl\0\siegeclass\none\st\Kyle\st2\none\dt\0\sdt\0
12-15-2020 23:52 (0:00): ClientUserinfoChanged handling info: 1 \name\Kyle\team\0\skill\ 5.00\personality\botfiles/newkyle.jkb\saber2\none\saber1\kyle\color2\4\coloale\model\kyle\snaps\2le\snaps\20\rate\25000
12-15-2020 23:52 (0:00): ClientUserinfoChanged: 1 n\Kyle\t\0\model\\c1\\c2\4\hc\0\w\0\l\0\skill\ 5.00\tt\0\tl\0\siegeclass\none\st\Kyle\st2\none\dt\0\sdt\0
12-15-2020 23:52 (0:00): ClientUserinfoChanged handling info: 1 \name\Kyle\team\0\skill\ 5.00\personality\botfiles/newkyle.jkb\saber2\none\saber1\kyle\color2\4\coloale\model\kyle\snaps\2le\snaps\20\rate\25000
12-15-2020 23:52 (0:00): ClientUserinfoChanged: 1 n\Kyle\t\0\model\\c1\\c2\4\hc\100\w\0\l\0\skill\ 5.00\tt\0\tl\0\siegeclass\none\st\Kyle\st2\none\dt\0\sdt\0
12-15-2020 23:52 (0:00): ClientBegin: 1
12-15-2020 23:52 (0:00): ClientConnect: 2
12-15-2020 23:52 (0:00): ClientUserinfoChanged handling info: 2 \ip\136.49.101.98:29070\snaps\50\sex\male\saber2\none\saber1\Kyle\rate\25000\password\temppw\name\chains\model\kyle/default\ja_guid\719672E5ADAB3F37334025E53A689EA1\handicap\100\forcepowers\1-1-010000000000000100\color2\4\color1\4\char_color_red\255\char_color_green\255\char_color_blue\255\cg_predictItems\1\teamoverlay\1
12-15-2020 23:52 (0:00): ClientUserinfoChanged: 2 n\Padawan\t\0\model\kyle/default\c1\4\c2\4\hc\0\w\0\l\0\tt\0\tl\0\st\Kyle\st2\none\dt\0
12-15-2020 23:52 (0:05): ClientUserinfoChanged handling info: 2 \ip\136.49.101.98:29070\teamoverlay\1\snaps\50\sex\male\saber2\none\saber1\Kyle\rate\25000\password\temppw\name\chains\model\kyle/default\ja_guid\719672E5ADAB3F37334025E53A689EA1\handicap\100\forcepowers\1-1-010000000000000100\color2\4\color1\4\char_color_red\255\char_color_green\255\char_color_blue\255\cg_predictItems\1
12-15-2020 23:52 (0:05): ClientUserinfoChanged: 2 n\Padawan\t\0\model\kyle/default\c1\4\c2\4\hc\0\w\0\l\0\tt\0\tl\0\st\Kyle\st2\none\dt\0
12-15-2020 23:52 (0:05): ClientUserinfoChanged handling info: 2 \ip\136.49.101.98:29070\teamoverlay\1\snaps\50\sex\male\saber2\none\saber1\Kyle\rate\25000\password\temppw\name\chains\model\kyle/default\ja_guid\719672E5ADAB3F37334025E53A689EA1\handicap\100\forcepowers\1-1-010000000000000100\color2\4\color1\4\char_color_red\255\char_color_green\255\char_color_blue\255\cg_predictItems\1
12-15-2020 23:52 (0:05): ClientUserinfoChanged: 2 n\Padawan\t\0\model\kyle/default\c1\4\c2\4\hc\100\w\0\l\0\tt\0\tl\0\st\Kyle\st2\none\dt\0
12-15-2020 23:52 (0:05): ClientBegin: 2
12-15-2020 23:52 (0:11): Kill: 1022 1 41: <world> killed Kyle by MOD_TRIGGER_HURT
12-15-2020 23:52 (0:12): ClientUserinfoChanged handling info: 1 \name\Kyle\team\0\skill\ 5.00\personality\botfiles/newkyle.jkb\saber2\none\saber1\kyle\color2\4\coloale\model\kyle\snaps\2le\snaps\20\rate\25000
12-15-2020 23:52 (0:12): ClientUserinfoChanged: 1 n\Kyle\t\0\model\\c1\\c2\4\hc\100\w\0\l\0\skill\ 5.00\tt\0\tl\0\siegeclass\none\st\Kyle\st2\none\dt\0\sdt\0
12-15-2020 23:52 (0:18): ClientUserinfoChanged handling info: 2 \ip\136.49.101.98:29070\teamoverlay\1\snaps\50\sex\male\saber2\none\saber1\Kyle\rate\25000\password\temppw\name\chains\model\kyle/default\ja_guid\719672E5ADAB3F37334025E53A689EA1\handicap\100\forcepowers\1-1-010000000000000100\color2\4\color1\4\char_color_red\255\char_color_green\255\char_color_blue\255\cg_predictItems\1
12-15-2020 23:52 (0:18): ClientNamechange: Padawan is now chains
12-15-2020 23:52 (0:18): ClientUserinfoChanged: 2 n\chains\t\0\model\kyle/default\c1\4\c2\4\hc\100\w\0\l\0\tt\0\tl\0\st\Kyle\st2\none\dt\0
12-15-2020 23:52 (0:18): ClientUserinfoChanged handling info: 2 \name\chains\ip\136.49.101.98:29070\teamoverlay\1\snaps\50\sex\male\saber2\none\saber1\Kyle\rate\25000\password\temppw\model\kyle/default\ja_guid\719672E5ADAB3F37334025E53A689EA1\handicap\100\forcepowers\1-1-010000000000000100\cr1\42\4\color1\4\char_color_red\255\char_color_green\255\char_color_blue\255\cg_predictItems\1
12-15-2020 23:52 (0:18): ClientUserinfoChanged: 2 n\chains\t\0\model\kyle/default\c1\\c2\\hc\100\w\0\l\0\tt\0\tl\0\st\Kyle\st2\none\dt\0
12-15-2020 23:53 (0:53): Kill: 1022 1 41: <world> killed Kyle by MOD_TRIGGER_HURT
12-15-2020 23:53 (0:54): ClientUserinfoChanged handling info: 1 \name\Kyle\team\0\skill\ 5.00\personality\botfiles/newkyle.jkb\saber2\none\saber1\kyle\color2\4\coloale\model\kyle\snaps\2le\snaps\20\rate\25000
12-15-2020 23:53 (0:54): ClientUserinfoChanged: 1 n\Kyle\t\0\model\\c1\\c2\4\hc\100\w\0\l\0\skill\ 5.00\tt\0\tl\0\siegeclass\none\st\Kyle\st2\none\dt\0\sdt\0
12-15-2020 23:53 (1:03): Kill: 1022 1 41: <world> killed Kyle by MOD_TRIGGER_HURT
12-15-2020 23:53 (1:04): ClientUserinfoChanged handling info: 1 \name\Kyle\team\0\skill\ 5.00\personality\botfiles/newkyle.jkb\saber2\none\saber1\kyle\color2\4\coloale\model\kyle\snaps\2le\snaps\20\rate\25000
12-15-2020 23:53 (1:04): ClientUserinfoChanged: 1 n\Kyle\t\0\model\\c1\\c2\4\hc\100\w\0\l\0\skill\ 5.00\tt\0\tl\0\siegeclass\none\st\Kyle\st2\none\dt\0\sdt\0
12-15-2020 23:53 (1:05): ClientUserinfoChanged handling info: 2 \ip\136.49.101.98:29070\teamoverlay\1\snaps\50\sex\male\saber2\none\saber1\Kyle\rate\25000\password\temppw\name\chains\model\kyle/default\ja_guid\719672E5ADAB3F37334025E53A689EA1\handicap\100\forcepowers\1-1-010000000000000100\color2\4\color1\4\char_color_red\255\char_color_green\255\char_color_blue\255\cg_predictItems\1
12-15-2020 23:53 (1:05): ClientUserinfoChanged: 2 n\chains\t\0\model\kyle/default\c1\4\c2\4\hc\100\w\0\l\0\tt\0\tl\0\st\Kyle\st2\none\dt\0
12-15-2020 23:53 (1:14): Kill: 1022 1 41: <world> killed Kyle by MOD_TRIGGER_HURT
12-15-2020 23:53 (1:15): ClientUserinfoChanged handling info: 1 \name\Kyle\team\0\skill\ 5.00\personality\botfiles/newkyle.jkb\saber2\none\saber1\kyle\color2\4\coloale\model\kyle\snaps\2le\snaps\20\rate\25000
12-15-2020 23:53 (1:15): ClientUserinfoChanged: 1 n\Kyle\t\0\model\\c1\\c2\4\hc\100\w\0\l\0\skill\ 5.00\tt\0\tl\0\siegeclass\none\st\Kyle\st2\none\dt\0\sdt\0
12-15-2020 23:54 (1:31): Kill: 1022 1 41: <world> killed Kyle by MOD_TRIGGER_HURT
12-15-2020 23:54 (1:32): ClientUserinfoChanged handling info: 1 \name\Kyle\team\0\skill\ 5.00\personality\botfiles/newkyle.jkb\saber2\none\saber1\kyle\color2\4\coloale\model\kyle\snaps\2le\snaps\20\rate\25000
12-15-2020 23:54 (1:32): ClientUserinfoChanged: 1 n\Kyle\t\0\model\\c1\\c2\4\hc\100\w\0\l\0\skill\ 5.00\tt\0\tl\0\siegeclass\none\st\Kyle\st2\none\dt\0\sdt\0
12-15-2020 23:54 (1:41): Kill: 1022 1 41: <world> killed Kyle by MOD_TRIGGER_HURT
12-15-2020 23:54 (1:42): ClientUserinfoChanged handling info: 1 \name\Kyle\team\0\skill\ 5.00\personality\botfiles/newkyle.jkb\saber2\none\saber1\kyle\color2\4\coloale\model\kyle\snaps\2le\snaps\20\rate\25000
12-15-2020 23:54 (1:42): ClientUserinfoChanged: 1 n\Kyle\t\0\model\\c1\\c2\4\hc\100\w\0\l\0\skill\ 5.00\tt\0\tl\0\siegeclass\none\st\Kyle\st2\none\dt\0\sdt\0
12-15-2020 23:54 (1:49): Kill: 1022 1 41: <world> killed Kyle by MOD_TRIGGER_HURT
12-15-2020 23:54 (1:50): ClientUserinfoChanged handling info: 1 \name\Kyle\team\0\skill\ 5.00\personality\botfiles/newkyle.jkb\saber2\none\saber1\kyle\color2\4\coloale\model\kyle\snaps\2le\snaps\20\rate\25000
12-15-2020 23:54 (1:50): ClientUserinfoChanged: 1 n\Kyle\t\0\model\\c1\\c2\4\hc\100\w\0\l\0\skill\ 5.00\tt\0\tl\0\siegeclass\none\st\Kyle\st2\none\dt\0\sdt\0
12-15-2020 23:54 (2:06): Kill: 1022 1 41: <world> killed Kyle by MOD_TRIGGER_HURT
12-15-2020 23:54 (2:07): ClientUserinfoChanged handling info: 1 \name\Kyle\team\0\skill\ 5.00\personality\botfiles/newkyle.jkb\saber2\none\saber1\kyle\color2\4\coloale\model\kyle\snaps\2le\snaps\20\rate\25000
12-15-2020 23:54 (2:07): ClientUserinfoChanged: 1 n\Kyle\t\0\model\\c1\\c2\4\hc\100\w\0\l\0\skill\ 5.00\tt\0\tl\0\siegeclass\none\st\Kyle\st2\none\dt\0\sdt\0
12-15-2020 23:54 (2:11): Kill: 1022 1 41: <world> killed Kyle by MOD_TRIGGER_HURT
12-15-2020 23:54 (2:12): ClientUserinfoChanged handling info: 1 \name\Kyle\team\0\skill\ 5.00\personality\botfiles/newkyle.jkb\saber2\none\saber1\kyle\color2\4\coloale\model\kyle\snaps\2le\snaps\20\rate\25000
12-15-2020 23:54 (2:12): ClientUserinfoChanged: 1 n\Kyle\t\0\model\\c1\\c2\4\hc\100\w\0\l\0\skill\ 5.00\tt\0\tl\0\siegeclass\none\st\Kyle\st2\none\dt\0\sdt\0
12-16-2020 0: 3 (11:26): ClientUserinfoChanged handling info: 2 \ip\136.49.101.98:29070\teamoverlay\1\snaps\50\sex\male\saber2\none\saber1\Kyle\rate\25000\password\temppw\name\chains\model\kyle/default\ja_guid\719672E5ADAB3F37334025E53A689EA1\handicap\100\forcepowers\1-1-010000000000000100\color2\4\color1\4\char_color_red\255\char_color_green\255\char_color_blue\255\cg_predictItems\1
12-16-2020 0: 3 (11:26): ClientUserinfoChanged: 2 n\chains\t\0\model\kyle/default\c1\4\c2\4\hc\100\w\0\l\0\tt\0\tl\0\st\Kyle\st2\none\dt\0
12-16-2020 0: 5 (12:34): say: Kyle: Where is everyone?
12-16-2020 0:21 (28:32): ShutdownGame:
12-16-2020 0:21 (28:32): ------------------------------------------------------------
