6-10-2021 20:54 (7033:41): ------------------------------------------------------------
6-10-2021 20:54 (7033:41): InitGame: \version\JAmp: v1.0.1.0 linux-i386 Mar 14 2020\timelimit\45\sv_privateClients\0\sv_minRate\0\sv_minPing\0\sv_maxclients\32\sv_maxRate\0\sv_maxPing\999\sv_hostname\^7~^1~^7~ COMM SERVER ~^1~^7~\sv_fps\50\sv_floodProtectSlow\1\sv_floodProtect\1\sv_autoDemo\0\sv_allowDownload\0\serveruptime\117\protocol\26\mapname\academy6\gamename\Lugormod\g_weaponDisable\0\g_stepSlideFix\0\g_siegeTeamSwitch\1\g_siegeTeam2\none\g_siegeTeam1\none\g_siegeRespawn\20\g_showDuelHealths\1\g_saberWallDamageScale\0.4\g_saberLocking\0\g_privateDuel\1535\g_noSpecMove\0\g_needpass\0\g_maxHolocronCarry\3\g_maxGameClients\0\g_maxForceRank\7\g_jediVmerc\0\g_gametype\0\g_gamemode\0\g_forceRegenTime\160\g_forcePowerDisable\0\g_forceBasedTeams\1\g_duelWeaponDisable\9\g_debugmelee\1\g_allowNPC\1\fs_game\lugormod\fraglimit\0\duel_fraglimit\10\dmflags\0\capturelimit\10\bot_minplayers\2\bg_fighterAltControl\0\Lugormod_Version\U#-0.0.0.91 Alpha
6-10-2021 20:54 (7033:41): ClientConnect: 0
6-10-2021 20:54 (7033:41): ClientUserinfoChanged handling info: 0 \ip\69.136.137.86:64622\cg_predictItems\1\char_color_blue\255\char_color_green\255\char_color_red\255\color1\4\color2\4\forcepowers\7-1-032330000000001333\handicap\100\model\kyle/default\name\Padawan\rate\25000\saber1\Kyle\saber2\none\sex\male\snaps\40\ja_guid\5927B7C02E9AC2EE703771D8B779BBD8\teamoverlay\0
6-10-2021 20:54 (7033:41): ClientUserinfoChanged: 0 n\Padawan\t\0\model\kyle/default\c1\4\c2\4\hc\0\w\0\l\0\tt\0\tl\0\st\Kyle\st2\none\dt\0
6-10-2021 20:54 (7033:41): ClientUserinfoChanged handling info: 0 \ip\69.136.137.86:64622\cg_predictItems\1\char_color_blue\255\char_color_green\255\char_color_red\255\color1\4\color2\4\forcepowers\7-1-032330000000001333\handicap\100\model\kyle/default\name\Padawan\rate\25000\saber1\Kyle\saber2\none\sex\male\snaps\40\ja_guid\5927B7C02E9AC2EE703771D8B779BBD8\teamoverlay\0
6-10-2021 20:54 (7033:41): ClientUserinfoChanged: 0 n\Padawan\t\0\model\kyle/default\c1\4\c2\4\hc\0\w\0\l\0\tt\0\tl\0\st\Kyle\st2\none\dt\0
6-10-2021 20:54 (7033:41): ClientUserinfoChanged handling info: 0 \ip\69.136.137.86:64622\cg_predictItems\1\char_color_blue\255\char_color_green\255\char_color_red\255\color1\4\color2\4\forcepowers\7-1-032330000000001333\handicap\100\model\kyle/default\name\Padawan\rate\25000\saber1\Kyle\saber2\none\sex\male\snaps\40\ja_guid\5927B7C02E9AC2EE703771D8B779BBD8\teamoverlay\0
6-10-2021 20:54 (7033:41): ClientUserinfoChanged: 0 n\Padawan\t\0\model\kyle/default\c1\4\c2\4\hc\100\w\0\l\0\tt\0\tl\0\st\Kyle\st2\none\dt\0
6-10-2021 20:54 (7033:41): ClientBegin: 0
6-10-2021 20:54 (7033:41): ClientConnect: 1
6-10-2021 20:54 (7033:41): ClientUserinfoChanged handling info: 1 \name\astupidbot\team\0\skill\ 5.00\personality\botfiles/astupidbot.jkb\saber2\none\saber1\kyle\color2\4\color1\4\sex\male\model\jawa\snaps\20\rate\25000
6-10-2021 20:54 (7033:41): ClientUserinfoChanged: 1 n\astupidbot\t\0\model\jawa\c1\4\c2\4\hc\0\w\0\l\0\skill\ 5.00\tt\0\tl\0\siegeclass\none\st\Kyle\st2\none\dt\0\sdt\0
6-10-2021 20:54 (7033:41): ClientUserinfoChanged handling info: 1 \name\astupidbot\team\0\skill\ 5.00\personality\botfiles/astupidbot.jkb\saber2\none\r2\4\color1\4\sex\male\model\jawx\male\model\jawa\snaps\20\rate\25000
6-10-2021 20:54 (7033:41): ClientUserinfoChanged: 1 n\astupidbot\t\0\model\jawx\c1\4\c2\\hc\0\w\0\l\0\skill\ 5.00\tt\0\tl\0\siegeclass\none\st\Kyle\st2\none\dt\0\sdt\0
6-10-2021 20:54 (7033:41): ClientUserinfoChanged handling info: 1 \saber2\none\saber1\dual_1\name\astupidbot\team\0\skill\ 5.00\personality\botfiles/astupidbot.jkb\r2s4\color1\4\sex\male\model\jawx\male\model\jawa\snaps\20\rate\25000
6-10-2021 20:54 (7033:41): ClientUserinfoChanged: 1 n\astupidbot\t\0\model\jawa\c1\\c2\\hc\0\w\0\l\0\skill\ 5.00\tt\0\tl\0\siegeclass\none\st\dual_1\st2\none\dt\0\sdt\0
6-10-2021 20:54 (7033:41): ClientUserinfoChanged handling info: 1 \saber2\none\saber1\dual_1\name\astupidbot\team\0\skill\ 5.00\personality\botfiles/astupidbot.jkb\r2s4\color1\4\sex\male\model\jawx\male\model\jawa\snaps\20\rate\25000
6-10-2021 20:54 (7033:41): ClientUserinfoChanged: 1 n\astupidbot\t\0\model\jawa\c1\\c2\\hc\100\w\0\l\0\skill\ 5.00\tt\0\tl\0\siegeclass\none\st\dual_1\st2\none\dt\0\sdt\0
6-10-2021 20:54 (7033:41): ClientBegin: 1
6-10-2021 20:55 (7034:23): ClientUserinfoChanged handling info: 0 \ip\69.136.137.86:64622\cg_predictItems\1\char_color_blue\255\char_color_green\255\char_color_red\255\color1\4\color2\4\forcepowers\7-2-032330100000001333\handicap\100\model\psdarthmalgus/head_c2|torso_a1|lower_a1\name\Padawan\rate\25000\saber1\Kyle\saber2\none\sex\male\snaps\40\ja_guid\5927B7C02E9AC2EE703771D8B779BBD8\teamoverlay\0
6-10-2021 20:55 (7034:23): ClientUserinfoChanged: 0 n\Padawan\t\0\model\kyl\c1\4\c2\4\hc\100\w\0\l\0\tt\0\tl\0\st\Kyle\st2\none\dt\0
6-10-2021 20:56 (7035:52): Kill: 0 0 39: Padawan killed Padawan by MOD_SUICIDE
6-10-2021 20:56 (7035:52): setteam:  0 FREE SPECTATOR
6-10-2021 20:56 (7035:52): ClientUserinfoChanged handling info: 0 \ip\69.136.137.86:64622\cg_predictItems\1\char_color_blue\255\char_color_green\255\char_color_red\255\color1\4\color2\4\forcepowers\7-2-032330100000001333\handicap\100\model\psdarthmalgus/head_c2|torso_a1|lower_a1\name\Padawan\rate\25000\saber1\Kyle\saber2\none\sex\male\snaps\40\ja_guid\5927B7C02E9AC2EE703771D8B779BBD8\teamoverlay\0
6-10-2021 20:56 (7035:52): ClientUserinfoChanged: 0 n\Padawan\t\3\model\kyl\c1\4\c2\4\hc\100\w\0\l\0\tt\0\tl\0\st\Kyle\st2\none\dt\0
6-10-2021 20:56 (7035:52): ClientBegin: 0
6-10-2021 20:56 (7035:53): ClientUserinfoChanged handling info: 0 \ip\69.136.137.86:64622\cg_predictItems\1\char_color_blue\255\char_color_green\255\char_color_red\255\color1\0\color2\0\forcepowers\7-2-030300331000001333\handicap\100\model\psdarthmalgus/default\name\Padawan\rate\25000\saber1\darth_malgus\saber2\darth_malgus\sex\male\snaps\40\ja_guid\5927B7C02E9AC2EE703771D8B779BBD8\teamoverlay\0
6-10-2021 20:56 (7035:53): ClientUserinfoChanged: 0 n\Padawan\t\3\model\psdarthmalgus/default\c1\0\c2\0\hc\100\w\0\l\0\tt\0\tl\0\st\Kyle\st2\none\dt\0
6-10-2021 20:56 (7035:58): setteam:  0 SPECTATOR FREE
6-10-2021 20:56 (7035:58): ClientUserinfoChanged handling info: 0 \ip\69.136.137.86:64622\cg_predictItems\1\char_color_blue\255\char_color_green\255\char_color_red\255\color1\0\color2\0\forcepowers\7-2-030300331000001333\handicap\100\model\psdarthmalgus/default\name\Padawan\rate\25000\saber1\darth_malgus\saber2\darth_malgus\sex\male\snaps\40\ja_guid\5927B7C02E9AC2EE703771D8B779BBD8\teamoverlay\0
6-10-2021 20:56 (7035:58): ClientUserinfoChanged: 0 n\Padawan\t\0\model\psdarthmalgus/default\c1\0\c2\0\hc\100\w\0\l\0\tt\0\tl\0\st\default\st2\default\dt\0
6-10-2021 20:56 (7035:58): ClientUserinfoChanged handling info: 0 \saber2\default\saber1\default\ip\69.136.137.86:64622\cg_predictItems\1\char_color_blue\255\char_color_green\255\char_color_red\255\color1\0\color2\0\forcepowers\7-2-030300331000001333\handicap\100\model\psdarthmalgus/default\name\Padawan\rate\25000\sex\male\snaps\40\ja_guid\5927B7C02E9AC2EE703771D8B779BBD8\teamoverlay\0
6-10-2021 20:56 (7035:58): ClientUserinfoChanged: 0 n\Padawan\t\0\model\psdarthmalgus/default\c1\0\c2\0\hc\100\w\0\l\0\tt\0\tl\0\st\default\st2\default\dt\0
6-10-2021 20:56 (7035:58): ClientBegin: 0
6-10-2021 20:58 (7038:11): Kill: 0 1 3: Padawan killed astupidbot by MOD_SABER
6-10-2021 20:59 (7038:12): ClientUserinfoChanged handling info: 1 \saber2\none\saber1\dual_1\name\astupidbot\team\0\skill\ 5.00\personality\botfiles/astupidbot.jkb\r2s4\color1\4\sex\male\model\jawx\male\model\jawa\snaps\20\rate\25000
6-10-2021 20:59 (7038:12): ClientUserinfoChanged: 1 n\astupidbot\t\0\model\jawa\c1\\c2\\hc\100\w\0\l\0\skill\ 5.00\tt\0\tl\0\siegeclass\none\st\dual_1\st2\none\dt\0\sdt\0
6-10-2021 20:59 (7038:51): Kill: 0 1 31: Padawan killed astupidbot by MOD_FORCE_DARK
6-10-2021 20:59 (7038:52): ClientUserinfoChanged handling info: 1 \saber2\none\saber1\dual_1\name\astupidbot\team\0\skill\ 5.00\personality\botfiles/astupidbot.jkb\r2s4\color1\4\sex\male\model\jawx\male\model\jawa\snaps\20\rate\25000
6-10-2021 20:59 (7038:52): ClientUserinfoChanged: 1 n\astupidbot\t\0\model\jawa\c1\\c2\\hc\100\w\0\l\0\skill\ 5.00\tt\0\tl\0\siegeclass\none\st\dual_1\st2\none\dt\0\sdt\0
6-10-2021 21: 0 (7039:53): ClientUserinfoChanged handling info: 0 \ip\69.136.137.86:64622\cg_predictItems\1\char_color_blue\255\char_color_green\255\char_color_red\255\color1\0\color2\0\forcepowers\7-2-030300331000001333\handicap\100\model\psdarthmalgus/default\name\Padawan\rate\25000\saber1\darth_malgus\saber2\darth_malgus\sex\male\snaps\50\ja_guid\5927B7C02E9AC2EE703771D8B779BBD8\teamoverlay\0
6-10-2021 21: 0 (7039:53): ClientUserinfoChanged: 0 n\Padawan\t\0\model\psdarthmalgus/default\c1\0\c2\0\hc\100\w\0\l\0\tt\0\tl\0\st\default\st2\default\dt\0
6-10-2021 21: 1 (7040:50): ClientUserinfoChanged handling info: 0 \ip\69.136.137.86:64622\cg_predictItems\1\char_color_blue\255\char_color_green\255\char_color_red\255\color1\0\color2\0\forcepowers\7-2-030300331000001333\handicap\100\model\psdarthmalgus/head_c2|torso_a3|lower_a1\name\Padawan\rate\25000\saber1\darth_malgus\saber2\darth_malgus\sex\male\snaps\50\ja_guid\5927B7C02E9AC2EE703771D8B779BBD8\teamoverlay\0
6-10-2021 21: 1 (7040:50): ClientUserinfoChanged: 0 n\Padawan\t\0\model\kyl\c1\0\c2\0\hc\100\w\0\l\0\tt\0\tl\0\st\default\st2\default\dt\0
6-10-2021 21: 1 (7041:10): ClientUserinfoChanged handling info: 0 \ip\69.136.137.86:64622\cg_predictItems\1\char_color_blue\255\char_color_green\255\char_color_red\255\color1\0\color2\0\forcepowers\7-2-030300331000001333\handicap\100\model\psdarthmalgus/head_c2|torso_a3|lower_a1\name\Padawan\rate\25000\saber1\darth_malgus\saber2\darth_malgus\sex\male\snaps\50\ja_guid\5927B7C02E9AC2EE703771D8B779BBD8\teamoverlay\0
6-10-2021 21: 1 (7041:10): ClientUserinfoChanged: 0 n\Padawan\t\0\model\kyl\c1\0\c2\0\hc\100\w\0\l\0\tt\0\tl\0\st\default\st2\default\dt\0
6-10-2021 21: 2 (7041:15): Kill: 0 0 39: Padawan killed Padawan by MOD_SUICIDE
6-10-2021 21: 2 (7041:15): setteam:  0 FREE SPECTATOR
6-10-2021 21: 2 (7041:15): ClientUserinfoChanged handling info: 0 \ip\69.136.137.86:64622\cg_predictItems\1\char_color_blue\255\char_color_green\255\char_color_red\255\color1\0\color2\0\forcepowers\7-2-030300331000001333\handicap\100\model\psdarthmalgus/head_c2|torso_a3|lower_a1\name\Padawan\rate\25000\saber1\darth_malgus\saber2\darth_malgus\sex\male\snaps\50\ja_guid\5927B7C02E9AC2EE703771D8B779BBD8\teamoverlay\0
6-10-2021 21: 2 (7041:15): ClientUserinfoChanged: 0 n\Padawan\t\3\model\kyl\c1\0\c2\0\hc\100\w\0\l\0\tt\0\tl\0\st\default\st2\default\dt\0
6-10-2021 21: 2 (7041:15): ClientUserinfoChanged handling info: 0 \saber2\default\saber1\default\ip\69.136.137.86:64622\cg_predictItems\1\char_color_blue\255\char_color_green\255\char_color_red\255\color1\0\color2\0\forcepowers\7-2-030300331000001333\handicap\100\model\psdarthmalgus/head_c2|torso_a3|lower_a1\name\Padawan\rate\25000\sex\male\snaps\50\ja_guid\5927B7C02E9AC2EE703771D8B779BBD8\teamoverlay\0
6-10-2021 21: 2 (7041:15): ClientUserinfoChanged: 0 n\Padawan\t\3\model\kyl\c1\0\c2\0\hc\100\w\0\l\0\tt\0\tl\0\st\default\st2\default\dt\0
6-10-2021 21: 2 (7041:15): ClientBegin: 0
6-10-2021 21: 2 (7041:23): setteam:  0 SPECTATOR FREE
6-10-2021 21: 2 (7041:23): ClientUserinfoChanged handling info: 0 \saber2\default\saber1\default\ip\69.136.137.86:64622\cg_predictItems\1\char_color_blue\255\char_color_green\255\char_color_red\255\color1\0\color2\0\forcepowers\7-2-030300331000001333\handicap\100\model\psdarthmalgus/head_c2|torso_a3|lower_a1\name\Padawan\rate\25000\sex\male\snaps\50\ja_guid\5927B7C02E9AC2EE703771D8B779BBD8\teamoverlay\0
6-10-2021 21: 2 (7041:23): ClientUserinfoChanged: 0 n\Padawan\t\0\model\kyl\c1\0\c2\0\hc\100\w\0\l\0\tt\0\tl\0\st\default\st2\default\dt\0
6-10-2021 21: 2 (7041:23): ClientBegin: 0
6-10-2021 21: 2 (7041:29): Kill: 0 0 39: Padawan killed Padawan by MOD_SUICIDE
6-10-2021 21: 2 (7041:29): setteam:  0 FREE SPECTATOR
6-10-2021 21: 2 (7041:29): ClientUserinfoChanged handling info: 0 \saber2\default\saber1\default\ip\69.136.137.86:64622\cg_predictItems\1\char_color_blue\255\char_color_green\255\char_color_red\255\color1\0\color2\0\forcepowers\7-2-030300331000001333\handicap\100\model\psdarthmalgus/head_c2|torso_a3|lower_a1\name\Padawan\rate\25000\sex\male\snaps\50\ja_guid\5927B7C02E9AC2EE703771D8B779BBD8\teamoverlay\0
6-10-2021 21: 2 (7041:29): ClientUserinfoChanged: 0 n\Padawan\t\3\model\kyl\c1\0\c2\0\hc\100\w\0\l\0\tt\0\tl\0\st\default\st2\default\dt\0
6-10-2021 21: 2 (7041:29): ClientBegin: 0
6-10-2021 21: 2 (7041:46): setteam:  0 SPECTATOR FREE
6-10-2021 21: 2 (7041:46): ClientUserinfoChanged handling info: 0 \saber2\default\saber1\default\ip\69.136.137.86:64622\cg_predictItems\1\char_color_blue\255\char_color_green\255\char_color_red\255\color1\0\color2\0\forcepowers\7-2-030300331000001333\handicap\100\model\psdarthmalgus/head_c2|torso_a3|lower_a1\name\Padawan\rate\25000\sex\male\snaps\50\ja_guid\5927B7C02E9AC2EE703771D8B779BBD8\teamoverlay\0
6-10-2021 21: 2 (7041:46): ClientUserinfoChanged: 0 n\Padawan\t\0\model\kyl\c1\0\c2\0\hc\100\w\0\l\0\tt\0\tl\0\st\default\st2\default\dt\0
6-10-2021 21: 2 (7041:46): ClientBegin: 0
6-10-2021 21: 2 (7041:47): ClientUserinfoChanged handling info: 0 \ip\69.136.137.86:64622\cg_predictItems\1\char_color_blue\255\char_color_green\255\char_color_red\255\color1\0\color2\0\forcepowers\7-2-030300331000001333\handicap\100\model\psdarthmalgus/head_c2|torso_a3|lower_a1\name\Padawan\rate\25000\saber1\darth_malgus\saber2\darth_malgus\sex\male\snaps\50\ja_guid\5927B7C02E9AC2EE703771D8B779BBD8\teamoverlay\0
6-10-2021 21: 2 (7041:47): ClientUserinfoChanged: 0 n\Padawan\t\0\model\kyl\c1\0\c2\0\hc\100\w\0\l\0\tt\0\tl\0\st\default\st2\default\dt\0
6-10-2021 21: 5 (7044:32): Kill: 0 1 31: Padawan killed astupidbot by MOD_FORCE_DARK
6-10-2021 21: 5 (7044:33): ClientUserinfoChanged handling info: 1 \saber2\none\saber1\dual_1\name\astupidbot\team\0\skill\ 5.00\personality\botfiles/astupidbot.jkb\r2s4\color1\4\sex\male\model\jawx\male\model\jawa\snaps\20\rate\25000
6-10-2021 21: 5 (7044:33): ClientUserinfoChanged: 1 n\astupidbot\t\0\model\jawa\c1\\c2\\hc\100\w\0\l\0\skill\ 5.00\tt\0\tl\0\siegeclass\none\st\dual_1\st2\none\dt\0\sdt\0
6-10-2021 21: 6 (7045:30): Kill: 0 1 31: Padawan killed astupidbot by MOD_FORCE_DARK
6-10-2021 21: 6 (7045:31): ClientUserinfoChanged handling info: 1 \saber2\none\saber1\dual_1\name\astupidbot\team\0\skill\ 5.00\personality\botfiles/astupidbot.jkb\r2s4\color1\4\sex\male\model\jawx\male\model\jawa\snaps\20\rate\25000
6-10-2021 21: 6 (7045:31): ClientUserinfoChanged: 1 n\astupidbot\t\0\model\jawa\c1\\c2\\hc\100\w\0\l\0\skill\ 5.00\tt\0\tl\0\siegeclass\none\st\dual_1\st2\none\dt\0\sdt\0
6-10-2021 21: 6 (7046:00): Kill: 1 0 3: astupidbot killed Padawan by MOD_SABER
6-10-2021 21: 6 (7046:02): ClientUserinfoChanged handling info: 0 \ip\69.136.137.86:64622\cg_predictItems\1\char_color_blue\255\char_color_green\255\char_color_red\255\color1\0\color2\0\forcepowers\7-2-030300331000001333\handicap\100\model\psdarthmalgus/head_c2|torso_a3|lower_a1\name\Padawan\rate\25000\saber1\darth_malgus\saber2\darth_malgus\sex\male\snaps\50\ja_guid\5927B7C02E9AC2EE703771D8B779BBD8\teamoverlay\0
6-10-2021 21: 6 (7046:02): ClientUserinfoChanged: 0 n\Padawan\t\0\model\kyl\c1\0\c2\0\hc\100\w\0\l\0\tt\0\tl\0\st\default\st2\default\dt\0
6-10-2021 21: 6 (7046:02): ClientUserinfoChanged handling info: 0 \saber2\default\saber1\default\ip\69.136.137.86:64622\cg_predictItems\1\char_color_blue\255\char_color_green\255\char_color_red\255\color1\0\color2\0\forcepowers\7-2-030300331000001333\handicap\100\model\psdarthmalgus/head_c2|torso_a3|lower_a1\name\Padawan\rate\25000\sex\male\snaps\50\ja_guid\5927B7C02E9AC2EE703771D8B779BBD8\teamoverlay\0
6-10-2021 21: 6 (7046:02): ClientUserinfoChanged: 0 n\Padawan\t\0\model\kyl\c1\0\c2\0\hc\100\w\0\l\0\tt\0\tl\0\st\default\st2\default\dt\0
6-10-2021 21: 8 (7047:57): Kill: 0 1 31: Padawan killed astupidbot by MOD_FORCE_DARK
6-10-2021 21: 8 (7047:59): ClientUserinfoChanged handling info: 1 \saber2\none\saber1\dual_1\name\astupidbot\team\0\skill\ 5.00\personality\botfiles/astupidbot.jkb\r2s4\color1\4\sex\male\model\jawx\male\model\jawa\snaps\20\rate\25000
6-10-2021 21: 8 (7047:59): ClientUserinfoChanged: 1 n\astupidbot\t\0\model\jawa\c1\\c2\\hc\100\w\0\l\0\skill\ 5.00\tt\0\tl\0\siegeclass\none\st\dual_1\st2\none\dt\0\sdt\0
6-10-2021 21: 8 (7047:59): say: astupidbot: ouch
6-10-2021 21: 9 (7048:42): Kill: 1 0 3: astupidbot killed Padawan by MOD_SABER
6-10-2021 21: 9 (7048:44): ClientUserinfoChanged handling info: 0 \saber2\default\saber1\default\ip\69.136.137.86:64622\cg_predictItems\1\char_color_blue\255\char_color_green\255\char_color_red\255\color1\0\color2\0\forcepowers\7-2-030300331000001333\handicap\100\model\psdarthmalgus/head_c2|torso_a3|lower_a1\name\Padawan\rate\25000\sex\male\snaps\50\ja_guid\5927B7C02E9AC2EE703771D8B779BBD8\teamoverlay\0
6-10-2021 21: 9 (7048:44): ClientUserinfoChanged: 0 n\Padawan\t\0\model\kyl\c1\0\c2\0\hc\100\w\0\l\0\tt\0\tl\0\st\default\st2\default\dt\0
6-10-2021 21: 9 (7049:01): say: astupidbot: Padawan is a lamer.
6-10-2021 21:10 (7049:30): Kill: 1 0 3: astupidbot killed Padawan by MOD_SABER
6-10-2021 21:10 (7049:31): ClientUserinfoChanged handling info: 0 \saber2\default\saber1\default\ip\69.136.137.86:64622\cg_predictItems\1\char_color_blue\255\char_color_green\255\char_color_red\255\color1\0\color2\0\forcepowers\7-2-030300331000001333\handicap\100\model\psdarthmalgus/head_c2|torso_a3|lower_a1\name\Padawan\rate\25000\sex\male\snaps\50\ja_guid\5927B7C02E9AC2EE703771D8B779BBD8\teamoverlay\0
6-10-2021 21:10 (7049:31): ClientUserinfoChanged: 0 n\Padawan\t\0\model\kyl\c1\0\c2\0\hc\100\w\0\l\0\tt\0\tl\0\st\default\st2\default\dt\0
6-10-2021 21:10 (7049:32): say: astupidbot: You suck Padawan!!
6-10-2021 21:11 (7050:13): Kill: 0 1 3: Padawan killed astupidbot by MOD_SABER
6-10-2021 21:11 (7050:14): ClientUserinfoChanged handling info: 1 \saber2\none\saber1\dual_1\name\astupidbot\team\0\skill\ 5.00\personality\botfiles/astupidbot.jkb\r2s4\color1\4\sex\male\model\jawx\male\model\jawa\snaps\20\rate\25000
6-10-2021 21:11 (7050:14): ClientUserinfoChanged: 1 n\astupidbot\t\0\model\jawa\c1\\c2\\hc\100\w\0\l\0\skill\ 5.00\tt\0\tl\0\siegeclass\none\st\dual_1\st2\none\dt\0\sdt\0
6-10-2021 21:11 (7051:01): Kill: 0 1 31: Padawan killed astupidbot by MOD_FORCE_DARK
6-10-2021 21:11 (7051:02): ClientUserinfoChanged handling info: 1 \saber2\none\saber1\dual_1\name\astupidbot\team\0\skill\ 5.00\personality\botfiles/astupidbot.jkb\r2s4\color1\4\sex\male\model\jawx\male\model\jawa\snaps\20\rate\25000
6-10-2021 21:11 (7051:02): ClientUserinfoChanged: 1 n\astupidbot\t\0\model\jawa\c1\\c2\\hc\100\w\0\l\0\skill\ 5.00\tt\0\tl\0\siegeclass\none\st\dual_1\st2\none\dt\0\sdt\0
6-10-2021 21:12 (7052:02): Kill: 0 1 3: Padawan killed astupidbot by MOD_SABER
6-10-2021 21:12 (7052:04): ClientUserinfoChanged handling info: 1 \saber2\none\saber1\dual_1\name\astupidbot\team\0\skill\ 5.00\personality\botfiles/astupidbot.jkb\r2s4\color1\4\sex\male\model\jawx\male\model\jawa\snaps\20\rate\25000
6-10-2021 21:12 (7052:04): ClientUserinfoChanged: 1 n\astupidbot\t\0\model\jawa\c1\\c2\\hc\100\w\0\l\0\skill\ 5.00\tt\0\tl\0\siegeclass\none\st\dual_1\st2\none\dt\0\sdt\0
6-10-2021 21:12 (7052:04): say: astupidbot: Good Fight
6-10-2021 21:14 (7053:28): Kill: 0 1 31: Padawan killed astupidbot by MOD_FORCE_DARK
6-10-2021 21:14 (7053:29): ClientUserinfoChanged handling info: 1 \saber2\none\saber1\dual_1\name\astupidbot\team\0\skill\ 5.00\personality\botfiles/astupidbot.jkb\r2s4\color1\4\sex\male\model\jawx\male\model\jawa\snaps\20\rate\25000
6-10-2021 21:14 (7053:29): ClientUserinfoChanged: 1 n\astupidbot\t\0\model\jawa\c1\\c2\\hc\100\w\0\l\0\skill\ 5.00\tt\0\tl\0\siegeclass\none\st\dual_1\st2\none\dt\0\sdt\0
6-10-2021 21:14 (7054:11): Kill: 1 0 3: astupidbot killed Padawan by MOD_SABER
6-10-2021 21:15 (7054:12): ClientUserinfoChanged handling info: 0 \saber2\default\saber1\default\ip\69.136.137.86:64622\cg_predictItems\1\char_color_blue\255\char_color_green\255\char_color_red\255\color1\0\color2\0\forcepowers\7-2-030300331000001333\handicap\100\model\psdarthmalgus/head_c2|torso_a3|lower_a1\name\Padawan\rate\25000\sex\male\snaps\50\ja_guid\5927B7C02E9AC2EE703771D8B779BBD8\teamoverlay\0
6-10-2021 21:15 (7054:12): ClientUserinfoChanged: 0 n\Padawan\t\0\model\kyl\c1\0\c2\0\hc\100\w\0\l\0\tt\0\tl\0\st\default\st2\default\dt\0
6-10-2021 21:15 (7054:27): say: astupidbot: Padawan is a lamer.
6-10-2021 21:15 (7054:44): Kill: 1022 1 38: <world> killed astupidbot by MOD_FALLING
6-10-2021 21:15 (7054:45): ClientUserinfoChanged handling info: 1 \saber2\none\saber1\dual_1\name\astupidbot\team\0\skill\ 5.00\personality\botfiles/astupidbot.jkb\r2s4\color1\4\sex\male\model\jawx\male\model\jawa\snaps\20\rate\25000
6-10-2021 21:15 (7054:45): ClientUserinfoChanged: 1 n\astupidbot\t\0\model\jawa\c1\\c2\\hc\100\w\0\l\0\skill\ 5.00\tt\0\tl\0\siegeclass\none\st\dual_1\st2\none\dt\0\sdt\0
6-10-2021 21:16 (7056:01): Kill: 0 1 3: Padawan killed astupidbot by MOD_SABER
6-10-2021 21:16 (7056:02): ClientUserinfoChanged handling info: 1 \saber2\none\saber1\dual_1\name\astupidbot\team\0\skill\ 5.00\personality\botfiles/astupidbot.jkb\r2s4\color1\4\sex\male\model\jawx\male\model\jawa\snaps\20\rate\25000
6-10-2021 21:16 (7056:02): ClientUserinfoChanged: 1 n\astupidbot\t\0\model\jawa\c1\\c2\\hc\100\w\0\l\0\skill\ 5.00\tt\0\tl\0\siegeclass\none\st\dual_1\st2\none\dt\0\sdt\0
6-10-2021 21:17 (7056:47): Kill: 0 1 3: Padawan killed astupidbot by MOD_SABER
6-10-2021 21:17 (7056:48): ClientUserinfoChanged handling info: 1 \saber2\none\saber1\dual_1\name\astupidbot\team\0\skill\ 5.00\personality\botfiles/astupidbot.jkb\r2s4\color1\4\sex\male\model\jawx\male\model\jawa\snaps\20\rate\25000
6-10-2021 21:17 (7056:48): ClientUserinfoChanged: 1 n\astupidbot\t\0\model\jawa\c1\\c2\\hc\100\w\0\l\0\skill\ 5.00\tt\0\tl\0\siegeclass\none\st\dual_1\st2\none\dt\0\sdt\0
6-10-2021 21:18 (7057:16): Kill: 0 1 3: Padawan killed astupidbot by MOD_SABER
6-10-2021 21:18 (7057:18): ClientUserinfoChanged handling info: 1 \saber2\none\saber1\dual_1\name\astupidbot\team\0\skill\ 5.00\personality\botfiles/astupidbot.jkb\r2s4\color1\4\sex\male\model\jawx\male\model\jawa\snaps\20\rate\25000
6-10-2021 21:18 (7057:18): ClientUserinfoChanged: 1 n\astupidbot\t\0\model\jawa\c1\\c2\\hc\100\w\0\l\0\skill\ 5.00\tt\0\tl\0\siegeclass\none\st\dual_1\st2\none\dt\0\sdt\0
6-10-2021 21:18 (7057:48): Kill: 1 0 3: astupidbot killed Padawan by MOD_SABER
6-10-2021 21:18 (7057:50): ClientUserinfoChanged handling info: 0 \saber2\default\saber1\default\ip\69.136.137.86:64622\cg_predictItems\1\char_color_blue\255\char_color_green\255\char_color_red\255\color1\0\color2\0\forcepowers\7-2-030300331000001333\handicap\100\model\psdarthmalgus/head_c2|torso_a3|lower_a1\name\Padawan\rate\25000\sex\male\snaps\50\ja_guid\5927B7C02E9AC2EE703771D8B779BBD8\teamoverlay\0
6-10-2021 21:18 (7057:50): ClientUserinfoChanged: 0 n\Padawan\t\0\model\kyl\c1\0\c2\0\hc\100\w\0\l\0\tt\0\tl\0\st\default\st2\default\dt\0
6-10-2021 21:19 (7058:16): Kill: 0 1 31: Padawan killed astupidbot by MOD_FORCE_DARK
6-10-2021 21:19 (7058:17): ClientUserinfoChanged handling info: 1 \saber2\none\saber1\dual_1\name\astupidbot\team\0\skill\ 5.00\personality\botfiles/astupidbot.jkb\r2s4\color1\4\sex\male\model\jawx\male\model\jawa\snaps\20\rate\25000
6-10-2021 21:19 (7058:17): ClientUserinfoChanged: 1 n\astupidbot\t\0\model\jawa\c1\\c2\\hc\100\w\0\l\0\skill\ 5.00\tt\0\tl\0\siegeclass\none\st\dual_1\st2\none\dt\0\sdt\0
6-10-2021 21:19 (7058:23): ClientDisconnect: 0
6-10-2021 21:19 (7058:40): ClientConnect: 0
6-10-2021 21:19 (7058:40): ClientUserinfoChanged handling info: 0 \team\0\skill\ 5.00\personality\botfiles/newkyle.jkb\saber2\none\saber1\kyle\color2\4\color1\1\sex\male\model\kyle\snaps\20\rate\25000\name\Kyle
6-10-2021 21:19 (7058:40): ClientUserinfoChanged: 0 n\Kyle\t\0\model\kyle\c1\1\c2\4\hc\0\w\0\l\0\skill\ 5.00\tt\0\tl\0\siegeclass\none\st\\st2\\dt\0\sdt\0
6-10-2021 21:19 (7058:40): ClientUserinfoChanged handling info: 0 \name\Kyle\team\0\skill\ 5.00\personality\botfiles/newkyle.jkb\saber2\none\saber1\kyle\color2\4\color1\1\sex\male\model\kyle\snaps\20\rate\25000
6-10-2021 21:19 (7058:40): ClientUserinfoChanged: 0 n\Kyle\t\0\model\kyle\c1\1\c2\4\hc\0\w\0\l\0\skill\ 5.00\tt\0\tl\0\siegeclass\none\st\\st2\\dt\0\sdt\0
6-10-2021 21:19 (7058:40): IP: localhost Kyle
6-10-2021 21:19 (7058:40): ClientUserinfoChanged handling info: 0 \name\Kyle\team\0\skill\ 5.00\personality\botfiles/newkyle.jkb\saber2\none\saber1\kyle\color2\4\color1\1\sex\male\monaps\2le\snaps\20\rate\25000
6-10-2021 21:19 (7058:40): ClientUserinfoChanged: 0 n\Kyle\t\0\model\\c1\1\c2\4\hc\0\w\0\l\0\skill\ 5.00\tt\0\tl\0\siegeclass\none\st\\st2\\dt\0\sdt\0
6-10-2021 21:19 (7058:40): ClientUserinfoChanged handling info: 0 \name\Kyle\team\0\skill\ 5.00\personality\botfiles/newkyle.jkb\saber2\none\saber1\kyle\color2\4\color1\1\sex\male\monaps\2le\snaps\20\rate\25000
6-10-2021 21:19 (7058:40): ClientUserinfoChanged: 0 n\Kyle\t\0\model\\c1\1\c2\4\hc\100\w\0\l\0\skill\ 5.00\tt\0\tl\0\siegeclass\none\st\Kyle\st2\none\dt\0\sdt\0
6-10-2021 21:19 (7058:40): ClientBegin: 0
6-10-2021 21:39 (7078:41): Exit: Timelimit hit.
6-10-2021 21:39 (7078:41): score: 4  ping: 55  client: 1 astupidbot
6-10-2021 21:39 (7078:41): score: 0  ping: 45  client: 0 Kyle
6-12-2021 20:23 (9882:34): ClientConnect: 2
6-12-2021 20:23 (9882:34): ClientUserinfoChanged handling info: 2 \ip\108.94.159.70:29070\challenge\-2120416000\qport\17088\protocol\26\name\HUGH JAYNESS\rate\4000\snaps\20\model\jedi_hm/head_b1|torso_c1|lower_b1\forcepowers\7-1-030000000000000330\color1\4\color2\4\handicap\100\sex\male\cg_predictItems\1\saber1\single_4\saber2\none\char_color_red\252\char_color_green\243\char_color_blue\180\teamtask\0\teamoverlay\1
6-12-2021 20:23 (9882:34): ClientUserinfoChanged: 2 n\HUGH JAYNESS\t\0\model\jedi_hm/head_b1|torso_c1|lower_b1\c1\4\c2\4\hc\0\w\0\l\0\tt\0\tl\0\st\\st2\\dt\0
6-12-2021 20:23 (9882:34): IP: 108.94.159.70 HUGH JAYNESS
6-12-2021 20:23 (9882:34): say: Kyle: Hi
6-12-2021 20:23 (9882:37): ClientUserinfoChanged handling info: 2 \ip\108.94.159.70:29070\name\Padawan\rate\4000\snaps\20\model\bespin_cop/default\forcepowers\6-1-023300000000000333\color1\4\color2\4\handicap\100\sex\male\cg_predictItems\1\saber1\single_1\saber2\none\char_color_red\255\char_color_green\255\char_color_blue\255\teamtask\0\teamoverlay\1
6-12-2021 20:23 (9882:37): ClientNamechange: HUGH JAYNESS is now Padawan
6-12-2021 20:23 (9882:37): ClientUserinfoChanged: 2 n\Padawan\t\0\model\bespin_cop/default\c1\4\c2\4\hc\0\w\0\l\0\tt\0\tl\0\st\single_1\st2\none\dt\0
6-12-2021 20:23 (9882:37): ClientUserinfoChanged handling info: 2 \ip\108.94.159.70:29070\name\Padawan\rate\4000\snaps\20\model\bespin_cop/default\forcepowers\6-1-023300000000000333\color1\4\color2\4\handicap\100\sex\male\cg_predictItems\1\saber1\single_1\saber2\none\char_color_red\255\char_color_green\255\char_color_blue\255\teamtask\0\teamoverlay\1
6-12-2021 20:23 (9882:37): ClientUserinfoChanged: 2 n\Padawan\t\0\model\bespin_cop/default\c1\4\c2\4\hc\100\w\0\l\0\tt\0\tl\0\st\single_1\st2\none\dt\0
6-12-2021 20:23 (9882:37): ClientBegin: 2
6-12-2021 20:23 (9882:43): ShutdownGame:
6-12-2021 20:23 (9882:43): ------------------------------------------------------------
