5-2-2021 21:31 (0:00): ------------------------------------------------------------
5-2-2021 21:31 (0:00): InitGame: \version\JAmp: v1.0.1.0 linux-i386 Mar 14 2020\timelimit\45\sv_privateClients\0\sv_minRate\0\sv_minPing\0\sv_maxclients\32\sv_maxRate\0\sv_maxPing\999\sv_hostname\^7~^1~^7~ COMM SERVER ~^1~^7~\sv_fps\50\sv_floodProtectSlow\1\sv_floodProtect\1\sv_autoDemo\0\sv_allowDownload\0\serveruptime\44\protocol\26\mapname\t3_stamp\gamename\Lugormod\g_weaponDisable\0\g_stepSlideFix\0\g_siegeTeamSwitch\1\g_siegeTeam2\none\g_siegeTeam1\none\g_siegeRespawn\20\g_showDuelHealths\1\g_saberWallDamageScale\0.4\g_saberLocking\0\g_privateDuel\1535\g_noSpecMove\0\g_needpass\0\g_maxHolocronCarry\3\g_maxGameClients\0\g_maxForceRank\7\g_jediVmerc\0\g_gametype\0\g_gamemode\0\g_forceRegenTime\160\g_forcePowerDisable\0\g_forceBasedTeams\1\g_duelWeaponDisable\9\g_debugmelee\1\g_allowNPC\1\fs_game\lugormod\fraglimit\0\duel_fraglimit\10\dmflags\0\capturelimit\10\bot_minplayers\2\bg_fighterAltControl\0\Lugormod_Version\U#-0.0.0.91 Alpha
5-2-2021 21:31 (0:30): ClientConnect: 0
5-2-2021 21:31 (0:30): ClientUserinfoChanged handling info: 0 \team\0\skill\ 5.00\personality\botfiles/astupidbot.jkb\saber2\none\saber1\kyle\color2\4\color1\4\sex\male\model\jawa\snaps\20\rate\25000\name\astupidbot
5-2-2021 21:31 (0:30): ClientUserinfoChanged: 0 n\astupidbot\t\0\model\jawa\c1\4\c2\4\hc\0\w\0\l\0\skill\ 5.00\tt\0\tl\0\siegeclass\none\st\\st2\\dt\0\sdt\0
5-2-2021 21:31 (0:30): IP: localhost astupidbot
5-2-2021 21:31 (0:30): ClientUserinfoChanged handling info: 0 \team\0\skill\ 5.00\personality\botfiles/astupidbot.jkb\saber2\none\saber1\kyle\color2\4\color1\4\sex\male\model\jawa\snaps\20\rate\25000\name\astupidbot
5-2-2021 21:31 (0:30): ClientUserinfoChanged: 0 n\astupidbot\t\0\model\jawa\c1\4\c2\4\hc\100\w\0\l\0\skill\ 5.00\tt\0\tl\0\siegeclass\none\st\Kyle\st2\none\dt\0\sdt\0
5-2-2021 21:31 (0:30): ClientBegin: 0
5-2-2021 21:32 (0:54): ClientConnect: 1
5-2-2021 21:32 (0:54): ClientUserinfoChanged handling info: 1 \team\0\skill\ 5.00\personality\botfiles/newkyle.jkb\saber2\none\saber1\kyle\color2\4\color1\1\sex\male\model\kyle\snaps\20\rate\25000\name\Kyle
5-2-2021 21:32 (0:54): ClientUserinfoChanged: 1 n\Kyle\t\0\model\kyle\c1\1\c2\4\hc\0\w\0\l\0\skill\ 5.00\tt\0\tl\0\siegeclass\none\st\\st2\\dt\0\sdt\0
5-2-2021 21:32 (0:54): IP: localhost Kyle
5-2-2021 21:32 (0:54): ClientUserinfoChanged handling info: 1 \team\0\skill\ 5.00\personality\botfiles/newkyle.jkb\saber2\none\saber1\kyle\color2\4\color1\1\sex\male\model\kyle\snaps\20\rate\25000\name\Kyle
5-2-2021 21:32 (0:54): ClientUserinfoChanged: 1 n\Kyle\t\0\model\kyle\c1\1\c2\4\hc\100\w\0\l\0\skill\ 5.00\tt\0\tl\0\siegeclass\none\st\Kyle\st2\none\dt\0\sdt\0
5-2-2021 21:32 (0:54): ClientBegin: 1
5-3-2021 0:10 (158:44): ClientConnect: 2
5-3-2021 0:10 (158:44): ClientUserinfoChanged handling info: 2 \ip\95.139.88.74:29070\challenge\-1347584303\qport\42735\protocol\26\name\Padawan\rate\4000\snaps\20\model\kyle/default\forcepowers\7-1-032330000000001333\color1\4\color2\4\handicap\100\teamtask\0\sex\male\cg_predictItems\1\saber1\single_1\saber2\none\char_color_red\255\char_color_green\255\char_color_blue\255
5-3-2021 0:10 (158:44): ClientUserinfoChanged: 2 n\Padawan\t\0\model\kyle/default\c1\4\c2\4\hc\0\w\0\l\0\tt\0\tl\0\st\\st2\\dt\0
5-3-2021 0:10 (158:44): IP: 95.139.88.74 Padawan
5-3-2021 0:10 (158:59): Kill: 0 1 3: astupidbot killed Kyle by MOD_SABER
5-3-2021 0:10 (158:59): Exit: Timelimit hit.
5-3-2021 0:10 (158:59): score: 1  ping: 50  client: 0 astupidbot
5-3-2021 0:10 (158:59): score: 0  ping: 40  client: 1 Kyle
5-3-2021 0:10 (159:00): ClientUserinfoChanged handling info: 1 \team\0\skill\ 5.00\personality\botfiles/newkyle.jkb\saber2\none\saber1\kyle\color2\4\color1\1\sex\male\model\kyle\snaps\20\rate\25000\name\Kyle
5-3-2021 0:10 (159:00): ClientUserinfoChanged: 1 n\Kyle\t\0\model\kyle\c1\1\c2\4\hc\100\w\0\l\0\skill\ 5.00\tt\0\tl\0\siegeclass\none\st\Kyle\st2\none\dt\0\sdt\0
5-3-2021 0:10 (159:00): ClientUserinfoChanged handling info: 0 \team\0\skill\ 5.00\personality\botfiles/astupidbot.jkb\saber2\none\saber1\kyle\color2\4\color1\4\sex\male\model\jawa\snaps\20\rate\25000\name\astupidbot
5-3-2021 0:10 (159:00): ClientUserinfoChanged: 0 n\astupidbot\t\0\model\jawa\c1\4\c2\4\hc\100\w\0\l\0\skill\ 5.00\tt\0\tl\0\siegeclass\none\st\Kyle\st2\none\dt\0\sdt\0
5-3-2021 0:10 (159:00): ClientUserinfoChanged handling info: 2 \ip\95.139.88.74:29070\challenge\-1347584303\qport\42735\protocol\26\name\Padawan\rate\4000\snaps\20\model\kyle/default\forcepowers\7-1-032330000000001333\color1\4\color2\4\handicap\100\teamtask\0\sex\male\cg_predictItems\1\saber1\single_1\saber2\none\char_color_red\255\char_color_green\255\char_color_blue\255
5-3-2021 0:10 (159:00): ClientUserinfoChanged: 2 n\Padawan\t\0\model\kyle/default\c1\4\c2\4\hc\100\w\0\l\0\tt\0\tl\0\st\single_1\st2\none\dt\0
5-3-2021 0:10 (159:01): say: Kyle: gf
5-3-2021 0:10 (159:01): say: astupidbot: Good Fight
5-3-2021 0:10 (159:06): ClientUserinfoChanged handling info: 2 \ip\95.139.88.74:29070\name\Padawan\rate\4000\snaps\20\model\kyle/default\forcepowers\7-1-032330000000001333\color1\4\color2\4\handicap\100\teamtask\0\sex\male\cg_predictItems\1\saber1\single_1\saber2\none\char_color_red\255\char_color_green\255\char_color_blue\255\teamoverlay\1
5-3-2021 0:10 (159:06): ClientUserinfoChanged: 2 n\Padawan\t\0\model\kyle/default\c1\4\c2\4\hc\100\w\0\l\0\tt\0\tl\0\st\single_1\st2\none\dt\0
5-3-2021 0:10 (159:06): ClientBegin: 2
5-3-2021 0:10 (159:12): ShutdownGame:
5-3-2021 0:10 (159:12): ------------------------------------------------------------
