12-17-2020 1:15 (0:00): ------------------------------------------------------------
12-17-2020 1:15 (0:00): InitGame: \version\JAmp: v1.0.1.0 linux-i386 Mar 14 2020\timelimit\45\sv_privateClients\0\sv_minRate\0\sv_minPing\0\sv_maxclients\32\sv_maxRate\0\sv_maxPing\999\sv_hostname\^7~^1~^7~ COMM SERVER ~^1~^7~\sv_fps\50\sv_floodProtectSlow\1\sv_floodProtect\1\sv_autoDemo\0\sv_allowDownload\0\serveruptime\45\protocol\26\mapname\t3_stamp\gamename\Lugormod\g_weaponDisable\0\g_stepSlideFix\0\g_siegeTeamSwitch\1\g_siegeTeam2\none\g_siegeTeam1\none\g_siegeRespawn\20\g_showDuelHealths\1\g_saberWallDamageScale\0.4\g_saberLocking\0\g_privateDuel\1535\g_noSpecMove\0\g_needpass\0\g_maxHolocronCarry\3\g_maxGameClients\0\g_maxForceRank\7\g_jediVmerc\0\g_gametype\0\g_gamemode\0\g_forceRegenTime\130\g_forcePowerDisable\0\g_forceBasedTeams\1\g_duelWeaponDisable\9\g_debugmelee\1\g_allowNPC\1\fs_game\lugormod\fraglimit\0\duel_fraglimit\10\dmflags\0\capturelimit\10\bot_minplayers\2\bg_fighterAltControl\0\Lugormod_Version\U#-0.0.0.91 Alpha
12-17-2020 1:15 (0:00): ClientConnect: 0
12-17-2020 1:15 (0:00): ClientUserinfoChanged handling info: 0 \team\0\skill\ 5.00\personality\botfiles/astupidbot.jkb\saber2\none\saber1\kyle\color2\4\color1\4\sex\male\model\jawa\snaps\20\rate\25000\name\astupidbot
12-17-2020 1:15 (0:00): ClientUserinfoChanged: 0 n\astupidbot\t\0\model\jawa\c1\4\c2\4\hc\0\w\0\l\0\skill\ 5.00\tt\0\tl\0\siegeclass\none\st\Kyle\st2\none\dt\0\sdt\0
12-17-2020 1:15 (0:00): ClientUserinfoChanged handling info: 0 \team\0\skill\ 5.00\personality\botfiles/astupidbot.jkb\saber2\none\saber1\kyle\color2\4\color1\4\sex\male\model\jawa\snaps\20\rate\25000\name\astupidbot
12-17-2020 1:15 (0:00): ClientUserinfoChanged: 0 n\astupidbot\t\0\model\jawa\c1\4\c2\4\hc\100\w\0\l\0\skill\ 5.00\tt\0\tl\0\siegeclass\none\st\Kyle\st2\none\dt\0\sdt\0
12-17-2020 1:15 (0:00): ClientBegin: 0
12-17-2020 1:15 (0:00): ClientConnect: 1
12-17-2020 1:15 (0:00): ClientUserinfoChanged handling info: 1 \team\0\skill\ 5.00\personality\botfiles/newkyle.jkb\saber2\none\saber1\kyle\color2\4\color1\1\sex\male\model\kyle\snaps\20\rate\25000\name\Kyle
12-17-2020 1:15 (0:00): ClientUserinfoChanged: 1 n\Kyle\t\0\model\kyle\c1\1\c2\4\hc\0\w\0\l\0\skill\ 5.00\tt\0\tl\0\siegeclass\none\st\Kyle\st2\none\dt\0\sdt\0
12-17-2020 1:15 (0:00): ClientUserinfoChanged handling info: 1 \team\0\skill\ 5.00\personality\botfiles/newkyle.jkb\saber2\none\saber1\kyle\color2\4\color1\1\sex\male\model\kyle\snaps\20\rate\25000\name\Kyle
12-17-2020 1:15 (0:00): ClientUserinfoChanged: 1 n\Kyle\t\0\model\kyle\c1\1\c2\4\hc\100\w\0\l\0\skill\ 5.00\tt\0\tl\0\siegeclass\none\st\Kyle\st2\none\dt\0\sdt\0
12-17-2020 1:15 (0:00): ClientBegin: 1
12-17-2020 1:15 (0:00): ClientConnect: 2
12-17-2020 1:15 (0:00): ClientUserinfoChanged handling info: 2 \ip\109.86.217.10:29070\name\akellamf\rate\4000\snaps\20\model\cultist/default\forcepowers\6-1-030330000000000333\color1\5\color2\4\handicap\100\sex\male\cg_predictItems\1\saber1\dual_3\saber2\none\char_color_red\255\char_color_green\255\char_color_blue\255\teamtask\0\teamoverlay\1
12-17-2020 1:15 (0:00): ClientUserinfoChanged: 2 n\akellamf\t\0\model\cultist/default\c1\5\c2\4\hc\0\w\0\l\0\tt\0\tl\0\st\dual_3\st2\none\dt\0
12-17-2020 1:15 (0:07): ClientUserinfoChanged handling info: 2 \ip\109.86.217.10:29070\name\akellamf\rate\4000\snaps\20\model\cultist/default\forcepowers\6-1-030330000000000333\color1\5\color2\4\handicap\100\sex\male\cg_predictItems\1\saber1\dual_3\saber2\none\char_color_red\255\char_color_green\255\char_color_blue\255\teamtask\0\teamoverlay\1
12-17-2020 1:15 (0:07): ClientUserinfoChanged: 2 n\akellamf\t\0\model\cultist/default\c1\5\c2\4\hc\0\w\0\l\0\tt\0\tl\0\st\dual_3\st2\none\dt\0
12-17-2020 1:15 (0:07): ClientUserinfoChanged handling info: 2 \ip\109.86.217.10:29070\name\akellamf\rate\4000\snaps\20\model\cultist/default\forcepowers\6-1-030330000000000333\color1\5\color2\4\handicap\100\sex\male\cg_predictItems\1\saber1\dual_3\saber2\none\char_color_red\255\char_color_green\255\char_color_blue\255\teamtask\0\teamoverlay\1
12-17-2020 1:15 (0:07): ClientUserinfoChanged: 2 n\akellamf\t\0\model\cultist/default\c1\5\c2\4\hc\100\w\0\l\0\tt\0\tl\0\st\dual_3\st2\none\dt\0
12-17-2020 1:15 (0:07): ClientBegin: 2
12-17-2020 1:15 (0:30): say: astupidbot: bye all
12-17-2020 1:15 (0:30): ClientDisconnect: 0
12-17-2020 1:16 (0:53): Kill: 1 2 3: Kyle killed akellamf by MOD_SABER
12-17-2020 1:16 (0:55): ClientUserinfoChanged handling info: 2 \ip\109.86.217.10:29070\name\akellamf\rate\4000\snaps\20\model\cultist/default\forcepowers\6-1-030330000000000333\color1\5\color2\4\handicap\100\sex\male\cg_predictItems\1\saber1\dual_3\saber2\none\char_color_red\255\char_color_green\255\char_color_blue\255\teamtask\0\teamoverlay\1
12-17-2020 1:16 (0:55): ClientUserinfoChanged: 2 n\akellamf\t\0\model\cultist/default\c1\5\c2\4\hc\100\w\0\l\0\tt\0\tl\0\st\dual_3\st2\none\dt\0
12-17-2020 1:17 (2:18): Kill: 2 1 3: akellamf killed Kyle by MOD_SABER
12-17-2020 1:17 (2:19): ClientUserinfoChanged handling info: 1 \team\0\skill\ 5.00\personality\botfiles/newkyle.jkb\saber2\none\saber1\kyle\color2\4\color1\1\sex\male\model\kyle\snaps\20\rate\25000\name\Kyle
12-17-2020 1:17 (2:19): ClientUserinfoChanged: 1 n\Kyle\t\0\model\kyle\c1\1\c2\4\hc\100\w\0\l\0\skill\ 5.00\tt\0\tl\0\siegeclass\none\st\Kyle\st2\none\dt\0\sdt\0
12-17-2020 1:18 (3:22): Kill: 2 1 3: akellamf killed Kyle by MOD_SABER
12-17-2020 1:18 (3:23): ClientUserinfoChanged handling info: 1 \team\0\skill\ 5.00\personality\botfiles/newkyle.jkb\saber2\none\saber1\kyle\color2\4\color1\1\sex\male\model\kyle\snaps\20\rate\25000\name\Kyle
12-17-2020 1:18 (3:23): ClientUserinfoChanged: 1 n\Kyle\t\0\model\kyle\c1\1\c2\4\hc\100\w\0\l\0\skill\ 5.00\tt\0\tl\0\siegeclass\none\st\Kyle\st2\none\dt\0\sdt\0
12-17-2020 1:19 (3:51): Kill: 1 2 3: Kyle killed akellamf by MOD_SABER
12-17-2020 1:19 (3:56): ClientDisconnect: 2
12-17-2020 1:19 (3:57): ClientConnect: 0
12-17-2020 1:19 (3:57): ClientUserinfoChanged handling info: 0 \team\0\skill\ 5.00\personality\botfiles/astupidbot.jkb\saber2\none\saber1\kyle\color2\4\color1\4\sex\male\model\jawa\snaps\20\rate\25000\name\astupidbot
12-17-2020 1:19 (3:57): ClientUserinfoChanged: 0 n\astupidbot\t\0\model\jawa\c1\4\c2\4\hc\0\w\0\l\0\skill\ 5.00\tt\0\tl\0\siegeclass\none\st\\st2\\dt\0\sdt\0
12-17-2020 1:19 (3:57): IP: localhost astupidbot
12-17-2020 1:19 (3:57): ClientUserinfoChanged handling info: 0 \team\0\skill\ 5.00\personality\botfiles/astupidbot.jkb\saber2\none\saber1\kyle\color2\4\color1\4\sex\male\model\jawa\snaps\20\rate\25000\name\astupidbot
12-17-2020 1:19 (3:57): ClientUserinfoChanged: 0 n\astupidbot\t\0\model\jawa\c1\4\c2\4\hc\100\w\0\l\0\skill\ 5.00\tt\0\tl\0\siegeclass\none\st\Kyle\st2\none\dt\0\sdt\0
12-17-2020 1:19 (3:57): ClientBegin: 0
12-17-2020 2: 0 (45:00): Exit: Timelimit hit.
12-17-2020 2: 0 (45:00): score: 2  ping: 44  client: 1 Kyle
12-17-2020 2: 0 (45:00): score: 0  ping: 49  client: 0 astupidbot
12-17-2020 2:53 (98:20): ClientConnect: 2
12-17-2020 2:53 (98:20): ClientUserinfoChanged handling info: 2 \ip\136.49.101.98:29070\challenge\-1609744842\qport\55470\protocol\26\snaps\40\sex\male\saber2\none\saber1\Kyle\rate\25000\name\Padawan\model\kyle/default\ja_guid\719672E5ADAB3F37334025E53A689EA1\handicap\100\forcepowers\7-1-032330000000001333\color2\4\color1\4\char_color_red\255\char_color_green\255\char_color_blue\255\cg_predictItems\1
12-17-2020 2:53 (98:20): ClientUserinfoChanged: 2 n\Padawan\t\0\model\kyle/default\c1\4\c2\4\hc\0\w\0\l\0\tt\0\tl\0\st\\st2\\dt\0
12-17-2020 2:53 (98:20): IP: 136.49.101.98 Padawan
12-17-2020 2:53 (98:20): say: astupidbot: Hello
12-17-2020 2:53 (98:22): say: Kyle: I am getting bored
12-17-2020 2:53 (98:34): ClientUserinfoChanged handling info: 2 \ip\136.49.101.98:29070\snaps\50\sex\male\saber2\none\saber1\Kyle\rate\25000\name\chains\model\kyle/default\ja_guid\719672E5ADAB3F37334025E53A689EA1\handicap\100\forcepowers\1-1-010000000000000100\color2\4\color1\4\char_color_red\255\char_color_green\255\char_color_blue\255\cg_predictItems\1\teamoverlay\1
12-17-2020 2:53 (98:34): ClientUserinfoChanged: 2 n\Padawan\t\0\model\kyle/default\c1\4\c2\4\hc\0\w\0\l\0\tt\0\tl\0\st\Kyle\st2\none\dt\0
12-17-2020 2:53 (98:34): ClientUserinfoChanged handling info: 2 \ip\136.49.101.98:29070\snaps\50\sex\male\saber2\none\saber1\Kyle\rate\25000\name\chains\model\kyle/default\ja_guid\719672E5ADAB3F37334025E53A689EA1\handicap\100\forcepowers\1-1-010000000000000100\color2\4\color1\4\char_color_red\255\char_color_green\255\char_color_blue\255\cg_predictItems\1\teamoverlay\1
12-17-2020 2:53 (98:34): ClientUserinfoChanged: 2 n\Padawan\t\0\model\kyle/default\c1\4\c2\4\hc\100\w\0\l\0\tt\0\tl\0\st\Kyle\st2\none\dt\0
12-17-2020 2:53 (98:34): ClientBegin: 2
12-17-2020 2:53 (98:36): ShutdownGame:
12-17-2020 2:53 (98:36): ------------------------------------------------------------
12-17-2020 2:53 (0:00): ------------------------------------------------------------
12-17-2020 2:53 (0:00): InitGame: \version\JAmp: v1.0.1.0 linux-i386 Mar 14 2020\timelimit\45\sv_privateClients\0\sv_minRate\0\sv_minPing\0\sv_maxclients\32\sv_maxRate\0\sv_maxPing\999\sv_hostname\^7~^1~^7~ COMM SERVER ~^1~^7~\sv_fps\50\sv_floodProtectSlow\1\sv_floodProtect\1\sv_autoDemo\0\sv_allowDownload\0\serveruptime\45\protocol\26\mapname\taspir1\gamename\Lugormod\g_weaponDisable\0\g_stepSlideFix\0\g_siegeTeamSwitch\1\g_siegeTeam2\none\g_siegeTeam1\none\g_siegeRespawn\20\g_showDuelHealths\1\g_saberWallDamageScale\0.4\g_saberLocking\0\g_privateDuel\1535\g_noSpecMove\0\g_needpass\0\g_maxHolocronCarry\3\g_maxGameClients\0\g_maxForceRank\7\g_jediVmerc\0\g_gametype\0\g_gamemode\0\g_forceRegenTime\130\g_forcePowerDisable\0\g_forceBasedTeams\1\g_duelWeaponDisable\9\g_debugmelee\1\g_allowNPC\1\fs_game\lugormod\fraglimit\0\duel_fraglimit\10\dmflags\0\capturelimit\10\bot_minplayers\2\bg_fighterAltControl\0\Lugormod_Version\U#-0.0.0.91 Alpha
12-17-2020 2:53 (0:00): ClientConnect: 0
12-17-2020 2:53 (0:00): ClientUserinfoChanged handling info: 0 \team\0\skill\ 5.00\personality\botfiles/astupidbot.jkb\saber2\none\saber1\kyle\color2\4\color1\4\sex\male\model\jawa\snaps\20\rate\25000\name\astupidbot
12-17-2020 2:53 (0:00): ClientUserinfoChanged: 0 n\astupidbot\t\0\model\jawa\c1\4\c2\4\hc\0\w\0\l\0\skill\ 5.00\tt\0\tl\0\siegeclass\none\st\Kyle\st2\none\dt\0\sdt\0
12-17-2020 2:53 (0:00): ClientUserinfoChanged handling info: 0 \team\0\skill\ 5.00\personality\botfiles/astupidbot.jkb\saber2\none\saber1\kyle\color2\4\color1\4\sex\male\model\jawa\snaps\20\rate\25000\name\astupidbot
12-17-2020 2:53 (0:00): ClientUserinfoChanged: 0 n\astupidbot\t\0\model\jawa\c1\4\c2\4\hc\100\w\0\l\0\skill\ 5.00\tt\0\tl\0\siegeclass\none\st\Kyle\st2\none\dt\0\sdt\0
12-17-2020 2:53 (0:00): ClientBegin: 0
12-17-2020 2:53 (0:00): ClientConnect: 1
12-17-2020 2:53 (0:00): ClientUserinfoChanged handling info: 1 \team\0\skill\ 5.00\personality\botfiles/newkyle.jkb\saber2\none\saber1\kyle\color2\4\color1\1\sex\male\model\kyle\snaps\20\rate\25000\name\Kyle
12-17-2020 2:53 (0:00): ClientUserinfoChanged: 1 n\Kyle\t\0\model\kyle\c1\1\c2\4\hc\0\w\0\l\0\skill\ 5.00\tt\0\tl\0\siegeclass\none\st\Kyle\st2\none\dt\0\sdt\0
12-17-2020 2:53 (0:00): ClientUserinfoChanged handling info: 1 \team\0\skill\ 5.00\personality\botfiles/newkyle.jkb\saber2\none\saber1\kyle\color2\4\color1\1\sex\male\model\kyle\snaps\20\rate\25000\name\Kyle
12-17-2020 2:53 (0:00): ClientUserinfoChanged: 1 n\Kyle\t\0\model\kyle\c1\1\c2\4\hc\100\w\0\l\0\skill\ 5.00\tt\0\tl\0\siegeclass\none\st\Kyle\st2\none\dt\0\sdt\0
12-17-2020 2:53 (0:00): ClientBegin: 1
12-17-2020 2:53 (0:00): ClientConnect: 2
12-17-2020 2:53 (0:00): ClientUserinfoChanged handling info: 2 \ip\136.49.101.98:29070\snaps\50\sex\male\saber2\none\saber1\Kyle\rate\25000\name\chains\model\kyle/default\ja_guid\719672E5ADAB3F37334025E53A689EA1\handicap\100\forcepowers\1-1-010000000000000100\color2\4\color1\4\char_color_red\255\char_color_green\255\char_color_blue\255\cg_predictItems\1\teamoverlay\1
12-17-2020 2:53 (0:00): ClientUserinfoChanged: 2 n\Padawan\t\0\model\kyle/default\c1\4\c2\4\hc\0\w\0\l\0\tt\0\tl\0\st\Kyle\st2\none\dt\0
12-17-2020 2:53 (0:06): Kill: 1022 1 41: <world> killed Kyle by MOD_TRIGGER_HURT
12-17-2020 2:53 (0:08): ClientUserinfoChanged handling info: 1 \team\0\skill\ 5.00\personality\botfiles/newkyle.jkb\saber2\none\saber1\kyle\color2\4\color1\1\sex\male\model\kyle\snaps\20\rate\25000\name\Kyle
12-17-2020 2:53 (0:08): ClientUserinfoChanged: 1 n\Kyle\t\0\model\kyle\c1\1\c2\4\hc\100\w\0\l\0\skill\ 5.00\tt\0\tl\0\siegeclass\none\st\Kyle\st2\none\dt\0\sdt\0
12-17-2020 2:54 (0:12): Kill: 1022 0 41: <world> killed astupidbot by MOD_TRIGGER_HURT
12-17-2020 2:54 (0:13): ClientUserinfoChanged handling info: 0 \team\0\skill\ 5.00\personality\botfiles/astupidbot.jkb\saber2\none\saber1\kyle\color2\4\color1\4\sex\male\model\jawa\snaps\20\rate\25000\name\astupidbot
12-17-2020 2:54 (0:13): ClientUserinfoChanged: 0 n\astupidbot\t\0\model\jawa\c1\4\c2\4\hc\100\w\0\l\0\skill\ 5.00\tt\0\tl\0\siegeclass\none\st\Kyle\st2\none\dt\0\sdt\0
12-17-2020 2:54 (0:13): ClientUserinfoChanged handling info: 2 \ip\136.49.101.98:29070\teamoverlay\1\snaps\50\sex\male\saber2\none\saber1\Kyle\rate\25000\name\chains\model\kyle/default\ja_guid\719672E5ADAB3F37334025E53A689EA1\handicap\100\forcepowers\1-1-010000000000000100\color2\4\color1\4\char_color_red\255\char_color_green\255\char_color_blue\255\cg_predictItems\1
12-17-2020 2:54 (0:13): ClientUserinfoChanged: 2 n\Padawan\t\0\model\kyle/default\c1\4\c2\4\hc\0\w\0\l\0\tt\0\tl\0\st\Kyle\st2\none\dt\0
12-17-2020 2:54 (0:13): ClientUserinfoChanged handling info: 2 \ip\136.49.101.98:29070\teamoverlay\1\snaps\50\sex\male\saber2\none\saber1\Kyle\rate\25000\name\chains\model\kyle/default\ja_guid\719672E5ADAB3F37334025E53A689EA1\handicap\100\forcepowers\1-1-010000000000000100\color2\4\color1\4\char_color_red\255\char_color_green\255\char_color_blue\255\cg_predictItems\1
12-17-2020 2:54 (0:13): ClientUserinfoChanged: 2 n\Padawan\t\0\model\kyle/default\c1\4\c2\4\hc\100\w\0\l\0\tt\0\tl\0\st\Kyle\st2\none\dt\0
12-17-2020 2:54 (0:13): ClientBegin: 2
12-17-2020 2:54 (0:17): Kill: 1022 0 41: <world> killed astupidbot by MOD_TRIGGER_HURT
12-17-2020 2:54 (0:18): ClientUserinfoChanged handling info: 0 \team\0\skill\ 5.00\personality\botfiles/astupidbot.jkb\saber2\none\saber1\kyle\color2\4\color1\4\sex\male\model\jawa\snaps\20\rate\25000\name\astupidbot
12-17-2020 2:54 (0:18): ClientUserinfoChanged: 0 n\astupidbot\t\0\model\jawa\c1\4\c2\4\hc\100\w\0\l\0\skill\ 5.00\tt\0\tl\0\siegeclass\none\st\Kyle\st2\none\dt\0\sdt\0
12-17-2020 2:54 (0:20): Kill: 1022 1 41: <world> killed Kyle by MOD_TRIGGER_HURT
12-17-2020 2:54 (0:21): ClientUserinfoChanged handling info: 1 \team\0\skill\ 5.00\personality\botfiles/newkyle.jkb\saber2\none\saber1\kyle\color2\4\color1\1\sex\male\model\kyle\snaps\20\rate\25000\name\Kyle
12-17-2020 2:54 (0:21): ClientUserinfoChanged: 1 n\Kyle\t\0\model\kyle\c1\1\c2\4\hc\100\w\0\l\0\skill\ 5.00\tt\0\tl\0\siegeclass\none\st\Kyle\st2\none\dt\0\sdt\0
12-17-2020 2:54 (0:24): Kill: 1022 0 41: <world> killed astupidbot by MOD_TRIGGER_HURT
12-17-2020 2:54 (0:25): ClientUserinfoChanged handling info: 0 \team\0\skill\ 5.00\personality\botfiles/astupidbot.jkb\saber2\none\saber1\kyle\color2\4\color1\4\sex\male\model\jawa\snaps\20\rate\25000\name\astupidbot
12-17-2020 2:54 (0:25): ClientUserinfoChanged: 0 n\astupidbot\t\0\model\jawa\c1\4\c2\4\hc\100\w\0\l\0\skill\ 5.00\tt\0\tl\0\siegeclass\none\st\Kyle\st2\none\dt\0\sdt\0
12-17-2020 2:54 (0:30): say: astupidbot: bye all
12-17-2020 2:54 (0:30): ClientDisconnect: 0
12-17-2020 2:54 (0:33): Kill: 1022 1 41: <world> killed Kyle by MOD_TRIGGER_HURT
12-17-2020 2:54 (0:34): ClientUserinfoChanged handling info: 1 \team\0\skill\ 5.00\personality\botfiles/newkyle.jkb\saber2\none\saber1\kyle\color2\4\color1\1\sex\male\model\kyle\snaps\20\rate\25000\name\Kyle
12-17-2020 2:54 (0:34): ClientUserinfoChanged: 1 n\Kyle\t\0\model\kyle\c1\1\c2\4\hc\100\w\0\l\0\skill\ 5.00\tt\0\tl\0\siegeclass\none\st\Kyle\st2\none\dt\0\sdt\0
12-17-2020 2:54 (0:38): Kill: 1022 1 41: <world> killed Kyle by MOD_TRIGGER_HURT
12-17-2020 2:54 (0:39): ClientUserinfoChanged handling info: 1 \team\0\skill\ 5.00\personality\botfiles/newkyle.jkb\saber2\none\saber1\kyle\color2\4\color1\1\sex\male\model\kyle\snaps\20\rate\25000\name\Kyle
12-17-2020 2:54 (0:39): ClientUserinfoChanged: 1 n\Kyle\t\0\model\kyle\c1\1\c2\4\hc\100\w\0\l\0\skill\ 5.00\tt\0\tl\0\siegeclass\none\st\Kyle\st2\none\dt\0\sdt\0
12-17-2020 2:55 (1:14): ClientUserinfoChanged handling info: 2 \ip\136.49.101.98:29070\teamoverlay\1\snaps\50\sex\male\saber2\none\saber1\Kyle\rate\25000\password\temppw\name\chains\model\kyle/default\ja_guid\719672E5ADAB3F37334025E53A689EA1\handicap\100\forcepowers\1-1-010000000000000100\color2\4\color1\4\char_color_red\255\char_color_green\255\char_color_blue\255\cg_predictItems\1
12-17-2020 2:55 (1:14): ClientUserinfoChanged: 2 n\Padawan\t\0\model\kyle/default\c1\4\c2\4\hc\100\w\0\l\0\tt\0\tl\0\st\Kyle\st2\none\dt\0
12-17-2020 2:55 (1:30): ClientUserinfoChanged handling info: 2 \ip\136.49.101.98:29070\teamoverlay\1\snaps\50\sex\male\saber2\none\saber1\Kyle\rate\25000\password\temppw\name\chains\model\kyle/default\ja_guid\719672E5ADAB3F37334025E53A689EA1\handicap\100\forcepowers\1-1-010000000000000100\color2\4\color1\4\char_color_red\255\char_color_green\255\char_color_blue\255\cg_predictItems\1
12-17-2020 2:55 (1:30): ClientNamechange: Padawan is now chains
12-17-2020 2:55 (1:30): ClientUserinfoChanged: 2 n\chains\t\0\model\kyle/default\c1\4\c2\4\hc\100\w\0\l\0\tt\0\tl\0\st\Kyle\st2\none\dt\0
12-17-2020 2:55 (1:31): ClientUserinfoChanged handling info: 2 \name\chains\ip\136.49.101.98:29070\teamoverlay\1\snaps\50\sex\male\saber2\none\saber1\Kyle\rate\25000\password\temppw\model\kyle/default\ja_guid\719672E5ADAB3F37334025E53A689EA1\handicap\100\forcepowers\1-1-010000000000000100\cr1\42\4\color1\4\char_color_red\255\char_color_green\255\char_color_blue\255\cg_predictItems\1
12-17-2020 2:55 (1:31): ClientUserinfoChanged: 2 n\chains\t\0\model\kyle/default\c1\\c2\\hc\100\w\0\l\0\tt\0\tl\0\st\Kyle\st2\none\dt\0
12-17-2020 2:55 (2:03): Kill: 1022 2 39: <world> killed chains by MOD_SUICIDE
12-17-2020 2:55 (2:05): ClientUserinfoChanged handling info: 2 \name\chains\ip\136.49.101.98:29070\teamoverlay\1\snaps\50\sex\male\saber2\none\saber1\Kyle\rate\25000\password\temppw\model\kyle/default\ja_guid\719672E5ADAB3F37334025E53A689EA1\handicap\100\forcepowers\1-1-010000000000000100\cr1\42\4\color1\4\char_color_red\255\char_color_green\255\char_color_blue\255\cg_predictItems\1
12-17-2020 2:55 (2:05): ClientUserinfoChanged: 2 n\chains\t\0\model\kyle/default\c1\\c2\\hc\100\w\0\l\0\tt\0\tl\0\st\Kyle\st2\none\dt\0
12-17-2020 2:55 (2:09): Kill: 1022 1 41: <world> killed Kyle by MOD_TRIGGER_HURT
12-17-2020 2:55 (2:10): ClientUserinfoChanged handling info: 1 \team\0\skill\ 5.00\personality\botfiles/newkyle.jkb\saber2\none\saber1\kyle\color2\4\color1\1\sex\male\model\kyle\snaps\20\rate\25000\name\Kyle
12-17-2020 2:55 (2:10): ClientUserinfoChanged: 1 n\Kyle\t\0\model\kyle\c1\1\c2\4\hc\100\w\0\l\0\skill\ 5.00\tt\0\tl\0\siegeclass\none\st\Kyle\st2\none\dt\0\sdt\0
12-17-2020 2:56 (2:44): Kill: 1022 1 41: <world> killed Kyle by MOD_TRIGGER_HURT
12-17-2020 2:56 (2:45): ClientUserinfoChanged handling info: 1 \team\0\skill\ 5.00\personality\botfiles/newkyle.jkb\saber2\none\saber1\kyle\color2\4\color1\1\sex\male\model\kyle\snaps\20\rate\25000\name\Kyle
12-17-2020 2:56 (2:45): ClientUserinfoChanged: 1 n\Kyle\t\0\model\kyle\c1\1\c2\4\hc\100\w\0\l\0\skill\ 5.00\tt\0\tl\0\siegeclass\none\st\Kyle\st2\none\dt\0\sdt\0
12-17-2020 2:56 (2:49): Kill: 1022 1 41: <world> killed Kyle by MOD_TRIGGER_HURT
12-17-2020 2:56 (2:50): ClientUserinfoChanged handling info: 1 \team\0\skill\ 5.00\personality\botfiles/newkyle.jkb\saber2\none\saber1\kyle\color2\4\color1\1\sex\male\model\kyle\snaps\20\rate\25000\name\Kyle
12-17-2020 2:56 (2:50): ClientUserinfoChanged: 1 n\Kyle\t\0\model\kyle\c1\1\c2\4\hc\100\w\0\l\0\skill\ 5.00\tt\0\tl\0\siegeclass\none\st\Kyle\st2\none\dt\0\sdt\0
12-17-2020 2:56 (3:00): Kill: 1022 1 41: <world> killed Kyle by MOD_TRIGGER_HURT
12-17-2020 2:56 (3:01): ClientUserinfoChanged handling info: 1 \team\0\skill\ 5.00\personality\botfiles/newkyle.jkb\saber2\none\saber1\kyle\color2\4\color1\1\sex\male\model\kyle\snaps\20\rate\25000\name\Kyle
12-17-2020 2:56 (3:01): ClientUserinfoChanged: 1 n\Kyle\t\0\model\kyle\c1\1\c2\4\hc\100\w\0\l\0\skill\ 5.00\tt\0\tl\0\siegeclass\none\st\Kyle\st2\none\dt\0\sdt\0
12-17-2020 2:56 (3:11): Kill: 1022 1 41: <world> killed Kyle by MOD_TRIGGER_HURT
12-17-2020 2:57 (3:12): ClientUserinfoChanged handling info: 1 \team\0\skill\ 5.00\personality\botfiles/newkyle.jkb\saber2\none\saber1\kyle\color2\4\color1\1\sex\male\model\kyle\snaps\20\rate\25000\name\Kyle
12-17-2020 2:57 (3:12): ClientUserinfoChanged: 1 n\Kyle\t\0\model\kyle\c1\1\c2\4\hc\100\w\0\l\0\skill\ 5.00\tt\0\tl\0\siegeclass\none\st\Kyle\st2\none\dt\0\sdt\0
12-17-2020 2:57 (3:21): Kill: 1022 1 41: <world> killed Kyle by MOD_TRIGGER_HURT
12-17-2020 2:57 (3:22): ClientUserinfoChanged handling info: 1 \team\0\skill\ 5.00\personality\botfiles/newkyle.jkb\saber2\none\saber1\kyle\color2\4\color1\1\sex\male\model\kyle\snaps\20\rate\25000\name\Kyle
12-17-2020 2:57 (3:22): ClientUserinfoChanged: 1 n\Kyle\t\0\model\kyle\c1\1\c2\4\hc\100\w\0\l\0\skill\ 5.00\tt\0\tl\0\siegeclass\none\st\Kyle\st2\none\dt\0\sdt\0
12-17-2020 2:57 (3:32): Kill: 1022 1 41: <world> killed Kyle by MOD_TRIGGER_HURT
12-17-2020 2:57 (3:33): ClientUserinfoChanged handling info: 1 \team\0\skill\ 5.00\personality\botfiles/newkyle.jkb\saber2\none\saber1\kyle\color2\4\color1\1\sex\male\model\kyle\snaps\20\rate\25000\name\Kyle
12-17-2020 2:57 (3:33): ClientUserinfoChanged: 1 n\Kyle\t\0\model\kyle\c1\1\c2\4\hc\100\w\0\l\0\skill\ 5.00\tt\0\tl\0\siegeclass\none\st\Kyle\st2\none\dt\0\sdt\0
12-17-2020 2:57 (3:42): Kill: 1022 1 41: <world> killed Kyle by MOD_TRIGGER_HURT
12-17-2020 2:57 (3:43): ClientUserinfoChanged handling info: 1 \team\0\skill\ 5.00\personality\botfiles/newkyle.jkb\saber2\none\saber1\kyle\color2\4\color1\1\sex\male\model\kyle\snaps\20\rate\25000\name\Kyle
12-17-2020 2:57 (3:43): ClientUserinfoChanged: 1 n\Kyle\t\0\model\kyle\c1\1\c2\4\hc\100\w\0\l\0\skill\ 5.00\tt\0\tl\0\siegeclass\none\st\Kyle\st2\none\dt\0\sdt\0
12-17-2020 2:57 (3:53): Kill: 1022 1 41: <world> killed Kyle by MOD_TRIGGER_HURT
12-17-2020 2:57 (3:54): ClientUserinfoChanged handling info: 1 \team\0\skill\ 5.00\personality\botfiles/newkyle.jkb\saber2\none\saber1\kyle\color2\4\color1\1\sex\male\model\kyle\snaps\20\rate\25000\name\Kyle
12-17-2020 2:57 (3:54): ClientUserinfoChanged: 1 n\Kyle\t\0\model\kyle\c1\1\c2\4\hc\100\w\0\l\0\skill\ 5.00\tt\0\tl\0\siegeclass\none\st\Kyle\st2\none\dt\0\sdt\0
12-17-2020 2:57 (4:04): Kill: 1022 1 41: <world> killed Kyle by MOD_TRIGGER_HURT
12-17-2020 2:57 (4:05): ClientUserinfoChanged handling info: 1 \team\0\skill\ 5.00\personality\botfiles/newkyle.jkb\saber2\none\saber1\kyle\color2\4\color1\1\sex\male\model\kyle\snaps\20\rate\25000\name\Kyle
12-17-2020 2:57 (4:05): ClientUserinfoChanged: 1 n\Kyle\t\0\model\kyle\c1\1\c2\4\hc\100\w\0\l\0\skill\ 5.00\tt\0\tl\0\siegeclass\none\st\Kyle\st2\none\dt\0\sdt\0
12-17-2020 2:58 (4:14): Kill: 1022 1 41: <world> killed Kyle by MOD_TRIGGER_HURT
12-17-2020 2:58 (4:15): ClientUserinfoChanged handling info: 1 \team\0\skill\ 5.00\personality\botfiles/newkyle.jkb\saber2\none\saber1\kyle\color2\4\color1\1\sex\male\model\kyle\snaps\20\rate\25000\name\Kyle
12-17-2020 2:58 (4:15): ClientUserinfoChanged: 1 n\Kyle\t\0\model\kyle\c1\1\c2\4\hc\100\w\0\l\0\skill\ 5.00\tt\0\tl\0\siegeclass\none\st\Kyle\st2\none\dt\0\sdt\0
12-17-2020 2:58 (4:25): Kill: 1022 1 41: <world> killed Kyle by MOD_TRIGGER_HURT
12-17-2020 2:58 (4:26): ClientUserinfoChanged handling info: 1 \team\0\skill\ 5.00\personality\botfiles/newkyle.jkb\saber2\none\saber1\kyle\color2\4\color1\1\sex\male\model\kyle\snaps\20\rate\25000\name\Kyle
12-17-2020 2:58 (4:26): ClientUserinfoChanged: 1 n\Kyle\t\0\model\kyle\c1\1\c2\4\hc\100\w\0\l\0\skill\ 5.00\tt\0\tl\0\siegeclass\none\st\Kyle\st2\none\dt\0\sdt\0
12-17-2020 2:58 (4:35): Kill: 1022 1 41: <world> killed Kyle by MOD_TRIGGER_HURT
12-17-2020 2:58 (4:36): ClientUserinfoChanged handling info: 1 \team\0\skill\ 5.00\personality\botfiles/newkyle.jkb\saber2\none\saber1\kyle\color2\4\color1\1\sex\male\model\kyle\snaps\20\rate\25000\name\Kyle
12-17-2020 2:58 (4:36): ClientUserinfoChanged: 1 n\Kyle\t\0\model\kyle\c1\1\c2\4\hc\100\w\0\l\0\skill\ 5.00\tt\0\tl\0\siegeclass\none\st\Kyle\st2\none\dt\0\sdt\0
12-17-2020 2:58 (4:46): Kill: 1022 1 41: <world> killed Kyle by MOD_TRIGGER_HURT
12-17-2020 2:58 (4:47): ClientUserinfoChanged handling info: 1 \team\0\skill\ 5.00\personality\botfiles/newkyle.jkb\saber2\none\saber1\kyle\color2\4\color1\1\sex\male\model\kyle\snaps\20\rate\25000\name\Kyle
12-17-2020 2:58 (4:47): ClientUserinfoChanged: 1 n\Kyle\t\0\model\kyle\c1\1\c2\4\hc\100\w\0\l\0\skill\ 5.00\tt\0\tl\0\siegeclass\none\st\Kyle\st2\none\dt\0\sdt\0
12-17-2020 2:58 (4:57): Kill: 1022 1 41: <world> killed Kyle by MOD_TRIGGER_HURT
12-17-2020 2:58 (4:58): ClientUserinfoChanged handling info: 1 \team\0\skill\ 5.00\personality\botfiles/newkyle.jkb\saber2\none\saber1\kyle\color2\4\color1\1\sex\male\model\kyle\snaps\20\rate\25000\name\Kyle
12-17-2020 2:58 (4:58): ClientUserinfoChanged: 1 n\Kyle\t\0\model\kyle\c1\1\c2\4\hc\100\w\0\l\0\skill\ 5.00\tt\0\tl\0\siegeclass\none\st\Kyle\st2\none\dt\0\sdt\0
12-17-2020 2:58 (5:07): Kill: 1022 1 41: <world> killed Kyle by MOD_TRIGGER_HURT
12-17-2020 2:58 (5:08): ClientUserinfoChanged handling info: 1 \team\0\skill\ 5.00\personality\botfiles/newkyle.jkb\saber2\none\saber1\kyle\color2\4\color1\1\sex\male\model\kyle\snaps\20\rate\25000\name\Kyle
12-17-2020 2:58 (5:08): ClientUserinfoChanged: 1 n\Kyle\t\0\model\kyle\c1\1\c2\4\hc\100\w\0\l\0\skill\ 5.00\tt\0\tl\0\siegeclass\none\st\Kyle\st2\none\dt\0\sdt\0
12-17-2020 2:59 (5:18): Kill: 1022 1 41: <world> killed Kyle by MOD_TRIGGER_HURT
12-17-2020 2:59 (5:19): ClientUserinfoChanged handling info: 1 \team\0\skill\ 5.00\personality\botfiles/newkyle.jkb\saber2\none\saber1\kyle\color2\4\color1\1\sex\male\model\kyle\snaps\20\rate\25000\name\Kyle
12-17-2020 2:59 (5:19): ClientUserinfoChanged: 1 n\Kyle\t\0\model\kyle\c1\1\c2\4\hc\100\w\0\l\0\skill\ 5.00\tt\0\tl\0\siegeclass\none\st\Kyle\st2\none\dt\0\sdt\0
12-17-2020 2:59 (5:29): Kill: 1022 1 41: <world> killed Kyle by MOD_TRIGGER_HURT
12-17-2020 2:59 (5:30): ClientUserinfoChanged handling info: 1 \team\0\skill\ 5.00\personality\botfiles/newkyle.jkb\saber2\none\saber1\kyle\color2\4\color1\1\sex\male\model\kyle\snaps\20\rate\25000\name\Kyle
12-17-2020 2:59 (5:30): ClientUserinfoChanged: 1 n\Kyle\t\0\model\kyle\c1\1\c2\4\hc\100\w\0\l\0\skill\ 5.00\tt\0\tl\0\siegeclass\none\st\Kyle\st2\none\dt\0\sdt\0
12-17-2020 2:59 (5:39): Kill: 1022 1 41: <world> killed Kyle by MOD_TRIGGER_HURT
12-17-2020 2:59 (5:40): ClientUserinfoChanged handling info: 1 \team\0\skill\ 5.00\personality\botfiles/newkyle.jkb\saber2\none\saber1\kyle\color2\4\color1\1\sex\male\model\kyle\snaps\20\rate\25000\name\Kyle
12-17-2020 2:59 (5:40): ClientUserinfoChanged: 1 n\Kyle\t\0\model\kyle\c1\1\c2\4\hc\100\w\0\l\0\skill\ 5.00\tt\0\tl\0\siegeclass\none\st\Kyle\st2\none\dt\0\sdt\0
12-17-2020 2:59 (5:50): Kill: 1022 1 41: <world> killed Kyle by MOD_TRIGGER_HURT
12-17-2020 2:59 (5:51): ClientUserinfoChanged handling info: 1 \team\0\skill\ 5.00\personality\botfiles/newkyle.jkb\saber2\none\saber1\kyle\color2\4\color1\1\sex\male\model\kyle\snaps\20\rate\25000\name\Kyle
12-17-2020 2:59 (5:51): ClientUserinfoChanged: 1 n\Kyle\t\0\model\kyle\c1\1\c2\4\hc\100\w\0\l\0\skill\ 5.00\tt\0\tl\0\siegeclass\none\st\Kyle\st2\none\dt\0\sdt\0
12-17-2020 2:59 (6:00): Kill: 1022 1 41: <world> killed Kyle by MOD_TRIGGER_HURT
12-17-2020 2:59 (6:01): ClientUserinfoChanged handling info: 1 \team\0\skill\ 5.00\personality\botfiles/newkyle.jkb\saber2\none\saber1\kyle\color2\4\color1\1\sex\male\model\kyle\snaps\20\rate\25000\name\Kyle
12-17-2020 2:59 (6:01): ClientUserinfoChanged: 1 n\Kyle\t\0\model\kyle\c1\1\c2\4\hc\100\w\0\l\0\skill\ 5.00\tt\0\tl\0\siegeclass\none\st\Kyle\st2\none\dt\0\sdt\0
12-17-2020 2:59 (6:11): Kill: 1022 1 41: <world> killed Kyle by MOD_TRIGGER_HURT
12-17-2020 3: 0 (6:12): ClientUserinfoChanged handling info: 1 \team\0\skill\ 5.00\personality\botfiles/newkyle.jkb\saber2\none\saber1\kyle\color2\4\color1\1\sex\male\model\kyle\snaps\20\rate\25000\name\Kyle
12-17-2020 3: 0 (6:12): ClientUserinfoChanged: 1 n\Kyle\t\0\model\kyle\c1\1\c2\4\hc\100\w\0\l\0\skill\ 5.00\tt\0\tl\0\siegeclass\none\st\Kyle\st2\none\dt\0\sdt\0
12-17-2020 3: 0 (6:22): Kill: 1022 1 41: <world> killed Kyle by MOD_TRIGGER_HURT
12-17-2020 3: 0 (6:23): ClientUserinfoChanged handling info: 1 \team\0\skill\ 5.00\personality\botfiles/newkyle.jkb\saber2\none\saber1\kyle\color2\4\color1\1\sex\male\model\kyle\snaps\20\rate\25000\name\Kyle
12-17-2020 3: 0 (6:23): ClientUserinfoChanged: 1 n\Kyle\t\0\model\kyle\c1\1\c2\4\hc\100\w\0\l\0\skill\ 5.00\tt\0\tl\0\siegeclass\none\st\Kyle\st2\none\dt\0\sdt\0
12-17-2020 3: 0 (6:32): Kill: 1022 1 41: <world> killed Kyle by MOD_TRIGGER_HURT
12-17-2020 3: 0 (6:33): ClientUserinfoChanged handling info: 1 \team\0\skill\ 5.00\personality\botfiles/newkyle.jkb\saber2\none\saber1\kyle\color2\4\color1\1\sex\male\model\kyle\snaps\20\rate\25000\name\Kyle
12-17-2020 3: 0 (6:33): ClientUserinfoChanged: 1 n\Kyle\t\0\model\kyle\c1\1\c2\4\hc\100\w\0\l\0\skill\ 5.00\tt\0\tl\0\siegeclass\none\st\Kyle\st2\none\dt\0\sdt\0
12-17-2020 3: 0 (6:42): Kill: 1022 1 41: <world> killed Kyle by MOD_TRIGGER_HURT
12-17-2020 3: 0 (6:43): ClientUserinfoChanged handling info: 1 \team\0\skill\ 5.00\personality\botfiles/newkyle.jkb\saber2\none\saber1\kyle\color2\4\color1\1\sex\male\model\kyle\snaps\20\rate\25000\name\Kyle
12-17-2020 3: 0 (6:43): ClientUserinfoChanged: 1 n\Kyle\t\0\model\kyle\c1\1\c2\4\hc\100\w\0\l\0\skill\ 5.00\tt\0\tl\0\siegeclass\none\st\Kyle\st2\none\dt\0\sdt\0
12-17-2020 3: 0 (6:53): Kill: 1022 1 41: <world> killed Kyle by MOD_TRIGGER_HURT
12-17-2020 3: 0 (6:54): ClientUserinfoChanged handling info: 1 \team\0\skill\ 5.00\personality\botfiles/newkyle.jkb\saber2\none\saber1\kyle\color2\4\color1\1\sex\male\model\kyle\snaps\20\rate\25000\name\Kyle
12-17-2020 3: 0 (6:54): ClientUserinfoChanged: 1 n\Kyle\t\0\model\kyle\c1\1\c2\4\hc\100\w\0\l\0\skill\ 5.00\tt\0\tl\0\siegeclass\none\st\Kyle\st2\none\dt\0\sdt\0
12-17-2020 3: 0 (7:03): Kill: 1022 1 41: <world> killed Kyle by MOD_TRIGGER_HURT
12-17-2020 3: 0 (7:05): ClientUserinfoChanged handling info: 1 \team\0\skill\ 5.00\personality\botfiles/newkyle.jkb\saber2\none\saber1\kyle\color2\4\color1\1\sex\male\model\kyle\snaps\20\rate\25000\name\Kyle
12-17-2020 3: 0 (7:05): ClientUserinfoChanged: 1 n\Kyle\t\0\model\kyle\c1\1\c2\4\hc\100\w\0\l\0\skill\ 5.00\tt\0\tl\0\siegeclass\none\st\Kyle\st2\none\dt\0\sdt\0
12-17-2020 3: 1 (7:14): Kill: 1022 1 41: <world> killed Kyle by MOD_TRIGGER_HURT
12-17-2020 3: 1 (7:15): ClientUserinfoChanged handling info: 1 \team\0\skill\ 5.00\personality\botfiles/newkyle.jkb\saber2\none\saber1\kyle\color2\4\color1\1\sex\male\model\kyle\snaps\20\rate\25000\name\Kyle
12-17-2020 3: 1 (7:15): ClientUserinfoChanged: 1 n\Kyle\t\0\model\kyle\c1\1\c2\4\hc\100\w\0\l\0\skill\ 5.00\tt\0\tl\0\siegeclass\none\st\Kyle\st2\none\dt\0\sdt\0
12-17-2020 3: 1 (7:25): Kill: 1022 1 41: <world> killed Kyle by MOD_TRIGGER_HURT
12-17-2020 3: 1 (7:26): ClientUserinfoChanged handling info: 1 \team\0\skill\ 5.00\personality\botfiles/newkyle.jkb\saber2\none\saber1\kyle\color2\4\color1\1\sex\male\model\kyle\snaps\20\rate\25000\name\Kyle
12-17-2020 3: 1 (7:26): ClientUserinfoChanged: 1 n\Kyle\t\0\model\kyle\c1\1\c2\4\hc\100\w\0\l\0\skill\ 5.00\tt\0\tl\0\siegeclass\none\st\Kyle\st2\none\dt\0\sdt\0
12-17-2020 3: 1 (7:35): Kill: 1022 1 41: <world> killed Kyle by MOD_TRIGGER_HURT
12-17-2020 3: 1 (7:36): ClientUserinfoChanged handling info: 1 \team\0\skill\ 5.00\personality\botfiles/newkyle.jkb\saber2\none\saber1\kyle\color2\4\color1\1\sex\male\model\kyle\snaps\20\rate\25000\name\Kyle
12-17-2020 3: 1 (7:36): ClientUserinfoChanged: 1 n\Kyle\t\0\model\kyle\c1\1\c2\4\hc\100\w\0\l\0\skill\ 5.00\tt\0\tl\0\siegeclass\none\st\Kyle\st2\none\dt\0\sdt\0
12-17-2020 3: 1 (7:46): Kill: 1022 1 41: <world> killed Kyle by MOD_TRIGGER_HURT
12-17-2020 3: 1 (7:47): ClientUserinfoChanged handling info: 1 \team\0\skill\ 5.00\personality\botfiles/newkyle.jkb\saber2\none\saber1\kyle\color2\4\color1\1\sex\male\model\kyle\snaps\20\rate\25000\name\Kyle
12-17-2020 3: 1 (7:47): ClientUserinfoChanged: 1 n\Kyle\t\0\model\kyle\c1\1\c2\4\hc\100\w\0\l\0\skill\ 5.00\tt\0\tl\0\siegeclass\none\st\Kyle\st2\none\dt\0\sdt\0
12-17-2020 3: 1 (7:57): Kill: 1022 1 41: <world> killed Kyle by MOD_TRIGGER_HURT
12-17-2020 3: 1 (7:58): ClientUserinfoChanged handling info: 1 \team\0\skill\ 5.00\personality\botfiles/newkyle.jkb\saber2\none\saber1\kyle\color2\4\color1\1\sex\male\model\kyle\snaps\20\rate\25000\name\Kyle
12-17-2020 3: 1 (7:58): ClientUserinfoChanged: 1 n\Kyle\t\0\model\kyle\c1\1\c2\4\hc\100\w\0\l\0\skill\ 5.00\tt\0\tl\0\siegeclass\none\st\Kyle\st2\none\dt\0\sdt\0
12-17-2020 3: 1 (8:07): Kill: 1022 1 41: <world> killed Kyle by MOD_TRIGGER_HURT
12-17-2020 3: 1 (8:08): ClientUserinfoChanged handling info: 1 \team\0\skill\ 5.00\personality\botfiles/newkyle.jkb\saber2\none\saber1\kyle\color2\4\color1\1\sex\male\model\kyle\snaps\20\rate\25000\name\Kyle
12-17-2020 3: 1 (8:08): ClientUserinfoChanged: 1 n\Kyle\t\0\model\kyle\c1\1\c2\4\hc\100\w\0\l\0\skill\ 5.00\tt\0\tl\0\siegeclass\none\st\Kyle\st2\none\dt\0\sdt\0
12-17-2020 3: 2 (8:18): Kill: 1022 1 41: <world> killed Kyle by MOD_TRIGGER_HURT
12-17-2020 3: 2 (8:19): ClientUserinfoChanged handling info: 1 \team\0\skill\ 5.00\personality\botfiles/newkyle.jkb\saber2\none\saber1\kyle\color2\4\color1\1\sex\male\model\kyle\snaps\20\rate\25000\name\Kyle
12-17-2020 3: 2 (8:19): ClientUserinfoChanged: 1 n\Kyle\t\0\model\kyle\c1\1\c2\4\hc\100\w\0\l\0\skill\ 5.00\tt\0\tl\0\siegeclass\none\st\Kyle\st2\none\dt\0\sdt\0
12-17-2020 3: 2 (8:28): Kill: 1022 1 41: <world> killed Kyle by MOD_TRIGGER_HURT
12-17-2020 3: 2 (8:30): ClientUserinfoChanged handling info: 1 \team\0\skill\ 5.00\personality\botfiles/newkyle.jkb\saber2\none\saber1\kyle\color2\4\color1\1\sex\male\model\kyle\snaps\20\rate\25000\name\Kyle
12-17-2020 3: 2 (8:30): ClientUserinfoChanged: 1 n\Kyle\t\0\model\kyle\c1\1\c2\4\hc\100\w\0\l\0\skill\ 5.00\tt\0\tl\0\siegeclass\none\st\Kyle\st2\none\dt\0\sdt\0
12-17-2020 3: 2 (8:39): Kill: 1022 1 41: <world> killed Kyle by MOD_TRIGGER_HURT
12-17-2020 3: 2 (8:40): ClientUserinfoChanged handling info: 1 \team\0\skill\ 5.00\personality\botfiles/newkyle.jkb\saber2\none\saber1\kyle\color2\4\color1\1\sex\male\model\kyle\snaps\20\rate\25000\name\Kyle
12-17-2020 3: 2 (8:40): ClientUserinfoChanged: 1 n\Kyle\t\0\model\kyle\c1\1\c2\4\hc\100\w\0\l\0\skill\ 5.00\tt\0\tl\0\siegeclass\none\st\Kyle\st2\none\dt\0\sdt\0
12-17-2020 3: 2 (8:50): Kill: 1022 1 41: <world> killed Kyle by MOD_TRIGGER_HURT
12-17-2020 3: 2 (8:51): ClientUserinfoChanged handling info: 1 \team\0\skill\ 5.00\personality\botfiles/newkyle.jkb\saber2\none\saber1\kyle\color2\4\color1\1\sex\male\model\kyle\snaps\20\rate\25000\name\Kyle
12-17-2020 3: 2 (8:51): ClientUserinfoChanged: 1 n\Kyle\t\0\model\kyle\c1\1\c2\4\hc\100\w\0\l\0\skill\ 5.00\tt\0\tl\0\siegeclass\none\st\Kyle\st2\none\dt\0\sdt\0
12-17-2020 3: 2 (9:00): Kill: 1022 1 41: <world> killed Kyle by MOD_TRIGGER_HURT
12-17-2020 3: 2 (9:01): ClientUserinfoChanged handling info: 1 \team\0\skill\ 5.00\personality\botfiles/newkyle.jkb\saber2\none\saber1\kyle\color2\4\color1\1\sex\male\model\kyle\snaps\20\rate\25000\name\Kyle
12-17-2020 3: 2 (9:01): ClientUserinfoChanged: 1 n\Kyle\t\0\model\kyle\c1\1\c2\4\hc\100\w\0\l\0\skill\ 5.00\tt\0\tl\0\siegeclass\none\st\Kyle\st2\none\dt\0\sdt\0
12-17-2020 3: 3 (9:46): Kill: 1022 1 41: <world> killed Kyle by MOD_TRIGGER_HURT
12-17-2020 3: 3 (9:47): ClientUserinfoChanged handling info: 1 \team\0\skill\ 5.00\personality\botfiles/newkyle.jkb\saber2\none\saber1\kyle\color2\4\color1\1\sex\male\model\kyle\snaps\20\rate\25000\name\Kyle
12-17-2020 3: 3 (9:47): ClientUserinfoChanged: 1 n\Kyle\t\0\model\kyle\c1\1\c2\4\hc\100\w\0\l\0\skill\ 5.00\tt\0\tl\0\siegeclass\none\st\Kyle\st2\none\dt\0\sdt\0
12-17-2020 3: 3 (9:53): Kill: 1022 2 40: <world> killed chains by MOD_TARGET_LASER
12-17-2020 3: 3 (9:55): ClientUserinfoChanged handling info: 2 \name\chains\ip\136.49.101.98:29070\teamoverlay\1\snaps\50\sex\male\saber2\none\saber1\Kyle\rate\25000\password\temppw\model\kyle/default\ja_guid\719672E5ADAB3F37334025E53A689EA1\handicap\100\forcepowers\1-1-010000000000000100\cr1\42\4\color1\4\char_color_red\255\char_color_green\255\char_color_blue\255\cg_predictItems\1
12-17-2020 3: 3 (9:55): ClientUserinfoChanged: 2 n\chains\t\0\model\kyle/default\c1\\c2\\hc\100\w\0\l\0\tt\0\tl\0\st\Kyle\st2\none\dt\0
12-17-2020 3:39 (45:18): ClientDisconnect: 2
12-17-2020 3:39 (45:22): ClientConnect: 0
12-17-2020 3:39 (45:22): ClientUserinfoChanged handling info: 0 \team\0\skill\ 5.00\personality\botfiles/astupidbot.jkb\saber2\none\saber1\kyle\color2\4\color1\4\sex\male\model\jawa\snaps\20\rate\25000\name\astupidbot
12-17-2020 3:39 (45:22): ClientUserinfoChanged: 0 n\astupidbot\t\0\model\jawa\c1\4\c2\4\hc\0\w\0\l\0\skill\ 5.00\tt\0\tl\0\siegeclass\none\st\\st2\\dt\0\sdt\0
12-17-2020 3:39 (45:22): IP: localhost astupidbot
12-17-2020 3:39 (45:22): ClientUserinfoChanged handling info: 0 \team\0\skill\ 5.00\personality\botfiles/astupidbot.jkb\saber2\none\saber1\kyle\color2\4\color1\4\sex\male\model\jawa\snaps\20\rate\25000\name\astupidbot
12-17-2020 3:39 (45:22): ClientUserinfoChanged: 0 n\astupidbot\t\0\model\jawa\c1\4\c2\4\hc\100\w\0\l\0\skill\ 5.00\tt\0\tl\0\siegeclass\none\st\Kyle\st2\none\dt\0\sdt\0
12-17-2020 3:39 (45:22): ClientBegin: 0
12-18-2020 15: 4 (2170:39): ShutdownGame:
12-18-2020 15: 4 (2170:39): ------------------------------------------------------------
