3-24-2021 2:22 (0:00): ------------------------------------------------------------
3-24-2021 2:22 (0:00): InitGame: \version\JAmp: v1.0.1.0 linux-i386 Mar 14 2020\timelimit\45\sv_privateClients\0\sv_minRate\0\sv_minPing\0\sv_maxclients\32\sv_maxRate\0\sv_maxPing\999\sv_hostname\^7~^1~^7~ COMM SERVER ~^1~^7~\sv_fps\50\sv_floodProtectSlow\1\sv_floodProtect\1\sv_autoDemo\0\sv_allowDownload\0\serveruptime\134\protocol\26\mapname\t3_stamp\gamename\Lugormod\g_weaponDisable\0\g_stepSlideFix\0\g_siegeTeamSwitch\1\g_siegeTeam2\none\g_siegeTeam1\none\g_siegeRespawn\20\g_showDuelHealths\1\g_saberWallDamageScale\0.4\g_saberLocking\0\g_privateDuel\1535\g_noSpecMove\0\g_needpass\0\g_maxHolocronCarry\3\g_maxGameClients\0\g_maxForceRank\7\g_jediVmerc\0\g_gametype\0\g_gamemode\0\g_forceRegenTime\160\g_forcePowerDisable\0\g_forceBasedTeams\1\g_duelWeaponDisable\9\g_debugmelee\1\g_allowNPC\1\fs_game\lugormod\fraglimit\0\duel_fraglimit\10\dmflags\0\capturelimit\10\bot_minplayers\2\bg_fighterAltControl\0\Lugormod_Version\U#-0.0.0.91 Alpha
3-24-2021 2:22 (0:00): ClientConnect: 0
3-24-2021 2:22 (0:00): ClientUserinfoChanged handling info: 0 \team\0\skill\ 5.00\personality\botfiles/astupidbot.jkb\saber2\none\saber1\kyle\color2\4\color1\4\sex\male\model\jawa\snaps\20\rate\25000\name\astupidbot
3-24-2021 2:22 (0:00): ClientUserinfoChanged: 0 n\astupidbot\t\0\model\jawa\c1\4\c2\4\hc\0\w\0\l\0\skill\ 5.00\tt\0\tl\0\siegeclass\none\st\Kyle\st2\none\dt\0\sdt\0
3-24-2021 2:22 (0:00): ClientUserinfoChanged handling info: 0 \team\0\skill\ 5.00\personality\botfiles/astupidbot.jkb\saber2\none\saber1\kyle\color2\4\color1\4\sex\male\model\jawa\snaps\20\rate\25000\name\astupidbot
3-24-2021 2:22 (0:00): ClientUserinfoChanged: 0 n\astupidbot\t\0\model\jawa\c1\4\c2\4\hc\100\w\0\l\0\skill\ 5.00\tt\0\tl\0\siegeclass\none\st\Kyle\st2\none\dt\0\sdt\0
3-24-2021 2:22 (0:00): ClientBegin: 0
3-24-2021 2:22 (0:00): ClientConnect: 1
3-24-2021 2:22 (0:00): ClientUserinfoChanged handling info: 1 \team\0\skill\ 5.00\personality\botfiles/newkyle.jkb\saber2\none\saber1\kyle\color2\4\color1\1\sex\male\model\kyle\snaps\20\rate\25000\name\Kyle
3-24-2021 2:22 (0:00): ClientUserinfoChanged: 1 n\Kyle\t\0\model\kyle\c1\1\c2\4\hc\0\w\0\l\0\skill\ 5.00\tt\0\tl\0\siegeclass\none\st\Kyle\st2\none\dt\0\sdt\0
3-24-2021 2:22 (0:00): ClientUserinfoChanged handling info: 1 \team\0\skill\ 5.00\personality\botfiles/newkyle.jkb\saber2\none\saber1\kyle\color2\4\color1\1\sex\male\model\kyle\snaps\20\rate\25000\name\Kyle
3-24-2021 2:22 (0:00): ClientUserinfoChanged: 1 n\Kyle\t\0\model\kyle\c1\1\c2\4\hc\100\w\0\l\0\skill\ 5.00\tt\0\tl\0\siegeclass\none\st\Kyle\st2\none\dt\0\sdt\0
3-24-2021 2:22 (0:00): ClientBegin: 1
3-24-2021 2:22 (0:00): ClientConnect: 2
3-24-2021 2:22 (0:00): ClientUserinfoChanged handling info: 2 \saber1\default\ip\24.201.24.132:29071\snaps\40\sex\male\saber2\single_1\rate\25000\name\^4C^7or\model\rodian/blue\handicap\100\forcepowers\7-color2\4\color1\2\char_colo\4\color1\2\char_color_red\255\char_color_green\255\char_color_blue\255\cg_predictItems\1\teamtask\0\teamoverlay\1
3-24-2021 2:22 (0:00): ClientUserinfoChanged: 2 n\^4C^7or\t\0\model\rodian/blue\c1\\c2\\hc\0\w\0\l\0\tt\0\tl\0\st\default\st2\single_1\dt\0
3-24-2021 2:22 (0:08): ClientUserinfoChanged handling info: 2 \ip\24.201.24.132:29071\snaps\40\sex\male\saber2\single_1\saber1\dual_1_single\rate\25000\name\^4C^7or\model\rodian/blue\handicap\100\forcepowers\7-1-030003000030003333\color2\4\color1\2\char_color_red\255\char_color_green\255\char_color_blue\255\cg_predictItems\1\teamtask\0\teamoverlay\1
3-24-2021 2:22 (0:08): ClientUserinfoChanged: 2 n\^4C^7or\t\0\model\rodian/blue\c1\2\c2\4\hc\0\w\0\l\0\tt\0\tl\0\st\default\st2\single_1\dt\0
3-24-2021 2:22 (0:08): ClientUserinfoChanged handling info: 2 \saber1\default\ip\24.201.24.132:29071\snaps\40\sex\male\saber2\single_1\rate\25000\name\^4C^7or\model\rodian/blue\handicap\100\forcepowers\7-color2\4\color1\2\char_colo\4\color1\2\char_color_red\255\char_color_green\255\char_color_blue\255\cg_predictItems\1\teamtask\0\teamoverlay\1
3-24-2021 2:22 (0:08): ClientUserinfoChanged: 2 n\^4C^7or\t\0\model\rodian/blue\c1\\c2\\hc\100\w\0\l\0\tt\0\tl\0\st\default\st2\single_1\dt\0
3-24-2021 2:22 (0:08): ClientBegin: 2
3-24-2021 2:22 (0:09): say: ^4C^7or: ^1Boba^0Fett's ^3Ultra Utility ^7v3 ^5Beta 17a ^7- ^5U^7ltra^7-^5U^7tility^5.^7com
3-24-2021 2:22 (0:30): say: astupidbot: g2g
3-24-2021 2:22 (0:30): ClientDisconnect: 0
3-24-2021 2:24 (2:39): Kill: 2 2 39: ^4C^7or killed ^4C^7or by MOD_SUICIDE
3-24-2021 2:24 (2:41): ClientUserinfoChanged handling info: 2 \saber1\default\ip\24.201.24.132:29071\snaps\40\sex\male\saber2\single_1\rate\25000\name\^4C^7or\model\rodian/blue\handicap\100\forcepowers\7-color2\4\color1\2\char_colo\4\color1\2\char_color_red\255\char_color_green\255\char_color_blue\255\cg_predictItems\1\teamtask\0\teamoverlay\1
3-24-2021 2:24 (2:41): ClientUserinfoChanged: 2 n\^4C^7or\t\0\model\rodian/blue\c1\\c2\\hc\100\w\0\l\0\tt\0\tl\0\st\default\st2\single_1\dt\0
3-24-2021 2:25 (3:40): ClientDisconnect: 2
3-24-2021 2:25 (3:40): Kill: 1022 611 39: <world> killed  by MOD_SUICIDE
3-24-2021 2:25 (3:42): ClientConnect: 0
3-24-2021 2:25 (3:42): ClientUserinfoChanged handling info: 0 \team\0\skill\ 5.00\personality\botfiles/astupidbot.jkb\saber2\none\saber1\kyle\color2\4\color1\4\sex\male\model\jawa\snaps\20\rate\25000\name\astupidbot
3-24-2021 2:25 (3:42): ClientUserinfoChanged: 0 n\astupidbot\t\0\model\jawa\c1\4\c2\4\hc\0\w\0\l\0\skill\ 5.00\tt\0\tl\0\siegeclass\none\st\\st2\\dt\0\sdt\0
3-24-2021 2:25 (3:42): IP: localhost astupidbot
3-24-2021 2:25 (3:42): ClientUserinfoChanged handling info: 0 \team\0\skill\ 5.00\personality\botfiles/astupidbot.jkb\saber2\none\saber1\kyle\color2\4\color1\4\sex\male\model\jawa\snaps\20\rate\25000\name\astupidbot
3-24-2021 2:25 (3:42): ClientUserinfoChanged: 0 n\astupidbot\t\0\model\jawa\c1\4\c2\4\hc\100\w\0\l\0\skill\ 5.00\tt\0\tl\0\siegeclass\none\st\Kyle\st2\none\dt\0\sdt\0
3-24-2021 2:25 (3:42): ClientBegin: 0
3-24-2021 21:30 (1148:25): ClientConnect: 2
3-24-2021 21:30 (1148:25): ClientUserinfoChanged handling info: 2 \ip\31.133.49.208:29070\challenge\1812669842\qport\55858\protocol\26\teamoverlay\0\snaps\40\sex\male\saber2\none\saber1\dual_5\rate\25000\name\Padawan\model\reborn/red\ja_guid\DFECEC17A92C81717E1A2DA36E7546E2\handicap\100\forcepowers\6-2-030330300000020330\cp_sbRGB2\0\cp_sbRGB1\0\cp_pluginDisable\1536\cp_cosmetics\0\cp_clanPwd\none\color2\4\color1\0\cjp_client\1.4JAPRO\char_color_red\255\char_color_green\255\char_color_blue\255\cg_predictItems\1\cg_displayNetSettings\125 0 125\cg_displayCameraPosition\1 80 16
3-24-2021 21:30 (1148:25): ClientUserinfoChanged: 2 n\Padawan\t\0\model\reborn/red\c1\0\c2\4\hc\0\w\0\l\0\tt\0\tl\0\st\\st2\\dt\0
3-24-2021 21:30 (1148:25): IP: 31.133.49.208 Padawan
3-24-2021 21:30 (1148:44): ClientUserinfoChanged handling info: 2 \ip\31.133.49.208:29070\teamoverlay\0\snaps\40\sex\male\saber2\none\saber1\dual_5\rate\25000\name\Padawan\model\reborn/red\ja_guid\DFECEC17A92C81717E1A2DA36E7546E2\handicap\100\forcepowers\6-2-030330300000020330\cp_sbRGB2\0\cp_sbRGB1\0\cp_pluginDisable\1536\cp_cosmetics\0\cp_clanPwd\none\color2\4\color1\0\cjp_client\1.4JAPRO\char_color_red\255\char_color_green\255\char_color_blue\255\cg_predictItems\1\cg_displayNetSettings\125 0 125\cg_displayCameraPosition\1 80 16
3-24-2021 21:30 (1148:44): ClientUserinfoChanged: 2 n\Padawan\t\0\model\reborn/red\c1\0\c2\4\hc\0\w\0\l\0\tt\0\tl\0\st\dual_5\st2\none\dt\0
3-24-2021 21:30 (1148:44): ClientUserinfoChanged handling info: 2 \ip\31.133.49.208:29070\teamoverlay\0\snaps\40\sex\male\saber2\none\saber1\dual_5\rate\25000\name\Padawan\model\reborn/red\ja_guid\DFECEC17A92C81717E1A2DA36E7546E2\handicap\100\forcepowers\6-2-030330300000020330\cp_sbRGB2\0\cp_sbRGB1\0\cp_pluginDisable\1536\cp_cosmetics\0\cp_clanPwd\none\color2\4\color1\0\cjp_client\1.4JAPRO\char_color_red\255\char_color_green\255\char_color_blue\255\cg_predictItems\1\cg_displayNetSettings\125 0 125\cg_displayCameraPosition\1 80 16
3-24-2021 21:30 (1148:44): ClientUserinfoChanged: 2 n\Padawan\t\0\model\reborn/red\c1\0\c2\4\hc\100\w\0\l\0\tt\0\tl\0\st\dual_5\st2\none\dt\0
3-24-2021 21:30 (1148:44): ClientBegin: 2
3-24-2021 21:30 (1148:47): say: astupidbot: bye all
3-24-2021 21:30 (1148:47): ClientDisconnect: 0
3-24-2021 21:31 (1148:57): say: Padawan: bonfik
3-24-2021 21:31 (1148:58): say: Padawan: zagodi
3-24-2021 21:31 (1149:04): say: Padawan: ya tebya otpizhu
3-24-2021 21:31 (1149:30): say: Padawan: zahodi ebat'
3-24-2021 21:34 (1152:25): Kill: 1022 2 36: <world> killed Padawan by MOD_CRUSH
3-24-2021 21:34 (1152:25): Exit: Timelimit hit.
3-24-2021 21:34 (1152:25): score: 0  ping: 59  client: 1 Kyle
3-24-2021 21:34 (1152:25): score: -1  ping: 160  client: 2 Padawan
3-24-2021 21:34 (1152:26): ClientUserinfoChanged handling info: 2 \ip\31.133.49.208:29070\teamoverlay\0\snaps\40\sex\male\saber2\none\saber1\dual_5\rate\25000\name\Padawan\model\reborn/red\ja_guid\DFECEC17A92C81717E1A2DA36E7546E2\handicap\100\forcepowers\6-2-030330300000020330\cp_sbRGB2\0\cp_sbRGB1\0\cp_pluginDisable\1536\cp_cosmetics\0\cp_clanPwd\none\color2\4\color1\0\cjp_client\1.4JAPRO\char_color_red\255\char_color_green\255\char_color_blue\255\cg_predictItems\1\cg_displayNetSettings\125 0 125\cg_displayCameraPosition\1 80 16
3-24-2021 21:34 (1152:26): ClientUserinfoChanged: 2 n\Padawan\t\0\model\reborn/red\c1\0\c2\4\hc\100\w\0\l\0\tt\0\tl\0\st\dual_5\st2\none\dt\0
3-24-2021 21:34 (1152:31): ShutdownGame:
3-24-2021 21:34 (1152:31): ------------------------------------------------------------
3-24-2021 21:34 (0:00): ------------------------------------------------------------
3-24-2021 21:34 (0:00): InitGame: \version\JAmp: v1.0.1.0 linux-i386 Mar 14 2020\timelimit\45\sv_privateClients\0\sv_minRate\0\sv_minPing\0\sv_maxclients\32\sv_maxRate\0\sv_maxPing\999\sv_hostname\^7~^1~^7~ COMM SERVER ~^1~^7~\sv_fps\50\sv_floodProtectSlow\1\sv_floodProtect\1\sv_autoDemo\0\sv_allowDownload\0\serveruptime\134\protocol\26\mapname\taspir1\gamename\Lugormod\g_weaponDisable\0\g_stepSlideFix\0\g_siegeTeamSwitch\1\g_siegeTeam2\none\g_siegeTeam1\none\g_siegeRespawn\20\g_showDuelHealths\1\g_saberWallDamageScale\0.4\g_saberLocking\0\g_privateDuel\1535\g_noSpecMove\0\g_needpass\0\g_maxHolocronCarry\3\g_maxGameClients\0\g_maxForceRank\7\g_jediVmerc\0\g_gametype\0\g_gamemode\0\g_forceRegenTime\160\g_forcePowerDisable\0\g_forceBasedTeams\1\g_duelWeaponDisable\9\g_debugmelee\1\g_allowNPC\1\fs_game\lugormod\fraglimit\0\duel_fraglimit\10\dmflags\0\capturelimit\10\bot_minplayers\2\bg_fighterAltControl\0\Lugormod_Version\U#-0.0.0.91 Alpha
3-24-2021 21:34 (0:00): ClientConnect: 1
3-24-2021 21:34 (0:00): ClientUserinfoChanged handling info: 1 \team\0\skill\ 5.00\personality\botfiles/newkyle.jkb\saber2\none\saber1\kyle\color2\4\color1\1\sex\male\model\kyle\snaps\20\rate\25000\name\Kyle
3-24-2021 21:34 (0:00): ClientUserinfoChanged: 1 n\Kyle\t\0\model\kyle\c1\1\c2\4\hc\0\w\0\l\0\skill\ 5.00\tt\0\tl\0\siegeclass\none\st\Kyle\st2\none\dt\0\sdt\0
3-24-2021 21:34 (0:00): ClientUserinfoChanged handling info: 1 \team\0\skill\ 5.00\personality\botfiles/newkyle.jkb\saber2\none\saber1\kyle\color2\4\color1\1\sex\male\model\kyle\snaps\20\rate\25000\name\Kyle
3-24-2021 21:34 (0:00): ClientUserinfoChanged: 1 n\Kyle\t\0\model\kyle\c1\1\c2\4\hc\100\w\0\l\0\skill\ 5.00\tt\0\tl\0\siegeclass\none\st\Kyle\st2\none\dt\0\sdt\0
3-24-2021 21:34 (0:00): ClientBegin: 1
3-24-2021 21:34 (0:00): ClientConnect: 2
3-24-2021 21:34 (0:00): ClientUserinfoChanged handling info: 2 \ip\31.133.49.208:29070\teamoverlay\0\snaps\40\sex\male\saber2\none\saber1\dual_5\rate\25000\name\Padawan\model\reborn/red\ja_guid\DFECEC17A92C81717E1A2DA36E7546E2\handicap\100\forcepowers\6-2-030330300000020330\cp_sbRGB2\0\cp_sbRGB1\0\cp_pluginDisable\1536\cp_cosmetics\0\cp_clanPwd\none\color2\4\color1\0\cjp_client\1.4JAPRO\char_color_red\255\char_color_green\255\char_color_blue\255\cg_predictItems\1\cg_displayNetSettings\125 0 125\cg_displayCameraPosition\1 80 16
3-24-2021 21:34 (0:00): ClientUserinfoChanged: 2 n\Padawan\t\0\model\reborn/red\c1\0\c2\4\hc\0\w\0\l\0\tt\0\tl\0\st\dual_5\st2\none\dt\0
3-24-2021 21:34 (0:09): Kill: 1022 1 41: <world> killed Kyle by MOD_TRIGGER_HURT
3-24-2021 21:34 (0:10): ClientUserinfoChanged handling info: 1 \team\0\skill\ 5.00\personality\botfiles/newkyle.jkb\saber2\none\saber1\kyle\color2\4\color1\1\sex\male\model\kyle\snaps\20\rate\25000\name\Kyle
3-24-2021 21:34 (0:10): ClientUserinfoChanged: 1 n\Kyle\t\0\model\kyle\c1\1\c2\4\hc\100\w\0\l\0\skill\ 5.00\tt\0\tl\0\siegeclass\none\st\Kyle\st2\none\dt\0\sdt\0
3-24-2021 21:34 (0:16): ClientUserinfoChanged handling info: 2 \ip\31.133.49.208:29070\teamoverlay\0\snaps\40\sex\male\saber2\none\saber1\dual_5\rate\25000\name\Padawan\model\reborn/red\ja_guid\DFECEC17A92C81717E1A2DA36E7546E2\handicap\100\forcepowers\6-2-030330300000020330\cp_sbRGB2\0\cp_sbRGB1\0\cp_pluginDisable\1536\cp_cosmetics\0\cp_clanPwd\none\color2\4\color1\0\cjp_client\1.4JAPRO\char_color_red\255\char_color_green\255\char_color_blue\255\cg_predictItems\1\cg_displayNetSettings\125 0 125\cg_displayCameraPosition\1 80 16
3-24-2021 21:34 (0:16): ClientUserinfoChanged: 2 n\Padawan\t\0\model\reborn/red\c1\0\c2\4\hc\0\w\0\l\0\tt\0\tl\0\st\dual_5\st2\none\dt\0
3-24-2021 21:34 (0:16): ClientUserinfoChanged handling info: 2 \ip\31.133.49.208:29070\teamoverlay\0\snaps\40\sex\male\saber2\none\saber1\dual_5\rate\25000\name\Padawan\model\reborn/red\ja_guid\DFECEC17A92C81717E1A2DA36E7546E2\handicap\100\forcepowers\6-2-030330300000020330\cp_sbRGB2\0\cp_sbRGB1\0\cp_pluginDisable\1536\cp_cosmetics\0\cp_clanPwd\none\color2\4\color1\0\cjp_client\1.4JAPRO\char_color_red\255\char_color_green\255\char_color_blue\255\cg_predictItems\1\cg_displayNetSettings\125 0 125\cg_displayCameraPosition\1 80 16
3-24-2021 21:34 (0:16): ClientUserinfoChanged: 2 n\Padawan\t\0\model\reborn/red\c1\0\c2\4\hc\100\w\0\l\0\tt\0\tl\0\st\dual_5\st2\none\dt\0
3-24-2021 21:34 (0:16): ClientBegin: 2
3-24-2021 21:35 (0:20): Kill: 1022 1 41: <world> killed Kyle by MOD_TRIGGER_HURT
3-24-2021 21:35 (0:21): ClientUserinfoChanged handling info: 1 \team\0\skill\ 5.00\personality\botfiles/newkyle.jkb\saber2\none\saber1\kyle\color2\4\color1\1\sex\male\model\kyle\snaps\20\rate\25000\name\Kyle
3-24-2021 21:35 (0:21): ClientUserinfoChanged: 1 n\Kyle\t\0\model\kyle\c1\1\c2\4\hc\100\w\0\l\0\skill\ 5.00\tt\0\tl\0\siegeclass\none\st\Kyle\st2\none\dt\0\sdt\0
3-24-2021 21:35 (0:25): Kill: 1022 1 41: <world> killed Kyle by MOD_TRIGGER_HURT
3-24-2021 21:35 (0:26): ClientUserinfoChanged handling info: 1 \team\0\skill\ 5.00\personality\botfiles/newkyle.jkb\saber2\none\saber1\kyle\color2\4\color1\1\sex\male\model\kyle\snaps\20\rate\25000\name\Kyle
3-24-2021 21:35 (0:26): ClientUserinfoChanged: 1 n\Kyle\t\0\model\kyle\c1\1\c2\4\hc\100\w\0\l\0\skill\ 5.00\tt\0\tl\0\siegeclass\none\st\Kyle\st2\none\dt\0\sdt\0
3-24-2021 21:40 (5:37): ClientDisconnect: 2
3-24-2021 21:40 (5:43): ClientConnect: 0
3-24-2021 21:40 (5:43): ClientUserinfoChanged handling info: 0 \team\0\skill\ 5.00\personality\botfiles/astupidbot.jkb\saber2\none\saber1\kyle\color2\4\color1\4\sex\male\model\jawa\snaps\20\rate\25000\name\astupidbot
3-24-2021 21:40 (5:43): ClientUserinfoChanged: 0 n\astupidbot\t\0\model\jawa\c1\4\c2\4\hc\0\w\0\l\0\skill\ 5.00\tt\0\tl\0\siegeclass\none\st\\st2\\dt\0\sdt\0
3-24-2021 21:40 (5:43): IP: localhost astupidbot
3-24-2021 21:40 (5:43): ClientUserinfoChanged handling info: 0 \team\0\skill\ 5.00\personality\botfiles/astupidbot.jkb\saber2\none\saber1\kyle\color2\4\color1\4\sex\male\model\jawa\snaps\20\rate\25000\name\astupidbot
3-24-2021 21:40 (5:43): ClientUserinfoChanged: 0 n\astupidbot\t\0\model\jawa\c1\4\c2\4\hc\100\w\0\l\0\skill\ 5.00\tt\0\tl\0\siegeclass\none\st\Kyle\st2\none\dt\0\sdt\0
3-24-2021 21:40 (5:43): ClientBegin: 0
3-24-2021 22:19 (45:00): Exit: Timelimit hit.
3-24-2021 22:19 (45:00): score: 0  ping: 50  client: 0 astupidbot
3-24-2021 22:19 (45:00): score: -3  ping: 49  client: 1 Kyle
3-25-2021 1:44 (250:08): ClientConnect: 2
3-25-2021 1:44 (250:08): ClientUserinfoChanged handling info: 2 \ip\136.49.101.98:29070\challenge\-1610901880\qport\17453\protocol\26\snaps\40\sex\male\saber2\none\saber1\Kyle\rate\4000\name\^3chains\model\kyle/default\ja_guid\051864430A7EE524850A0B7FF5985240\handicap\100\forcepowers\7-1-032330000000001333\color2\4\color1\4\char_color_red\255\char_color_green\255\char_color_blue\255\cg_predictItems\1
3-25-2021 1:44 (250:08): ClientUserinfoChanged: 2 n\^3chains\t\0\model\kyle/default\c1\4\c2\4\hc\0\w\0\l\0\tt\0\tl\0\st\\st2\\dt\0
3-25-2021 1:44 (250:08): IP: 136.49.101.98 ^3chains
3-25-2021 1:44 (250:08): say: astupidbot: Hello
3-25-2021 1:44 (250:16): ClientUserinfoChanged handling info: 2 \ip\136.49.101.98:29070\snaps\50\sex\male\saber2\none\saber1\Kyle\rate\25000\name\chon\model\kyle/default\ja_guid\051864430A7EE524850A0B7FF5985240\handicap\100\forcepowers\1-1-010000000000000100\color2\4\color1\4\char_color_red\255\char_color_green\255\char_color_blue\255\cg_predictItems\1\teamoverlay\0
3-25-2021 1:44 (250:16): ClientUserinfoChanged: 2 n\^3chains\t\0\model\kyle/default\c1\4\c2\4\hc\0\w\0\l\0\tt\0\tl\0\st\Kyle\st2\none\dt\0
3-25-2021 1:44 (250:16): ClientUserinfoChanged handling info: 2 \ip\136.49.101.98:29070\snaps\50\sex\male\saber2\none\saber1\Kyle\rate\25000\name\chon\model\kyle/default\ja_guid\051864430A7EE524850A0B7FF5985240\handicap\100\forcepowers\1-1-010000000000000100\color2\4\color1\4\char_color_red\255\char_color_green\255\char_color_blue\255\cg_predictItems\1\teamoverlay\0
3-25-2021 1:44 (250:16): ClientUserinfoChanged: 2 n\^3chains\t\0\model\kyle/default\c1\4\c2\4\hc\100\w\0\l\0\tt\0\tl\0\st\Kyle\st2\none\dt\0
3-25-2021 1:44 (250:16): ClientBegin: 2
3-25-2021 1:45 (250:21): ShutdownGame:
3-25-2021 1:45 (250:21): ------------------------------------------------------------
