2-19-2021 17:14 (0:00): ------------------------------------------------------------
2-19-2021 17:14 (0:00): InitGame: \version\JAmp: v1.0.1.0 linux-i386 Mar 14 2020\timelimit\45\sv_privateClients\0\sv_minRate\0\sv_minPing\0\sv_maxclients\32\sv_maxRate\0\sv_maxPing\999\sv_hostname\^7~^1~^7~ COMM SERVER ~^1~^7~\sv_fps\50\sv_floodProtectSlow\1\sv_floodProtect\1\sv_autoDemo\0\sv_allowDownload\0\serveruptime\54\protocol\26\mapname\mp/duel6\gamename\Lugormod\g_weaponDisable\0\g_stepSlideFix\0\g_siegeTeamSwitch\1\g_siegeTeam2\none\g_siegeTeam1\none\g_siegeRespawn\20\g_showDuelHealths\1\g_saberWallDamageScale\0.4\g_saberLocking\0\g_privateDuel\1535\g_noSpecMove\0\g_needpass\0\g_maxHolocronCarry\3\g_maxGameClients\0\g_maxForceRank\7\g_jediVmerc\0\g_gametype\0\g_gamemode\0\g_forceRegenTime\160\g_forcePowerDisable\0\g_forceBasedTeams\1\g_duelWeaponDisable\9\g_debugmelee\1\g_allowNPC\1\fs_game\lugormod\fraglimit\0\duel_fraglimit\10\dmflags\0\capturelimit\10\bot_minplayers\2\bg_fighterAltControl\0\Lugormod_Version\U#-0.0.0.91 Alpha
2-19-2021 17:15 (0:30): ClientConnect: 0
2-19-2021 17:15 (0:30): ClientUserinfoChanged handling info: 0 \team\0\skill\ 5.00\personality\botfiles/astupidbot.jkb\saber2\none\saber1\kyle\color2\4\color1\4\sex\male\model\jawa\snaps\20\rate\25000\name\astupidbot
2-19-2021 17:15 (0:30): ClientUserinfoChanged: 0 n\astupidbot\t\0\model\jawa\c1\4\c2\4\hc\0\w\0\l\0\skill\ 5.00\tt\0\tl\0\siegeclass\none\st\\st2\\dt\0\sdt\0
2-19-2021 17:15 (0:30): IP: localhost astupidbot
2-19-2021 17:15 (0:30): ClientUserinfoChanged handling info: 0 \team\0\skill\ 5.00\personality\botfiles/astupidbot.jkb\saber2\none\saber1\kyle\color2\4\color1\4\sex\male\model\jawa\snaps\20\rate\25000\name\astupidbot
2-19-2021 17:15 (0:30): ClientUserinfoChanged: 0 n\astupidbot\t\0\model\jawa\c1\4\c2\4\hc\100\w\0\l\0\skill\ 5.00\tt\0\tl\0\siegeclass\none\st\Kyle\st2\none\dt\0\sdt\0
2-19-2021 17:15 (0:30): ClientBegin: 0
2-19-2021 17:15 (0:52): ClientConnect: 1
2-19-2021 17:15 (0:52): ClientUserinfoChanged handling info: 1 \team\0\skill\ 5.00\personality\botfiles/newkyle.jkb\saber2\none\saber1\kyle\color2\4\color1\1\sex\male\model\kyle\snaps\20\rate\25000\name\Kyle
2-19-2021 17:15 (0:52): ClientUserinfoChanged: 1 n\Kyle\t\0\model\kyle\c1\1\c2\4\hc\0\w\0\l\0\skill\ 5.00\tt\0\tl\0\siegeclass\none\st\\st2\\dt\0\sdt\0
2-19-2021 17:15 (0:52): IP: localhost Kyle
2-19-2021 17:15 (0:52): ClientUserinfoChanged handling info: 1 \team\0\skill\ 5.00\personality\botfiles/newkyle.jkb\saber2\none\saber1\kyle\color2\4\color1\1\sex\male\model\kyle\snaps\20\rate\25000\name\Kyle
2-19-2021 17:15 (0:52): ClientUserinfoChanged: 1 n\Kyle\t\0\model\kyle\c1\1\c2\4\hc\100\w\0\l\0\skill\ 5.00\tt\0\tl\0\siegeclass\none\st\Kyle\st2\none\dt\0\sdt\0
2-19-2021 17:15 (0:52): ClientBegin: 1
2-20-2021 7:48 (873:38): ClientConnect: 2
2-20-2021 7:48 (873:38): ClientUserinfoChanged handling info: 2 \ip\95.47.165.22:18157\challenge\-1787712265\qport\5230\protocol\26\name\DaMasT\rate\4000\snaps\20\model\stormtrooper/default\forcepowers\1-2-010000010000010100\color1\4\color2\4\handicap\100\sex\male\cg_predictItems\1\saber1\dual_3\saber2\none\char_color_red\255\char_color_green\255\char_color_blue\255\cp_pluginDisable\0\cp_sbRGB1\16777215\cp_sbRGB2\0\cp_login\NOT SET\cp_clanPwd\none\teamtask\0\cp_holster\1\teamoverlay\1\cjp_client\1.4 beta3
2-20-2021 7:48 (873:38): ClientUserinfoChanged: 2 n\DaMasT\t\0\model\stormtrooper/default\c1\4\c2\4\hc\0\w\0\l\0\tt\0\tl\0\st\\st2\\dt\0
2-20-2021 7:48 (873:38): IP: 95.47.165.22 DaMasT
2-20-2021 7:48 (873:48): ClientUserinfoChanged handling info: 2 \ip\95.47.165.22:18157\name\DaMasT\rate\4000\snaps\20\model\stormtrooper/default\forcepowers\1-2-010000010000010100\color1\4\color2\4\handicap\100\sex\male\cg_predictItems\1\saber1\dual_3\saber2\none\char_color_red\255\char_color_green\255\char_color_blue\255\cp_pluginDisable\0\cp_sbRGB1\16777215\cp_sbRGB2\0\cp_login\NOT SET\cp_clanPwd\none\teamtask\0\cp_holster\1\teamoverlay\1\cjp_client\1.4 beta3
2-20-2021 7:48 (873:48): ClientUserinfoChanged: 2 n\DaMasT\t\0\model\stormtrooper/default\c1\4\c2\4\hc\0\w\0\l\0\tt\0\tl\0\st\dual_3\st2\none\dt\0
2-20-2021 7:48 (873:48): ClientUserinfoChanged handling info: 2 \ip\95.47.165.22:18157\name\DaMasT\rate\4000\snaps\20\model\stormtrooper/default\forcepowers\1-2-010000010000010100\color1\4\color2\4\handicap\100\sex\male\cg_predictItems\1\saber1\dual_3\saber2\none\char_color_red\255\char_color_green\255\char_color_blue\255\cp_pluginDisable\0\cp_sbRGB1\16777215\cp_sbRGB2\0\cp_login\NOT SET\cp_clanPwd\none\teamtask\0\cp_holster\1\teamoverlay\1\cjp_client\1.4 beta3
2-20-2021 7:48 (873:48): ClientUserinfoChanged: 2 n\DaMasT\t\0\model\stormtrooper/default\c1\4\c2\4\hc\100\w\0\l\0\tt\0\tl\0\st\dual_3\st2\none\dt\0
2-20-2021 7:48 (873:48): ClientBegin: 2
2-20-2021 7:48 (874:05): say: astupidbot: bye all
2-20-2021 7:48 (874:05): ClientDisconnect: 0
2-20-2021 7:49 (874:14): ClientDisconnect: 2
2-20-2021 7:49 (874:14): Exit: Timelimit hit.
2-20-2021 7:49 (874:14): score: 0  ping: 50  client: 1 Kyle
2-21-2021 13:36 (2661:36): ShutdownGame:
2-21-2021 13:36 (2661:36): ------------------------------------------------------------
