2-23-2021 12:36 (981:49): ------------------------------------------------------------
2-23-2021 12:36 (981:49): InitGame: \version\JAmp: v1.0.1.0 linux-i386 Mar 14 2020\timelimit\45\sv_privateClients\0\sv_minRate\0\sv_minPing\0\sv_maxclients\32\sv_maxRate\0\sv_maxPing\999\sv_hostname\^7~^1~^7~ COMM SERVER ~^1~^7~\sv_fps\50\sv_floodProtectSlow\1\sv_floodProtect\1\sv_autoDemo\0\sv_allowDownload\0\serveruptime\54\protocol\26\mapname\mp/duel6\gamename\Lugormod\g_weaponDisable\0\g_stepSlideFix\0\g_siegeTeamSwitch\1\g_siegeTeam2\none\g_siegeTeam1\none\g_siegeRespawn\20\g_showDuelHealths\1\g_saberWallDamageScale\0.4\g_saberLocking\0\g_privateDuel\1535\g_noSpecMove\0\g_needpass\0\g_maxHolocronCarry\3\g_maxGameClients\0\g_maxForceRank\7\g_jediVmerc\0\g_gametype\0\g_gamemode\0\g_forceRegenTime\160\g_forcePowerDisable\0\g_forceBasedTeams\1\g_duelWeaponDisable\9\g_debugmelee\1\g_allowNPC\1\fs_game\lugormod\fraglimit\0\duel_fraglimit\10\dmflags\0\capturelimit\10\bot_minplayers\2\bg_fighterAltControl\0\Lugormod_Version\U#-0.0.0.91 Alpha
2-23-2021 12:36 (981:49): ClientConnect: 0
2-23-2021 12:36 (981:49): ClientUserinfoChanged handling info: 0 \team\0\skill\ 5.00\personality\botfiles/astupidbot.jkb\saber2\none\saber1\kyle\color2\4\color1\4\sex\male\model\jawa\snaps\20\rate\25000\name\astupidbot
2-23-2021 12:36 (981:49): ClientUserinfoChanged: 0 n\astupidbot\t\0\model\jawa\c1\4\c2\4\hc\0\w\0\l\0\skill\ 5.00\tt\0\tl\0\siegeclass\none\st\Kyle\st2\none\dt\0\sdt\0
2-23-2021 12:36 (981:49): ClientUserinfoChanged handling info: 0 \team\0\skill\ 5.00\personality\botfiles/astupidbot.jkb\saber2\none\saber1\kyle\color2\4\color1\4\sex\male\model\jawa\snaps\20\rate\25000\name\astupidbot
2-23-2021 12:36 (981:49): ClientUserinfoChanged: 0 n\astupidbot\t\0\model\jawa\c1\4\c2\4\hc\100\w\0\l\0\skill\ 5.00\tt\0\tl\0\siegeclass\none\st\Kyle\st2\none\dt\0\sdt\0
2-23-2021 12:36 (981:49): ClientBegin: 0
2-23-2021 12:36 (981:49): ClientConnect: 1
2-23-2021 12:36 (981:49): ClientUserinfoChanged handling info: 1 \team\0\skill\ 5.00\personality\botfiles/newkyle.jkb\saber2\none\saber1\kyle\color2\4\color1\1\sex\male\model\kyle\snaps\20\rate\25000\name\Kyle
2-23-2021 12:36 (981:49): ClientUserinfoChanged: 1 n\Kyle\t\0\model\kyle\c1\1\c2\4\hc\0\w\0\l\0\skill\ 5.00\tt\0\tl\0\siegeclass\none\st\Kyle\st2\none\dt\0\sdt\0
2-23-2021 12:36 (981:49): ClientUserinfoChanged handling info: 1 \team\0\skill\ 5.00\personality\botfiles/newkyle.jkb\saber2\none\saber1\kyle\color2\4\color1\1\sex\male\model\kyle\snaps\20\rate\25000\name\Kyle
2-23-2021 12:36 (981:49): ClientUserinfoChanged: 1 n\Kyle\t\0\model\kyle\c1\1\c2\4\hc\100\w\0\l\0\skill\ 5.00\tt\0\tl\0\siegeclass\none\st\Kyle\st2\none\dt\0\sdt\0
2-23-2021 12:36 (981:49): ClientBegin: 1
2-23-2021 12:36 (981:49): ClientConnect: 2
2-23-2021 12:36 (981:49): ClientUserinfoChanged handling info: 2 \ip\45.163.117.245:29070\char_color_blue\255\char_color_green\255\char_color_red\255\saber2\single_1\saber1\single_1\cg_predictItems\1\sex\male\handicap\100\color2\2\color1\3\forcepowers\7-1-032330000000001333\model\kyle/default\snaps\20\rate\4000\name\Obi1Kenobi\teamtask\0\teamoverlay\1
2-23-2021 12:36 (981:49): ClientUserinfoChanged: 2 n\Obi1Kenobi\t\0\model\kyle/default\c1\3\c2\2\hc\0\w\0\l\0\tt\0\tl\0\st\single_1\st2\single_1\dt\0
2-23-2021 12:36 (981:49): ClientUserinfoChanged handling info: 2 \ip\45.163.117.245:29070\char_color_blue\255\char_color_green\255\char_color_red\255\saber2\single_1\saber1\single_1\cg_predictItems\1\sex\male\handicap\100\color2\2\color1\3\forcepowers\7-1-032330000000001333\model\kyle/default\snaps\20\rate\4000\name\Obi1Kenobi\teamtask\0\teamoverlay\1
2-23-2021 12:36 (981:49): ClientUserinfoChanged: 2 n\Obi1Kenobi\t\0\model\kyle/default\c1\3\c2\2\hc\0\w\0\l\0\tt\0\tl\0\st\single_1\st2\single_1\dt\0
2-23-2021 12:36 (981:49): ClientUserinfoChanged handling info: 2 \ip\45.163.117.245:29070\char_color_blue\255\char_color_green\255\char_color_red\255\saber2\single_1\saber1\single_1\cg_predictItems\1\sex\male\handicap\100\color2\2\color1\3\forcepowers\7-1-032330000000001333\model\kyle/default\snaps\20\rate\4000\name\Obi1Kenobi\teamtask\0\teamoverlay\1
2-23-2021 12:36 (981:49): ClientUserinfoChanged: 2 n\Obi1Kenobi\t\0\model\kyle/default\c1\3\c2\2\hc\100\w\0\l\0\tt\0\tl\0\st\single_1\st2\single_1\dt\0
2-23-2021 12:36 (981:49): ClientBegin: 2
2-23-2021 12:36 (981:49): ClientConnect: 3
2-23-2021 12:36 (981:49): ClientUserinfoChanged handling info: 3 \ip\136.169.224.205:29070\snaps\40\sex\male\saber2\none\saber1\single_4\rate\25000\name\CharM\model\jedi_hf/default\ja_guid\6F9CA8FA060D700611D51FD98C7B6F17\handicap\100\forcepowers\7-1-030000000000000330\cp_sbRGB2\0\cp_sbRGB1\0\cp_pluginDisable\1536\cp_cosmetics\0\color2\4\color1\4\char_color_red\255\char_color_green\255\char_color_blue\255\cg_predictItems\1\teamoverlay\0\cg_displayCameraPosition\1 80 16\cg_displayNetSettings\125 0 125\cjp_client\1.4JAPRO\cp_clanPwd\none
2-23-2021 12:36 (981:49): ClientUserinfoChanged: 3 n\CharM\t\0\model\jedi_hf/default\c1\4\c2\4\hc\0\w\0\l\0\tt\0\tl\0\st\single_4\st2\none\dt\0
2-23-2021 12:36 (981:49): ClientUserinfoChanged handling info: 3 \ip\136.169.224.205:29070\snaps\40\sex\male\saber2\none\saber1\single_4\rate\25000\name\CharM\model\jedi_hf/default\ja_guid\6F9CA8FA060D700611D51FD98C7B6F17\handicap\100\forcepowers\7-1-030000000000000330\cp_sbRGB2\0\cp_sbRGB1\0\cp_pluginDisable\1536\cp_cosmetics\0\color2\4\color1\4\char_color_red\255\char_color_green\255\char_color_blue\255\cg_predictItems\1\teamoverlay\0\cg_displayCameraPosition\1 80 16\cg_displayNetSettings\125 0 125\cjp_client\1.4JAPRO\cp_clanPwd\none
2-23-2021 12:36 (981:49): ClientUserinfoChanged: 3 n\CharM\t\0\model\jedi_hf/default\c1\4\c2\4\hc\0\w\0\l\0\tt\0\tl\0\st\single_4\st2\none\dt\0
2-23-2021 12:36 (981:49): ClientUserinfoChanged handling info: 3 \ip\136.169.224.205:29070\snaps\40\sex\male\saber2\none\saber1\single_4\rate\25000\name\CharM\model\jedi_hf/default\ja_guid\6F9CA8FA060D700611D51FD98C7B6F17\handicap\100\forcepowers\7-1-030000000000000330\cp_sbRGB2\0\cp_sbRGB1\0\cp_pluginDisable\1536\cp_cosmetics\0\color2\4\color1\4\char_color_red\255\char_color_green\255\char_color_blue\255\cg_predictItems\1\teamoverlay\0\cg_displayCameraPosition\1 80 16\cg_displayNetSettings\125 0 125\cjp_client\1.4JAPRO\cp_clanPwd\none
2-23-2021 12:36 (981:49): ClientUserinfoChanged: 3 n\CharM\t\0\model\jedi_hf/default\c1\4\c2\4\hc\100\w\0\l\0\tt\0\tl\0\st\single_4\st2\none\dt\0
2-23-2021 12:36 (981:49): ClientBegin: 3
2-23-2021 12:36 (982:01): ClientUserinfoChanged handling info: 2 \ip\45.163.117.245:29070\char_color_blue\255\char_color_green\255\char_color_red\255\saber2\single_1\saber1\single_1\cg_predictItems\1\sex\male\handicap\100\color2\2\color1\3\forcepowers\7-1-331322000200003322\model\kyle/default\snaps\20\rate\4000\name\Obi1Kenobi\teamtask\0\teamoverlay\1
2-23-2021 12:36 (982:01): ClientUserinfoChanged: 2 n\Obi1Kenobi\t\0\model\kyle/default\c1\3\c2\2\hc\100\w\0\l\0\tt\0\tl\0\st\single_1\st2\single_1\dt\0
2-23-2021 12:36 (982:19): Kill: 0 2 3: astupidbot killed Obi1Kenobi by MOD_SABER
2-23-2021 12:36 (982:19): say: astupidbot: Good Fight
2-23-2021 12:36 (982:19): ClientDisconnect: 0
2-23-2021 12:36 (982:23): ClientUserinfoChanged handling info: 2 \ip\45.163.117.245:29070\char_color_blue\255\char_color_green\255\char_color_red\255\saber2\single_1\saber1\single_1\cg_predictItems\1\sex\male\handicap\100\color2\2\color1\3\forcepowers\7-1-331322000200003322\model\kyle/default\snaps\20\rate\4000\name\Obi1Kenobi\teamtask\0\teamoverlay\1
2-23-2021 12:36 (982:23): ClientUserinfoChanged: 2 n\Obi1Kenobi\t\0\model\kyle/default\c1\3\c2\2\hc\100\w\0\l\0\tt\0\tl\0\st\single_1\st2\single_1\dt\0
2-23-2021 12:37 (982:44): say: Kyle: bye all
2-23-2021 12:37 (982:44): ClientDisconnect: 1
2-23-2021 12:39 (985:25): Kill: 2 3 6: Obi1Kenobi killed CharM by MOD_BLASTER
2-23-2021 12:39 (985:27): ClientUserinfoChanged handling info: 3 \ip\136.169.224.205:29070\snaps\40\sex\male\saber2\none\saber1\single_4\rate\25000\name\CharM\model\jedi_hf/default\ja_guid\6F9CA8FA060D700611D51FD98C7B6F17\handicap\100\forcepowers\7-1-030000000000000330\cp_sbRGB2\0\cp_sbRGB1\0\cp_pluginDisable\1536\cp_cosmetics\0\color2\4\color1\4\char_color_red\255\char_color_green\255\char_color_blue\255\cg_predictItems\1\teamoverlay\0\cg_displayCameraPosition\1 80 16\cg_displayNetSettings\125 0 125\cjp_client\1.4JAPRO\cp_clanPwd\none
2-23-2021 12:39 (985:27): ClientUserinfoChanged: 3 n\CharM\t\0\model\jedi_hf/default\c1\4\c2\4\hc\100\w\0\l\0\tt\0\tl\0\st\single_4\st2\none\dt\0
2-23-2021 12:41 (986:39): ClientUserinfoChanged handling info: 3 \ip\136.169.224.205:29070\teamoverlay\0\snaps\40\sex\male\saber2\none\saber1\single_4\rate\25000\name\CharM\model\jedi_hf/default\ja_guid\6F9CA8FA060D700611D51FD98C7B6F17\handicap\100\forcepowers\7-1-033330000330000331\cp_sbRGB2\0\cp_sbRGB1\0\cp_pluginDisable\1536\cp_cosmetics\0\cp_clanPwd\none\color2\4\color1\4\cjp_client\1.4JAPRO\char_color_red\255\char_color_green\255\char_color_blue\255\cg_predictItems\1\cg_displayNetSettings\125 0 125\cg_displayCameraPosition\1 80 16
2-23-2021 12:41 (986:39): ClientUserinfoChanged: 3 n\CharM\t\0\model\jedi_hf/default\c1\4\c2\4\hc\100\w\0\l\0\tt\0\tl\0\st\single_4\st2\none\dt\0
2-23-2021 12:41 (986:45): Kill: 2 3 3: Obi1Kenobi killed CharM by MOD_SABER
2-23-2021 12:41 (986:48): ClientUserinfoChanged handling info: 3 \ip\136.169.224.205:29070\teamoverlay\0\snaps\40\sex\male\saber2\none\saber1\single_4\rate\25000\name\CharM\model\jedi_hf/default\ja_guid\6F9CA8FA060D700611D51FD98C7B6F17\handicap\100\forcepowers\7-1-033330000330000331\cp_sbRGB2\0\cp_sbRGB1\0\cp_pluginDisable\1536\cp_cosmetics\0\cp_clanPwd\none\color2\4\color1\4\cjp_client\1.4JAPRO\char_color_red\255\char_color_green\255\char_color_blue\255\cg_predictItems\1\cg_displayNetSettings\125 0 125\cg_displayCameraPosition\1 80 16
2-23-2021 12:41 (986:48): ClientUserinfoChanged: 3 n\CharM\t\0\model\jedi_hf/default\c1\4\c2\4\hc\100\w\0\l\0\tt\0\tl\0\st\single_4\st2\none\dt\0
2-23-2021 12:42 (988:15): Kill: 3 2 3: CharM killed Obi1Kenobi by MOD_SABER
2-23-2021 12:42 (988:22): ClientUserinfoChanged handling info: 2 \ip\45.163.117.245:29070\char_color_blue\255\char_color_green\255\char_color_red\255\saber2\single_1\saber1\single_1\cg_predictItems\1\sex\male\handicap\100\color2\2\color1\3\forcepowers\7-1-331322000200003322\model\kyle/default\snaps\20\rate\4000\name\Obi1Kenobi\teamtask\0\teamoverlay\1
2-23-2021 12:42 (988:22): ClientUserinfoChanged: 2 n\Obi1Kenobi\t\0\model\kyle/default\c1\3\c2\2\hc\100\w\0\l\0\tt\0\tl\0\st\single_1\st2\single_1\dt\0
2-23-2021 12:43 (988:39): ClientDisconnect: 2
2-23-2021 12:43 (988:47): ClientConnect: 0
2-23-2021 12:43 (988:47): ClientUserinfoChanged handling info: 0 \team\0\skill\ 5.00\personality\botfiles/astupidbot.jkb\saber2\none\saber1\kyle\color2\4\color1\4\sex\male\model\jawa\snaps\20\rate\25000\name\astupidbot
2-23-2021 12:43 (988:47): ClientUserinfoChanged: 0 n\astupidbot\t\0\model\jawa\c1\4\c2\4\hc\0\w\0\l\0\skill\ 5.00\tt\0\tl\0\siegeclass\none\st\\st2\\dt\0\sdt\0
2-23-2021 12:43 (988:47): IP: localhost astupidbot
2-23-2021 12:43 (988:47): ClientUserinfoChanged handling info: 0 \team\0\skill\ 5.00\personality\botfiles/astupidbot.jkb\saber2\none\saber1\kyle\color2\4\color1\4\sex\male\model\jawa\snaps\20\rate\25000\name\astupidbot
2-23-2021 12:43 (988:47): ClientUserinfoChanged: 0 n\astupidbot\t\0\model\jawa\c1\4\c2\4\hc\100\w\0\l\0\skill\ 5.00\tt\0\tl\0\siegeclass\none\st\Kyle\st2\none\dt\0\sdt\0
2-23-2021 12:43 (988:47): ClientBegin: 0
2-23-2021 12:43 (989:21): Kill: 3 0 3: CharM killed astupidbot by MOD_SABER
2-23-2021 12:43 (989:23): ClientUserinfoChanged handling info: 0 \team\0\skill\ 5.00\personality\botfiles/astupidbot.jkb\saber2\none\saber1\kyle\color2\4\color1\4\sex\male\model\jawa\snaps\20\rate\25000\name\astupidbot
2-23-2021 12:43 (989:23): ClientUserinfoChanged: 0 n\astupidbot\t\0\model\jawa\c1\4\c2\4\hc\100\w\0\l\0\skill\ 5.00\tt\0\tl\0\siegeclass\none\st\Kyle\st2\none\dt\0\sdt\0
2-23-2021 12:43 (989:23): say: astupidbot: ouch
2-23-2021 12:43 (989:31): ClientDisconnect: 3
2-23-2021 12:44 (989:43): ClientConnect: 1
2-23-2021 12:44 (989:43): ClientUserinfoChanged handling info: 1 \team\0\skill\ 5.00\personality\botfiles/newkyle.jkb\saber2\none\saber1\kyle\color2\4\color1\1\sex\male\model\kyle\snaps\20\rate\25000\name\Kyle
2-23-2021 12:44 (989:43): ClientUserinfoChanged: 1 n\Kyle\t\0\model\kyle\c1\1\c2\4\hc\0\w\0\l\0\skill\ 5.00\tt\0\tl\0\siegeclass\none\st\\st2\\dt\0\sdt\0
2-23-2021 12:44 (989:43): IP: localhost Kyle
2-23-2021 12:44 (989:43): ClientUserinfoChanged handling info: 1 \team\0\skill\ 5.00\personality\botfiles/newkyle.jkb\saber2\none\saber1\kyle\color2\4\color1\1\sex\male\model\kyle\snaps\20\rate\25000\name\Kyle
2-23-2021 12:44 (989:43): ClientUserinfoChanged: 1 n\Kyle\t\0\model\kyle\c1\1\c2\4\hc\100\w\0\l\0\skill\ 5.00\tt\0\tl\0\siegeclass\none\st\Kyle\st2\none\dt\0\sdt\0
2-23-2021 12:44 (989:43): ClientBegin: 1
2-24-2021 1:33 (1759:22): ShutdownGame:
2-24-2021 1:33 (1759:22): ------------------------------------------------------------
