4-7-2021 9:44 (0:00): ------------------------------------------------------------
4-7-2021 9:44 (0:00): InitGame: \version\JAmp: v1.0.1.0 linux-i386 Mar 14 2020\timelimit\0\sv_privateClients\0\sv_minRate\0\sv_minPing\0\sv_maxclients\32\sv_maxRate\0\sv_maxPing\999\sv_hostname\^7~^1~^7~ COMM SERVER ~^1~^7~\sv_fps\50\sv_floodProtectSlow\1\sv_floodProtect\1\sv_autoDemo\0\sv_allowDownload\0\serveruptime\54\protocol\26\mapname\taspir1\gamename\Lugormod\g_weaponDisable\0\g_stepSlideFix\0\g_siegeTeamSwitch\1\g_siegeTeam2\none\g_siegeTeam1\none\g_siegeRespawn\20\g_showDuelHealths\1\g_saberWallDamageScale\0.4\g_saberLocking\0\g_privateDuel\1535\g_noSpecMove\0\g_needpass\0\g_maxHolocronCarry\3\g_maxGameClients\0\g_maxForceRank\7\g_jediVmerc\0\g_gametype\0\g_gamemode\0\g_forceRegenTime\160\g_forcePowerDisable\0\g_forceBasedTeams\1\g_duelWeaponDisable\9\g_debugmelee\1\g_allowNPC\1\fs_game\lugormod\fraglimit\0\duel_fraglimit\10\dmflags\0\capturelimit\10\bot_minplayers\2\bg_fighterAltControl\0\Lugormod_Version\U#-0.0.0.91 Alpha
4-7-2021 9:45 (0:30): ClientConnect: 0
4-7-2021 9:45 (0:30): ClientUserinfoChanged handling info: 0 \team\0\skill\ 5.00\personality\botfiles/astupidbot.jkb\saber2\none\saber1\kyle\color2\4\color1\4\sex\male\model\jawa\snaps\20\rate\25000\name\astupidbot
4-7-2021 9:45 (0:30): ClientUserinfoChanged: 0 n\astupidbot\t\0\model\jawa\c1\4\c2\4\hc\0\w\0\l\0\skill\ 5.00\tt\0\tl\0\siegeclass\none\st\\st2\\dt\0\sdt\0
4-7-2021 9:45 (0:30): ClientUserinfoChanged handling info: 0 \name\astupidbot\team\0\skill\ 5.00\personality\botfiles/astupidbot.jkb\saber2\none\saber1\kyle\color2\4\color1\4\sex\male\model\jawa\snaps\20\rate\25000
4-7-2021 9:45 (0:30): ClientUserinfoChanged: 0 n\astupidbot\t\0\model\jawa\c1\4\c2\4\hc\0\w\0\l\0\skill\ 5.00\tt\0\tl\0\siegeclass\none\st\\st2\\dt\0\sdt\0
4-7-2021 9:45 (0:30): IP: localhost astupidbot
4-7-2021 9:45 (0:30): ClientUserinfoChanged handling info: 0 \name\astupidbot\team\0\skill\ 5.00\personality\botfiles/astupidbot.jkb\saber2\none\r2\4\color1\4\sex\male\model\jawx\male\model\jawa\snaps\20\rate\25000
4-7-2021 9:45 (0:30): ClientUserinfoChanged: 0 n\astupidbot\t\0\model\jawx\c1\4\c2\\hc\0\w\0\l\0\skill\ 5.00\tt\0\tl\0\siegeclass\none\st\\st2\\dt\0\sdt\0
4-7-2021 9:45 (0:30): ClientUserinfoChanged handling info: 0 \saber2\Katarn\saber1\Katarn\name\astupidbot\team\0\skill\ 5.00\personality\botfiles/astupidbot.jkb\r2s4\color1\4\sex\male\model\jawx\male\model\jawa\snaps\20\rate\25000
4-7-2021 9:45 (0:30): ClientUserinfoChanged: 0 n\astupidbot\t\0\model\jawa\c1\\c2\\hc\0\w\0\l\0\skill\ 5.00\tt\0\tl\0\siegeclass\none\st\default\st2\default\dt\0\sdt\0
4-7-2021 9:45 (0:30): ClientUserinfoChanged handling info: 0 \saber2\default\saber1\default\name\astupidbot\team\0\skill\ 5.00\personality\botfiles/astupidbot.jkbl\jawx\male\model\jawmale\model\jawmale\model\jawa\snaps\20\rate\25000
4-7-2021 9:45 (0:30): ClientUserinfoChanged: 0 n\astupidbot\t\0\model\jawmale\c1\\c2\\hc\100\w\0\l\0\skill\ 5.00\tt\0\tl\0\siegeclass\none\st\default\st2\default\dt\0\sdt\0
4-7-2021 9:45 (0:30): ClientBegin: 0
4-7-2021 9:45 (0:40): ClientConnect: 1
4-7-2021 9:45 (0:40): ClientUserinfoChanged handling info: 1 \team\0\skill\ 5.00\personality\botfiles/newkyle.jkb\saber2\none\saber1\kyle\color2\4\color1\1\sex\male\model\kyle\snaps\20\rate\25000\name\Kyle
4-7-2021 9:45 (0:40): ClientUserinfoChanged: 1 n\Kyle\t\0\model\kyle\c1\1\c2\4\hc\0\w\0\l\0\skill\ 5.00\tt\0\tl\0\siegeclass\none\st\\st2\\dt\0\sdt\0
4-7-2021 9:45 (0:40): IP: localhost Kyle
4-7-2021 9:45 (0:40): ClientUserinfoChanged handling info: 1 \team\0\skill\ 5.00\personality\botfiles/newkyle.jkb\saber2\none\saber1\kyle\color2\4\color1\1\sex\male\model\kyle\snaps\20\rate\25000\name\Kyle
4-7-2021 9:45 (0:40): ClientUserinfoChanged: 1 n\Kyle\t\0\model\kyle\c1\1\c2\4\hc\100\w\0\l\0\skill\ 5.00\tt\0\tl\0\siegeclass\none\st\Kyle\st2\none\dt\0\sdt\0
4-7-2021 9:45 (0:40): ClientBegin: 1
4-7-2021 17:32 (467:00): ClientConnect: 2
4-7-2021 17:32 (467:00): ClientUserinfoChanged handling info: 2 \ip\176.59.54.240:29070\challenge\2024470971\qport\55064\protocol\26\name\NIJAT\rate\4000\snaps\20\model\cultist/default\forcepowers\6-1-030330000000000333\color1\5\color2\4\handicap\100\sex\male\cg_predictItems\1\saber1\single_9\saber2\none\char_color_red\255\char_color_green\255\char_color_blue\255\teamtask\0\teamoverlay\1
4-7-2021 17:32 (467:00): ClientUserinfoChanged: 2 n\NIJAT\t\0\model\cultist/default\c1\5\c2\4\hc\0\w\0\l\0\tt\0\tl\0\st\\st2\\dt\0
4-7-2021 17:32 (467:00): IP: 176.59.54.240 NIJAT
4-7-2021 17:32 (467:00): say: Kyle: Hello
4-7-2021 17:32 (467:17): ClientUserinfoChanged handling info: 2 \ip\176.59.54.240:29070\name\NIJAT\rate\4000\snaps\20\model\cultist/default\forcepowers\1-1-010000000000000100\color1\5\color2\4\handicap\100\sex\male\cg_predictItems\1\saber1\single_9\saber2\none\char_color_red\255\char_color_green\255\char_color_blue\255\teamtask\0\teamoverlay\1
4-7-2021 17:32 (467:17): ClientUserinfoChanged: 2 n\NIJAT\t\0\model\cultist/default\c1\5\c2\4\hc\0\w\0\l\0\tt\0\tl\0\st\single_9\st2\none\dt\0
4-7-2021 17:32 (467:17): ClientUserinfoChanged handling info: 2 \ip\176.59.54.240:29070\name\NIJAT\rate\4000\snaps\20\model\cultist/default\forcepowers\1-1-010000000000000100\color1\5\color2\4\handicap\100\sex\male\cg_predictItems\1\saber1\single_9\saber2\none\char_color_red\255\char_color_green\255\char_color_blue\255\teamtask\0\teamoverlay\1
4-7-2021 17:32 (467:17): ClientUserinfoChanged: 2 n\NIJAT\t\0\model\cultist/default\c1\5\c2\4\hc\100\w\0\l\0\tt\0\tl\0\st\single_9\st2\none\dt\0
4-7-2021 17:32 (467:17): ClientBegin: 2
4-7-2021 17:32 (467:28): say: astupidbot: bye all
4-7-2021 17:32 (467:28): ClientDisconnect: 0
4-7-2021 17:33 (467:56): say: NIJAT: i cant change style
4-7-2021 17:33 (467:58): say: Kyle: Fight me Nijat
4-7-2021 17:33 (468:11): say: NIJAT: why i cant change style
4-7-2021 17:33 (468:19): ClientDisconnect: 2
4-7-2021 17:33 (468:27): ClientConnect: 0
4-7-2021 17:33 (468:27): ClientUserinfoChanged handling info: 0 \team\0\skill\ 5.00\personality\botfiles/astupidbot.jkb\saber2\none\saber1\kyle\color2\4\color1\4\sex\male\model\jawa\snaps\20\rate\25000\name\astupidbot
4-7-2021 17:33 (468:27): ClientUserinfoChanged: 0 n\astupidbot\t\0\model\jawa\c1\4\c2\4\hc\0\w\0\l\0\skill\ 5.00\tt\0\tl\0\siegeclass\none\st\\st2\\dt\0\sdt\0
4-7-2021 17:33 (468:27): IP: localhost astupidbot
4-7-2021 17:33 (468:27): ClientUserinfoChanged handling info: 0 \team\0\skill\ 5.00\personality\botfiles/astupidbot.jkb\saber2\none\saber1\kyle\color2\4\color1\4\sex\male\model\jawa\snaps\20\rate\25000\name\astupidbot
4-7-2021 17:33 (468:27): ClientUserinfoChanged: 0 n\astupidbot\t\0\model\jawa\c1\4\c2\4\hc\100\w\0\l\0\skill\ 5.00\tt\0\tl\0\siegeclass\none\st\Kyle\st2\none\dt\0\sdt\0
4-7-2021 17:33 (468:27): ClientBegin: 0
4-8-2021 2:21 (995:01): ClientConnect: 2
4-8-2021 2:21 (995:01): ClientUserinfoChanged handling info: 2 \ip\136.49.101.98:29070\challenge\-2039033117\qport\49665\protocol\26\snaps\40\sex\male\saber2\none\saber1\Kyle\rate\4000\name\^3chains\model\kyle/default\ja_guid\051864430A7EE524850A0B7FF5985240\handicap\100\forcepowers\7-1-032330000000001333\color2\4\color1\4\char_color_red\255\char_color_green\255\char_color_blue\255\cg_predictItems\1
4-8-2021 2:21 (995:01): ClientUserinfoChanged: 2 n\^3chains\t\0\model\kyle/default\c1\4\c2\4\hc\0\w\0\l\0\tt\0\tl\0\st\\st2\\dt\0
4-8-2021 2:21 (995:01): IP: 136.49.101.98 ^3chains
4-8-2021 2:21 (995:05): Kill: 1022 0 41: <world> killed astupidbot by MOD_TRIGGER_HURT
4-8-2021 2:21 (995:06): ClientUserinfoChanged handling info: 0 \team\0\skill\ 5.00\personality\botfiles/astupidbot.jkb\saber2\none\saber1\kyle\color2\4\color1\4\sex\male\model\jawa\snaps\20\rate\25000\name\astupidbot
4-8-2021 2:21 (995:06): ClientUserinfoChanged: 0 n\astupidbot\t\0\model\jawa\c1\4\c2\4\hc\100\w\0\l\0\skill\ 5.00\tt\0\tl\0\siegeclass\none\st\Kyle\st2\none\dt\0\sdt\0
4-8-2021 2:21 (995:11): ClientUserinfoChanged handling info: 2 \ip\136.49.101.98:29070\snaps\50\sex\male\saber2\none\saber1\Kyle\rate\25000\name\chon\model\kyle/default\ja_guid\051864430A7EE524850A0B7FF5985240\handicap\100\forcepowers\1-1-010000000000000100\color2\4\color1\4\char_color_red\255\char_color_green\255\char_color_blue\255\cg_predictItems\1\teamoverlay\0
4-8-2021 2:21 (995:11): ClientUserinfoChanged: 2 n\^3chains\t\0\model\kyle/default\c1\4\c2\4\hc\0\w\0\l\0\tt\0\tl\0\st\Kyle\st2\none\dt\0
4-8-2021 2:21 (995:11): ClientUserinfoChanged handling info: 2 \ip\136.49.101.98:29070\snaps\50\sex\male\saber2\none\saber1\Kyle\rate\25000\name\chon\model\kyle/default\ja_guid\051864430A7EE524850A0B7FF5985240\handicap\100\forcepowers\1-1-010000000000000100\color2\4\color1\4\char_color_red\255\char_color_green\255\char_color_blue\255\cg_predictItems\1\teamoverlay\0
4-8-2021 2:21 (995:11): ClientUserinfoChanged: 2 n\^3chains\t\0\model\kyle/default\c1\4\c2\4\hc\100\w\0\l\0\tt\0\tl\0\st\Kyle\st2\none\dt\0
4-8-2021 2:21 (995:11): ClientBegin: 2
4-8-2021 2:21 (995:14): Kill: 1022 1 41: <world> killed Kyle by MOD_TRIGGER_HURT
4-8-2021 2:21 (995:16): ClientUserinfoChanged handling info: 1 \team\0\skill\ 5.00\personality\botfiles/newkyle.jkb\saber2\none\saber1\kyle\color2\4\color1\1\sex\male\model\kyle\snaps\20\rate\25000\name\Kyle
4-8-2021 2:21 (995:16): ClientUserinfoChanged: 1 n\Kyle\t\0\model\kyle\c1\1\c2\4\hc\100\w\0\l\0\skill\ 5.00\tt\0\tl\0\siegeclass\none\st\Kyle\st2\none\dt\0\sdt\0
4-8-2021 2:21 (995:17): say: astupidbot: cya
4-8-2021 2:21 (995:17): ClientDisconnect: 0
4-8-2021 2:21 (995:18): say: Kyle: bye
4-8-2021 2:21 (995:28): Kill: 1022 1 41: <world> killed Kyle by MOD_TRIGGER_HURT
4-8-2021 2:21 (995:29): ClientUserinfoChanged handling info: 1 \team\0\skill\ 5.00\personality\botfiles/newkyle.jkb\saber2\none\saber1\kyle\color2\4\color1\1\sex\male\model\kyle\snaps\20\rate\25000\name\Kyle
4-8-2021 2:21 (995:29): ClientUserinfoChanged: 1 n\Kyle\t\0\model\kyle\c1\1\c2\4\hc\100\w\0\l\0\skill\ 5.00\tt\0\tl\0\siegeclass\none\st\Kyle\st2\none\dt\0\sdt\0
4-8-2021 2:21 (995:29): say: Kyle: dang
4-8-2021 2:21 (995:41): Exit: Timelimit hit.
4-8-2021 2:21 (995:41): score: 0  ping: 109  client: 2 ^3chains
4-8-2021 2:21 (995:41): score: -2  ping: 49  client: 1 Kyle
4-8-2021 2:21 (995:47): ShutdownGame:
4-8-2021 2:21 (995:47): ------------------------------------------------------------
