4-5-2021 10:31 (0:00): ------------------------------------------------------------
4-5-2021 10:31 (0:00): InitGame: \version\JAmp: v1.0.1.0 linux-i386 Mar 14 2020\timelimit\0\sv_privateClients\0\sv_minRate\0\sv_minPing\0\sv_maxclients\32\sv_maxRate\0\sv_maxPing\999\sv_hostname\^7~^1~^7~ COMM SERVER ~^1~^7~\sv_fps\50\sv_floodProtectSlow\1\sv_floodProtect\1\sv_autoDemo\0\sv_allowDownload\0\serveruptime\54\protocol\26\mapname\taspir1\gamename\Lugormod\g_weaponDisable\0\g_stepSlideFix\0\g_siegeTeamSwitch\1\g_siegeTeam2\none\g_siegeTeam1\none\g_siegeRespawn\20\g_showDuelHealths\1\g_saberWallDamageScale\0.4\g_saberLocking\0\g_privateDuel\1535\g_noSpecMove\0\g_needpass\0\g_maxHolocronCarry\3\g_maxGameClients\0\g_maxForceRank\7\g_jediVmerc\0\g_gametype\0\g_gamemode\0\g_forceRegenTime\160\g_forcePowerDisable\0\g_forceBasedTeams\1\g_duelWeaponDisable\9\g_debugmelee\1\g_allowNPC\1\fs_game\lugormod\fraglimit\0\duel_fraglimit\10\dmflags\0\capturelimit\10\bot_minplayers\2\bg_fighterAltControl\0\Lugormod_Version\U#-0.0.0.91 Alpha
4-5-2021 10:32 (0:30): ClientConnect: 0
4-5-2021 10:32 (0:30): ClientUserinfoChanged handling info: 0 \team\0\skill\ 5.00\personality\botfiles/astupidbot.jkb\saber2\none\saber1\kyle\color2\4\color1\4\sex\male\model\jawa\snaps\20\rate\25000\name\astupidbot
4-5-2021 10:32 (0:30): ClientUserinfoChanged: 0 n\astupidbot\t\0\model\jawa\c1\4\c2\4\hc\0\w\0\l\0\skill\ 5.00\tt\0\tl\0\siegeclass\none\st\\st2\\dt\0\sdt\0
4-5-2021 10:32 (0:30): IP: localhost astupidbot
4-5-2021 10:32 (0:30): ClientUserinfoChanged handling info: 0 \team\0\skill\ 5.00\personality\botfiles/astupidbot.jkb\saber2\none\saber1\kyle\color2\4\color1\4\sex\male\model\jawa\snaps\20\rate\25000\name\astupidbot
4-5-2021 10:32 (0:30): ClientUserinfoChanged: 0 n\astupidbot\t\0\model\jawa\c1\4\c2\4\hc\100\w\0\l\0\skill\ 5.00\tt\0\tl\0\siegeclass\none\st\Kyle\st2\none\dt\0\sdt\0
4-5-2021 10:32 (0:30): ClientBegin: 0
4-5-2021 10:32 (0:45): ClientConnect: 1
4-5-2021 10:32 (0:45): ClientUserinfoChanged handling info: 1 \team\0\skill\ 5.00\personality\botfiles/newkyle.jkb\saber2\none\saber1\kyle\color2\4\color1\1\sex\male\model\kyle\snaps\20\rate\25000\name\Kyle
4-5-2021 10:32 (0:45): ClientUserinfoChanged: 1 n\Kyle\t\0\model\kyle\c1\1\c2\4\hc\0\w\0\l\0\skill\ 5.00\tt\0\tl\0\siegeclass\none\st\\st2\\dt\0\sdt\0
4-5-2021 10:32 (0:45): IP: localhost Kyle
4-5-2021 10:32 (0:45): ClientUserinfoChanged handling info: 1 \team\0\skill\ 5.00\personality\botfiles/newkyle.jkb\saber2\none\saber1\kyle\color2\4\color1\1\sex\male\model\kyle\snaps\20\rate\25000\name\Kyle
4-5-2021 10:32 (0:45): ClientUserinfoChanged: 1 n\Kyle\t\0\model\kyle\c1\1\c2\4\hc\100\w\0\l\0\skill\ 5.00\tt\0\tl\0\siegeclass\none\st\Kyle\st2\none\dt\0\sdt\0
4-5-2021 10:32 (0:45): ClientBegin: 1
4-5-2021 18:21 (469:17): ClientConnect: 2
4-5-2021 18:21 (469:17): ClientUserinfoChanged handling info: 2 \ip\171.33.251.54:36165\challenge\179485088\qport\45856\protocol\26\name\Anni_Skywalker<3\rate\4000\snaps\20\model\jedi_hf/siege\forcepowers\7-1-232330000003001333\color1\4\color2\4\handicap\100\sex\female\cg_predictItems\1\saber1\single_5\saber2\none\char_color_red\255\char_color_green\255\char_color_blue\255\cp_pluginDisable\0\teamtask\0\teamoverlay\0
4-5-2021 18:21 (469:17): ClientUserinfoChanged: 2 n\Anni_Skywalker<3\t\0\model\jedi_hf/siege\c1\4\c2\4\hc\0\w\0\l\0\tt\0\tl\0\st\\st2\\dt\0
4-5-2021 18:21 (469:17): IP: 171.33.251.54 Anni_Skywalker<3
4-5-2021 18:21 (469:17): say: astupidbot: Hi
4-5-2021 18:21 (469:26): Kill: 1022 0 41: <world> killed astupidbot by MOD_TRIGGER_HURT
4-5-2021 18:21 (469:27): ClientUserinfoChanged handling info: 0 \team\0\skill\ 5.00\personality\botfiles/astupidbot.jkb\saber2\none\saber1\kyle\color2\4\color1\4\sex\male\model\jawa\snaps\20\rate\25000\name\astupidbot
4-5-2021 18:21 (469:27): ClientUserinfoChanged: 0 n\astupidbot\t\0\model\jawa\c1\4\c2\4\hc\100\w\0\l\0\skill\ 5.00\tt\0\tl\0\siegeclass\none\st\Kyle\st2\none\dt\0\sdt\0
4-5-2021 18:21 (469:29): Kill: 1022 1 41: <world> killed Kyle by MOD_TRIGGER_HURT
4-5-2021 18:21 (469:30): ClientUserinfoChanged handling info: 1 \team\0\skill\ 5.00\personality\botfiles/newkyle.jkb\saber2\none\saber1\kyle\color2\4\color1\1\sex\male\model\kyle\snaps\20\rate\25000\name\Kyle
4-5-2021 18:21 (469:30): ClientUserinfoChanged: 1 n\Kyle\t\0\model\kyle\c1\1\c2\4\hc\100\w\0\l\0\skill\ 5.00\tt\0\tl\0\siegeclass\none\st\Kyle\st2\none\dt\0\sdt\0
4-5-2021 18:21 (469:38): Kill: 1022 0 41: <world> killed astupidbot by MOD_TRIGGER_HURT
4-5-2021 18:21 (469:39): ClientUserinfoChanged handling info: 0 \team\0\skill\ 5.00\personality\botfiles/astupidbot.jkb\saber2\none\saber1\kyle\color2\4\color1\4\sex\male\model\jawa\snaps\20\rate\25000\name\astupidbot
4-5-2021 18:21 (469:39): ClientUserinfoChanged: 0 n\astupidbot\t\0\model\jawa\c1\4\c2\4\hc\100\w\0\l\0\skill\ 5.00\tt\0\tl\0\siegeclass\none\st\Kyle\st2\none\dt\0\sdt\0
4-5-2021 18:21 (469:47): ClientUserinfoChanged handling info: 2 \ip\171.33.251.54:36165\name\Anni_Skywalker<3\rate\4000\snaps\20\model\jedi_hf/siege\forcepowers\7-1-232330000003001333\color1\4\color2\4\handicap\100\sex\female\cg_predictItems\1\saber1\single_5\saber2\none\char_color_red\255\char_color_green\255\char_color_blue\255\cp_pluginDisable\0\teamtask\0\teamoverlay\1
4-5-2021 18:21 (469:47): ClientUserinfoChanged: 2 n\Anni_Skywalker<3\t\0\model\jedi_hf/siege\c1\4\c2\4\hc\0\w\0\l\0\tt\0\tl\0\st\single_5\st2\none\dt\0
4-5-2021 18:21 (469:47): ClientUserinfoChanged handling info: 2 \ip\171.33.251.54:36165\name\Anni_Skywalker<3\rate\4000\snaps\20\model\jedi_hf/siege\forcepowers\7-1-232330000003001333\color1\4\color2\4\handicap\100\sex\female\cg_predictItems\1\saber1\single_5\saber2\none\char_color_red\255\char_color_green\255\char_color_blue\255\cp_pluginDisable\0\teamtask\0\teamoverlay\1
4-5-2021 18:21 (469:47): ClientUserinfoChanged: 2 n\Anni_Skywalker<3\t\0\model\jedi_hf/siege\c1\4\c2\4\hc\100\w\0\l\0\tt\0\tl\0\st\single_5\st2\none\dt\0
4-5-2021 18:21 (469:47): ClientBegin: 2
4-5-2021 18:21 (469:56): say: astupidbot: cya
4-5-2021 18:21 (469:56): ClientDisconnect: 0
4-5-2021 18:23 (471:43): Kill: 1022 1 41: <world> killed Kyle by MOD_TRIGGER_HURT
4-5-2021 18:23 (471:45): ClientUserinfoChanged handling info: 1 \team\0\skill\ 5.00\personality\botfiles/newkyle.jkb\saber2\none\saber1\kyle\color2\4\color1\1\sex\male\model\kyle\snaps\20\rate\25000\name\Kyle
4-5-2021 18:23 (471:45): ClientUserinfoChanged: 1 n\Kyle\t\0\model\kyle\c1\1\c2\4\hc\100\w\0\l\0\skill\ 5.00\tt\0\tl\0\siegeclass\none\st\Kyle\st2\none\dt\0\sdt\0
4-5-2021 18:23 (471:45): say: Kyle: Good Fight
4-5-2021 18:23 (471:56): Kill: 1022 1 41: <world> killed Kyle by MOD_TRIGGER_HURT
4-5-2021 18:23 (471:57): ClientUserinfoChanged handling info: 1 \team\0\skill\ 5.00\personality\botfiles/newkyle.jkb\saber2\none\saber1\kyle\color2\4\color1\1\sex\male\model\kyle\snaps\20\rate\25000\name\Kyle
4-5-2021 18:23 (471:57): ClientUserinfoChanged: 1 n\Kyle\t\0\model\kyle\c1\1\c2\4\hc\100\w\0\l\0\skill\ 5.00\tt\0\tl\0\siegeclass\none\st\Kyle\st2\none\dt\0\sdt\0
4-5-2021 18:24 (472:09): Kill: 1022 1 41: <world> killed Kyle by MOD_TRIGGER_HURT
4-5-2021 18:24 (472:10): ClientUserinfoChanged handling info: 1 \team\0\skill\ 5.00\personality\botfiles/newkyle.jkb\saber2\none\saber1\kyle\color2\4\color1\1\sex\male\model\kyle\snaps\20\rate\25000\name\Kyle
4-5-2021 18:24 (472:10): ClientUserinfoChanged: 1 n\Kyle\t\0\model\kyle\c1\1\c2\4\hc\100\w\0\l\0\skill\ 5.00\tt\0\tl\0\siegeclass\none\st\Kyle\st2\none\dt\0\sdt\0
4-5-2021 18:24 (472:14): Kill: 1022 1 41: <world> killed Kyle by MOD_TRIGGER_HURT
4-5-2021 18:24 (472:15): ClientUserinfoChanged handling info: 1 \team\0\skill\ 5.00\personality\botfiles/newkyle.jkb\saber2\none\saber1\kyle\color2\4\color1\1\sex\male\model\kyle\snaps\20\rate\25000\name\Kyle
4-5-2021 18:24 (472:15): ClientUserinfoChanged: 1 n\Kyle\t\0\model\kyle\c1\1\c2\4\hc\100\w\0\l\0\skill\ 5.00\tt\0\tl\0\siegeclass\none\st\Kyle\st2\none\dt\0\sdt\0
4-5-2021 18:24 (472:20): Kill: 2 612 3: Anni_Skywalker<3 killed  by MOD_SABER
4-5-2021 18:24 (472:22): Kill: 1022 1 41: <world> killed Kyle by MOD_TRIGGER_HURT
4-5-2021 18:24 (472:25): ClientUserinfoChanged handling info: 1 \team\0\skill\ 5.00\personality\botfiles/newkyle.jkb\saber2\none\saber1\kyle\color2\4\color1\1\sex\male\model\kyle\snaps\20\rate\25000\name\Kyle
4-5-2021 18:24 (472:25): ClientUserinfoChanged: 1 n\Kyle\t\0\model\kyle\c1\1\c2\4\hc\100\w\0\l\0\skill\ 5.00\tt\0\tl\0\siegeclass\none\st\Kyle\st2\none\dt\0\sdt\0
4-5-2021 18:24 (472:25): say: Kyle: Good Fight
4-5-2021 18:24 (472:42): Kill: 1022 1 41: <world> killed Kyle by MOD_TRIGGER_HURT
4-5-2021 18:24 (472:43): ClientUserinfoChanged handling info: 1 \team\0\skill\ 5.00\personality\botfiles/newkyle.jkb\saber2\none\saber1\kyle\color2\4\color1\1\sex\male\model\kyle\snaps\20\rate\25000\name\Kyle
4-5-2021 18:24 (472:43): ClientUserinfoChanged: 1 n\Kyle\t\0\model\kyle\c1\1\c2\4\hc\100\w\0\l\0\skill\ 5.00\tt\0\tl\0\siegeclass\none\st\Kyle\st2\none\dt\0\sdt\0
4-5-2021 18:24 (472:54): Kill: 1022 1 41: <world> killed Kyle by MOD_TRIGGER_HURT
4-5-2021 18:25 (473:00): Kill: 2 2 39: Anni_Skywalker<3 killed Anni_Skywalker<3 by MOD_SUICIDE
4-5-2021 18:25 (473:00): setteam:  2 FREE SPECTATOR
4-5-2021 18:25 (473:00): ClientUserinfoChanged handling info: 2 \ip\171.33.251.54:36165\name\Anni_Skywalker<3\rate\4000\snaps\20\model\jedi_hf/siege\forcepowers\7-1-232330000003001333\color1\4\color2\4\handicap\100\sex\female\cg_predictItems\1\saber1\single_5\saber2\none\char_color_red\255\char_color_green\255\char_color_blue\255\cp_pluginDisable\0\teamtask\0\teamoverlay\1
4-5-2021 18:25 (473:00): ClientUserinfoChanged: 2 n\Anni_Skywalker<3\t\3\model\jedi_hf/siege\c1\4\c2\4\hc\100\w\0\l\0\tt\0\tl\0\st\single_5\st2\none\dt\0
4-5-2021 18:25 (473:00): ClientBegin: 2
4-5-2021 18:25 (473:04): ClientUserinfoChanged handling info: 1 \team\0\skill\ 5.00\personality\botfiles/newkyle.jkb\saber2\none\saber1\kyle\color2\4\color1\1\sex\male\model\kyle\snaps\20\rate\25000\name\Kyle
4-5-2021 18:25 (473:04): ClientUserinfoChanged: 1 n\Kyle\t\0\model\kyle\c1\1\c2\4\hc\100\w\0\l\0\skill\ 5.00\tt\0\tl\0\siegeclass\none\st\Kyle\st2\none\dt\0\sdt\0
4-5-2021 18:25 (473:17): Kill: 1022 1 41: <world> killed Kyle by MOD_TRIGGER_HURT
4-5-2021 18:25 (473:18): ClientUserinfoChanged handling info: 1 \team\0\skill\ 5.00\personality\botfiles/newkyle.jkb\saber2\none\saber1\kyle\color2\4\color1\1\sex\male\model\kyle\snaps\20\rate\25000\name\Kyle
4-5-2021 18:25 (473:18): ClientUserinfoChanged: 1 n\Kyle\t\0\model\kyle\c1\1\c2\4\hc\100\w\0\l\0\skill\ 5.00\tt\0\tl\0\siegeclass\none\st\Kyle\st2\none\dt\0\sdt\0
4-5-2021 18:25 (473:28): Kill: 1022 1 41: <world> killed Kyle by MOD_TRIGGER_HURT
4-5-2021 18:25 (473:29): ClientUserinfoChanged handling info: 1 \team\0\skill\ 5.00\personality\botfiles/newkyle.jkb\saber2\none\saber1\kyle\color2\4\color1\1\sex\male\model\kyle\snaps\20\rate\25000\name\Kyle
4-5-2021 18:25 (473:29): ClientUserinfoChanged: 1 n\Kyle\t\0\model\kyle\c1\1\c2\4\hc\100\w\0\l\0\skill\ 5.00\tt\0\tl\0\siegeclass\none\st\Kyle\st2\none\dt\0\sdt\0
4-5-2021 18:25 (473:32): setteam:  2 SPECTATOR FREE
4-5-2021 18:25 (473:32): ClientUserinfoChanged handling info: 2 \ip\171.33.251.54:36165\name\Anni_Skywalker<3\rate\4000\snaps\20\model\jedi_hf/siege\forcepowers\7-1-232330000003001333\color1\4\color2\4\handicap\100\sex\female\cg_predictItems\1\saber1\single_5\saber2\none\char_color_red\255\char_color_green\255\char_color_blue\255\cp_pluginDisable\0\teamtask\0\teamoverlay\1
4-5-2021 18:25 (473:32): ClientUserinfoChanged: 2 n\Anni_Skywalker<3\t\0\model\jedi_hf/siege\c1\4\c2\4\hc\100\w\0\l\0\tt\0\tl\0\st\single_5\st2\none\dt\0
4-5-2021 18:25 (473:32): ClientBegin: 2
4-5-2021 18:26 (473:59): ClientConnect: 0
4-5-2021 18:26 (473:59): ClientUserinfoChanged handling info: 0 \ip\188.232.154.244:29070\challenge\-2141317196\qport\58261\protocol\26\name\Anakin_Skywalker\rate\4000\snaps\20\model\magnaguard/default_cape\forcepowers\6-1-030330000000000333\color1\0\color2\4\handicap\100\sex\male\cg_predictItems\1\saber1\e3_anakin\saber2\none\char_color_red\255\char_color_green\255\char_color_blue\255\teamtask\0
4-5-2021 18:26 (473:59): ClientUserinfoChanged: 0 n\Anakin_Skywalker\t\0\model\magnaguard/default_cape\c1\0\c2\4\hc\0\w\0\l\0\tt\0\tl\0\st\\st2\\dt\0
4-5-2021 18:26 (473:59): IP: 188.232.154.244 Anakin_Skywalker
4-5-2021 18:26 (474:18): ClientUserinfoChanged handling info: 0 \ip\188.232.154.244:29070\name\Anakin_Skywalker\rate\4000\snaps\20\model\magnaguard/default_cape\forcepowers\6-1-030330000000000333\color1\0\color2\4\handicap\100\sex\male\cg_predictItems\1\saber1\e3_anakin\saber2\none\char_color_red\255\char_color_green\255\char_color_blue\255\teamtask\0\teamoverlay\1
4-5-2021 18:26 (474:18): ClientUserinfoChanged: 0 n\Anakin_Skywalker\t\0\model\magnaguard/default_cape\c1\0\c2\4\hc\0\w\0\l\0\tt\0\tl\0\st\default\st2\none\dt\0
4-5-2021 18:26 (474:18): ClientUserinfoChanged handling info: 0 \saber1\default\ip\188.232.154.244:29070\name\Anakin_Skywalker\rate\4000\snaps\20\model\magnaguard/default_cape\forcepowers\6-1-030330000000000333\color1\0\color2\4\handicap\100\sex\male\cg_predictItems\1\saber2\none\char_color_red\255\char_color_green\255\char_color_blue\255\teamtask\0\teamoverlay\1
4-5-2021 18:26 (474:18): ClientUserinfoChanged: 0 n\Anakin_Skywalker\t\0\model\magnaguard/default_cape\c1\0\c2\4\hc\100\w\0\l\0\tt\0\tl\0\st\default\st2\none\dt\0
4-5-2021 18:26 (474:18): ClientBegin: 0
4-5-2021 18:26 (474:26): say: Kyle: bye all
4-5-2021 18:26 (474:26): ClientDisconnect: 1
4-5-2021 18:27 (475:09): sayclose: Anni_Skywalker<3:  
4-5-2021 18:27 (475:36): Kill: 1022 604 37: <world> killed  by MOD_TELEFRAG
4-5-2021 18:27 (475:44): ClientUserinfoChanged handling info: 0 \ip\188.232.154.244:29070\name\Anakin_Skywalker\rate\4000\snaps\20\model\jedi_spanki2a/default\forcepowers\6-1-030330000000000333\color1\4\color2\4\handicap\100\sex\male\cg_predictItems\1\saber1\e3_anakin\saber2\none\char_color_red\255\char_color_green\255\char_color_blue\255\teamtask\0\teamoverlay\1
4-5-2021 18:27 (475:44): ClientUserinfoChanged: 0 n\Anakin_Skywalker\t\0\model\jedi_spanki2a/default\c1\4\c2\4\hc\100\w\0\l\0\tt\0\tl\0\st\default\st2\none\dt\0
4-5-2021 18:27 (475:50): ClientUserinfoChanged handling info: 2 \ip\171.33.251.54:36165\name\Anni_Skywalker<3\rate\4000\snaps\20\model\bespin_cop/default\forcepowers\7-1-232330000003001333\color1\4\color2\4\handicap\100\sex\female\cg_predictItems\1\saber1\single_5\saber2\none\char_color_red\255\char_color_green\255\char_color_blue\255\cp_pluginDisable\0\teamtask\0\teamoverlay\1
4-5-2021 18:27 (475:50): ClientUserinfoChanged: 2 n\Anni_Skywalker<3\t\0\model\bespin_cop/default\c1\4\c2\4\hc\100\w\0\l\0\tt\0\tl\0\st\single_5\st2\none\dt\0
4-5-2021 18:28 (476:25): ClientUserinfoChanged handling info: 2 \ip\171.33.251.54:36165\name\Anni_Skywalker<3\rate\4000\snaps\20\model\jedi_hf/head_b1|torso_a1|lower_a1\forcepowers\7-1-232330000003001333\color1\0\color2\4\handicap\100\sex\female\cg_predictItems\1\saber1\single_5\saber2\none\char_color_red\254\char_color_green\230\char_color_blue\132\cp_pluginDisable\0\teamtask\0\teamoverlay\1
4-5-2021 18:28 (476:25): ClientUserinfoChanged: 2 n\Anni_Skywalker<3\t\0\model\jedi_hf/head_b1|torso_a1|lower_a1\c1\0\c2\4\hc\100\w\0\l\0\tt\0\tl\0\st\single_5\st2\none\dt\0
4-5-2021 18:29 (477:19): Kill: 0 2 3: Anakin_Skywalker killed Anni_Skywalker<3 by MOD_SABER
4-5-2021 18:29 (477:20): ClientUserinfoChanged handling info: 2 \ip\171.33.251.54:36165\name\Anni_Skywalker<3\rate\4000\snaps\20\model\jedi_hf/head_b1|torso_a1|lower_a1\forcepowers\7-1-232330000003001333\color1\0\color2\4\handicap\100\sex\female\cg_predictItems\1\saber1\single_5\saber2\none\char_color_red\254\char_color_green\230\char_color_blue\132\cp_pluginDisable\0\teamtask\0\teamoverlay\1
4-5-2021 18:29 (477:20): ClientUserinfoChanged: 2 n\Anni_Skywalker<3\t\0\model\jedi_hf/head_b1|torso_a1|lower_a1\c1\0\c2\4\hc\100\w\0\l\0\tt\0\tl\0\st\single_5\st2\none\dt\0
4-5-2021 18:29 (477:31): ClientUserinfoChanged handling info: 2 \ip\171.33.251.54:36165\name\Anni_Skywalker<3\rate\4000\snaps\20\model\jedi_hf/head_b1|torso_a1|lower_a1\forcepowers\7-1-232330000003001333\color1\4\color2\4\handicap\100\sex\female\cg_predictItems\1\saber1\single_5\saber2\none\char_color_red\254\char_color_green\230\char_color_blue\132\cp_pluginDisable\0\teamtask\0\teamoverlay\1
4-5-2021 18:29 (477:31): ClientUserinfoChanged: 2 n\Anni_Skywalker<3\t\0\model\jedi_hf/head_b1|torso_a1|lower_a1\c1\4\c2\4\hc\100\w\0\l\0\tt\0\tl\0\st\single_5\st2\none\dt\0
4-5-2021 18:29 (477:36): sayclose: Anakin_Skywalker: קעמ סענסכמס?
4-5-2021 18:30 (478:08): sayclose: Anni_Skywalker<3: גסו ג םמנלו
4-5-2021 18:30 (478:37): ClientConnect: 1
4-5-2021 18:30 (478:37): ClientUserinfoChanged handling info: 1 \ip\73.82.23.177:29070\challenge\749830559\qport\49265\protocol\26\teamoverlay\0\snaps\40\sex\male\saber2\none\saber1\single_9\rate\25000\name\^1HIM\model\tavion_new/possessed\ja_guid\7BEC69E8E020F71FE301EC528B77556C\handicap\100\forcepowers\7-2-030330320000030332\cp_sbRGB2\0\cp_sbRGB1\0\cp_pluginDisable\18097\cp_cosmetics\64\cp_clanPwd\none\color2\4\color1\0\cjp_client\1.4JAPRO\char_color_red\255\char_color_green\255\char_color_blue\255\cg_predictItems\1\cg_displayNetSettings\125 0 125\cg_displayCameraPosition\1 80 16
4-5-2021 18:30 (478:37): ClientUserinfoChanged: 1 n\^1HIM\t\0\model\tavion_new/possessed\c1\0\c2\4\hc\0\w\0\l\0\tt\0\tl\0\st\\st2\\dt\0
4-5-2021 18:30 (478:37): IP: 73.82.23.177 ^1HIM
4-5-2021 18:30 (478:37): ClientUserinfoChanged handling info: 0 \ip\188.232.154.244:29070\name\Anakin_Skywalker\rate\4000\snaps\20\model\jedi_spanki1b/default\forcepowers\6-1-030330000000000333\color1\0\color2\4\handicap\100\sex\male\cg_predictItems\1\saber1\dark_gladius\saber2\none\char_color_red\255\char_color_green\255\char_color_blue\255\teamtask\0\teamoverlay\1
4-5-2021 18:30 (478:37): ClientUserinfoChanged: 0 n\Anakin_Skywalker\t\0\model\jedi_spanki1b/default\c1\0\c2\4\hc\100\w\0\l\0\tt\0\tl\0\st\default\st2\none\dt\0
4-5-2021 18:30 (478:45): Kill: 0 2 3: Anakin_Skywalker killed Anni_Skywalker<3 by MOD_SABER
4-5-2021 18:30 (478:48): ClientUserinfoChanged handling info: 2 \ip\171.33.251.54:36165\name\Anni_Skywalker<3\rate\4000\snaps\20\model\jedi_hf/head_b1|torso_a1|lower_a1\forcepowers\7-1-232330000003001333\color1\4\color2\4\handicap\100\sex\female\cg_predictItems\1\saber1\single_5\saber2\none\char_color_red\254\char_color_green\230\char_color_blue\132\cp_pluginDisable\0\teamtask\0\teamoverlay\1
4-5-2021 18:30 (478:48): ClientUserinfoChanged: 2 n\Anni_Skywalker<3\t\0\model\jedi_hf/head_b1|torso_a1|lower_a1\c1\4\c2\4\hc\100\w\0\l\0\tt\0\tl\0\st\single_5\st2\none\dt\0
4-5-2021 18:30 (478:48): ClientUserinfoChanged handling info: 1 \ip\73.82.23.177:29070\teamoverlay\0\snaps\40\sex\male\saber2\none\saber1\single_9\rate\25000\name\^1HIM\model\tavion_new/possessed\ja_guid\7BEC69E8E020F71FE301EC528B77556C\handicap\100\forcepowers\7-2-030330320000030332\cp_sbRGB2\0\cp_sbRGB1\0\cp_pluginDisable\18097\cp_cosmetics\64\cp_clanPwd\none\color2\4\color1\0\cjp_client\1.4JAPRO\char_color_red\255\char_color_green\255\char_color_blue\255\cg_predictItems\1\cg_displayNetSettings\125 0 125\cg_displayCameraPosition\1 80 16
4-5-2021 18:30 (478:48): ClientUserinfoChanged: 1 n\^1HIM\t\0\model\tavion_new/possessed\c1\0\c2\4\hc\0\w\0\l\0\tt\0\tl\0\st\single_9\st2\none\dt\0
4-5-2021 18:30 (478:48): ClientUserinfoChanged handling info: 1 \ip\73.82.23.177:29070\teamoverlay\0\snaps\40\sex\male\saber2\none\saber1\single_9\rate\25000\name\^1HIM\model\tavion_new/possessed\ja_guid\7BEC69E8E020F71FE301EC528B77556C\handicap\100\forcepowers\7-2-030330320000030332\cp_sbRGB2\0\cp_sbRGB1\0\cp_pluginDisable\18097\cp_cosmetics\64\cp_clanPwd\none\color2\4\color1\0\cjp_client\1.4JAPRO\char_color_red\255\char_color_green\255\char_color_blue\255\cg_predictItems\1\cg_displayNetSettings\125 0 125\cg_displayCameraPosition\1 80 16
4-5-2021 18:30 (478:48): ClientUserinfoChanged: 1 n\^1HIM\t\0\model\tavion_new/possessed\c1\0\c2\4\hc\100\w\0\l\0\tt\0\tl\0\st\single_9\st2\none\dt\0
4-5-2021 18:30 (478:48): ClientBegin: 1
4-5-2021 18:31 (479:15): Kill: 1 639 3: ^1HIM killed  by MOD_SABER
4-5-2021 18:31 (479:16): Kill: 1022 606 37: <world> killed  by MOD_TELEFRAG
4-5-2021 18:31 (479:19): Kill: 1022 602 37: <world> killed  by MOD_TELEFRAG
4-5-2021 18:31 (479:32): Kill: 1022 1 3: <world> killed ^1HIM by MOD_SABER
4-5-2021 18:31 (479:35): ClientDisconnect: 0
4-5-2021 18:31 (479:55): say: ^1HIM: ^7wow wutta shitty server
4-5-2021 18:32 (479:59): ClientDisconnect: 1
4-5-2021 18:32 (480:06): ClientDisconnect: 2
4-5-2021 18:32 (480:08): ClientConnect: 0
4-5-2021 18:32 (480:08): ClientUserinfoChanged handling info: 0 \team\0\skill\ 5.00\personality\botfiles/astupidbot.jkb\saber2\none\saber1\kyle\color2\4\color1\4\sex\male\model\jawa\snaps\20\rate\25000\name\astupidbot
4-5-2021 18:32 (480:08): ClientUserinfoChanged: 0 n\astupidbot\t\0\model\jawa\c1\4\c2\4\hc\0\w\0\l\0\skill\ 5.00\tt\0\tl\0\siegeclass\none\st\\st2\\dt\0\sdt\0
4-5-2021 18:32 (480:08): IP: localhost astupidbot
4-5-2021 18:32 (480:08): ClientUserinfoChanged handling info: 0 \team\0\skill\ 5.00\personality\botfiles/astupidbot.jkb\saber2\none\saber1\kyle\color2\4\color1\4\sex\male\model\jawa\snaps\20\rate\25000\name\astupidbot
4-5-2021 18:32 (480:08): ClientUserinfoChanged: 0 n\astupidbot\t\0\model\jawa\c1\4\c2\4\hc\100\w\0\l\0\skill\ 5.00\tt\0\tl\0\siegeclass\none\st\Kyle\st2\none\dt\0\sdt\0
4-5-2021 18:32 (480:08): ClientBegin: 0
4-5-2021 18:32 (480:28): Kill: 1022 600 37: <world> killed  by MOD_TELEFRAG
4-5-2021 18:32 (480:29): ClientConnect: 1
4-5-2021 18:32 (480:29): ClientUserinfoChanged handling info: 1 \team\0\skill\ 5.00\personality\botfiles/newkyle.jkb\saber2\none\saber1\kyle\color2\4\color1\1\sex\male\model\kyle\snaps\20\rate\25000\name\Kyle
4-5-2021 18:32 (480:29): ClientUserinfoChanged: 1 n\Kyle\t\0\model\kyle\c1\1\c2\4\hc\0\w\0\l\0\skill\ 5.00\tt\0\tl\0\siegeclass\none\st\\st2\\dt\0\sdt\0
4-5-2021 18:32 (480:29): IP: localhost Kyle
4-5-2021 18:32 (480:29): ClientUserinfoChanged handling info: 1 \team\0\skill\ 5.00\personality\botfiles/newkyle.jkb\saber2\none\saber1\kyle\color2\4\color1\1\sex\male\model\kyle\snaps\20\rate\25000\name\Kyle
4-5-2021 18:32 (480:29): ClientUserinfoChanged: 1 n\Kyle\t\0\model\kyle\c1\1\c2\4\hc\100\w\0\l\0\skill\ 5.00\tt\0\tl\0\siegeclass\none\st\Kyle\st2\none\dt\0\sdt\0
4-5-2021 18:32 (480:29): ClientBegin: 1
4-5-2021 18:32 (480:37): Kill: 1022 608 37: <world> killed  by MOD_TELEFRAG
4-5-2021 18:32 (480:38): Kill: 1022 610 37: <world> killed  by MOD_TELEFRAG
4-5-2021 18:32 (480:42): Kill: 1022 620 37: <world> killed  by MOD_TELEFRAG
4-5-2021 18:33 (481:05): Kill: 1022 652 37: <world> killed  by MOD_TELEFRAG
4-6-2021 5:37 (1145:09): ClientConnect: 2
4-6-2021 5:37 (1145:09): ClientUserinfoChanged handling info: 2 \ip\47.36.156.28:29070\challenge\-1928139316\qport\58737\protocol\26\name\Padawan\rate\25000\snaps\20\model\boba_fett/default\forcepowers\7-1-030000000000000330\color1\0\color2\1\handicap\100\sex\male\cg_predictItems\1\saber1\single_4\saber2\none\char_color_red\255\char_color_green\255\char_color_blue\255\teamtask\0\teamoverlay\1
4-6-2021 5:37 (1145:09): ClientUserinfoChanged: 2 n\Padawan\t\0\model\boba_fett/default\c1\0\c2\1\hc\0\w\0\l\0\tt\0\tl\0\st\\st2\\dt\0
4-6-2021 5:37 (1145:09): IP: 47.36.156.28 Padawan
4-6-2021 5:37 (1145:25): ClientUserinfoChanged handling info: 2 \ip\47.36.156.28:29070\name\Padawan\rate\25000\snaps\20\model\tavion_new/default\forcepowers\7-2-032330122000010333\color1\0\color2\4\handicap\100\sex\male\cg_predictItems\1\saber1\single_4\saber2\none\char_color_red\255\char_color_green\255\char_color_blue\255\teamtask\0\teamoverlay\1
4-6-2021 5:37 (1145:25): ClientUserinfoChanged: 2 n\Padawan\t\0\model\tavion_new/default\c1\0\c2\4\hc\0\w\0\l\0\tt\0\tl\0\st\single_4\st2\none\dt\0
4-6-2021 5:37 (1145:25): ClientUserinfoChanged handling info: 2 \ip\47.36.156.28:29070\name\Padawan\rate\25000\snaps\20\model\tavion_new/default\forcepowers\7-2-032330122000010333\color1\0\color2\4\handicap\100\sex\male\cg_predictItems\1\saber1\single_4\saber2\none\char_color_red\255\char_color_green\255\char_color_blue\255\teamtask\0\teamoverlay\1
4-6-2021 5:37 (1145:25): ClientUserinfoChanged: 2 n\Padawan\t\0\model\tavion_new/default\c1\0\c2\4\hc\100\w\0\l\0\tt\0\tl\0\st\single_4\st2\none\dt\0
4-6-2021 5:37 (1145:25): ClientBegin: 2
4-6-2021 5:37 (1145:48): say: astupidbot: bye all
4-6-2021 5:37 (1145:48): ClientDisconnect: 0
4-6-2021 5:37 (1145:55): ClientDisconnect: 2
4-6-2021 5:38 (1146:06): ClientConnect: 0
4-6-2021 5:38 (1146:06): ClientUserinfoChanged handling info: 0 \team\0\skill\ 5.00\personality\botfiles/astupidbot.jkb\saber2\none\saber1\kyle\color2\4\color1\4\sex\male\model\jawa\snaps\20\rate\25000\name\astupidbot
4-6-2021 5:38 (1146:06): ClientUserinfoChanged: 0 n\astupidbot\t\0\model\jawa\c1\4\c2\4\hc\0\w\0\l\0\skill\ 5.00\tt\0\tl\0\siegeclass\none\st\\st2\\dt\0\sdt\0
4-6-2021 5:38 (1146:06): IP: localhost astupidbot
4-6-2021 5:38 (1146:06): ClientUserinfoChanged handling info: 0 \team\0\skill\ 5.00\personality\botfiles/astupidbot.jkb\saber2\none\saber1\kyle\color2\4\color1\4\sex\male\model\jawa\snaps\20\rate\25000\name\astupidbot
4-6-2021 5:38 (1146:06): ClientUserinfoChanged: 0 n\astupidbot\t\0\model\jawa\c1\4\c2\4\hc\100\w\0\l\0\skill\ 5.00\tt\0\tl\0\siegeclass\none\st\Kyle\st2\none\dt\0\sdt\0
4-6-2021 5:38 (1146:06): ClientBegin: 0
4-6-2021 23:51 (2238:05): ClientConnect: 2
4-6-2021 23:51 (2238:05): ClientUserinfoChanged handling info: 2 \ip\109.160.19.157:54306\challenge\2002279143\qport\49446\protocol\26\teamoverlay\1\snaps\40\sex\male\saber2\none\saber1\Kyle\rate\25000\name\Ashura\model\stormtrooper/red\ja_guid\8E0465C90CD2575AB82D959E6DEC561F\handicap\100\forcepowers\7-2-030320003000030333\color2\2\color1\3\char_color_red\255\char_color_green\255\char_color_blue\255\cg_predictItems\1
4-6-2021 23:51 (2238:05): ClientUserinfoChanged: 2 n\Ashura\t\0\model\stormtrooper/red\c1\3\c2\2\hc\0\w\0\l\0\tt\0\tl\0\st\\st2\\dt\0
4-6-2021 23:51 (2238:05): IP: 109.160.19.157 Ashura
4-6-2021 23:51 (2238:12): ClientDisconnect: 2
4-7-2021 9:43 (2830:21): ShutdownGame:
4-7-2021 9:43 (2830:21): ------------------------------------------------------------
