3-32-2021 17:26 (0:00): ------------------------------------------------------------
3-32-2021 17:26 (0:00): InitGame: \version\JAmp: v1.0.1.0 linux-i386 Mar 14 2020\timelimit\0\sv_privateClients\0\sv_minRate\0\sv_minPing\0\sv_maxclients\32\sv_maxRate\0\sv_maxPing\999\sv_hostname\^7~^1~^7~ COMM SERVER ~^1~^7~\sv_fps\50\sv_floodProtectSlow\1\sv_floodProtect\1\sv_autoDemo\0\sv_allowDownload\0\serveruptime\54\protocol\26\mapname\taspir1\gamename\Lugormod\g_weaponDisable\0\g_stepSlideFix\0\g_siegeTeamSwitch\1\g_siegeTeam2\none\g_siegeTeam1\none\g_siegeRespawn\20\g_showDuelHealths\1\g_saberWallDamageScale\0.4\g_saberLocking\0\g_privateDuel\1535\g_noSpecMove\0\g_needpass\0\g_maxHolocronCarry\3\g_maxGameClients\0\g_maxForceRank\7\g_jediVmerc\0\g_gametype\0\g_gamemode\0\g_forceRegenTime\160\g_forcePowerDisable\0\g_forceBasedTeams\1\g_duelWeaponDisable\9\g_debugmelee\1\g_allowNPC\1\fs_game\lugormod\fraglimit\0\duel_fraglimit\10\dmflags\0\capturelimit\10\bot_minplayers\2\bg_fighterAltControl\0\Lugormod_Version\U#-0.0.0.91 Alpha
3-32-2021 17:27 (0:30): ClientConnect: 0
3-32-2021 17:27 (0:30): ClientUserinfoChanged handling info: 0 \team\0\skill\ 5.00\personality\botfiles/astupidbot.jkb\saber2\none\saber1\kyle\color2\4\color1\4\sex\male\model\jawa\snaps\20\rate\25000\name\astupidbot
3-32-2021 17:27 (0:30): ClientUserinfoChanged: 0 n\astupidbot\t\0\model\jawa\c1\4\c2\4\hc\0\w\0\l\0\skill\ 5.00\tt\0\tl\0\siegeclass\none\st\\st2\\dt\0\sdt\0
3-32-2021 17:27 (0:30): IP: localhost astupidbot
3-32-2021 17:27 (0:30): ClientUserinfoChanged handling info: 0 \team\0\skill\ 5.00\personality\botfiles/astupidbot.jkb\saber2\none\saber1\kyle\color2\4\color1\4\sex\male\model\jawa\snaps\20\rate\25000\name\astupidbot
3-32-2021 17:27 (0:30): ClientUserinfoChanged: 0 n\astupidbot\t\0\model\jawa\c1\4\c2\4\hc\100\w\0\l\0\skill\ 5.00\tt\0\tl\0\siegeclass\none\st\Kyle\st2\none\dt\0\sdt\0
3-32-2021 17:27 (0:30): ClientBegin: 0
3-32-2021 17:27 (0:44): ClientConnect: 1
3-32-2021 17:27 (0:44): ClientUserinfoChanged handling info: 1 \team\0\skill\ 5.00\personality\botfiles/newkyle.jkb\saber2\none\saber1\kyle\color2\4\color1\1\sex\male\model\kyle\snaps\20\rate\25000\name\Kyle
3-32-2021 17:27 (0:44): ClientUserinfoChanged: 1 n\Kyle\t\0\model\kyle\c1\1\c2\4\hc\0\w\0\l\0\skill\ 5.00\tt\0\tl\0\siegeclass\none\st\\st2\\dt\0\sdt\0
3-32-2021 17:27 (0:44): IP: localhost Kyle
3-32-2021 17:27 (0:44): ClientUserinfoChanged handling info: 1 \team\0\skill\ 5.00\personality\botfiles/newkyle.jkb\saber2\none\saber1\kyle\color2\4\color1\1\sex\male\model\kyle\snaps\20\rate\25000\name\Kyle
3-32-2021 17:27 (0:44): ClientUserinfoChanged: 1 n\Kyle\t\0\model\kyle\c1\1\c2\4\hc\100\w\0\l\0\skill\ 5.00\tt\0\tl\0\siegeclass\none\st\Kyle\st2\none\dt\0\sdt\0
3-32-2021 17:27 (0:44): ClientBegin: 1
3-32-2021 19:33 (126:35): ClientConnect: 2
3-32-2021 19:33 (126:35): ClientUserinfoChanged handling info: 2 \ip\213.111.90.122:29070\challenge\-1706665862\qport\54409\protocol\26\name\XoXJIbI IIUDAPACbI\rate\4000\snaps\20\model\kyle/default\forcepowers\7-1-032330000000001333\color1\3\color2\4\handicap\100\teamtask\0\sex\male\cg_predictItems\1\saber1\single_4\saber2\none\char_color_red\255\char_color_green\255\char_color_blue\255
3-32-2021 19:33 (126:35): ClientUserinfoChanged: 2 n\XoXJIbI IIUDAPACbI\t\0\model\kyle/default\c1\3\c2\4\hc\0\w\0\l\0\tt\0\tl\0\st\\st2\\dt\0
3-32-2021 19:33 (126:35): IP: 213.111.90.122 XoXJIbI IIUDAPACbI
3-32-2021 19:33 (126:38): ClientDisconnect: 2
3-32-2021 19:34 (127:14): ClientConnect: 2
3-32-2021 19:34 (127:14): ClientUserinfoChanged handling info: 2 \ip\213.111.90.122:29070\challenge\-98417875\qport\54409\protocol\26\name\Padawan\rate\4000\snaps\20\model\kyle/default\forcepowers\7-1-032330000000001333\color1\4\color2\4\handicap\100\teamtask\0\sex\male\cg_predictItems\1\saber1\single_1\saber2\none\char_color_red\255\char_color_green\255\char_color_blue\255
3-32-2021 19:34 (127:14): ClientUserinfoChanged: 2 n\Padawan\t\0\model\kyle/default\c1\4\c2\4\hc\0\w\0\l\0\tt\0\tl\0\st\\st2\\dt\0
3-32-2021 19:34 (127:14): IP: 213.111.90.122 Padawan
3-32-2021 19:34 (127:36): ClientUserinfoChanged handling info: 2 \ip\213.111.90.122:29070\name\Padawan\rate\4000\snaps\20\model\kyle/default\forcepowers\7-1-032330000000001333\color1\4\color2\4\handicap\100\teamtask\0\sex\male\cg_predictItems\1\saber1\single_1\saber2\none\char_color_red\255\char_color_green\255\char_color_blue\255\teamoverlay\1
3-32-2021 19:34 (127:36): ClientUserinfoChanged: 2 n\Padawan\t\0\model\kyle/default\c1\4\c2\4\hc\0\w\0\l\0\tt\0\tl\0\st\single_1\st2\none\dt\0
3-32-2021 19:34 (127:36): ClientUserinfoChanged handling info: 2 \ip\213.111.90.122:29070\name\Padawan\rate\4000\snaps\20\model\kyle/default\forcepowers\7-1-032330000000001333\color1\4\color2\4\handicap\100\teamtask\0\sex\male\cg_predictItems\1\saber1\single_1\saber2\none\char_color_red\255\char_color_green\255\char_color_blue\255\teamoverlay\1
3-32-2021 19:34 (127:36): ClientUserinfoChanged: 2 n\Padawan\t\0\model\kyle/default\c1\4\c2\4\hc\100\w\0\l\0\tt\0\tl\0\st\single_1\st2\none\dt\0
3-32-2021 19:34 (127:36): ClientBegin: 2
3-32-2021 19:35 (128:03): ClientDisconnect: 2
3-32-2021 20: 9 (162:34): ClientConnect: 2
3-32-2021 20: 9 (162:34): ClientUserinfoChanged handling info: 2 \ip\91.90.11.199:15868\challenge\-886868434\qport\63021\protocol\26\name\Padawan\rate\4000\snaps\20\model\morgan/default\forcepowers\7-2-030330330000000333\color1\5\color2\4\handicap\100\sex\male\cg_predictItems\1\saber1\dual_1\saber2\none\char_color_red\255\char_color_green\255\char_color_blue\255\teamtask\0\teamoverlay\0
3-32-2021 20: 9 (162:34): ClientUserinfoChanged: 2 n\Padawan\t\0\model\morgan/default\c1\5\c2\4\hc\0\w\0\l\0\tt\0\tl\0\st\\st2\\dt\0
3-32-2021 20: 9 (162:34): IP: 91.90.11.199 Padawan
3-32-2021 20:10 (162:55): ClientUserinfoChanged handling info: 2 \ip\91.90.11.199:15868\name\Padawan\rate\4000\snaps\20\model\kyle/default\forcepowers\7-1-031330000000000332\color1\4\color2\4\handicap\100\sex\male\cg_predictItems\1\saber1\single_1\saber2\none\char_color_red\255\char_color_green\255\char_color_blue\255\teamtask\0\teamoverlay\1
3-32-2021 20:10 (162:55): ClientUserinfoChanged: 2 n\Padawan\t\0\model\kyle/default\c1\4\c2\4\hc\0\w\0\l\0\tt\0\tl\0\st\single_1\st2\none\dt\0
3-32-2021 20:10 (162:55): ClientUserinfoChanged handling info: 2 \ip\91.90.11.199:15868\name\Padawan\rate\4000\snaps\20\model\kyle/default\forcepowers\7-1-031330000000000332\color1\4\color2\4\handicap\100\sex\male\cg_predictItems\1\saber1\single_1\saber2\none\char_color_red\255\char_color_green\255\char_color_blue\255\teamtask\0\teamoverlay\1
3-32-2021 20:10 (162:55): ClientUserinfoChanged: 2 n\Padawan\t\0\model\kyle/default\c1\4\c2\4\hc\100\w\0\l\0\tt\0\tl\0\st\single_1\st2\none\dt\0
3-32-2021 20:10 (162:55): ClientBegin: 2
3-32-2021 20:10 (163:15): say: astupidbot: cya
3-32-2021 20:10 (163:15): ClientDisconnect: 0
3-32-2021 20:10 (163:17): say: Kyle: bye
3-32-2021 20:11 (164:43): ClientDisconnect: 2
3-32-2021 20:11 (164:48): ClientConnect: 0
3-32-2021 20:11 (164:48): ClientUserinfoChanged handling info: 0 \team\0\skill\ 5.00\personality\botfiles/astupidbot.jkb\saber2\none\saber1\kyle\color2\4\color1\4\sex\male\model\jawa\snaps\20\rate\25000\name\astupidbot
3-32-2021 20:11 (164:48): ClientUserinfoChanged: 0 n\astupidbot\t\0\model\jawa\c1\4\c2\4\hc\0\w\0\l\0\skill\ 5.00\tt\0\tl\0\siegeclass\none\st\\st2\\dt\0\sdt\0
3-32-2021 20:11 (164:48): IP: localhost astupidbot
3-32-2021 20:11 (164:48): ClientUserinfoChanged handling info: 0 \team\0\skill\ 5.00\personality\botfiles/astupidbot.jkb\saber2\none\saber1\kyle\color2\4\color1\4\sex\male\model\jawa\snaps\20\rate\25000\name\astupidbot
3-32-2021 20:11 (164:48): ClientUserinfoChanged: 0 n\astupidbot\t\0\model\jawa\c1\4\c2\4\hc\100\w\0\l\0\skill\ 5.00\tt\0\tl\0\siegeclass\none\st\Kyle\st2\none\dt\0\sdt\0
3-32-2021 20:11 (164:48): ClientBegin: 0
3-32-2021 21:18 (231:22): ClientConnect: 2
3-32-2021 21:18 (231:22): ClientUserinfoChanged handling info: 2 \ip\73.82.23.177:29070\challenge\-2136933511\qport\9293\protocol\26\teamoverlay\0\snaps\40\sex\male\saber2\none\saber1\single_9\rate\25000\name\Padawan\model\reborn_new/default\ja_guid\7BEC69E8E020F71FE301EC528B77556C\handicap\100\forcepowers\7-1-332330000220003330\cp_sbRGB1\16711756\cp_pluginDisable\18097\cp_cosmetics\64\cp_clanPwd\none\color2\6\color1\10\cjp_client\1.4JAPRO\char_color_red\255\char_color_green\255\char_color_blue\255\cg_predictItems\1\cg_displayNetSettings\125 0 125\cg_displayCameraPosition\1 80 16
3-32-2021 21:18 (231:22): ClientUserinfoChanged: 2 n\Padawan\t\0\model\reborn_new/default\c1\10\c2\6\hc\0\w\0\l\0\tt\0\tl\0\st\\st2\\dt\0
3-32-2021 21:18 (231:22): IP: 73.82.23.177 Padawan
3-32-2021 21:18 (231:22): say: astupidbot: Hello
3-32-2021 21:18 (231:24): say: Kyle: Hello Astupidbot.
3-32-2021 21:18 (231:25): Kill: 1022 0 41: <world> killed astupidbot by MOD_TRIGGER_HURT
3-32-2021 21:18 (231:26): ClientUserinfoChanged handling info: 0 \team\0\skill\ 5.00\personality\botfiles/astupidbot.jkb\saber2\none\saber1\kyle\color2\4\color1\4\sex\male\model\jawa\snaps\20\rate\25000\name\astupidbot
3-32-2021 21:18 (231:26): ClientUserinfoChanged: 0 n\astupidbot\t\0\model\jawa\c1\4\c2\4\hc\100\w\0\l\0\skill\ 5.00\tt\0\tl\0\siegeclass\none\st\Kyle\st2\none\dt\0\sdt\0
3-32-2021 21:18 (231:26): say: astupidbot: Hi
3-32-2021 21:18 (231:32): ClientUserinfoChanged handling info: 2 \ip\73.82.23.177:29070\teamoverlay\0\snaps\40\sex\male\saber2\none\saber1\single_9\rate\25000\name\Padawan\model\reborn_new/default\ja_guid\7BEC69E8E020F71FE301EC528B77556C\handicap\100\forcepowers\7-1-332330000220003330\cp_sbRGB1\16711756\cp_pluginDisable\18097\cp_cosmetics\64\cp_clanPwd\none\color2\6\color1\10\cjp_client\1.4JAPRO\char_color_red\255\char_color_green\255\char_color_blue\255\cg_predictItems\1\cg_displayNetSettings\125 0 125\cg_displayCameraPosition\1 80 16
3-32-2021 21:18 (231:32): ClientUserinfoChanged: 2 n\Padawan\t\0\model\reborn_new/default\c1\10\c2\6\hc\0\w\0\l\0\tt\0\tl\0\st\single_9\st2\none\dt\0
3-32-2021 21:18 (231:32): ClientUserinfoChanged handling info: 2 \ip\73.82.23.177:29070\teamoverlay\0\snaps\40\sex\male\saber2\none\saber1\single_9\rate\25000\name\Padawan\model\reborn_new/default\ja_guid\7BEC69E8E020F71FE301EC528B77556C\handicap\100\forcepowers\7-1-332330000220003330\cp_sbRGB1\16711756\cp_pluginDisable\18097\cp_cosmetics\64\cp_clanPwd\none\color2\6\color1\10\cjp_client\1.4JAPRO\char_color_red\255\char_color_green\255\char_color_blue\255\cg_predictItems\1\cg_displayNetSettings\125 0 125\cg_displayCameraPosition\1 80 16
3-32-2021 21:18 (231:32): ClientUserinfoChanged: 2 n\Padawan\t\0\model\reborn_new/default\c1\10\c2\6\hc\100\w\0\l\0\tt\0\tl\0\st\single_9\st2\none\dt\0
3-32-2021 21:18 (231:32): ClientBegin: 2
3-32-2021 21:18 (231:35): Kill: 1022 1 35: <world> killed Kyle by MOD_LAVA
3-32-2021 21:18 (231:36): ClientUserinfoChanged handling info: 1 \team\0\skill\ 5.00\personality\botfiles/newkyle.jkb\saber2\none\saber1\kyle\color2\4\color1\1\sex\male\model\kyle\snaps\20\rate\25000\name\Kyle
3-32-2021 21:18 (231:36): ClientUserinfoChanged: 1 n\Kyle\t\0\model\kyle\c1\1\c2\4\hc\100\w\0\l\0\skill\ 5.00\tt\0\tl\0\siegeclass\none\st\Kyle\st2\none\dt\0\sdt\0
3-32-2021 21:18 (231:48): say: astupidbot: g2g
3-32-2021 21:18 (231:48): ClientDisconnect: 0
3-32-2021 21:19 (231:55): Kill: 1022 1 41: <world> killed Kyle by MOD_TRIGGER_HURT
3-32-2021 21:19 (231:56): ClientUserinfoChanged handling info: 1 \team\0\skill\ 5.00\personality\botfiles/newkyle.jkb\saber2\none\saber1\kyle\color2\4\color1\1\sex\male\model\kyle\snaps\20\rate\25000\name\Kyle
3-32-2021 21:19 (231:56): ClientUserinfoChanged: 1 n\Kyle\t\0\model\kyle\c1\1\c2\4\hc\100\w\0\l\0\skill\ 5.00\tt\0\tl\0\siegeclass\none\st\Kyle\st2\none\dt\0\sdt\0
3-32-2021 21:19 (232:10): Kill: 1022 1 41: <world> killed Kyle by MOD_TRIGGER_HURT
3-32-2021 21:19 (232:11): ClientUserinfoChanged handling info: 1 \team\0\skill\ 5.00\personality\botfiles/newkyle.jkb\saber2\none\saber1\kyle\color2\4\color1\1\sex\male\model\kyle\snaps\20\rate\25000\name\Kyle
3-32-2021 21:19 (232:11): ClientUserinfoChanged: 1 n\Kyle\t\0\model\kyle\c1\1\c2\4\hc\100\w\0\l\0\skill\ 5.00\tt\0\tl\0\siegeclass\none\st\Kyle\st2\none\dt\0\sdt\0
3-32-2021 21:19 (232:14): Kill: 1022 1 41: <world> killed Kyle by MOD_TRIGGER_HURT
3-32-2021 21:19 (232:15): ClientUserinfoChanged handling info: 1 \team\0\skill\ 5.00\personality\botfiles/newkyle.jkb\saber2\none\saber1\kyle\color2\4\color1\1\sex\male\model\kyle\snaps\20\rate\25000\name\Kyle
3-32-2021 21:19 (232:15): ClientUserinfoChanged: 1 n\Kyle\t\0\model\kyle\c1\1\c2\4\hc\100\w\0\l\0\skill\ 5.00\tt\0\tl\0\siegeclass\none\st\Kyle\st2\none\dt\0\sdt\0
3-32-2021 21:20 (233:18): Kill: 2 1 41: Padawan killed Kyle by MOD_TRIGGER_HURT
3-32-2021 21:20 (233:20): ClientUserinfoChanged handling info: 1 \team\0\skill\ 5.00\personality\botfiles/newkyle.jkb\saber2\none\saber1\kyle\color2\4\color1\1\sex\male\model\kyle\snaps\20\rate\25000\name\Kyle
3-32-2021 21:20 (233:20): ClientUserinfoChanged: 1 n\Kyle\t\0\model\kyle\c1\1\c2\4\hc\100\w\0\l\0\skill\ 5.00\tt\0\tl\0\siegeclass\none\st\Kyle\st2\none\dt\0\sdt\0
3-32-2021 21:20 (233:20): say: Kyle: Good Fight
3-32-2021 21:21 (234:18): Kill: 2 1 41: Padawan killed Kyle by MOD_TRIGGER_HURT
3-32-2021 21:21 (234:19): ClientUserinfoChanged handling info: 1 \team\0\skill\ 5.00\personality\botfiles/newkyle.jkb\saber2\none\saber1\kyle\color2\4\color1\1\sex\male\model\kyle\snaps\20\rate\25000\name\Kyle
3-32-2021 21:21 (234:19): ClientUserinfoChanged: 1 n\Kyle\t\0\model\kyle\c1\1\c2\4\hc\100\w\0\l\0\skill\ 5.00\tt\0\tl\0\siegeclass\none\st\Kyle\st2\none\dt\0\sdt\0
3-32-2021 21:22 (235:16): ClientDisconnect: 2
3-32-2021 21:22 (235:22): ClientConnect: 0
3-32-2021 21:22 (235:22): ClientUserinfoChanged handling info: 0 \team\0\skill\ 5.00\personality\botfiles/astupidbot.jkb\saber2\none\saber1\kyle\color2\4\color1\4\sex\male\model\jawa\snaps\20\rate\25000\name\astupidbot
3-32-2021 21:22 (235:22): ClientUserinfoChanged: 0 n\astupidbot\t\0\model\jawa\c1\4\c2\4\hc\0\w\0\l\0\skill\ 5.00\tt\0\tl\0\siegeclass\none\st\\st2\\dt\0\sdt\0
3-32-2021 21:22 (235:22): IP: localhost astupidbot
3-32-2021 21:22 (235:22): ClientUserinfoChanged handling info: 0 \team\0\skill\ 5.00\personality\botfiles/astupidbot.jkb\saber2\none\saber1\kyle\color2\4\color1\4\sex\male\model\jawa\snaps\20\rate\25000\name\astupidbot
3-32-2021 21:22 (235:22): ClientUserinfoChanged: 0 n\astupidbot\t\0\model\jawa\c1\4\c2\4\hc\100\w\0\l\0\skill\ 5.00\tt\0\tl\0\siegeclass\none\st\Kyle\st2\none\dt\0\sdt\0
3-32-2021 21:22 (235:22): ClientBegin: 0
4-2-2021 16: 4 (1355:03): ClientConnect: 2
4-2-2021 16: 4 (1355:03): ClientUserinfoChanged handling info: 2 \ip\95.139.191.252:29070\challenge\1393728816\qport\8588\protocol\26\name\Padawan\rate\4000\snaps\20\model\kyle/default\forcepowers\7-1-032330000000001333\color1\4\color2\4\handicap\100\teamtask\0\sex\male\cg_predictItems\1\saber1\single_1\saber2\none\char_color_red\255\char_color_green\255\char_color_blue\255\cp_pluginDisable\0\teamoverlay\0
4-2-2021 16: 4 (1355:03): ClientUserinfoChanged: 2 n\Padawan\t\0\model\kyle/default\c1\4\c2\4\hc\0\w\0\l\0\tt\0\tl\0\st\\st2\\dt\0
4-2-2021 16: 4 (1355:03): IP: 95.139.191.252 Padawan
4-2-2021 16: 4 (1355:06): say: Kyle: Where is everyone?
4-2-2021 16: 4 (1355:07): Kill: 1022 0 41: <world> killed astupidbot by MOD_TRIGGER_HURT
4-2-2021 16: 4 (1355:08): ClientUserinfoChanged handling info: 0 \team\0\skill\ 5.00\personality\botfiles/astupidbot.jkb\saber2\none\saber1\kyle\color2\4\color1\4\sex\male\model\jawa\snaps\20\rate\25000\name\astupidbot
4-2-2021 16: 4 (1355:08): ClientUserinfoChanged: 0 n\astupidbot\t\0\model\jawa\c1\4\c2\4\hc\100\w\0\l\0\skill\ 5.00\tt\0\tl\0\siegeclass\none\st\Kyle\st2\none\dt\0\sdt\0
4-2-2021 16: 4 (1355:17): Kill: 1022 1 41: <world> killed Kyle by MOD_TRIGGER_HURT
4-2-2021 16: 4 (1355:18): ClientUserinfoChanged handling info: 1 \team\0\skill\ 5.00\personality\botfiles/newkyle.jkb\saber2\none\saber1\kyle\color2\4\color1\1\sex\male\model\kyle\snaps\20\rate\25000\name\Kyle
4-2-2021 16: 4 (1355:18): ClientUserinfoChanged: 1 n\Kyle\t\0\model\kyle\c1\1\c2\4\hc\100\w\0\l\0\skill\ 5.00\tt\0\tl\0\siegeclass\none\st\Kyle\st2\none\dt\0\sdt\0
4-2-2021 16: 5 (1355:25): ClientUserinfoChanged handling info: 2 \ip\95.139.191.252:29070\name\Padawan\rate\4000\snaps\20\model\kyle/default\forcepowers\7-1-032330000000001333\color1\4\color2\4\handicap\100\teamtask\0\sex\male\cg_predictItems\1\saber1\single_1\saber2\none\char_color_red\255\char_color_green\255\char_color_blue\255\cp_pluginDisable\0\teamoverlay\1
4-2-2021 16: 5 (1355:25): ClientUserinfoChanged: 2 n\Padawan\t\0\model\kyle/default\c1\4\c2\4\hc\0\w\0\l\0\tt\0\tl\0\st\single_1\st2\none\dt\0
4-2-2021 16: 5 (1355:25): ClientUserinfoChanged handling info: 2 \ip\95.139.191.252:29070\name\Padawan\rate\4000\snaps\20\model\kyle/default\forcepowers\7-1-032330000000001333\color1\4\color2\4\handicap\100\teamtask\0\sex\male\cg_predictItems\1\saber1\single_1\saber2\none\char_color_red\255\char_color_green\255\char_color_blue\255\cp_pluginDisable\0\teamoverlay\1
4-2-2021 16: 5 (1355:25): ClientUserinfoChanged: 2 n\Padawan\t\0\model\kyle/default\c1\4\c2\4\hc\100\w\0\l\0\tt\0\tl\0\st\single_1\st2\none\dt\0
4-2-2021 16: 5 (1355:25): ClientBegin: 2
4-2-2021 16: 5 (1355:29): say: astupidbot: cya
4-2-2021 16: 5 (1355:29): ClientDisconnect: 0
4-2-2021 16: 5 (1355:31): say: Kyle: bye
4-2-2021 16: 5 (1356:04): ClientDisconnect: 2
4-2-2021 16: 5 (1356:15): ClientConnect: 0
4-2-2021 16: 5 (1356:15): ClientUserinfoChanged handling info: 0 \team\0\skill\ 5.00\personality\botfiles/astupidbot.jkb\saber2\none\saber1\kyle\color2\4\color1\4\sex\male\model\jawa\snaps\20\rate\25000\name\astupidbot
4-2-2021 16: 5 (1356:15): ClientUserinfoChanged: 0 n\astupidbot\t\0\model\jawa\c1\4\c2\4\hc\0\w\0\l\0\skill\ 5.00\tt\0\tl\0\siegeclass\none\st\\st2\\dt\0\sdt\0
4-2-2021 16: 5 (1356:15): IP: localhost astupidbot
4-2-2021 16: 5 (1356:15): ClientUserinfoChanged handling info: 0 \team\0\skill\ 5.00\personality\botfiles/astupidbot.jkb\saber2\none\saber1\kyle\color2\4\color1\4\sex\male\model\jawa\snaps\20\rate\25000\name\astupidbot
4-2-2021 16: 5 (1356:15): ClientUserinfoChanged: 0 n\astupidbot\t\0\model\jawa\c1\4\c2\4\hc\100\w\0\l\0\skill\ 5.00\tt\0\tl\0\siegeclass\none\st\Kyle\st2\none\dt\0\sdt\0
4-2-2021 16: 5 (1356:15): ClientBegin: 0
4-3-2021 4:54 (2125:23): ClientConnect: 2
4-3-2021 4:54 (2125:23): ClientUserinfoChanged handling info: 2 \ip\99.248.243.131:29070\challenge\-1790763682\qport\26953\protocol\26\name\Suba steve\rate\4000\snaps\20\model\shadowtrooper/default\forcepowers\1-1-010000000000000110\color1\0\color2\0\handicap\100\sex\male\cg_predictItems\1\saber1\dual_5\saber2\none\char_color_red\255\char_color_green\255\char_color_blue\255\teamtask\0\teamoverlay\1
4-3-2021 4:54 (2125:23): ClientUserinfoChanged: 2 n\Suba steve\t\0\model\shadowtrooper/default\c1\0\c2\0\hc\0\w\0\l\0\tt\0\tl\0\st\\st2\\dt\0
4-3-2021 4:54 (2125:23): IP: 99.248.243.131 Suba steve
4-3-2021 4:54 (2125:23): say: astupidbot: Hi
4-3-2021 4:55 (2125:43): ClientUserinfoChanged handling info: 2 \ip\99.248.243.131:29070\name\Suba steve\rate\4000\snaps\20\model\shadowtrooper/default\forcepowers\1-1-010000000000000110\color1\0\color2\0\handicap\100\sex\male\cg_predictItems\1\saber1\dual_5\saber2\none\char_color_red\255\char_color_green\255\char_color_blue\255\teamtask\0\teamoverlay\1
4-3-2021 4:55 (2125:43): ClientUserinfoChanged: 2 n\Suba steve\t\0\model\shadowtrooper/default\c1\0\c2\0\hc\0\w\0\l\0\tt\0\tl\0\st\dual_5\st2\none\dt\0
4-3-2021 4:55 (2125:43): ClientUserinfoChanged handling info: 2 \ip\99.248.243.131:29070\name\Suba steve\rate\4000\snaps\20\model\shadowtrooper/default\forcepowers\1-1-010000000000000110\color1\0\color2\0\handicap\100\sex\male\cg_predictItems\1\saber1\dual_5\saber2\none\char_color_red\255\char_color_green\255\char_color_blue\255\teamtask\0\teamoverlay\1
4-3-2021 4:55 (2125:43): ClientUserinfoChanged: 2 n\Suba steve\t\0\model\shadowtrooper/default\c1\0\c2\0\hc\100\w\0\l\0\tt\0\tl\0\st\dual_5\st2\none\dt\0
4-3-2021 4:55 (2125:43): ClientBegin: 2
4-3-2021 4:55 (2126:04): say: astupidbot: bye all
4-3-2021 4:55 (2126:04): ClientDisconnect: 0
4-3-2021 4:56 (2126:40): Kill: 1022 1 41: <world> killed Kyle by MOD_TRIGGER_HURT
4-3-2021 4:56 (2126:41): ClientUserinfoChanged handling info: 1 \team\0\skill\ 5.00\personality\botfiles/newkyle.jkb\saber2\none\saber1\kyle\color2\4\color1\1\sex\male\model\kyle\snaps\20\rate\25000\name\Kyle
4-3-2021 4:56 (2126:41): ClientUserinfoChanged: 1 n\Kyle\t\0\model\kyle\c1\1\c2\4\hc\100\w\0\l\0\skill\ 5.00\tt\0\tl\0\siegeclass\none\st\Kyle\st2\none\dt\0\sdt\0
4-3-2021 4:56 (2126:48): Kill: 1022 1 41: <world> killed Kyle by MOD_TRIGGER_HURT
4-3-2021 4:56 (2126:49): ClientUserinfoChanged handling info: 1 \team\0\skill\ 5.00\personality\botfiles/newkyle.jkb\saber2\none\saber1\kyle\color2\4\color1\1\sex\male\model\kyle\snaps\20\rate\25000\name\Kyle
4-3-2021 4:56 (2126:49): ClientUserinfoChanged: 1 n\Kyle\t\0\model\kyle\c1\1\c2\4\hc\100\w\0\l\0\skill\ 5.00\tt\0\tl\0\siegeclass\none\st\Kyle\st2\none\dt\0\sdt\0
4-3-2021 4:56 (2126:49): ClientUserinfoChanged handling info: 2 \ip\99.248.243.131:29070\name\Scuba steve\rate\4000\snaps\20\model\shadowtrooper/default\forcepowers\7-1-010000000000000110\color1\0\color2\0\handicap\100\sex\male\cg_predictItems\1\saber1\dual_5\saber2\none\char_color_red\255\char_color_green\255\char_color_blue\255\teamtask\0\teamoverlay\1
4-3-2021 4:56 (2126:49): ClientNamechange: Suba steve is now Scuba steve
4-3-2021 4:56 (2126:49): ClientUserinfoChanged: 2 n\Scuba steve\t\0\model\shadowtrooper/default\c1\0\c2\0\hc\100\w\0\l\0\tt\0\tl\0\st\dual_5\st2\none\dt\0
4-3-2021 4:56 (2126:53): Kill: 1022 1 41: <world> killed Kyle by MOD_TRIGGER_HURT
4-3-2021 4:56 (2126:54): ClientUserinfoChanged handling info: 1 \team\0\skill\ 5.00\personality\botfiles/newkyle.jkb\saber2\none\saber1\kyle\color2\4\color1\1\sex\male\model\kyle\snaps\20\rate\25000\name\Kyle
4-3-2021 4:56 (2126:54): ClientUserinfoChanged: 1 n\Kyle\t\0\model\kyle\c1\1\c2\4\hc\100\w\0\l\0\skill\ 5.00\tt\0\tl\0\siegeclass\none\st\Kyle\st2\none\dt\0\sdt\0
4-3-2021 4:56 (2126:55): ClientDisconnect: 2
4-3-2021 4:56 (2127:02): ClientConnect: 0
4-3-2021 4:56 (2127:02): ClientUserinfoChanged handling info: 0 \team\0\skill\ 5.00\personality\botfiles/astupidbot.jkb\saber2\none\saber1\kyle\color2\4\color1\4\sex\male\model\jawa\snaps\20\rate\25000\name\astupidbot
4-3-2021 4:56 (2127:02): ClientUserinfoChanged: 0 n\astupidbot\t\0\model\jawa\c1\4\c2\4\hc\0\w\0\l\0\skill\ 5.00\tt\0\tl\0\siegeclass\none\st\\st2\\dt\0\sdt\0
4-3-2021 4:56 (2127:02): IP: localhost astupidbot
4-3-2021 4:56 (2127:02): ClientUserinfoChanged handling info: 0 \team\0\skill\ 5.00\personality\botfiles/astupidbot.jkb\saber2\none\saber1\kyle\color2\4\color1\4\sex\male\model\jawa\snaps\20\rate\25000\name\astupidbot
4-3-2021 4:56 (2127:02): ClientUserinfoChanged: 0 n\astupidbot\t\0\model\jawa\c1\4\c2\4\hc\100\w\0\l\0\skill\ 5.00\tt\0\tl\0\siegeclass\none\st\Kyle\st2\none\dt\0\sdt\0
4-3-2021 4:56 (2127:02): ClientBegin: 0
4-3-2021 12:56 (2606:18): ShutdownGame:
4-3-2021 12:56 (2606:18): ------------------------------------------------------------
