12-3-2020 11:54 (0:00): ------------------------------------------------------------
12-3-2020 11:54 (0:00): InitGame: \version\JAmp: v1.0.1.0 linux-i386 Mar 14 2020\timelimit\45\sv_privateClients\0\sv_minRate\0\sv_minPing\0\sv_maxclients\32\sv_maxRate\0\sv_maxPing\999\sv_hostname\^7~^1~^7~ COMM SERVER ~^1~^7~\sv_fps\50\sv_floodProtectSlow\1\sv_floodProtect\1\sv_autoDemo\0\sv_allowDownload\0\serveruptime\120\protocol\26\mapname\t3_stamp\gamename\Lugormod\g_weaponDisable\0\g_stepSlideFix\0\g_siegeTeamSwitch\1\g_siegeTeam2\none\g_siegeTeam1\none\g_siegeRespawn\20\g_showDuelHealths\1\g_saberWallDamageScale\0.4\g_saberLocking\0\g_privateDuel\4847\g_noSpecMove\0\g_needpass\0\g_maxHolocronCarry\3\g_maxGameClients\0\g_maxForceRank\7\g_jediVmerc\0\g_gametype\0\g_gamemode\0\g_forceRegenTime\130\g_forcePowerDisable\0\g_forceBasedTeams\1\g_duelWeaponDisable\9\g_debugmelee\1\g_allowNPC\1\fs_game\lugormod\fraglimit\100\duel_fraglimit\10\dmflags\0\capturelimit\10\bot_minplayers\2\bg_fighterAltControl\0\Lugormod_Version\U#-2.4.8.4
12-3-2020 11:54 (0:30): ClientConnect: 0
12-3-2020 11:54 (0:30): ClientUserinfoChanged handling info: 0 \team\0\skill\ 5.00\personality\botfiles/astupidbot.jkb\saber2\none\saber1\kyle\color2\4\color1\4\sex\male\model\jawa\snaps\20\rate\25000\name\astupidbot
12-3-2020 11:54 (0:30): ClientUserinfoChanged: 0 n\astupidbot\t\0\model\jawa\c1\4\c2\4\hc\0\w\0\l\0\skill\ 5.00\tt\0\tl\0\siegeclass\none\st\\st2\\dt\0\sdt\0
12-3-2020 11:54 (0:30): ClientUserinfoChanged handling info: 0 \name\astupidbot\team\0\skill\ 5.00\personality\botfiles/astupidbot.jkb\saber2\none\saber1\kyle\color2\4\color1\4\sex\male\model\jawa\snaps\20\rate\25000
12-3-2020 11:54 (0:30): ClientUserinfoChanged: 0 n\astupidbot\t\0\model\jawa\c1\4\c2\4\hc\0\w\0\l\0\skill\ 5.00\tt\0\tl\0\siegeclass\none\st\\st2\\dt\0\sdt\0
12-3-2020 11:54 (0:30): IP: localhost astupidbot
12-3-2020 11:54 (0:30): ClientUserinfoChanged handling info: 0 \name\astupidbot\team\0\skill\ 5.00\personality\botfiles/astupidbot.jkb\saber2\none\r2\4\color1\4\sex\male\model\jawx\male\model\jawa\snaps\20\rate\25000
12-3-2020 11:54 (0:30): ClientUserinfoChanged: 0 n\astupidbot\t\0\model\jawx\c1\4\c2\\hc\0\w\0\l\0\skill\ 5.00\tt\0\tl\0\siegeclass\none\st\\st2\\dt\0\sdt\0
12-3-2020 11:54 (0:30): ClientUserinfoChanged handling info: 0 \saber2\none\saber1\Katarn\name\astupidbot\team\0\skill\ 5.00\personality\botfiles/astupidbot.jkb\r2s4\color1\4\sex\male\model\jawx\male\model\jawa\snaps\20\rate\25000
12-3-2020 11:54 (0:30): ClientUserinfoChanged: 0 n\astupidbot\t\0\model\jawa\c1\\c2\\hc\0\w\0\l\0\skill\ 5.00\tt\0\tl\0\siegeclass\none\st\default\st2\none\dt\0\sdt\0
12-3-2020 11:54 (0:30): ClientUserinfoChanged handling info: 0 \saber1\default\saber2\none\name\astupidbot\team\0\skill\ 5.00\personality\botfiles/astupidbot.jkb\r2x\male\model\jawx\male\model\jawa\le\model\jawa\snaps\20\rate\25000
12-3-2020 11:54 (0:30): ClientUserinfoChanged: 0 n\astupidbot\t\0\model\jawx\c1\\c2\\hc\100\w\0\l\0\skill\ 5.00\tt\0\tl\0\siegeclass\none\st\default\st2\none\dt\0\sdt\0
12-3-2020 11:54 (0:30): ClientBegin: 0
12-3-2020 11:54 (0:52): ClientConnect: 1
12-3-2020 11:54 (0:52): ClientUserinfoChanged handling info: 1 \team\0\skill\ 5.00\personality\botfiles/newkyle.jkb\saber2\none\saber1\kyle\color2\4\color1\1\sex\male\model\kyle\snaps\20\rate\25000\name\Kyle
12-3-2020 11:54 (0:52): ClientUserinfoChanged: 1 n\Kyle\t\0\model\kyle\c1\1\c2\4\hc\0\w\0\l\0\skill\ 5.00\tt\0\tl\0\siegeclass\none\st\\st2\\dt\0\sdt\0
12-3-2020 11:54 (0:52): ClientUserinfoChanged handling info: 1 \name\Kyle\team\0\skill\ 5.00\personality\botfiles/newkyle.jkb\saber2\none\saber1\kyle\color2\4\color1\1\sex\male\model\kyle\snaps\20\rate\25000
12-3-2020 11:54 (0:52): ClientUserinfoChanged: 1 n\Kyle\t\0\model\kyle\c1\1\c2\4\hc\0\w\0\l\0\skill\ 5.00\tt\0\tl\0\siegeclass\none\st\\st2\\dt\0\sdt\0
12-3-2020 11:54 (0:52): IP: localhost Kyle
12-3-2020 11:54 (0:52): ClientUserinfoChanged handling info: 1 \name\Kyle\team\0\skill\ 5.00\personality\botfiles/newkyle.jkb\saber2\none\saber1\ky4\color1\1\sex\male\model\kyle\snaps\2le\snaps\20\rate\25000
12-3-2020 11:54 (0:52): ClientUserinfoChanged: 1 n\Kyle\t\0\model\kyle\c1\1\c2\\hc\0\w\0\l\0\skill\ 5.00\tt\0\tl\0\siegeclass\none\st\\st2\\dt\0\sdt\0
12-3-2020 11:54 (0:52): ClientUserinfoChanged handling info: 1 \name\Kyle\team\0\skill\ 5.00\personality\botfiles/newkyle.jkb\saber2\none\saber1\ky4\color1\1\sex\male\model\kyle\snaps\2le\snaps\20\rate\25000
12-3-2020 11:54 (0:52): ClientUserinfoChanged: 1 n\Kyle\t\0\model\kyle\c1\1\c2\\hc\0\w\0\l\0\skill\ 5.00\tt\0\tl\0\siegeclass\none\st\default\st2\none\dt\0\sdt\0
12-3-2020 11:54 (0:52): ClientUserinfoChanged handling info: 1 \saber1\default\name\Kyle\team\0\skill\ 5.00\personality\botfiles/newkyle.jkb\saber2\none\color1\1\sex\male\model\kyle\snaps\2le\snaps\20\rate\25000
12-3-2020 11:54 (0:52): ClientUserinfoChanged: 1 n\Kyle\t\0\model\kyle\c1\1\c2\\hc\100\w\0\l\0\skill\ 5.00\tt\0\tl\0\siegeclass\none\st\default\st2\none\dt\0\sdt\0
12-3-2020 11:54 (0:52): ClientBegin: 1
12-4-2020 3:56 (962:55): ClientConnect: 2
12-4-2020 3:56 (962:55): ClientUserinfoChanged handling info: 2 \ip\174.105.192.153:29070\challenge\1847938000\qport\63013\protocol\26\name\Positioner\rate\4000\snaps\20\model\jedi_tf/head_a2|torso_e1|lower_a1\forcepowers\6-1-030330000000000333\color1\0\color2\5\handicap\100\sex\1857284094\cg_predictItems\1\saber1\single_3\saber2\single_9\char_color_red\255\char_color_green\255\char_color_blue\255\teamtask\0\teamoverlay\1
12-4-2020 3:56 (962:55): ClientUserinfoChanged: 2 n\Positioner\t\0\model\jedi_tf/head_a2|torso_e1|lower_a1\c1\0\c2\5\hc\0\w\0\l\0\tt\0\tl\0\st\\st2\\dt\0
12-4-2020 3:56 (962:55): IP: 174.105.192.153 Positioner
12-4-2020 3:56 (962:55): say: astupidbot: Hi
12-4-2020 3:57 (963:02): ClientUserinfoChanged handling info: 2 \ip\174.105.192.153:29070\name\Positioner\rate\4000\snaps\20\model\jedi_tf/head_a2|torso_e1|lower_a1\forcepowers\6-1-030330000000000333\color1\0\color2\5\handicap\100\sex\1857284094\cg_predictItems\1\saber1\single_3\saber2\single_9\char_color_red\255\char_color_green\255\char_color_blue\255\teamtask\0\teamoverlay\1
12-4-2020 3:57 (963:02): ClientUserinfoChanged: 2 n\Positioner\t\0\model\jedi_tf/head_a2|torso_e1|lower_a1\c1\0\c2\5\hc\0\w\0\l\0\tt\0\tl\0\st\single_3\st2\single_9\dt\0
12-4-2020 3:57 (963:02): ClientUserinfoChanged handling info: 2 \ip\174.105.192.153:29070\name\Positioner\rate\4000\snaps\20\model\jedi_tf/head_a2|torso_e1|lower_a1\forcepowers\6-1-030330000000000333\color1\0\color2\5\handicap\100\sex\1857284094\cg_predictItems\1\saber1\single_3\saber2\single_9\char_color_red\255\char_color_green\255\char_color_blue\255\teamtask\0\teamoverlay\1
12-4-2020 3:57 (963:02): ClientUserinfoChanged: 2 n\Positioner\t\0\model\jedi_tf/head_a2|torso_e1|lower_a1\c1\0\c2\5\hc\100\w\0\l\0\tt\0\tl\0\st\single_3\st2\single_9\dt\0
12-4-2020 3:57 (963:02): ClientBegin: 2
12-4-2020 3:57 (963:47): ClientConnect: 3
12-4-2020 3:57 (963:47): ClientUserinfoChanged handling info: 3 \ip\198.232.117.132:29070\challenge\-149920315\qport\46138\protocol\26\name\Padawan\rate\4000\snaps\20\model\rebel/default\forcepowers\7-1-331322000200003322\color1\1\color2\5\handicap\100\sex\male\cg_predictItems\1\saber1\single_1\saber2\single_1\char_color_red\255\char_color_green\255\char_color_blue\255\teamtask\0\teamoverlay\1
12-4-2020 3:57 (963:47): ClientUserinfoChanged: 3 n\Padawan\t\0\model\rebel/default\c1\1\c2\5\hc\0\w\0\l\0\tt\0\tl\0\st\\st2\\dt\0
12-4-2020 3:57 (963:47): IP: 198.232.117.132 Padawan
12-4-2020 3:58 (963:59): ClientUserinfoChanged handling info: 3 \ip\198.232.117.132:29070\name\Padawan\rate\4000\snaps\20\model\rebel/default\forcepowers\7-1-331322000200003322\color1\1\color2\5\handicap\100\sex\male\cg_predictItems\1\saber1\single_1\saber2\single_1\char_color_red\255\char_color_green\255\char_color_blue\255\teamtask\0\teamoverlay\1
12-4-2020 3:58 (963:59): ClientUserinfoChanged: 3 n\Padawan\t\0\model\rebel/default\c1\1\c2\5\hc\0\w\0\l\0\tt\0\tl\0\st\single_1\st2\single_1\dt\0
12-4-2020 3:58 (963:59): ClientUserinfoChanged handling info: 3 \ip\198.232.117.132:29070\name\Padawan\rate\4000\snaps\20\model\rebel/default\forcepowers\7-1-331322000200003322\color1\1\color2\5\handicap\100\sex\male\cg_predictItems\1\saber1\single_1\saber2\single_1\char_color_red\255\char_color_green\255\char_color_blue\255\teamtask\0\teamoverlay\1
12-4-2020 3:58 (963:59): ClientUserinfoChanged: 3 n\Padawan\t\0\model\rebel/default\c1\1\c2\5\hc\100\w\0\l\0\tt\0\tl\0\st\single_1\st2\single_1\dt\0
12-4-2020 3:58 (963:59): ClientBegin: 3
12-4-2020 3:58 (964:30): Kill: 2 3 3: Positioner killed Padawan by MOD_SABER
12-4-2020 3:58 (964:30): Exit: Timelimit hit.
12-4-2020 3:58 (964:30): score: 1  ping: 27  client: 2 Positioner
12-4-2020 3:58 (964:30): score: 0  ping: 56  client: 0 astupidbot
12-4-2020 3:58 (964:30): score: 0  ping: 46  client: 1 Kyle
12-4-2020 3:58 (964:30): score: 0  ping: 18  client: 3 Padawan
12-4-2020 3:58 (964:31): ClientUserinfoChanged handling info: 3 \ip\198.232.117.132:29070\name\Padawan\rate\4000\snaps\20\model\rebel/default\forcepowers\7-1-331322000200003322\color1\1\color2\5\handicap\100\sex\male\cg_predictItems\1\saber1\single_1\saber2\single_1\char_color_red\255\char_color_green\255\char_color_blue\255\teamtask\0\teamoverlay\1
12-4-2020 3:58 (964:31): ClientUserinfoChanged: 3 n\Padawan\t\0\model\rebel/default\c1\1\c2\5\hc\100\w\0\l\0\tt\0\tl\0\st\single_1\st2\single_1\dt\0
12-4-2020 3:58 (964:37): ShutdownGame:
12-4-2020 3:58 (964:37): ------------------------------------------------------------
