2-10-2021 1:57 (0:00): ------------------------------------------------------------
2-10-2021 1:57 (0:00): InitGame: \version\JAmp: v1.0.1.0 linux-i386 Mar 14 2020\timelimit\45\sv_privateClients\0\sv_minRate\0\sv_minPing\0\sv_maxclients\32\sv_maxRate\0\sv_maxPing\999\sv_hostname\^7~^1~^7~ COMM SERVER ~^1~^7~\sv_fps\50\sv_floodProtectSlow\1\sv_floodProtect\1\sv_autoDemo\0\sv_allowDownload\0\serveruptime\54\protocol\26\mapname\mp/duel6\gamename\Lugormod\g_weaponDisable\0\g_stepSlideFix\0\g_siegeTeamSwitch\1\g_siegeTeam2\none\g_siegeTeam1\none\g_siegeRespawn\20\g_showDuelHealths\1\g_saberWallDamageScale\0.4\g_saberLocking\0\g_privateDuel\1535\g_noSpecMove\0\g_needpass\0\g_maxHolocronCarry\3\g_maxGameClients\0\g_maxForceRank\7\g_jediVmerc\0\g_gametype\0\g_gamemode\0\g_forceRegenTime\160\g_forcePowerDisable\0\g_forceBasedTeams\1\g_duelWeaponDisable\9\g_debugmelee\1\g_allowNPC\1\fs_game\lugormod\fraglimit\0\duel_fraglimit\10\dmflags\0\capturelimit\10\bot_minplayers\2\bg_fighterAltControl\0\Lugormod_Version\U#-0.0.0.91 Alpha
2-10-2021 1:57 (0:30): ClientConnect: 0
2-10-2021 1:57 (0:30): ClientUserinfoChanged handling info: 0 \team\0\skill\ 5.00\personality\botfiles/astupidbot.jkb\saber2\none\saber1\kyle\color2\4\color1\4\sex\male\model\jawa\snaps\20\rate\25000\name\astupidbot
2-10-2021 1:57 (0:30): ClientUserinfoChanged: 0 n\astupidbot\t\0\model\jawa\c1\4\c2\4\hc\0\w\0\l\0\skill\ 5.00\tt\0\tl\0\siegeclass\none\st\\st2\\dt\0\sdt\0
2-10-2021 1:57 (0:30): IP: localhost astupidbot
2-10-2021 1:57 (0:30): ClientUserinfoChanged handling info: 0 \team\0\skill\ 5.00\personality\botfiles/astupidbot.jkb\saber2\none\saber1\kyle\color2\4\color1\4\sex\male\model\jawa\snaps\20\rate\25000\name\astupidbot
2-10-2021 1:57 (0:30): ClientUserinfoChanged: 0 n\astupidbot\t\0\model\jawa\c1\4\c2\4\hc\100\w\0\l\0\skill\ 5.00\tt\0\tl\0\siegeclass\none\st\Kyle\st2\none\dt\0\sdt\0
2-10-2021 1:57 (0:30): ClientBegin: 0
2-10-2021 1:57 (0:54): ClientConnect: 1
2-10-2021 1:57 (0:54): ClientUserinfoChanged handling info: 1 \team\0\skill\ 5.00\personality\botfiles/newkyle.jkb\saber2\none\saber1\kyle\color2\4\color1\1\sex\male\model\kyle\snaps\20\rate\25000\name\Kyle
2-10-2021 1:57 (0:54): ClientUserinfoChanged: 1 n\Kyle\t\0\model\kyle\c1\1\c2\4\hc\0\w\0\l\0\skill\ 5.00\tt\0\tl\0\siegeclass\none\st\\st2\\dt\0\sdt\0
2-10-2021 1:57 (0:54): IP: localhost Kyle
2-10-2021 1:57 (0:54): ClientUserinfoChanged handling info: 1 \team\0\skill\ 5.00\personality\botfiles/newkyle.jkb\saber2\none\saber1\kyle\color2\4\color1\1\sex\male\model\kyle\snaps\20\rate\25000\name\Kyle
2-10-2021 1:57 (0:54): ClientUserinfoChanged: 1 n\Kyle\t\0\model\kyle\c1\1\c2\4\hc\100\w\0\l\0\skill\ 5.00\tt\0\tl\0\siegeclass\none\st\Kyle\st2\none\dt\0\sdt\0
2-10-2021 1:57 (0:54): ClientBegin: 1
2-10-2021 20: 2 (1085:08): ClientConnect: 2
2-10-2021 20: 2 (1085:08): ClientUserinfoChanged handling info: 2 \ip\181.75.203.110:29070\challenge\-1046427427\qport\56578\protocol\26\name\Padawan\rate\4000\snaps\20\model\luke/default\forcepowers\6-1-030330000000000333\color1\4\color2\4\handicap\100\sex\male\cg_predictItems\1\saber1\single_1\saber2\none\char_color_red\255\char_color_green\255\char_color_blue\255\cp_pluginDisable\0\cp_login\NOT SET\cp_clanPwd\none\cp_sbRGB1\0\cp_sbRGB2\0\teamtask\0\cp_holster\1\teamoverlay\1\cjp_client\1.4B4
2-10-2021 20: 2 (1085:08): ClientUserinfoChanged: 2 n\Padawan\t\0\model\luke/default\c1\4\c2\4\hc\0\w\0\l\0\tt\0\tl\0\st\\st2\\dt\0
2-10-2021 20: 2 (1085:08): IP: 181.75.203.110 Padawan
2-10-2021 20: 2 (1085:08): say: Kyle: Hi
2-10-2021 20: 2 (1085:17): ClientDisconnect: 2
2-10-2021 22:15 (1218:02): ClientConnect: 2
2-10-2021 22:15 (1218:02): ClientUserinfoChanged handling info: 2 \ip\89.64.24.162:5412\challenge\1240380841\qport\5375\protocol\26\char_color_blue\255\char_color_green\255\char_color_red\255\saber2\none\saber1\dual_2\cg_predictItems\1\sex\male\handicap\100\color2\4\color1\0\forcepowers\1-1-020000000000000100\model\boba_fett/default\snaps\20\rate\4000\name\fukkDemocratsInTheAXX\teamtask\0\teamoverlay\1
2-10-2021 22:15 (1218:02): ClientUserinfoChanged: 2 n\fukkDemocratsInTheAXX\t\0\model\boba_fett/default\c1\0\c2\4\hc\0\w\0\l\0\tt\0\tl\0\st\\st2\\dt\0
2-10-2021 22:15 (1218:02): IP: 89.64.24.162 fukkDemocratsInTheAXX
2-10-2021 22:15 (1218:10): ClientUserinfoChanged handling info: 2 \ip\89.64.24.162:5412\char_color_blue\255\char_color_green\255\char_color_red\255\saber2\none\saber1\dual_2\cg_predictItems\1\sex\male\handicap\100\color2\4\color1\0\forcepowers\1-1-020000000000000100\model\boba_fett/default\snaps\20\rate\4000\name\fukkDemocratsInTheAXX\teamtask\0\teamoverlay\1
2-10-2021 22:15 (1218:10): ClientUserinfoChanged: 2 n\fukkDemocratsInTheAXX\t\0\model\boba_fett/default\c1\0\c2\4\hc\0\w\0\l\0\tt\0\tl\0\st\dual_2\st2\none\dt\0
2-10-2021 22:15 (1218:10): ClientUserinfoChanged handling info: 2 \ip\89.64.24.162:5412\char_color_blue\255\char_color_green\255\char_color_red\255\saber2\none\saber1\dual_2\cg_predictItems\1\sex\male\handicap\100\color2\4\color1\0\forcepowers\1-1-020000000000000100\model\boba_fett/default\snaps\20\rate\4000\name\fukkDemocratsInTheAXX\teamtask\0\teamoverlay\1
2-10-2021 22:15 (1218:10): ClientUserinfoChanged: 2 n\fukkDemocratsInTheAXX\t\0\model\boba_fett/default\c1\0\c2\4\hc\100\w\0\l\0\tt\0\tl\0\st\dual_2\st2\none\dt\0
2-10-2021 22:15 (1218:10): ClientBegin: 2
2-10-2021 22:15 (1218:27): Kill: 1 2 3: Kyle killed fukkDemocratsInTheAXX by MOD_SABER
2-10-2021 22:15 (1218:27): Exit: Timelimit hit.
2-10-2021 22:15 (1218:27): score: 1  ping: 54  client: 1 Kyle
2-10-2021 22:15 (1218:27): score: 0  ping: 49  client: 0 astupidbot
2-10-2021 22:15 (1218:27): score: 0  ping: 154  client: 2 fukkDemocratsInTheAXX
2-10-2021 22:15 (1218:28): ClientUserinfoChanged handling info: 2 \ip\89.64.24.162:5412\char_color_blue\255\char_color_green\255\char_color_red\255\saber2\none\saber1\dual_2\cg_predictItems\1\sex\male\handicap\100\color2\4\color1\0\forcepowers\1-1-020000000000000100\model\boba_fett/default\snaps\20\rate\4000\name\fukkDemocratsInTheAXX\teamtask\0\teamoverlay\1
2-10-2021 22:15 (1218:28): ClientUserinfoChanged: 2 n\fukkDemocratsInTheAXX\t\0\model\boba_fett/default\c1\0\c2\4\hc\100\w\0\l\0\tt\0\tl\0\st\dual_2\st2\none\dt\0
2-10-2021 22:15 (1218:29): say: Kyle: Good Fight
2-10-2021 22:15 (1218:33): ShutdownGame:
2-10-2021 22:15 (1218:33): ------------------------------------------------------------
2-10-2021 22:15 (1218:33): ------------------------------------------------------------
2-10-2021 22:15 (1218:33): InitGame: \version\JAmp: v1.0.1.0 linux-i386 Mar 14 2020\timelimit\45\sv_privateClients\0\sv_minRate\0\sv_minPing\0\sv_maxclients\32\sv_maxRate\0\sv_maxPing\999\sv_hostname\^7~^1~^7~ COMM SERVER ~^1~^7~\sv_fps\50\sv_floodProtectSlow\1\sv_floodProtect\1\sv_autoDemo\0\sv_allowDownload\0\serveruptime\54\protocol\26\mapname\mp/duel6\gamename\Lugormod\g_weaponDisable\0\g_stepSlideFix\0\g_siegeTeamSwitch\1\g_siegeTeam2\none\g_siegeTeam1\none\g_siegeRespawn\20\g_showDuelHealths\1\g_saberWallDamageScale\0.4\g_saberLocking\0\g_privateDuel\1535\g_noSpecMove\0\g_needpass\0\g_maxHolocronCarry\3\g_maxGameClients\0\g_maxForceRank\7\g_jediVmerc\0\g_gametype\0\g_gamemode\0\g_forceRegenTime\160\g_forcePowerDisable\0\g_forceBasedTeams\1\g_duelWeaponDisable\9\g_debugmelee\1\g_allowNPC\1\fs_game\lugormod\fraglimit\0\duel_fraglimit\10\dmflags\0\capturelimit\10\bot_minplayers\2\bg_fighterAltControl\0\Lugormod_Version\U#-0.0.0.91 Alpha
2-10-2021 22:15 (1218:33): ClientConnect: 0
2-10-2021 22:15 (1218:33): ClientUserinfoChanged handling info: 0 \team\0\skill\ 5.00\personality\botfiles/astupidbot.jkb\saber2\none\saber1\kyle\color2\4\color1\4\sex\male\model\jawa\snaps\20\rate\25000\name\astupidbot
2-10-2021 22:15 (1218:33): ClientUserinfoChanged: 0 n\astupidbot\t\0\model\jawa\c1\4\c2\4\hc\0\w\0\l\0\skill\ 5.00\tt\0\tl\0\siegeclass\none\st\Kyle\st2\none\dt\0\sdt\0
2-10-2021 22:15 (1218:33): ClientUserinfoChanged handling info: 0 \team\0\skill\ 5.00\personality\botfiles/astupidbot.jkb\saber2\none\saber1\kyle\color2\4\color1\4\sex\male\model\jawa\snaps\20\rate\25000\name\astupidbot
2-10-2021 22:15 (1218:33): ClientUserinfoChanged: 0 n\astupidbot\t\0\model\jawa\c1\4\c2\4\hc\100\w\0\l\0\skill\ 5.00\tt\0\tl\0\siegeclass\none\st\Kyle\st2\none\dt\0\sdt\0
2-10-2021 22:15 (1218:33): ClientBegin: 0
2-10-2021 22:15 (1218:33): ClientConnect: 1
2-10-2021 22:15 (1218:33): ClientUserinfoChanged handling info: 1 \team\0\skill\ 5.00\personality\botfiles/newkyle.jkb\saber2\none\saber1\kyle\color2\4\color1\1\sex\male\model\kyle\snaps\20\rate\25000\name\Kyle
2-10-2021 22:15 (1218:33): ClientUserinfoChanged: 1 n\Kyle\t\0\model\kyle\c1\1\c2\4\hc\0\w\0\l\0\skill\ 5.00\tt\0\tl\0\siegeclass\none\st\Kyle\st2\none\dt\0\sdt\0
2-10-2021 22:15 (1218:33): ClientUserinfoChanged handling info: 1 \team\0\skill\ 5.00\personality\botfiles/newkyle.jkb\saber2\none\saber1\kyle\color2\4\color1\1\sex\male\model\kyle\snaps\20\rate\25000\name\Kyle
2-10-2021 22:15 (1218:33): ClientUserinfoChanged: 1 n\Kyle\t\0\model\kyle\c1\1\c2\4\hc\100\w\0\l\0\skill\ 5.00\tt\0\tl\0\siegeclass\none\st\Kyle\st2\none\dt\0\sdt\0
2-10-2021 22:15 (1218:33): ClientBegin: 1
2-10-2021 22:15 (1218:33): ClientConnect: 2
2-10-2021 22:15 (1218:33): ClientUserinfoChanged handling info: 2 \ip\89.64.24.162:5412\char_color_blue\255\char_color_green\255\char_color_red\255\saber2\none\saber1\dual_2\cg_predictItems\1\sex\male\handicap\100\color2\4\color1\0\forcepowers\1-1-020000000000000100\model\boba_fett/default\snaps\20\rate\4000\name\fukkDemocratsInTheAXX\teamtask\0\teamoverlay\1
2-10-2021 22:15 (1218:33): ClientUserinfoChanged: 2 n\fukkDemocratsInTheAXX\t\0\model\boba_fett/default\c1\0\c2\4\hc\0\w\0\l\0\tt\0\tl\0\st\dual_2\st2\none\dt\0
2-10-2021 22:15 (1218:33): ClientUserinfoChanged handling info: 2 \ip\89.64.24.162:5412\char_color_blue\255\char_color_green\255\char_color_red\255\saber2\none\saber1\dual_2\cg_predictItems\1\sex\male\handicap\100\color2\4\color1\0\forcepowers\1-1-020000000000000100\model\boba_fett/default\snaps\20\rate\4000\name\fukkDemocratsInTheAXX\teamtask\0\teamoverlay\1
2-10-2021 22:15 (1218:33): ClientUserinfoChanged: 2 n\fukkDemocratsInTheAXX\t\0\model\boba_fett/default\c1\0\c2\4\hc\0\w\0\l\0\tt\0\tl\0\st\dual_2\st2\none\dt\0
2-10-2021 22:15 (1218:33): ClientUserinfoChanged handling info: 2 \ip\89.64.24.162:5412\char_color_blue\255\char_color_green\255\char_color_red\255\saber2\none\saber1\dual_2\cg_predictItems\1\sex\male\handicap\100\color2\4\color1\0\forcepowers\1-1-020000000000000100\model\boba_fett/default\snaps\20\rate\4000\name\fukkDemocratsInTheAXX\teamtask\0\teamoverlay\1
2-10-2021 22:15 (1218:33): ClientUserinfoChanged: 2 n\fukkDemocratsInTheAXX\t\0\model\boba_fett/default\c1\0\c2\4\hc\100\w\0\l\0\tt\0\tl\0\st\dual_2\st2\none\dt\0
2-10-2021 22:15 (1218:33): ClientBegin: 2
2-10-2021 22:15 (1218:38): say: fukkDemocratsInTheAXX: hello
2-10-2021 22:16 (1219:07): say: fukkDemocratsInTheAXX: are you bots?
2-10-2021 22:16 (1219:27): Kill: 0 1 3: astupidbot killed Kyle by MOD_SABER
2-10-2021 22:16 (1219:27): duel: astupidbot won a duel against Kyle
2-10-2021 22:16 (1219:28): ClientUserinfoChanged handling info: 1 \team\0\skill\ 5.00\personality\botfiles/newkyle.jkb\saber2\none\saber1\kyle\color2\4\color1\1\sex\male\model\kyle\snaps\20\rate\25000\name\Kyle
2-10-2021 22:16 (1219:28): ClientUserinfoChanged: 1 n\Kyle\t\0\model\kyle\c1\1\c2\4\hc\100\w\0\l\0\skill\ 5.00\tt\0\tl\0\siegeclass\none\st\Kyle\st2\none\dt\0\sdt\0
2-10-2021 22:16 (1219:34): say: astupidbot: cya
2-10-2021 22:16 (1219:34): ClientDisconnect: 0
2-10-2021 22:16 (1219:58): sayclose: fukkDemocratsInTheAXX: wow there is real people
2-10-2021 22:17 (1220:42): Kill: 1 2 3: Kyle killed fukkDemocratsInTheAXX by MOD_SABER
2-10-2021 22:17 (1220:52): say: fukkDemocratsInTheAXX: boring
2-10-2021 22:17 (1220:54): say: fukkDemocratsInTheAXX: xD
2-10-2021 22:17 (1220:56): ClientUserinfoChanged handling info: 2 \ip\89.64.24.162:5412\char_color_blue\255\char_color_green\255\char_color_red\255\saber2\none\saber1\dual_2\cg_predictItems\1\sex\male\handicap\100\color2\4\color1\0\forcepowers\1-1-020000000000000100\model\boba_fett/default\snaps\20\rate\4000\name\fukkDemocratsInTheAXX\teamtask\0\teamoverlay\1
2-10-2021 22:17 (1220:56): ClientUserinfoChanged: 2 n\fukkDemocratsInTheAXX\t\0\model\boba_fett/default\c1\0\c2\4\hc\100\w\0\l\0\tt\0\tl\0\st\dual_2\st2\none\dt\0
2-10-2021 22:18 (1221:53): ClientDisconnect: 2
2-10-2021 22:19 (1222:11): ClientConnect: 0
2-10-2021 22:19 (1222:11): ClientUserinfoChanged handling info: 0 \team\0\skill\ 5.00\personality\botfiles/astupidbot.jkb\saber2\none\saber1\kyle\color2\4\color1\4\sex\male\model\jawa\snaps\20\rate\25000\name\astupidbot
2-10-2021 22:19 (1222:11): ClientUserinfoChanged: 0 n\astupidbot\t\0\model\jawa\c1\4\c2\4\hc\0\w\0\l\0\skill\ 5.00\tt\0\tl\0\siegeclass\none\st\\st2\\dt\0\sdt\0
2-10-2021 22:19 (1222:11): IP: localhost astupidbot
2-10-2021 22:19 (1222:11): ClientUserinfoChanged handling info: 0 \team\0\skill\ 5.00\personality\botfiles/astupidbot.jkb\saber2\none\saber1\kyle\color2\4\color1\4\sex\male\model\jawa\snaps\20\rate\25000\name\astupidbot
2-10-2021 22:19 (1222:11): ClientUserinfoChanged: 0 n\astupidbot\t\0\model\jawa\c1\4\c2\4\hc\100\w\0\l\0\skill\ 5.00\tt\0\tl\0\siegeclass\none\st\Kyle\st2\none\dt\0\sdt\0
2-10-2021 22:19 (1222:11): ClientBegin: 0
2-10-2021 23: 0 (1263:33): Exit: Timelimit hit.
2-10-2021 23: 0 (1263:33): score: 1  ping: 56  client: 1 Kyle
2-10-2021 23: 0 (1263:33): score: 0  ping: 42  client: 0 astupidbot
2-11-2021 7:20 (1763:32): ShutdownGame:
2-11-2021 7:20 (1763:32): ------------------------------------------------------------
