6-20-2021 20:11 (0:00): ------------------------------------------------------------
6-20-2021 20:11 (0:00): InitGame: \version\JAmp: v1.0.1.0 linux-i386 Mar 14 2020\timelimit\45\sv_privateClients\0\sv_minRate\0\sv_minPing\0\sv_maxclients\32\sv_maxRate\0\sv_maxPing\999\sv_hostname\^7~^1~^7~ COMM SERVER ~^1~^7~\sv_fps\50\sv_floodProtectSlow\1\sv_floodProtect\1\sv_autoDemo\0\sv_allowDownload\0\serveruptime\189\protocol\26\mapname\academy6\gamename\Lugormod\g_weaponDisable\0\g_stepSlideFix\0\g_siegeTeamSwitch\1\g_siegeTeam2\none\g_siegeTeam1\none\g_siegeRespawn\20\g_showDuelHealths\1\g_saberWallDamageScale\0.4\g_saberLocking\0\g_privateDuel\1535\g_noSpecMove\0\g_needpass\0\g_maxHolocronCarry\3\g_maxGameClients\0\g_maxForceRank\7\g_jediVmerc\0\g_gametype\0\g_gamemode\0\g_forceRegenTime\160\g_forcePowerDisable\0\g_forceBasedTeams\1\g_duelWeaponDisable\9\g_debugmelee\1\g_allowNPC\1\fs_game\lugormod\fraglimit\0\duel_fraglimit\10\dmflags\0\capturelimit\10\bot_minplayers\2\bg_fighterAltControl\0\Lugormod_Version\U#-0.0.0.91 Alpha
6-20-2021 20:11 (0:30): ClientConnect: 0
6-20-2021 20:11 (0:30): ClientUserinfoChanged handling info: 0 \team\0\skill\ 5.00\personality\botfiles/astupidbot.jkb\saber2\none\saber1\kyle\color2\4\color1\4\sex\male\model\jawa\snaps\20\rate\25000\name\astupidbot
6-20-2021 20:11 (0:30): ClientUserinfoChanged: 0 n\astupidbot\t\0\model\jawa\c1\4\c2\4\hc\0\w\0\l\0\skill\ 5.00\tt\0\tl\0\siegeclass\none\st\\st2\\dt\0\sdt\0
6-20-2021 20:11 (0:30): ClientUserinfoChanged handling info: 0 \name\astupidbot\team\0\skill\ 5.00\personality\botfiles/astupidbot.jkb\saber2\none\saber1\kyle\color2\4\color1\4\sex\male\model\jawa\snaps\20\rate\25000
6-20-2021 20:11 (0:30): ClientUserinfoChanged: 0 n\astupidbot\t\0\model\jawa\c1\4\c2\4\hc\0\w\0\l\0\skill\ 5.00\tt\0\tl\0\siegeclass\none\st\\st2\\dt\0\sdt\0
6-20-2021 20:11 (0:30): IP: localhost astupidbot
6-20-2021 20:11 (0:30): ClientUserinfoChanged handling info: 0 \name\astupidbot\team\0\skill\ 5.00\personality\botfiles/astupidbot.jkb\saber2\none\saber1\kyle\color2\4\color1\4\sex\male\model\jawa\snaps\20\rate\25000
6-20-2021 20:11 (0:30): ClientUserinfoChanged: 0 n\astupidbot\t\0\model\jawa\c1\4\c2\4\hc\0\w\0\l\0\skill\ 5.00\tt\0\tl\0\siegeclass\none\st\\st2\\dt\0\sdt\0
6-20-2021 20:11 (0:30): ClientUserinfoChanged handling info: 0 \name\astupidbot\team\0\skill\ 5.00\personality\botfiles/astupidbot.jkb\saber2\none\saber1\kyle\color2\4\color1\4\sex\male\model\jawa\snaps\20\rate\25000
6-20-2021 20:11 (0:30): ClientUserinfoChanged: 0 n\astupidbot\t\0\model\jawa\c1\4\c2\4\hc\100\w\0\l\0\skill\ 5.00\tt\0\tl\0\siegeclass\none\st\Kyle\st2\none\dt\0\sdt\0
6-20-2021 20:11 (0:30): ClientBegin: 0
6-20-2021 20:12 (0:51): ClientConnect: 1
6-20-2021 20:12 (0:51): ClientUserinfoChanged handling info: 1 \team\0\skill\ 5.00\personality\botfiles/newkyle.jkb\saber2\none\saber1\kyle\color2\4\color1\1\sex\male\model\kyle\snaps\20\rate\25000\name\Kyle
6-20-2021 20:12 (0:51): ClientUserinfoChanged: 1 n\Kyle\t\0\model\kyle\c1\1\c2\4\hc\0\w\0\l\0\skill\ 5.00\tt\0\tl\0\siegeclass\none\st\\st2\\dt\0\sdt\0
6-20-2021 20:12 (0:51): ClientUserinfoChanged handling info: 1 \name\Kyle\team\0\skill\ 5.00\personality\botfiles/newkyle.jkb\saber2\none\saber1\kyle\color2\4\color1\1\sex\male\model\kyle\snaps\20\rate\25000
6-20-2021 20:12 (0:51): ClientUserinfoChanged: 1 n\Kyle\t\0\model\kyle\c1\1\c2\4\hc\0\w\0\l\0\skill\ 5.00\tt\0\tl\0\siegeclass\none\st\\st2\\dt\0\sdt\0
6-20-2021 20:12 (0:51): IP: localhost Kyle
6-20-2021 20:12 (0:51): ClientUserinfoChanged handling info: 1 \name\Kyle\team\0\skill\ 5.00\personality\botfiles/newkyle.jkb\saber2\none\saber1\kyle\color2\4\color1\1\sex\male\monaps\2le\snaps\20\rate\25000
6-20-2021 20:12 (0:51): ClientUserinfoChanged: 1 n\Kyle\t\0\model\\c1\1\c2\4\hc\0\w\0\l\0\skill\ 5.00\tt\0\tl\0\siegeclass\none\st\\st2\\dt\0\sdt\0
6-20-2021 20:12 (0:51): ClientUserinfoChanged handling info: 1 \name\Kyle\team\0\skill\ 5.00\personality\botfiles/newkyle.jkb\saber2\none\saber1\kyle\color2\4\color1\1\sex\male\monaps\2le\snaps\20\rate\25000
6-20-2021 20:12 (0:51): ClientUserinfoChanged: 1 n\Kyle\t\0\model\\c1\1\c2\4\hc\100\w\0\l\0\skill\ 5.00\tt\0\tl\0\siegeclass\none\st\Kyle\st2\none\dt\0\sdt\0
6-20-2021 20:12 (0:51): ClientBegin: 1
6-20-2021 23: 0 (169:14): ClientConnect: 2
6-20-2021 23: 0 (169:14): ClientUserinfoChanged handling info: 2 \ip\188.24.207.80:29070\challenge\-1418570468\qport\15684\protocol\26\char_color_blue\255\char_color_green\255\char_color_red\255\saber2\none\saber1\single_1\cg_predictItems\1\sex\male\handicap\100\color2\4\color1\5\forcepowers\7-2-030300333000030320\model\kyle/default\snaps\20\rate\25000\name\Javrax\teamtask\0\cp_pluginDisable\0\cp_login\NOT SET\cp_clanPwd\none\cp_sbRGB1\0\cp_sbRGB2\0\cp_holster\1\teamoverlay\1\cjp_client\1.4B4
6-20-2021 23: 0 (169:14): ClientUserinfoChanged: 2 n\Javrax\t\0\model\kyle/default\c1\5\c2\4\hc\0\w\0\l\0\tt\0\tl\0\st\\st2\\dt\0
6-20-2021 23: 0 (169:14): IP: 188.24.207.80 Javrax
6-20-2021 23: 0 (169:14): say: Kyle: Hello
6-20-2021 23: 0 (169:24): ClientUserinfoChanged handling info: 2 \ip\188.24.207.80:29070\char_color_blue\255\char_color_green\255\char_color_red\255\saber2\none\saber1\single_1\cg_predictItems\1\sex\male\handicap\100\color2\4\color1\4\forcepowers\7-1-032330000000001333\model\kyle/default\snaps\20\rate\4000\name\Padawan\teamtask\0\cp_pluginDisable\0\cp_login\NOT SET\cp_clanPwd\none\cp_sbRGB1\0\cp_sbRGB2\0\cp_holster\1\teamoverlay\1\cjp_client\1.4B4
6-20-2021 23: 0 (169:24): ClientNamechange: Javrax is now Padawan
6-20-2021 23: 0 (169:24): ClientUserinfoChanged: 2 n\Padawan\t\0\model\kyle/default\c1\4\c2\4\hc\0\w\0\l\0\tt\0\tl\0\st\single_1\st2\none\dt\0
6-20-2021 23: 0 (169:24): ClientUserinfoChanged handling info: 2 \ip\188.24.207.80:29070\char_color_blue\255\char_color_green\255\char_color_red\255\saber2\none\saber1\single_1\cg_predictItems\1\sex\male\handicap\100\color2\4\color1\4\forcepowers\7-1-032330000000001333\model\kyle/default\snaps\20\rate\4000\name\Padawan\teamtask\0\cp_pluginDisable\0\cp_login\NOT SET\cp_clanPwd\none\cp_sbRGB1\0\cp_sbRGB2\0\cp_holster\1\teamoverlay\1\cjp_client\1.4B4
6-20-2021 23: 0 (169:24): ClientUserinfoChanged: 2 n\Padawan\t\0\model\kyle/default\c1\4\c2\4\hc\100\w\0\l\0\tt\0\tl\0\st\single_1\st2\none\dt\0
6-20-2021 23: 0 (169:24): ClientBegin: 2
6-20-2021 23: 3 (172:00): say: astupidbot: cya
6-20-2021 23: 3 (172:00): ClientDisconnect: 0
6-20-2021 23: 3 (172:28): say: Padawan: ammm
6-20-2021 23: 4 (173:04): say: Kyle: Come on Padawan
6-20-2021 23: 4 (173:11): say: Padawan: bot?
6-20-2021 23: 4 (173:26): say: Padawan: is this some kind of troll
6-20-2021 23: 5 (173:53): ClientUserinfoChanged handling info: 2 \ip\188.24.207.80:29070\char_color_blue\255\char_color_green\255\char_color_red\255\saber2\none\saber1\single_1\cg_predictItems\1\sex\male\handicap\100\color2\4\color1\4\forcepowers\7-2-030300333000030320\model\kyle/default\snaps\20\rate\4000\name\Padawan\teamtask\0\cp_pluginDisable\0\cp_login\NOT SET\cp_clanPwd\none\cp_sbRGB1\0\cp_sbRGB2\0\cp_holster\1\teamoverlay\1\cjp_client\1.4B4
6-20-2021 23: 5 (173:53): ClientUserinfoChanged: 2 n\Padawan\t\0\model\kyle/default\c1\4\c2\4\hc\100\w\0\l\0\tt\0\tl\0\st\single_1\st2\none\dt\0
6-20-2021 23: 5 (173:54): Kill: 2 2 39: Padawan killed Padawan by MOD_SUICIDE
6-20-2021 23: 5 (173:54): Exit: Timelimit hit.
6-20-2021 23: 5 (173:54): score: 0  ping: 44  client: 1 Kyle
6-20-2021 23: 5 (173:54): score: -1  ping: 124  client: 2 Padawan
6-20-2021 23: 5 (173:55): ClientUserinfoChanged handling info: 2 \ip\188.24.207.80:29070\char_color_blue\255\char_color_green\255\char_color_red\255\saber2\none\saber1\single_1\cg_predictItems\1\sex\male\handicap\100\color2\4\color1\4\forcepowers\7-2-030300333000030320\model\kyle/default\snaps\20\rate\4000\name\Padawan\teamtask\0\cp_pluginDisable\0\cp_login\NOT SET\cp_clanPwd\none\cp_sbRGB1\0\cp_sbRGB2\0\cp_holster\1\teamoverlay\1\cjp_client\1.4B4
6-20-2021 23: 5 (173:55): ClientUserinfoChanged: 2 n\Padawan\t\0\model\kyle/default\c1\4\c2\4\hc\100\w\0\l\0\tt\0\tl\0\st\single_1\st2\none\dt\0
6-20-2021 23: 5 (174:00): ShutdownGame:
6-20-2021 23: 5 (174:00): ------------------------------------------------------------
6-20-2021 23: 5 (174:00): ------------------------------------------------------------
6-20-2021 23: 5 (174:00): InitGame: \version\JAmp: v1.0.1.0 linux-i386 Mar 14 2020\timelimit\45\sv_privateClients\0\sv_minRate\0\sv_minPing\0\sv_maxclients\32\sv_maxRate\0\sv_maxPing\999\sv_hostname\^7~^1~^7~ COMM SERVER ~^1~^7~\sv_fps\50\sv_floodProtectSlow\1\sv_floodProtect\1\sv_autoDemo\0\sv_allowDownload\0\serveruptime\189\protocol\26\mapname\academy6\gamename\Lugormod\g_weaponDisable\0\g_stepSlideFix\0\g_siegeTeamSwitch\1\g_siegeTeam2\none\g_siegeTeam1\none\g_siegeRespawn\20\g_showDuelHealths\1\g_saberWallDamageScale\0.4\g_saberLocking\0\g_privateDuel\1535\g_noSpecMove\0\g_needpass\0\g_maxHolocronCarry\3\g_maxGameClients\0\g_maxForceRank\7\g_jediVmerc\0\g_gametype\0\g_gamemode\0\g_forceRegenTime\160\g_forcePowerDisable\0\g_forceBasedTeams\1\g_duelWeaponDisable\9\g_debugmelee\1\g_allowNPC\1\fs_game\lugormod\fraglimit\0\duel_fraglimit\10\dmflags\0\capturelimit\10\bot_minplayers\2\bg_fighterAltControl\0\Lugormod_Version\U#-0.0.0.91 Alpha
6-20-2021 23: 5 (174:01): ClientConnect: 1
6-20-2021 23: 5 (174:01): ClientUserinfoChanged handling info: 1 \name\Kyle\team\0\skill\ 5.00\personality\botfiles/newkyle.jkb\saber2\none\saber1\kyle\color2\4\color1\1\sex\male\monaps\2le\snaps\20\rate\25000
6-20-2021 23: 5 (174:01): ClientUserinfoChanged: 1 n\Kyle\t\0\model\\c1\1\c2\4\hc\0\w\0\l\0\skill\ 5.00\tt\0\tl\0\siegeclass\none\st\Kyle\st2\none\dt\0\sdt\0
6-20-2021 23: 5 (174:01): ClientUserinfoChanged handling info: 1 \name\Kyle\team\0\skill\ 5.00\personality\botfiles/newkyle.jkb\saber2\none\saber1\ky4\color1\1\sex\male\monaps\2le\snaps\2le\snaps\20\rate\25000
6-20-2021 23: 5 (174:01): ClientUserinfoChanged: 1 n\Kyle\t\0\model\\c1\1\c2\\hc\0\w\0\l\0\skill\ 5.00\tt\0\tl\0\siegeclass\none\st\Kyle\st2\none\dt\0\sdt\0
6-20-2021 23: 5 (174:01): ClientUserinfoChanged handling info: 1 \name\Kyle\team\0\skill\ 5.00\personality\botfiles/newkyle.jkb\saber2\none\saber1\ky4\color1\1\sex\male\monaps\2le\snaps\2le\snaps\20\rate\25000
6-20-2021 23: 5 (174:01): ClientUserinfoChanged: 1 n\Kyle\t\0\model\\c1\1\c2\\hc\0\w\0\l\0\skill\ 5.00\tt\0\tl\0\siegeclass\none\st\default\st2\none\dt\0\sdt\0
6-20-2021 23: 5 (174:01): ClientUserinfoChanged handling info: 1 \saber1\default\name\Kyle\team\0\skill\ 5.00\personality\botfiles/newkyle.jkb\saber2\none\color1\1\sex\male\monaps\2le\snaps\2le\snaps\20\rate\25000
6-20-2021 23: 5 (174:01): ClientUserinfoChanged: 1 n\Kyle\t\0\model\\c1\1\c2\\hc\100\w\0\l\0\skill\ 5.00\tt\0\tl\0\siegeclass\none\st\default\st2\none\dt\0\sdt\0
6-20-2021 23: 5 (174:01): ClientBegin: 1
6-20-2021 23: 5 (174:01): ClientConnect: 2
6-20-2021 23: 5 (174:01): ClientUserinfoChanged handling info: 2 \ip\188.24.207.80:29070\char_color_blue\255\char_color_green\255\char_color_red\255\saber2\none\saber1\single_1\cg_predictItems\1\sex\male\handicap\100\color2\4\color1\4\forcepowers\7-2-030300333000030320\model\kyle/default\snaps\20\rate\4000\name\Padawan\teamtask\0\cp_pluginDisable\0\cp_login\NOT SET\cp_clanPwd\none\cp_sbRGB1\0\cp_sbRGB2\0\cp_holster\1\teamoverlay\1\cjp_client\1.4B4
6-20-2021 23: 5 (174:01): ClientUserinfoChanged: 2 n\Padawan\t\0\model\kyle/default\c1\4\c2\4\hc\0\w\0\l\0\tt\0\tl\0\st\single_1\st2\none\dt\0
6-20-2021 23: 5 (174:01): ClientUserinfoChanged handling info: 2 \ip\188.24.207.80:29070\char_color_blue\255\char_color_green\255\char_color_red\255\saber2\none\saber1\single_1\cg_predictItems\1\sex\male\handicap\100\color2\4\color1\4\forcepowers\7-2-030300333000030320\model\kyle/default\snaps\20\rate\4000\name\Padawan\teamtask\0\cp_pluginDisable\0\cp_login\NOT SET\cp_clanPwd\none\cp_sbRGB1\0\cp_sbRGB2\0\cp_holster\1\teamoverlay\1\cjp_client\1.4B4
6-20-2021 23: 5 (174:01): ClientUserinfoChanged: 2 n\Padawan\t\0\model\kyle/default\c1\4\c2\4\hc\0\w\0\l\0\tt\0\tl\0\st\single_1\st2\none\dt\0
6-20-2021 23: 5 (174:01): ClientUserinfoChanged handling info: 2 \ip\188.24.207.80:29070\char_color_blue\255\char_color_green\255\char_color_red\255\saber2\none\saber1\single_1\cg_predictItems\1\sex\male\handicap\100\color2\4\color1\4\forcepowers\7-2-030300333000030320\model\kyle/default\snaps\20\rate\4000\name\Padawan\teamtask\0\cp_pluginDisable\0\cp_login\NOT SET\cp_clanPwd\none\cp_sbRGB1\0\cp_sbRGB2\0\cp_holster\1\teamoverlay\1\cjp_client\1.4B4
6-20-2021 23: 5 (174:01): ClientUserinfoChanged: 2 n\Padawan\t\0\model\kyle/default\c1\4\c2\4\hc\100\w\0\l\0\tt\0\tl\0\st\single_1\st2\none\dt\0
6-20-2021 23: 5 (174:01): ClientBegin: 2
6-20-2021 23: 5 (174:26): say: Padawan: how comes that you have ping?
6-20-2021 23: 6 (175:42): Kill: 2 1 3: Padawan killed Kyle by MOD_SABER
6-20-2021 23: 6 (175:42): duel: Padawan won a duel against Kyle
6-20-2021 23: 6 (175:43): ClientUserinfoChanged handling info: 1 \saber1\default\name\Kyle\team\0\skill\ 5.00\personality\botfiles/newkyle.jkb\saber2\none\color1\1\sex\male\monaps\2le\snaps\2le\snaps\20\rate\25000
6-20-2021 23: 6 (175:43): ClientUserinfoChanged: 1 n\Kyle\t\0\model\\c1\1\c2\\hc\100\w\0\l\0\skill\ 5.00\tt\0\tl\0\siegeclass\none\st\default\st2\none\dt\0\sdt\0
6-20-2021 23: 8 (176:55): Kill: 2 1 3: Padawan killed Kyle by MOD_SABER
6-20-2021 23: 8 (176:57): ClientUserinfoChanged handling info: 1 \saber1\default\name\Kyle\team\0\skill\ 5.00\personality\botfiles/newkyle.jkb\saber2\none\color1\1\sex\male\monaps\2le\snaps\2le\snaps\20\rate\25000
6-20-2021 23: 8 (176:57): ClientUserinfoChanged: 1 n\Kyle\t\0\model\\c1\1\c2\\hc\100\w\0\l\0\skill\ 5.00\tt\0\tl\0\siegeclass\none\st\default\st2\none\dt\0\sdt\0
6-20-2021 23: 8 (177:06): Kill: 1 2 3: Kyle killed Padawan by MOD_SABER
6-20-2021 23: 8 (177:07): ClientUserinfoChanged handling info: 2 \ip\188.24.207.80:29070\char_color_blue\255\char_color_green\255\char_color_red\255\saber2\none\saber1\single_1\cg_predictItems\1\sex\male\handicap\100\color2\4\color1\4\forcepowers\7-2-030300333000030320\model\kyle/default\snaps\20\rate\4000\name\Padawan\teamtask\0\cp_pluginDisable\0\cp_login\NOT SET\cp_clanPwd\none\cp_sbRGB1\0\cp_sbRGB2\0\cp_holster\1\teamoverlay\1\cjp_client\1.4B4
6-20-2021 23: 8 (177:07): ClientUserinfoChanged: 2 n\Padawan\t\0\model\kyle/default\c1\4\c2\4\hc\100\w\0\l\0\tt\0\tl\0\st\single_1\st2\none\dt\0
6-20-2021 23: 8 (177:07): say: Kyle: hehe!
6-20-2021 23: 8 (177:34): Kill: 2 1 3: Padawan killed Kyle by MOD_SABER
6-20-2021 23: 8 (177:36): ClientUserinfoChanged handling info: 1 \saber1\default\name\Kyle\team\0\skill\ 5.00\personality\botfiles/newkyle.jkb\saber2\none\color1\1\sex\male\monaps\2le\snaps\2le\snaps\20\rate\25000
6-20-2021 23: 8 (177:36): ClientUserinfoChanged: 1 n\Kyle\t\0\model\\c1\1\c2\\hc\100\w\0\l\0\skill\ 5.00\tt\0\tl\0\siegeclass\none\st\default\st2\none\dt\0\sdt\0
6-20-2021 23: 8 (177:36): say: Kyle: dang
6-20-2021 23: 9 (178:16): Kill: 2 1 3: Padawan killed Kyle by MOD_SABER
6-20-2021 23: 9 (178:17): ClientUserinfoChanged handling info: 1 \saber1\default\name\Kyle\team\0\skill\ 5.00\personality\botfiles/newkyle.jkb\saber2\none\color1\1\sex\male\monaps\2le\snaps\2le\snaps\20\rate\25000
6-20-2021 23: 9 (178:17): ClientUserinfoChanged: 1 n\Kyle\t\0\model\\c1\1\c2\\hc\100\w\0\l\0\skill\ 5.00\tt\0\tl\0\siegeclass\none\st\default\st2\none\dt\0\sdt\0
6-20-2021 23: 9 (178:17): say: Kyle: ouch
6-20-2021 23: 9 (178:48): Kill: 1 2 3: Kyle killed Padawan by MOD_SABER
6-20-2021 23: 9 (178:49): ClientUserinfoChanged handling info: 2 \ip\188.24.207.80:29070\char_color_blue\255\char_color_green\255\char_color_red\255\saber2\none\saber1\single_1\cg_predictItems\1\sex\male\handicap\100\color2\4\color1\4\forcepowers\7-2-030300333000030320\model\kyle/default\snaps\20\rate\4000\name\Padawan\teamtask\0\cp_pluginDisable\0\cp_login\NOT SET\cp_clanPwd\none\cp_sbRGB1\0\cp_sbRGB2\0\cp_holster\1\teamoverlay\1\cjp_client\1.4B4
6-20-2021 23: 9 (178:49): ClientUserinfoChanged: 2 n\Padawan\t\0\model\kyle/default\c1\4\c2\4\hc\100\w\0\l\0\tt\0\tl\0\st\single_1\st2\none\dt\0
6-20-2021 23:10 (179:13): Kill: 1 2 3: Kyle killed Padawan by MOD_SABER
6-20-2021 23:10 (179:15): ClientUserinfoChanged handling info: 2 \ip\188.24.207.80:29070\char_color_blue\255\char_color_green\255\char_color_red\255\saber2\none\saber1\single_1\cg_predictItems\1\sex\male\handicap\100\color2\4\color1\4\forcepowers\7-2-030300333000030320\model\kyle/default\snaps\20\rate\4000\name\Padawan\teamtask\0\cp_pluginDisable\0\cp_login\NOT SET\cp_clanPwd\none\cp_sbRGB1\0\cp_sbRGB2\0\cp_holster\1\teamoverlay\1\cjp_client\1.4B4
6-20-2021 23:10 (179:15): ClientUserinfoChanged: 2 n\Padawan\t\0\model\kyle/default\c1\4\c2\4\hc\100\w\0\l\0\tt\0\tl\0\st\single_1\st2\none\dt\0
6-20-2021 23:11 (179:59): ClientDisconnect: 2
6-20-2021 23:11 (180:02): ClientConnect: 0
6-20-2021 23:11 (180:02): ClientUserinfoChanged handling info: 0 \team\0\skill\ 5.00\personality\botfiles/astupidbot.jkb\saber2\none\saber1\kyle\color2\4\color1\4\sex\male\model\jawa\snaps\20\rate\25000\name\astupidbot
6-20-2021 23:11 (180:02): ClientUserinfoChanged: 0 n\astupidbot\t\0\model\jawa\c1\4\c2\4\hc\0\w\0\l\0\skill\ 5.00\tt\0\tl\0\siegeclass\none\st\\st2\\dt\0\sdt\0
6-20-2021 23:11 (180:02): IP: localhost astupidbot
6-20-2021 23:11 (180:02): ClientUserinfoChanged handling info: 0 \team\0\skill\ 5.00\personality\botfiles/astupidbot.jkb\saber2\none\saber1\kyle\color2\4\color1\4\sex\male\model\jawa\snaps\20\rate\25000\name\astupidbot
6-20-2021 23:11 (180:02): ClientUserinfoChanged: 0 n\astupidbot\t\0\model\jawa\c1\4\c2\4\hc\100\w\0\l\0\skill\ 5.00\tt\0\tl\0\siegeclass\none\st\Kyle\st2\none\dt\0\sdt\0
6-20-2021 23:11 (180:02): ClientBegin: 0
6-20-2021 23:50 (219:00): Exit: Timelimit hit.
6-20-2021 23:50 (219:00): score: 3  ping: 54  client: 1 Kyle
6-20-2021 23:50 (219:00): score: 0  ping: 45  client: 0 astupidbot
6-21-2021 15: 2 (1131:10): ClientConnect: 2
6-21-2021 15: 2 (1131:10): ClientUserinfoChanged handling info: 2 \ip\93.23.199.186:29070\challenge\1914838495\qport\20438\protocol\26\char_color_blue\255\char_color_green\255\char_color_red\255\saber2\Luke\saber1\Luke\cg_predictItems\1\sex\male\handicap\100\color2\4\color1\4\forcepowers\7-1-333300000330000330\model\jedi_hm/head_b1|torso_d1|lower_a1\snaps\40\rate\4000\name\Jaden Korr\teamtask\0\teamoverlay\1
6-21-2021 15: 2 (1131:10): ClientUserinfoChanged: 2 n\Jaden Korr\t\0\model\jedi_hm/head_b1|torso_d1|lower_a1\c1\4\c2\4\hc\0\w\0\l\0\tt\0\tl\0\st\\st2\\dt\0
6-21-2021 15: 2 (1131:10): IP: 93.23.199.186 Jaden Korr
6-21-2021 15: 2 (1131:12): ClientDisconnect: 2
6-21-2021 15:42 (1171:08): ClientConnect: 2
6-21-2021 15:42 (1171:08): ClientUserinfoChanged handling info: 2 \ip\185.63.98.88:29070\challenge\886062637\qport\38091\protocol\26\name\Padawan\rate\4000\snaps\20\model\kyle/default\forcepowers\7-1-030000000000000332\color1\2\color2\4\handicap\100\teamtask\0\sex\male\cg_predictItems\1\saber1\single_1\saber2\none\char_color_red\255\char_color_green\255\char_color_blue\255\teamoverlay\1
6-21-2021 15:42 (1171:08): ClientUserinfoChanged: 2 n\Padawan\t\0\model\kyle/default\c1\2\c2\4\hc\0\w\0\l\0\tt\0\tl\0\st\\st2\\dt\0
6-21-2021 15:42 (1171:08): IP: 185.63.98.88 Padawan
6-21-2021 15:42 (1171:13): ClientUserinfoChanged handling info: 2 \ip\185.63.98.88:29070\name\Padawan\rate\4000\snaps\20\model\kyle/default\forcepowers\7-1-032330000000001333\color1\4\color2\4\handicap\100\teamtask\0\sex\male\cg_predictItems\1\saber1\single_1\saber2\none\char_color_red\255\char_color_green\255\char_color_blue\255\teamoverlay\1
6-21-2021 15:42 (1171:13): ClientUserinfoChanged: 2 n\Padawan\t\0\model\kyle/default\c1\4\c2\4\hc\0\w\0\l\0\tt\0\tl\0\st\single_1\st2\none\dt\0
6-21-2021 15:42 (1171:13): ClientUserinfoChanged handling info: 2 \ip\185.63.98.88:29070\name\Padawan\rate\4000\snaps\20\model\kyle/default\forcepowers\7-1-032330000000001333\color1\4\color2\4\handicap\100\teamtask\0\sex\male\cg_predictItems\1\saber1\single_1\saber2\none\char_color_red\255\char_color_green\255\char_color_blue\255\teamoverlay\1
6-21-2021 15:42 (1171:13): ClientUserinfoChanged: 2 n\Padawan\t\0\model\kyle/default\c1\4\c2\4\hc\100\w\0\l\0\tt\0\tl\0\st\single_1\st2\none\dt\0
6-21-2021 15:42 (1171:13): ClientBegin: 2
6-21-2021 15:42 (1171:15): ShutdownGame:
6-21-2021 15:42 (1171:15): ------------------------------------------------------------
