2-12-2021 3:34 (1213:39): ------------------------------------------------------------
2-12-2021 3:34 (1213:39): InitGame: \version\JAmp: v1.0.1.0 linux-i386 Mar 14 2020\timelimit\45\sv_privateClients\0\sv_minRate\0\sv_minPing\0\sv_maxclients\32\sv_maxRate\0\sv_maxPing\999\sv_hostname\^7~^1~^7~ COMM SERVER ~^1~^7~\sv_fps\50\sv_floodProtectSlow\1\sv_floodProtect\1\sv_autoDemo\0\sv_allowDownload\0\serveruptime\54\protocol\26\mapname\mp/duel6\gamename\Lugormod\g_weaponDisable\0\g_stepSlideFix\0\g_siegeTeamSwitch\1\g_siegeTeam2\none\g_siegeTeam1\none\g_siegeRespawn\20\g_showDuelHealths\1\g_saberWallDamageScale\0.4\g_saberLocking\0\g_privateDuel\1535\g_noSpecMove\0\g_needpass\0\g_maxHolocronCarry\3\g_maxGameClients\0\g_maxForceRank\7\g_jediVmerc\0\g_gametype\0\g_gamemode\0\g_forceRegenTime\160\g_forcePowerDisable\0\g_forceBasedTeams\1\g_duelWeaponDisable\9\g_debugmelee\1\g_allowNPC\1\fs_game\lugormod\fraglimit\0\duel_fraglimit\10\dmflags\0\capturelimit\10\bot_minplayers\2\bg_fighterAltControl\0\Lugormod_Version\U#-0.0.0.91 Alpha
2-12-2021 3:34 (1213:39): ClientConnect: 0
2-12-2021 3:34 (1213:39): ClientUserinfoChanged handling info: 0 \ip\66.176.93.254:49152\teamoverlay\0\snaps\40\sex\male\saber2\none\saber1\single_1\rate\25000\name\Padawan\model\jedi_hm/head_b1|torso_a1|lower_a1\ja_guid\CF85AF306314737D68E34FA16A06AE3D\handicap\100\forcepowers\7-1-030000000000000330\cp_sbRGB2\0\cp_sbRGB1\0\cp_pluginDisable\1536\cp_cosmetics\0\cp_clanPwd\none\color2\4\color1\3\cjp_client\1.4JAPRO\char_color_red\69\char_color_green\109\char_color_blue\255\cg_predictItems\1\cg_displayNetSettings\125 0 125\cg_displayCameraPosition\1 80 16
2-12-2021 3:34 (1213:39): ClientUserinfoChanged: 0 n\Padawan\t\0\model\jedi_hm/head_b1|torso_a1|lower_a1\c1\3\c2\4\hc\0\w\0\l\0\tt\0\tl\0\st\single_1\st2\none\dt\0
2-12-2021 3:34 (1213:39): ClientUserinfoChanged handling info: 0 \ip\66.176.93.254:49152\teamoverlay\0\snaps\40\sex\male\saber2\none\saber1\single_1\rate\25000\name\Padawan\model\jedi_hm/head_b1|torso_a1|lower_a1\ja_guid\CF85AF306314737D68E34FA16A06AE3D\handicap\100\forcepowers\7-1-030000000000000330\cp_sbRGB2\0\cp_sbRGB1\0\cp_pluginDisable\1536\cp_cosmetics\0\cp_clanPwd\none\color2\4\color1\3\cjp_client\1.4JAPRO\char_color_red\69\char_color_green\109\char_color_blue\255\cg_predictItems\1\cg_displayNetSettings\125 0 125\cg_displayCameraPosition\1 80 16
2-12-2021 3:34 (1213:39): ClientUserinfoChanged: 0 n\Padawan\t\0\model\jedi_hm/head_b1|torso_a1|lower_a1\c1\3\c2\4\hc\0\w\0\l\0\tt\0\tl\0\st\single_1\st2\none\dt\0
2-12-2021 3:34 (1213:39): ClientUserinfoChanged handling info: 0 \ip\66.176.93.254:49152\teamoverlay\0\snaps\40\sex\male\saber2\none\saber1\single_1\rate\25000\name\Padawan\model\jedi_hm/head_b1|torso_a1|lower_a1\ja_guid\CF85AF306314737D68E34FA16A06AE3D\handicap\100\forcepowers\7-1-030000000000000330\cp_sbRGB2\0\cp_sbRGB1\0\cp_pluginDisable\1536\cp_cosmetics\0\cp_clanPwd\none\color2\4\color1\3\cjp_client\1.4JAPRO\char_color_red\69\char_color_green\109\char_color_blue\255\cg_predictItems\1\cg_displayNetSettings\125 0 125\cg_displayCameraPosition\1 80 16
2-12-2021 3:34 (1213:39): ClientUserinfoChanged: 0 n\Padawan\t\0\model\jedi_hm/head_b1|torso_a1|lower_a1\c1\3\c2\4\hc\100\w\0\l\0\tt\0\tl\0\st\single_1\st2\none\dt\0
2-12-2021 3:34 (1213:39): ClientBegin: 0
2-12-2021 3:34 (1213:39): ClientConnect: 1
2-12-2021 3:34 (1213:39): ClientUserinfoChanged handling info: 1 \team\0\skill\ 5.00\personality\botfiles/newkyle.jkb\saber2\none\saber1\kyle\color2\4\color1\1\sex\male\model\kyle\snaps\20\rate\25000\name\Kyle
2-12-2021 3:34 (1213:39): ClientUserinfoChanged: 1 n\Kyle\t\0\model\kyle\c1\1\c2\4\hc\0\w\0\l\0\skill\ 5.00\tt\0\tl\0\siegeclass\none\st\Kyle\st2\none\dt\0\sdt\0
2-12-2021 3:34 (1213:39): ClientUserinfoChanged handling info: 1 \team\0\skill\ 5.00\personality\botfiles/newkyle.jkb\saber2\none\saber1\kyle\color2\4\color1\1\sex\male\model\kyle\snaps\20\rate\25000\name\Kyle
2-12-2021 3:34 (1213:39): ClientUserinfoChanged: 1 n\Kyle\t\0\model\kyle\c1\1\c2\4\hc\100\w\0\l\0\skill\ 5.00\tt\0\tl\0\siegeclass\none\st\Kyle\st2\none\dt\0\sdt\0
2-12-2021 3:34 (1213:39): ClientBegin: 1
2-12-2021 3:34 (1214:04): Kill: 1 0 3: Kyle killed Padawan by MOD_SABER
2-12-2021 3:34 (1214:06): say: Kyle: Good Fight
2-12-2021 3:34 (1214:07): ClientDisconnect: 0
2-12-2021 3:34 (1214:09): ClientConnect: 0
2-12-2021 3:34 (1214:09): ClientUserinfoChanged handling info: 0 \team\0\skill\ 5.00\personality\botfiles/astupidbot.jkb\saber2\none\saber1\kyle\color2\4\color1\4\sex\male\model\jawa\snaps\20\rate\25000\name\astupidbot
2-12-2021 3:34 (1214:09): ClientUserinfoChanged: 0 n\astupidbot\t\0\model\jawa\c1\4\c2\4\hc\0\w\0\l\0\skill\ 5.00\tt\0\tl\0\siegeclass\none\st\\st2\\dt\0\sdt\0
2-12-2021 3:34 (1214:09): IP: localhost astupidbot
2-12-2021 3:34 (1214:09): ClientUserinfoChanged handling info: 0 \team\0\skill\ 5.00\personality\botfiles/astupidbot.jkb\saber2\none\saber1\kyle\color2\4\color1\4\sex\male\model\jawa\snaps\20\rate\25000\name\astupidbot
2-12-2021 3:34 (1214:09): ClientUserinfoChanged: 0 n\astupidbot\t\0\model\jawa\c1\4\c2\4\hc\100\w\0\l\0\skill\ 5.00\tt\0\tl\0\siegeclass\none\st\Kyle\st2\none\dt\0\sdt\0
2-12-2021 3:34 (1214:09): ClientBegin: 0
2-12-2021 4:19 (1258:39): Exit: Timelimit hit.
2-12-2021 4:19 (1258:39): score: 1  ping: 55  client: 1 Kyle
2-12-2021 4:19 (1258:39): score: 0  ping: 54  client: 0 astupidbot
2-12-2021 12:44 (1764:01): ShutdownGame:
2-12-2021 12:44 (1764:01): ------------------------------------------------------------
2-12-2021 12:44 (0:00): ------------------------------------------------------------
2-12-2021 12:44 (0:00): InitGame: \version\JAmp: v1.0.1.0 linux-i386 Mar 14 2020\timelimit\45\sv_privateClients\0\sv_minRate\0\sv_minPing\0\sv_maxclients\32\sv_maxRate\0\sv_maxPing\999\sv_hostname\^7~^1~^7~ COMM SERVER ~^1~^7~\sv_fps\50\sv_floodProtectSlow\1\sv_floodProtect\1\sv_autoDemo\0\sv_allowDownload\0\serveruptime\54\protocol\26\mapname\mp/duel6\gamename\Lugormod\g_weaponDisable\0\g_stepSlideFix\0\g_siegeTeamSwitch\1\g_siegeTeam2\none\g_siegeTeam1\none\g_siegeRespawn\20\g_showDuelHealths\1\g_saberWallDamageScale\0.4\g_saberLocking\0\g_privateDuel\1535\g_noSpecMove\0\g_needpass\0\g_maxHolocronCarry\3\g_maxGameClients\0\g_maxForceRank\7\g_jediVmerc\0\g_gametype\0\g_gamemode\0\g_forceRegenTime\160\g_forcePowerDisable\0\g_forceBasedTeams\1\g_duelWeaponDisable\9\g_debugmelee\1\g_allowNPC\1\fs_game\lugormod\fraglimit\0\duel_fraglimit\10\dmflags\0\capturelimit\10\bot_minplayers\2\bg_fighterAltControl\0\Lugormod_Version\U#-0.0.0.91 Alpha
2-12-2021 12:45 (0:30): ClientConnect: 0
2-12-2021 12:45 (0:30): ClientUserinfoChanged handling info: 0 \team\0\skill\ 5.00\personality\botfiles/astupidbot.jkb\saber2\none\saber1\kyle\color2\4\color1\4\sex\male\model\jawa\snaps\20\rate\25000\name\astupidbot
2-12-2021 12:45 (0:30): ClientUserinfoChanged: 0 n\astupidbot\t\0\model\jawa\c1\4\c2\4\hc\0\w\0\l\0\skill\ 5.00\tt\0\tl\0\siegeclass\none\st\\st2\\dt\0\sdt\0
2-12-2021 12:45 (0:30): IP: localhost astupidbot
2-12-2021 12:45 (0:30): ClientUserinfoChanged handling info: 0 \team\0\skill\ 5.00\personality\botfiles/astupidbot.jkb\saber2\none\saber1\kyle\color2\4\color1\4\sex\male\model\jawa\snaps\20\rate\25000\name\astupidbot
2-12-2021 12:45 (0:30): ClientUserinfoChanged: 0 n\astupidbot\t\0\model\jawa\c1\4\c2\4\hc\100\w\0\l\0\skill\ 5.00\tt\0\tl\0\siegeclass\none\st\Kyle\st2\none\dt\0\sdt\0
2-12-2021 12:45 (0:30): ClientBegin: 0
2-12-2021 12:45 (0:46): ClientConnect: 1
2-12-2021 12:45 (0:46): ClientUserinfoChanged handling info: 1 \team\0\skill\ 5.00\personality\botfiles/newkyle.jkb\saber2\none\saber1\kyle\color2\4\color1\1\sex\male\model\kyle\snaps\20\rate\25000\name\Kyle
2-12-2021 12:45 (0:46): ClientUserinfoChanged: 1 n\Kyle\t\0\model\kyle\c1\1\c2\4\hc\0\w\0\l\0\skill\ 5.00\tt\0\tl\0\siegeclass\none\st\\st2\\dt\0\sdt\0
2-12-2021 12:45 (0:46): IP: localhost Kyle
2-12-2021 12:45 (0:46): ClientUserinfoChanged handling info: 1 \team\0\skill\ 5.00\personality\botfiles/newkyle.jkb\saber2\none\saber1\kyle\color2\4\color1\1\sex\male\model\kyle\snaps\20\rate\25000\name\Kyle
2-12-2021 12:45 (0:46): ClientUserinfoChanged: 1 n\Kyle\t\0\model\kyle\c1\1\c2\4\hc\100\w\0\l\0\skill\ 5.00\tt\0\tl\0\siegeclass\none\st\Kyle\st2\none\dt\0\sdt\0
2-12-2021 12:45 (0:46): ClientBegin: 1
2-12-2021 18:21 (337:01): ClientConnect: 2
2-12-2021 18:21 (337:01): ClientUserinfoChanged handling info: 2 \ip\188.36.152.136:29070\challenge\1060972663\qport\58486\protocol\26\teamoverlay\0\snaps\40\sex\male\saber2\none\saber1\single_1\rate\25000\name\cccp^3.^7Tomi\model\tusken/default\ja_guid\96AF4F68DDB192FC68F0DEE3CFD67255\handicap\100\forcepowers\7-1-030000000000000330\cp_sbRGB2\16777215\cp_sbRGB1\6422332\cp_pluginDisable\1536\cp_cosmetics\0\cp_clanPwd\none\color2\6\color1\6\cjp_client\1.4JAPRO\char_color_red\255\char_color_green\255\char_color_blue\255\cg_predictItems\1\cg_displayNetSettings\125 0 125\cg_displayCameraPosition\1 80 16
2-12-2021 18:21 (337:01): ClientUserinfoChanged: 2 n\cccp^3.^7Tomi\t\0\model\tusken/default\c1\6\c2\6\hc\0\w\0\l\0\tt\0\tl\0\st\\st2\\dt\0
2-12-2021 18:21 (337:01): IP: 188.36.152.136 cccp^3.^7Tomi
2-12-2021 18:22 (337:33): Kill: 0 1 3: astupidbot killed Kyle by MOD_SABER
2-12-2021 18:22 (337:33): Exit: Timelimit hit.
2-12-2021 18:22 (337:33): score: 1  ping: 42  client: 0 astupidbot
2-12-2021 18:22 (337:33): score: 0  ping: 52  client: 1 Kyle
2-12-2021 18:22 (337:33): duel: astupidbot won a duel against Kyle
2-12-2021 18:22 (337:34): ClientUserinfoChanged handling info: 1 \team\0\skill\ 5.00\personality\botfiles/newkyle.jkb\saber2\none\saber1\kyle\color2\4\color1\1\sex\male\model\kyle\snaps\20\rate\25000\name\Kyle
2-12-2021 18:22 (337:34): ClientUserinfoChanged: 1 n\Kyle\t\0\model\kyle\c1\1\c2\4\hc\100\w\0\l\0\skill\ 5.00\tt\0\tl\0\siegeclass\none\st\Kyle\st2\none\dt\0\sdt\0
2-12-2021 18:22 (337:34): ClientUserinfoChanged handling info: 0 \team\0\skill\ 5.00\personality\botfiles/astupidbot.jkb\saber2\none\saber1\kyle\color2\4\color1\4\sex\male\model\jawa\snaps\20\rate\25000\name\astupidbot
2-12-2021 18:22 (337:34): ClientUserinfoChanged: 0 n\astupidbot\t\0\model\jawa\c1\4\c2\4\hc\100\w\0\l\0\skill\ 5.00\tt\0\tl\0\siegeclass\none\st\Kyle\st2\none\dt\0\sdt\0
2-12-2021 18:22 (337:34): ClientUserinfoChanged handling info: 2 \ip\188.36.152.136:29070\challenge\1060972663\qport\58486\protocol\26\teamoverlay\0\snaps\40\sex\male\saber2\none\saber1\single_1\rate\25000\name\cccp^3.^7Tomi\model\tusken/default\ja_guid\96AF4F68DDB192FC68F0DEE3CFD67255\handicap\100\forcepowers\7-1-030000000000000330\cp_sbRGB2\16777215\cp_sbRGB1\6422332\cp_pluginDisable\1536\cp_cosmetics\0\cp_clanPwd\none\color2\6\color1\6\cjp_client\1.4JAPRO\char_color_red\255\char_color_green\255\char_color_blue\255\cg_predictItems\1\cg_displayNetSettings\125 0 125\cg_displayCameraPosition\1 80 16
2-12-2021 18:22 (337:34): ClientUserinfoChanged: 2 n\cccp^3.^7Tomi\t\0\model\tusken/default\c1\6\c2\6\hc\100\w\0\l\0\tt\0\tl\0\st\single_1\st2\none\dt\0
2-12-2021 18:24 (340:22): ClientDisconnect: 2
2-12-2021 21:34 (530:10): ClientConnect: 2
2-12-2021 21:34 (530:10): ClientUserinfoChanged handling info: 2 \ip\62.1.240.171:29070\challenge\-132240247\qport\15232\protocol\26\char_color_blue\255\char_color_green\255\char_color_red\255\saber2\none\saber1\single_8\cg_predictItems\1\sex\male\handicap\100\color2\4\color1\5\forcepowers\6-1-030330000000000333\model\lando/default\snaps\20\rate\4000\name\taxiroxxx\teamtask\0
2-12-2021 21:34 (530:10): ClientUserinfoChanged: 2 n\taxiroxxx\t\0\model\lando/default\c1\5\c2\4\hc\0\w\0\l\0\tt\0\tl\0\st\\st2\\dt\0
2-12-2021 21:34 (530:10): IP: 62.1.240.171 taxiroxxx
2-12-2021 21:34 (530:22): ClientUserinfoChanged handling info: 2 \ip\62.1.240.171:29070\char_color_blue\255\char_color_green\255\char_color_red\255\saber2\none\saber1\single_8\cg_predictItems\1\sex\male\handicap\100\color2\4\color1\5\forcepowers\6-1-030330000000000333\model\lando/default\snaps\20\rate\4000\name\taxiroxxx\teamtask\0\teamoverlay\1
2-12-2021 21:34 (530:22): ClientUserinfoChanged: 2 n\taxiroxxx\t\0\model\lando/default\c1\5\c2\4\hc\0\w\0\l\0\tt\0\tl\0\st\single_8\st2\none\dt\0
2-12-2021 21:34 (530:22): ClientUserinfoChanged handling info: 2 \ip\62.1.240.171:29070\char_color_blue\255\char_color_green\255\char_color_red\255\saber2\none\saber1\single_8\cg_predictItems\1\sex\male\handicap\100\color2\4\color1\5\forcepowers\6-1-030330000000000333\model\lando/default\snaps\20\rate\4000\name\taxiroxxx\teamtask\0\teamoverlay\1
2-12-2021 21:34 (530:22): ClientUserinfoChanged: 2 n\taxiroxxx\t\0\model\lando/default\c1\5\c2\4\hc\100\w\0\l\0\tt\0\tl\0\st\single_8\st2\none\dt\0
2-12-2021 21:34 (530:22): ClientBegin: 2
2-12-2021 21:34 (530:25): ShutdownGame:
2-12-2021 21:34 (530:25): ------------------------------------------------------------
2-12-2021 21:34 (530:25): ------------------------------------------------------------
2-12-2021 21:34 (530:25): InitGame: \version\JAmp: v1.0.1.0 linux-i386 Mar 14 2020\timelimit\45\sv_privateClients\0\sv_minRate\0\sv_minPing\0\sv_maxclients\32\sv_maxRate\0\sv_maxPing\999\sv_hostname\^7~^1~^7~ COMM SERVER ~^1~^7~\sv_fps\50\sv_floodProtectSlow\1\sv_floodProtect\1\sv_autoDemo\0\sv_allowDownload\0\serveruptime\54\protocol\26\mapname\mp/duel6\gamename\Lugormod\g_weaponDisable\0\g_stepSlideFix\0\g_siegeTeamSwitch\1\g_siegeTeam2\none\g_siegeTeam1\none\g_siegeRespawn\20\g_showDuelHealths\1\g_saberWallDamageScale\0.4\g_saberLocking\0\g_privateDuel\1535\g_noSpecMove\0\g_needpass\0\g_maxHolocronCarry\3\g_maxGameClients\0\g_maxForceRank\7\g_jediVmerc\0\g_gametype\0\g_gamemode\0\g_forceRegenTime\160\g_forcePowerDisable\0\g_forceBasedTeams\1\g_duelWeaponDisable\9\g_debugmelee\1\g_allowNPC\1\fs_game\lugormod\fraglimit\0\duel_fraglimit\10\dmflags\0\capturelimit\10\bot_minplayers\2\bg_fighterAltControl\0\Lugormod_Version\U#-0.0.0.91 Alpha
2-12-2021 21:34 (530:25): ClientConnect: 0
2-12-2021 21:34 (530:25): ClientUserinfoChanged handling info: 0 \team\0\skill\ 5.00\personality\botfiles/astupidbot.jkb\saber2\none\saber1\kyle\color2\4\color1\4\sex\male\model\jawa\snaps\20\rate\25000\name\astupidbot
2-12-2021 21:34 (530:25): ClientUserinfoChanged: 0 n\astupidbot\t\0\model\jawa\c1\4\c2\4\hc\0\w\0\l\0\skill\ 5.00\tt\0\tl\0\siegeclass\none\st\Kyle\st2\none\dt\0\sdt\0
2-12-2021 21:34 (530:25): ClientUserinfoChanged handling info: 0 \team\0\skill\ 5.00\personality\botfiles/astupidbot.jkb\saber2\none\saber1\kyle\color2\4\color1\4\sex\male\model\jawa\snaps\20\rate\25000\name\astupidbot
2-12-2021 21:34 (530:25): ClientUserinfoChanged: 0 n\astupidbot\t\0\model\jawa\c1\4\c2\4\hc\100\w\0\l\0\skill\ 5.00\tt\0\tl\0\siegeclass\none\st\Kyle\st2\none\dt\0\sdt\0
2-12-2021 21:34 (530:25): ClientBegin: 0
2-12-2021 21:34 (530:25): ClientConnect: 1
2-12-2021 21:34 (530:25): ClientUserinfoChanged handling info: 1 \team\0\skill\ 5.00\personality\botfiles/newkyle.jkb\saber2\none\saber1\kyle\color2\4\color1\1\sex\male\model\kyle\snaps\20\rate\25000\name\Kyle
2-12-2021 21:34 (530:25): ClientUserinfoChanged: 1 n\Kyle\t\0\model\kyle\c1\1\c2\4\hc\0\w\0\l\0\skill\ 5.00\tt\0\tl\0\siegeclass\none\st\Kyle\st2\none\dt\0\sdt\0
2-12-2021 21:34 (530:25): ClientUserinfoChanged handling info: 1 \team\0\skill\ 5.00\personality\botfiles/newkyle.jkb\saber2\none\saber1\kyle\color2\4\color1\1\sex\male\model\kyle\snaps\20\rate\25000\name\Kyle
2-12-2021 21:34 (530:25): ClientUserinfoChanged: 1 n\Kyle\t\0\model\kyle\c1\1\c2\4\hc\100\w\0\l\0\skill\ 5.00\tt\0\tl\0\siegeclass\none\st\Kyle\st2\none\dt\0\sdt\0
2-12-2021 21:34 (530:25): ClientBegin: 1
2-12-2021 21:34 (530:25): ClientConnect: 2
2-12-2021 21:34 (530:25): ClientUserinfoChanged handling info: 2 \ip\62.1.240.171:29070\char_color_blue\255\char_color_green\255\char_color_red\255\saber2\none\saber1\single_8\cg_predictItems\1\sex\male\handicap\100\color2\4\color1\5\forcepowers\6-1-030330000000000333\model\lando/default\snaps\20\rate\4000\name\taxiroxxx\teamtask\0\teamoverlay\1
2-12-2021 21:34 (530:25): ClientUserinfoChanged: 2 n\taxiroxxx\t\0\model\lando/default\c1\5\c2\4\hc\0\w\0\l\0\tt\0\tl\0\st\single_8\st2\none\dt\0
2-12-2021 21:34 (530:25): ClientUserinfoChanged handling info: 2 \ip\62.1.240.171:29070\char_color_blue\255\char_color_green\255\char_color_red\255\saber2\none\saber1\single_8\cg_predictItems\1\sex\male\handicap\100\color2\4\color1\5\forcepowers\6-1-030330000000000333\model\lando/default\snaps\20\rate\4000\name\taxiroxxx\teamtask\0\teamoverlay\1
2-12-2021 21:34 (530:25): ClientUserinfoChanged: 2 n\taxiroxxx\t\0\model\lando/default\c1\5\c2\4\hc\0\w\0\l\0\tt\0\tl\0\st\single_8\st2\none\dt\0
2-12-2021 21:34 (530:25): ClientUserinfoChanged handling info: 2 \ip\62.1.240.171:29070\char_color_blue\255\char_color_green\255\char_color_red\255\saber2\none\saber1\single_8\cg_predictItems\1\sex\male\handicap\100\color2\4\color1\5\forcepowers\6-1-030330000000000333\model\lando/default\snaps\20\rate\4000\name\taxiroxxx\teamtask\0\teamoverlay\1
2-12-2021 21:34 (530:25): ClientUserinfoChanged: 2 n\taxiroxxx\t\0\model\lando/default\c1\5\c2\4\hc\100\w\0\l\0\tt\0\tl\0\st\single_8\st2\none\dt\0
2-12-2021 21:34 (530:25): ClientBegin: 2
2-12-2021 21:35 (530:55): say: astupidbot: cya
2-12-2021 21:35 (530:55): ClientDisconnect: 0
2-12-2021 21:35 (530:57): say: Kyle: bye
2-12-2021 21:35 (531:18): ClientDisconnect: 2
2-12-2021 21:36 (531:37): ClientConnect: 0
2-12-2021 21:36 (531:37): ClientUserinfoChanged handling info: 0 \team\0\skill\ 5.00\personality\botfiles/astupidbot.jkb\saber2\none\saber1\kyle\color2\4\color1\4\sex\male\model\jawa\snaps\20\rate\25000\name\astupidbot
2-12-2021 21:36 (531:37): ClientUserinfoChanged: 0 n\astupidbot\t\0\model\jawa\c1\4\c2\4\hc\0\w\0\l\0\skill\ 5.00\tt\0\tl\0\siegeclass\none\st\\st2\\dt\0\sdt\0
2-12-2021 21:36 (531:37): IP: localhost astupidbot
2-12-2021 21:36 (531:37): ClientUserinfoChanged handling info: 0 \team\0\skill\ 5.00\personality\botfiles/astupidbot.jkb\saber2\none\saber1\kyle\color2\4\color1\4\sex\male\model\jawa\snaps\20\rate\25000\name\astupidbot
2-12-2021 21:36 (531:37): ClientUserinfoChanged: 0 n\astupidbot\t\0\model\jawa\c1\4\c2\4\hc\100\w\0\l\0\skill\ 5.00\tt\0\tl\0\siegeclass\none\st\Kyle\st2\none\dt\0\sdt\0
2-12-2021 21:36 (531:37): ClientBegin: 0
2-13-2021 2:34 (829:38): ClientConnect: 2
2-13-2021 2:34 (829:38): ClientUserinfoChanged handling info: 2 \ip\181.75.203.110:29070\challenge\438904797\qport\16619\protocol\26\cp_sbRGB2\0\cp_sbRGB1\0\cp_clanPwd\none\cp_login\NOT SET\cp_pluginDisable\0\char_color_blue\255\char_color_green\255\char_color_red\255\saber2\none\saber1\single_1\cg_predictItems\1\sex\male\handicap\100\color2\4\color1\4\forcepowers\7-1-030000000000000330\model\rena/default\snaps\20\rate\4000\name\^5=^7AJC^5=^7Renatto^5[^7Y-^5]\teamtask\0\cp_holster\1\teamoverlay\1\cjp_client\1.4B4
2-13-2021 2:34 (829:38): ClientUserinfoChanged: 2 n\^5=^7AJC^5=^7Renatto^5[^7Y-^5]\t\0\model\rena/default\c1\4\c2\4\hc\0\w\0\l\0\tt\0\tl\0\st\\st2\\dt\0
2-13-2021 2:34 (829:38): IP: 181.75.203.110 ^5=^7AJC^5=^7Renatto^5[^7Y-^5]
2-13-2021 2:35 (830:55): Kill: 1 0 3: Kyle killed astupidbot by MOD_SABER
2-13-2021 2:35 (830:55): Exit: Timelimit hit.
2-13-2021 2:35 (830:55): score: 1  ping: 60  client: 1 Kyle
2-13-2021 2:35 (830:55): score: 0  ping: 51  client: 0 astupidbot
2-13-2021 2:35 (830:55): duel: Kyle won a duel against astupidbot
2-13-2021 2:35 (830:56): ClientUserinfoChanged handling info: 0 \team\0\skill\ 5.00\personality\botfiles/astupidbot.jkb\saber2\none\saber1\kyle\color2\4\color1\4\sex\male\model\jawa\snaps\20\rate\25000\name\astupidbot
2-13-2021 2:35 (830:56): ClientUserinfoChanged: 0 n\astupidbot\t\0\model\jawa\c1\4\c2\4\hc\100\w\0\l\0\skill\ 5.00\tt\0\tl\0\siegeclass\none\st\Kyle\st2\none\dt\0\sdt\0
2-13-2021 2:35 (830:56): ClientUserinfoChanged handling info: 0 \team\0\skill\ 5.00\personality\botfiles/astupidbot.jkb\saber2\none\saber1\kyle\color2\4\color1\4\sex\male\model\jawa\snaps\20\rate\25000\name\astupidbot
2-13-2021 2:35 (830:56): ClientUserinfoChanged: 0 n\astupidbot\t\0\model\jawa\c1\4\c2\4\hc\100\w\0\l\0\skill\ 5.00\tt\0\tl\0\siegeclass\none\st\Kyle\st2\none\dt\0\sdt\0
2-13-2021 2:35 (830:56): ClientUserinfoChanged handling info: 2 \ip\181.75.203.110:29070\challenge\438904797\qport\16619\protocol\26\cp_sbRGB2\0\cp_sbRGB1\0\cp_clanPwd\none\cp_login\NOT SET\cp_pluginDisable\0\char_color_blue\255\char_color_green\255\char_color_red\255\saber2\none\saber1\single_1\cg_predictItems\1\sex\male\handicap\100\color2\4\color1\4\forcepowers\7-1-030000000000000330\model\rena/default\snaps\20\rate\4000\name\^5=^7AJC^5=^7Renatto^5[^7Y-^5]\teamtask\0\cp_holster\1\teamoverlay\1\cjp_client\1.4B4
2-13-2021 2:35 (830:56): ClientUserinfoChanged: 2 n\^5=^7AJC^5=^7Renatto^5[^7Y-^5]\t\0\model\rena/default\c1\4\c2\4\hc\100\w\0\l\0\tt\0\tl\0\st\single_1\st2\none\dt\0
2-13-2021 2:35 (830:56): say: astupidbot: Good Fight
2-13-2021 2:38 (834:02): ClientDisconnect: 2
2-13-2021 2:50 (846:12): ClientConnect: 2
2-13-2021 2:50 (846:12): ClientUserinfoChanged handling info: 2 \ip\88.232.130.0:29070\challenge\889976623\qport\8731\protocol\26\char_color_blue\255\char_color_green\255\char_color_red\255\saber2\single_1\saber1\single_1\cg_predictItems\1\sex\male\handicap\100\color2\0\color1\0\forcepowers\6-1-030330000000000333\model\boba_fett/default\snaps\20\rate\4000\name\poyrazayaz863\teamtask\0\teamoverlay\1
2-13-2021 2:50 (846:12): ClientUserinfoChanged: 2 n\poyrazayaz863\t\0\model\boba_fett/default\c1\0\c2\0\hc\0\w\0\l\0\tt\0\tl\0\st\\st2\\dt\0
2-13-2021 2:50 (846:12): IP: 88.232.130.0 poyrazayaz863
2-13-2021 2:54 (850:04): ClientDisconnect: 2
2-13-2021 5:37 (1012:28): ClientConnect: 2
2-13-2021 5:37 (1012:28): ClientUserinfoChanged handling info: 2 \ip\99.194.190.61:29070\challenge\-1896303339\qport\13001\protocol\26\char_color_blue\255\char_color_green\255\char_color_red\255\saber2\none\saber1\Kyle\cg_predictItems\1\sex\male\handicap\100\color2\2\color1\2\forcepowers\7-2-030000000000000330\model\trandoshan/default\snaps\20\rate\4000\name\Darth Jood\teamtask\0\teamoverlay\1
2-13-2021 5:37 (1012:28): ClientUserinfoChanged: 2 n\Darth Jood\t\0\model\trandoshan/default\c1\2\c2\2\hc\0\w\0\l\0\tt\0\tl\0\st\\st2\\dt\0
2-13-2021 5:37 (1012:28): IP: 99.194.190.61 Darth Jood
2-13-2021 5:40 (1016:27): ClientDisconnect: 2
2-13-2021 8:23 (1179:04): ClientConnect: 2
2-13-2021 8:23 (1179:04): ClientUserinfoChanged handling info: 2 \ip\79.118.143.244:29070\challenge\-846274632\qport\59977\protocol\26\char_color_blue\255\char_color_green\150\char_color_red\180\saber2\Kyle\saber1\Kyle\cg_predictItems\1\sex\male\handicap\100\color2\1\color1\2\forcepowers\7-1-030000000000000330\model\reborn/boss\snaps\20\rate\4000\name\^0[EJO]^5Azzar^0 *I*\teamtask\0\teamoverlay\1
2-13-2021 8:23 (1179:04): ClientUserinfoChanged: 2 n\^0[EJO]^5Azzar^0 *I*\t\0\model\reborn/boss\c1\2\c2\1\hc\0\w\0\l\0\tt\0\tl\0\st\\st2\\dt\0
2-13-2021 8:23 (1179:04): IP: 79.118.143.244 ^0[EJO]^5Azzar^0 *I*
2-13-2021 8:26 (1182:07): say: astupidbot: Where is everyone?
2-13-2021 8:27 (1182:51): ClientDisconnect: 2
2-13-2021 18: 7 (1763:14): ShutdownGame:
2-13-2021 18: 7 (1763:14): ------------------------------------------------------------
