10-30-2021 20:11 (11604:51): ------------------------------------------------------------
10-30-2021 20:11 (11604:51): InitGame: \version\JAmp: v1.0.1.0 linux-i386 Mar 14 2020\timelimit\45\sv_privateClients\0\sv_minRate\0\sv_minPing\0\sv_maxclients\32\sv_maxRate\0\sv_maxPing\999\sv_hostname\^7~^1~^7~ COMM SERVER ~^1~^7~\sv_fps\50\sv_floodProtectSlow\1\sv_floodProtect\1\sv_autoDemo\0\sv_allowDownload\0\serveruptime\232\protocol\26\mapname\academy6\gamename\Lugormod\g_weaponDisable\0\g_stepSlideFix\0\g_siegeTeamSwitch\1\g_siegeTeam2\none\g_siegeTeam1\none\g_siegeRespawn\20\g_showDuelHealths\1\g_saberWallDamageScale\0.4\g_saberLocking\0\g_privateDuel\1535\g_noSpecMove\0\g_needpass\0\g_maxHolocronCarry\3\g_maxGameClients\0\g_maxForceRank\7\g_jediVmerc\0\g_gametype\0\g_gamemode\0\g_forceRegenTime\160\g_forcePowerDisable\0\g_forceBasedTeams\1\g_duelWeaponDisable\9\g_debugmelee\1\g_allowNPC\1\fs_game\lugormod\fraglimit\0\duel_fraglimit\10\dmflags\0\capturelimit\10\bot_minplayers\2\bg_fighterAltControl\0\Lugormod_Version\U#-0.0.0.91 Alpha
10-30-2021 20:11 (11604:51): ClientConnect: 0
10-30-2021 20:11 (11604:51): ClientUserinfoChanged handling info: 0 \ip\46.13.93.85:29070\char_color_blue\255\char_color_green\255\char_color_red\255\saber2\none\saber1\single_1\cg_predictItems\1\sex\male\handicap\100\color2\4\color1\1\forcepowers\7-1-010000000000000320\model\luke/default\snaps\20\rate\4000\name\KOKRRR\teamtask\0\teamoverlay\1
10-30-2021 20:11 (11604:51): ClientUserinfoChanged: 0 n\KOKRRR\t\0\model\luke/default\c1\1\c2\4\hc\0\w\0\l\0\tt\0\tl\0\st\single_1\st2\none\dt\0
10-30-2021 20:11 (11604:51): ClientUserinfoChanged handling info: 0 \ip\46.13.93.85:29070\char_color_blue\255\char_color_green\255\char_color_red\255\saber2\none\saber1\single_1\cg_predictItems\1\sex\male\handicap\100\color2\4\color1\1\forcepowers\7-1-010000000000000320\model\luke/default\snaps\20\rate\4000\name\KOKRRR\teamtask\0\teamoverlay\1
10-30-2021 20:11 (11604:51): ClientUserinfoChanged: 0 n\KOKRRR\t\0\model\luke/default\c1\1\c2\4\hc\0\w\0\l\0\tt\0\tl\0\st\single_1\st2\none\dt\0
10-30-2021 20:11 (11604:51): ClientUserinfoChanged handling info: 0 \ip\46.13.93.85:29070\char_color_blue\255\char_color_green\255\char_color_red\255\saber2\none\saber1\single_1\cg_predictItems\1\sex\male\handicap\100\color2\4\color1\1\forcepowers\7-1-010000000000000320\model\luke/default\snaps\20\rate\4000\name\KOKRRR\teamtask\0\teamoverlay\1
10-30-2021 20:11 (11604:51): ClientUserinfoChanged: 0 n\KOKRRR\t\0\model\luke/default\c1\1\c2\4\hc\100\w\0\l\0\tt\0\tl\0\st\single_1\st2\none\dt\0
10-30-2021 20:11 (11604:51): ClientBegin: 0
10-30-2021 20:11 (11604:51): ClientConnect: 1
10-30-2021 20:11 (11604:51): ClientUserinfoChanged handling info: 1 \name\Kyle\team\0\skill\ 5.00\personality\botfiles/newkyle.jkb\saber2\none\saber1\kyle\color2\4\color1\1\sex\male\monaps\2le\snaps\20\rate\25000
10-30-2021 20:11 (11604:51): ClientUserinfoChanged: 1 n\Kyle\t\0\model\\c1\1\c2\4\hc\0\w\0\l\0\skill\ 5.00\tt\0\tl\0\siegeclass\none\st\Kyle\st2\none\dt\0\sdt\0
10-30-2021 20:11 (11604:51): ClientUserinfoChanged handling info: 1 \name\Kyle\team\0\skill\ 5.00\personality\botfiles/newkyle.jkb\saber2\none\saber1\ky4\color1\1\sex\male\monaps\2le\snaps\2le\snaps\20\rate\25000
10-30-2021 20:11 (11604:51): ClientUserinfoChanged: 1 n\Kyle\t\0\model\\c1\1\c2\\hc\0\w\0\l\0\skill\ 5.00\tt\0\tl\0\siegeclass\none\st\Kyle\st2\none\dt\0\sdt\0
10-30-2021 20:11 (11604:51): ClientUserinfoChanged handling info: 1 \name\Kyle\team\0\skill\ 5.00\personality\botfiles/newkyle.jkb\saber2\none\saber1\ky4\color1\1\sex\male\monaps\2le\snaps\2le\snaps\20\rate\25000
10-30-2021 20:11 (11604:51): ClientUserinfoChanged: 1 n\Kyle\t\0\model\\c1\1\c2\\hc\0\w\0\l\0\skill\ 5.00\tt\0\tl\0\siegeclass\none\st\default\st2\none\dt\0\sdt\0
10-30-2021 20:11 (11604:51): ClientUserinfoChanged handling info: 1 \saber1\default\name\Kyle\team\0\skill\ 5.00\personality\botfiles/newkyle.jkb\saber2\none\color1\1\sex\male\monaps\2le\snaps\2le\snaps\20\rate\25000
10-30-2021 20:11 (11604:51): ClientUserinfoChanged: 1 n\Kyle\t\0\model\\c1\1\c2\\hc\100\w\0\l\0\skill\ 5.00\tt\0\tl\0\siegeclass\none\st\default\st2\none\dt\0\sdt\0
10-30-2021 20:11 (11604:51): ClientBegin: 1
10-30-2021 20:11 (11604:51): ClientConnect: 2
10-30-2021 20:11 (11604:51): ClientUserinfoChanged handling info: 2 \ip\79.98.157.156:29070\char_color_blue\100\char_color_green\235\char_color_red\255\saber2\none\saber1\Kyle\cg_predictItems\1\sex\male\handicap\100\color2\3\color1\4\forcepowers\7-1-030330000000000333\model\jedi_tf/head_a3|torso_b1|lower_b1\snaps\20\rate\4000\name\Karri\teamtask\0\teamoverlay\1
10-30-2021 20:11 (11604:51): ClientUserinfoChanged: 2 n\Karri\t\0\model\jedi_tf/head_a3|torso_b1|lower_b1\c1\4\c2\3\hc\0\w\0\l\0\tt\0\tl\0\st\Kyle\st2\none\dt\0
10-30-2021 20:11 (11604:51): ClientUserinfoChanged handling info: 2 \ip\79.98.157.156:29070\char_color_blue\100\char_color_green\235\char_color_red\255\saber2\none\saber1\Kyle\cg_predictItems\1\sex\male\handicap\100\color2\3\color1\4\forcepowers\7-1-030330000000000333\model\jedi_tf/head_a3|torso_b1|lower_b1\snaps\20\rate\4000\name\Karri\teamtask\0\teamoverlay\1
10-30-2021 20:11 (11604:51): ClientUserinfoChanged: 2 n\Karri\t\0\model\jedi_tf/head_a3|torso_b1|lower_b1\c1\4\c2\3\hc\0\w\0\l\0\tt\0\tl\0\st\Kyle\st2\none\dt\0
10-30-2021 20:11 (11604:51): ClientUserinfoChanged handling info: 2 \ip\79.98.157.156:29070\char_color_blue\100\char_color_green\235\char_color_red\255\saber2\none\saber1\Kyle\cg_predictItems\1\sex\male\handicap\100\color2\3\color1\4\forcepowers\7-1-030330000000000333\model\jedi_tf/head_a3|torso_b1|lower_b1\snaps\20\rate\4000\name\Karri\teamtask\0\teamoverlay\1
10-30-2021 20:11 (11604:51): ClientUserinfoChanged: 2 n\Karri\t\0\model\jedi_tf/head_a3|torso_b1|lower_b1\c1\4\c2\3\hc\100\w\0\l\0\tt\0\tl\0\st\Kyle\st2\none\dt\0
10-30-2021 20:11 (11604:51): ClientBegin: 2
10-30-2021 20:11 (11605:21): say: Kyle: cya
10-30-2021 20:11 (11605:21): ClientDisconnect: 1
10-30-2021 20:14 (11608:16): ClientUserinfoChanged handling info: 2 \ip\79.98.157.156:29070\char_color_blue\255\char_color_green\255\char_color_red\255\saber2\none\saber1\Kyle\cg_predictItems\1\sex\male\handicap\100\color2\3\color1\0\forcepowers\7-1-030330000000000333\model\alora2/default\snaps\20\rate\4000\name\Karri\teamtask\0\teamoverlay\1
10-30-2021 20:14 (11608:16): ClientUserinfoChanged: 2 n\Karri\t\0\model\alora2/default\c1\0\c2\3\hc\100\w\0\l\0\tt\0\tl\0\st\Kyle\st2\none\dt\0
10-30-2021 20:15 (11609:03): Kill: 2 0 3: Karri killed KOKRRR by MOD_SABER
10-30-2021 20:15 (11609:03): duel: Karri won a duel against KOKRRR
10-30-2021 20:15 (11609:04): ClientUserinfoChanged handling info: 0 \ip\46.13.93.85:29070\char_color_blue\255\char_color_green\255\char_color_red\255\saber2\none\saber1\single_1\cg_predictItems\1\sex\male\handicap\100\color2\4\color1\1\forcepowers\7-1-010000000000000320\model\luke/default\snaps\20\rate\4000\name\KOKRRR\teamtask\0\teamoverlay\1
10-30-2021 20:15 (11609:04): ClientUserinfoChanged: 0 n\KOKRRR\t\0\model\luke/default\c1\1\c2\4\hc\100\w\0\l\0\tt\0\tl\0\st\single_1\st2\none\dt\0
10-30-2021 20:16 (11609:36): Kill: 2 0 3: Karri killed KOKRRR by MOD_SABER
10-30-2021 20:16 (11609:36): duel: Karri won a duel against KOKRRR
10-30-2021 20:16 (11609:37): ClientUserinfoChanged handling info: 0 \ip\46.13.93.85:29070\char_color_blue\255\char_color_green\255\char_color_red\255\saber2\none\saber1\single_1\cg_predictItems\1\sex\male\handicap\100\color2\4\color1\1\forcepowers\7-1-010000000000000320\model\luke/default\snaps\20\rate\4000\name\KOKRRR\teamtask\0\teamoverlay\1
10-30-2021 20:16 (11609:37): ClientUserinfoChanged: 0 n\KOKRRR\t\0\model\luke/default\c1\1\c2\4\hc\100\w\0\l\0\tt\0\tl\0\st\single_1\st2\none\dt\0
10-30-2021 20:16 (11609:49): ClientUserinfoChanged handling info: 0 \ip\46.13.93.85:29070\char_color_blue\255\char_color_green\255\char_color_red\255\saber2\none\saber1\single_1\cg_predictItems\1\sex\male\handicap\100\color2\4\color1\4\forcepowers\7-1-010000000000000320\model\luke/default\snaps\20\rate\4000\name\KOKRRR\teamtask\0\teamoverlay\1
10-30-2021 20:16 (11609:49): ClientUserinfoChanged: 0 n\KOKRRR\t\0\model\luke/default\c1\4\c2\4\hc\100\w\0\l\0\tt\0\tl\0\st\single_1\st2\none\dt\0
10-30-2021 20:16 (11610:02): Kill: 0 2 3: KOKRRR killed Karri by MOD_SABER
10-30-2021 20:16 (11610:02): duel: KOKRRR won a duel against Karri
10-30-2021 20:16 (11610:04): ClientUserinfoChanged handling info: 2 \ip\79.98.157.156:29070\char_color_blue\255\char_color_green\255\char_color_red\255\saber2\none\saber1\Kyle\cg_predictItems\1\sex\male\handicap\100\color2\3\color1\0\forcepowers\7-1-030330000000000333\model\alora2/default\snaps\20\rate\4000\name\Karri\teamtask\0\teamoverlay\1
10-30-2021 20:16 (11610:04): ClientUserinfoChanged: 2 n\Karri\t\0\model\alora2/default\c1\0\c2\3\hc\100\w\0\l\0\tt\0\tl\0\st\Kyle\st2\none\dt\0
10-30-2021 20:17 (11610:25): Kill: 2 0 3: Karri killed KOKRRR by MOD_SABER
10-30-2021 20:17 (11610:25): duel: Karri won a duel against KOKRRR
10-30-2021 20:17 (11610:27): ClientUserinfoChanged handling info: 0 \ip\46.13.93.85:29070\char_color_blue\255\char_color_green\255\char_color_red\255\saber2\none\saber1\single_1\cg_predictItems\1\sex\male\handicap\100\color2\4\color1\4\forcepowers\7-1-010000000000000320\model\luke/default\snaps\20\rate\4000\name\KOKRRR\teamtask\0\teamoverlay\1
10-30-2021 20:17 (11610:27): ClientUserinfoChanged: 0 n\KOKRRR\t\0\model\luke/default\c1\4\c2\4\hc\100\w\0\l\0\tt\0\tl\0\st\single_1\st2\none\dt\0
10-30-2021 20:17 (11610:37): Kill: 2 0 3: Karri killed KOKRRR by MOD_SABER
10-30-2021 20:17 (11610:37): duel: Karri won a duel against KOKRRR
10-30-2021 20:17 (11610:39): ClientUserinfoChanged handling info: 0 \ip\46.13.93.85:29070\char_color_blue\255\char_color_green\255\char_color_red\255\saber2\none\saber1\single_1\cg_predictItems\1\sex\male\handicap\100\color2\4\color1\4\forcepowers\7-1-010000000000000320\model\luke/default\snaps\20\rate\4000\name\KOKRRR\teamtask\0\teamoverlay\1
10-30-2021 20:17 (11610:39): ClientUserinfoChanged: 0 n\KOKRRR\t\0\model\luke/default\c1\4\c2\4\hc\100\w\0\l\0\tt\0\tl\0\st\single_1\st2\none\dt\0
10-30-2021 20:17 (11610:57): Kill: 2 0 3: Karri killed KOKRRR by MOD_SABER
10-30-2021 20:17 (11610:57): duel: Karri won a duel against KOKRRR
10-30-2021 20:17 (11610:59): ClientUserinfoChanged handling info: 0 \ip\46.13.93.85:29070\char_color_blue\255\char_color_green\255\char_color_red\255\saber2\none\saber1\single_1\cg_predictItems\1\sex\male\handicap\100\color2\4\color1\4\forcepowers\7-1-010000000000000320\model\luke/default\snaps\20\rate\4000\name\KOKRRR\teamtask\0\teamoverlay\1
10-30-2021 20:17 (11610:59): ClientUserinfoChanged: 0 n\KOKRRR\t\0\model\luke/default\c1\4\c2\4\hc\100\w\0\l\0\tt\0\tl\0\st\single_1\st2\none\dt\0
10-30-2021 20:18 (11611:46): Kill: 0 2 3: KOKRRR killed Karri by MOD_SABER
10-30-2021 20:18 (11611:46): duel: KOKRRR won a duel against Karri
10-30-2021 20:18 (11611:53): ClientUserinfoChanged handling info: 2 \ip\79.98.157.156:29070\char_color_blue\255\char_color_green\255\char_color_red\255\saber2\none\saber1\Kyle\cg_predictItems\1\sex\male\handicap\100\color2\3\color1\0\forcepowers\7-1-030330000000000333\model\alora2/default\snaps\20\rate\4000\name\Karri\teamtask\0\teamoverlay\1
10-30-2021 20:18 (11611:53): ClientUserinfoChanged: 2 n\Karri\t\0\model\alora2/default\c1\0\c2\3\hc\100\w\0\l\0\tt\0\tl\0\st\Kyle\st2\none\dt\0
10-30-2021 20:19 (11612:58): Kill: 2 0 3: Karri killed KOKRRR by MOD_SABER
10-30-2021 20:19 (11612:58): duel: Karri won a duel against KOKRRR
10-30-2021 20:19 (11613:02): ClientUserinfoChanged handling info: 0 \ip\46.13.93.85:29070\char_color_blue\255\char_color_green\255\char_color_red\255\saber2\none\saber1\single_1\cg_predictItems\1\sex\male\handicap\100\color2\4\color1\4\forcepowers\7-1-010000000000000320\model\luke/default\snaps\20\rate\4000\name\KOKRRR\teamtask\0\teamoverlay\1
10-30-2021 20:19 (11613:02): ClientUserinfoChanged: 0 n\KOKRRR\t\0\model\luke/default\c1\4\c2\4\hc\100\w\0\l\0\tt\0\tl\0\st\single_1\st2\none\dt\0
10-30-2021 20:20 (11613:30): Kill: 2 0 3: Karri killed KOKRRR by MOD_SABER
10-30-2021 20:20 (11613:30): duel: Karri won a duel against KOKRRR
10-30-2021 20:20 (11613:32): ClientUserinfoChanged handling info: 0 \ip\46.13.93.85:29070\char_color_blue\255\char_color_green\255\char_color_red\255\saber2\none\saber1\single_1\cg_predictItems\1\sex\male\handicap\100\color2\4\color1\4\forcepowers\7-1-010000000000000320\model\luke/default\snaps\20\rate\4000\name\KOKRRR\teamtask\0\teamoverlay\1
10-30-2021 20:20 (11613:32): ClientUserinfoChanged: 0 n\KOKRRR\t\0\model\luke/default\c1\4\c2\4\hc\100\w\0\l\0\tt\0\tl\0\st\single_1\st2\none\dt\0
10-30-2021 20:20 (11613:37): say: KOKRRR: ted uz budu
10-30-2021 20:20 (11613:45): say: Karri: haha
10-30-2021 20:20 (11613:46): say: KOKRRR: zase neco picuje :D
10-30-2021 20:20 (11613:49): say: Karri: :DDDDDD
10-30-2021 20:21 (11614:30): Kill: 0 2 3: KOKRRR killed Karri by MOD_SABER
10-30-2021 20:21 (11614:30): duel: KOKRRR won a duel against Karri
10-30-2021 20:21 (11614:35): ClientUserinfoChanged handling info: 2 \ip\79.98.157.156:29070\char_color_blue\255\char_color_green\255\char_color_red\255\saber2\none\saber1\Kyle\cg_predictItems\1\sex\male\handicap\100\color2\3\color1\0\forcepowers\7-1-030330000000000333\model\alora2/default\snaps\20\rate\4000\name\Karri\teamtask\0\teamoverlay\1
10-30-2021 20:21 (11614:35): ClientUserinfoChanged: 2 n\Karri\t\0\model\alora2/default\c1\0\c2\3\hc\100\w\0\l\0\tt\0\tl\0\st\Kyle\st2\none\dt\0
10-30-2021 20:21 (11615:08): Kill: 0 2 3: KOKRRR killed Karri by MOD_SABER
10-30-2021 20:21 (11615:08): duel: KOKRRR won a duel against Karri
10-30-2021 20:21 (11615:14): ClientUserinfoChanged handling info: 2 \ip\79.98.157.156:29070\char_color_blue\255\char_color_green\255\char_color_red\255\saber2\none\saber1\Kyle\cg_predictItems\1\sex\male\handicap\100\color2\3\color1\0\forcepowers\7-1-030330000000000333\model\alora2/default\snaps\20\rate\4000\name\Karri\teamtask\0\teamoverlay\1
10-30-2021 20:21 (11615:14): ClientUserinfoChanged: 2 n\Karri\t\0\model\alora2/default\c1\0\c2\3\hc\100\w\0\l\0\tt\0\tl\0\st\Kyle\st2\none\dt\0
10-30-2021 20:22 (11615:39): Kill: 0 2 3: KOKRRR killed Karri by MOD_SABER
10-30-2021 20:22 (11615:39): duel: KOKRRR won a duel against Karri
10-30-2021 20:22 (11615:44): ClientUserinfoChanged handling info: 2 \ip\79.98.157.156:29070\char_color_blue\255\char_color_green\255\char_color_red\255\saber2\none\saber1\Kyle\cg_predictItems\1\sex\male\handicap\100\color2\3\color1\0\forcepowers\7-1-030330000000000333\model\alora2/default\snaps\20\rate\4000\name\Karri\teamtask\0\teamoverlay\1
10-30-2021 20:22 (11615:44): ClientUserinfoChanged: 2 n\Karri\t\0\model\alora2/default\c1\0\c2\3\hc\100\w\0\l\0\tt\0\tl\0\st\Kyle\st2\none\dt\0
10-30-2021 20:23 (11617:11): say: Karri: musime znova zacit duel
10-30-2021 20:25 (11618:55): say: Karri: u stankuuuu, na levnou krasu, postavaj a smejou se casu ...s cigaretou a s holkou co nema kam jit ...sklenicek par a par tahu z travy, utece den, jak
10-30-2021 20:25 (11619:10): say: Karri: cojeeeeee
10-30-2021 20:25 (11619:13): say: Karri: spiiis 
10-30-2021 20:25 (11619:15): say: Karri: :D
10-30-2021 20:25 (11619:19): say: Karri: halooo :D
10-30-2021 20:25 (11619:24): say: Karri: neotravuj bozka :D
10-30-2021 20:26 (11619:42): Kill: 2 0 3: Karri killed KOKRRR by MOD_SABER
10-30-2021 20:27 (11620:32): ClientUserinfoChanged handling info: 0 \ip\46.13.93.85:29070\char_color_blue\255\char_color_green\255\char_color_red\255\saber2\none\saber1\single_1\cg_predictItems\1\sex\male\handicap\100\color2\4\color1\4\forcepowers\7-1-010000000000000320\model\luke/default\snaps\20\rate\4000\name\KOKRRR\teamtask\0\teamoverlay\1
10-30-2021 20:27 (11620:32): ClientUserinfoChanged: 0 n\KOKRRR\t\0\model\luke/default\c1\4\c2\4\hc\100\w\0\l\0\tt\0\tl\0\st\single_1\st2\none\dt\0
10-30-2021 20:27 (11620:38): ClientDisconnect: 0
10-30-2021 20:27 (11620:40): say: Karri: ses tady:D
10-30-2021 20:27 (11620:50): ClientConnect: 0
10-30-2021 20:27 (11620:50): ClientUserinfoChanged handling info: 0 \team\0\skill\ 5.00\personality\botfiles/astupidbot.jkb\saber2\none\saber1\kyle\color2\4\color1\4\sex\male\model\jawa\snaps\20\rate\25000\name\astupidbot
10-30-2021 20:27 (11620:50): ClientUserinfoChanged: 0 n\astupidbot\t\0\model\jawa\c1\4\c2\4\hc\0\w\0\l\0\skill\ 5.00\tt\0\tl\0\siegeclass\none\st\\st2\\dt\0\sdt\0
10-30-2021 20:27 (11620:50): ClientUserinfoChanged handling info: 0 \name\astupidbot\team\0\skill\ 5.00\personality\botfiles/astupidbot.jkb\saber2\none\saber1\kyle\color2\4\color1\4\sex\male\model\jawa\snaps\20\rate\25000
10-30-2021 20:27 (11620:50): ClientUserinfoChanged: 0 n\astupidbot\t\0\model\jawa\c1\4\c2\4\hc\0\w\0\l\0\skill\ 5.00\tt\0\tl\0\siegeclass\none\st\\st2\\dt\0\sdt\0
10-30-2021 20:27 (11620:50): IP: localhost astupidbot
10-30-2021 20:27 (11620:50): ClientUserinfoChanged handling info: 0 \name\astupidbot\team\0\skill\ 5.00\personality\botfiles/astupidbot.jkb\saber2\none\saber1\kyle\color2\4\color1\4\sex\male\model\jawa\snaps\20\rate\25000
10-30-2021 20:27 (11620:50): ClientUserinfoChanged: 0 n\astupidbot\t\0\model\jawa\c1\4\c2\4\hc\0\w\0\l\0\skill\ 5.00\tt\0\tl\0\siegeclass\none\st\\st2\\dt\0\sdt\0
10-30-2021 20:27 (11620:50): ClientUserinfoChanged handling info: 0 \name\astupidbot\team\0\skill\ 5.00\personality\botfiles/astupidbot.jkb\saber2\none\saber1\kyle\color2\4\color1\4\sex\male\model\jawa\snaps\20\rate\25000
10-30-2021 20:27 (11620:50): ClientUserinfoChanged: 0 n\astupidbot\t\0\model\jawa\c1\4\c2\4\hc\100\w\0\l\0\skill\ 5.00\tt\0\tl\0\siegeclass\none\st\Kyle\st2\none\dt\0\sdt\0
10-30-2021 20:27 (11620:50): ClientBegin: 0
10-30-2021 20:27 (11621:17): Kill: 2 0 3: Karri killed astupidbot by MOD_SABER
10-30-2021 20:27 (11621:18): ClientUserinfoChanged handling info: 0 \name\astupidbot\team\0\skill\ 5.00\personality\botfiles/astupidbot.jkb\saber2\none\saber1\kyle\color2\4\color1\4\sex\male\model\jawa\snaps\20\rate\25000
10-30-2021 20:27 (11621:18): ClientUserinfoChanged: 0 n\astupidbot\t\0\model\jawa\c1\4\c2\4\hc\100\w\0\l\0\skill\ 5.00\tt\0\tl\0\siegeclass\none\st\Kyle\st2\none\dt\0\sdt\0
10-30-2021 20:27 (11621:24): ClientDisconnect: 2
10-30-2021 20:28 (11621:35): ClientConnect: 1
10-30-2021 20:28 (11621:35): ClientUserinfoChanged handling info: 1 \team\0\skill\ 5.00\personality\botfiles/newkyle.jkb\saber2\none\saber1\kyle\color2\4\color1\1\sex\male\model\kyle\snaps\20\rate\25000\name\Kyle
10-30-2021 20:28 (11621:35): ClientUserinfoChanged: 1 n\Kyle\t\0\model\kyle\c1\1\c2\4\hc\0\w\0\l\0\skill\ 5.00\tt\0\tl\0\siegeclass\none\st\\st2\\dt\0\sdt\0
10-30-2021 20:28 (11621:35): IP: localhost Kyle
10-30-2021 20:28 (11621:35): ClientUserinfoChanged handling info: 1 \team\0\skill\ 5.00\personality\botfiles/newkyle.jkb\saber2\none\saber1\kyle\color2\4\color1\1\sex\male\model\kyle\snaps\20\rate\25000\name\Kyle
10-30-2021 20:28 (11621:35): ClientUserinfoChanged: 1 n\Kyle\t\0\model\kyle\c1\1\c2\4\hc\100\w\0\l\0\skill\ 5.00\tt\0\tl\0\siegeclass\none\st\Kyle\st2\none\dt\0\sdt\0
10-30-2021 20:28 (11621:35): ClientBegin: 1
10-31-2021 12:19 (12572:28): ShutdownGame:
10-31-2021 12:19 (12572:28): ------------------------------------------------------------
