4-22-2021 4:41 (2034:33): ------------------------------------------------------------
4-22-2021 4:41 (2034:33): InitGame: \version\JAmp: v1.0.1.0 linux-i386 Mar 14 2020\timelimit\45\sv_privateClients\0\sv_minRate\0\sv_minPing\0\sv_maxclients\32\sv_maxRate\0\sv_maxPing\999\sv_hostname\^7~^1~^7~ COMM SERVER ~^1~^7~\sv_fps\50\sv_floodProtectSlow\1\sv_floodProtect\1\sv_autoDemo\0\sv_allowDownload\0\serveruptime\33\protocol\26\mapname\t3_stamp\gamename\Lugormod\g_weaponDisable\0\g_stepSlideFix\0\g_siegeTeamSwitch\1\g_siegeTeam2\none\g_siegeTeam1\none\g_siegeRespawn\20\g_showDuelHealths\1\g_saberWallDamageScale\0.4\g_saberLocking\0\g_privateDuel\1535\g_noSpecMove\0\g_needpass\0\g_maxHolocronCarry\3\g_maxGameClients\0\g_maxForceRank\7\g_jediVmerc\0\g_gametype\0\g_gamemode\0\g_forceRegenTime\160\g_forcePowerDisable\0\g_forceBasedTeams\1\g_duelWeaponDisable\9\g_debugmelee\1\g_allowNPC\1\fs_game\lugormod\fraglimit\0\duel_fraglimit\10\dmflags\0\capturelimit\10\bot_minplayers\2\bg_fighterAltControl\0\Lugormod_Version\U#-0.0.0.91 Alpha
4-22-2021 4:41 (2034:33): ClientConnect: 0
4-22-2021 4:41 (2034:33): ClientUserinfoChanged handling info: 0 \team\0\skill\ 5.00\personality\botfiles/astupidbot.jkb\saber2\none\saber1\kyle\color2\4\color1\4\sex\male\model\jawa\snaps\20\rate\25000\name\astupidbot
4-22-2021 4:41 (2034:33): ClientUserinfoChanged: 0 n\astupidbot\t\0\model\jawa\c1\4\c2\4\hc\0\w\0\l\0\skill\ 5.00\tt\0\tl\0\siegeclass\none\st\Kyle\st2\none\dt\0\sdt\0
4-22-2021 4:41 (2034:33): ClientUserinfoChanged handling info: 0 \team\0\skill\ 5.00\personality\botfiles/astupidbot.jkb\saber2\none\saber1\kyle\color2\4\color1\4\sex\male\model\jawa\snaps\20\rate\25000\name\astupidbot
4-22-2021 4:41 (2034:33): ClientUserinfoChanged: 0 n\astupidbot\t\0\model\jawa\c1\4\c2\4\hc\100\w\0\l\0\skill\ 5.00\tt\0\tl\0\siegeclass\none\st\Kyle\st2\none\dt\0\sdt\0
4-22-2021 4:41 (2034:33): ClientBegin: 0
4-22-2021 4:41 (2034:33): ClientConnect: 1
4-22-2021 4:41 (2034:33): ClientUserinfoChanged handling info: 1 \team\0\skill\ 5.00\personality\botfiles/newkyle.jkb\saber2\none\saber1\kyle\color2\4\color1\1\sex\male\model\kyle\snaps\20\rate\25000\name\Kyle
4-22-2021 4:41 (2034:33): ClientUserinfoChanged: 1 n\Kyle\t\0\model\kyle\c1\1\c2\4\hc\0\w\0\l\0\skill\ 5.00\tt\0\tl\0\siegeclass\none\st\Kyle\st2\none\dt\0\sdt\0
4-22-2021 4:41 (2034:33): ClientUserinfoChanged handling info: 1 \team\0\skill\ 5.00\personality\botfiles/newkyle.jkb\saber2\none\saber1\kyle\color2\4\color1\1\sex\male\model\kyle\snaps\20\rate\25000\name\Kyle
4-22-2021 4:41 (2034:33): ClientUserinfoChanged: 1 n\Kyle\t\0\model\kyle\c1\1\c2\4\hc\100\w\0\l\0\skill\ 5.00\tt\0\tl\0\siegeclass\none\st\Kyle\st2\none\dt\0\sdt\0
4-22-2021 4:41 (2034:33): ClientBegin: 1
4-22-2021 4:41 (2034:33): ClientConnect: 2
4-22-2021 4:41 (2034:33): ClientUserinfoChanged handling info: 2 \ip\72.213.140.30:29070\char_color_blue\255\char_color_green\255\char_color_red\255\saber2\none\saber1\single_1\cg_predictItems\1\sex\male\handicap\100\color2\4\color1\0\forcepowers\6-1-030330000000000333\model\reborn/default\snaps\20\rate\4000\name\Edward\teamtask\0\teamoverlay\1
4-22-2021 4:41 (2034:33): ClientUserinfoChanged: 2 n\Edward\t\0\model\reborn/default\c1\0\c2\4\hc\0\w\0\l\0\tt\0\tl\0\st\single_1\st2\none\dt\0
4-22-2021 4:41 (2034:33): ClientUserinfoChanged handling info: 2 \ip\72.213.140.30:29070\char_color_blue\255\char_color_green\255\char_color_red\255\saber2\none\saber1\single_1\cg_predictItems\1\sex\male\handicap\100\color2\4\color1\0\forcepowers\6-1-030330000000000333\model\reborn/default\snaps\20\rate\4000\name\Edward\teamtask\0\teamoverlay\1
4-22-2021 4:41 (2034:33): ClientUserinfoChanged: 2 n\Edward\t\0\model\reborn/default\c1\0\c2\4\hc\0\w\0\l\0\tt\0\tl\0\st\single_1\st2\none\dt\0
4-22-2021 4:41 (2034:33): ClientUserinfoChanged handling info: 2 \ip\72.213.140.30:29070\char_color_blue\255\char_color_green\255\char_color_red\255\saber2\none\saber1\single_1\cg_predictItems\1\sex\male\handicap\100\color2\4\color1\0\forcepowers\6-1-030330000000000333\model\reborn/default\snaps\20\rate\4000\name\Edward\teamtask\0\teamoverlay\1
4-22-2021 4:41 (2034:33): ClientUserinfoChanged: 2 n\Edward\t\0\model\reborn/default\c1\0\c2\4\hc\100\w\0\l\0\tt\0\tl\0\st\single_1\st2\none\dt\0
4-22-2021 4:41 (2034:33): ClientBegin: 2
4-22-2021 4:41 (2034:37): ClientDisconnect: 2
4-22-2021 6: 2 (2116:03): ShutdownGame:
4-22-2021 6: 2 (2116:03): ------------------------------------------------------------
4-22-2021 6: 2 (0:00): ------------------------------------------------------------
4-22-2021 6: 2 (0:00): InitGame: \version\JAmp: v1.0.1.0 linux-i386 Mar 14 2020\timelimit\45\sv_privateClients\0\sv_minRate\0\sv_minPing\0\sv_maxclients\32\sv_maxRate\0\sv_maxPing\999\sv_hostname\^7~^1~^7~ COMM SERVER ~^1~^7~\sv_fps\50\sv_floodProtectSlow\1\sv_floodProtect\1\sv_autoDemo\0\sv_allowDownload\0\serveruptime\35\protocol\26\mapname\t3_stamp\gamename\Lugormod\g_weaponDisable\0\g_stepSlideFix\0\g_siegeTeamSwitch\1\g_siegeTeam2\none\g_siegeTeam1\none\g_siegeRespawn\20\g_showDuelHealths\1\g_saberWallDamageScale\0.4\g_saberLocking\0\g_privateDuel\1535\g_noSpecMove\0\g_needpass\0\g_maxHolocronCarry\3\g_maxGameClients\0\g_maxForceRank\7\g_jediVmerc\0\g_gametype\0\g_gamemode\0\g_forceRegenTime\160\g_forcePowerDisable\0\g_forceBasedTeams\1\g_duelWeaponDisable\9\g_debugmelee\1\g_allowNPC\1\fs_game\lugormod\fraglimit\0\duel_fraglimit\10\dmflags\0\capturelimit\10\bot_minplayers\2\bg_fighterAltControl\0\Lugormod_Version\U#-0.0.0.91 Alpha
4-22-2021 6: 3 (0:30): ClientConnect: 0
4-22-2021 6: 3 (0:30): ClientUserinfoChanged handling info: 0 \team\0\skill\ 5.00\personality\botfiles/astupidbot.jkb\saber2\none\saber1\kyle\color2\4\color1\4\sex\male\model\jawa\snaps\20\rate\25000\name\astupidbot
4-22-2021 6: 3 (0:30): ClientUserinfoChanged: 0 n\astupidbot\t\0\model\jawa\c1\4\c2\4\hc\0\w\0\l\0\skill\ 5.00\tt\0\tl\0\siegeclass\none\st\\st2\\dt\0\sdt\0
4-22-2021 6: 3 (0:30): IP: localhost astupidbot
4-22-2021 6: 3 (0:30): ClientUserinfoChanged handling info: 0 \team\0\skill\ 5.00\personality\botfiles/astupidbot.jkb\saber2\none\saber1\kyle\color2\4\color1\4\sex\male\model\jawa\snaps\20\rate\25000\name\astupidbot
4-22-2021 6: 3 (0:30): ClientUserinfoChanged: 0 n\astupidbot\t\0\model\jawa\c1\4\c2\4\hc\100\w\0\l\0\skill\ 5.00\tt\0\tl\0\siegeclass\none\st\Kyle\st2\none\dt\0\sdt\0
4-22-2021 6: 3 (0:30): ClientBegin: 0
4-22-2021 6: 3 (0:42): ClientConnect: 1
4-22-2021 6: 3 (0:42): ClientUserinfoChanged handling info: 1 \team\0\skill\ 5.00\personality\botfiles/newkyle.jkb\saber2\none\saber1\kyle\color2\4\color1\1\sex\male\model\kyle\snaps\20\rate\25000\name\Kyle
4-22-2021 6: 3 (0:42): ClientUserinfoChanged: 1 n\Kyle\t\0\model\kyle\c1\1\c2\4\hc\0\w\0\l\0\skill\ 5.00\tt\0\tl\0\siegeclass\none\st\\st2\\dt\0\sdt\0
4-22-2021 6: 3 (0:42): IP: localhost Kyle
4-22-2021 6: 3 (0:42): ClientUserinfoChanged handling info: 1 \team\0\skill\ 5.00\personality\botfiles/newkyle.jkb\saber2\none\saber1\kyle\color2\4\color1\1\sex\male\model\kyle\snaps\20\rate\25000\name\Kyle
4-22-2021 6: 3 (0:42): ClientUserinfoChanged: 1 n\Kyle\t\0\model\kyle\c1\1\c2\4\hc\100\w\0\l\0\skill\ 5.00\tt\0\tl\0\siegeclass\none\st\Kyle\st2\none\dt\0\sdt\0
4-22-2021 6: 3 (0:42): ClientBegin: 1
4-23-2021 0:23 (1100:30): ClientConnect: 2
4-23-2021 0:23 (1100:30): ClientUserinfoChanged handling info: 2 \ip\176.143.78.86:29070\challenge\863176780\qport\2851\protocol\26\char_color_blue\255\char_color_green\255\char_color_red\255\saber2\none\saber1\single_5\cg_predictItems\1\sex\male\handicap\100\color2\4\color1\2\forcepowers\6-1-030330000000000333\model\trandoshan/default\snaps\20\rate\4000\name\Padawan\teamtask\0
4-23-2021 0:23 (1100:30): ClientUserinfoChanged: 2 n\Padawan\t\0\model\trandoshan/default\c1\2\c2\4\hc\0\w\0\l\0\tt\0\tl\0\st\\st2\\dt\0
4-23-2021 0:23 (1100:30): IP: 176.143.78.86 Padawan
4-23-2021 0:23 (1100:38): Kill: 1 0 3: Kyle killed astupidbot by MOD_SABER
4-23-2021 0:23 (1100:38): Exit: Timelimit hit.
4-23-2021 0:23 (1100:38): score: 1  ping: 40  client: 1 Kyle
4-23-2021 0:23 (1100:38): score: 0  ping: 48  client: 0 astupidbot
4-23-2021 0:23 (1100:39): ClientUserinfoChanged handling info: 0 \team\0\skill\ 5.00\personality\botfiles/astupidbot.jkb\saber2\none\saber1\kyle\color2\4\color1\4\sex\male\model\jawa\snaps\20\rate\25000\name\astupidbot
4-23-2021 0:23 (1100:39): ClientUserinfoChanged: 0 n\astupidbot\t\0\model\jawa\c1\4\c2\4\hc\100\w\0\l\0\skill\ 5.00\tt\0\tl\0\siegeclass\none\st\Kyle\st2\none\dt\0\sdt\0
4-23-2021 0:23 (1100:39): ClientUserinfoChanged handling info: 0 \team\0\skill\ 5.00\personality\botfiles/astupidbot.jkb\saber2\none\saber1\kyle\color2\4\color1\4\sex\male\model\jawa\snaps\20\rate\25000\name\astupidbot
4-23-2021 0:23 (1100:39): ClientUserinfoChanged: 0 n\astupidbot\t\0\model\jawa\c1\4\c2\4\hc\100\w\0\l\0\skill\ 5.00\tt\0\tl\0\siegeclass\none\st\Kyle\st2\none\dt\0\sdt\0
4-23-2021 0:23 (1100:39): ClientUserinfoChanged handling info: 2 \ip\176.143.78.86:29070\challenge\863176780\qport\2851\protocol\26\char_color_blue\255\char_color_green\255\char_color_red\255\saber2\none\saber1\single_5\cg_predictItems\1\sex\male\handicap\100\color2\4\color1\2\forcepowers\6-1-030330000000000333\model\trandoshan/default\snaps\20\rate\4000\name\Padawan\teamtask\0
4-23-2021 0:23 (1100:39): ClientUserinfoChanged: 2 n\Padawan\t\0\model\trandoshan/default\c1\2\c2\4\hc\100\w\0\l\0\tt\0\tl\0\st\single_5\st2\none\dt\0
4-23-2021 0:23 (1100:44): ClientUserinfoChanged handling info: 2 \ip\176.143.78.86:29070\char_color_blue\255\char_color_green\255\char_color_red\255\saber2\none\saber1\single_5\cg_predictItems\1\sex\male\handicap\100\color2\4\color1\2\forcepowers\6-1-030330000000000333\model\trandoshan/default\snaps\20\rate\4000\name\Padawan\teamtask\0\teamoverlay\1
4-23-2021 0:23 (1100:44): ClientUserinfoChanged: 2 n\Padawan\t\0\model\trandoshan/default\c1\2\c2\4\hc\100\w\0\l\0\tt\0\tl\0\st\single_5\st2\none\dt\0
4-23-2021 0:23 (1100:44): ClientBegin: 2
4-23-2021 0:23 (1100:46): ShutdownGame:
4-23-2021 0:23 (1100:46): ------------------------------------------------------------
