7-25-2021 22:42 (0:00): ------------------------------------------------------------
7-25-2021 22:42 (0:00): InitGame: \version\JAmp: v1.0.1.0 linux-i386 Mar 14 2020\timelimit\45\sv_privateClients\0\sv_minRate\0\sv_minPing\0\sv_maxclients\32\sv_maxRate\0\sv_maxPing\999\sv_hostname\^7~^1~^7~ COMM SERVER ~^1~^7~\sv_fps\50\sv_floodProtectSlow\1\sv_floodProtect\1\sv_autoDemo\0\sv_allowDownload\0\serveruptime\189\protocol\26\mapname\academy6\gamename\Lugormod\g_weaponDisable\0\g_stepSlideFix\0\g_siegeTeamSwitch\1\g_siegeTeam2\none\g_siegeTeam1\none\g_siegeRespawn\20\g_showDuelHealths\1\g_saberWallDamageScale\0.4\g_saberLocking\0\g_privateDuel\1535\g_noSpecMove\0\g_needpass\0\g_maxHolocronCarry\3\g_maxGameClients\0\g_maxForceRank\7\g_jediVmerc\0\g_gametype\0\g_gamemode\0\g_forceRegenTime\160\g_forcePowerDisable\0\g_forceBasedTeams\1\g_duelWeaponDisable\9\g_debugmelee\1\g_allowNPC\1\fs_game\lugormod\fraglimit\0\duel_fraglimit\10\dmflags\0\capturelimit\10\bot_minplayers\2\bg_fighterAltControl\0\Lugormod_Version\U#-0.0.0.91 Alpha
7-25-2021 22:43 (0:30): ClientConnect: 0
7-25-2021 22:43 (0:30): ClientUserinfoChanged handling info: 0 \team\0\skill\ 5.00\personality\botfiles/astupidbot.jkb\saber2\none\saber1\kyle\color2\4\color1\4\sex\male\model\jawa\snaps\20\rate\25000\name\astupidbot
7-25-2021 22:43 (0:30): ClientUserinfoChanged: 0 n\astupidbot\t\0\model\jawa\c1\4\c2\4\hc\0\w\0\l\0\skill\ 5.00\tt\0\tl\0\siegeclass\none\st\\st2\\dt\0\sdt\0
7-25-2021 22:43 (0:30): IP: localhost astupidbot
7-25-2021 22:43 (0:30): ClientUserinfoChanged handling info: 0 \team\0\skill\ 5.00\personality\botfiles/astupidbot.jkb\saber2\none\saber1\kyle\color2\4\color1\4\sex\male\model\jawa\snaps\20\rate\25000\name\astupidbot
7-25-2021 22:43 (0:30): ClientUserinfoChanged: 0 n\astupidbot\t\0\model\jawa\c1\4\c2\4\hc\100\w\0\l\0\skill\ 5.00\tt\0\tl\0\siegeclass\none\st\Kyle\st2\none\dt\0\sdt\0
7-25-2021 22:43 (0:30): ClientBegin: 0
7-25-2021 22:43 (0:48): ClientConnect: 1
7-25-2021 22:43 (0:48): ClientUserinfoChanged handling info: 1 \team\0\skill\ 5.00\personality\botfiles/newkyle.jkb\saber2\none\saber1\kyle\color2\4\color1\1\sex\male\model\kyle\snaps\20\rate\25000\name\Kyle
7-25-2021 22:43 (0:48): ClientUserinfoChanged: 1 n\Kyle\t\0\model\kyle\c1\1\c2\4\hc\0\w\0\l\0\skill\ 5.00\tt\0\tl\0\siegeclass\none\st\\st2\\dt\0\sdt\0
7-25-2021 22:43 (0:48): ClientUserinfoChanged handling info: 1 \name\Kyle\team\0\skill\ 5.00\personality\botfiles/newkyle.jkb\saber2\none\saber1\kyle\color2\4\color1\1\sex\male\model\kyle\snaps\20\rate\25000
7-25-2021 22:43 (0:48): ClientUserinfoChanged: 1 n\Kyle\t\0\model\kyle\c1\1\c2\4\hc\0\w\0\l\0\skill\ 5.00\tt\0\tl\0\siegeclass\none\st\\st2\\dt\0\sdt\0
7-25-2021 22:43 (0:48): IP: localhost Kyle
7-25-2021 22:43 (0:48): ClientUserinfoChanged handling info: 1 \name\Kyle\team\0\skill\ 5.00\personality\botfiles/newkyle.jkb\saber2\none\saber1\kyle\color2\4\color1\1\sex\male\monaps\2le\snaps\20\rate\25000
7-25-2021 22:43 (0:48): ClientUserinfoChanged: 1 n\Kyle\t\0\model\\c1\1\c2\4\hc\0\w\0\l\0\skill\ 5.00\tt\0\tl\0\siegeclass\none\st\\st2\\dt\0\sdt\0
7-25-2021 22:43 (0:48): ClientUserinfoChanged handling info: 1 \name\Kyle\team\0\skill\ 5.00\personality\botfiles/newkyle.jkb\saber2\none\saber1\kyle\color2\4\color1\1\sex\male\monaps\2le\snaps\20\rate\25000
7-25-2021 22:43 (0:48): ClientUserinfoChanged: 1 n\Kyle\t\0\model\\c1\1\c2\4\hc\100\w\0\l\0\skill\ 5.00\tt\0\tl\0\siegeclass\none\st\Kyle\st2\none\dt\0\sdt\0
7-25-2021 22:43 (0:48): ClientBegin: 1
7-26-2021 7:52 (550:02): ClientConnect: 2
7-26-2021 7:52 (550:02): ClientUserinfoChanged handling info: 2 \ip\185.175.238.79:29070\challenge\2060623934\qport\35055\protocol\26\name\Anonymous\cp_pluginDisable\0\char_color_blue\255\char_color_green\255\char_color_red\255\saber2\none\saber1\saber_rapier\cg_predictItems\1\sex\male\handicap\100\color2\6\color1\10\forcepowers\7-1-030000000000000330\model\military_kyle/republic\snaps\20\rate\20000\teamtask\0
7-26-2021 7:52 (550:02): ClientUserinfoChanged: 2 n\Anonymous\t\0\model\military_kyle/republic\c1\10\c2\6\hc\0\w\0\l\0\tt\0\tl\0\st\\st2\\dt\0
7-26-2021 7:52 (550:02): IP: 185.175.238.79 Anonymous
7-26-2021 7:52 (550:05): ClientDisconnect: 2
7-26-2021 17:57 (1155:08): ClientConnect: 2
7-26-2021 17:57 (1155:08): ClientUserinfoChanged handling info: 2 \ip\194.242.98.158:29070\challenge\88520843\qport\45275\protocol\26\char_color_blue\255\char_color_green\255\char_color_red\255\saber2\single_2\saber1\single_2\cg_predictItems\1\sex\male\handicap\100\color2\4\color1\3\forcepowers\7-2-033330002000011333\model\jedi_hm/head_b1|torso_f1|lower_a1\snaps\20\rate\4000\name\Padawan\teamtask\0\teamoverlay\1
7-26-2021 17:57 (1155:08): ClientUserinfoChanged: 2 n\Padawan\t\0\model\jedi_hm/head_b1|torso_f1|lower_a1\c1\3\c2\4\hc\0\w\0\l\0\tt\0\tl\0\st\\st2\\dt\0
7-26-2021 17:57 (1155:08): IP: 194.242.98.158 Padawan
7-26-2021 17:58 (1155:14): ClientUserinfoChanged handling info: 2 \ip\194.242.98.158:29070\char_color_blue\73\char_color_green\197\char_color_red\254\saber2\none\saber1\single_1\cg_predictItems\1\sex\male\handicap\100\color2\0\color1\3\forcepowers\6-2-010000000000000110\model\jedi_hm/head_b1|torso_a1|lower_a1\snaps\20\rate\4000\name\Джедай пушкарь \teamtask\0\teamoverlay\1
7-26-2021 17:58 (1155:14): ClientUserinfoChanged: 2 n\Padawan\t\0\model\jedi_hm/head_b1|torso_a1|lower_a1\c1\3\c2\0\hc\0\w\0\l\0\tt\0\tl\0\st\single_1\st2\none\dt\0
7-26-2021 17:58 (1155:14): ClientUserinfoChanged handling info: 2 \ip\194.242.98.158:29070\char_color_blue\73\char_color_green\197\char_color_red\254\saber2\none\saber1\single_1\cg_predictItems\1\sex\male\handicap\100\color2\0\color1\3\forcepowers\6-2-010000000000000110\model\jedi_hm/head_b1|torso_a1|lower_a1\snaps\20\rate\4000\name\Джедай пушкарь \teamtask\0\teamoverlay\1
7-26-2021 17:58 (1155:14): ClientUserinfoChanged: 2 n\Padawan\t\0\model\jedi_hm/head_b1|torso_a1|lower_a1\c1\3\c2\0\hc\100\w\0\l\0\tt\0\tl\0\st\single_1\st2\none\dt\0
7-26-2021 17:58 (1155:14): ClientBegin: 2
7-26-2021 17:58 (1155:27): Kill: 2 0 3: Padawan killed astupidbot by MOD_SABER
7-26-2021 17:58 (1155:27): Exit: Timelimit hit.
7-26-2021 17:58 (1155:27): score: 1  ping: 132  client: 2 Padawan
7-26-2021 17:58 (1155:27): score: 0  ping: 57  client: 0 astupidbot
7-26-2021 17:58 (1155:27): score: 0  ping: 51  client: 1 Kyle
7-26-2021 17:58 (1155:28): ClientUserinfoChanged handling info: 0 \team\0\skill\ 5.00\personality\botfiles/astupidbot.jkb\saber2\none\saber1\kyle\color2\4\color1\4\sex\male\model\jawa\snaps\20\rate\25000\name\astupidbot
7-26-2021 17:58 (1155:28): ClientUserinfoChanged: 0 n\astupidbot\t\0\model\jawa\c1\4\c2\4\hc\100\w\0\l\0\skill\ 5.00\tt\0\tl\0\siegeclass\none\st\Kyle\st2\none\dt\0\sdt\0
7-26-2021 17:58 (1155:28): say: astupidbot: Hey!
7-26-2021 17:58 (1155:33): ShutdownGame:
7-26-2021 17:58 (1155:33): ------------------------------------------------------------
