7-11-2021 10:52 (9588:34): ------------------------------------------------------------
7-11-2021 10:52 (9588:34): InitGame: \version\JAmp: v1.0.1.0 linux-i386 Mar 14 2020\timelimit\45\sv_privateClients\0\sv_minRate\0\sv_minPing\0\sv_maxclients\32\sv_maxRate\0\sv_maxPing\999\sv_hostname\^7~^1~^7~ COMM SERVER ~^1~^7~\sv_fps\50\sv_floodProtectSlow\1\sv_floodProtect\1\sv_autoDemo\0\sv_allowDownload\0\serveruptime\189\protocol\26\mapname\academy6\gamename\Lugormod\g_weaponDisable\0\g_stepSlideFix\0\g_siegeTeamSwitch\1\g_siegeTeam2\none\g_siegeTeam1\none\g_siegeRespawn\20\g_showDuelHealths\1\g_saberWallDamageScale\0.4\g_saberLocking\0\g_privateDuel\1535\g_noSpecMove\0\g_needpass\0\g_maxHolocronCarry\3\g_maxGameClients\0\g_maxForceRank\7\g_jediVmerc\0\g_gametype\0\g_gamemode\0\g_forceRegenTime\160\g_forcePowerDisable\0\g_forceBasedTeams\1\g_duelWeaponDisable\9\g_debugmelee\1\g_allowNPC\1\fs_game\lugormod\fraglimit\0\duel_fraglimit\10\dmflags\0\capturelimit\10\bot_minplayers\2\bg_fighterAltControl\0\Lugormod_Version\U#-0.0.0.91 Alpha
7-11-2021 10:52 (9588:34): ClientConnect: 0
7-11-2021 10:52 (9588:34): ClientUserinfoChanged handling info: 0 \team\0\skill\ 5.00\personality\botfiles/astupidbot.jkb\saber2\none\saber1\kyle\color2\4\color1\4\sex\male\model\jawa\snaps\20\rate\25000\name\astupidbot
7-11-2021 10:52 (9588:34): ClientUserinfoChanged: 0 n\astupidbot\t\0\model\jawa\c1\4\c2\4\hc\0\w\0\l\0\skill\ 5.00\tt\0\tl\0\siegeclass\none\st\Kyle\st2\none\dt\0\sdt\0
7-11-2021 10:52 (9588:34): ClientUserinfoChanged handling info: 0 \team\0\skill\ 5.00\personality\botfiles/astupidbot.jkb\saber2\none\saber1\kyle\color2\4\color1\4\sex\male\model\jawa\snaps\20\rate\25000\name\astupidbot
7-11-2021 10:52 (9588:34): ClientUserinfoChanged: 0 n\astupidbot\t\0\model\jawa\c1\4\c2\4\hc\100\w\0\l\0\skill\ 5.00\tt\0\tl\0\siegeclass\none\st\Kyle\st2\none\dt\0\sdt\0
7-11-2021 10:52 (9588:34): ClientBegin: 0
7-11-2021 10:52 (9588:34): ClientConnect: 1
7-11-2021 10:52 (9588:34): ClientUserinfoChanged handling info: 1 \team\0\skill\ 5.00\personality\botfiles/newkyle.jkb\saber2\none\saber1\kyle\color2\4\color1\1\sex\male\model\kyle\snaps\20\rate\25000\name\Kyle
7-11-2021 10:52 (9588:34): ClientUserinfoChanged: 1 n\Kyle\t\0\model\kyle\c1\1\c2\4\hc\0\w\0\l\0\skill\ 5.00\tt\0\tl\0\siegeclass\none\st\Kyle\st2\none\dt\0\sdt\0
7-11-2021 10:52 (9588:34): ClientUserinfoChanged handling info: 1 \team\0\skill\ 5.00\personality\botfiles/newkyle.jkb\saber2\none\saber1\kyle\color2\4\color1\1\sex\male\model\kyle\snaps\20\rate\25000\name\Kyle
7-11-2021 10:52 (9588:34): ClientUserinfoChanged: 1 n\Kyle\t\0\model\kyle\c1\1\c2\4\hc\100\w\0\l\0\skill\ 5.00\tt\0\tl\0\siegeclass\none\st\Kyle\st2\none\dt\0\sdt\0
7-11-2021 10:52 (9588:34): ClientBegin: 1
7-11-2021 10:52 (9588:34): ClientConnect: 2
7-11-2021 10:52 (9588:34): ClientUserinfoChanged handling info: 2 \saber1\Kyle\ip\93.23.250.53:29070\char_color_blue\255\char_color_green\255\char_color_red\255\saber2\none\cg_predictItems\1\sex\male\handicap\100\color2\4\color1\3\forcepowers\7-1-330330000330000330\model\luke/d\40\lt\snaps\40\rate\4000\name\Luke Skywarker\teamtask\0\teamoverlay\1
7-11-2021 10:52 (9588:34): ClientUserinfoChanged: 2 n\Luke Skywarker\t\0\model\luke/d\c1\3\c2\4\hc\0\w\0\l\0\tt\0\tl\0\st\Kyle\st2\none\dt\0
7-11-2021 10:52 (9588:34): ClientUserinfoChanged handling info: 2 \saber1\Kyle\ip\93.23.250.53:29070\char_color_blue\255\char_color_green\255\char_color_red\255\saber2\none\cg_predictItems\1\sex\male\handicap\100\color2\4\color1\3\forcepowers\7-1-330330000330000330\model\luke/d\40\lt\snaps\40\rate\4000\name\Luke Skywarker\teamtask\0\teamoverlay\1
7-11-2021 10:52 (9588:34): ClientUserinfoChanged: 2 n\Luke Skywarker\t\0\model\luke/d\c1\3\c2\4\hc\0\w\0\l\0\tt\0\tl\0\st\Kyle\st2\none\dt\0
7-11-2021 10:52 (9588:34): ClientUserinfoChanged handling info: 2 \saber1\Kyle\ip\93.23.250.53:29070\char_color_blue\255\char_color_green\255\char_color_red\255\saber2\none\cg_predictItems\1\sex\male\handicap\100\color2\4\color1\3\forcepowers\7-1-330330000330000330\model\luke/d\40\lt\snaps\40\rate\4000\name\Luke Skywarker\teamtask\0\teamoverlay\1
7-11-2021 10:52 (9588:34): ClientUserinfoChanged: 2 n\Luke Skywarker\t\0\model\luke/d\c1\3\c2\4\hc\100\w\0\l\0\tt\0\tl\0\st\Kyle\st2\none\dt\0
7-11-2021 10:52 (9588:34): ClientBegin: 2
7-11-2021 10:52 (9588:34): ClientConnect: 3
7-11-2021 10:52 (9588:34): ClientUserinfoChanged handling info: 3 \ip\217.25.213.183:23169\snaps\40\sex\male\saber2\single_1\saber1\single_1\rate\25000\name\^1^4S^1p^1^2^3^4^5^6a^0ke\model\imperial_worker/blue\ja_guid\7B056B96CE2833E265B4C1BF1F3A8E56\handicap\100\forcepowers\1-1-020000000000000000\cp_sbRGB2\0\cp_sbRGB1\0\cp_pluginDisable\1536\cp_cosmetics\0\color2\4\color1\4\char_color_red\255\char_color_green\255\char_color_blue\255\cg_predictItems\1\teamoverlay\0\cg_displayCameraPosition\1 80 16\cg_displayNetSettings\125 0 125\cjp_client\1.4JAPRO\cp_clanPwd\none
7-11-2021 10:52 (9588:34): ClientUserinfoChanged: 3 n\^1^4S^1p^1^2^3^4^5^6a^0ke\t\0\model\imperial_worker/blue\c1\4\c2\4\hc\0\w\0\l\0\tt\0\tl\0\st\single_1\st2\single_1\dt\0
7-11-2021 10:52 (9588:34): ClientUserinfoChanged handling info: 3 \ip\217.25.213.183:23169\snaps\40\sex\male\saber2\single_1\saber1\single_1\rate\25000\name\^1^4S^1p^1^2^3^4^5^6a^0ke\model\imperial_worker/blue\ja_guid\7B056B96CE2833E265B4C1BF1F3A8E56\handicap\100\forcepowers\1-1-020000000000000000\cp_sbRGB2\0\cp_sbRGB1\0\cp_pluginDisable\1536\cp_cosmetics\0\color2\4\color1\4\char_color_red\255\char_color_green\255\char_color_blue\255\cg_predictItems\1\teamoverlay\0\cg_displayCameraPosition\1 80 16\cg_displayNetSettings\125 0 125\cjp_client\1.4JAPRO\cp_clanPwd\none
7-11-2021 10:52 (9588:34): ClientUserinfoChanged: 3 n\^1^4S^1p^1^2^3^4^5^6a^0ke\t\0\model\imperial_worker/blue\c1\4\c2\4\hc\0\w\0\l\0\tt\0\tl\0\st\single_1\st2\single_1\dt\0
7-11-2021 10:52 (9588:34): ClientUserinfoChanged handling info: 3 \ip\217.25.213.183:23169\snaps\40\sex\male\saber2\single_1\saber1\single_1\rate\25000\name\^1^4S^1p^1^2^3^4^5^6a^0ke\model\imperial_worker/blue\ja_guid\7B056B96CE2833E265B4C1BF1F3A8E56\handicap\100\forcepowers\1-1-020000000000000000\cp_sbRGB2\0\cp_sbRGB1\0\cp_pluginDisable\1536\cp_cosmetics\0\color2\4\color1\4\char_color_red\255\char_color_green\255\char_color_blue\255\cg_predictItems\1\teamoverlay\0\cg_displayCameraPosition\1 80 16\cg_displayNetSettings\125 0 125\cjp_client\1.4JAPRO\cp_clanPwd\none
7-11-2021 10:52 (9588:34): ClientUserinfoChanged: 3 n\^1^4S^1p^1^2^3^4^5^6a^0ke\t\0\model\imperial_worker/blue\c1\4\c2\4\hc\100\w\0\l\0\tt\0\tl\0\st\single_1\st2\single_1\dt\0
7-11-2021 10:52 (9588:34): ClientBegin: 3
7-11-2021 10:52 (9588:53): Kill: 2 3 3: Luke Skywarker killed ^1^4S^1p^1^2^3^4^5^6a^0ke by MOD_SABER
7-11-2021 10:52 (9588:54): ClientUserinfoChanged handling info: 3 \ip\217.25.213.183:23169\snaps\40\sex\male\saber2\single_1\saber1\single_1\rate\25000\name\^1^4S^1p^1^2^3^4^5^6a^0ke\model\imperial_worker/blue\ja_guid\7B056B96CE2833E265B4C1BF1F3A8E56\handicap\100\forcepowers\1-1-020000000000000000\cp_sbRGB2\0\cp_sbRGB1\0\cp_pluginDisable\1536\cp_cosmetics\0\color2\4\color1\4\char_color_red\255\char_color_green\255\char_color_blue\255\cg_predictItems\1\teamoverlay\0\cg_displayCameraPosition\1 80 16\cg_displayNetSettings\125 0 125\cjp_client\1.4JAPRO\cp_clanPwd\none
7-11-2021 10:52 (9588:54): ClientUserinfoChanged: 3 n\^1^4S^1p^1^2^3^4^5^6a^0ke\t\0\model\imperial_worker/blue\c1\4\c2\4\hc\100\w\0\l\0\tt\0\tl\0\st\single_1\st2\single_1\dt\0
7-11-2021 10:52 (9589:04): say: astupidbot: bye all
7-11-2021 10:52 (9589:04): ClientDisconnect: 0
7-11-2021 10:52 (9589:15): say: Kyle: bye all
7-11-2021 10:52 (9589:15): ClientDisconnect: 1
7-11-2021 10:53 (9589:33): Kill: 2 3 3: Luke Skywarker killed ^1^4S^1p^1^2^3^4^5^6a^0ke by MOD_SABER
7-11-2021 10:53 (9589:34): ClientUserinfoChanged handling info: 3 \ip\217.25.213.183:23169\snaps\40\sex\male\saber2\single_1\saber1\single_1\rate\25000\name\^1^4S^1p^1^2^3^4^5^6a^0ke\model\imperial_worker/blue\ja_guid\7B056B96CE2833E265B4C1BF1F3A8E56\handicap\100\forcepowers\1-1-020000000000000000\cp_sbRGB2\0\cp_sbRGB1\0\cp_pluginDisable\1536\cp_cosmetics\0\color2\4\color1\4\char_color_red\255\char_color_green\255\char_color_blue\255\cg_predictItems\1\teamoverlay\0\cg_displayCameraPosition\1 80 16\cg_displayNetSettings\125 0 125\cjp_client\1.4JAPRO\cp_clanPwd\none
7-11-2021 10:53 (9589:34): ClientUserinfoChanged: 3 n\^1^4S^1p^1^2^3^4^5^6a^0ke\t\0\model\imperial_worker/blue\c1\4\c2\4\hc\100\w\0\l\0\tt\0\tl\0\st\single_1\st2\single_1\dt\0
7-11-2021 10:54 (9591:15): Kill: 2 3 3: Luke Skywarker killed ^1^4S^1p^1^2^3^4^5^6a^0ke by MOD_SABER
7-11-2021 10:54 (9591:16): ClientDisconnect: 3
7-11-2021 10:55 (9591:40): ClientConnect: 0
7-11-2021 10:55 (9591:40): ClientUserinfoChanged handling info: 0 \team\0\skill\ 5.00\personality\botfiles/astupidbot.jkb\saber2\none\saber1\kyle\color2\4\color1\4\sex\male\model\jawa\snaps\20\rate\25000\name\astupidbot
7-11-2021 10:55 (9591:40): ClientUserinfoChanged: 0 n\astupidbot\t\0\model\jawa\c1\4\c2\4\hc\0\w\0\l\0\skill\ 5.00\tt\0\tl\0\siegeclass\none\st\\st2\\dt\0\sdt\0
7-11-2021 10:55 (9591:40): ClientUserinfoChanged handling info: 0 \name\astupidbot\team\0\skill\ 5.00\personality\botfiles/astupidbot.jkb\saber2\none\saber1\kyle\color2\4\color1\4\sex\male\model\jawa\snaps\20\rate\25000
7-11-2021 10:55 (9591:40): ClientUserinfoChanged: 0 n\astupidbot\t\0\model\jawa\c1\4\c2\4\hc\0\w\0\l\0\skill\ 5.00\tt\0\tl\0\siegeclass\none\st\\st2\\dt\0\sdt\0
7-11-2021 10:55 (9591:40): IP: localhost astupidbot
7-11-2021 10:55 (9591:40): ClientUserinfoChanged handling info: 0 \name\astupidbot\team\0\skill\ 5.00\personality\botfiles/astupidbot.jkb\saber2\none\saber1\kyle\color2\4\color1\4\sex\male\model\jawa\snaps\20\rate\25000
7-11-2021 10:55 (9591:40): ClientUserinfoChanged: 0 n\astupidbot\t\0\model\jawa\c1\4\c2\4\hc\0\w\0\l\0\skill\ 5.00\tt\0\tl\0\siegeclass\none\st\\st2\\dt\0\sdt\0
7-11-2021 10:55 (9591:40): ClientUserinfoChanged handling info: 0 \name\astupidbot\team\0\skill\ 5.00\personality\botfiles/astupidbot.jkb\saber2\none\saber1\kyle\color2\4\color1\4\sex\male\model\jawa\snaps\20\rate\25000
7-11-2021 10:55 (9591:40): ClientUserinfoChanged: 0 n\astupidbot\t\0\model\jawa\c1\4\c2\4\hc\100\w\0\l\0\skill\ 5.00\tt\0\tl\0\siegeclass\none\st\Kyle\st2\none\dt\0\sdt\0
7-11-2021 10:55 (9591:40): ClientBegin: 0
7-11-2021 10:55 (9591:52): ClientDisconnect: 2
7-11-2021 10:55 (9592:09): ClientConnect: 1
7-11-2021 10:55 (9592:09): ClientUserinfoChanged handling info: 1 \team\0\skill\ 5.00\personality\botfiles/newkyle.jkb\saber2\none\saber1\kyle\color2\4\color1\1\sex\male\model\kyle\snaps\20\rate\25000\name\Kyle
7-11-2021 10:55 (9592:09): ClientUserinfoChanged: 1 n\Kyle\t\0\model\kyle\c1\1\c2\4\hc\0\w\0\l\0\skill\ 5.00\tt\0\tl\0\siegeclass\none\st\\st2\\dt\0\sdt\0
7-11-2021 10:55 (9592:09): ClientUserinfoChanged handling info: 1 \name\Kyle\team\0\skill\ 5.00\personality\botfiles/newkyle.jkb\saber2\none\saber1\kyle\color2\4\color1\1\sex\male\model\kyle\snaps\20\rate\25000
7-11-2021 10:55 (9592:09): ClientUserinfoChanged: 1 n\Kyle\t\0\model\kyle\c1\1\c2\4\hc\0\w\0\l\0\skill\ 5.00\tt\0\tl\0\siegeclass\none\st\\st2\\dt\0\sdt\0
7-11-2021 10:55 (9592:09): IP: localhost Kyle
7-11-2021 10:55 (9592:09): ClientUserinfoChanged handling info: 1 \name\Kyle\team\0\skill\ 5.00\personality\botfiles/newkyle.jkb\saber2\none\saber1\kyle\color2\4\color1\1\sex\male\monaps\2le\snaps\20\rate\25000
7-11-2021 10:55 (9592:09): ClientUserinfoChanged: 1 n\Kyle\t\0\model\\c1\1\c2\4\hc\0\w\0\l\0\skill\ 5.00\tt\0\tl\0\siegeclass\none\st\\st2\\dt\0\sdt\0
7-11-2021 10:55 (9592:09): ClientUserinfoChanged handling info: 1 \name\Kyle\team\0\skill\ 5.00\personality\botfiles/newkyle.jkb\saber2\none\saber1\kyle\color2\4\color1\1\sex\male\monaps\2le\snaps\20\rate\25000
7-11-2021 10:55 (9592:09): ClientUserinfoChanged: 1 n\Kyle\t\0\model\\c1\1\c2\4\hc\100\w\0\l\0\skill\ 5.00\tt\0\tl\0\siegeclass\none\st\Kyle\st2\none\dt\0\sdt\0
7-11-2021 10:55 (9592:09): ClientBegin: 1
7-11-2021 20:49 (10186:08): ShutdownGame:
7-11-2021 20:49 (10186:08): ------------------------------------------------------------
7-11-2021 20:49 (0:00): ------------------------------------------------------------
7-11-2021 20:49 (0:00): InitGame: \version\JAmp: v1.0.1.0 linux-i386 Mar 14 2020\timelimit\45\sv_privateClients\0\sv_minRate\0\sv_minPing\0\sv_maxclients\32\sv_maxRate\0\sv_maxPing\999\sv_hostname\^7~^1~^7~ COMM SERVER ~^1~^7~\sv_fps\50\sv_floodProtectSlow\1\sv_floodProtect\1\sv_autoDemo\0\sv_allowDownload\0\serveruptime\189\protocol\26\mapname\academy6\gamename\Lugormod\g_weaponDisable\0\g_stepSlideFix\0\g_siegeTeamSwitch\1\g_siegeTeam2\none\g_siegeTeam1\none\g_siegeRespawn\20\g_showDuelHealths\1\g_saberWallDamageScale\0.4\g_saberLocking\0\g_privateDuel\1535\g_noSpecMove\0\g_needpass\0\g_maxHolocronCarry\3\g_maxGameClients\0\g_maxForceRank\7\g_jediVmerc\0\g_gametype\0\g_gamemode\0\g_forceRegenTime\160\g_forcePowerDisable\0\g_forceBasedTeams\1\g_duelWeaponDisable\9\g_debugmelee\1\g_allowNPC\1\fs_game\lugormod\fraglimit\0\duel_fraglimit\10\dmflags\0\capturelimit\10\bot_minplayers\2\bg_fighterAltControl\0\Lugormod_Version\U#-0.0.0.91 Alpha
7-11-2021 20:50 (0:28): ClientConnect: 0
7-11-2021 20:50 (0:28): ClientUserinfoChanged handling info: 0 \ip\88.235.175.248:29070\challenge\-248168220\qport\18455\protocol\26\name\Beray\rate\4000\snaps\20\model\luke/default\forcepowers\6-1-030330000000000333\color1\0\color2\4\handicap\100\sex\male\cg_predictItems\1\saber1\single_1\saber2\none\char_color_red\255\char_color_green\255\char_color_blue\255\teamtask\0\teamoverlay\0
7-11-2021 20:50 (0:28): ClientUserinfoChanged: 0 n\Beray\t\0\model\luke/default\c1\0\c2\4\hc\0\w\0\l\0\tt\0\tl\0\st\\st2\\dt\0
7-11-2021 20:50 (0:28): IP: 88.235.175.248 Beray
7-11-2021 20:50 (0:30): ClientConnect: 1
7-11-2021 20:50 (0:30): ClientUserinfoChanged handling info: 1 \team\0\skill\ 5.00\personality\botfiles/astupidbot.jkb\saber2\none\saber1\kyle\color2\4\color1\4\sex\male\model\jawa\snaps\20\rate\25000\name\astupidbot
7-11-2021 20:50 (0:30): ClientUserinfoChanged: 1 n\astupidbot\t\0\model\jawa\c1\4\c2\4\hc\0\w\0\l\0\skill\ 5.00\tt\0\tl\0\siegeclass\none\st\\st2\\dt\0\sdt\0
7-11-2021 20:50 (0:30): IP: localhost astupidbot
7-11-2021 20:50 (0:30): ClientUserinfoChanged handling info: 1 \team\0\skill\ 5.00\personality\botfiles/astupidbot.jkb\saber2\none\saber1\kyle\color2\4\color1\4\sex\male\model\jawa\snaps\20\rate\25000\name\astupidbot
7-11-2021 20:50 (0:30): ClientUserinfoChanged: 1 n\astupidbot\t\0\model\jawa\c1\4\c2\4\hc\100\w\0\l\0\skill\ 5.00\tt\0\tl\0\siegeclass\none\st\Kyle\st2\none\dt\0\sdt\0
7-11-2021 20:50 (0:30): ClientBegin: 1
7-11-2021 20:50 (0:31): say: astupidbot: Hi
7-11-2021 20:50 (0:34): ClientUserinfoChanged handling info: 0 \ip\88.235.175.248:29070\name\Beray\rate\4000\snaps\20\model\luke/default\forcepowers\6-1-030330000000000333\color1\0\color2\4\handicap\100\sex\male\cg_predictItems\1\saber1\single_1\saber2\none\char_color_red\255\char_color_green\255\char_color_blue\255\teamtask\0\teamoverlay\1
7-11-2021 20:50 (0:34): ClientUserinfoChanged: 0 n\Beray\t\0\model\luke/default\c1\0\c2\4\hc\0\w\0\l\0\tt\0\tl\0\st\single_1\st2\none\dt\0
7-11-2021 20:50 (0:34): ClientUserinfoChanged handling info: 0 \ip\88.235.175.248:29070\name\Beray\rate\4000\snaps\20\model\luke/default\forcepowers\6-1-030330000000000333\color1\0\color2\4\handicap\100\sex\male\cg_predictItems\1\saber1\single_1\saber2\none\char_color_red\255\char_color_green\255\char_color_blue\255\teamtask\0\teamoverlay\1
7-11-2021 20:50 (0:34): ClientUserinfoChanged: 0 n\Beray\t\0\model\luke/default\c1\0\c2\4\hc\100\w\0\l\0\tt\0\tl\0\st\single_1\st2\none\dt\0
7-11-2021 20:50 (0:34): ClientBegin: 0
7-11-2021 20:51 (1:47): ClientDisconnect: 0
7-11-2021 20:51 (2:01): ClientConnect: 0
7-11-2021 20:51 (2:01): ClientUserinfoChanged handling info: 0 \team\0\skill\ 5.00\personality\botfiles/newkyle.jkb\saber2\none\saber1\kyle\color2\4\color1\1\sex\male\model\kyle\snaps\20\rate\25000\name\Kyle
7-11-2021 20:51 (2:01): ClientUserinfoChanged: 0 n\Kyle\t\0\model\kyle\c1\1\c2\4\hc\0\w\0\l\0\skill\ 5.00\tt\0\tl\0\siegeclass\none\st\\st2\\dt\0\sdt\0
7-11-2021 20:51 (2:01): IP: localhost Kyle
7-11-2021 20:51 (2:01): ClientUserinfoChanged handling info: 0 \team\0\skill\ 5.00\personality\botfiles/newkyle.jkb\saber2\none\saber1\kyle\color2\4\color1\1\sex\male\model\kyle\snaps\20\rate\25000\name\Kyle
7-11-2021 20:51 (2:01): ClientUserinfoChanged: 0 n\Kyle\t\0\model\kyle\c1\1\c2\4\hc\100\w\0\l\0\skill\ 5.00\tt\0\tl\0\siegeclass\none\st\Kyle\st2\none\dt\0\sdt\0
7-11-2021 20:51 (2:01): ClientBegin: 0
7-12-2021 4:12 (443:10): ClientConnect: 2
7-12-2021 4:12 (443:10): ClientUserinfoChanged handling info: 2 \ip\68.115.249.235:22394\challenge\223717989\qport\13227\protocol\26\name\Padawan\rate\4000\snaps\20\model\bespin_cop/default\forcepowers\6-1-030330000000000333\color1\4\color2\4\handicap\100\sex\male\cg_predictItems\1\saber1\single_1\saber2\none\char_color_red\255\char_color_green\255\char_color_blue\255\teamtask\0
7-12-2021 4:12 (443:10): ClientUserinfoChanged: 2 n\Padawan\t\0\model\bespin_cop/default\c1\4\c2\4\hc\0\w\0\l\0\tt\0\tl\0\st\\st2\\dt\0
7-12-2021 4:12 (443:10): IP: 68.115.249.235 Padawan
7-12-2021 4:12 (443:10): say: Kyle: Hello
7-12-2021 4:16 (446:31): ClientDisconnect: 2
7-12-2021 7:29 (639:25): ClientConnect: 2
7-12-2021 7:29 (639:25): ClientUserinfoChanged handling info: 2 \ip\80.83.237.68:31888\challenge\-1852804405\qport\60031\protocol\26\name\Neon Life\rate\4000\snaps\20\model\jedi_zf/head_c1|torso_e1|lower_a1\forcepowers\7-2-030300330000030332\color1\4\color2\4\handicap\100\sex\female\cg_predictItems\1\saber1\jpsg12\saber2\jpsg12\char_color_red\255\char_color_green\255\char_color_blue\255\teamtask\0\cp_pluginDisable\0\cp_login\NOT SET\cp_clanPwd\none\cp_sbRGB1\0\cp_sbRGB2\0\cp_holster\0\teamoverlay\1\cjp_client\1.4 beta3
7-12-2021 7:29 (639:25): ClientUserinfoChanged: 2 n\Neon Life\t\0\model\jedi_zf/head_c1|torso_e1|lower_a1\c1\4\c2\4\hc\0\w\0\l\0\tt\0\tl\0\st\\st2\\dt\0
7-12-2021 7:29 (639:25): IP: 80.83.237.68 Neon Life
7-12-2021 7:29 (639:40): ClientUserinfoChanged handling info: 2 \ip\80.83.237.68:31888\name\Padawan\rate\4000\snaps\20\model\jedi_zf/head_c1|torso_e1|lower_a1\forcepowers\7-1-032330000000001333\color1\4\color2\5\handicap\100\sex\male\cg_predictItems\1\saber1\dual_5\saber2\none\char_color_red\255\char_color_green\255\char_color_blue\255\teamtask\0\cp_pluginDisable\0\cp_login\NOT SET\cp_clanPwd\none\cp_sbRGB1\0\cp_sbRGB2\0\cp_holster\0\teamoverlay\1\cjp_client\1.4 beta3
7-12-2021 7:29 (639:40): ClientNamechange: Neon Life is now Padawan
7-12-2021 7:29 (639:40): ClientUserinfoChanged: 2 n\Padawan\t\0\model\jedi_zf/head_c1|torso_e1|lower_a1\c1\4\c2\5\hc\0\w\0\l\0\tt\0\tl\0\st\dual_5\st2\none\dt\0
7-12-2021 7:29 (639:40): ClientUserinfoChanged handling info: 2 \ip\80.83.237.68:31888\name\Padawan\rate\4000\snaps\20\model\jedi_zf/head_c1|torso_e1|lower_a1\forcepowers\7-1-032330000000001333\color1\4\color2\5\handicap\100\sex\male\cg_predictItems\1\saber1\dual_5\saber2\none\char_color_red\255\char_color_green\255\char_color_blue\255\teamtask\0\cp_pluginDisable\0\cp_login\NOT SET\cp_clanPwd\none\cp_sbRGB1\0\cp_sbRGB2\0\cp_holster\0\teamoverlay\1\cjp_client\1.4 beta3
7-12-2021 7:29 (639:40): ClientUserinfoChanged: 2 n\Padawan\t\0\model\jedi_zf/head_c1|torso_e1|lower_a1\c1\4\c2\5\hc\100\w\0\l\0\tt\0\tl\0\st\dual_5\st2\none\dt\0
7-12-2021 7:29 (639:40): ClientBegin: 2
7-12-2021 7:29 (639:51): say: Kyle: cya
7-12-2021 7:29 (639:51): ClientDisconnect: 0
7-12-2021 7:31 (641:29): ClientUserinfoChanged handling info: 2 \ip\80.83.237.68:31888\name\Padawan\rate\4000\snaps\20\model\jedi_zf/head_c1|torso_e1|lower_a1\forcepowers\7-2-032300330000030332\color1\4\color2\5\handicap\100\sex\male\cg_predictItems\1\saber1\dual_5\saber2\none\char_color_red\255\char_color_green\255\char_color_blue\255\teamtask\0\cp_pluginDisable\0\cp_login\NOT SET\cp_clanPwd\none\cp_sbRGB1\0\cp_sbRGB2\0\cp_holster\0\teamoverlay\1\cjp_client\1.4 beta3
7-12-2021 7:31 (641:29): ClientUserinfoChanged: 2 n\Padawan\t\0\model\jedi_zf/head_c1|torso_e1|lower_a1\c1\4\c2\5\hc\100\w\0\l\0\tt\0\tl\0\st\dual_5\st2\none\dt\0
7-12-2021 7:32 (642:28): Kill: 2 1 3: Padawan killed astupidbot by MOD_SABER
7-12-2021 7:32 (642:28): Exit: Timelimit hit.
7-12-2021 7:32 (642:28): score: 1  ping: 240  client: 2 Padawan
7-12-2021 7:32 (642:28): score: 0  ping: 60  client: 1 astupidbot
7-12-2021 7:32 (642:29): ClientUserinfoChanged handling info: 1 \team\0\skill\ 5.00\personality\botfiles/astupidbot.jkb\saber2\none\saber1\kyle\color2\4\color1\4\sex\male\model\jawa\snaps\20\rate\25000\name\astupidbot
7-12-2021 7:32 (642:29): ClientUserinfoChanged: 1 n\astupidbot\t\0\model\jawa\c1\4\c2\4\hc\100\w\0\l\0\skill\ 5.00\tt\0\tl\0\siegeclass\none\st\Kyle\st2\none\dt\0\sdt\0
7-12-2021 7:32 (642:38): ShutdownGame:
7-12-2021 7:32 (642:38): ------------------------------------------------------------
