8-9-2021 19:48 (11217:52): ------------------------------------------------------------
8-9-2021 19:48 (11217:52): InitGame: \version\JAmp: v1.0.1.0 linux-i386 Mar 14 2020\timelimit\45\sv_privateClients\0\sv_minRate\0\sv_minPing\0\sv_maxclients\32\sv_maxRate\0\sv_maxPing\999\sv_hostname\^7~^1~^7~ COMM SERVER ~^1~^7~\sv_fps\50\sv_floodProtectSlow\1\sv_floodProtect\1\sv_autoDemo\0\sv_allowDownload\0\serveruptime\189\protocol\26\mapname\academy6\gamename\Lugormod\g_weaponDisable\0\g_stepSlideFix\0\g_siegeTeamSwitch\1\g_siegeTeam2\none\g_siegeTeam1\none\g_siegeRespawn\20\g_showDuelHealths\1\g_saberWallDamageScale\0.4\g_saberLocking\0\g_privateDuel\1535\g_noSpecMove\0\g_needpass\0\g_maxHolocronCarry\3\g_maxGameClients\0\g_maxForceRank\7\g_jediVmerc\0\g_gametype\0\g_gamemode\0\g_forceRegenTime\160\g_forcePowerDisable\0\g_forceBasedTeams\1\g_duelWeaponDisable\9\g_debugmelee\1\g_allowNPC\1\fs_game\lugormod\fraglimit\0\duel_fraglimit\10\dmflags\0\capturelimit\10\bot_minplayers\2\bg_fighterAltControl\0\Lugormod_Version\U#-0.0.0.91 Alpha
8-9-2021 19:48 (11217:52): ClientConnect: 0
8-9-2021 19:48 (11217:52): ClientUserinfoChanged handling info: 0 \ip\84.236.105.90:29070\name\^1S^0pirit\rate\50000\snaps\20\model\jedi_genericfemale3a/head_e4|torso_e2|lower_l1\forcepowers\1-2-010000000000000100\color1\0\color2\0\handicap\100\sex\male\cg_predictItems\1\saber1\single_9\saber2\single_9\char_color_red\255\char_color_green\255\char_color_blue\255\teamtask\0\teamoverlay\1
8-9-2021 19:48 (11217:52): ClientUserinfoChanged: 0 n\^1S^0pirit\t\0\model\kyl\c1\0\c2\0\hc\0\w\0\l\0\tt\0\tl\0\st\single_9\st2\single_9\dt\0
8-9-2021 19:48 (11217:52): ClientUserinfoChanged handling info: 0 \ip\84.236.105.90:29070\name\^1S^0pirit\rate\50000\snaps\20\model\jedi_genericfemale3a/head_e4|torso_e2|lower_l1\forcepowers\1-2-010000000000000100\color1\0\color2\0\handicap\100\sex\male\cg_predictItems\1\saber1\single_9\saber2\single_9\char_color_red\255\char_color_green\255\char_color_blue\255\teamtask\0\teamoverlay\1
8-9-2021 19:48 (11217:52): ClientUserinfoChanged: 0 n\^1S^0pirit\t\0\model\kyl\c1\0\c2\0\hc\0\w\0\l\0\tt\0\tl\0\st\single_9\st2\single_9\dt\0
8-9-2021 19:48 (11217:52): ClientUserinfoChanged handling info: 0 \ip\84.236.105.90:29070\name\^1S^0pirit\rate\50000\snaps\20\model\jedi_genericfemale3a/head_e4|torso_e2|lower_l1\forcepowers\1-2-010000000000000100\color1\0\color2\0\handicap\100\sex\male\cg_predictItems\1\saber1\single_9\saber2\single_9\char_color_red\255\char_color_green\255\char_color_blue\255\teamtask\0\teamoverlay\1
8-9-2021 19:48 (11217:52): ClientUserinfoChanged: 0 n\^1S^0pirit\t\0\model\kyl\c1\0\c2\0\hc\100\w\0\l\0\tt\0\tl\0\st\single_9\st2\single_9\dt\0
8-9-2021 19:48 (11217:52): ClientBegin: 0
8-9-2021 19:48 (11217:52): ClientConnect: 1
8-9-2021 19:48 (11217:52): ClientUserinfoChanged handling info: 1 \team\0\skill\ 5.00\personality\botfiles/newkyle.jkb\saber2\none\saber1\kyle\color2\4\color1\1\sex\male\model\kyle\snaps\20\rate\25000\name\Kyle
8-9-2021 19:48 (11217:52): ClientUserinfoChanged: 1 n\Kyle\t\0\model\kyle\c1\1\c2\4\hc\0\w\0\l\0\skill\ 5.00\tt\0\tl\0\siegeclass\none\st\Kyle\st2\none\dt\0\sdt\0
8-9-2021 19:48 (11217:52): ClientUserinfoChanged handling info: 1 \team\0\skill\ 5.00\personality\botfiles/newkyle.jkb\saber2\none\saber1\kyle\color2\4\color1\1\sex\male\model\kyle\snaps\20\rate\25000\name\Kyle
8-9-2021 19:48 (11217:52): ClientUserinfoChanged: 1 n\Kyle\t\0\model\kyle\c1\1\c2\4\hc\100\w\0\l\0\skill\ 5.00\tt\0\tl\0\siegeclass\none\st\Kyle\st2\none\dt\0\sdt\0
8-9-2021 19:48 (11217:52): ClientBegin: 1
8-9-2021 19:48 (11218:19): Kill: 0 1 3: ^1S^0pirit killed Kyle by MOD_SABER
8-9-2021 19:48 (11218:20): ClientUserinfoChanged handling info: 1 \team\0\skill\ 5.00\personality\botfiles/newkyle.jkb\saber2\none\saber1\kyle\color2\4\color1\1\sex\male\model\kyle\snaps\20\rate\25000\name\Kyle
8-9-2021 19:48 (11218:20): ClientUserinfoChanged: 1 n\Kyle\t\0\model\kyle\c1\1\c2\4\hc\100\w\0\l\0\skill\ 5.00\tt\0\tl\0\siegeclass\none\st\Kyle\st2\none\dt\0\sdt\0
8-9-2021 19:48 (11218:20): say: Kyle: gf
8-9-2021 19:51 (11221:09): Kill: 0 1 3: ^1S^0pirit killed Kyle by MOD_SABER
8-9-2021 19:51 (11221:10): ClientUserinfoChanged handling info: 1 \team\0\skill\ 5.00\personality\botfiles/newkyle.jkb\saber2\none\saber1\kyle\color2\4\color1\1\sex\male\model\kyle\snaps\20\rate\25000\name\Kyle
8-9-2021 19:51 (11221:10): ClientUserinfoChanged: 1 n\Kyle\t\0\model\kyle\c1\1\c2\4\hc\100\w\0\l\0\skill\ 5.00\tt\0\tl\0\siegeclass\none\st\Kyle\st2\none\dt\0\sdt\0
8-9-2021 19:51 (11221:10): say: Kyle: gf
8-9-2021 19:51 (11221:15): Kill: 1022 131 39: <world> killed  by MOD_SUICIDE
8-9-2021 19:52 (11221:47): ClientDisconnect: 0
8-9-2021 19:52 (11222:07): ClientConnect: 0
8-9-2021 19:52 (11222:07): ClientUserinfoChanged handling info: 0 \team\0\skill\ 5.00\personality\botfiles/astupidbot.jkb\saber2\none\saber1\kyle\color2\4\color1\4\sex\male\model\jawa\snaps\20\rate\25000\name\astupidbot
8-9-2021 19:52 (11222:07): ClientUserinfoChanged: 0 n\astupidbot\t\0\model\jawa\c1\4\c2\4\hc\0\w\0\l\0\skill\ 5.00\tt\0\tl\0\siegeclass\none\st\\st2\\dt\0\sdt\0
8-9-2021 19:52 (11222:07): IP: localhost astupidbot
8-9-2021 19:52 (11222:07): ClientUserinfoChanged handling info: 0 \team\0\skill\ 5.00\personality\botfiles/astupidbot.jkb\saber2\none\saber1\kyle\color2\4\color1\4\sex\male\model\jawa\snaps\20\rate\25000\name\astupidbot
8-9-2021 19:52 (11222:07): ClientUserinfoChanged: 0 n\astupidbot\t\0\model\jawa\c1\4\c2\4\hc\100\w\0\l\0\skill\ 5.00\tt\0\tl\0\siegeclass\none\st\Kyle\st2\none\dt\0\sdt\0
8-9-2021 19:52 (11222:07): ClientBegin: 0
8-10-2021 21:22 (12752:07): ShutdownGame:
8-10-2021 21:22 (12752:07): ------------------------------------------------------------
