4-16-2021 9:40 (2914:48): ------------------------------------------------------------
4-16-2021 9:40 (2914:48): InitGame: \version\JAmp: v1.0.1.0 linux-i386 Mar 14 2020\timelimit\45\sv_privateClients\0\sv_minRate\0\sv_minPing\0\sv_maxclients\32\sv_maxRate\0\sv_maxPing\999\sv_hostname\^7~^1~^7~ COMM SERVER ~^1~^7~\sv_fps\50\sv_floodProtectSlow\1\sv_floodProtect\1\sv_autoDemo\0\sv_allowDownload\0\serveruptime\48\protocol\26\mapname\mp/duel6\gamename\Lugormod\g_weaponDisable\0\g_stepSlideFix\0\g_siegeTeamSwitch\1\g_siegeTeam2\none\g_siegeTeam1\none\g_siegeRespawn\20\g_showDuelHealths\1\g_saberWallDamageScale\0.4\g_saberLocking\0\g_privateDuel\1535\g_noSpecMove\0\g_needpass\0\g_maxHolocronCarry\3\g_maxGameClients\0\g_maxForceRank\7\g_jediVmerc\0\g_gametype\0\g_gamemode\0\g_forceRegenTime\160\g_forcePowerDisable\0\g_forceBasedTeams\1\g_duelWeaponDisable\9\g_debugmelee\1\g_allowNPC\1\fs_game\lugormod\fraglimit\0\duel_fraglimit\10\dmflags\0\capturelimit\10\bot_minplayers\2\bg_fighterAltControl\0\Lugormod_Version\U#-0.0.0.91 Alpha
4-16-2021 9:40 (2914:48): ClientConnect: 0
4-16-2021 9:40 (2914:48): ClientUserinfoChanged handling info: 0 \ip\93.76.39.120:29070\teamoverlay\0\snaps\40\sex\male\saber2\none\saber1\single_9\rate\25000\name\Georg\model\jedi/rgb\ja_guid\BC4A62137F90862724BE9A939879BFAA\handicap\100\forcepowers\7-1-030000000000000330\cp_sbRGB2\0\cp_sbRGB1\0\cp_pluginDisable\1536\cp_cosmetics\0\cp_clanPwd\none\color2\4\color1\3\cjp_client\1.4JAPRO\char_color_red\116.864502\char_color_green\44\char_color_blue\26.554110\cg_predictItems\1\cg_displayNetSettings\125 0 125\cg_displayCameraPosition\1 80 16
4-16-2021 9:40 (2914:48): ClientUserinfoChanged: 0 n\Georg\t\0\model\jedi/rgb\c1\3\c2\4\hc\0\w\0\l\0\tt\0\tl\0\st\single_9\st2\none\dt\0
4-16-2021 9:40 (2914:48): ClientUserinfoChanged handling info: 0 \ip\93.76.39.120:29070\teamoverlay\0\snaps\40\sex\male\saber2\none\saber1\single_9\rate\25000\name\Georg\model\jedi/rgb\ja_guid\BC4A62137F90862724BE9A939879BFAA\handicap\100\forcepowers\7-1-030000000000000330\cp_sbRGB2\0\cp_sbRGB1\0\cp_pluginDisable\1536\cp_cosmetics\0\cp_clanPwd\none\color2\4\color1\3\cjp_client\1.4JAPRO\char_color_red\116.864502\char_color_green\44\char_color_blue\26.554110\cg_predictItems\1\cg_displayNetSettings\125 0 125\cg_displayCameraPosition\1 80 16
4-16-2021 9:40 (2914:48): ClientUserinfoChanged: 0 n\Georg\t\0\model\jedi/rgb\c1\3\c2\4\hc\0\w\0\l\0\tt\0\tl\0\st\single_9\st2\none\dt\0
4-16-2021 9:40 (2914:48): ClientUserinfoChanged handling info: 0 \ip\93.76.39.120:29070\teamoverlay\0\snaps\40\sex\male\saber2\none\saber1\single_9\rate\25000\name\Georg\model\jedi/rgb\ja_guid\BC4A62137F90862724BE9A939879BFAA\handicap\100\forcepowers\7-1-030000000000000330\cp_sbRGB2\0\cp_sbRGB1\0\cp_pluginDisable\1536\cp_cosmetics\0\cp_clanPwd\none\color2\4\color1\3\cjp_client\1.4JAPRO\char_color_red\116.864502\char_color_green\44\char_color_blue\26.554110\cg_predictItems\1\cg_displayNetSettings\125 0 125\cg_displayCameraPosition\1 80 16
4-16-2021 9:40 (2914:48): ClientUserinfoChanged: 0 n\Georg\t\0\model\jedi/rgb\c1\3\c2\4\hc\100\w\0\l\0\tt\0\tl\0\st\single_9\st2\none\dt\0
4-16-2021 9:40 (2914:48): ClientBegin: 0
4-16-2021 9:40 (2914:48): ClientConnect: 1
4-16-2021 9:40 (2914:48): ClientUserinfoChanged handling info: 1 \team\0\skill\ 5.00\personality\botfiles/newkyle.jkb\saber2\none\saber1\kyle\color2\4\color1\1\sex\male\model\kyle\snaps\20\rate\25000\name\Kyle
4-16-2021 9:40 (2914:48): ClientUserinfoChanged: 1 n\Kyle\t\0\model\kyle\c1\1\c2\4\hc\0\w\0\l\0\skill\ 5.00\tt\0\tl\0\siegeclass\none\st\Kyle\st2\none\dt\0\sdt\0
4-16-2021 9:40 (2914:48): ClientUserinfoChanged handling info: 1 \team\0\skill\ 5.00\personality\botfiles/newkyle.jkb\saber2\none\saber1\kyle\color2\4\color1\1\sex\male\model\kyle\snaps\20\rate\25000\name\Kyle
4-16-2021 9:40 (2914:48): ClientUserinfoChanged: 1 n\Kyle\t\0\model\kyle\c1\1\c2\4\hc\100\w\0\l\0\skill\ 5.00\tt\0\tl\0\siegeclass\none\st\Kyle\st2\none\dt\0\sdt\0
4-16-2021 9:40 (2914:48): ClientBegin: 1
4-16-2021 9:40 (2915:32): Kill: 0 1 3: Georg killed Kyle by MOD_SABER
4-16-2021 9:40 (2915:33): ClientUserinfoChanged handling info: 1 \team\0\skill\ 5.00\personality\botfiles/newkyle.jkb\saber2\none\saber1\kyle\color2\4\color1\1\sex\male\model\kyle\snaps\20\rate\25000\name\Kyle
4-16-2021 9:40 (2915:33): ClientUserinfoChanged: 1 n\Kyle\t\0\model\kyle\c1\1\c2\4\hc\100\w\0\l\0\skill\ 5.00\tt\0\tl\0\siegeclass\none\st\Kyle\st2\none\dt\0\sdt\0
4-16-2021 9:40 (2915:33): say: Kyle: gf
4-16-2021 9:42 (2917:32): Kill: 1 0 3: Kyle killed Georg by MOD_SABER
4-16-2021 9:42 (2917:34): say: Kyle: Good Fight
4-16-2021 9:42 (2917:34): ClientUserinfoChanged handling info: 0 \ip\93.76.39.120:29070\teamoverlay\0\snaps\40\sex\male\saber2\none\saber1\single_9\rate\25000\name\Georg\model\jedi/rgb\ja_guid\BC4A62137F90862724BE9A939879BFAA\handicap\100\forcepowers\7-1-030000000000000330\cp_sbRGB2\0\cp_sbRGB1\0\cp_pluginDisable\1536\cp_cosmetics\0\cp_clanPwd\none\color2\4\color1\3\cjp_client\1.4JAPRO\char_color_red\116.864502\char_color_green\44\char_color_blue\26.554110\cg_predictItems\1\cg_displayNetSettings\125 0 125\cg_displayCameraPosition\1 80 16
4-16-2021 9:42 (2917:34): ClientUserinfoChanged: 0 n\Georg\t\0\model\jedi/rgb\c1\3\c2\4\hc\100\w\0\l\0\tt\0\tl\0\st\single_9\st2\none\dt\0
4-16-2021 9:42 (2917:37): ClientDisconnect: 0
4-16-2021 9:43 (2917:51): ClientConnect: 0
4-16-2021 9:43 (2917:51): ClientUserinfoChanged handling info: 0 \team\0\skill\ 5.00\personality\botfiles/astupidbot.jkb\saber2\none\saber1\kyle\color2\4\color1\4\sex\male\model\jawa\snaps\20\rate\25000\name\astupidbot
4-16-2021 9:43 (2917:51): ClientUserinfoChanged: 0 n\astupidbot\t\0\model\jawa\c1\4\c2\4\hc\0\w\0\l\0\skill\ 5.00\tt\0\tl\0\siegeclass\none\st\\st2\\dt\0\sdt\0
4-16-2021 9:43 (2917:51): ClientUserinfoChanged handling info: 0 \name\astupidbot\team\0\skill\ 5.00\personality\botfiles/astupidbot.jkb\saber2\none\saber1\kyle\color2\4\color1\4\sex\male\model\jawa\snaps\20\rate\25000
4-16-2021 9:43 (2917:51): ClientUserinfoChanged: 0 n\astupidbot\t\0\model\jawa\c1\4\c2\4\hc\0\w\0\l\0\skill\ 5.00\tt\0\tl\0\siegeclass\none\st\\st2\\dt\0\sdt\0
4-16-2021 9:43 (2917:51): IP: localhost astupidbot
4-16-2021 9:43 (2917:51): ClientUserinfoChanged handling info: 0 \name\astupidbot\team\0\skill\ 5.00\personality\botfiles/astupidbot.jkb\saber2\none\saber1\kyle\color2\4\color1\4\sex\male\model\jawa\snaps\20\rate\25000
4-16-2021 9:43 (2917:51): ClientUserinfoChanged: 0 n\astupidbot\t\0\model\jawa\c1\4\c2\4\hc\0\w\0\l\0\skill\ 5.00\tt\0\tl\0\siegeclass\none\st\\st2\\dt\0\sdt\0
4-16-2021 9:43 (2917:51): ClientUserinfoChanged handling info: 0 \name\astupidbot\team\0\skill\ 5.00\personality\botfiles/astupidbot.jkb\saber2\none\saber1\kyle\color2\4\color1\4\sex\male\model\jawa\snaps\20\rate\25000
4-16-2021 9:43 (2917:51): ClientUserinfoChanged: 0 n\astupidbot\t\0\model\jawa\c1\4\c2\4\hc\100\w\0\l\0\skill\ 5.00\tt\0\tl\0\siegeclass\none\st\Kyle\st2\none\dt\0\sdt\0
4-16-2021 9:43 (2917:51): ClientBegin: 0
4-16-2021 10:25 (2959:48): Exit: Timelimit hit.
4-16-2021 10:25 (2959:48): score: 1  ping: 54  client: 1 Kyle
4-16-2021 10:25 (2959:48): score: 0  ping: 56  client: 0 astupidbot
4-16-2021 15:11 (3246:36): ShutdownGame:
4-16-2021 15:11 (3246:36): ------------------------------------------------------------
4-16-2021 15:11 (0:00): ------------------------------------------------------------
4-16-2021 15:11 (0:00): InitGame: \version\JAmp: v1.0.1.0 linux-i386 Mar 14 2020\timelimit\45\sv_privateClients\0\sv_minRate\0\sv_minPing\0\sv_maxclients\32\sv_maxRate\0\sv_maxPing\999\sv_hostname\^7~^1~^7~ COMM SERVER ~^1~^7~\sv_fps\50\sv_floodProtectSlow\1\sv_floodProtect\1\sv_autoDemo\0\sv_allowDownload\0\serveruptime\54\protocol\26\mapname\mp/duel6\gamename\Lugormod\g_weaponDisable\0\g_stepSlideFix\0\g_siegeTeamSwitch\1\g_siegeTeam2\none\g_siegeTeam1\none\g_siegeRespawn\20\g_showDuelHealths\1\g_saberWallDamageScale\0.4\g_saberLocking\0\g_privateDuel\1535\g_noSpecMove\0\g_needpass\0\g_maxHolocronCarry\3\g_maxGameClients\0\g_maxForceRank\7\g_jediVmerc\0\g_gametype\0\g_gamemode\0\g_forceRegenTime\160\g_forcePowerDisable\0\g_forceBasedTeams\1\g_duelWeaponDisable\9\g_debugmelee\1\g_allowNPC\1\fs_game\lugormod\fraglimit\0\duel_fraglimit\10\dmflags\0\capturelimit\10\bot_minplayers\2\bg_fighterAltControl\0\Lugormod_Version\U#-0.0.0.91 Alpha
4-16-2021 15:12 (0:30): ClientConnect: 0
4-16-2021 15:12 (0:30): ClientUserinfoChanged handling info: 0 \team\0\skill\ 5.00\personality\botfiles/astupidbot.jkb\saber2\none\saber1\kyle\color2\4\color1\4\sex\male\model\jawa\snaps\20\rate\25000\name\astupidbot
4-16-2021 15:12 (0:30): ClientUserinfoChanged: 0 n\astupidbot\t\0\model\jawa\c1\4\c2\4\hc\0\w\0\l\0\skill\ 5.00\tt\0\tl\0\siegeclass\none\st\\st2\\dt\0\sdt\0
4-16-2021 15:12 (0:30): IP: localhost astupidbot
4-16-2021 15:12 (0:30): ClientUserinfoChanged handling info: 0 \team\0\skill\ 5.00\personality\botfiles/astupidbot.jkb\saber2\none\saber1\kyle\color2\4\color1\4\sex\male\model\jawa\snaps\20\rate\25000\name\astupidbot
4-16-2021 15:12 (0:30): ClientUserinfoChanged: 0 n\astupidbot\t\0\model\jawa\c1\4\c2\4\hc\100\w\0\l\0\skill\ 5.00\tt\0\tl\0\siegeclass\none\st\Kyle\st2\none\dt\0\sdt\0
4-16-2021 15:12 (0:30): ClientBegin: 0
4-16-2021 15:12 (0:53): ClientConnect: 1
4-16-2021 15:12 (0:53): ClientUserinfoChanged handling info: 1 \team\0\skill\ 5.00\personality\botfiles/newkyle.jkb\saber2\none\saber1\kyle\color2\4\color1\1\sex\male\model\kyle\snaps\20\rate\25000\name\Kyle
4-16-2021 15:12 (0:53): ClientUserinfoChanged: 1 n\Kyle\t\0\model\kyle\c1\1\c2\4\hc\0\w\0\l\0\skill\ 5.00\tt\0\tl\0\siegeclass\none\st\\st2\\dt\0\sdt\0
4-16-2021 15:12 (0:53): IP: localhost Kyle
4-16-2021 15:12 (0:53): ClientUserinfoChanged handling info: 1 \team\0\skill\ 5.00\personality\botfiles/newkyle.jkb\saber2\none\saber1\kyle\color2\4\color1\1\sex\male\model\kyle\snaps\20\rate\25000\name\Kyle
4-16-2021 15:12 (0:53): ClientUserinfoChanged: 1 n\Kyle\t\0\model\kyle\c1\1\c2\4\hc\100\w\0\l\0\skill\ 5.00\tt\0\tl\0\siegeclass\none\st\Kyle\st2\none\dt\0\sdt\0
4-16-2021 15:12 (0:53): ClientBegin: 1
4-16-2021 18:23 (191:41): ClientConnect: 2
4-16-2021 18:23 (191:41): ClientUserinfoChanged handling info: 2 \ip\97.77.120.150:29070\challenge\-1252584133\qport\54605\protocol\26\snaps\40\sex\male\saber2\none\saber1\Kyle\rate\4000\name\^3chains\model\kyle/default\ja_guid\051864430A7EE524850A0B7FF5985240\handicap\100\forcepowers\7-1-032330000000001333\color2\4\color1\4\char_color_red\255\char_color_green\255\char_color_blue\255\cg_predictItems\1
4-16-2021 18:23 (191:41): ClientUserinfoChanged: 2 n\^3chains\t\0\model\kyle/default\c1\4\c2\4\hc\0\w\0\l\0\tt\0\tl\0\st\\st2\\dt\0
4-16-2021 18:23 (191:41): IP: 97.77.120.150 ^3chains
4-16-2021 18:23 (191:41): say: Kyle: Hi
4-16-2021 18:23 (191:43): say: astupidbot: Hello Kyle.
4-16-2021 18:23 (191:45): say: Kyle: Hello Astupidbot
4-16-2021 18:23 (191:46): ClientUserinfoChanged handling info: 2 \ip\97.77.120.150:29070\snaps\50\sex\male\saber2\none\saber1\Kyle\rate\25000\name\chon\model\kyle/default\ja_guid\051864430A7EE524850A0B7FF5985240\handicap\100\forcepowers\1-1-010000000000000100\color2\4\color1\4\char_color_red\255\char_color_green\255\char_color_blue\255\cg_predictItems\1\teamoverlay\0
4-16-2021 18:23 (191:46): ClientUserinfoChanged: 2 n\^3chains\t\0\model\kyle/default\c1\4\c2\4\hc\0\w\0\l\0\tt\0\tl\0\st\Kyle\st2\none\dt\0
4-16-2021 18:23 (191:46): ClientUserinfoChanged handling info: 2 \ip\97.77.120.150:29070\snaps\50\sex\male\saber2\none\saber1\Kyle\rate\25000\name\chon\model\kyle/default\ja_guid\051864430A7EE524850A0B7FF5985240\handicap\100\forcepowers\1-1-010000000000000100\color2\4\color1\4\char_color_red\255\char_color_green\255\char_color_blue\255\cg_predictItems\1\teamoverlay\0
4-16-2021 18:23 (191:46): ClientUserinfoChanged: 2 n\^3chains\t\0\model\kyle/default\c1\4\c2\4\hc\100\w\0\l\0\tt\0\tl\0\st\Kyle\st2\none\dt\0
4-16-2021 18:23 (191:46): ClientBegin: 2
4-16-2021 18:23 (191:47): say: astupidbot: Hello Kyle
4-16-2021 18:23 (191:49): say: Kyle: Hello Astupidbot
4-16-2021 18:23 (191:50): say: astupidbot: Hi
4-16-2021 18:23 (191:55): Kill: 0 2 3: astupidbot killed ^3chains by MOD_SABER
4-16-2021 18:23 (191:55): Exit: Timelimit hit.
4-16-2021 18:23 (191:55): score: 1  ping: 48  client: 0 astupidbot
4-16-2021 18:23 (191:55): score: 0  ping: 45  client: 1 Kyle
4-16-2021 18:23 (191:55): score: 0  ping: 56  client: 2 ^3chains
4-16-2021 18:23 (191:56): ClientUserinfoChanged handling info: 2 \ip\97.77.120.150:29070\snaps\50\sex\male\saber2\none\saber1\Kyle\rate\25000\name\chon\model\kyle/default\ja_guid\051864430A7EE524850A0B7FF5985240\handicap\100\forcepowers\1-1-010000000000000100\color2\4\color1\4\char_color_red\255\char_color_green\255\char_color_blue\255\cg_predictItems\1\teamoverlay\0
4-16-2021 18:23 (191:56): ClientUserinfoChanged: 2 n\^3chains\t\0\model\kyle/default\c1\4\c2\4\hc\100\w\0\l\0\tt\0\tl\0\st\Kyle\st2\none\dt\0
4-16-2021 18:23 (191:57): say: astupidbot: Good Fight
4-16-2021 18:23 (192:01): ShutdownGame:
4-16-2021 18:23 (192:01): ------------------------------------------------------------
4-16-2021 18:23 (192:01): ------------------------------------------------------------
4-16-2021 18:23 (192:01): InitGame: \version\JAmp: v1.0.1.0 linux-i386 Mar 14 2020\timelimit\45\sv_privateClients\0\sv_minRate\0\sv_minPing\0\sv_maxclients\32\sv_maxRate\0\sv_maxPing\999\sv_hostname\^7~^1~^7~ COMM SERVER ~^1~^7~\sv_fps\50\sv_floodProtectSlow\1\sv_floodProtect\1\sv_autoDemo\0\sv_allowDownload\0\serveruptime\54\protocol\26\mapname\mp/duel6\gamename\Lugormod\g_weaponDisable\0\g_stepSlideFix\0\g_siegeTeamSwitch\1\g_siegeTeam2\none\g_siegeTeam1\none\g_siegeRespawn\20\g_showDuelHealths\1\g_saberWallDamageScale\0.4\g_saberLocking\0\g_privateDuel\1535\g_noSpecMove\0\g_needpass\0\g_maxHolocronCarry\3\g_maxGameClients\0\g_maxForceRank\7\g_jediVmerc\0\g_gametype\0\g_gamemode\0\g_forceRegenTime\160\g_forcePowerDisable\0\g_forceBasedTeams\1\g_duelWeaponDisable\9\g_debugmelee\1\g_allowNPC\1\fs_game\lugormod\fraglimit\0\duel_fraglimit\10\dmflags\0\capturelimit\10\bot_minplayers\2\bg_fighterAltControl\0\Lugormod_Version\U#-0.0.0.91 Alpha
4-16-2021 18:23 (192:01): ClientConnect: 0
4-16-2021 18:23 (192:01): ClientUserinfoChanged handling info: 0 \team\0\skill\ 5.00\personality\botfiles/astupidbot.jkb\saber2\none\saber1\kyle\color2\4\color1\4\sex\male\model\jawa\snaps\20\rate\25000\name\astupidbot
4-16-2021 18:23 (192:01): ClientUserinfoChanged: 0 n\astupidbot\t\0\model\jawa\c1\4\c2\4\hc\0\w\0\l\0\skill\ 5.00\tt\0\tl\0\siegeclass\none\st\Kyle\st2\none\dt\0\sdt\0
4-16-2021 18:23 (192:01): ClientUserinfoChanged handling info: 0 \team\0\skill\ 5.00\personality\botfiles/astupidbot.jkb\saber2\none\saber1\kyle\color2\4\color1\4\sex\male\model\jawa\snaps\20\rate\25000\name\astupidbot
4-16-2021 18:23 (192:01): ClientUserinfoChanged: 0 n\astupidbot\t\0\model\jawa\c1\4\c2\4\hc\100\w\0\l\0\skill\ 5.00\tt\0\tl\0\siegeclass\none\st\Kyle\st2\none\dt\0\sdt\0
4-16-2021 18:23 (192:01): ClientBegin: 0
4-16-2021 18:23 (192:01): ClientConnect: 1
4-16-2021 18:23 (192:01): ClientUserinfoChanged handling info: 1 \team\0\skill\ 5.00\personality\botfiles/newkyle.jkb\saber2\none\saber1\kyle\color2\4\color1\1\sex\male\model\kyle\snaps\20\rate\25000\name\Kyle
4-16-2021 18:23 (192:01): ClientUserinfoChanged: 1 n\Kyle\t\0\model\kyle\c1\1\c2\4\hc\0\w\0\l\0\skill\ 5.00\tt\0\tl\0\siegeclass\none\st\Kyle\st2\none\dt\0\sdt\0
4-16-2021 18:23 (192:01): ClientUserinfoChanged handling info: 1 \team\0\skill\ 5.00\personality\botfiles/newkyle.jkb\saber2\none\saber1\kyle\color2\4\color1\1\sex\male\model\kyle\snaps\20\rate\25000\name\Kyle
4-16-2021 18:23 (192:01): ClientUserinfoChanged: 1 n\Kyle\t\0\model\kyle\c1\1\c2\4\hc\100\w\0\l\0\skill\ 5.00\tt\0\tl\0\siegeclass\none\st\Kyle\st2\none\dt\0\sdt\0
4-16-2021 18:23 (192:01): ClientBegin: 1
4-16-2021 18:23 (192:01): ClientConnect: 2
4-16-2021 18:23 (192:01): ClientUserinfoChanged handling info: 2 \ip\97.77.120.150:29070\snaps\50\sex\male\saber2\none\saber1\Kyle\rate\25000\name\chon\model\kyle/default\ja_guid\051864430A7EE524850A0B7FF5985240\handicap\100\forcepowers\1-1-010000000000000100\color2\4\color1\4\char_color_red\255\char_color_green\255\char_color_blue\255\cg_predictItems\1\teamoverlay\0
4-16-2021 18:23 (192:01): ClientUserinfoChanged: 2 n\Padawan\t\0\model\kyle/default\c1\4\c2\4\hc\0\w\0\l\0\tt\0\tl\0\st\Kyle\st2\none\dt\0
4-16-2021 18:23 (192:01): ClientUserinfoChanged handling info: 2 \ip\97.77.120.150:29070\snaps\50\sex\male\saber2\none\saber1\Kyle\rate\25000\name\chon\model\kyle/default\ja_guid\051864430A7EE524850A0B7FF5985240\handicap\100\forcepowers\1-1-010000000000000100\color2\4\color1\4\char_color_red\255\char_color_green\255\char_color_blue\255\cg_predictItems\1\teamoverlay\0
4-16-2021 18:23 (192:01): ClientUserinfoChanged: 2 n\Padawan\t\0\model\kyle/default\c1\4\c2\4\hc\0\w\0\l\0\tt\0\tl\0\st\Kyle\st2\none\dt\0
4-16-2021 18:23 (192:01): ClientUserinfoChanged handling info: 2 \ip\97.77.120.150:29070\snaps\50\sex\male\saber2\none\saber1\Kyle\rate\25000\name\chon\model\kyle/default\ja_guid\051864430A7EE524850A0B7FF5985240\handicap\100\forcepowers\1-1-010000000000000100\color2\4\color1\4\char_color_red\255\char_color_green\255\char_color_blue\255\cg_predictItems\1\teamoverlay\0
4-16-2021 18:23 (192:01): ClientUserinfoChanged: 2 n\Padawan\t\0\model\kyle/default\c1\4\c2\4\hc\100\w\0\l\0\tt\0\tl\0\st\Kyle\st2\none\dt\0
4-16-2021 18:23 (192:01): ClientBegin: 2
4-16-2021 18:24 (192:31): say: astupidbot: bye all
4-16-2021 18:24 (192:31): ClientDisconnect: 0
4-16-2021 18:26 (194:21): ShutdownGame:
4-16-2021 18:26 (194:21): ------------------------------------------------------------
4-16-2021 18:26 (0:00): ------------------------------------------------------------
4-16-2021 18:26 (0:00): InitGame: \version\JAmp: v1.0.1.0 linux-i386 Mar 14 2020\timelimit\45\sv_privateClients\0\sv_minRate\0\sv_minPing\0\sv_maxclients\32\sv_maxRate\0\sv_maxPing\999\sv_hostname\^7~^1~^7~ COMM SERVER ~^1~^7~\sv_fps\50\sv_floodProtectSlow\1\sv_floodProtect\1\sv_autoDemo\0\sv_allowDownload\0\serveruptime\54\protocol\26\mapname\mp/duel5\gamename\Lugormod\g_weaponDisable\0\g_stepSlideFix\0\g_siegeTeamSwitch\1\g_siegeTeam2\none\g_siegeTeam1\none\g_siegeRespawn\20\g_showDuelHealths\1\g_saberWallDamageScale\0.4\g_saberLocking\0\g_privateDuel\1535\g_noSpecMove\0\g_needpass\0\g_maxHolocronCarry\3\g_maxGameClients\0\g_maxForceRank\7\g_jediVmerc\0\g_gametype\0\g_gamemode\0\g_forceRegenTime\160\g_forcePowerDisable\0\g_forceBasedTeams\1\g_duelWeaponDisable\9\g_debugmelee\1\g_allowNPC\1\fs_game\lugormod\fraglimit\0\duel_fraglimit\10\dmflags\0\capturelimit\10\bot_minplayers\2\bg_fighterAltControl\0\Lugormod_Version\U#-0.0.0.91 Alpha
4-16-2021 18:26 (0:00): ClientConnect: 1
4-16-2021 18:26 (0:00): ClientUserinfoChanged handling info: 1 \team\0\skill\ 5.00\personality\botfiles/newkyle.jkb\saber2\none\saber1\kyle\color2\4\color1\1\sex\male\model\kyle\snaps\20\rate\25000\name\Kyle
4-16-2021 18:26 (0:00): ClientUserinfoChanged: 1 n\Kyle\t\0\model\kyle\c1\1\c2\4\hc\0\w\0\l\0\skill\ 5.00\tt\0\tl\0\siegeclass\none\st\Kyle\st2\none\dt\0\sdt\0
4-16-2021 18:26 (0:00): ClientUserinfoChanged handling info: 1 \team\0\skill\ 5.00\personality\botfiles/newkyle.jkb\saber2\none\saber1\kyle\color2\4\color1\1\sex\male\model\kyle\snaps\20\rate\25000\name\Kyle
4-16-2021 18:26 (0:00): ClientUserinfoChanged: 1 n\Kyle\t\0\model\kyle\c1\1\c2\4\hc\100\w\0\l\0\skill\ 5.00\tt\0\tl\0\siegeclass\none\st\Kyle\st2\none\dt\0\sdt\0
4-16-2021 18:26 (0:00): ClientBegin: 1
4-16-2021 18:26 (0:00): ClientConnect: 2
4-16-2021 18:26 (0:00): ClientUserinfoChanged handling info: 2 \ip\97.77.120.150:29070\snaps\50\sex\male\saber2\none\saber1\Kyle\rate\25000\name\chon\model\kyle/default\ja_guid\051864430A7EE524850A0B7FF5985240\handicap\100\forcepowers\1-1-010000000000000100\color2\4\color1\4\char_color_red\255\char_color_green\255\char_color_blue\255\cg_predictItems\1\teamoverlay\0
4-16-2021 18:26 (0:00): ClientUserinfoChanged: 2 n\Padawan\t\0\model\kyle/default\c1\4\c2\4\hc\0\w\0\l\0\tt\0\tl\0\st\Kyle\st2\none\dt\0
4-16-2021 18:26 (0:04): ClientUserinfoChanged handling info: 2 \ip\97.77.120.150:29070\teamoverlay\0\snaps\50\sex\male\saber2\none\saber1\Kyle\rate\25000\name\chon\model\kyle/default\ja_guid\051864430A7EE524850A0B7FF5985240\handicap\100\forcepowers\1-1-010000000000000100\color2\4\color1\4\char_color_red\255\char_color_green\255\char_color_blue\255\cg_predictItems\1
4-16-2021 18:26 (0:04): ClientUserinfoChanged: 2 n\Padawan\t\0\model\kyle/default\c1\4\c2\4\hc\0\w\0\l\0\tt\0\tl\0\st\Kyle\st2\none\dt\0
4-16-2021 18:26 (0:04): ClientUserinfoChanged handling info: 2 \ip\97.77.120.150:29070\teamoverlay\0\snaps\50\sex\male\saber2\none\saber1\Kyle\rate\25000\name\chon\model\kyle/default\ja_guid\051864430A7EE524850A0B7FF5985240\handicap\100\forcepowers\1-1-010000000000000100\color2\4\color1\4\char_color_red\255\char_color_green\255\char_color_blue\255\cg_predictItems\1
4-16-2021 18:26 (0:04): ClientUserinfoChanged: 2 n\Padawan\t\0\model\kyle/default\c1\4\c2\4\hc\100\w\0\l\0\tt\0\tl\0\st\Kyle\st2\none\dt\0
4-16-2021 18:26 (0:04): ClientBegin: 2
4-16-2021 18:26 (0:12): ShutdownGame:
4-16-2021 18:26 (0:12): ------------------------------------------------------------
4-16-2021 18:29 (0:00): ------------------------------------------------------------
4-16-2021 18:29 (0:00): InitGame: \version\JAmp: v1.0.1.0 linux-i386 Mar 14 2020\timelimit\45\sv_privateClients\0\sv_minRate\0\sv_minPing\0\sv_maxclients\32\sv_maxRate\0\sv_maxPing\999\sv_hostname\^7~^1~^7~ COMM SERVER ~^1~^7~\sv_fps\50\sv_floodProtectSlow\1\sv_floodProtect\1\sv_autoDemo\0\sv_allowDownload\0\protocol\26\mapname\mp/duel5\g_weaponDisable\0\g_stepSlideFix\0\g_siegeTeamSwitch\1\g_siegeTeam2\none\g_siegeTeam1\none\g_siegeRespawn\20\g_showDuelHealths\1\g_saberLocking\0\g_privateDuel\1535\g_noSpecMove\0\g_needpass\0\g_maxHolocronCarry\3\g_maxGameClients\0\g_maxForceRank\7\g_jediVmerc\0\g_gametype\0\g_gamemode\0\g_forceRegenTime\160\g_forcePowerDisable\0\g_forceBasedTeams\1\g_duelWeaponDisable\9\g_debugmelee\1\g_allowNPC\1\fraglimit\0\duel_fraglimit\10\dmflags\0\capturelimit\10\gamename\Lugormod\Lugormod_Version\U#-0.0.0.91 Alpha\serveruptime\0\g_saberWallDamageScale\0.4\bg_fighterAltControl\0
4-16-2021 18:29 (0:30): ClientConnect: 0
4-16-2021 18:29 (0:30): ClientUserinfoChanged handling info: 0 \team\0\skill\ 5.00\personality\botfiles/astupidbot.jkb\saber2\none\saber1\kyle\color2\4\color1\4\sex\male\model\jawa\snaps\20\rate\25000\name\astupidbot
4-16-2021 18:29 (0:30): ClientUserinfoChanged: 0 n\astupidbot\t\0\model\jawa\c1\4\c2\4\hc\0\w\0\l\0\skill\ 5.00\tt\0\tl\0\siegeclass\none\st\\st2\\dt\0\sdt\0
4-16-2021 18:29 (0:30): IP: localhost astupidbot
4-16-2021 18:29 (0:30): ClientUserinfoChanged handling info: 0 \team\0\skill\ 5.00\personality\botfiles/astupidbot.jkb\saber2\none\saber1\kyle\color2\4\color1\4\sex\male\model\jawa\snaps\20\rate\25000\name\astupidbot
4-16-2021 18:29 (0:30): ClientUserinfoChanged: 0 n\astupidbot\t\0\model\jawa\c1\4\c2\4\hc\100\w\0\l\0\skill\ 5.00\tt\0\tl\0\siegeclass\none\st\Kyle\st2\none\dt\0\sdt\0
4-16-2021 18:29 (0:30): ClientBegin: 0
4-16-2021 18:30 (0:57): ClientConnect: 1
4-16-2021 18:30 (0:57): ClientUserinfoChanged handling info: 1 \team\0\skill\ 5.00\personality\botfiles/newkyle.jkb\saber2\none\saber1\kyle\color2\4\color1\1\sex\male\model\kyle\snaps\20\rate\25000\name\Kyle
4-16-2021 18:30 (0:57): ClientUserinfoChanged: 1 n\Kyle\t\0\model\kyle\c1\1\c2\4\hc\0\w\0\l\0\skill\ 5.00\tt\0\tl\0\siegeclass\none\st\\st2\\dt\0\sdt\0
4-16-2021 18:30 (0:57): IP: localhost Kyle
4-16-2021 18:30 (0:57): ClientUserinfoChanged handling info: 1 \team\0\skill\ 5.00\personality\botfiles/newkyle.jkb\saber2\none\saber1\kyle\color2\4\color1\1\sex\male\model\kyle\snaps\20\rate\25000\name\Kyle
4-16-2021 18:30 (0:57): ClientUserinfoChanged: 1 n\Kyle\t\0\model\kyle\c1\1\c2\4\hc\100\w\0\l\0\skill\ 5.00\tt\0\tl\0\siegeclass\none\st\Kyle\st2\none\dt\0\sdt\0
4-16-2021 18:30 (0:57): ClientBegin: 1
4-16-2021 21:24 (175:06): ClientConnect: 2
4-16-2021 21:24 (175:06): ClientUserinfoChanged handling info: 2 \ip\70.179.236.38:29070\challenge\-223494500\qport\44958\protocol\26\char_color_blue\255\char_color_green\255\char_color_red\255\saber2\none\saber1\single_9\cg_predictItems\1\sex\1336631730\handicap\100\color2\4\color1\5\forcepowers\7-2-030330330000000333\model\shadowtrooper/default\snaps\20\rate\25000\name\^1[DKS]^7Myrrdraal^1[F]\teamtask\0\password\ctfpug\teamoverlay\1
4-16-2021 21:24 (175:06): ClientUserinfoChanged: 2 n\^1[DKS]^7Myrrdraal^1[F]\t\0\model\shadowtrooper/default\c1\5\c2\4\hc\0\w\0\l\0\tt\0\tl\0\st\\st2\\dt\0
4-16-2021 21:24 (175:06): IP: 70.179.236.38 ^1[DKS]^7Myrrdraal^1[F]
4-16-2021 21:24 (175:06): say: astupidbot: Hello
4-16-2021 21:24 (175:13): ClientUserinfoChanged handling info: 2 \ip\70.179.236.38:29070\char_color_blue\255\char_color_green\255\char_color_red\255\saber2\none\saber1\single_9\cg_predictItems\1\sex\1336631730\handicap\100\color2\4\color1\5\forcepowers\7-2-030330330000000333\model\shadowtrooper/default\snaps\20\rate\25000\name\^1[DKS]^7Myrrdraal^1[F]\teamtask\0\password\ctfpug\teamoverlay\1
4-16-2021 21:24 (175:13): ClientUserinfoChanged: 2 n\^1[DKS]^7Myrrdraal^1[F]\t\0\model\shadowtrooper/default\c1\5\c2\4\hc\0\w\0\l\0\tt\0\tl\0\st\single_9\st2\none\dt\0
4-16-2021 21:24 (175:13): ClientUserinfoChanged handling info: 2 \ip\70.179.236.38:29070\char_color_blue\255\char_color_green\255\char_color_red\255\saber2\none\saber1\single_9\cg_predictItems\1\sex\1336631730\handicap\100\color2\4\color1\5\forcepowers\7-2-030330330000000333\model\shadowtrooper/default\snaps\20\rate\25000\name\^1[DKS]^7Myrrdraal^1[F]\teamtask\0\password\ctfpug\teamoverlay\1
4-16-2021 21:24 (175:13): ClientUserinfoChanged: 2 n\^1[DKS]^7Myrrdraal^1[F]\t\0\model\shadowtrooper/default\c1\5\c2\4\hc\100\w\0\l\0\tt\0\tl\0\st\single_9\st2\none\dt\0
4-16-2021 21:24 (175:13): ClientBegin: 2
4-16-2021 21:24 (175:13): say: astupidbot: g2g
4-16-2021 21:24 (175:13): ClientDisconnect: 0
4-16-2021 21:25 (176:43): Kill: 1 2 3: Kyle killed ^1[DKS]^7Myrrdraal^1[F] by MOD_SABER
4-16-2021 21:25 (176:43): Exit: Timelimit hit.
4-16-2021 21:25 (176:43): score: 1  ping: 45  client: 1 Kyle
4-16-2021 21:25 (176:43): score: 0  ping: 52  client: 2 ^1[DKS]^7Myrrdraal^1[F]
4-16-2021 21:25 (176:43): duel: Kyle won a duel against ^1[DKS]^7Myrrdraal^1[F]
4-16-2021 21:25 (176:44): ClientUserinfoChanged handling info: 2 \ip\70.179.236.38:29070\char_color_blue\255\char_color_green\255\char_color_red\255\saber2\none\saber1\single_9\cg_predictItems\1\sex\1336631730\handicap\100\color2\4\color1\5\forcepowers\7-2-030330330000000333\model\shadowtrooper/default\snaps\20\rate\25000\name\^1[DKS]^7Myrrdraal^1[F]\teamtask\0\password\ctfpug\teamoverlay\1
4-16-2021 21:25 (176:44): ClientUserinfoChanged: 2 n\^1[DKS]^7Myrrdraal^1[F]\t\0\model\shadowtrooper/default\c1\5\c2\4\hc\100\w\0\l\0\tt\0\tl\0\st\single_9\st2\none\dt\0
4-16-2021 21:26 (176:49): ShutdownGame:
4-16-2021 21:26 (176:49): ------------------------------------------------------------
4-16-2021 21:26 (0:00): ------------------------------------------------------------
4-16-2021 21:26 (0:00): InitGame: \version\JAmp: v1.0.1.0 linux-i386 Mar 14 2020\timelimit\45\sv_privateClients\0\sv_minRate\0\sv_minPing\0\sv_maxclients\32\sv_maxRate\0\sv_maxPing\999\sv_hostname\^7~^1~^7~ COMM SERVER ~^1~^7~\sv_fps\50\sv_floodProtectSlow\1\sv_floodProtect\1\sv_autoDemo\0\sv_allowDownload\0\serveruptime\2\protocol\26\mapname\mp/duel6\gamename\Lugormod\g_weaponDisable\0\g_stepSlideFix\0\g_siegeTeamSwitch\1\g_siegeTeam2\none\g_siegeTeam1\none\g_siegeRespawn\20\g_showDuelHealths\1\g_saberWallDamageScale\0.4\g_saberLocking\0\g_privateDuel\1535\g_noSpecMove\0\g_needpass\0\g_maxHolocronCarry\3\g_maxGameClients\0\g_maxForceRank\7\g_jediVmerc\0\g_gametype\0\g_gamemode\0\g_forceRegenTime\160\g_forcePowerDisable\0\g_forceBasedTeams\1\g_duelWeaponDisable\9\g_debugmelee\1\g_allowNPC\1\fs_game\lugormod\fraglimit\0\duel_fraglimit\10\dmflags\0\capturelimit\10\bot_minplayers\2\bg_fighterAltControl\0\Lugormod_Version\U#-0.0.0.91 Alpha
4-16-2021 21:26 (0:00): ClientConnect: 1
4-16-2021 21:26 (0:00): ClientUserinfoChanged handling info: 1 \team\0\skill\ 5.00\personality\botfiles/newkyle.jkb\saber2\none\saber1\kyle\color2\4\color1\1\sex\male\model\kyle\snaps\20\rate\25000\name\Kyle
4-16-2021 21:26 (0:00): ClientUserinfoChanged: 1 n\Kyle\t\0\model\kyle\c1\1\c2\4\hc\0\w\0\l\0\skill\ 5.00\tt\0\tl\0\siegeclass\none\st\Kyle\st2\none\dt\0\sdt\0
4-16-2021 21:26 (0:00): ClientUserinfoChanged handling info: 1 \team\0\skill\ 5.00\personality\botfiles/newkyle.jkb\saber2\none\saber1\kyle\color2\4\color1\1\sex\male\model\kyle\snaps\20\rate\25000\name\Kyle
4-16-2021 21:26 (0:00): ClientUserinfoChanged: 1 n\Kyle\t\0\model\kyle\c1\1\c2\4\hc\100\w\0\l\0\skill\ 5.00\tt\0\tl\0\siegeclass\none\st\Kyle\st2\none\dt\0\sdt\0
4-16-2021 21:26 (0:00): ClientBegin: 1
4-16-2021 21:26 (0:00): ClientConnect: 2
4-16-2021 21:26 (0:00): ClientUserinfoChanged handling info: 2 \ip\70.179.236.38:29070\char_color_blue\255\char_color_green\255\char_color_red\255\saber2\none\saber1\single_9\cg_predictItems\1\sex\1336631730\handicap\100\color2\4\color1\5\forcepowers\7-2-030330330000000333\model\shadowtrooper/default\snaps\20\rate\25000\name\^1[DKS]^7Myrrdraal^1[F]\teamtask\0\password\ctfpug\teamoverlay\1
4-16-2021 21:26 (0:00): ClientUserinfoChanged: 2 n\^1[DKS]^7Myrrdraal^1[F]\t\0\model\shadowtrooper/default\c1\5\c2\4\hc\0\w\0\l\0\tt\0\tl\0\st\single_9\st2\none\dt\0
4-16-2021 21:26 (0:07): ClientUserinfoChanged handling info: 2 \ip\70.179.236.38:29070\char_color_blue\255\char_color_green\255\char_color_red\255\saber2\none\saber1\single_9\cg_predictItems\1\sex\1336631730\handicap\100\color2\4\color1\5\forcepowers\7-2-030330330000000333\model\shadowtrooper/default\snaps\20\rate\25000\name\^1[DKS]^7Myrrdraal^1[F]\teamtask\0\password\ctfpug\teamoverlay\1
4-16-2021 21:26 (0:07): ClientUserinfoChanged: 2 n\^1[DKS]^7Myrrdraal^1[F]\t\0\model\shadowtrooper/default\c1\5\c2\4\hc\0\w\0\l\0\tt\0\tl\0\st\single_9\st2\none\dt\0
4-16-2021 21:26 (0:07): ClientUserinfoChanged handling info: 2 \ip\70.179.236.38:29070\char_color_blue\255\char_color_green\255\char_color_red\255\saber2\none\saber1\single_9\cg_predictItems\1\sex\1336631730\handicap\100\color2\4\color1\5\forcepowers\7-2-030330330000000333\model\shadowtrooper/default\snaps\20\rate\25000\name\^1[DKS]^7Myrrdraal^1[F]\teamtask\0\password\ctfpug\teamoverlay\1
4-16-2021 21:26 (0:07): ClientUserinfoChanged: 2 n\^1[DKS]^7Myrrdraal^1[F]\t\0\model\shadowtrooper/default\c1\5\c2\4\hc\100\w\0\l\0\tt\0\tl\0\st\single_9\st2\none\dt\0
4-16-2021 21:26 (0:07): ClientBegin: 2
4-16-2021 21:27 (1:14): Kill: 1 2 3: Kyle killed ^1[DKS]^7Myrrdraal^1[F] by MOD_SABER
4-16-2021 21:27 (1:14): duel: Kyle won a duel against ^1[DKS]^7Myrrdraal^1[F]
4-16-2021 21:27 (1:16): ClientUserinfoChanged handling info: 2 \ip\70.179.236.38:29070\char_color_blue\255\char_color_green\255\char_color_red\255\saber2\none\saber1\single_9\cg_predictItems\1\sex\1336631730\handicap\100\color2\4\color1\5\forcepowers\7-2-030330330000000333\model\shadowtrooper/default\snaps\20\rate\25000\name\^1[DKS]^7Myrrdraal^1[F]\teamtask\0\password\ctfpug\teamoverlay\1
4-16-2021 21:27 (1:16): ClientUserinfoChanged: 2 n\^1[DKS]^7Myrrdraal^1[F]\t\0\model\shadowtrooper/default\c1\5\c2\4\hc\100\w\0\l\0\tt\0\tl\0\st\single_9\st2\none\dt\0
4-16-2021 21:28 (2:16): Kill: 1 2 3: Kyle killed ^1[DKS]^7Myrrdraal^1[F] by MOD_SABER
4-16-2021 21:28 (2:16): duel: Kyle won a duel against ^1[DKS]^7Myrrdraal^1[F]
4-16-2021 21:28 (2:18): ClientUserinfoChanged handling info: 2 \ip\70.179.236.38:29070\char_color_blue\255\char_color_green\255\char_color_red\255\saber2\none\saber1\single_9\cg_predictItems\1\sex\1336631730\handicap\100\color2\4\color1\5\forcepowers\7-2-030330330000000333\model\shadowtrooper/default\snaps\20\rate\25000\name\^1[DKS]^7Myrrdraal^1[F]\teamtask\0\password\ctfpug\teamoverlay\1
4-16-2021 21:28 (2:18): ClientUserinfoChanged: 2 n\^1[DKS]^7Myrrdraal^1[F]\t\0\model\shadowtrooper/default\c1\5\c2\4\hc\100\w\0\l\0\tt\0\tl\0\st\single_9\st2\none\dt\0
4-16-2021 21:29 (3:45): Kill: 1 2 3: Kyle killed ^1[DKS]^7Myrrdraal^1[F] by MOD_SABER
4-16-2021 21:29 (3:45): duel: Kyle won a duel against ^1[DKS]^7Myrrdraal^1[F]
4-16-2021 21:29 (3:46): ClientUserinfoChanged handling info: 2 \ip\70.179.236.38:29070\char_color_blue\255\char_color_green\255\char_color_red\255\saber2\none\saber1\single_9\cg_predictItems\1\sex\1336631730\handicap\100\color2\4\color1\5\forcepowers\7-2-030330330000000333\model\shadowtrooper/default\snaps\20\rate\25000\name\^1[DKS]^7Myrrdraal^1[F]\teamtask\0\password\ctfpug\teamoverlay\1
4-16-2021 21:29 (3:46): ClientUserinfoChanged: 2 n\^1[DKS]^7Myrrdraal^1[F]\t\0\model\shadowtrooper/default\c1\5\c2\4\hc\100\w\0\l\0\tt\0\tl\0\st\single_9\st2\none\dt\0
4-16-2021 21:31 (5:02): Kill: 2 1 3: ^1[DKS]^7Myrrdraal^1[F] killed Kyle by MOD_SABER
4-16-2021 21:31 (5:03): ClientUserinfoChanged handling info: 1 \team\0\skill\ 5.00\personality\botfiles/newkyle.jkb\saber2\none\saber1\kyle\color2\4\color1\1\sex\male\model\kyle\snaps\20\rate\25000\name\Kyle
4-16-2021 21:31 (5:03): ClientUserinfoChanged: 1 n\Kyle\t\0\model\kyle\c1\1\c2\4\hc\100\w\0\l\0\skill\ 5.00\tt\0\tl\0\siegeclass\none\st\Kyle\st2\none\dt\0\sdt\0
4-16-2021 21:32 (6:24): Kill: 1 2 3: Kyle killed ^1[DKS]^7Myrrdraal^1[F] by MOD_SABER
4-16-2021 21:32 (6:27): ClientUserinfoChanged handling info: 2 \ip\70.179.236.38:29070\char_color_blue\255\char_color_green\255\char_color_red\255\saber2\none\saber1\single_9\cg_predictItems\1\sex\1336631730\handicap\100\color2\4\color1\5\forcepowers\7-2-030330330000000333\model\shadowtrooper/default\snaps\20\rate\25000\name\^1[DKS]^7Myrrdraal^1[F]\teamtask\0\password\ctfpug\teamoverlay\1
4-16-2021 21:32 (6:27): ClientUserinfoChanged: 2 n\^1[DKS]^7Myrrdraal^1[F]\t\0\model\shadowtrooper/default\c1\5\c2\4\hc\100\w\0\l\0\tt\0\tl\0\st\single_9\st2\none\dt\0
4-16-2021 21:34 (7:58): Kill: 2 1 3: ^1[DKS]^7Myrrdraal^1[F] killed Kyle by MOD_SABER
4-16-2021 21:34 (7:58): duel: ^1[DKS]^7Myrrdraal^1[F] won a duel against Kyle
4-16-2021 21:34 (7:59): ClientUserinfoChanged handling info: 1 \team\0\skill\ 5.00\personality\botfiles/newkyle.jkb\saber2\none\saber1\kyle\color2\4\color1\1\sex\male\model\kyle\snaps\20\rate\25000\name\Kyle
4-16-2021 21:34 (7:59): ClientUserinfoChanged: 1 n\Kyle\t\0\model\kyle\c1\1\c2\4\hc\100\w\0\l\0\skill\ 5.00\tt\0\tl\0\siegeclass\none\st\Kyle\st2\none\dt\0\sdt\0
4-16-2021 21:35 (9:20): Kill: 2 1 3: ^1[DKS]^7Myrrdraal^1[F] killed Kyle by MOD_SABER
4-16-2021 21:35 (9:21): ClientUserinfoChanged handling info: 1 \team\0\skill\ 5.00\personality\botfiles/newkyle.jkb\saber2\none\saber1\kyle\color2\4\color1\1\sex\male\model\kyle\snaps\20\rate\25000\name\Kyle
4-16-2021 21:35 (9:21): ClientUserinfoChanged: 1 n\Kyle\t\0\model\kyle\c1\1\c2\4\hc\100\w\0\l\0\skill\ 5.00\tt\0\tl\0\siegeclass\none\st\Kyle\st2\none\dt\0\sdt\0
4-16-2021 21:35 (9:43): ClientDisconnect: 2
4-16-2021 21:35 (9:52): ClientConnect: 0
4-16-2021 21:35 (9:52): ClientUserinfoChanged handling info: 0 \team\0\skill\ 5.00\personality\botfiles/astupidbot.jkb\saber2\none\saber1\kyle\color2\4\color1\4\sex\male\model\jawa\snaps\20\rate\25000\name\astupidbot
4-16-2021 21:35 (9:52): ClientUserinfoChanged: 0 n\astupidbot\t\0\model\jawa\c1\4\c2\4\hc\0\w\0\l\0\skill\ 5.00\tt\0\tl\0\siegeclass\none\st\\st2\\dt\0\sdt\0
4-16-2021 21:35 (9:52): IP: localhost astupidbot
4-16-2021 21:35 (9:52): ClientUserinfoChanged handling info: 0 \team\0\skill\ 5.00\personality\botfiles/astupidbot.jkb\saber2\none\saber1\kyle\color2\4\color1\4\sex\male\model\jawa\snaps\20\rate\25000\name\astupidbot
4-16-2021 21:35 (9:52): ClientUserinfoChanged: 0 n\astupidbot\t\0\model\jawa\c1\4\c2\4\hc\100\w\0\l\0\skill\ 5.00\tt\0\tl\0\siegeclass\none\st\Kyle\st2\none\dt\0\sdt\0
4-16-2021 21:35 (9:52): ClientBegin: 0
4-16-2021 22:11 (45:00): Exit: Timelimit hit.
4-16-2021 22:11 (45:00): score: 4  ping: 58  client: 1 Kyle
4-16-2021 22:11 (45:00): score: 0  ping: 43  client: 0 astupidbot
4-17-2021 4:40 (434:21): ClientConnect: 2
4-17-2021 4:40 (434:21): ClientUserinfoChanged handling info: 2 \ip\177.87.106.193:17940\challenge\794685519\qport\20316\protocol\26\cg_predictItems\1\char_color_blue\21\char_color_green\48\char_color_red\165\color1\2\color2\1\forcepowers\7-1-032330000000001333\handicap\100\model\jedi_hf/head_c1|torso_a1|lower_b1\name\Padawan\rate\5000\saber1\single_5\saber2\none\sex\male\snaps\40\ja_guid\EE3B23A5AE799EDDFCC6B98D8A1CDDF1
4-17-2021 4:40 (434:21): ClientUserinfoChanged: 2 n\Padawan\t\0\model\jedi_hf/head_c1|torso_a1|lower_b1\c1\2\c2\1\hc\0\w\0\l\0\tt\0\tl\0\st\\st2\\dt\0
4-17-2021 4:40 (434:21): IP: 177.87.106.193 Padawan
4-17-2021 4:40 (434:49): ClientUserinfoChanged handling info: 2 \ip\177.87.106.193:17940\cg_predictItems\1\char_color_blue\21\char_color_green\48\char_color_red\165\color1\2\color2\1\forcepowers\7-1-032330000000001333\handicap\100\model\jedi_hf/head_c1|torso_a1|lower_b1\name\Padawan\rate\5000\saber1\single_5\saber2\none\sex\male\snaps\40\ja_guid\EE3B23A5AE799EDDFCC6B98D8A1CDDF1\teamoverlay\0
4-17-2021 4:40 (434:49): ClientUserinfoChanged: 2 n\Padawan\t\0\model\jedi_hf/head_c1|torso_a1|lower_b1\c1\2\c2\1\hc\0\w\0\l\0\tt\0\tl\0\st\single_5\st2\none\dt\0
4-17-2021 4:40 (434:49): ClientUserinfoChanged handling info: 2 \ip\177.87.106.193:17940\cg_predictItems\1\char_color_blue\21\char_color_green\48\char_color_red\165\color1\2\color2\1\forcepowers\7-1-032330000000001333\handicap\100\model\jedi_hf/head_c1|torso_a1|lower_b1\name\Padawan\rate\5000\saber1\single_5\saber2\none\sex\male\snaps\40\ja_guid\EE3B23A5AE799EDDFCC6B98D8A1CDDF1\teamoverlay\0
4-17-2021 4:40 (434:49): ClientUserinfoChanged: 2 n\Padawan\t\0\model\jedi_hf/head_c1|torso_a1|lower_b1\c1\2\c2\1\hc\100\w\0\l\0\tt\0\tl\0\st\single_5\st2\none\dt\0
4-17-2021 4:40 (434:49): ClientBegin: 2
4-17-2021 4:41 (435:07): ClientDisconnect: 2
4-18-2021 1:26 (1680:22): ClientConnect: 2
4-18-2021 1:26 (1680:22): ClientUserinfoChanged handling info: 2 \ip\136.49.101.98:29070\challenge\-724806665\qport\60804\protocol\26\snaps\40\sex\male\saber2\none\saber1\Kyle\rate\25000\name\Padawan\model\kyle/default\ja_guid\2DCE83327607D92FB0F3BD521CB56E2A\handicap\100\forcepowers\7-1-032330000000001333\color2\4\color1\4\char_color_red\255\char_color_green\255\char_color_blue\255\cg_predictItems\1
4-18-2021 1:26 (1680:22): ClientUserinfoChanged: 2 n\Padawan\t\0\model\kyle/default\c1\4\c2\4\hc\0\w\0\l\0\tt\0\tl\0\st\\st2\\dt\0
4-18-2021 1:26 (1680:22): IP: 136.49.101.98 Padawan
4-18-2021 1:26 (1680:33): ClientUserinfoChanged handling info: 2 \ip\136.49.101.98:29070\snaps\40\sex\male\saber2\none\saber1\Kyle\rate\25000\name\Padawan\model\kyle/default\ja_guid\2DCE83327607D92FB0F3BD521CB56E2A\handicap\100\forcepowers\7-1-032330000000001333\color2\4\color1\4\char_color_red\255\char_color_green\255\char_color_blue\255\cg_predictItems\1\teamoverlay\0
4-18-2021 1:26 (1680:33): ClientUserinfoChanged: 2 n\Padawan\t\0\model\kyle/default\c1\4\c2\4\hc\0\w\0\l\0\tt\0\tl\0\st\Kyle\st2\none\dt\0
4-18-2021 1:26 (1680:33): ClientUserinfoChanged handling info: 2 \ip\136.49.101.98:29070\snaps\40\sex\male\saber2\none\saber1\Kyle\rate\25000\name\Padawan\model\kyle/default\ja_guid\2DCE83327607D92FB0F3BD521CB56E2A\handicap\100\forcepowers\7-1-032330000000001333\color2\4\color1\4\char_color_red\255\char_color_green\255\char_color_blue\255\cg_predictItems\1\teamoverlay\0
4-18-2021 1:26 (1680:33): ClientUserinfoChanged: 2 n\Padawan\t\0\model\kyle/default\c1\4\c2\4\hc\100\w\0\l\0\tt\0\tl\0\st\Kyle\st2\none\dt\0
4-18-2021 1:26 (1680:33): ClientBegin: 2
4-18-2021 1:26 (1680:34): ShutdownGame:
4-18-2021 1:26 (1680:34): ------------------------------------------------------------
