6-28-2021 15: 4 (1017:02): ------------------------------------------------------------
6-28-2021 15: 4 (1017:02): InitGame: \version\JAmp: v1.0.1.0 linux-i386 Mar 14 2020\timelimit\45\sv_privateClients\0\sv_minRate\0\sv_minPing\0\sv_maxclients\32\sv_maxRate\0\sv_maxPing\999\sv_hostname\^7~^1~^7~ COMM SERVER ~^1~^7~\sv_fps\50\sv_floodProtectSlow\1\sv_floodProtect\1\sv_autoDemo\0\sv_allowDownload\0\serveruptime\189\protocol\26\mapname\academy6\gamename\Lugormod\g_weaponDisable\0\g_stepSlideFix\0\g_siegeTeamSwitch\1\g_siegeTeam2\none\g_siegeTeam1\none\g_siegeRespawn\20\g_showDuelHealths\1\g_saberWallDamageScale\0.4\g_saberLocking\0\g_privateDuel\1535\g_noSpecMove\0\g_needpass\0\g_maxHolocronCarry\3\g_maxGameClients\0\g_maxForceRank\7\g_jediVmerc\0\g_gametype\0\g_gamemode\0\g_forceRegenTime\160\g_forcePowerDisable\0\g_forceBasedTeams\1\g_duelWeaponDisable\9\g_debugmelee\1\g_allowNPC\1\fs_game\lugormod\fraglimit\0\duel_fraglimit\10\dmflags\0\capturelimit\10\bot_minplayers\2\bg_fighterAltControl\0\Lugormod_Version\U#-0.0.0.91 Alpha
6-28-2021 15: 4 (1017:02): ClientConnect: 1
6-28-2021 15: 4 (1017:02): ClientUserinfoChanged handling info: 1 \team\0\skill\ 5.00\personality\botfiles/newkyle.jkb\saber2\none\saber1\kyle\color2\4\color1\1\sex\male\model\kyle\snaps\20\rate\25000\name\Kyle
6-28-2021 15: 4 (1017:02): ClientUserinfoChanged: 1 n\Kyle\t\0\model\kyle\c1\1\c2\4\hc\0\w\0\l\0\skill\ 5.00\tt\0\tl\0\siegeclass\none\st\Kyle\st2\none\dt\0\sdt\0
6-28-2021 15: 4 (1017:02): ClientUserinfoChanged handling info: 1 \team\0\skill\ 5.00\personality\botfiles/newkyle.jkb\saber2\none\saber1\kyle\color2\4\color1\1\sex\male\model\kyle\snaps\20\rate\25000\name\Kyle
6-28-2021 15: 4 (1017:02): ClientUserinfoChanged: 1 n\Kyle\t\0\model\kyle\c1\1\c2\4\hc\100\w\0\l\0\skill\ 5.00\tt\0\tl\0\siegeclass\none\st\Kyle\st2\none\dt\0\sdt\0
6-28-2021 15: 4 (1017:02): ClientBegin: 1
6-28-2021 15: 4 (1017:02): ClientConnect: 2
6-28-2021 15: 4 (1017:02): ClientUserinfoChanged handling info: 2 \ip\70.49.38.159:29070\char_color_blue\255\char_color_green\255\char_color_red\255\saber2\none\saber1\single_1\cg_predictItems\1\sex\male\handicap\100\color2\3\color1\3\forcepowers\7-2-033330310000001333\model\luke/default\snaps\20\rate\4000\name\ak69magnum\teamtask\0\teamoverlay\1
6-28-2021 15: 4 (1017:02): ClientUserinfoChanged: 2 n\ak69magnum\t\0\model\luke/default\c1\3\c2\3\hc\0\w\0\l\0\tt\0\tl\0\st\single_1\st2\none\dt\0
6-28-2021 15: 4 (1017:02): ClientUserinfoChanged handling info: 2 \ip\70.49.38.159:29070\char_color_blue\255\char_color_green\255\char_color_red\255\saber2\none\saber1\single_1\cg_predictItems\1\sex\male\handicap\100\color2\3\color1\3\forcepowers\7-2-033330310000001333\model\luke/default\snaps\20\rate\4000\name\ak69magnum\teamtask\0\teamoverlay\1
6-28-2021 15: 4 (1017:02): ClientUserinfoChanged: 2 n\ak69magnum\t\0\model\luke/default\c1\3\c2\3\hc\0\w\0\l\0\tt\0\tl\0\st\single_1\st2\none\dt\0
6-28-2021 15: 4 (1017:02): ClientUserinfoChanged handling info: 2 \ip\70.49.38.159:29070\char_color_blue\255\char_color_green\255\char_color_red\255\saber2\none\saber1\single_1\cg_predictItems\1\sex\male\handicap\100\color2\3\color1\3\forcepowers\7-2-033330310000001333\model\luke/default\snaps\20\rate\4000\name\ak69magnum\teamtask\0\teamoverlay\1
6-28-2021 15: 4 (1017:02): ClientUserinfoChanged: 2 n\ak69magnum\t\0\model\luke/default\c1\3\c2\3\hc\100\w\0\l\0\tt\0\tl\0\st\single_1\st2\none\dt\0
6-28-2021 15: 4 (1017:02): ClientBegin: 2
6-28-2021 15: 5 (1017:53): say: ak69magnum: i dont get this lol
6-28-2021 15: 5 (1018:02): say: ak69magnum: you guys just act like that why 
6-28-2021 15: 6 (1018:21): say: ak69magnum: has this game become that boring to you 
6-28-2021 15: 6 (1018:29): say: Kyle: Come on Akggmagnum
6-28-2021 15: 6 (1018:38): say: ak69magnum: you have merged with game mentally 
6-28-2021 15: 6 (1018:50): say: ak69magnum: bots dont stop to type
6-28-2021 15: 7 (1019:16): say: ak69magnum: who is the for like if no one was here would you keep doing this 
6-28-2021 15: 8 (1020:20): say: Kyle: Quit laming Akggmagnum!
6-28-2021 15: 9 (1022:00): Kill: 2 1 3: ak69magnum killed Kyle by MOD_SABER
6-28-2021 15: 9 (1022:01): ClientUserinfoChanged handling info: 1 \team\0\skill\ 5.00\personality\botfiles/newkyle.jkb\saber2\none\saber1\kyle\color2\4\color1\1\sex\male\model\kyle\snaps\20\rate\25000\name\Kyle
6-28-2021 15: 9 (1022:01): ClientUserinfoChanged: 1 n\Kyle\t\0\model\kyle\c1\1\c2\4\hc\100\w\0\l\0\skill\ 5.00\tt\0\tl\0\siegeclass\none\st\Kyle\st2\none\dt\0\sdt\0
6-28-2021 15: 9 (1022:01): say: Kyle: Lamer
6-28-2021 15:10 (1022:12): say: ak69magnum: bot boy
6-28-2021 15:10 (1022:40): Kill: 2 1 3: ak69magnum killed Kyle by MOD_SABER
6-28-2021 15:10 (1022:42): ClientUserinfoChanged handling info: 1 \team\0\skill\ 5.00\personality\botfiles/newkyle.jkb\saber2\none\saber1\kyle\color2\4\color1\1\sex\male\model\kyle\snaps\20\rate\25000\name\Kyle
6-28-2021 15:10 (1022:42): ClientUserinfoChanged: 1 n\Kyle\t\0\model\kyle\c1\1\c2\4\hc\100\w\0\l\0\skill\ 5.00\tt\0\tl\0\siegeclass\none\st\Kyle\st2\none\dt\0\sdt\0
6-28-2021 15:10 (1022:42): say: Kyle: Lamer
6-28-2021 15:10 (1023:05): Kill: 2 1 3: ak69magnum killed Kyle by MOD_SABER
6-28-2021 15:10 (1023:06): ClientUserinfoChanged handling info: 1 \team\0\skill\ 5.00\personality\botfiles/newkyle.jkb\saber2\none\saber1\kyle\color2\4\color1\1\sex\male\model\kyle\snaps\20\rate\25000\name\Kyle
6-28-2021 15:10 (1023:06): ClientUserinfoChanged: 1 n\Kyle\t\0\model\kyle\c1\1\c2\4\hc\100\w\0\l\0\skill\ 5.00\tt\0\tl\0\siegeclass\none\st\Kyle\st2\none\dt\0\sdt\0
6-28-2021 15:11 (1023:55): Kill: 2 1 3: ak69magnum killed Kyle by MOD_SABER
6-28-2021 15:11 (1023:56): ClientUserinfoChanged handling info: 1 \team\0\skill\ 5.00\personality\botfiles/newkyle.jkb\saber2\none\saber1\kyle\color2\4\color1\1\sex\male\model\kyle\snaps\20\rate\25000\name\Kyle
6-28-2021 15:11 (1023:56): ClientUserinfoChanged: 1 n\Kyle\t\0\model\kyle\c1\1\c2\4\hc\100\w\0\l\0\skill\ 5.00\tt\0\tl\0\siegeclass\none\st\Kyle\st2\none\dt\0\sdt\0
6-28-2021 15:11 (1024:02): say: ak69magnum: you suck kyle
6-28-2021 15:11 (1024:04): say: Kyle: shut up Akggmagnum!
6-28-2021 15:12 (1024:18): say: ak69magnum: lol says everybot
6-28-2021 15:12 (1024:27): Kill: 2 1 3: ak69magnum killed Kyle by MOD_SABER
6-28-2021 15:12 (1024:29): ClientUserinfoChanged handling info: 1 \team\0\skill\ 5.00\personality\botfiles/newkyle.jkb\saber2\none\saber1\kyle\color2\4\color1\1\sex\male\model\kyle\snaps\20\rate\25000\name\Kyle
6-28-2021 15:12 (1024:29): ClientUserinfoChanged: 1 n\Kyle\t\0\model\kyle\c1\1\c2\4\hc\100\w\0\l\0\skill\ 5.00\tt\0\tl\0\siegeclass\none\st\Kyle\st2\none\dt\0\sdt\0
6-28-2021 15:12 (1024:29): say: Kyle: Lamer
6-28-2021 15:12 (1024:50): Kill: 2 1 3: ak69magnum killed Kyle by MOD_SABER
6-28-2021 15:12 (1024:53): ClientUserinfoChanged handling info: 1 \team\0\skill\ 5.00\personality\botfiles/newkyle.jkb\saber2\none\saber1\kyle\color2\4\color1\1\sex\male\model\kyle\snaps\20\rate\25000\name\Kyle
6-28-2021 15:12 (1024:53): ClientUserinfoChanged: 1 n\Kyle\t\0\model\kyle\c1\1\c2\4\hc\100\w\0\l\0\skill\ 5.00\tt\0\tl\0\siegeclass\none\st\Kyle\st2\none\dt\0\sdt\0
6-28-2021 15:12 (1024:53): say: Kyle: You suck Akggmagnum.
6-28-2021 15:12 (1025:03): say: ak69magnum: no that what you do 
6-28-2021 15:13 (1025:09): say: ak69magnum: suck jedi wang
6-28-2021 15:13 (1025:18): Kill: 2 1 3: ak69magnum killed Kyle by MOD_SABER
6-28-2021 15:13 (1025:20): ClientUserinfoChanged handling info: 1 \team\0\skill\ 5.00\personality\botfiles/newkyle.jkb\saber2\none\saber1\kyle\color2\4\color1\1\sex\male\model\kyle\snaps\20\rate\25000\name\Kyle
6-28-2021 15:13 (1025:20): ClientUserinfoChanged: 1 n\Kyle\t\0\model\kyle\c1\1\c2\4\hc\100\w\0\l\0\skill\ 5.00\tt\0\tl\0\siegeclass\none\st\Kyle\st2\none\dt\0\sdt\0
6-28-2021 15:13 (1025:20): say: Kyle: Lamer
6-28-2021 15:13 (1025:41): say: ak69magnum: whos lamer the guy jumping like a half wit or me trying to have some sort of fun 
6-28-2021 15:13 (1025:54): Kill: 2 1 3: ak69magnum killed Kyle by MOD_SABER
6-28-2021 15:13 (1025:57): ClientUserinfoChanged handling info: 1 \team\0\skill\ 5.00\personality\botfiles/newkyle.jkb\saber2\none\saber1\kyle\color2\4\color1\1\sex\male\model\kyle\snaps\20\rate\25000\name\Kyle
6-28-2021 15:13 (1025:57): ClientUserinfoChanged: 1 n\Kyle\t\0\model\kyle\c1\1\c2\4\hc\100\w\0\l\0\skill\ 5.00\tt\0\tl\0\siegeclass\none\st\Kyle\st2\none\dt\0\sdt\0
6-28-2021 15:13 (1025:57): say: Kyle: You suck Akggmagnum.
6-28-2021 15:13 (1026:06): say: ak69magnum: you stole my line !
6-28-2021 15:15 (1027:16): Kill: 2 1 3: ak69magnum killed Kyle by MOD_SABER
6-28-2021 15:15 (1027:17): ClientUserinfoChanged handling info: 1 \team\0\skill\ 5.00\personality\botfiles/newkyle.jkb\saber2\none\saber1\kyle\color2\4\color1\1\sex\male\model\kyle\snaps\20\rate\25000\name\Kyle
6-28-2021 15:15 (1027:17): ClientUserinfoChanged: 1 n\Kyle\t\0\model\kyle\c1\1\c2\4\hc\100\w\0\l\0\skill\ 5.00\tt\0\tl\0\siegeclass\none\st\Kyle\st2\none\dt\0\sdt\0
6-28-2021 15:15 (1027:17): say: Kyle: Lamer
6-28-2021 15:15 (1027:38): say: ak69magnum: how does one not be a lamer not killing people
6-28-2021 15:16 (1028:13): Kill: 2 1 3: ak69magnum killed Kyle by MOD_SABER
6-28-2021 15:16 (1028:15): ClientUserinfoChanged handling info: 1 \team\0\skill\ 5.00\personality\botfiles/newkyle.jkb\saber2\none\saber1\kyle\color2\4\color1\1\sex\male\model\kyle\snaps\20\rate\25000\name\Kyle
6-28-2021 15:16 (1028:15): ClientUserinfoChanged: 1 n\Kyle\t\0\model\kyle\c1\1\c2\4\hc\100\w\0\l\0\skill\ 5.00\tt\0\tl\0\siegeclass\none\st\Kyle\st2\none\dt\0\sdt\0
6-28-2021 15:16 (1028:15): say: Kyle: Lamer
6-28-2021 15:16 (1028:48): Kill: 1 2 3: Kyle killed ak69magnum by MOD_SABER
6-28-2021 15:16 (1028:49): ClientUserinfoChanged handling info: 2 \ip\70.49.38.159:29070\char_color_blue\255\char_color_green\255\char_color_red\255\saber2\none\saber1\single_1\cg_predictItems\1\sex\male\handicap\100\color2\3\color1\3\forcepowers\7-2-033330310000001333\model\luke/default\snaps\20\rate\4000\name\ak69magnum\teamtask\0\teamoverlay\1
6-28-2021 15:16 (1028:49): ClientUserinfoChanged: 2 n\ak69magnum\t\0\model\luke/default\c1\3\c2\3\hc\100\w\0\l\0\tt\0\tl\0\st\single_1\st2\none\dt\0
6-28-2021 15:16 (1028:50): say: Kyle: You suck Akggmagnum!!
6-28-2021 15:16 (1028:59): say: ak69magnum: this is fkd
6-28-2021 15:16 (1029:06): say: ak69magnum: what happend to u guys 
6-28-2021 15:17 (1029:29): say: ak69magnum: i did this last night with astupid bot last night and as soon as he sees me he left
6-28-2021 15:18 (1030:34): Kill: 2 1 3: ak69magnum killed Kyle by MOD_SABER
6-28-2021 15:18 (1030:34): duel: ak69magnum won a duel against Kyle
6-28-2021 15:18 (1030:35): ClientUserinfoChanged handling info: 1 \team\0\skill\ 5.00\personality\botfiles/newkyle.jkb\saber2\none\saber1\kyle\color2\4\color1\1\sex\male\model\kyle\snaps\20\rate\25000\name\Kyle
6-28-2021 15:18 (1030:35): ClientUserinfoChanged: 1 n\Kyle\t\0\model\kyle\c1\1\c2\4\hc\100\w\0\l\0\skill\ 5.00\tt\0\tl\0\siegeclass\none\st\Kyle\st2\none\dt\0\sdt\0
6-28-2021 15:18 (1030:49): say: Kyle: Hey!
6-28-2021 15:18 (1030:59): ClientDisconnect: 2
6-28-2021 15:19 (1031:12): ClientConnect: 0
6-28-2021 15:19 (1031:12): ClientUserinfoChanged handling info: 0 \team\0\skill\ 5.00\personality\botfiles/astupidbot.jkb\saber2\none\saber1\kyle\color2\4\color1\4\sex\male\model\jawa\snaps\20\rate\25000\name\astupidbot
6-28-2021 15:19 (1031:12): ClientUserinfoChanged: 0 n\astupidbot\t\0\model\jawa\c1\4\c2\4\hc\0\w\0\l\0\skill\ 5.00\tt\0\tl\0\siegeclass\none\st\\st2\\dt\0\sdt\0
6-28-2021 15:19 (1031:12): IP: localhost astupidbot
6-28-2021 15:19 (1031:12): ClientUserinfoChanged handling info: 0 \team\0\skill\ 5.00\personality\botfiles/astupidbot.jkb\saber2\none\saber1\kyle\color2\4\color1\4\sex\male\model\jawa\snaps\20\rate\25000\name\astupidbot
6-28-2021 15:19 (1031:12): ClientUserinfoChanged: 0 n\astupidbot\t\0\model\jawa\c1\4\c2\4\hc\100\w\0\l\0\skill\ 5.00\tt\0\tl\0\siegeclass\none\st\Kyle\st2\none\dt\0\sdt\0
6-28-2021 15:19 (1031:12): ClientBegin: 0
6-28-2021 15:49 (1062:02): Exit: Timelimit hit.
6-28-2021 15:49 (1062:02): score: 1  ping: 50  client: 1 Kyle
6-28-2021 15:49 (1062:02): score: 0  ping: 41  client: 0 astupidbot
6-28-2021 15:59 (1071:43): ClientConnect: 2
6-28-2021 15:59 (1071:43): ClientUserinfoChanged handling info: 2 \ip\170.84.28.229:29070\challenge\1210959231\qport\26765\protocol\26\char_color_blue\18\char_color_green\78\char_color_red\178\saber2\single_1\saber1\single_1\cg_predictItems\1\sex\male\handicap\100\color2\1\color1\0\forcepowers\7-1-032330000000001333\model\jedi_hm/head_b1|torso_b1|lower_d1\snaps\20\rate\4000\name\Padawan\teamtask\0
6-28-2021 15:59 (1071:43): ClientUserinfoChanged: 2 n\Padawan\t\0\model\jedi_hm/head_b1|torso_b1|lower_d1\c1\0\c2\1\hc\0\w\0\l\0\tt\0\tl\0\st\\st2\\dt\0
6-28-2021 15:59 (1071:43): IP: 170.84.28.229 Padawan
6-28-2021 15:59 (1071:43): say: astupidbot: Hi
6-28-2021 15:59 (1072:05): ClientUserinfoChanged handling info: 2 \ip\170.84.28.229:29070\char_color_blue\18\char_color_green\78\char_color_red\178\saber2\single_1\saber1\single_1\cg_predictItems\1\sex\male\handicap\100\color2\1\color1\0\forcepowers\7-1-032330000000001333\model\jedi_hm/head_b1|torso_b1|lower_d1\snaps\20\rate\4000\name\Padawan\teamtask\0\teamoverlay\1
6-28-2021 15:59 (1072:05): ClientUserinfoChanged: 2 n\Padawan\t\0\model\jedi_hm/head_b1|torso_b1|lower_d1\c1\0\c2\1\hc\0\w\0\l\0\tt\0\tl\0\st\single_1\st2\single_1\dt\0
6-28-2021 15:59 (1072:05): ClientUserinfoChanged handling info: 2 \ip\170.84.28.229:29070\char_color_blue\18\char_color_green\78\char_color_red\178\saber2\single_1\saber1\single_1\cg_predictItems\1\sex\male\handicap\100\color2\1\color1\0\forcepowers\7-1-032330000000001333\model\jedi_hm/head_b1|torso_b1|lower_d1\snaps\20\rate\4000\name\Padawan\teamtask\0\teamoverlay\1
6-28-2021 15:59 (1072:05): ClientUserinfoChanged: 2 n\Padawan\t\0\model\jedi_hm/head_b1|torso_b1|lower_d1\c1\0\c2\1\hc\100\w\0\l\0\tt\0\tl\0\st\single_1\st2\single_1\dt\0
6-28-2021 15:59 (1072:05): ClientBegin: 2
6-28-2021 16: 0 (1072:12): ShutdownGame:
6-28-2021 16: 0 (1072:12): ------------------------------------------------------------
6-28-2021 16: 0 (1072:12): ------------------------------------------------------------
6-28-2021 16: 0 (1072:12): InitGame: \version\JAmp: v1.0.1.0 linux-i386 Mar 14 2020\timelimit\45\sv_privateClients\0\sv_minRate\0\sv_minPing\0\sv_maxclients\32\sv_maxRate\0\sv_maxPing\999\sv_hostname\^7~^1~^7~ COMM SERVER ~^1~^7~\sv_fps\50\sv_floodProtectSlow\1\sv_floodProtect\1\sv_autoDemo\0\sv_allowDownload\0\serveruptime\189\protocol\26\mapname\academy6\gamename\Lugormod\g_weaponDisable\0\g_stepSlideFix\0\g_siegeTeamSwitch\1\g_siegeTeam2\none\g_siegeTeam1\none\g_siegeRespawn\20\g_showDuelHealths\1\g_saberWallDamageScale\0.4\g_saberLocking\0\g_privateDuel\1535\g_noSpecMove\0\g_needpass\0\g_maxHolocronCarry\3\g_maxGameClients\0\g_maxForceRank\7\g_jediVmerc\0\g_gametype\0\g_gamemode\0\g_forceRegenTime\160\g_forcePowerDisable\0\g_forceBasedTeams\1\g_duelWeaponDisable\9\g_debugmelee\1\g_allowNPC\1\fs_game\lugormod\fraglimit\0\duel_fraglimit\10\dmflags\0\capturelimit\10\bot_minplayers\2\bg_fighterAltControl\0\Lugormod_Version\U#-0.0.0.91 Alpha
6-28-2021 16: 0 (1072:13): ClientConnect: 0
6-28-2021 16: 0 (1072:13): ClientUserinfoChanged handling info: 0 \team\0\skill\ 5.00\personality\botfiles/astupidbot.jkb\saber2\none\saber1\kyle\color2\4\color1\4\sex\male\model\jawa\snaps\20\rate\25000\name\astupidbot
6-28-2021 16: 0 (1072:13): ClientUserinfoChanged: 0 n\astupidbot\t\0\model\jawa\c1\4\c2\4\hc\0\w\0\l\0\skill\ 5.00\tt\0\tl\0\siegeclass\none\st\Kyle\st2\none\dt\0\sdt\0
6-28-2021 16: 0 (1072:13): ClientUserinfoChanged handling info: 0 \team\0\skill\ 5.00\personality\botfiles/astupidbot.jkb\saber2\none\saber1\kyle\color2\4\color1\4\sex\male\model\jawa\snaps\20\rate\25000\name\astupidbot
6-28-2021 16: 0 (1072:13): ClientUserinfoChanged: 0 n\astupidbot\t\0\model\jawa\c1\4\c2\4\hc\100\w\0\l\0\skill\ 5.00\tt\0\tl\0\siegeclass\none\st\Kyle\st2\none\dt\0\sdt\0
6-28-2021 16: 0 (1072:13): ClientBegin: 0
6-28-2021 16: 0 (1072:13): ClientConnect: 1
6-28-2021 16: 0 (1072:13): ClientUserinfoChanged handling info: 1 \team\0\skill\ 5.00\personality\botfiles/newkyle.jkb\saber2\none\saber1\kyle\color2\4\color1\1\sex\male\model\kyle\snaps\20\rate\25000\name\Kyle
6-28-2021 16: 0 (1072:13): ClientUserinfoChanged: 1 n\Kyle\t\0\model\kyle\c1\1\c2\4\hc\0\w\0\l\0\skill\ 5.00\tt\0\tl\0\siegeclass\none\st\Kyle\st2\none\dt\0\sdt\0
6-28-2021 16: 0 (1072:13): ClientUserinfoChanged handling info: 1 \team\0\skill\ 5.00\personality\botfiles/newkyle.jkb\saber2\none\saber1\kyle\color2\4\color1\1\sex\male\model\kyle\snaps\20\rate\25000\name\Kyle
6-28-2021 16: 0 (1072:13): ClientUserinfoChanged: 1 n\Kyle\t\0\model\kyle\c1\1\c2\4\hc\100\w\0\l\0\skill\ 5.00\tt\0\tl\0\siegeclass\none\st\Kyle\st2\none\dt\0\sdt\0
6-28-2021 16: 0 (1072:13): ClientBegin: 1
6-28-2021 16: 0 (1072:13): ClientConnect: 2
6-28-2021 16: 0 (1072:13): ClientUserinfoChanged handling info: 2 \ip\170.84.28.229:29070\char_color_blue\18\char_color_green\78\char_color_red\178\saber2\single_1\saber1\single_1\cg_predictItems\1\sex\male\handicap\100\color2\1\color1\0\forcepowers\7-1-032330000000001333\model\jedi_hm/head_b1|torso_b1|lower_d1\snaps\20\rate\4000\name\Padawan\teamtask\0\teamoverlay\1
6-28-2021 16: 0 (1072:13): ClientUserinfoChanged: 2 n\Padawan\t\0\model\jedi_hm/head_b1|torso_b1|lower_d1\c1\0\c2\1\hc\0\w\0\l\0\tt\0\tl\0\st\single_1\st2\single_1\dt\0
6-28-2021 16: 0 (1072:13): ClientUserinfoChanged handling info: 2 \ip\170.84.28.229:29070\char_color_blue\18\char_color_green\78\char_color_red\178\saber2\single_1\saber1\single_1\cg_predictItems\1\sex\male\handicap\100\color2\1\color1\0\forcepowers\7-1-032330000000001333\model\jedi_hm/head_b1|torso_b1|lower_d1\snaps\20\rate\4000\name\Padawan\teamtask\0\teamoverlay\1
6-28-2021 16: 0 (1072:13): ClientUserinfoChanged: 2 n\Padawan\t\0\model\jedi_hm/head_b1|torso_b1|lower_d1\c1\0\c2\1\hc\0\w\0\l\0\tt\0\tl\0\st\single_1\st2\single_1\dt\0
6-28-2021 16: 0 (1072:13): ClientUserinfoChanged handling info: 2 \ip\170.84.28.229:29070\char_color_blue\18\char_color_green\78\char_color_red\178\saber2\single_1\saber1\single_1\cg_predictItems\1\sex\male\handicap\100\color2\1\color1\0\forcepowers\7-1-032330000000001333\model\jedi_hm/head_b1|torso_b1|lower_d1\snaps\20\rate\4000\name\Padawan\teamtask\0\teamoverlay\1
6-28-2021 16: 0 (1072:13): ClientUserinfoChanged: 2 n\Padawan\t\0\model\jedi_hm/head_b1|torso_b1|lower_d1\c1\0\c2\1\hc\100\w\0\l\0\tt\0\tl\0\st\single_1\st2\single_1\dt\0
6-28-2021 16: 0 (1072:13): ClientBegin: 2
6-28-2021 16: 1 (1073:58): ClientDisconnect: 2
6-29-2021 2:22 (1695:03): ClientConnect: 2
6-29-2021 2:22 (1695:03): ClientUserinfoChanged handling info: 2 \ip\70.49.38.159:29070\challenge\-959642780\qport\65230\protocol\26\name\ak69magnum\rate\4000\snaps\20\model\kyle/default\forcepowers\7-2-030330330000000333\color1\4\color2\3\handicap\100\sex\male\cg_predictItems\1\saber1\single_1\saber2\single_1\char_color_red\255\char_color_green\255\char_color_blue\255\teamtask\0
6-29-2021 2:22 (1695:03): ClientUserinfoChanged: 2 n\ak69magnum\t\0\model\kyle/default\c1\4\c2\3\hc\0\w\0\l\0\tt\0\tl\0\st\\st2\\dt\0
6-29-2021 2:22 (1695:03): IP: 70.49.38.159 ak69magnum
6-29-2021 2:23 (1695:14): ClientUserinfoChanged handling info: 2 \ip\70.49.38.159:29070\name\ak69magnum\rate\4000\snaps\20\model\luke/default\forcepowers\7-2-033330310000001333\color1\3\color2\3\handicap\100\sex\male\cg_predictItems\1\saber1\single_1\saber2\none\char_color_red\255\char_color_green\255\char_color_blue\255\teamtask\0\teamoverlay\1
6-29-2021 2:23 (1695:14): ClientUserinfoChanged: 2 n\ak69magnum\t\0\model\luke/default\c1\3\c2\3\hc\0\w\0\l\0\tt\0\tl\0\st\single_1\st2\none\dt\0
6-29-2021 2:23 (1695:14): ClientUserinfoChanged handling info: 2 \ip\70.49.38.159:29070\name\ak69magnum\rate\4000\snaps\20\model\luke/default\forcepowers\7-2-033330310000001333\color1\3\color2\3\handicap\100\sex\male\cg_predictItems\1\saber1\single_1\saber2\none\char_color_red\255\char_color_green\255\char_color_blue\255\teamtask\0\teamoverlay\1
6-29-2021 2:23 (1695:14): ClientUserinfoChanged: 2 n\ak69magnum\t\0\model\luke/default\c1\3\c2\3\hc\100\w\0\l\0\tt\0\tl\0\st\single_1\st2\none\dt\0
6-29-2021 2:23 (1695:14): ClientBegin: 2
6-29-2021 2:24 (1697:07): say: ak69magnum: hello
6-29-2021 2:25 (1697:13): say: ak69magnum: hi
6-29-2021 2:25 (1697:17): say: ak69magnum: ola
6-29-2021 2:25 (1697:28): say: ak69magnum: hey
6-29-2021 2:25 (1697:33): say: ak69magnum: bye
6-29-2021 2:25 (1697:51): say: ak69magnum: o boy
6-29-2021 2:25 (1698:05): ClientDisconnect: 2
6-29-2021 3:33 (1765:32): ClientConnect: 2
6-29-2021 3:33 (1765:32): ClientUserinfoChanged handling info: 2 \ip\70.49.38.159:29070\challenge\-1393898648\qport\65230\protocol\26\name\ak69magnum\rate\4000\snaps\20\model\luke/default\forcepowers\7-2-033330310000001333\color1\3\color2\3\handicap\100\sex\male\cg_predictItems\1\saber1\single_1\saber2\none\char_color_red\255\char_color_green\255\char_color_blue\255\teamtask\0\teamoverlay\1
6-29-2021 3:33 (1765:32): ClientUserinfoChanged: 2 n\ak69magnum\t\0\model\luke/default\c1\3\c2\3\hc\0\w\0\l\0\tt\0\tl\0\st\\st2\\dt\0
6-29-2021 3:33 (1765:32): IP: 70.49.38.159 ak69magnum
6-29-2021 3:33 (1765:36): ClientUserinfoChanged handling info: 2 \ip\70.49.38.159:29070\name\ak69magnum\rate\4000\snaps\20\model\luke/default\forcepowers\7-2-033330310000001333\color1\3\color2\3\handicap\100\sex\male\cg_predictItems\1\saber1\single_1\saber2\none\char_color_red\255\char_color_green\255\char_color_blue\255\teamtask\0\teamoverlay\1
6-29-2021 3:33 (1765:36): ClientUserinfoChanged: 2 n\ak69magnum\t\0\model\luke/default\c1\3\c2\3\hc\0\w\0\l\0\tt\0\tl\0\st\single_1\st2\none\dt\0
6-29-2021 3:33 (1765:36): ClientUserinfoChanged handling info: 2 \ip\70.49.38.159:29070\name\ak69magnum\rate\4000\snaps\20\model\luke/default\forcepowers\7-2-033330310000001333\color1\3\color2\3\handicap\100\sex\male\cg_predictItems\1\saber1\single_1\saber2\none\char_color_red\255\char_color_green\255\char_color_blue\255\teamtask\0\teamoverlay\1
6-29-2021 3:33 (1765:36): ClientUserinfoChanged: 2 n\ak69magnum\t\0\model\luke/default\c1\3\c2\3\hc\100\w\0\l\0\tt\0\tl\0\st\single_1\st2\none\dt\0
6-29-2021 3:33 (1765:36): ClientBegin: 2
6-29-2021 3:33 (1765:53): ClientDisconnect: 2
6-29-2021 4:44 (1836:23): ClientConnect: 2
6-29-2021 4:44 (1836:23): ClientUserinfoChanged handling info: 2 \ip\34.73.34.75:29090\name\^5Jedi Knight\rate\25000\snaps\40\model\kyle/default\forcepowers\7-1-032330000000001333\color1\4\color2\4\handicap\100\teamtask\0\sex\male\password\\cg_predictitems\1\saber1\single_1\saber2\none\char_color_red\255\char_color_green\255\char_color_blue\255\engine\jkclient\assets\0\ja_guid\3aaa8c2a-5c0e-4371-8d8c-97e3a14b6441\protocol\26\qport\14262\challenge\-234718620
6-29-2021 4:44 (1836:23): ClientUserinfoChanged: 2 n\^5Jedi Knight\t\0\model\kyle/default\c1\4\c2\4\hc\0\w\0\l\0\tt\0\tl\0\st\\st2\\dt\0
6-29-2021 4:44 (1836:23): IP: 34.73.34.75 ^5Jedi Knight
6-29-2021 4:44 (1836:24): ClientUserinfoChanged handling info: 2 \ip\34.73.34.75:29090\name\^5Jedi Knight\rate\25000\snaps\40\model\kyle/default\forcepowers\7-1-032330000000001333\color1\4\color2\4\handicap\100\teamtask\0\sex\male\password\\cg_predictitems\1\saber1\single_1\saber2\none\char_color_red\255\char_color_green\255\char_color_blue\255\engine\jkclient\assets\0\ja_guid\3aaa8c2a-5c0e-4371-8d8c-97e3a14b6441\protocol\26\qport\14262\challenge\-234718620
6-29-2021 4:44 (1836:24): ClientUserinfoChanged: 2 n\^5Jedi Knight\t\0\model\kyle/default\c1\4\c2\4\hc\0\w\0\l\0\tt\0\tl\0\st\single_1\st2\none\dt\0
6-29-2021 4:44 (1836:24): ClientUserinfoChanged handling info: 2 \ip\34.73.34.75:29090\name\^5Jedi Knight\rate\25000\snaps\40\model\kyle/default\forcepowers\7-1-032330000000001333\color1\4\color2\4\handicap\100\teamtask\0\sex\male\password\\cg_predictitems\1\saber1\single_1\saber2\none\char_color_red\255\char_color_green\255\char_color_blue\255\engine\jkclient\assets\0\ja_guid\3aaa8c2a-5c0e-4371-8d8c-97e3a14b6441\protocol\26\qport\14262\challenge\-234718620
6-29-2021 4:44 (1836:24): ClientUserinfoChanged: 2 n\^5Jedi Knight\t\0\model\kyle/default\c1\4\c2\4\hc\100\w\0\l\0\tt\0\tl\0\st\single_1\st2\none\dt\0
6-29-2021 4:44 (1836:24): ClientBegin: 2
6-29-2021 4:45 (1837:42): Kill: 2 2 39: ^5Jedi Knight killed ^5Jedi Knight by MOD_SUICIDE
6-29-2021 4:45 (1837:42): setteam:  2 FREE SPECTATOR
6-29-2021 4:45 (1837:42): ClientUserinfoChanged handling info: 2 \ip\34.73.34.75:29090\name\^5Jedi Knight\rate\25000\snaps\40\model\kyle/default\forcepowers\7-1-032330000000001333\color1\4\color2\4\handicap\100\teamtask\0\sex\male\password\\cg_predictitems\1\saber1\single_1\saber2\none\char_color_red\255\char_color_green\255\char_color_blue\255\engine\jkclient\assets\0\ja_guid\3aaa8c2a-5c0e-4371-8d8c-97e3a14b6441\protocol\26\qport\14262\challenge\-234718620
6-29-2021 4:45 (1837:42): ClientUserinfoChanged: 2 n\^5Jedi Knight\t\3\model\kyle/default\c1\4\c2\4\hc\100\w\0\l\0\tt\0\tl\0\st\single_1\st2\none\dt\0
6-29-2021 4:45 (1837:42): ClientBegin: 2
6-29-2021 4:47 (1839:53): ClientDisconnect: 2
6-29-2021 16:58 (2570:38): ClientConnect: 2
6-29-2021 16:58 (2570:38): ClientUserinfoChanged handling info: 2 \ip\188.242.92.189:29070\challenge\-1232512136\qport\35574\protocol\26\char_color_blue\255\char_color_green\255\char_color_red\255\saber2\none\saber1\single_1\cg_predictItems\1\sex\male\handicap\100\color2\5\color1\5\forcepowers\6-1-030330000000000333\model\boba_fett/default\snaps\20\rate\4000\name\Padawan\teamtask\0\teamoverlay\1
6-29-2021 16:58 (2570:38): ClientUserinfoChanged: 2 n\Padawan\t\0\model\boba_fett/default\c1\5\c2\5\hc\0\w\0\l\0\tt\0\tl\0\st\\st2\\dt\0
6-29-2021 16:58 (2570:38): IP: 188.242.92.189 Padawan
6-29-2021 16:58 (2570:43): ClientUserinfoChanged handling info: 2 \ip\188.242.92.189:29070\char_color_blue\255\char_color_green\255\char_color_red\255\saber2\none\saber1\single_5\cg_predictItems\1\sex\male\handicap\100\color2\0\color1\0\forcepowers\7-2-033220302000023322\model\boba_fett/default\snaps\20\rate\4000\name\Padawan\teamtask\0\teamoverlay\1
6-29-2021 16:58 (2570:43): ClientUserinfoChanged: 2 n\Padawan\t\0\model\boba_fett/default\c1\0\c2\0\hc\0\w\0\l\0\tt\0\tl\0\st\single_5\st2\none\dt\0
6-29-2021 16:58 (2570:43): ClientUserinfoChanged handling info: 2 \ip\188.242.92.189:29070\char_color_blue\255\char_color_green\255\char_color_red\255\saber2\none\saber1\single_5\cg_predictItems\1\sex\male\handicap\100\color2\0\color1\0\forcepowers\7-2-033220302000023322\model\boba_fett/default\snaps\20\rate\4000\name\Padawan\teamtask\0\teamoverlay\1
6-29-2021 16:58 (2570:43): ClientUserinfoChanged: 2 n\Padawan\t\0\model\boba_fett/default\c1\0\c2\0\hc\100\w\0\l\0\tt\0\tl\0\st\single_5\st2\none\dt\0
6-29-2021 16:58 (2570:43): ClientBegin: 2
6-29-2021 16:58 (2570:50): ClientConnect: 3
6-29-2021 16:58 (2570:50): ClientUserinfoChanged handling info: 3 \ip\188.242.82.139:29070\challenge\673499140\qport\45063\protocol\26\char_color_blue\120\char_color_green\110\char_color_red\255\saber2\none\saber1\dual_2\cg_predictItems\1\sex\male\handicap\100\color2\0\color1\0\forcepowers\7-1-030000000000000330\model\jedi_tf/head_b4|torso_f1|lower_b1\snaps\20\rate\4000\name\Padawan\teamtask\0\teamoverlay\1
6-29-2021 16:58 (2570:50): ClientUserinfoChanged: 3 n\Padawan 3\t\0\model\jedi_tf/head_b4|torso_f1|lower_b1\c1\0\c2\0\hc\0\w\0\l\0\tt\0\tl\0\st\\st2\\dt\0
6-29-2021 16:58 (2570:50): IP: 188.242.82.139 Padawan 3
6-29-2021 16:58 (2570:54): ClientUserinfoChanged handling info: 3 \ip\188.242.82.139:29070\char_color_blue\120\char_color_green\110\char_color_red\255\saber2\none\saber1\dual_2\cg_predictItems\1\sex\male\handicap\100\color2\0\color1\0\forcepowers\1-1-010000000000000100\model\jedi_tf/head_b4|torso_f1|lower_b1\snaps\20\rate\4000\name\Padawan\teamtask\0\teamoverlay\1
6-29-2021 16:58 (2570:54): ClientUserinfoChanged: 3 n\Padawan 3\t\0\model\jedi_tf/head_b4|torso_f1|lower_b1\c1\0\c2\0\hc\0\w\0\l\0\tt\0\tl\0\st\dual_2\st2\none\dt\0
6-29-2021 16:58 (2570:54): ClientUserinfoChanged handling info: 3 \ip\188.242.82.139:29070\char_color_blue\120\char_color_green\110\char_color_red\255\saber2\none\saber1\dual_2\cg_predictItems\1\sex\male\handicap\100\color2\0\color1\0\forcepowers\1-1-010000000000000100\model\jedi_tf/head_b4|torso_f1|lower_b1\snaps\20\rate\4000\name\Padawan\teamtask\0\teamoverlay\1
6-29-2021 16:58 (2570:54): ClientUserinfoChanged: 3 n\Padawan 3\t\0\model\jedi_tf/head_b4|torso_f1|lower_b1\c1\0\c2\0\hc\100\w\0\l\0\tt\0\tl\0\st\dual_2\st2\none\dt\0
6-29-2021 16:58 (2570:54): ClientBegin: 3
6-29-2021 16:59 (2571:24): Kill: 2 3 10: Padawan killed Padawan 3 by MOD_DISRUPTOR_SNIPER
6-29-2021 16:59 (2571:24): Exit: Timelimit hit.
6-29-2021 16:59 (2571:24): score: 1  ping: 105  client: 2 Padawan
6-29-2021 16:59 (2571:24): score: 0  ping: 47  client: 0 astupidbot
6-29-2021 16:59 (2571:24): score: 0  ping: 56  client: 1 Kyle
6-29-2021 16:59 (2571:24): score: 0  ping: 115  client: 3 Padawan 3
6-29-2021 16:59 (2571:25): ClientUserinfoChanged handling info: 3 \ip\188.242.82.139:29070\char_color_blue\120\char_color_green\110\char_color_red\255\saber2\none\saber1\dual_2\cg_predictItems\1\sex\male\handicap\100\color2\0\color1\0\forcepowers\1-1-010000000000000100\model\jedi_tf/head_b4|torso_f1|lower_b1\snaps\20\rate\4000\name\Padawan\teamtask\0\teamoverlay\1
6-29-2021 16:59 (2571:25): ClientUserinfoChanged: 3 n\Padawan 3\t\0\model\jedi_tf/head_b4|torso_f1|lower_b1\c1\0\c2\0\hc\100\w\0\l\0\tt\0\tl\0\st\dual_2\st2\none\dt\0
6-29-2021 16:59 (2571:40): ShutdownGame:
6-29-2021 16:59 (2571:40): ------------------------------------------------------------
