12-14-2020 2:15 (0:00): ------------------------------------------------------------
12-14-2020 2:15 (0:00): InitGame: \version\JAmp: v1.0.1.0 linux-i386 Mar 14 2020\timelimit\0\sv_privateClients\0\sv_minRate\0\sv_minPing\0\sv_maxclients\32\sv_maxRate\0\sv_maxPing\999\sv_hostname\^7~^1~^7~ COMM SERVER ~^1~^7~\sv_fps\50\sv_floodProtectSlow\1\sv_floodProtect\0\sv_autoDemo\0\sv_allowDownload\0\serveruptime\45\protocol\26\mapname\taspir1\gamename\Lugormod\g_weaponDisable\0\g_stepSlideFix\0\g_siegeTeamSwitch\1\g_siegeTeam2\none\g_siegeTeam1\none\g_siegeRespawn\20\g_showDuelHealths\1\g_saberWallDamageScale\0.4\g_saberLocking\0\g_privateDuel\1535\g_noSpecMove\0\g_needpass\1\g_maxHolocronCarry\3\g_maxGameClients\0\g_maxForceRank\7\g_jediVmerc\0\g_gametype\0\g_gamemode\0\g_forceRegenTime\130\g_forcePowerDisable\0\g_forceBasedTeams\1\g_duelWeaponDisable\9\g_debugmelee\1\g_allowNPC\1\fs_game\lugormod\fraglimit\0\duel_fraglimit\10\dmflags\0\capturelimit\10\bot_minplayers\2\bg_fighterAltControl\0\Lugormod_Version\U#-0.0.0.91 Alpha
12-14-2020 2:16 (0:30): ClientConnect: 0
12-14-2020 2:16 (0:30): ClientUserinfoChanged handling info: 0 \team\0\skill\ 5.00\personality\botfiles/astupidbot.jkb\saber2\none\saber1\kyle\color2\4\color1\4\sex\male\model\jawa\snaps\20\rate\25000\name\astupidbot
12-14-2020 2:16 (0:30): ClientUserinfoChanged: 0 n\astupidbot\t\0\model\jawa\c1\4\c2\4\hc\0\w\0\l\0\skill\ 5.00\tt\0\tl\0\siegeclass\none\st\\st2\\dt\0\sdt\0
12-14-2020 2:16 (0:30): IP: localhost astupidbot
12-14-2020 2:16 (0:30): ClientUserinfoChanged handling info: 0 \team\0\skill\ 5.00\personality\botfiles/astupidbot.jkb\saber2\none\saber1\kyle\color2\4\color1\4\sex\male\model\jawa\snaps\20\rate\25000\name\astupidbot
12-14-2020 2:16 (0:30): ClientUserinfoChanged: 0 n\astupidbot\t\0\model\jawa\c1\4\c2\4\hc\100\w\0\l\0\skill\ 5.00\tt\0\tl\0\siegeclass\none\st\Kyle\st2\none\dt\0\sdt\0
12-14-2020 2:16 (0:30): ClientBegin: 0
12-14-2020 2:16 (0:54): ClientConnect: 1
12-14-2020 2:16 (0:54): ClientUserinfoChanged handling info: 1 \team\0\skill\ 5.00\personality\botfiles/newkyle.jkb\saber2\none\saber1\kyle\color2\4\color1\1\sex\male\model\kyle\snaps\20\rate\25000\name\Kyle
12-14-2020 2:16 (0:54): ClientUserinfoChanged: 1 n\Kyle\t\0\model\kyle\c1\1\c2\4\hc\0\w\0\l\0\skill\ 5.00\tt\0\tl\0\siegeclass\none\st\\st2\\dt\0\sdt\0
12-14-2020 2:16 (0:54): ClientUserinfoChanged handling info: 1 \name\Kyle\team\0\skill\ 5.00\personality\botfiles/newkyle.jkb\saber2\none\saber1\kyle\color2\4\color1\1\sex\male\model\kyle\snaps\20\rate\25000
12-14-2020 2:16 (0:54): ClientUserinfoChanged: 1 n\Kyle\t\0\model\kyle\c1\1\c2\4\hc\0\w\0\l\0\skill\ 5.00\tt\0\tl\0\siegeclass\none\st\\st2\\dt\0\sdt\0
12-14-2020 2:16 (0:54): IP: localhost Kyle
12-14-2020 2:16 (0:54): ClientUserinfoChanged handling info: 1 \name\Kyle\team\0\skill\ 5.00\personality\botfiles/newkyle.jkb\saber2\none\saber1\kyle\color2\4\coloale\model\kyle\snaps\2le\snaps\20\rate\25000
12-14-2020 2:16 (0:54): ClientUserinfoChanged: 1 n\Kyle\t\0\model\\c1\\c2\4\hc\0\w\0\l\0\skill\ 5.00\tt\0\tl\0\siegeclass\none\st\\st2\\dt\0\sdt\0
12-14-2020 2:16 (0:54): ClientUserinfoChanged handling info: 1 \name\Kyle\team\0\skill\ 5.00\personality\botfiles/newkyle.jkb\saber2\none\saber1\kyle\color2\4\coloale\model\kyle\snaps\2le\snaps\20\rate\25000
12-14-2020 2:16 (0:54): ClientUserinfoChanged: 1 n\Kyle\t\0\model\\c1\\c2\4\hc\100\w\0\l\0\skill\ 5.00\tt\0\tl\0\siegeclass\none\st\Kyle\st2\none\dt\0\sdt\0
12-14-2020 2:16 (0:54): ClientBegin: 1
12-15-2020 23:51 (2736:12): ClientConnect: 2
12-15-2020 23:51 (2736:12): ClientUserinfoChanged handling info: 2 \ip\136.49.101.98:29070\challenge\1368232759\qport\11313\protocol\26\snaps\40\sex\male\saber2\none\saber1\Kyle\rate\25000\password\temppw\name\Padawan\model\kyle/default\ja_guid\719672E5ADAB3F37334025E53A689EA1\handicap\100\forcepowers\7-1-032330000000001333\color2\4\color1\4\char_color_red\255\char_color_green\255\char_color_blue\255\cg_predictItems\1
12-15-2020 23:51 (2736:12): ClientUserinfoChanged: 2 n\Padawan\t\0\model\kyle/default\c1\4\c2\4\hc\0\w\0\l\0\tt\0\tl\0\st\\st2\\dt\0
12-15-2020 23:51 (2736:12): IP: 136.49.101.98 Padawan
12-15-2020 23:51 (2736:12): say: astupidbot: Hi
12-15-2020 23:52 (2736:30): ClientUserinfoChanged handling info: 2 \ip\136.49.101.98:29070\snaps\50\sex\male\saber2\none\saber1\Kyle\rate\25000\password\temppw\name\chains\model\kyle/default\ja_guid\719672E5ADAB3F37334025E53A689EA1\handicap\100\forcepowers\1-1-010000000000000100\color2\4\color1\4\char_color_red\255\char_color_green\255\char_color_blue\255\cg_predictItems\1\teamoverlay\1
12-15-2020 23:52 (2736:30): ClientUserinfoChanged: 2 n\Padawan\t\0\model\kyle/default\c1\4\c2\4\hc\0\w\0\l\0\tt\0\tl\0\st\Kyle\st2\none\dt\0
12-15-2020 23:52 (2736:30): ClientUserinfoChanged handling info: 2 \ip\136.49.101.98:29070\snaps\50\sex\male\saber2\none\saber1\Kyle\rate\25000\password\temppw\name\chains\model\kyle/default\ja_guid\719672E5ADAB3F37334025E53A689EA1\handicap\100\forcepowers\1-1-010000000000000100\color2\4\color1\4\char_color_red\255\char_color_green\255\char_color_blue\255\cg_predictItems\1\teamoverlay\1
12-15-2020 23:52 (2736:30): ClientUserinfoChanged: 2 n\Padawan\t\0\model\kyle/default\c1\4\c2\4\hc\100\w\0\l\0\tt\0\tl\0\st\Kyle\st2\none\dt\0
12-15-2020 23:52 (2736:30): ClientBegin: 2
12-15-2020 23:52 (2736:36): say: astupidbot: bye all
12-15-2020 23:52 (2736:36): ClientDisconnect: 0
12-15-2020 23:52 (2736:50): ShutdownGame:
12-15-2020 23:52 (2736:50): ------------------------------------------------------------
