5-29-2021 14:46 (986:08): ------------------------------------------------------------
5-29-2021 14:46 (986:08): InitGame: \version\JAmp: v1.0.1.0 linux-i386 Mar 14 2020\timelimit\45\sv_privateClients\0\sv_minRate\0\sv_minPing\0\sv_maxclients\32\sv_maxRate\0\sv_maxPing\999\sv_hostname\^7~^1~^7~ COMM SERVER ~^1~^7~\sv_fps\50\sv_floodProtectSlow\1\sv_floodProtect\1\sv_autoDemo\0\sv_allowDownload\0\serveruptime\45\protocol\26\mapname\t3_stamp\gamename\Lugormod\g_weaponDisable\0\g_stepSlideFix\0\g_siegeTeamSwitch\1\g_siegeTeam2\none\g_siegeTeam1\none\g_siegeRespawn\20\g_showDuelHealths\1\g_saberWallDamageScale\0.4\g_saberLocking\0\g_privateDuel\1535\g_noSpecMove\0\g_needpass\0\g_maxHolocronCarry\3\g_maxGameClients\0\g_maxForceRank\7\g_jediVmerc\0\g_gametype\0\g_gamemode\0\g_forceRegenTime\160\g_forcePowerDisable\0\g_forceBasedTeams\1\g_duelWeaponDisable\9\g_debugmelee\1\g_allowNPC\1\fs_game\lugormod\fraglimit\0\duel_fraglimit\10\dmflags\0\capturelimit\10\bot_minplayers\2\bg_fighterAltControl\0\Lugormod_Version\U#-0.0.0.91 Alpha
5-29-2021 14:46 (986:09): ClientConnect: 0
5-29-2021 14:46 (986:09): ClientUserinfoChanged handling info: 0 \team\0\skill\ 5.00\personality\botfiles/astupidbot.jkb\saber2\none\saber1\kyle\color2\4\color1\4\sex\male\model\jawa\snaps\20\rate\25000\name\astupidbot
5-29-2021 14:46 (986:09): ClientUserinfoChanged: 0 n\astupidbot\t\0\model\jawa\c1\4\c2\4\hc\0\w\0\l\0\skill\ 5.00\tt\0\tl\0\siegeclass\none\st\Kyle\st2\none\dt\0\sdt\0
5-29-2021 14:46 (986:09): ClientUserinfoChanged handling info: 0 \team\0\skill\ 5.00\personality\botfiles/astupidbot.jkb\saber2\none\saber1\kyle\color2\4\color1\4\sex\male\model\jawa\snaps\20\rate\25000\name\astupidbot
5-29-2021 14:46 (986:09): ClientUserinfoChanged: 0 n\astupidbot\t\0\model\jawa\c1\4\c2\4\hc\100\w\0\l\0\skill\ 5.00\tt\0\tl\0\siegeclass\none\st\Kyle\st2\none\dt\0\sdt\0
5-29-2021 14:46 (986:09): ClientBegin: 0
5-29-2021 14:46 (986:09): ClientConnect: 1
5-29-2021 14:46 (986:09): ClientUserinfoChanged handling info: 1 \team\0\skill\ 5.00\personality\botfiles/newkyle.jkb\saber2\none\saber1\kyle\color2\4\color1\1\sex\male\model\kyle\snaps\20\rate\25000\name\Kyle
5-29-2021 14:46 (986:09): ClientUserinfoChanged: 1 n\Kyle\t\0\model\kyle\c1\1\c2\4\hc\0\w\0\l\0\skill\ 5.00\tt\0\tl\0\siegeclass\none\st\Kyle\st2\none\dt\0\sdt\0
5-29-2021 14:46 (986:09): ClientUserinfoChanged handling info: 1 \team\0\skill\ 5.00\personality\botfiles/newkyle.jkb\saber2\none\saber1\kyle\color2\4\color1\1\sex\male\model\kyle\snaps\20\rate\25000\name\Kyle
5-29-2021 14:46 (986:09): ClientUserinfoChanged: 1 n\Kyle\t\0\model\kyle\c1\1\c2\4\hc\100\w\0\l\0\skill\ 5.00\tt\0\tl\0\siegeclass\none\st\Kyle\st2\none\dt\0\sdt\0
5-29-2021 14:46 (986:09): ClientBegin: 1
5-29-2021 14:46 (986:09): ClientConnect: 2
5-29-2021 14:46 (986:09): ClientUserinfoChanged handling info: 2 \ip\176.59.147.188:29070\cg_predictItems\1\char_color_blue\255\char_color_green\255\char_color_red\255\color1\0\color2\4\forcepowers\7-1-032330000000001333\handicap\100\model\shadowtrooper/red\name\Padawan\rate\25000\saber1\dual_5\saber2\none\sex\male\snaps\40\ja_guid\64FA20B0021810681578FA0DA01E4292\teamoverlay\0
5-29-2021 14:46 (986:09): ClientUserinfoChanged: 2 n\Padawan\t\0\model\shadowtrooper/red\c1\0\c2\4\hc\0\w\0\l\0\tt\0\tl\0\st\dual_5\st2\none\dt\0
5-29-2021 14:46 (986:09): ClientUserinfoChanged handling info: 2 \ip\176.59.147.188:29070\cg_predictItems\1\char_color_blue\255\char_color_green\255\char_color_red\255\color1\0\color2\4\forcepowers\7-1-032330000000001333\handicap\100\model\shadowtrooper/red\name\Padawan\rate\25000\saber1\dual_5\saber2\none\sex\male\snaps\40\ja_guid\64FA20B0021810681578FA0DA01E4292\teamoverlay\0
5-29-2021 14:46 (986:09): ClientUserinfoChanged: 2 n\Padawan\t\0\model\shadowtrooper/red\c1\0\c2\4\hc\0\w\0\l\0\tt\0\tl\0\st\dual_5\st2\none\dt\0
5-29-2021 14:46 (986:09): ClientUserinfoChanged handling info: 2 \ip\176.59.147.188:29070\cg_predictItems\1\char_color_blue\255\char_color_green\255\char_color_red\255\color1\0\color2\4\forcepowers\7-1-032330000000001333\handicap\100\model\shadowtrooper/red\name\Padawan\rate\25000\saber1\dual_5\saber2\none\sex\male\snaps\40\ja_guid\64FA20B0021810681578FA0DA01E4292\teamoverlay\0
5-29-2021 14:46 (986:09): ClientUserinfoChanged: 2 n\Padawan\t\0\model\shadowtrooper/red\c1\0\c2\4\hc\100\w\0\l\0\tt\0\tl\0\st\dual_5\st2\none\dt\0
5-29-2021 14:46 (986:09): ClientBegin: 2
5-29-2021 14:48 (987:34): say: astupidbot: bye all
5-29-2021 14:48 (987:34): ClientDisconnect: 0
5-29-2021 14:50 (989:56): Kill: 2 1 3: Padawan killed Kyle by MOD_SABER
5-29-2021 14:50 (989:57): ClientUserinfoChanged handling info: 1 \team\0\skill\ 5.00\personality\botfiles/newkyle.jkb\saber2\none\saber1\kyle\color2\4\color1\1\sex\male\model\kyle\snaps\20\rate\25000\name\Kyle
5-29-2021 14:50 (989:57): ClientUserinfoChanged: 1 n\Kyle\t\0\model\kyle\c1\1\c2\4\hc\100\w\0\l\0\skill\ 5.00\tt\0\tl\0\siegeclass\none\st\Kyle\st2\none\dt\0\sdt\0
5-29-2021 14:51 (990:53): Kill: 1022 2 0: <world> killed Padawan by MOD_UNKNOWN
5-29-2021 14:51 (990:56): ClientUserinfoChanged handling info: 2 \ip\176.59.147.188:29070\cg_predictItems\1\char_color_blue\255\char_color_green\255\char_color_red\255\color1\0\color2\4\forcepowers\7-1-032330000000001333\handicap\100\model\shadowtrooper/red\name\Padawan\rate\25000\saber1\dual_5\saber2\none\sex\male\snaps\40\ja_guid\64FA20B0021810681578FA0DA01E4292\teamoverlay\0
5-29-2021 14:51 (990:56): ClientUserinfoChanged: 2 n\Padawan\t\0\model\shadowtrooper/red\c1\0\c2\4\hc\100\w\0\l\0\tt\0\tl\0\st\dual_5\st2\none\dt\0
5-29-2021 14:55 (994:39): Kill: 2 2 39: Padawan killed Padawan by MOD_SUICIDE
5-29-2021 14:55 (994:39): setteam:  2 FREE SPECTATOR
5-29-2021 14:55 (994:39): ClientUserinfoChanged handling info: 2 \ip\176.59.147.188:29070\cg_predictItems\1\char_color_blue\255\char_color_green\255\char_color_red\255\color1\0\color2\4\forcepowers\7-1-032330000000001333\handicap\100\model\shadowtrooper/red\name\Padawan\rate\25000\saber1\dual_5\saber2\none\sex\male\snaps\40\ja_guid\64FA20B0021810681578FA0DA01E4292\teamoverlay\0
5-29-2021 14:55 (994:39): ClientUserinfoChanged: 2 n\Padawan\t\3\model\shadowtrooper/red\c1\0\c2\4\hc\100\w\0\l\0\tt\0\tl\0\st\dual_5\st2\none\dt\0
5-29-2021 14:55 (994:39): ClientBegin: 2
5-29-2021 14:57 (996:50): ClientDisconnect: 2
5-29-2021 14:57 (996:58): ClientConnect: 0
5-29-2021 14:57 (996:58): ClientUserinfoChanged handling info: 0 \team\0\skill\ 5.00\personality\botfiles/astupidbot.jkb\saber2\none\saber1\kyle\color2\4\color1\4\sex\male\model\jawa\snaps\20\rate\25000\name\astupidbot
5-29-2021 14:57 (996:58): ClientUserinfoChanged: 0 n\astupidbot\t\0\model\jawa\c1\4\c2\4\hc\0\w\0\l\0\skill\ 5.00\tt\0\tl\0\siegeclass\none\st\\st2\\dt\0\sdt\0
5-29-2021 14:57 (996:58): ClientUserinfoChanged handling info: 0 \name\astupidbot\team\0\skill\ 5.00\personality\botfiles/astupidbot.jkb\saber2\none\saber1\kyle\color2\4\color1\4\sex\male\model\jawa\snaps\20\rate\25000
5-29-2021 14:57 (996:58): ClientUserinfoChanged: 0 n\astupidbot\t\0\model\jawa\c1\4\c2\4\hc\0\w\0\l\0\skill\ 5.00\tt\0\tl\0\siegeclass\none\st\\st2\\dt\0\sdt\0
5-29-2021 14:57 (996:58): IP: localhost astupidbot
5-29-2021 14:57 (996:58): ClientUserinfoChanged handling info: 0 \name\astupidbot\team\0\skill\ 5.00\personality\botfiles/astupidbot.jkb\saber2\none\saber1\kyle\color2\4\color1\4\sex\male\model\jawa\snaps\20\rate\25000
5-29-2021 14:57 (996:58): ClientUserinfoChanged: 0 n\astupidbot\t\0\model\jawa\c1\4\c2\4\hc\0\w\0\l\0\skill\ 5.00\tt\0\tl\0\siegeclass\none\st\\st2\\dt\0\sdt\0
5-29-2021 14:57 (996:58): ClientUserinfoChanged handling info: 0 \name\astupidbot\team\0\skill\ 5.00\personality\botfiles/astupidbot.jkb\saber2\none\saber1\kyle\color2\4\color1\4\sex\male\model\jawa\snaps\20\rate\25000
5-29-2021 14:57 (996:58): ClientUserinfoChanged: 0 n\astupidbot\t\0\model\jawa\c1\4\c2\4\hc\100\w\0\l\0\skill\ 5.00\tt\0\tl\0\siegeclass\none\st\Kyle\st2\none\dt\0\sdt\0
5-29-2021 14:57 (996:58): ClientBegin: 0
5-30-2021 3: 9 (1728:56): ClientConnect: 2
5-30-2021 3: 9 (1728:56): ClientUserinfoChanged handling info: 2 \ip\181.61.205.130:7174\challenge\-1791337423\qport\49612\protocol\26\char_color_blue\255\char_color_green\255\char_color_red\255\saber2\Kyle\saber1\single_1\cg_predictItems\1\sex\male\handicap\100\color2\5\color1\0\forcepowers\6-1-030330000000000333\model\chiss/default\snaps\20\rate\4000\name\oro\teamtask\0\teamoverlay\1
5-30-2021 3: 9 (1728:56): ClientUserinfoChanged: 2 n\oro\t\0\model\chiss/default\c1\0\c2\5\hc\0\w\0\l\0\tt\0\tl\0\st\\st2\\dt\0
5-30-2021 3: 9 (1728:56): IP: 181.61.205.130 oro
5-30-2021 3: 9 (1728:56): say: astupidbot: Hello
5-30-2021 3: 9 (1728:58): say: Kyle: Hello Astupidbot.
5-30-2021 3: 9 (1729:00): say: astupidbot: wsup Kyle
5-30-2021 3: 9 (1729:00): say: Kyle: Where is everyone?
5-30-2021 3: 9 (1729:05): ClientUserinfoChanged handling info: 2 \ip\181.61.205.130:7174\char_color_blue\255\char_color_green\255\char_color_red\255\saber2\Kyle\saber1\Kyle\cg_predictItems\1\sex\male\handicap\100\color2\4\color1\3\forcepowers\7-1-331322000200003322\model\noghri/blue\snaps\20\rate\4000\name\oro\teamtask\0\teamoverlay\1
5-30-2021 3: 9 (1729:05): ClientUserinfoChanged: 2 n\oro\t\0\model\noghri/blue\c1\3\c2\4\hc\0\w\0\l\0\tt\0\tl\0\st\Kyle\st2\Kyle\dt\0
5-30-2021 3: 9 (1729:05): ClientUserinfoChanged handling info: 2 \ip\181.61.205.130:7174\char_color_blue\255\char_color_green\255\char_color_red\255\saber2\Kyle\saber1\Kyle\cg_predictItems\1\sex\male\handicap\100\color2\4\color1\3\forcepowers\7-1-331322000200003322\model\noghri/blue\snaps\20\rate\4000\name\oro\teamtask\0\teamoverlay\1
5-30-2021 3: 9 (1729:05): ClientUserinfoChanged: 2 n\oro\t\0\model\noghri/blue\c1\3\c2\4\hc\100\w\0\l\0\tt\0\tl\0\st\Kyle\st2\Kyle\dt\0
5-30-2021 3: 9 (1729:05): ClientBegin: 2
5-30-2021 3: 9 (1729:08): say: astupidbot: bye all
5-30-2021 3: 9 (1729:08): ClientDisconnect: 0
5-30-2021 3:11 (1730:34): Kill: 1 2 3: Kyle killed oro by MOD_SABER
5-30-2021 3:11 (1730:34): Exit: Timelimit hit.
5-30-2021 3:11 (1730:34): score: 1  ping: 42  client: 1 Kyle
5-30-2021 3:11 (1730:34): score: 0  ping: 87  client: 2 oro
5-30-2021 3:11 (1730:35): ClientUserinfoChanged handling info: 2 \ip\181.61.205.130:7174\char_color_blue\255\char_color_green\255\char_color_red\255\saber2\Kyle\saber1\Kyle\cg_predictItems\1\sex\male\handicap\100\color2\4\color1\3\forcepowers\7-1-331322000200003322\model\noghri/blue\snaps\20\rate\4000\name\oro\teamtask\0\teamoverlay\1
5-30-2021 3:11 (1730:35): ClientUserinfoChanged: 2 n\oro\t\0\model\noghri/blue\c1\3\c2\4\hc\100\w\0\l\0\tt\0\tl\0\st\Kyle\st2\Kyle\dt\0
5-30-2021 3:11 (1730:40): ShutdownGame:
5-30-2021 3:11 (1730:40): ------------------------------------------------------------
