3-31-2021 2:17 (0:00): ------------------------------------------------------------
3-31-2021 2:17 (0:00): InitGame: \version\JAmp: v1.0.1.0 linux-i386 Mar 14 2020\timelimit\0\sv_privateClients\0\sv_minRate\0\sv_minPing\0\sv_maxclients\32\sv_maxRate\0\sv_maxPing\999\sv_hostname\^7~^1~^7~ COMM SERVER ~^1~^7~\sv_fps\50\sv_floodProtectSlow\1\sv_floodProtect\1\sv_autoDemo\0\sv_allowDownload\0\serveruptime\54\protocol\26\mapname\taspir1\gamename\Lugormod\g_weaponDisable\0\g_stepSlideFix\0\g_siegeTeamSwitch\1\g_siegeTeam2\none\g_siegeTeam1\none\g_siegeRespawn\20\g_showDuelHealths\1\g_saberWallDamageScale\0.4\g_saberLocking\0\g_privateDuel\1535\g_noSpecMove\0\g_needpass\0\g_maxHolocronCarry\3\g_maxGameClients\0\g_maxForceRank\7\g_jediVmerc\0\g_gametype\0\g_gamemode\0\g_forceRegenTime\160\g_forcePowerDisable\0\g_forceBasedTeams\1\g_duelWeaponDisable\9\g_debugmelee\1\g_allowNPC\1\fs_game\lugormod\fraglimit\0\duel_fraglimit\10\dmflags\0\capturelimit\10\bot_minplayers\2\bg_fighterAltControl\0\Lugormod_Version\U#-0.0.0.91 Alpha
3-31-2021 2:17 (0:30): ClientConnect: 0
3-31-2021 2:17 (0:30): ClientUserinfoChanged handling info: 0 \team\0\skill\ 5.00\personality\botfiles/astupidbot.jkb\saber2\none\saber1\kyle\color2\4\color1\4\sex\male\model\jawa\snaps\20\rate\25000\name\astupidbot
3-31-2021 2:17 (0:30): ClientUserinfoChanged: 0 n\astupidbot\t\0\model\jawa\c1\4\c2\4\hc\0\w\0\l\0\skill\ 5.00\tt\0\tl\0\siegeclass\none\st\\st2\\dt\0\sdt\0
3-31-2021 2:17 (0:30): IP: localhost astupidbot
3-31-2021 2:17 (0:30): ClientUserinfoChanged handling info: 0 \team\0\skill\ 5.00\personality\botfiles/astupidbot.jkb\saber2\none\saber1\kyle\color2\4\color1\4\sex\male\model\jawa\snaps\20\rate\25000\name\astupidbot
3-31-2021 2:17 (0:30): ClientUserinfoChanged: 0 n\astupidbot\t\0\model\jawa\c1\4\c2\4\hc\100\w\0\l\0\skill\ 5.00\tt\0\tl\0\siegeclass\none\st\Kyle\st2\none\dt\0\sdt\0
3-31-2021 2:17 (0:30): ClientBegin: 0
3-31-2021 2:18 (0:58): ClientConnect: 1
3-31-2021 2:18 (0:58): ClientUserinfoChanged handling info: 1 \team\0\skill\ 5.00\personality\botfiles/newkyle.jkb\saber2\none\saber1\kyle\color2\4\color1\1\sex\male\model\kyle\snaps\20\rate\25000\name\Kyle
3-31-2021 2:18 (0:58): ClientUserinfoChanged: 1 n\Kyle\t\0\model\kyle\c1\1\c2\4\hc\0\w\0\l\0\skill\ 5.00\tt\0\tl\0\siegeclass\none\st\\st2\\dt\0\sdt\0
3-31-2021 2:18 (0:58): IP: localhost Kyle
3-31-2021 2:18 (0:58): ClientUserinfoChanged handling info: 1 \team\0\skill\ 5.00\personality\botfiles/newkyle.jkb\saber2\none\saber1\kyle\color2\4\color1\1\sex\male\model\kyle\snaps\20\rate\25000\name\Kyle
3-31-2021 2:18 (0:58): ClientUserinfoChanged: 1 n\Kyle\t\0\model\kyle\c1\1\c2\4\hc\100\w\0\l\0\skill\ 5.00\tt\0\tl\0\siegeclass\none\st\Kyle\st2\none\dt\0\sdt\0
3-31-2021 2:18 (0:58): ClientBegin: 1
3-31-2021 3:57 (99:38): ClientConnect: 2
3-31-2021 3:57 (99:38): ClientUserinfoChanged handling info: 2 \ip\96.255.10.162:29070\challenge\1437643991\qport\58698\protocol\26\char_color_blue\255\char_color_green\255\char_color_red\255\saber2\single_1\saber1\single_1\cg_predictItems\1\sex\male\handicap\100\color2\3\color1\0\forcepowers\7-2-030000000000000330\model\grievous/default_nocape\snaps\20\rate\4000\name\Darth Depression\teamtask\0\teamoverlay\1
3-31-2021 3:57 (99:38): ClientUserinfoChanged: 2 n\Darth Depression\t\0\model\grievous/default_nocape\c1\0\c2\3\hc\0\w\0\l\0\tt\0\tl\0\st\\st2\\dt\0
3-31-2021 3:57 (99:38): IP: 96.255.10.162 Darth Depression
3-31-2021 3:57 (99:38): say: Kyle: Hello
3-31-2021 3:57 (100:11): ClientUserinfoChanged handling info: 2 \ip\96.255.10.162:29070\char_color_blue\255\char_color_green\255\char_color_red\255\saber2\back_2\saber1\back_2\cg_predictItems\1\sex\male\handicap\100\color2\4\color1\4\forcepowers\6-2-031330300000001331\model\carnor_jax/blue\snaps\20\rate\4000\name\Darth Depression\teamtask\0\teamoverlay\1
3-31-2021 3:57 (100:11): ClientUserinfoChanged: 2 n\Darth Depression\t\0\model\carnor_jax/blue\c1\4\c2\4\hc\0\w\0\l\0\tt\0\tl\0\st\default\st2\default\dt\0
3-31-2021 3:57 (100:11): ClientUserinfoChanged handling info: 2 \saber2\default\saber1\default\ip\96.255.10.162:29070\char_color_blue\255\char_color_green\255\char_color_red\255\cg_predictItems\1\sex\male\handicap\100\color2\4\color1\4\forcepowers\6-2-031330300000001331\model\e\snor_jax/blue\snaps\20\rate\4000\name\Darth Depression\teamtask\0\teamoverlay\1
3-31-2021 3:57 (100:11): ClientNamechange: Darth Depression is now Padawan
3-31-2021 3:57 (100:11): ClientUserinfoChanged: 2 n\Padawan\t\0\model\e\c1\4\c2\4\hc\100\w\0\l\0\tt\0\tl\0\st\default\st2\default\dt\0
3-31-2021 3:57 (100:11): ClientBegin: 2
3-31-2021 3:57 (100:12): Kill: 0 1 3: astupidbot killed Kyle by MOD_SABER
3-31-2021 3:57 (100:13): ClientUserinfoChanged handling info: 1 \team\0\skill\ 5.00\personality\botfiles/newkyle.jkb\saber2\none\saber1\kyle\color2\4\color1\1\sex\male\model\kyle\snaps\20\rate\25000\name\Kyle
3-31-2021 3:57 (100:13): ClientUserinfoChanged: 1 n\Kyle\t\0\model\kyle\c1\1\c2\4\hc\100\w\0\l\0\skill\ 5.00\tt\0\tl\0\siegeclass\none\st\Kyle\st2\none\dt\0\sdt\0
3-31-2021 3:57 (100:21): ClientUserinfoChanged handling info: 2 \ip\96.255.10.162:29070\char_color_blue\255\char_color_green\255\char_color_red\255\saber2\back_2\saber1\back_2\cg_predictItems\1\sex\male\handicap\100\color2\4\color1\4\forcepowers\7-2-030000000000000330\model\grievous/default_nocape\snaps\20\rate\4000\name\Darth Depression\teamtask\0\teamoverlay\1
3-31-2021 3:57 (100:21): ClientNamechange: Padawan is now Darth Depression
3-31-2021 3:57 (100:21): ClientUserinfoChanged: 2 n\Darth Depression\t\0\model\grievous/default_nocape\c1\4\c2\4\hc\100\w\0\l\0\tt\0\tl\0\st\default\st2\default\dt\0
3-31-2021 3:57 (100:32): say: astupidbot: bye all
3-31-2021 3:57 (100:32): ClientDisconnect: 0
3-31-2021 3:58 (101:26): Kill: 2 1 3: Darth Depression killed Kyle by MOD_SABER
3-31-2021 3:58 (101:27): ClientUserinfoChanged handling info: 1 \team\0\skill\ 5.00\personality\botfiles/newkyle.jkb\saber2\none\saber1\kyle\color2\4\color1\1\sex\male\model\kyle\snaps\20\rate\25000\name\Kyle
3-31-2021 3:58 (101:27): ClientUserinfoChanged: 1 n\Kyle\t\0\model\kyle\c1\1\c2\4\hc\100\w\0\l\0\skill\ 5.00\tt\0\tl\0\siegeclass\none\st\Kyle\st2\none\dt\0\sdt\0
3-31-2021 3:59 (102:19): ClientDisconnect: 2
3-31-2021 3:59 (102:20): ClientConnect: 0
3-31-2021 3:59 (102:20): ClientUserinfoChanged handling info: 0 \team\0\skill\ 5.00\personality\botfiles/astupidbot.jkb\saber2\none\saber1\kyle\color2\4\color1\4\sex\male\model\jawa\snaps\20\rate\25000\name\astupidbot
3-31-2021 3:59 (102:20): ClientUserinfoChanged: 0 n\astupidbot\t\0\model\jawa\c1\4\c2\4\hc\0\w\0\l\0\skill\ 5.00\tt\0\tl\0\siegeclass\none\st\\st2\\dt\0\sdt\0
3-31-2021 3:59 (102:20): IP: localhost astupidbot
3-31-2021 3:59 (102:20): ClientUserinfoChanged handling info: 0 \team\0\skill\ 5.00\personality\botfiles/astupidbot.jkb\saber2\none\saber1\kyle\color2\4\color1\4\sex\male\model\jawa\snaps\20\rate\25000\name\astupidbot
3-31-2021 3:59 (102:20): ClientUserinfoChanged: 0 n\astupidbot\t\0\model\jawa\c1\4\c2\4\hc\100\w\0\l\0\skill\ 5.00\tt\0\tl\0\siegeclass\none\st\Kyle\st2\none\dt\0\sdt\0
3-31-2021 3:59 (102:20): ClientBegin: 0
3-31-2021 12:45 (628:06): ClientConnect: 2
3-31-2021 12:45 (628:06): ClientUserinfoChanged handling info: 2 \ip\31.134.199.128:29070\challenge\837191326\qport\2529\protocol\26\name\Padawan\rate\4000\snaps\20\model\boba_fett/default\forcepowers\7-1-030000000000000330\color1\0\color2\4\handicap\100\teamtask\0\sex\male\cg_predictItems\1\saber1\jpst2\saber2\none\char_color_red\255\char_color_green\255\char_color_blue\255\cp_pluginDisable\0\cp_sbRGB1\0\cp_sbRGB2\0\cp_login\NOT SET\cp_clanPwd\none\cp_holster\0\teamoverlay\1\cjp_client\1.4 beta3
3-31-2021 12:45 (628:06): ClientUserinfoChanged: 2 n\Padawan\t\0\model\boba_fett/default\c1\0\c2\4\hc\0\w\0\l\0\tt\0\tl\0\st\\st2\\dt\0
3-31-2021 12:45 (628:06): IP: 31.134.199.128 Padawan
3-31-2021 12:45 (628:06): say: astupidbot: Hi
3-31-2021 12:45 (628:15): ClientUserinfoChanged handling info: 2 \ip\31.134.199.128:29070\name\Padawan\rate\4000\snaps\20\model\boba_fett/default\forcepowers\7-1-030000000000000330\color1\0\color2\4\handicap\100\teamtask\0\sex\male\cg_predictItems\1\saber1\jpst2\saber2\none\char_color_red\255\char_color_green\255\char_color_blue\255\cp_pluginDisable\0\cp_sbRGB1\0\cp_sbRGB2\0\cp_login\NOT SET\cp_clanPwd\none\cp_holster\0\teamoverlay\1\cjp_client\1.4 beta3
3-31-2021 12:45 (628:15): ClientUserinfoChanged: 2 n\Padawan\t\0\model\boba_fett/default\c1\0\c2\4\hc\0\w\0\l\0\tt\0\tl\0\st\default\st2\none\dt\0
3-31-2021 12:45 (628:15): ClientUserinfoChanged handling info: 2 \saber1\default\ip\31.134.199.128:29070\name\Padawan\rate\4000\snaps\20\model\boba_fett/default\forcepowers\7-1-030000000000000330\color1\0\color2\4\handicap\100\teamtask\0\sex\male\cg_predictItems\1\saber2\none\char_color_red\255\char_color_green\255\char_color_blue\255\cp_plucp_sbRGB1\0\cp_sbRGB2\0\cp_login\NO0\cp_login\NOT SET\cp_clanPwd\none\cp_holster\0\teamoverlay\1\cjp_client\1.4 beta3
3-31-2021 12:45 (628:15): ClientUserinfoChanged: 2 n\Padawan\t\0\model\boba_fett/default\c1\0\c2\4\hc\100\w\0\l\0\tt\0\tl\0\st\default\st2\none\dt\0
3-31-2021 12:45 (628:15): ClientBegin: 2
3-31-2021 12:45 (628:17): say: astupidbot: bye all
3-31-2021 12:45 (628:17): ClientDisconnect: 0
3-31-2021 12:46 (628:50): Kill: 2 1 3: Padawan killed Kyle by MOD_SABER
3-31-2021 12:46 (628:52): ClientUserinfoChanged handling info: 1 \team\0\skill\ 5.00\personality\botfiles/newkyle.jkb\saber2\none\saber1\kyle\color2\4\color1\1\sex\male\model\kyle\snaps\20\rate\25000\name\Kyle
3-31-2021 12:46 (628:52): ClientUserinfoChanged: 1 n\Kyle\t\0\model\kyle\c1\1\c2\4\hc\100\w\0\l\0\skill\ 5.00\tt\0\tl\0\siegeclass\none\st\Kyle\st2\none\dt\0\sdt\0
3-31-2021 12:47 (629:41): ClientUserinfoChanged handling info: 2 \ip\31.134.199.128:29070\name\Padawan\rate\4000\snaps\20\model\bespin_cop/default\forcepowers\7-2-030330330000000333\color1\0\color2\4\handicap\100\teamtask\0\sex\male\cg_predictItems\1\saber1\jpst2\saber2\none\char_color_red\255\char_color_green\255\char_color_blue\255\cp_pluginDisable\0\cp_sbRGB1\0\cp_sbRGB2\0\cp_login\NOT SET\cp_clanPwd\none\cp_holster\0\teamoverlay\1\cjp_client\1.4 beta3
3-31-2021 12:47 (629:41): ClientUserinfoChanged: 2 n\Padawan\t\0\model\bespin_cop/default\c1\0\c2\4\hc\100\w\0\l\0\tt\0\tl\0\st\default\st2\none\dt\0
3-31-2021 12:47 (630:12): Kill: 2 2 39: Padawan killed Padawan by MOD_SUICIDE
3-31-2021 12:47 (630:12): setteam:  2 FREE SPECTATOR
3-31-2021 12:47 (630:12): ClientUserinfoChanged handling info: 2 \ip\31.134.199.128:29070\name\Padawan\rate\4000\snaps\20\model\bespin_cop/default\forcepowers\7-2-030330330000000333\color1\0\color2\4\handicap\100\teamtask\0\sex\male\cg_predictItems\1\saber1\jpst2\saber2\none\char_color_red\255\char_color_green\255\char_color_blue\255\cp_pluginDisable\0\cp_sbRGB1\0\cp_sbRGB2\0\cp_login\NOT SET\cp_clanPwd\none\cp_holster\0\teamoverlay\1\cjp_client\1.4 beta3
3-31-2021 12:47 (630:12): ClientUserinfoChanged: 2 n\Padawan\t\3\model\bespin_cop/default\c1\0\c2\4\hc\100\w\0\l\0\tt\0\tl\0\st\default\st2\none\dt\0
3-31-2021 12:47 (630:12): ClientUserinfoChanged handling info: 2 \saber1\default\ip\31.134.199.128:29070\name\Padawan\rate\4000\snaps\20\model\bespin_cop/default\forcepowers\7-2-030330330000000333\color1\0\color2\4\handicap\100\teamtask\0\sex\male\cg_predictItems\1\saber2\none\char_color_red\255\char_color_green\255\char_color_blue\255\cp_pluginDisable\0\cp_sbRGB1\0\cp_sbRn\N\0\cp_login\NOT SET\cp_clanPwd\none\cp_holster\0\teamoverlay\1\cjp_client\1.4 beta3
3-31-2021 12:47 (630:12): ClientUserinfoChanged: 2 n\Padawan\t\3\model\bespin_cop/default\c1\0\c2\4\hc\100\w\0\l\0\tt\0\tl\0\st\default\st2\none\dt\0
3-31-2021 12:47 (630:12): ClientBegin: 2
3-31-2021 12:47 (630:13): Kill: 1022 1 41: <world> killed Kyle by MOD_TRIGGER_HURT
3-31-2021 12:47 (630:14): ClientUserinfoChanged handling info: 1 \team\0\skill\ 5.00\personality\botfiles/newkyle.jkb\saber2\none\saber1\kyle\color2\4\color1\1\sex\male\model\kyle\snaps\20\rate\25000\name\Kyle
3-31-2021 12:47 (630:14): ClientUserinfoChanged: 1 n\Kyle\t\0\model\kyle\c1\1\c2\4\hc\100\w\0\l\0\skill\ 5.00\tt\0\tl\0\siegeclass\none\st\Kyle\st2\none\dt\0\sdt\0
3-31-2021 12:47 (630:18): setteam:  2 SPECTATOR FREE
3-31-2021 12:47 (630:18): ClientUserinfoChanged handling info: 2 \saber1\default\ip\31.134.199.128:29070\name\Padawan\rate\4000\snaps\20\model\bespin_cop/default\forcepowers\7-2-030330330000000333\color1\0\color2\4\handicap\100\teamtask\0\sex\male\cg_predictItems\1\saber2\none\char_color_red\255\char_color_green\255\char_color_blue\255\cp_pluginDisable\0\cp_sbRGB1\0\cp_sbRn\N\0\cp_login\NOT SET\cp_clanPwd\none\cp_holster\0\teamoverlay\1\cjp_client\1.4 beta3
3-31-2021 12:47 (630:18): ClientUserinfoChanged: 2 n\Padawan\t\0\model\bespin_cop/default\c1\0\c2\4\hc\100\w\0\l\0\tt\0\tl\0\st\default\st2\none\dt\0
3-31-2021 12:47 (630:18): ClientBegin: 2
3-31-2021 12:47 (630:21): Kill: 1022 1 41: <world> killed Kyle by MOD_TRIGGER_HURT
3-31-2021 12:47 (630:22): ClientUserinfoChanged handling info: 1 \team\0\skill\ 5.00\personality\botfiles/newkyle.jkb\saber2\none\saber1\kyle\color2\4\color1\1\sex\male\model\kyle\snaps\20\rate\25000\name\Kyle
3-31-2021 12:47 (630:22): ClientUserinfoChanged: 1 n\Kyle\t\0\model\kyle\c1\1\c2\4\hc\100\w\0\l\0\skill\ 5.00\tt\0\tl\0\siegeclass\none\st\Kyle\st2\none\dt\0\sdt\0
3-31-2021 12:47 (630:28): sayclose: Padawan: /info
3-31-2021 12:47 (630:32): sayclose: Padawan: /info
3-31-2021 12:48 (631:01): Kill: 2 1 3: Padawan killed Kyle by MOD_SABER
3-31-2021 12:48 (631:03): ClientUserinfoChanged handling info: 1 \team\0\skill\ 5.00\personality\botfiles/newkyle.jkb\saber2\none\saber1\kyle\color2\4\color1\1\sex\male\model\kyle\snaps\20\rate\25000\name\Kyle
3-31-2021 12:48 (631:03): ClientUserinfoChanged: 1 n\Kyle\t\0\model\kyle\c1\1\c2\4\hc\100\w\0\l\0\skill\ 5.00\tt\0\tl\0\siegeclass\none\st\Kyle\st2\none\dt\0\sdt\0
3-31-2021 12:48 (631:03): say: Kyle: Good Fight
3-31-2021 12:50 (633:06): Kill: 2 1 3: Padawan killed Kyle by MOD_SABER
3-31-2021 12:50 (633:06): duel: Padawan won a duel against Kyle
3-31-2021 12:50 (633:08): ClientUserinfoChanged handling info: 1 \team\0\skill\ 5.00\personality\botfiles/newkyle.jkb\saber2\none\saber1\kyle\color2\4\color1\1\sex\male\model\kyle\snaps\20\rate\25000\name\Kyle
3-31-2021 12:50 (633:08): ClientUserinfoChanged: 1 n\Kyle\t\0\model\kyle\c1\1\c2\4\hc\100\w\0\l\0\skill\ 5.00\tt\0\tl\0\siegeclass\none\st\Kyle\st2\none\dt\0\sdt\0
3-31-2021 12:50 (633:08): say: Kyle: Good Fight
3-31-2021 12:51 (634:24): Kill: 2 1 41: Padawan killed Kyle by MOD_TRIGGER_HURT
3-31-2021 12:51 (634:25): ClientUserinfoChanged handling info: 1 \team\0\skill\ 5.00\personality\botfiles/newkyle.jkb\saber2\none\saber1\kyle\color2\4\color1\1\sex\male\model\kyle\snaps\20\rate\25000\name\Kyle
3-31-2021 12:51 (634:25): ClientUserinfoChanged: 1 n\Kyle\t\0\model\kyle\c1\1\c2\4\hc\100\w\0\l\0\skill\ 5.00\tt\0\tl\0\siegeclass\none\st\Kyle\st2\none\dt\0\sdt\0
3-31-2021 12:51 (634:29): ClientDisconnect: 2
3-31-2021 12:52 (634:40): ClientConnect: 0
3-31-2021 12:52 (634:40): ClientUserinfoChanged handling info: 0 \team\0\skill\ 5.00\personality\botfiles/astupidbot.jkb\saber2\none\saber1\kyle\color2\4\color1\4\sex\male\model\jawa\snaps\20\rate\25000\name\astupidbot
3-31-2021 12:52 (634:40): ClientUserinfoChanged: 0 n\astupidbot\t\0\model\jawa\c1\4\c2\4\hc\0\w\0\l\0\skill\ 5.00\tt\0\tl\0\siegeclass\none\st\\st2\\dt\0\sdt\0
3-31-2021 12:52 (634:40): IP: localhost astupidbot
3-31-2021 12:52 (634:40): ClientUserinfoChanged handling info: 0 \team\0\skill\ 5.00\personality\botfiles/astupidbot.jkb\saber2\none\saber1\kyle\color2\4\color1\4\sex\male\model\jawa\snaps\20\rate\25000\name\astupidbot
3-31-2021 12:52 (634:40): ClientUserinfoChanged: 0 n\astupidbot\t\0\model\jawa\c1\4\c2\4\hc\100\w\0\l\0\skill\ 5.00\tt\0\tl\0\siegeclass\none\st\Kyle\st2\none\dt\0\sdt\0
3-31-2021 12:52 (634:40): ClientBegin: 0
3-32-2021 15:56 (2257:23): ClientConnect: 2
3-32-2021 15:56 (2257:23): ClientUserinfoChanged handling info: 2 \ip\71.100.86.226:29070\challenge\711116226\qport\53942\protocol\26\name\skyler\rate\4000\snaps\20\model\snowtrooper/default\forcepowers\7-2-010000000000000310\color1\0\color2\0\handicap\100\sex\male\cg_predictItems\1\saber1\dual_1\saber2\none\char_color_red\255\char_color_green\255\char_color_blue\255\teamtask\0\teamoverlay\1
3-32-2021 15:56 (2257:23): ClientUserinfoChanged: 2 n\skyler\t\0\model\snowtrooper/default\c1\0\c2\0\hc\0\w\0\l\0\tt\0\tl\0\st\\st2\\dt\0
3-32-2021 15:56 (2257:23): IP: 71.100.86.226 skyler
3-32-2021 15:56 (2257:23): say: astupidbot: Hello
3-32-2021 15:56 (2257:38): ClientUserinfoChanged handling info: 2 \ip\71.100.86.226:29070\name\skyler\rate\4000\snaps\20\model\jedi_tf/head_a2|torso_a1|lower_a1\forcepowers\6-2-010300033000000303\color1\5\color2\0\handicap\100\sex\male\cg_predictItems\1\saber1\single_1\saber2\single_1\char_color_red\255\char_color_green\200\char_color_blue\212\teamtask\0\teamoverlay\1
3-32-2021 15:56 (2257:38): ClientUserinfoChanged: 2 n\skyler\t\0\model\jedi_tf/head_a2|torso_a1|lower_a1\c1\5\c2\0\hc\0\w\0\l\0\tt\0\tl\0\st\single_1\st2\single_1\dt\0
3-32-2021 15:56 (2257:38): ClientUserinfoChanged handling info: 2 \ip\71.100.86.226:29070\name\skyler\rate\4000\snaps\20\model\jedi_tf/head_a2|torso_a1|lower_a1\forcepowers\6-2-010300033000000303\color1\5\color2\0\handicap\100\sex\male\cg_predictItems\1\saber1\single_1\saber2\single_1\char_color_red\255\char_color_green\200\char_color_blue\212\teamtask\0\teamoverlay\1
3-32-2021 15:56 (2257:38): ClientUserinfoChanged: 2 n\skyler\t\0\model\jedi_tf/head_a2|torso_a1|lower_a1\c1\5\c2\0\hc\100\w\0\l\0\tt\0\tl\0\st\single_1\st2\single_1\dt\0
3-32-2021 15:56 (2257:38): ClientBegin: 2
3-32-2021 15:56 (2257:43): say: astupidbot: cya
3-32-2021 15:56 (2257:43): ClientDisconnect: 0
3-32-2021 15:56 (2257:44): say: Kyle: bye
3-32-2021 15:56 (2257:53): Kill: 1022 1 41: <world> killed Kyle by MOD_TRIGGER_HURT
3-32-2021 15:56 (2257:55): ClientUserinfoChanged handling info: 1 \team\0\skill\ 5.00\personality\botfiles/newkyle.jkb\saber2\none\saber1\kyle\color2\4\color1\1\sex\male\model\kyle\snaps\20\rate\25000\name\Kyle
3-32-2021 15:56 (2257:55): ClientUserinfoChanged: 1 n\Kyle\t\0\model\kyle\c1\1\c2\4\hc\100\w\0\l\0\skill\ 5.00\tt\0\tl\0\siegeclass\none\st\Kyle\st2\none\dt\0\sdt\0
3-32-2021 15:56 (2257:55): say: Kyle: dang
3-32-2021 15:56 (2258:04): Kill: 1022 1 41: <world> killed Kyle by MOD_TRIGGER_HURT
3-32-2021 15:56 (2258:06): ClientUserinfoChanged handling info: 1 \team\0\skill\ 5.00\personality\botfiles/newkyle.jkb\saber2\none\saber1\kyle\color2\4\color1\1\sex\male\model\kyle\snaps\20\rate\25000\name\Kyle
3-32-2021 15:56 (2258:06): ClientUserinfoChanged: 1 n\Kyle\t\0\model\kyle\c1\1\c2\4\hc\100\w\0\l\0\skill\ 5.00\tt\0\tl\0\siegeclass\none\st\Kyle\st2\none\dt\0\sdt\0
3-32-2021 15:56 (2258:06): say: Kyle: dang
3-32-2021 15:57 (2258:25): ClientDisconnect: 2
3-32-2021 15:57 (2258:43): ClientConnect: 0
3-32-2021 15:57 (2258:43): ClientUserinfoChanged handling info: 0 \team\0\skill\ 5.00\personality\botfiles/astupidbot.jkb\saber2\none\saber1\kyle\color2\4\color1\4\sex\male\model\jawa\snaps\20\rate\25000\name\astupidbot
3-32-2021 15:57 (2258:43): ClientUserinfoChanged: 0 n\astupidbot\t\0\model\jawa\c1\4\c2\4\hc\0\w\0\l\0\skill\ 5.00\tt\0\tl\0\siegeclass\none\st\\st2\\dt\0\sdt\0
3-32-2021 15:57 (2258:43): IP: localhost astupidbot
3-32-2021 15:57 (2258:43): ClientUserinfoChanged handling info: 0 \team\0\skill\ 5.00\personality\botfiles/astupidbot.jkb\saber2\none\saber1\kyle\color2\4\color1\4\sex\male\model\jawa\snaps\20\rate\25000\name\astupidbot
3-32-2021 15:57 (2258:43): ClientUserinfoChanged: 0 n\astupidbot\t\0\model\jawa\c1\4\c2\4\hc\100\w\0\l\0\skill\ 5.00\tt\0\tl\0\siegeclass\none\st\Kyle\st2\none\dt\0\sdt\0
3-32-2021 15:57 (2258:43): ClientBegin: 0
3-32-2021 17:26 (2347:58): ShutdownGame:
3-32-2021 17:26 (2347:58): ------------------------------------------------------------
